[2025-02-18T11:26:14.862+0000] {local_task_job_runner.py:123} INFO - ::group::Pre task execution logs
[2025-02-18T11:26:14.881+0000] {taskinstance.py:2614} INFO - Dependencies all met for dep_context=non-requeueable deps ti=<TaskInstance: google_news_scraper.save_article_data manual__2025-02-18T11:20:36.681685+00:00 [queued]>
[2025-02-18T11:26:14.890+0000] {taskinstance.py:2614} INFO - Dependencies all met for dep_context=requeueable deps ti=<TaskInstance: google_news_scraper.save_article_data manual__2025-02-18T11:20:36.681685+00:00 [queued]>
[2025-02-18T11:26:14.892+0000] {taskinstance.py:2867} INFO - Starting attempt 2 of 3
[2025-02-18T11:26:14.906+0000] {taskinstance.py:2890} INFO - Executing <Task(PythonOperator): save_article_data> on 2025-02-18 11:20:36.681685+00:00
[2025-02-18T11:26:14.916+0000] {warnings.py:112} WARNING - /home/***/.local/lib/python3.12/site-packages/***/task/task_runner/standard_task_runner.py:70: DeprecationWarning: This process (pid=2563) is multi-threaded, use of fork() may lead to deadlocks in the child.
  pid = os.fork()

[2025-02-18T11:26:14.918+0000] {standard_task_runner.py:72} INFO - Started process 2577 to run task
[2025-02-18T11:26:14.920+0000] {standard_task_runner.py:104} INFO - Running: ['***', 'tasks', 'run', 'google_news_scraper', 'save_article_data', 'manual__2025-02-18T11:20:36.681685+00:00', '--job-id', '92', '--raw', '--subdir', 'DAGS_FOLDER/dag2.py', '--cfg-path', '/tmp/tmprchcp5_m']
[2025-02-18T11:26:14.921+0000] {standard_task_runner.py:105} INFO - Job 92: Subtask save_article_data
[2025-02-18T11:26:14.973+0000] {task_command.py:467} INFO - Running <TaskInstance: google_news_scraper.save_article_data manual__2025-02-18T11:20:36.681685+00:00 [running]> on host 9546a27fb76d
[2025-02-18T11:26:15.057+0000] {taskinstance.py:3134} INFO - Exporting env vars: AIRFLOW_CTX_DAG_OWNER='***' AIRFLOW_CTX_DAG_ID='google_news_scraper' AIRFLOW_CTX_TASK_ID='save_article_data' AIRFLOW_CTX_EXECUTION_DATE='2025-02-18T11:20:36.681685+00:00' AIRFLOW_CTX_TRY_NUMBER='2' AIRFLOW_CTX_DAG_RUN_ID='manual__2025-02-18T11:20:36.681685+00:00'
[2025-02-18T11:26:15.059+0000] {logging_mixin.py:190} INFO - Task instance is in running state
[2025-02-18T11:26:15.060+0000] {logging_mixin.py:190} INFO -  Previous state of the Task instance: queued
[2025-02-18T11:26:15.061+0000] {logging_mixin.py:190} INFO - Current task name:save_article_data state:running start_date:2025-02-18 11:26:14.882965+00:00
[2025-02-18T11:26:15.062+0000] {logging_mixin.py:190} INFO - Dag name:google_news_scraper and current dag run status:running
[2025-02-18T11:26:15.063+0000] {taskinstance.py:732} INFO - ::endgroup::
[2025-02-18T11:26:15.084+0000] {python.py:240} INFO - Done. Returned value was: None
[2025-02-18T11:26:15.094+0000] {taskinstance.py:341} INFO - ::group::Post task execution logs
[2025-02-18T11:26:15.095+0000] {taskinstance.py:353} INFO - Marking task as SUCCESS. dag_id=google_news_scraper, task_id=save_article_data, run_id=manual__2025-02-18T11:20:36.681685+00:00, execution_date=20250218T112036, start_date=20250218T112614, end_date=20250218T112615
[2025-02-18T11:26:15.120+0000] {logging_mixin.py:190} INFO - Task instance in success state
[2025-02-18T11:26:15.121+0000] {logging_mixin.py:190} INFO -  Previous state of the Task instance: running
[2025-02-18T11:26:15.122+0000] {logging_mixin.py:190} INFO - Dag name:google_news_scraper queued_at:2025-02-18 11:20:36.694914+00:00
[2025-02-18T11:26:15.122+0000] {logging_mixin.py:190} INFO - Task hostname:9546a27fb76d operator:PythonOperator
[2025-02-18T11:26:15.138+0000] {local_task_job_runner.py:266} INFO - Task exited with return code 0
[2025-02-18T11:26:15.153+0000] {taskinstance.py:3901} INFO - 0 downstream tasks scheduled from follow-on schedule check
[2025-02-18T11:26:15.156+0000] {local_task_job_runner.py:245} INFO - ::endgroup::
