[2025-02-17T05:54:36.954+0000] {processor.py:186} INFO - Started process (PID=105) to work on /home/airflow/.local/lib/python3.12/site-packages/airflow/example_dags/example_latest_only_with_trigger.py
[2025-02-17T05:54:36.955+0000] {processor.py:914} INFO - Processing file /home/airflow/.local/lib/python3.12/site-packages/airflow/example_dags/example_latest_only_with_trigger.py for tasks to queue
[2025-02-17T05:54:36.958+0000] {logging_mixin.py:190} INFO - [2025-02-17T05:54:36.958+0000] {dagbag.py:588} INFO - Filling up the DagBag from /home/airflow/.local/lib/python3.12/site-packages/airflow/example_dags/example_latest_only_with_trigger.py
[2025-02-17T05:54:36.968+0000] {processor.py:925} INFO - DAG(s) 'latest_only_with_trigger' retrieved from /home/airflow/.local/lib/python3.12/site-packages/airflow/example_dags/example_latest_only_with_trigger.py
[2025-02-17T05:54:36.994+0000] {logging_mixin.py:190} INFO - [2025-02-17T05:54:36.993+0000] {dag.py:3239} INFO - Sync 1 DAGs
[2025-02-17T05:54:37.025+0000] {logging_mixin.py:190} INFO - [2025-02-17T05:54:37.025+0000] {dag.py:4180} INFO - Setting next_dagrun for latest_only_with_trigger to 2025-02-17 00:00:00+00:00, run_after=2025-02-17 04:00:00+00:00
[2025-02-17T05:54:37.056+0000] {processor.py:208} INFO - Processing /home/airflow/.local/lib/python3.12/site-packages/airflow/example_dags/example_latest_only_with_trigger.py took 0.109 seconds
[2025-02-17T05:55:07.902+0000] {processor.py:186} INFO - Started process (PID=182) to work on /home/airflow/.local/lib/python3.12/site-packages/airflow/example_dags/example_latest_only_with_trigger.py
[2025-02-17T05:55:07.904+0000] {processor.py:914} INFO - Processing file /home/airflow/.local/lib/python3.12/site-packages/airflow/example_dags/example_latest_only_with_trigger.py for tasks to queue
[2025-02-17T05:55:07.908+0000] {logging_mixin.py:190} INFO - [2025-02-17T05:55:07.907+0000] {dagbag.py:588} INFO - Filling up the DagBag from /home/airflow/.local/lib/python3.12/site-packages/airflow/example_dags/example_latest_only_with_trigger.py
[2025-02-17T05:55:07.917+0000] {processor.py:925} INFO - DAG(s) 'latest_only_with_trigger' retrieved from /home/airflow/.local/lib/python3.12/site-packages/airflow/example_dags/example_latest_only_with_trigger.py
[2025-02-17T05:55:07.940+0000] {logging_mixin.py:190} INFO - [2025-02-17T05:55:07.939+0000] {dag.py:3239} INFO - Sync 1 DAGs
[2025-02-17T05:55:07.966+0000] {logging_mixin.py:190} INFO - [2025-02-17T05:55:07.966+0000] {dag.py:4180} INFO - Setting next_dagrun for latest_only_with_trigger to 2025-02-17 00:00:00+00:00, run_after=2025-02-17 04:00:00+00:00
[2025-02-17T05:55:08.018+0000] {processor.py:208} INFO - Processing /home/airflow/.local/lib/python3.12/site-packages/airflow/example_dags/example_latest_only_with_trigger.py took 0.123 seconds
[2025-02-17T05:55:38.081+0000] {processor.py:186} INFO - Started process (PID=259) to work on /home/airflow/.local/lib/python3.12/site-packages/airflow/example_dags/example_latest_only_with_trigger.py
[2025-02-17T05:55:38.082+0000] {processor.py:914} INFO - Processing file /home/airflow/.local/lib/python3.12/site-packages/airflow/example_dags/example_latest_only_with_trigger.py for tasks to queue
[2025-02-17T05:55:38.085+0000] {logging_mixin.py:190} INFO - [2025-02-17T05:55:38.084+0000] {dagbag.py:588} INFO - Filling up the DagBag from /home/airflow/.local/lib/python3.12/site-packages/airflow/example_dags/example_latest_only_with_trigger.py
[2025-02-17T05:55:38.095+0000] {processor.py:925} INFO - DAG(s) 'latest_only_with_trigger' retrieved from /home/airflow/.local/lib/python3.12/site-packages/airflow/example_dags/example_latest_only_with_trigger.py
[2025-02-17T05:55:38.119+0000] {logging_mixin.py:190} INFO - [2025-02-17T05:55:38.119+0000] {dag.py:3239} INFO - Sync 1 DAGs
[2025-02-17T05:55:38.146+0000] {logging_mixin.py:190} INFO - [2025-02-17T05:55:38.146+0000] {dag.py:4180} INFO - Setting next_dagrun for latest_only_with_trigger to 2025-02-17 00:00:00+00:00, run_after=2025-02-17 04:00:00+00:00
[2025-02-17T05:55:38.197+0000] {processor.py:208} INFO - Processing /home/airflow/.local/lib/python3.12/site-packages/airflow/example_dags/example_latest_only_with_trigger.py took 0.124 seconds
[2025-02-17T05:56:09.335+0000] {processor.py:186} INFO - Started process (PID=338) to work on /home/airflow/.local/lib/python3.12/site-packages/airflow/example_dags/example_latest_only_with_trigger.py
[2025-02-17T05:56:09.337+0000] {processor.py:914} INFO - Processing file /home/airflow/.local/lib/python3.12/site-packages/airflow/example_dags/example_latest_only_with_trigger.py for tasks to queue
[2025-02-17T05:56:09.342+0000] {logging_mixin.py:190} INFO - [2025-02-17T05:56:09.341+0000] {dagbag.py:588} INFO - Filling up the DagBag from /home/airflow/.local/lib/python3.12/site-packages/airflow/example_dags/example_latest_only_with_trigger.py
[2025-02-17T05:56:09.351+0000] {processor.py:925} INFO - DAG(s) 'latest_only_with_trigger' retrieved from /home/airflow/.local/lib/python3.12/site-packages/airflow/example_dags/example_latest_only_with_trigger.py
[2025-02-17T05:56:09.383+0000] {logging_mixin.py:190} INFO - [2025-02-17T05:56:09.382+0000] {dag.py:3239} INFO - Sync 1 DAGs
[2025-02-17T05:56:09.423+0000] {logging_mixin.py:190} INFO - [2025-02-17T05:56:09.422+0000] {dag.py:4180} INFO - Setting next_dagrun for latest_only_with_trigger to 2025-02-17 00:00:00+00:00, run_after=2025-02-17 04:00:00+00:00
[2025-02-17T05:56:09.456+0000] {processor.py:208} INFO - Processing /home/airflow/.local/lib/python3.12/site-packages/airflow/example_dags/example_latest_only_with_trigger.py took 0.128 seconds
[2025-02-17T05:56:40.628+0000] {processor.py:186} INFO - Started process (PID=416) to work on /home/airflow/.local/lib/python3.12/site-packages/airflow/example_dags/example_latest_only_with_trigger.py
[2025-02-17T05:56:40.629+0000] {processor.py:914} INFO - Processing file /home/airflow/.local/lib/python3.12/site-packages/airflow/example_dags/example_latest_only_with_trigger.py for tasks to queue
[2025-02-17T05:56:40.634+0000] {logging_mixin.py:190} INFO - [2025-02-17T05:56:40.633+0000] {dagbag.py:588} INFO - Filling up the DagBag from /home/airflow/.local/lib/python3.12/site-packages/airflow/example_dags/example_latest_only_with_trigger.py
[2025-02-17T05:56:40.645+0000] {processor.py:925} INFO - DAG(s) 'latest_only_with_trigger' retrieved from /home/airflow/.local/lib/python3.12/site-packages/airflow/example_dags/example_latest_only_with_trigger.py
[2025-02-17T05:56:40.677+0000] {logging_mixin.py:190} INFO - [2025-02-17T05:56:40.676+0000] {dag.py:3239} INFO - Sync 1 DAGs
[2025-02-17T05:56:40.709+0000] {logging_mixin.py:190} INFO - [2025-02-17T05:56:40.709+0000] {dag.py:4180} INFO - Setting next_dagrun for latest_only_with_trigger to 2025-02-17 00:00:00+00:00, run_after=2025-02-17 04:00:00+00:00
[2025-02-17T05:56:40.736+0000] {processor.py:208} INFO - Processing /home/airflow/.local/lib/python3.12/site-packages/airflow/example_dags/example_latest_only_with_trigger.py took 0.115 seconds
[2025-02-17T05:57:11.721+0000] {processor.py:186} INFO - Started process (PID=492) to work on /home/airflow/.local/lib/python3.12/site-packages/airflow/example_dags/example_latest_only_with_trigger.py
[2025-02-17T05:57:11.723+0000] {processor.py:914} INFO - Processing file /home/airflow/.local/lib/python3.12/site-packages/airflow/example_dags/example_latest_only_with_trigger.py for tasks to queue
[2025-02-17T05:57:11.727+0000] {logging_mixin.py:190} INFO - [2025-02-17T05:57:11.726+0000] {dagbag.py:588} INFO - Filling up the DagBag from /home/airflow/.local/lib/python3.12/site-packages/airflow/example_dags/example_latest_only_with_trigger.py
[2025-02-17T05:57:11.739+0000] {processor.py:925} INFO - DAG(s) 'latest_only_with_trigger' retrieved from /home/airflow/.local/lib/python3.12/site-packages/airflow/example_dags/example_latest_only_with_trigger.py
[2025-02-17T05:57:11.766+0000] {logging_mixin.py:190} INFO - [2025-02-17T05:57:11.765+0000] {dag.py:3239} INFO - Sync 1 DAGs
[2025-02-17T05:57:11.794+0000] {logging_mixin.py:190} INFO - [2025-02-17T05:57:11.794+0000] {dag.py:4180} INFO - Setting next_dagrun for latest_only_with_trigger to 2025-02-17 00:00:00+00:00, run_after=2025-02-17 04:00:00+00:00
[2025-02-17T05:57:11.821+0000] {processor.py:208} INFO - Processing /home/airflow/.local/lib/python3.12/site-packages/airflow/example_dags/example_latest_only_with_trigger.py took 0.108 seconds
[2025-02-17T05:57:41.970+0000] {processor.py:186} INFO - Started process (PID=558) to work on /home/airflow/.local/lib/python3.12/site-packages/airflow/example_dags/example_latest_only_with_trigger.py
[2025-02-17T05:57:41.971+0000] {processor.py:914} INFO - Processing file /home/airflow/.local/lib/python3.12/site-packages/airflow/example_dags/example_latest_only_with_trigger.py for tasks to queue
[2025-02-17T05:57:41.974+0000] {logging_mixin.py:190} INFO - [2025-02-17T05:57:41.974+0000] {dagbag.py:588} INFO - Filling up the DagBag from /home/airflow/.local/lib/python3.12/site-packages/airflow/example_dags/example_latest_only_with_trigger.py
[2025-02-17T05:57:41.983+0000] {processor.py:925} INFO - DAG(s) 'latest_only_with_trigger' retrieved from /home/airflow/.local/lib/python3.12/site-packages/airflow/example_dags/example_latest_only_with_trigger.py
[2025-02-17T05:57:42.006+0000] {logging_mixin.py:190} INFO - [2025-02-17T05:57:42.006+0000] {dag.py:3239} INFO - Sync 1 DAGs
[2025-02-17T05:57:42.026+0000] {logging_mixin.py:190} INFO - [2025-02-17T05:57:42.026+0000] {dag.py:4180} INFO - Setting next_dagrun for latest_only_with_trigger to 2025-02-17 00:00:00+00:00, run_after=2025-02-17 04:00:00+00:00
[2025-02-17T05:57:42.044+0000] {processor.py:208} INFO - Processing /home/airflow/.local/lib/python3.12/site-packages/airflow/example_dags/example_latest_only_with_trigger.py took 0.081 seconds
[2025-02-17T05:58:12.577+0000] {processor.py:186} INFO - Started process (PID=636) to work on /home/airflow/.local/lib/python3.12/site-packages/airflow/example_dags/example_latest_only_with_trigger.py
[2025-02-17T05:58:12.578+0000] {processor.py:914} INFO - Processing file /home/airflow/.local/lib/python3.12/site-packages/airflow/example_dags/example_latest_only_with_trigger.py for tasks to queue
[2025-02-17T05:58:12.582+0000] {logging_mixin.py:190} INFO - [2025-02-17T05:58:12.582+0000] {dagbag.py:588} INFO - Filling up the DagBag from /home/airflow/.local/lib/python3.12/site-packages/airflow/example_dags/example_latest_only_with_trigger.py
[2025-02-17T05:58:12.594+0000] {processor.py:925} INFO - DAG(s) 'latest_only_with_trigger' retrieved from /home/airflow/.local/lib/python3.12/site-packages/airflow/example_dags/example_latest_only_with_trigger.py
[2025-02-17T05:58:12.620+0000] {logging_mixin.py:190} INFO - [2025-02-17T05:58:12.619+0000] {dag.py:3239} INFO - Sync 1 DAGs
[2025-02-17T05:58:12.650+0000] {logging_mixin.py:190} INFO - [2025-02-17T05:58:12.649+0000] {dag.py:4180} INFO - Setting next_dagrun for latest_only_with_trigger to 2025-02-17 00:00:00+00:00, run_after=2025-02-17 04:00:00+00:00
[2025-02-17T05:58:12.668+0000] {processor.py:208} INFO - Processing /home/airflow/.local/lib/python3.12/site-packages/airflow/example_dags/example_latest_only_with_trigger.py took 0.099 seconds
[2025-02-17T05:58:43.528+0000] {processor.py:186} INFO - Started process (PID=720) to work on /home/airflow/.local/lib/python3.12/site-packages/airflow/example_dags/example_latest_only_with_trigger.py
[2025-02-17T05:58:43.530+0000] {processor.py:914} INFO - Processing file /home/airflow/.local/lib/python3.12/site-packages/airflow/example_dags/example_latest_only_with_trigger.py for tasks to queue
[2025-02-17T05:58:43.532+0000] {logging_mixin.py:190} INFO - [2025-02-17T05:58:43.532+0000] {dagbag.py:588} INFO - Filling up the DagBag from /home/airflow/.local/lib/python3.12/site-packages/airflow/example_dags/example_latest_only_with_trigger.py
[2025-02-17T05:58:43.540+0000] {processor.py:925} INFO - DAG(s) 'latest_only_with_trigger' retrieved from /home/airflow/.local/lib/python3.12/site-packages/airflow/example_dags/example_latest_only_with_trigger.py
[2025-02-17T05:58:43.565+0000] {logging_mixin.py:190} INFO - [2025-02-17T05:58:43.565+0000] {dag.py:3239} INFO - Sync 1 DAGs
[2025-02-17T05:58:43.598+0000] {logging_mixin.py:190} INFO - [2025-02-17T05:58:43.597+0000] {dag.py:4180} INFO - Setting next_dagrun for latest_only_with_trigger to 2025-02-17 00:00:00+00:00, run_after=2025-02-17 04:00:00+00:00
[2025-02-17T05:58:43.627+0000] {processor.py:208} INFO - Processing /home/airflow/.local/lib/python3.12/site-packages/airflow/example_dags/example_latest_only_with_trigger.py took 0.104 seconds
[2025-02-17T05:59:13.912+0000] {processor.py:186} INFO - Started process (PID=798) to work on /home/airflow/.local/lib/python3.12/site-packages/airflow/example_dags/example_latest_only_with_trigger.py
[2025-02-17T05:59:13.914+0000] {processor.py:914} INFO - Processing file /home/airflow/.local/lib/python3.12/site-packages/airflow/example_dags/example_latest_only_with_trigger.py for tasks to queue
[2025-02-17T05:59:13.916+0000] {logging_mixin.py:190} INFO - [2025-02-17T05:59:13.916+0000] {dagbag.py:588} INFO - Filling up the DagBag from /home/airflow/.local/lib/python3.12/site-packages/airflow/example_dags/example_latest_only_with_trigger.py
[2025-02-17T05:59:13.924+0000] {processor.py:925} INFO - DAG(s) 'latest_only_with_trigger' retrieved from /home/airflow/.local/lib/python3.12/site-packages/airflow/example_dags/example_latest_only_with_trigger.py
[2025-02-17T05:59:13.945+0000] {logging_mixin.py:190} INFO - [2025-02-17T05:59:13.945+0000] {dag.py:3239} INFO - Sync 1 DAGs
[2025-02-17T05:59:13.965+0000] {logging_mixin.py:190} INFO - [2025-02-17T05:59:13.965+0000] {dag.py:4180} INFO - Setting next_dagrun for latest_only_with_trigger to 2025-02-17 00:00:00+00:00, run_after=2025-02-17 04:00:00+00:00
[2025-02-17T05:59:13.984+0000] {processor.py:208} INFO - Processing /home/airflow/.local/lib/python3.12/site-packages/airflow/example_dags/example_latest_only_with_trigger.py took 0.077 seconds
[2025-02-17T05:59:44.159+0000] {processor.py:186} INFO - Started process (PID=875) to work on /home/airflow/.local/lib/python3.12/site-packages/airflow/example_dags/example_latest_only_with_trigger.py
[2025-02-17T05:59:44.161+0000] {processor.py:914} INFO - Processing file /home/airflow/.local/lib/python3.12/site-packages/airflow/example_dags/example_latest_only_with_trigger.py for tasks to queue
[2025-02-17T05:59:44.163+0000] {logging_mixin.py:190} INFO - [2025-02-17T05:59:44.163+0000] {dagbag.py:588} INFO - Filling up the DagBag from /home/airflow/.local/lib/python3.12/site-packages/airflow/example_dags/example_latest_only_with_trigger.py
[2025-02-17T05:59:44.170+0000] {processor.py:925} INFO - DAG(s) 'latest_only_with_trigger' retrieved from /home/airflow/.local/lib/python3.12/site-packages/airflow/example_dags/example_latest_only_with_trigger.py
[2025-02-17T05:59:44.197+0000] {logging_mixin.py:190} INFO - [2025-02-17T05:59:44.197+0000] {dag.py:3239} INFO - Sync 1 DAGs
[2025-02-17T05:59:44.219+0000] {logging_mixin.py:190} INFO - [2025-02-17T05:59:44.219+0000] {dag.py:4180} INFO - Setting next_dagrun for latest_only_with_trigger to 2025-02-17 00:00:00+00:00, run_after=2025-02-17 04:00:00+00:00
[2025-02-17T05:59:44.237+0000] {processor.py:208} INFO - Processing /home/airflow/.local/lib/python3.12/site-packages/airflow/example_dags/example_latest_only_with_trigger.py took 0.085 seconds
[2025-02-17T06:00:15.114+0000] {processor.py:186} INFO - Started process (PID=953) to work on /home/airflow/.local/lib/python3.12/site-packages/airflow/example_dags/example_latest_only_with_trigger.py
[2025-02-17T06:00:15.116+0000] {processor.py:914} INFO - Processing file /home/airflow/.local/lib/python3.12/site-packages/airflow/example_dags/example_latest_only_with_trigger.py for tasks to queue
[2025-02-17T06:00:15.119+0000] {logging_mixin.py:190} INFO - [2025-02-17T06:00:15.118+0000] {dagbag.py:588} INFO - Filling up the DagBag from /home/airflow/.local/lib/python3.12/site-packages/airflow/example_dags/example_latest_only_with_trigger.py
[2025-02-17T06:00:15.129+0000] {processor.py:925} INFO - DAG(s) 'latest_only_with_trigger' retrieved from /home/airflow/.local/lib/python3.12/site-packages/airflow/example_dags/example_latest_only_with_trigger.py
[2025-02-17T06:00:15.155+0000] {logging_mixin.py:190} INFO - [2025-02-17T06:00:15.155+0000] {dag.py:3239} INFO - Sync 1 DAGs
[2025-02-17T06:00:15.184+0000] {logging_mixin.py:190} INFO - [2025-02-17T06:00:15.184+0000] {dag.py:4180} INFO - Setting next_dagrun for latest_only_with_trigger to 2025-02-17 00:00:00+00:00, run_after=2025-02-17 04:00:00+00:00
[2025-02-17T06:00:15.206+0000] {processor.py:208} INFO - Processing /home/airflow/.local/lib/python3.12/site-packages/airflow/example_dags/example_latest_only_with_trigger.py took 0.099 seconds
[2025-02-17T06:00:46.021+0000] {processor.py:186} INFO - Started process (PID=1031) to work on /home/airflow/.local/lib/python3.12/site-packages/airflow/example_dags/example_latest_only_with_trigger.py
[2025-02-17T06:00:46.023+0000] {processor.py:914} INFO - Processing file /home/airflow/.local/lib/python3.12/site-packages/airflow/example_dags/example_latest_only_with_trigger.py for tasks to queue
[2025-02-17T06:00:46.026+0000] {logging_mixin.py:190} INFO - [2025-02-17T06:00:46.026+0000] {dagbag.py:588} INFO - Filling up the DagBag from /home/airflow/.local/lib/python3.12/site-packages/airflow/example_dags/example_latest_only_with_trigger.py
[2025-02-17T06:00:46.040+0000] {processor.py:925} INFO - DAG(s) 'latest_only_with_trigger' retrieved from /home/airflow/.local/lib/python3.12/site-packages/airflow/example_dags/example_latest_only_with_trigger.py
[2025-02-17T06:00:46.087+0000] {logging_mixin.py:190} INFO - [2025-02-17T06:00:46.087+0000] {dag.py:3239} INFO - Sync 1 DAGs
[2025-02-17T06:00:46.120+0000] {logging_mixin.py:190} INFO - [2025-02-17T06:00:46.120+0000] {dag.py:4180} INFO - Setting next_dagrun for latest_only_with_trigger to 2025-02-17 00:00:00+00:00, run_after=2025-02-17 04:00:00+00:00
[2025-02-17T06:00:46.165+0000] {processor.py:208} INFO - Processing /home/airflow/.local/lib/python3.12/site-packages/airflow/example_dags/example_latest_only_with_trigger.py took 0.152 seconds
[2025-02-17T06:01:16.518+0000] {processor.py:186} INFO - Started process (PID=1109) to work on /home/airflow/.local/lib/python3.12/site-packages/airflow/example_dags/example_latest_only_with_trigger.py
[2025-02-17T06:01:16.520+0000] {processor.py:914} INFO - Processing file /home/airflow/.local/lib/python3.12/site-packages/airflow/example_dags/example_latest_only_with_trigger.py for tasks to queue
[2025-02-17T06:01:16.523+0000] {logging_mixin.py:190} INFO - [2025-02-17T06:01:16.522+0000] {dagbag.py:588} INFO - Filling up the DagBag from /home/airflow/.local/lib/python3.12/site-packages/airflow/example_dags/example_latest_only_with_trigger.py
[2025-02-17T06:01:16.531+0000] {processor.py:925} INFO - DAG(s) 'latest_only_with_trigger' retrieved from /home/airflow/.local/lib/python3.12/site-packages/airflow/example_dags/example_latest_only_with_trigger.py
[2025-02-17T06:01:16.556+0000] {logging_mixin.py:190} INFO - [2025-02-17T06:01:16.556+0000] {dag.py:3239} INFO - Sync 1 DAGs
[2025-02-17T06:01:16.583+0000] {logging_mixin.py:190} INFO - [2025-02-17T06:01:16.583+0000] {dag.py:4180} INFO - Setting next_dagrun for latest_only_with_trigger to 2025-02-17 00:00:00+00:00, run_after=2025-02-17 04:00:00+00:00
[2025-02-17T06:01:16.604+0000] {processor.py:208} INFO - Processing /home/airflow/.local/lib/python3.12/site-packages/airflow/example_dags/example_latest_only_with_trigger.py took 0.092 seconds
[2025-02-17T06:01:48.774+0000] {processor.py:186} INFO - Started process (PID=1187) to work on /home/airflow/.local/lib/python3.12/site-packages/airflow/example_dags/example_latest_only_with_trigger.py
[2025-02-17T06:01:48.776+0000] {processor.py:914} INFO - Processing file /home/airflow/.local/lib/python3.12/site-packages/airflow/example_dags/example_latest_only_with_trigger.py for tasks to queue
[2025-02-17T06:01:48.781+0000] {logging_mixin.py:190} INFO - [2025-02-17T06:01:48.780+0000] {dagbag.py:588} INFO - Filling up the DagBag from /home/airflow/.local/lib/python3.12/site-packages/airflow/example_dags/example_latest_only_with_trigger.py
[2025-02-17T06:01:48.789+0000] {processor.py:925} INFO - DAG(s) 'latest_only_with_trigger' retrieved from /home/airflow/.local/lib/python3.12/site-packages/airflow/example_dags/example_latest_only_with_trigger.py
[2025-02-17T06:01:48.820+0000] {logging_mixin.py:190} INFO - [2025-02-17T06:01:48.819+0000] {dag.py:3239} INFO - Sync 1 DAGs
[2025-02-17T06:01:48.850+0000] {logging_mixin.py:190} INFO - [2025-02-17T06:01:48.849+0000] {dag.py:4180} INFO - Setting next_dagrun for latest_only_with_trigger to 2025-02-17 00:00:00+00:00, run_after=2025-02-17 04:00:00+00:00
[2025-02-17T06:01:48.881+0000] {processor.py:208} INFO - Processing /home/airflow/.local/lib/python3.12/site-packages/airflow/example_dags/example_latest_only_with_trigger.py took 0.112 seconds
[2025-02-17T06:02:19.331+0000] {processor.py:186} INFO - Started process (PID=1265) to work on /home/airflow/.local/lib/python3.12/site-packages/airflow/example_dags/example_latest_only_with_trigger.py
[2025-02-17T06:02:19.332+0000] {processor.py:914} INFO - Processing file /home/airflow/.local/lib/python3.12/site-packages/airflow/example_dags/example_latest_only_with_trigger.py for tasks to queue
[2025-02-17T06:02:19.335+0000] {logging_mixin.py:190} INFO - [2025-02-17T06:02:19.334+0000] {dagbag.py:588} INFO - Filling up the DagBag from /home/airflow/.local/lib/python3.12/site-packages/airflow/example_dags/example_latest_only_with_trigger.py
[2025-02-17T06:02:19.344+0000] {processor.py:925} INFO - DAG(s) 'latest_only_with_trigger' retrieved from /home/airflow/.local/lib/python3.12/site-packages/airflow/example_dags/example_latest_only_with_trigger.py
[2025-02-17T06:02:19.367+0000] {logging_mixin.py:190} INFO - [2025-02-17T06:02:19.367+0000] {dag.py:3239} INFO - Sync 1 DAGs
[2025-02-17T06:02:19.391+0000] {logging_mixin.py:190} INFO - [2025-02-17T06:02:19.391+0000] {dag.py:4180} INFO - Setting next_dagrun for latest_only_with_trigger to 2025-02-17 00:00:00+00:00, run_after=2025-02-17 04:00:00+00:00
[2025-02-17T06:02:19.439+0000] {processor.py:208} INFO - Processing /home/airflow/.local/lib/python3.12/site-packages/airflow/example_dags/example_latest_only_with_trigger.py took 0.117 seconds
[2025-02-17T06:02:49.921+0000] {processor.py:186} INFO - Started process (PID=1343) to work on /home/airflow/.local/lib/python3.12/site-packages/airflow/example_dags/example_latest_only_with_trigger.py
[2025-02-17T06:02:49.922+0000] {processor.py:914} INFO - Processing file /home/airflow/.local/lib/python3.12/site-packages/airflow/example_dags/example_latest_only_with_trigger.py for tasks to queue
[2025-02-17T06:02:49.925+0000] {logging_mixin.py:190} INFO - [2025-02-17T06:02:49.925+0000] {dagbag.py:588} INFO - Filling up the DagBag from /home/airflow/.local/lib/python3.12/site-packages/airflow/example_dags/example_latest_only_with_trigger.py
[2025-02-17T06:02:49.935+0000] {processor.py:925} INFO - DAG(s) 'latest_only_with_trigger' retrieved from /home/airflow/.local/lib/python3.12/site-packages/airflow/example_dags/example_latest_only_with_trigger.py
[2025-02-17T06:02:49.966+0000] {logging_mixin.py:190} INFO - [2025-02-17T06:02:49.965+0000] {dag.py:3239} INFO - Sync 1 DAGs
[2025-02-17T06:02:49.995+0000] {logging_mixin.py:190} INFO - [2025-02-17T06:02:49.995+0000] {dag.py:4180} INFO - Setting next_dagrun for latest_only_with_trigger to 2025-02-17 00:00:00+00:00, run_after=2025-02-17 04:00:00+00:00
[2025-02-17T06:02:50.023+0000] {processor.py:208} INFO - Processing /home/airflow/.local/lib/python3.12/site-packages/airflow/example_dags/example_latest_only_with_trigger.py took 0.112 seconds
[2025-02-17T06:03:20.928+0000] {processor.py:186} INFO - Started process (PID=1421) to work on /home/airflow/.local/lib/python3.12/site-packages/airflow/example_dags/example_latest_only_with_trigger.py
[2025-02-17T06:03:20.929+0000] {processor.py:914} INFO - Processing file /home/airflow/.local/lib/python3.12/site-packages/airflow/example_dags/example_latest_only_with_trigger.py for tasks to queue
[2025-02-17T06:03:20.931+0000] {logging_mixin.py:190} INFO - [2025-02-17T06:03:20.931+0000] {dagbag.py:588} INFO - Filling up the DagBag from /home/airflow/.local/lib/python3.12/site-packages/airflow/example_dags/example_latest_only_with_trigger.py
[2025-02-17T06:03:20.938+0000] {processor.py:925} INFO - DAG(s) 'latest_only_with_trigger' retrieved from /home/airflow/.local/lib/python3.12/site-packages/airflow/example_dags/example_latest_only_with_trigger.py
[2025-02-17T06:03:20.958+0000] {logging_mixin.py:190} INFO - [2025-02-17T06:03:20.958+0000] {dag.py:3239} INFO - Sync 1 DAGs
[2025-02-17T06:03:20.978+0000] {logging_mixin.py:190} INFO - [2025-02-17T06:03:20.977+0000] {dag.py:4180} INFO - Setting next_dagrun for latest_only_with_trigger to 2025-02-17 00:00:00+00:00, run_after=2025-02-17 04:00:00+00:00
[2025-02-17T06:03:20.997+0000] {processor.py:208} INFO - Processing /home/airflow/.local/lib/python3.12/site-packages/airflow/example_dags/example_latest_only_with_trigger.py took 0.075 seconds
[2025-02-17T06:03:51.940+0000] {processor.py:186} INFO - Started process (PID=1499) to work on /home/airflow/.local/lib/python3.12/site-packages/airflow/example_dags/example_latest_only_with_trigger.py
[2025-02-17T06:03:51.941+0000] {processor.py:914} INFO - Processing file /home/airflow/.local/lib/python3.12/site-packages/airflow/example_dags/example_latest_only_with_trigger.py for tasks to queue
[2025-02-17T06:03:51.944+0000] {logging_mixin.py:190} INFO - [2025-02-17T06:03:51.944+0000] {dagbag.py:588} INFO - Filling up the DagBag from /home/airflow/.local/lib/python3.12/site-packages/airflow/example_dags/example_latest_only_with_trigger.py
[2025-02-17T06:03:51.955+0000] {processor.py:925} INFO - DAG(s) 'latest_only_with_trigger' retrieved from /home/airflow/.local/lib/python3.12/site-packages/airflow/example_dags/example_latest_only_with_trigger.py
[2025-02-17T06:03:51.982+0000] {logging_mixin.py:190} INFO - [2025-02-17T06:03:51.981+0000] {dag.py:3239} INFO - Sync 1 DAGs
[2025-02-17T06:03:52.010+0000] {logging_mixin.py:190} INFO - [2025-02-17T06:03:52.010+0000] {dag.py:4180} INFO - Setting next_dagrun for latest_only_with_trigger to 2025-02-17 00:00:00+00:00, run_after=2025-02-17 04:00:00+00:00
[2025-02-17T06:03:52.059+0000] {processor.py:208} INFO - Processing /home/airflow/.local/lib/python3.12/site-packages/airflow/example_dags/example_latest_only_with_trigger.py took 0.128 seconds
[2025-02-17T06:04:22.654+0000] {processor.py:186} INFO - Started process (PID=1576) to work on /home/airflow/.local/lib/python3.12/site-packages/airflow/example_dags/example_latest_only_with_trigger.py
[2025-02-17T06:04:22.656+0000] {processor.py:914} INFO - Processing file /home/airflow/.local/lib/python3.12/site-packages/airflow/example_dags/example_latest_only_with_trigger.py for tasks to queue
[2025-02-17T06:04:22.659+0000] {logging_mixin.py:190} INFO - [2025-02-17T06:04:22.659+0000] {dagbag.py:588} INFO - Filling up the DagBag from /home/airflow/.local/lib/python3.12/site-packages/airflow/example_dags/example_latest_only_with_trigger.py
[2025-02-17T06:04:22.669+0000] {processor.py:925} INFO - DAG(s) 'latest_only_with_trigger' retrieved from /home/airflow/.local/lib/python3.12/site-packages/airflow/example_dags/example_latest_only_with_trigger.py
[2025-02-17T06:04:22.695+0000] {logging_mixin.py:190} INFO - [2025-02-17T06:04:22.695+0000] {dag.py:3239} INFO - Sync 1 DAGs
[2025-02-17T06:04:22.719+0000] {logging_mixin.py:190} INFO - [2025-02-17T06:04:22.719+0000] {dag.py:4180} INFO - Setting next_dagrun for latest_only_with_trigger to 2025-02-17 00:00:00+00:00, run_after=2025-02-17 04:00:00+00:00
[2025-02-17T06:04:22.741+0000] {processor.py:208} INFO - Processing /home/airflow/.local/lib/python3.12/site-packages/airflow/example_dags/example_latest_only_with_trigger.py took 0.096 seconds
[2025-02-17T06:04:53.070+0000] {processor.py:186} INFO - Started process (PID=1654) to work on /home/airflow/.local/lib/python3.12/site-packages/airflow/example_dags/example_latest_only_with_trigger.py
[2025-02-17T06:04:53.072+0000] {processor.py:914} INFO - Processing file /home/airflow/.local/lib/python3.12/site-packages/airflow/example_dags/example_latest_only_with_trigger.py for tasks to queue
[2025-02-17T06:04:53.076+0000] {logging_mixin.py:190} INFO - [2025-02-17T06:04:53.075+0000] {dagbag.py:588} INFO - Filling up the DagBag from /home/airflow/.local/lib/python3.12/site-packages/airflow/example_dags/example_latest_only_with_trigger.py
[2025-02-17T06:04:53.091+0000] {processor.py:925} INFO - DAG(s) 'latest_only_with_trigger' retrieved from /home/airflow/.local/lib/python3.12/site-packages/airflow/example_dags/example_latest_only_with_trigger.py
[2025-02-17T06:04:53.125+0000] {logging_mixin.py:190} INFO - [2025-02-17T06:04:53.124+0000] {dag.py:3239} INFO - Sync 1 DAGs
[2025-02-17T06:04:53.160+0000] {logging_mixin.py:190} INFO - [2025-02-17T06:04:53.159+0000] {dag.py:4180} INFO - Setting next_dagrun for latest_only_with_trigger to 2025-02-17 00:00:00+00:00, run_after=2025-02-17 04:00:00+00:00
[2025-02-17T06:04:53.212+0000] {processor.py:208} INFO - Processing /home/airflow/.local/lib/python3.12/site-packages/airflow/example_dags/example_latest_only_with_trigger.py took 0.152 seconds
[2025-02-17T06:05:23.919+0000] {processor.py:186} INFO - Started process (PID=1737) to work on /home/airflow/.local/lib/python3.12/site-packages/airflow/example_dags/example_latest_only_with_trigger.py
[2025-02-17T06:05:23.920+0000] {processor.py:914} INFO - Processing file /home/airflow/.local/lib/python3.12/site-packages/airflow/example_dags/example_latest_only_with_trigger.py for tasks to queue
[2025-02-17T06:05:23.923+0000] {logging_mixin.py:190} INFO - [2025-02-17T06:05:23.922+0000] {dagbag.py:588} INFO - Filling up the DagBag from /home/airflow/.local/lib/python3.12/site-packages/airflow/example_dags/example_latest_only_with_trigger.py
[2025-02-17T06:05:23.933+0000] {processor.py:925} INFO - DAG(s) 'latest_only_with_trigger' retrieved from /home/airflow/.local/lib/python3.12/site-packages/airflow/example_dags/example_latest_only_with_trigger.py
[2025-02-17T06:05:23.962+0000] {logging_mixin.py:190} INFO - [2025-02-17T06:05:23.961+0000] {dag.py:3239} INFO - Sync 1 DAGs
[2025-02-17T06:05:23.989+0000] {logging_mixin.py:190} INFO - [2025-02-17T06:05:23.989+0000] {dag.py:4180} INFO - Setting next_dagrun for latest_only_with_trigger to 2025-02-17 00:00:00+00:00, run_after=2025-02-17 04:00:00+00:00
[2025-02-17T06:05:24.036+0000] {processor.py:208} INFO - Processing /home/airflow/.local/lib/python3.12/site-packages/airflow/example_dags/example_latest_only_with_trigger.py took 0.123 seconds
[2025-02-17T06:05:54.607+0000] {processor.py:186} INFO - Started process (PID=1815) to work on /home/airflow/.local/lib/python3.12/site-packages/airflow/example_dags/example_latest_only_with_trigger.py
[2025-02-17T06:05:54.609+0000] {processor.py:914} INFO - Processing file /home/airflow/.local/lib/python3.12/site-packages/airflow/example_dags/example_latest_only_with_trigger.py for tasks to queue
[2025-02-17T06:05:54.611+0000] {logging_mixin.py:190} INFO - [2025-02-17T06:05:54.611+0000] {dagbag.py:588} INFO - Filling up the DagBag from /home/airflow/.local/lib/python3.12/site-packages/airflow/example_dags/example_latest_only_with_trigger.py
[2025-02-17T06:05:54.621+0000] {processor.py:925} INFO - DAG(s) 'latest_only_with_trigger' retrieved from /home/airflow/.local/lib/python3.12/site-packages/airflow/example_dags/example_latest_only_with_trigger.py
[2025-02-17T06:05:54.642+0000] {logging_mixin.py:190} INFO - [2025-02-17T06:05:54.642+0000] {dag.py:3239} INFO - Sync 1 DAGs
[2025-02-17T06:05:54.668+0000] {logging_mixin.py:190} INFO - [2025-02-17T06:05:54.667+0000] {dag.py:4180} INFO - Setting next_dagrun for latest_only_with_trigger to 2025-02-17 00:00:00+00:00, run_after=2025-02-17 04:00:00+00:00
[2025-02-17T06:05:54.712+0000] {processor.py:208} INFO - Processing /home/airflow/.local/lib/python3.12/site-packages/airflow/example_dags/example_latest_only_with_trigger.py took 0.110 seconds
[2025-02-17T06:06:24.871+0000] {processor.py:186} INFO - Started process (PID=1893) to work on /home/airflow/.local/lib/python3.12/site-packages/airflow/example_dags/example_latest_only_with_trigger.py
[2025-02-17T06:06:24.873+0000] {processor.py:914} INFO - Processing file /home/airflow/.local/lib/python3.12/site-packages/airflow/example_dags/example_latest_only_with_trigger.py for tasks to queue
[2025-02-17T06:06:24.875+0000] {logging_mixin.py:190} INFO - [2025-02-17T06:06:24.875+0000] {dagbag.py:588} INFO - Filling up the DagBag from /home/airflow/.local/lib/python3.12/site-packages/airflow/example_dags/example_latest_only_with_trigger.py
[2025-02-17T06:06:24.885+0000] {processor.py:925} INFO - DAG(s) 'latest_only_with_trigger' retrieved from /home/airflow/.local/lib/python3.12/site-packages/airflow/example_dags/example_latest_only_with_trigger.py
[2025-02-17T06:06:24.910+0000] {logging_mixin.py:190} INFO - [2025-02-17T06:06:24.910+0000] {dag.py:3239} INFO - Sync 1 DAGs
[2025-02-17T06:06:24.932+0000] {logging_mixin.py:190} INFO - [2025-02-17T06:06:24.932+0000] {dag.py:4180} INFO - Setting next_dagrun for latest_only_with_trigger to 2025-02-17 00:00:00+00:00, run_after=2025-02-17 04:00:00+00:00
[2025-02-17T06:06:24.954+0000] {processor.py:208} INFO - Processing /home/airflow/.local/lib/python3.12/site-packages/airflow/example_dags/example_latest_only_with_trigger.py took 0.088 seconds
[2025-02-17T06:06:55.221+0000] {processor.py:186} INFO - Started process (PID=1971) to work on /home/airflow/.local/lib/python3.12/site-packages/airflow/example_dags/example_latest_only_with_trigger.py
[2025-02-17T06:06:55.222+0000] {processor.py:914} INFO - Processing file /home/airflow/.local/lib/python3.12/site-packages/airflow/example_dags/example_latest_only_with_trigger.py for tasks to queue
[2025-02-17T06:06:55.226+0000] {logging_mixin.py:190} INFO - [2025-02-17T06:06:55.225+0000] {dagbag.py:588} INFO - Filling up the DagBag from /home/airflow/.local/lib/python3.12/site-packages/airflow/example_dags/example_latest_only_with_trigger.py
[2025-02-17T06:06:55.240+0000] {processor.py:925} INFO - DAG(s) 'latest_only_with_trigger' retrieved from /home/airflow/.local/lib/python3.12/site-packages/airflow/example_dags/example_latest_only_with_trigger.py
[2025-02-17T06:06:55.266+0000] {logging_mixin.py:190} INFO - [2025-02-17T06:06:55.265+0000] {dag.py:3239} INFO - Sync 1 DAGs
[2025-02-17T06:06:55.293+0000] {logging_mixin.py:190} INFO - [2025-02-17T06:06:55.293+0000] {dag.py:4180} INFO - Setting next_dagrun for latest_only_with_trigger to 2025-02-17 00:00:00+00:00, run_after=2025-02-17 04:00:00+00:00
[2025-02-17T06:06:55.325+0000] {processor.py:208} INFO - Processing /home/airflow/.local/lib/python3.12/site-packages/airflow/example_dags/example_latest_only_with_trigger.py took 0.113 seconds
[2025-02-17T06:07:25.679+0000] {processor.py:186} INFO - Started process (PID=2049) to work on /home/airflow/.local/lib/python3.12/site-packages/airflow/example_dags/example_latest_only_with_trigger.py
[2025-02-17T06:07:25.681+0000] {processor.py:914} INFO - Processing file /home/airflow/.local/lib/python3.12/site-packages/airflow/example_dags/example_latest_only_with_trigger.py for tasks to queue
[2025-02-17T06:07:25.684+0000] {logging_mixin.py:190} INFO - [2025-02-17T06:07:25.683+0000] {dagbag.py:588} INFO - Filling up the DagBag from /home/airflow/.local/lib/python3.12/site-packages/airflow/example_dags/example_latest_only_with_trigger.py
[2025-02-17T06:07:25.693+0000] {processor.py:925} INFO - DAG(s) 'latest_only_with_trigger' retrieved from /home/airflow/.local/lib/python3.12/site-packages/airflow/example_dags/example_latest_only_with_trigger.py
[2025-02-17T06:07:25.718+0000] {logging_mixin.py:190} INFO - [2025-02-17T06:07:25.717+0000] {dag.py:3239} INFO - Sync 1 DAGs
[2025-02-17T06:07:25.741+0000] {logging_mixin.py:190} INFO - [2025-02-17T06:07:25.741+0000] {dag.py:4180} INFO - Setting next_dagrun for latest_only_with_trigger to 2025-02-17 00:00:00+00:00, run_after=2025-02-17 04:00:00+00:00
[2025-02-17T06:07:25.784+0000] {processor.py:208} INFO - Processing /home/airflow/.local/lib/python3.12/site-packages/airflow/example_dags/example_latest_only_with_trigger.py took 0.110 seconds
[2025-02-17T06:07:56.001+0000] {processor.py:186} INFO - Started process (PID=2127) to work on /home/airflow/.local/lib/python3.12/site-packages/airflow/example_dags/example_latest_only_with_trigger.py
[2025-02-17T06:07:56.003+0000] {processor.py:914} INFO - Processing file /home/airflow/.local/lib/python3.12/site-packages/airflow/example_dags/example_latest_only_with_trigger.py for tasks to queue
[2025-02-17T06:07:56.007+0000] {logging_mixin.py:190} INFO - [2025-02-17T06:07:56.006+0000] {dagbag.py:588} INFO - Filling up the DagBag from /home/airflow/.local/lib/python3.12/site-packages/airflow/example_dags/example_latest_only_with_trigger.py
[2025-02-17T06:07:56.017+0000] {processor.py:925} INFO - DAG(s) 'latest_only_with_trigger' retrieved from /home/airflow/.local/lib/python3.12/site-packages/airflow/example_dags/example_latest_only_with_trigger.py
[2025-02-17T06:07:56.044+0000] {logging_mixin.py:190} INFO - [2025-02-17T06:07:56.044+0000] {dag.py:3239} INFO - Sync 1 DAGs
[2025-02-17T06:07:56.070+0000] {logging_mixin.py:190} INFO - [2025-02-17T06:07:56.070+0000] {dag.py:4180} INFO - Setting next_dagrun for latest_only_with_trigger to 2025-02-17 00:00:00+00:00, run_after=2025-02-17 04:00:00+00:00
[2025-02-17T06:07:56.095+0000] {processor.py:208} INFO - Processing /home/airflow/.local/lib/python3.12/site-packages/airflow/example_dags/example_latest_only_with_trigger.py took 0.103 seconds
[2025-02-17T06:08:26.300+0000] {processor.py:186} INFO - Started process (PID=2205) to work on /home/airflow/.local/lib/python3.12/site-packages/airflow/example_dags/example_latest_only_with_trigger.py
[2025-02-17T06:08:26.301+0000] {processor.py:914} INFO - Processing file /home/airflow/.local/lib/python3.12/site-packages/airflow/example_dags/example_latest_only_with_trigger.py for tasks to queue
[2025-02-17T06:08:26.304+0000] {logging_mixin.py:190} INFO - [2025-02-17T06:08:26.303+0000] {dagbag.py:588} INFO - Filling up the DagBag from /home/airflow/.local/lib/python3.12/site-packages/airflow/example_dags/example_latest_only_with_trigger.py
[2025-02-17T06:08:26.310+0000] {processor.py:925} INFO - DAG(s) 'latest_only_with_trigger' retrieved from /home/airflow/.local/lib/python3.12/site-packages/airflow/example_dags/example_latest_only_with_trigger.py
[2025-02-17T06:08:26.328+0000] {logging_mixin.py:190} INFO - [2025-02-17T06:08:26.328+0000] {dag.py:3239} INFO - Sync 1 DAGs
[2025-02-17T06:08:26.347+0000] {logging_mixin.py:190} INFO - [2025-02-17T06:08:26.347+0000] {dag.py:4180} INFO - Setting next_dagrun for latest_only_with_trigger to 2025-02-17 00:00:00+00:00, run_after=2025-02-17 04:00:00+00:00
[2025-02-17T06:08:26.363+0000] {processor.py:208} INFO - Processing /home/airflow/.local/lib/python3.12/site-packages/airflow/example_dags/example_latest_only_with_trigger.py took 0.068 seconds
[2025-02-17T06:08:57.039+0000] {processor.py:186} INFO - Started process (PID=2289) to work on /home/airflow/.local/lib/python3.12/site-packages/airflow/example_dags/example_latest_only_with_trigger.py
[2025-02-17T06:08:57.042+0000] {processor.py:914} INFO - Processing file /home/airflow/.local/lib/python3.12/site-packages/airflow/example_dags/example_latest_only_with_trigger.py for tasks to queue
[2025-02-17T06:08:57.045+0000] {logging_mixin.py:190} INFO - [2025-02-17T06:08:57.045+0000] {dagbag.py:588} INFO - Filling up the DagBag from /home/airflow/.local/lib/python3.12/site-packages/airflow/example_dags/example_latest_only_with_trigger.py
[2025-02-17T06:08:57.052+0000] {processor.py:925} INFO - DAG(s) 'latest_only_with_trigger' retrieved from /home/airflow/.local/lib/python3.12/site-packages/airflow/example_dags/example_latest_only_with_trigger.py
[2025-02-17T06:08:57.068+0000] {logging_mixin.py:190} INFO - [2025-02-17T06:08:57.068+0000] {dag.py:3239} INFO - Sync 1 DAGs
[2025-02-17T06:08:57.088+0000] {logging_mixin.py:190} INFO - [2025-02-17T06:08:57.088+0000] {dag.py:4180} INFO - Setting next_dagrun for latest_only_with_trigger to 2025-02-17 00:00:00+00:00, run_after=2025-02-17 04:00:00+00:00
[2025-02-17T06:08:57.114+0000] {processor.py:208} INFO - Processing /home/airflow/.local/lib/python3.12/site-packages/airflow/example_dags/example_latest_only_with_trigger.py took 0.082 seconds
[2025-02-17T06:09:27.321+0000] {processor.py:186} INFO - Started process (PID=2367) to work on /home/airflow/.local/lib/python3.12/site-packages/airflow/example_dags/example_latest_only_with_trigger.py
[2025-02-17T06:09:27.322+0000] {processor.py:914} INFO - Processing file /home/airflow/.local/lib/python3.12/site-packages/airflow/example_dags/example_latest_only_with_trigger.py for tasks to queue
[2025-02-17T06:09:27.325+0000] {logging_mixin.py:190} INFO - [2025-02-17T06:09:27.324+0000] {dagbag.py:588} INFO - Filling up the DagBag from /home/airflow/.local/lib/python3.12/site-packages/airflow/example_dags/example_latest_only_with_trigger.py
[2025-02-17T06:09:27.331+0000] {processor.py:925} INFO - DAG(s) 'latest_only_with_trigger' retrieved from /home/airflow/.local/lib/python3.12/site-packages/airflow/example_dags/example_latest_only_with_trigger.py
[2025-02-17T06:09:27.350+0000] {logging_mixin.py:190} INFO - [2025-02-17T06:09:27.349+0000] {dag.py:3239} INFO - Sync 1 DAGs
[2025-02-17T06:09:27.368+0000] {logging_mixin.py:190} INFO - [2025-02-17T06:09:27.368+0000] {dag.py:4180} INFO - Setting next_dagrun for latest_only_with_trigger to 2025-02-17 00:00:00+00:00, run_after=2025-02-17 04:00:00+00:00
[2025-02-17T06:09:27.417+0000] {processor.py:208} INFO - Processing /home/airflow/.local/lib/python3.12/site-packages/airflow/example_dags/example_latest_only_with_trigger.py took 0.101 seconds
[2025-02-17T06:09:57.692+0000] {processor.py:186} INFO - Started process (PID=2445) to work on /home/airflow/.local/lib/python3.12/site-packages/airflow/example_dags/example_latest_only_with_trigger.py
[2025-02-17T06:09:57.694+0000] {processor.py:914} INFO - Processing file /home/airflow/.local/lib/python3.12/site-packages/airflow/example_dags/example_latest_only_with_trigger.py for tasks to queue
[2025-02-17T06:09:57.696+0000] {logging_mixin.py:190} INFO - [2025-02-17T06:09:57.696+0000] {dagbag.py:588} INFO - Filling up the DagBag from /home/airflow/.local/lib/python3.12/site-packages/airflow/example_dags/example_latest_only_with_trigger.py
[2025-02-17T06:09:57.703+0000] {processor.py:925} INFO - DAG(s) 'latest_only_with_trigger' retrieved from /home/airflow/.local/lib/python3.12/site-packages/airflow/example_dags/example_latest_only_with_trigger.py
[2025-02-17T06:09:57.726+0000] {logging_mixin.py:190} INFO - [2025-02-17T06:09:57.726+0000] {dag.py:3239} INFO - Sync 1 DAGs
[2025-02-17T06:09:57.759+0000] {logging_mixin.py:190} INFO - [2025-02-17T06:09:57.759+0000] {dag.py:4180} INFO - Setting next_dagrun for latest_only_with_trigger to 2025-02-17 00:00:00+00:00, run_after=2025-02-17 04:00:00+00:00
[2025-02-17T06:09:57.783+0000] {processor.py:208} INFO - Processing /home/airflow/.local/lib/python3.12/site-packages/airflow/example_dags/example_latest_only_with_trigger.py took 0.098 seconds
[2025-02-17T06:10:27.912+0000] {processor.py:186} INFO - Started process (PID=2523) to work on /home/airflow/.local/lib/python3.12/site-packages/airflow/example_dags/example_latest_only_with_trigger.py
[2025-02-17T06:10:27.913+0000] {processor.py:914} INFO - Processing file /home/airflow/.local/lib/python3.12/site-packages/airflow/example_dags/example_latest_only_with_trigger.py for tasks to queue
[2025-02-17T06:10:27.915+0000] {logging_mixin.py:190} INFO - [2025-02-17T06:10:27.915+0000] {dagbag.py:588} INFO - Filling up the DagBag from /home/airflow/.local/lib/python3.12/site-packages/airflow/example_dags/example_latest_only_with_trigger.py
[2025-02-17T06:10:27.922+0000] {processor.py:925} INFO - DAG(s) 'latest_only_with_trigger' retrieved from /home/airflow/.local/lib/python3.12/site-packages/airflow/example_dags/example_latest_only_with_trigger.py
[2025-02-17T06:10:27.939+0000] {logging_mixin.py:190} INFO - [2025-02-17T06:10:27.939+0000] {dag.py:3239} INFO - Sync 1 DAGs
[2025-02-17T06:10:27.956+0000] {logging_mixin.py:190} INFO - [2025-02-17T06:10:27.955+0000] {dag.py:4180} INFO - Setting next_dagrun for latest_only_with_trigger to 2025-02-17 00:00:00+00:00, run_after=2025-02-17 04:00:00+00:00
[2025-02-17T06:10:27.972+0000] {processor.py:208} INFO - Processing /home/airflow/.local/lib/python3.12/site-packages/airflow/example_dags/example_latest_only_with_trigger.py took 0.066 seconds
[2025-02-17T06:10:58.626+0000] {processor.py:186} INFO - Started process (PID=2601) to work on /home/airflow/.local/lib/python3.12/site-packages/airflow/example_dags/example_latest_only_with_trigger.py
[2025-02-17T06:10:58.628+0000] {processor.py:914} INFO - Processing file /home/airflow/.local/lib/python3.12/site-packages/airflow/example_dags/example_latest_only_with_trigger.py for tasks to queue
[2025-02-17T06:10:58.631+0000] {logging_mixin.py:190} INFO - [2025-02-17T06:10:58.630+0000] {dagbag.py:588} INFO - Filling up the DagBag from /home/airflow/.local/lib/python3.12/site-packages/airflow/example_dags/example_latest_only_with_trigger.py
[2025-02-17T06:10:58.640+0000] {processor.py:925} INFO - DAG(s) 'latest_only_with_trigger' retrieved from /home/airflow/.local/lib/python3.12/site-packages/airflow/example_dags/example_latest_only_with_trigger.py
[2025-02-17T06:10:58.665+0000] {logging_mixin.py:190} INFO - [2025-02-17T06:10:58.665+0000] {dag.py:3239} INFO - Sync 1 DAGs
[2025-02-17T06:10:58.694+0000] {logging_mixin.py:190} INFO - [2025-02-17T06:10:58.693+0000] {dag.py:4180} INFO - Setting next_dagrun for latest_only_with_trigger to 2025-02-17 00:00:00+00:00, run_after=2025-02-17 04:00:00+00:00
[2025-02-17T06:10:58.733+0000] {processor.py:208} INFO - Processing /home/airflow/.local/lib/python3.12/site-packages/airflow/example_dags/example_latest_only_with_trigger.py took 0.113 seconds
[2025-02-17T06:11:29.622+0000] {processor.py:186} INFO - Started process (PID=2679) to work on /home/airflow/.local/lib/python3.12/site-packages/airflow/example_dags/example_latest_only_with_trigger.py
[2025-02-17T06:11:29.624+0000] {processor.py:914} INFO - Processing file /home/airflow/.local/lib/python3.12/site-packages/airflow/example_dags/example_latest_only_with_trigger.py for tasks to queue
[2025-02-17T06:11:29.627+0000] {logging_mixin.py:190} INFO - [2025-02-17T06:11:29.627+0000] {dagbag.py:588} INFO - Filling up the DagBag from /home/airflow/.local/lib/python3.12/site-packages/airflow/example_dags/example_latest_only_with_trigger.py
[2025-02-17T06:11:29.637+0000] {processor.py:925} INFO - DAG(s) 'latest_only_with_trigger' retrieved from /home/airflow/.local/lib/python3.12/site-packages/airflow/example_dags/example_latest_only_with_trigger.py
[2025-02-17T06:11:29.662+0000] {logging_mixin.py:190} INFO - [2025-02-17T06:11:29.662+0000] {dag.py:3239} INFO - Sync 1 DAGs
[2025-02-17T06:11:29.695+0000] {logging_mixin.py:190} INFO - [2025-02-17T06:11:29.695+0000] {dag.py:4180} INFO - Setting next_dagrun for latest_only_with_trigger to 2025-02-17 00:00:00+00:00, run_after=2025-02-17 04:00:00+00:00
[2025-02-17T06:11:29.745+0000] {processor.py:208} INFO - Processing /home/airflow/.local/lib/python3.12/site-packages/airflow/example_dags/example_latest_only_with_trigger.py took 0.131 seconds
[2025-02-17T06:11:59.916+0000] {processor.py:186} INFO - Started process (PID=2757) to work on /home/airflow/.local/lib/python3.12/site-packages/airflow/example_dags/example_latest_only_with_trigger.py
[2025-02-17T06:11:59.917+0000] {processor.py:914} INFO - Processing file /home/airflow/.local/lib/python3.12/site-packages/airflow/example_dags/example_latest_only_with_trigger.py for tasks to queue
[2025-02-17T06:11:59.920+0000] {logging_mixin.py:190} INFO - [2025-02-17T06:11:59.920+0000] {dagbag.py:588} INFO - Filling up the DagBag from /home/airflow/.local/lib/python3.12/site-packages/airflow/example_dags/example_latest_only_with_trigger.py
[2025-02-17T06:11:59.929+0000] {processor.py:925} INFO - DAG(s) 'latest_only_with_trigger' retrieved from /home/airflow/.local/lib/python3.12/site-packages/airflow/example_dags/example_latest_only_with_trigger.py
[2025-02-17T06:11:59.950+0000] {logging_mixin.py:190} INFO - [2025-02-17T06:11:59.950+0000] {dag.py:3239} INFO - Sync 1 DAGs
[2025-02-17T06:11:59.975+0000] {logging_mixin.py:190} INFO - [2025-02-17T06:11:59.974+0000] {dag.py:4180} INFO - Setting next_dagrun for latest_only_with_trigger to 2025-02-17 00:00:00+00:00, run_after=2025-02-17 04:00:00+00:00
[2025-02-17T06:11:59.999+0000] {processor.py:208} INFO - Processing /home/airflow/.local/lib/python3.12/site-packages/airflow/example_dags/example_latest_only_with_trigger.py took 0.089 seconds
[2025-02-17T06:12:30.250+0000] {processor.py:186} INFO - Started process (PID=2835) to work on /home/airflow/.local/lib/python3.12/site-packages/airflow/example_dags/example_latest_only_with_trigger.py
[2025-02-17T06:12:30.251+0000] {processor.py:914} INFO - Processing file /home/airflow/.local/lib/python3.12/site-packages/airflow/example_dags/example_latest_only_with_trigger.py for tasks to queue
[2025-02-17T06:12:30.254+0000] {logging_mixin.py:190} INFO - [2025-02-17T06:12:30.254+0000] {dagbag.py:588} INFO - Filling up the DagBag from /home/airflow/.local/lib/python3.12/site-packages/airflow/example_dags/example_latest_only_with_trigger.py
[2025-02-17T06:12:30.262+0000] {processor.py:925} INFO - DAG(s) 'latest_only_with_trigger' retrieved from /home/airflow/.local/lib/python3.12/site-packages/airflow/example_dags/example_latest_only_with_trigger.py
[2025-02-17T06:12:30.284+0000] {logging_mixin.py:190} INFO - [2025-02-17T06:12:30.284+0000] {dag.py:3239} INFO - Sync 1 DAGs
[2025-02-17T06:12:30.302+0000] {logging_mixin.py:190} INFO - [2025-02-17T06:12:30.302+0000] {dag.py:4180} INFO - Setting next_dagrun for latest_only_with_trigger to 2025-02-17 00:00:00+00:00, run_after=2025-02-17 04:00:00+00:00
[2025-02-17T06:12:30.347+0000] {processor.py:208} INFO - Processing /home/airflow/.local/lib/python3.12/site-packages/airflow/example_dags/example_latest_only_with_trigger.py took 0.102 seconds
[2025-02-17T06:13:01.256+0000] {processor.py:186} INFO - Started process (PID=2913) to work on /home/airflow/.local/lib/python3.12/site-packages/airflow/example_dags/example_latest_only_with_trigger.py
[2025-02-17T06:13:01.257+0000] {processor.py:914} INFO - Processing file /home/airflow/.local/lib/python3.12/site-packages/airflow/example_dags/example_latest_only_with_trigger.py for tasks to queue
[2025-02-17T06:13:01.260+0000] {logging_mixin.py:190} INFO - [2025-02-17T06:13:01.259+0000] {dagbag.py:588} INFO - Filling up the DagBag from /home/airflow/.local/lib/python3.12/site-packages/airflow/example_dags/example_latest_only_with_trigger.py
[2025-02-17T06:13:01.269+0000] {processor.py:925} INFO - DAG(s) 'latest_only_with_trigger' retrieved from /home/airflow/.local/lib/python3.12/site-packages/airflow/example_dags/example_latest_only_with_trigger.py
[2025-02-17T06:13:01.292+0000] {logging_mixin.py:190} INFO - [2025-02-17T06:13:01.292+0000] {dag.py:3239} INFO - Sync 1 DAGs
[2025-02-17T06:13:01.313+0000] {logging_mixin.py:190} INFO - [2025-02-17T06:13:01.313+0000] {dag.py:4180} INFO - Setting next_dagrun for latest_only_with_trigger to 2025-02-17 00:00:00+00:00, run_after=2025-02-17 04:00:00+00:00
[2025-02-17T06:13:01.331+0000] {processor.py:208} INFO - Processing /home/airflow/.local/lib/python3.12/site-packages/airflow/example_dags/example_latest_only_with_trigger.py took 0.082 seconds
[2025-02-17T06:13:32.038+0000] {processor.py:186} INFO - Started process (PID=2991) to work on /home/airflow/.local/lib/python3.12/site-packages/airflow/example_dags/example_latest_only_with_trigger.py
[2025-02-17T06:13:32.040+0000] {processor.py:914} INFO - Processing file /home/airflow/.local/lib/python3.12/site-packages/airflow/example_dags/example_latest_only_with_trigger.py for tasks to queue
[2025-02-17T06:13:32.045+0000] {logging_mixin.py:190} INFO - [2025-02-17T06:13:32.044+0000] {dagbag.py:588} INFO - Filling up the DagBag from /home/airflow/.local/lib/python3.12/site-packages/airflow/example_dags/example_latest_only_with_trigger.py
[2025-02-17T06:13:32.055+0000] {processor.py:925} INFO - DAG(s) 'latest_only_with_trigger' retrieved from /home/airflow/.local/lib/python3.12/site-packages/airflow/example_dags/example_latest_only_with_trigger.py
[2025-02-17T06:13:32.082+0000] {logging_mixin.py:190} INFO - [2025-02-17T06:13:32.081+0000] {dag.py:3239} INFO - Sync 1 DAGs
[2025-02-17T06:13:32.108+0000] {logging_mixin.py:190} INFO - [2025-02-17T06:13:32.108+0000] {dag.py:4180} INFO - Setting next_dagrun for latest_only_with_trigger to 2025-02-17 00:00:00+00:00, run_after=2025-02-17 04:00:00+00:00
[2025-02-17T06:13:32.131+0000] {processor.py:208} INFO - Processing /home/airflow/.local/lib/python3.12/site-packages/airflow/example_dags/example_latest_only_with_trigger.py took 0.101 seconds
[2025-02-17T06:14:02.191+0000] {processor.py:186} INFO - Started process (PID=3069) to work on /home/airflow/.local/lib/python3.12/site-packages/airflow/example_dags/example_latest_only_with_trigger.py
[2025-02-17T06:14:02.193+0000] {processor.py:914} INFO - Processing file /home/airflow/.local/lib/python3.12/site-packages/airflow/example_dags/example_latest_only_with_trigger.py for tasks to queue
[2025-02-17T06:14:02.196+0000] {logging_mixin.py:190} INFO - [2025-02-17T06:14:02.196+0000] {dagbag.py:588} INFO - Filling up the DagBag from /home/airflow/.local/lib/python3.12/site-packages/airflow/example_dags/example_latest_only_with_trigger.py
[2025-02-17T06:14:02.207+0000] {processor.py:925} INFO - DAG(s) 'latest_only_with_trigger' retrieved from /home/airflow/.local/lib/python3.12/site-packages/airflow/example_dags/example_latest_only_with_trigger.py
[2025-02-17T06:14:02.229+0000] {logging_mixin.py:190} INFO - [2025-02-17T06:14:02.229+0000] {dag.py:3239} INFO - Sync 1 DAGs
[2025-02-17T06:14:02.250+0000] {logging_mixin.py:190} INFO - [2025-02-17T06:14:02.249+0000] {dag.py:4180} INFO - Setting next_dagrun for latest_only_with_trigger to 2025-02-17 00:00:00+00:00, run_after=2025-02-17 04:00:00+00:00
[2025-02-17T06:14:02.270+0000] {processor.py:208} INFO - Processing /home/airflow/.local/lib/python3.12/site-packages/airflow/example_dags/example_latest_only_with_trigger.py took 0.086 seconds
[2025-02-17T06:14:32.843+0000] {processor.py:186} INFO - Started process (PID=3147) to work on /home/airflow/.local/lib/python3.12/site-packages/airflow/example_dags/example_latest_only_with_trigger.py
[2025-02-17T06:14:32.844+0000] {processor.py:914} INFO - Processing file /home/airflow/.local/lib/python3.12/site-packages/airflow/example_dags/example_latest_only_with_trigger.py for tasks to queue
[2025-02-17T06:14:32.848+0000] {logging_mixin.py:190} INFO - [2025-02-17T06:14:32.847+0000] {dagbag.py:588} INFO - Filling up the DagBag from /home/airflow/.local/lib/python3.12/site-packages/airflow/example_dags/example_latest_only_with_trigger.py
[2025-02-17T06:14:32.857+0000] {processor.py:925} INFO - DAG(s) 'latest_only_with_trigger' retrieved from /home/airflow/.local/lib/python3.12/site-packages/airflow/example_dags/example_latest_only_with_trigger.py
[2025-02-17T06:14:32.877+0000] {logging_mixin.py:190} INFO - [2025-02-17T06:14:32.877+0000] {dag.py:3239} INFO - Sync 1 DAGs
[2025-02-17T06:14:32.897+0000] {logging_mixin.py:190} INFO - [2025-02-17T06:14:32.897+0000] {dag.py:4180} INFO - Setting next_dagrun for latest_only_with_trigger to 2025-02-17 00:00:00+00:00, run_after=2025-02-17 04:00:00+00:00
[2025-02-17T06:14:32.917+0000] {processor.py:208} INFO - Processing /home/airflow/.local/lib/python3.12/site-packages/airflow/example_dags/example_latest_only_with_trigger.py took 0.080 seconds
[2025-02-17T06:15:02.975+0000] {processor.py:186} INFO - Started process (PID=3225) to work on /home/airflow/.local/lib/python3.12/site-packages/airflow/example_dags/example_latest_only_with_trigger.py
[2025-02-17T06:15:02.977+0000] {processor.py:914} INFO - Processing file /home/airflow/.local/lib/python3.12/site-packages/airflow/example_dags/example_latest_only_with_trigger.py for tasks to queue
[2025-02-17T06:15:02.979+0000] {logging_mixin.py:190} INFO - [2025-02-17T06:15:02.978+0000] {dagbag.py:588} INFO - Filling up the DagBag from /home/airflow/.local/lib/python3.12/site-packages/airflow/example_dags/example_latest_only_with_trigger.py
[2025-02-17T06:15:02.986+0000] {processor.py:925} INFO - DAG(s) 'latest_only_with_trigger' retrieved from /home/airflow/.local/lib/python3.12/site-packages/airflow/example_dags/example_latest_only_with_trigger.py
[2025-02-17T06:15:03.003+0000] {logging_mixin.py:190} INFO - [2025-02-17T06:15:03.003+0000] {dag.py:3239} INFO - Sync 1 DAGs
[2025-02-17T06:15:03.024+0000] {logging_mixin.py:190} INFO - [2025-02-17T06:15:03.023+0000] {dag.py:4180} INFO - Setting next_dagrun for latest_only_with_trigger to 2025-02-17 00:00:00+00:00, run_after=2025-02-17 04:00:00+00:00
[2025-02-17T06:15:03.041+0000] {processor.py:208} INFO - Processing /home/airflow/.local/lib/python3.12/site-packages/airflow/example_dags/example_latest_only_with_trigger.py took 0.072 seconds
[2025-02-17T06:15:33.409+0000] {processor.py:186} INFO - Started process (PID=3300) to work on /home/airflow/.local/lib/python3.12/site-packages/airflow/example_dags/example_latest_only_with_trigger.py
[2025-02-17T06:15:33.411+0000] {processor.py:914} INFO - Processing file /home/airflow/.local/lib/python3.12/site-packages/airflow/example_dags/example_latest_only_with_trigger.py for tasks to queue
[2025-02-17T06:15:33.413+0000] {logging_mixin.py:190} INFO - [2025-02-17T06:15:33.413+0000] {dagbag.py:588} INFO - Filling up the DagBag from /home/airflow/.local/lib/python3.12/site-packages/airflow/example_dags/example_latest_only_with_trigger.py
[2025-02-17T06:15:33.421+0000] {processor.py:925} INFO - DAG(s) 'latest_only_with_trigger' retrieved from /home/airflow/.local/lib/python3.12/site-packages/airflow/example_dags/example_latest_only_with_trigger.py
[2025-02-17T06:15:33.443+0000] {logging_mixin.py:190} INFO - [2025-02-17T06:15:33.443+0000] {dag.py:3239} INFO - Sync 1 DAGs
[2025-02-17T06:15:33.467+0000] {logging_mixin.py:190} INFO - [2025-02-17T06:15:33.466+0000] {dag.py:4180} INFO - Setting next_dagrun for latest_only_with_trigger to 2025-02-17 00:00:00+00:00, run_after=2025-02-17 04:00:00+00:00
[2025-02-17T06:15:33.487+0000] {processor.py:208} INFO - Processing /home/airflow/.local/lib/python3.12/site-packages/airflow/example_dags/example_latest_only_with_trigger.py took 0.085 seconds
[2025-02-17T06:16:03.684+0000] {processor.py:186} INFO - Started process (PID=3366) to work on /home/airflow/.local/lib/python3.12/site-packages/airflow/example_dags/example_latest_only_with_trigger.py
[2025-02-17T06:16:03.685+0000] {processor.py:914} INFO - Processing file /home/airflow/.local/lib/python3.12/site-packages/airflow/example_dags/example_latest_only_with_trigger.py for tasks to queue
[2025-02-17T06:16:03.688+0000] {logging_mixin.py:190} INFO - [2025-02-17T06:16:03.687+0000] {dagbag.py:588} INFO - Filling up the DagBag from /home/airflow/.local/lib/python3.12/site-packages/airflow/example_dags/example_latest_only_with_trigger.py
[2025-02-17T06:16:03.694+0000] {processor.py:925} INFO - DAG(s) 'latest_only_with_trigger' retrieved from /home/airflow/.local/lib/python3.12/site-packages/airflow/example_dags/example_latest_only_with_trigger.py
[2025-02-17T06:16:03.714+0000] {logging_mixin.py:190} INFO - [2025-02-17T06:16:03.714+0000] {dag.py:3239} INFO - Sync 1 DAGs
[2025-02-17T06:16:03.735+0000] {logging_mixin.py:190} INFO - [2025-02-17T06:16:03.735+0000] {dag.py:4180} INFO - Setting next_dagrun for latest_only_with_trigger to 2025-02-17 00:00:00+00:00, run_after=2025-02-17 04:00:00+00:00
[2025-02-17T06:16:03.754+0000] {processor.py:208} INFO - Processing /home/airflow/.local/lib/python3.12/site-packages/airflow/example_dags/example_latest_only_with_trigger.py took 0.076 seconds
[2025-02-17T06:16:33.872+0000] {processor.py:186} INFO - Started process (PID=3444) to work on /home/airflow/.local/lib/python3.12/site-packages/airflow/example_dags/example_latest_only_with_trigger.py
[2025-02-17T06:16:33.873+0000] {processor.py:914} INFO - Processing file /home/airflow/.local/lib/python3.12/site-packages/airflow/example_dags/example_latest_only_with_trigger.py for tasks to queue
[2025-02-17T06:16:33.877+0000] {logging_mixin.py:190} INFO - [2025-02-17T06:16:33.876+0000] {dagbag.py:588} INFO - Filling up the DagBag from /home/airflow/.local/lib/python3.12/site-packages/airflow/example_dags/example_latest_only_with_trigger.py
[2025-02-17T06:16:33.888+0000] {processor.py:925} INFO - DAG(s) 'latest_only_with_trigger' retrieved from /home/airflow/.local/lib/python3.12/site-packages/airflow/example_dags/example_latest_only_with_trigger.py
[2025-02-17T06:16:33.919+0000] {logging_mixin.py:190} INFO - [2025-02-17T06:16:33.919+0000] {dag.py:3239} INFO - Sync 1 DAGs
[2025-02-17T06:16:33.952+0000] {logging_mixin.py:190} INFO - [2025-02-17T06:16:33.952+0000] {dag.py:4180} INFO - Setting next_dagrun for latest_only_with_trigger to 2025-02-17 00:00:00+00:00, run_after=2025-02-17 04:00:00+00:00
[2025-02-17T06:16:33.992+0000] {processor.py:208} INFO - Processing /home/airflow/.local/lib/python3.12/site-packages/airflow/example_dags/example_latest_only_with_trigger.py took 0.129 seconds
[2025-02-17T06:17:04.062+0000] {processor.py:186} INFO - Started process (PID=3522) to work on /home/airflow/.local/lib/python3.12/site-packages/airflow/example_dags/example_latest_only_with_trigger.py
[2025-02-17T06:17:04.064+0000] {processor.py:914} INFO - Processing file /home/airflow/.local/lib/python3.12/site-packages/airflow/example_dags/example_latest_only_with_trigger.py for tasks to queue
[2025-02-17T06:17:04.066+0000] {logging_mixin.py:190} INFO - [2025-02-17T06:17:04.066+0000] {dagbag.py:588} INFO - Filling up the DagBag from /home/airflow/.local/lib/python3.12/site-packages/airflow/example_dags/example_latest_only_with_trigger.py
[2025-02-17T06:17:04.073+0000] {processor.py:925} INFO - DAG(s) 'latest_only_with_trigger' retrieved from /home/airflow/.local/lib/python3.12/site-packages/airflow/example_dags/example_latest_only_with_trigger.py
[2025-02-17T06:17:04.093+0000] {logging_mixin.py:190} INFO - [2025-02-17T06:17:04.093+0000] {dag.py:3239} INFO - Sync 1 DAGs
[2025-02-17T06:17:04.113+0000] {logging_mixin.py:190} INFO - [2025-02-17T06:17:04.113+0000] {dag.py:4180} INFO - Setting next_dagrun for latest_only_with_trigger to 2025-02-17 00:00:00+00:00, run_after=2025-02-17 04:00:00+00:00
[2025-02-17T06:17:04.129+0000] {processor.py:208} INFO - Processing /home/airflow/.local/lib/python3.12/site-packages/airflow/example_dags/example_latest_only_with_trigger.py took 0.073 seconds
[2025-02-17T06:17:34.600+0000] {processor.py:186} INFO - Started process (PID=3598) to work on /home/airflow/.local/lib/python3.12/site-packages/airflow/example_dags/example_latest_only_with_trigger.py
[2025-02-17T06:17:34.601+0000] {processor.py:914} INFO - Processing file /home/airflow/.local/lib/python3.12/site-packages/airflow/example_dags/example_latest_only_with_trigger.py for tasks to queue
[2025-02-17T06:17:34.604+0000] {logging_mixin.py:190} INFO - [2025-02-17T06:17:34.603+0000] {dagbag.py:588} INFO - Filling up the DagBag from /home/airflow/.local/lib/python3.12/site-packages/airflow/example_dags/example_latest_only_with_trigger.py
[2025-02-17T06:17:34.612+0000] {processor.py:925} INFO - DAG(s) 'latest_only_with_trigger' retrieved from /home/airflow/.local/lib/python3.12/site-packages/airflow/example_dags/example_latest_only_with_trigger.py
[2025-02-17T06:17:34.629+0000] {logging_mixin.py:190} INFO - [2025-02-17T06:17:34.629+0000] {dag.py:3239} INFO - Sync 1 DAGs
[2025-02-17T06:17:34.652+0000] {logging_mixin.py:190} INFO - [2025-02-17T06:17:34.652+0000] {dag.py:4180} INFO - Setting next_dagrun for latest_only_with_trigger to 2025-02-17 00:00:00+00:00, run_after=2025-02-17 04:00:00+00:00
[2025-02-17T06:17:34.671+0000] {processor.py:208} INFO - Processing /home/airflow/.local/lib/python3.12/site-packages/airflow/example_dags/example_latest_only_with_trigger.py took 0.077 seconds
[2025-02-17T06:18:05.470+0000] {processor.py:186} INFO - Started process (PID=3675) to work on /home/airflow/.local/lib/python3.12/site-packages/airflow/example_dags/example_latest_only_with_trigger.py
[2025-02-17T06:18:05.472+0000] {processor.py:914} INFO - Processing file /home/airflow/.local/lib/python3.12/site-packages/airflow/example_dags/example_latest_only_with_trigger.py for tasks to queue
[2025-02-17T06:18:05.475+0000] {logging_mixin.py:190} INFO - [2025-02-17T06:18:05.475+0000] {dagbag.py:588} INFO - Filling up the DagBag from /home/airflow/.local/lib/python3.12/site-packages/airflow/example_dags/example_latest_only_with_trigger.py
[2025-02-17T06:18:05.483+0000] {processor.py:925} INFO - DAG(s) 'latest_only_with_trigger' retrieved from /home/airflow/.local/lib/python3.12/site-packages/airflow/example_dags/example_latest_only_with_trigger.py
[2025-02-17T06:18:05.506+0000] {logging_mixin.py:190} INFO - [2025-02-17T06:18:05.506+0000] {dag.py:3239} INFO - Sync 1 DAGs
[2025-02-17T06:18:05.528+0000] {logging_mixin.py:190} INFO - [2025-02-17T06:18:05.528+0000] {dag.py:4180} INFO - Setting next_dagrun for latest_only_with_trigger to 2025-02-17 00:00:00+00:00, run_after=2025-02-17 04:00:00+00:00
[2025-02-17T06:18:05.550+0000] {processor.py:208} INFO - Processing /home/airflow/.local/lib/python3.12/site-packages/airflow/example_dags/example_latest_only_with_trigger.py took 0.086 seconds
[2025-02-17T06:18:35.724+0000] {processor.py:186} INFO - Started process (PID=3753) to work on /home/airflow/.local/lib/python3.12/site-packages/airflow/example_dags/example_latest_only_with_trigger.py
[2025-02-17T06:18:35.726+0000] {processor.py:914} INFO - Processing file /home/airflow/.local/lib/python3.12/site-packages/airflow/example_dags/example_latest_only_with_trigger.py for tasks to queue
[2025-02-17T06:18:35.730+0000] {logging_mixin.py:190} INFO - [2025-02-17T06:18:35.729+0000] {dagbag.py:588} INFO - Filling up the DagBag from /home/airflow/.local/lib/python3.12/site-packages/airflow/example_dags/example_latest_only_with_trigger.py
[2025-02-17T06:18:35.742+0000] {processor.py:925} INFO - DAG(s) 'latest_only_with_trigger' retrieved from /home/airflow/.local/lib/python3.12/site-packages/airflow/example_dags/example_latest_only_with_trigger.py
[2025-02-17T06:18:35.773+0000] {logging_mixin.py:190} INFO - [2025-02-17T06:18:35.773+0000] {dag.py:3239} INFO - Sync 1 DAGs
[2025-02-17T06:18:35.815+0000] {logging_mixin.py:190} INFO - [2025-02-17T06:18:35.815+0000] {dag.py:4180} INFO - Setting next_dagrun for latest_only_with_trigger to 2025-02-17 00:00:00+00:00, run_after=2025-02-17 04:00:00+00:00
[2025-02-17T06:18:35.869+0000] {processor.py:208} INFO - Processing /home/airflow/.local/lib/python3.12/site-packages/airflow/example_dags/example_latest_only_with_trigger.py took 0.154 seconds
[2025-02-17T06:19:06.395+0000] {processor.py:186} INFO - Started process (PID=3830) to work on /home/airflow/.local/lib/python3.12/site-packages/airflow/example_dags/example_latest_only_with_trigger.py
[2025-02-17T06:19:06.397+0000] {processor.py:914} INFO - Processing file /home/airflow/.local/lib/python3.12/site-packages/airflow/example_dags/example_latest_only_with_trigger.py for tasks to queue
[2025-02-17T06:19:06.399+0000] {logging_mixin.py:190} INFO - [2025-02-17T06:19:06.399+0000] {dagbag.py:588} INFO - Filling up the DagBag from /home/airflow/.local/lib/python3.12/site-packages/airflow/example_dags/example_latest_only_with_trigger.py
[2025-02-17T06:19:06.408+0000] {processor.py:925} INFO - DAG(s) 'latest_only_with_trigger' retrieved from /home/airflow/.local/lib/python3.12/site-packages/airflow/example_dags/example_latest_only_with_trigger.py
[2025-02-17T06:19:06.432+0000] {logging_mixin.py:190} INFO - [2025-02-17T06:19:06.431+0000] {dag.py:3239} INFO - Sync 1 DAGs
[2025-02-17T06:19:06.462+0000] {logging_mixin.py:190} INFO - [2025-02-17T06:19:06.462+0000] {dag.py:4180} INFO - Setting next_dagrun for latest_only_with_trigger to 2025-02-17 00:00:00+00:00, run_after=2025-02-17 04:00:00+00:00
[2025-02-17T06:19:06.490+0000] {processor.py:208} INFO - Processing /home/airflow/.local/lib/python3.12/site-packages/airflow/example_dags/example_latest_only_with_trigger.py took 0.102 seconds
[2025-02-17T06:19:37.180+0000] {processor.py:186} INFO - Started process (PID=3906) to work on /home/airflow/.local/lib/python3.12/site-packages/airflow/example_dags/example_latest_only_with_trigger.py
[2025-02-17T06:19:37.181+0000] {processor.py:914} INFO - Processing file /home/airflow/.local/lib/python3.12/site-packages/airflow/example_dags/example_latest_only_with_trigger.py for tasks to queue
[2025-02-17T06:19:37.184+0000] {logging_mixin.py:190} INFO - [2025-02-17T06:19:37.184+0000] {dagbag.py:588} INFO - Filling up the DagBag from /home/airflow/.local/lib/python3.12/site-packages/airflow/example_dags/example_latest_only_with_trigger.py
[2025-02-17T06:19:37.196+0000] {processor.py:925} INFO - DAG(s) 'latest_only_with_trigger' retrieved from /home/airflow/.local/lib/python3.12/site-packages/airflow/example_dags/example_latest_only_with_trigger.py
[2025-02-17T06:19:37.221+0000] {logging_mixin.py:190} INFO - [2025-02-17T06:19:37.220+0000] {dag.py:3239} INFO - Sync 1 DAGs
[2025-02-17T06:19:37.245+0000] {logging_mixin.py:190} INFO - [2025-02-17T06:19:37.245+0000] {dag.py:4180} INFO - Setting next_dagrun for latest_only_with_trigger to 2025-02-17 00:00:00+00:00, run_after=2025-02-17 04:00:00+00:00
[2025-02-17T06:19:37.290+0000] {processor.py:208} INFO - Processing /home/airflow/.local/lib/python3.12/site-packages/airflow/example_dags/example_latest_only_with_trigger.py took 0.117 seconds
[2025-02-17T06:20:08.009+0000] {processor.py:186} INFO - Started process (PID=3982) to work on /home/airflow/.local/lib/python3.12/site-packages/airflow/example_dags/example_latest_only_with_trigger.py
[2025-02-17T06:20:08.010+0000] {processor.py:914} INFO - Processing file /home/airflow/.local/lib/python3.12/site-packages/airflow/example_dags/example_latest_only_with_trigger.py for tasks to queue
[2025-02-17T06:20:08.013+0000] {logging_mixin.py:190} INFO - [2025-02-17T06:20:08.012+0000] {dagbag.py:588} INFO - Filling up the DagBag from /home/airflow/.local/lib/python3.12/site-packages/airflow/example_dags/example_latest_only_with_trigger.py
[2025-02-17T06:20:08.020+0000] {processor.py:925} INFO - DAG(s) 'latest_only_with_trigger' retrieved from /home/airflow/.local/lib/python3.12/site-packages/airflow/example_dags/example_latest_only_with_trigger.py
[2025-02-17T06:20:08.043+0000] {logging_mixin.py:190} INFO - [2025-02-17T06:20:08.043+0000] {dag.py:3239} INFO - Sync 1 DAGs
[2025-02-17T06:20:08.068+0000] {logging_mixin.py:190} INFO - [2025-02-17T06:20:08.068+0000] {dag.py:4180} INFO - Setting next_dagrun for latest_only_with_trigger to 2025-02-17 00:00:00+00:00, run_after=2025-02-17 04:00:00+00:00
[2025-02-17T06:20:08.089+0000] {processor.py:208} INFO - Processing /home/airflow/.local/lib/python3.12/site-packages/airflow/example_dags/example_latest_only_with_trigger.py took 0.087 seconds
[2025-02-17T06:20:39.414+0000] {processor.py:186} INFO - Started process (PID=4057) to work on /home/airflow/.local/lib/python3.12/site-packages/airflow/example_dags/example_latest_only_with_trigger.py
[2025-02-17T06:20:39.415+0000] {processor.py:914} INFO - Processing file /home/airflow/.local/lib/python3.12/site-packages/airflow/example_dags/example_latest_only_with_trigger.py for tasks to queue
[2025-02-17T06:20:39.418+0000] {logging_mixin.py:190} INFO - [2025-02-17T06:20:39.418+0000] {dagbag.py:588} INFO - Filling up the DagBag from /home/airflow/.local/lib/python3.12/site-packages/airflow/example_dags/example_latest_only_with_trigger.py
[2025-02-17T06:20:39.428+0000] {processor.py:925} INFO - DAG(s) 'latest_only_with_trigger' retrieved from /home/airflow/.local/lib/python3.12/site-packages/airflow/example_dags/example_latest_only_with_trigger.py
[2025-02-17T06:20:39.460+0000] {logging_mixin.py:190} INFO - [2025-02-17T06:20:39.460+0000] {dag.py:3239} INFO - Sync 1 DAGs
[2025-02-17T06:20:39.490+0000] {logging_mixin.py:190} INFO - [2025-02-17T06:20:39.490+0000] {dag.py:4180} INFO - Setting next_dagrun for latest_only_with_trigger to 2025-02-17 00:00:00+00:00, run_after=2025-02-17 04:00:00+00:00
[2025-02-17T06:20:39.521+0000] {processor.py:208} INFO - Processing /home/airflow/.local/lib/python3.12/site-packages/airflow/example_dags/example_latest_only_with_trigger.py took 0.113 seconds
[2025-02-17T06:21:09.994+0000] {processor.py:186} INFO - Started process (PID=4135) to work on /home/airflow/.local/lib/python3.12/site-packages/airflow/example_dags/example_latest_only_with_trigger.py
[2025-02-17T06:21:09.995+0000] {processor.py:914} INFO - Processing file /home/airflow/.local/lib/python3.12/site-packages/airflow/example_dags/example_latest_only_with_trigger.py for tasks to queue
[2025-02-17T06:21:10.001+0000] {logging_mixin.py:190} INFO - [2025-02-17T06:21:10.000+0000] {dagbag.py:588} INFO - Filling up the DagBag from /home/airflow/.local/lib/python3.12/site-packages/airflow/example_dags/example_latest_only_with_trigger.py
[2025-02-17T06:21:10.015+0000] {processor.py:925} INFO - DAG(s) 'latest_only_with_trigger' retrieved from /home/airflow/.local/lib/python3.12/site-packages/airflow/example_dags/example_latest_only_with_trigger.py
[2025-02-17T06:21:10.043+0000] {logging_mixin.py:190} INFO - [2025-02-17T06:21:10.043+0000] {dag.py:3239} INFO - Sync 1 DAGs
[2025-02-17T06:21:10.075+0000] {logging_mixin.py:190} INFO - [2025-02-17T06:21:10.075+0000] {dag.py:4180} INFO - Setting next_dagrun for latest_only_with_trigger to 2025-02-17 00:00:00+00:00, run_after=2025-02-17 04:00:00+00:00
[2025-02-17T06:21:10.104+0000] {processor.py:208} INFO - Processing /home/airflow/.local/lib/python3.12/site-packages/airflow/example_dags/example_latest_only_with_trigger.py took 0.118 seconds
[2025-02-17T06:21:40.168+0000] {processor.py:186} INFO - Started process (PID=4212) to work on /home/airflow/.local/lib/python3.12/site-packages/airflow/example_dags/example_latest_only_with_trigger.py
[2025-02-17T06:21:40.170+0000] {processor.py:914} INFO - Processing file /home/airflow/.local/lib/python3.12/site-packages/airflow/example_dags/example_latest_only_with_trigger.py for tasks to queue
[2025-02-17T06:21:40.172+0000] {logging_mixin.py:190} INFO - [2025-02-17T06:21:40.172+0000] {dagbag.py:588} INFO - Filling up the DagBag from /home/airflow/.local/lib/python3.12/site-packages/airflow/example_dags/example_latest_only_with_trigger.py
[2025-02-17T06:21:40.179+0000] {processor.py:925} INFO - DAG(s) 'latest_only_with_trigger' retrieved from /home/airflow/.local/lib/python3.12/site-packages/airflow/example_dags/example_latest_only_with_trigger.py
[2025-02-17T06:21:40.198+0000] {logging_mixin.py:190} INFO - [2025-02-17T06:21:40.197+0000] {dag.py:3239} INFO - Sync 1 DAGs
[2025-02-17T06:21:40.216+0000] {logging_mixin.py:190} INFO - [2025-02-17T06:21:40.216+0000] {dag.py:4180} INFO - Setting next_dagrun for latest_only_with_trigger to 2025-02-17 00:00:00+00:00, run_after=2025-02-17 04:00:00+00:00
[2025-02-17T06:21:40.233+0000] {processor.py:208} INFO - Processing /home/airflow/.local/lib/python3.12/site-packages/airflow/example_dags/example_latest_only_with_trigger.py took 0.073 seconds
[2025-02-17T06:22:10.389+0000] {processor.py:186} INFO - Started process (PID=4287) to work on /home/airflow/.local/lib/python3.12/site-packages/airflow/example_dags/example_latest_only_with_trigger.py
[2025-02-17T06:22:10.390+0000] {processor.py:914} INFO - Processing file /home/airflow/.local/lib/python3.12/site-packages/airflow/example_dags/example_latest_only_with_trigger.py for tasks to queue
[2025-02-17T06:22:10.392+0000] {logging_mixin.py:190} INFO - [2025-02-17T06:22:10.392+0000] {dagbag.py:588} INFO - Filling up the DagBag from /home/airflow/.local/lib/python3.12/site-packages/airflow/example_dags/example_latest_only_with_trigger.py
[2025-02-17T06:22:10.400+0000] {processor.py:925} INFO - DAG(s) 'latest_only_with_trigger' retrieved from /home/airflow/.local/lib/python3.12/site-packages/airflow/example_dags/example_latest_only_with_trigger.py
[2025-02-17T06:22:10.421+0000] {logging_mixin.py:190} INFO - [2025-02-17T06:22:10.421+0000] {dag.py:3239} INFO - Sync 1 DAGs
[2025-02-17T06:22:10.442+0000] {logging_mixin.py:190} INFO - [2025-02-17T06:22:10.442+0000] {dag.py:4180} INFO - Setting next_dagrun for latest_only_with_trigger to 2025-02-17 00:00:00+00:00, run_after=2025-02-17 04:00:00+00:00
[2025-02-17T06:22:10.460+0000] {processor.py:208} INFO - Processing /home/airflow/.local/lib/python3.12/site-packages/airflow/example_dags/example_latest_only_with_trigger.py took 0.077 seconds
[2025-02-17T06:22:41.103+0000] {processor.py:186} INFO - Started process (PID=4365) to work on /home/airflow/.local/lib/python3.12/site-packages/airflow/example_dags/example_latest_only_with_trigger.py
[2025-02-17T06:22:41.105+0000] {processor.py:914} INFO - Processing file /home/airflow/.local/lib/python3.12/site-packages/airflow/example_dags/example_latest_only_with_trigger.py for tasks to queue
[2025-02-17T06:22:41.108+0000] {logging_mixin.py:190} INFO - [2025-02-17T06:22:41.108+0000] {dagbag.py:588} INFO - Filling up the DagBag from /home/airflow/.local/lib/python3.12/site-packages/airflow/example_dags/example_latest_only_with_trigger.py
[2025-02-17T06:22:41.121+0000] {processor.py:925} INFO - DAG(s) 'latest_only_with_trigger' retrieved from /home/airflow/.local/lib/python3.12/site-packages/airflow/example_dags/example_latest_only_with_trigger.py
[2025-02-17T06:22:41.148+0000] {logging_mixin.py:190} INFO - [2025-02-17T06:22:41.148+0000] {dag.py:3239} INFO - Sync 1 DAGs
[2025-02-17T06:22:41.173+0000] {logging_mixin.py:190} INFO - [2025-02-17T06:22:41.173+0000] {dag.py:4180} INFO - Setting next_dagrun for latest_only_with_trigger to 2025-02-17 00:00:00+00:00, run_after=2025-02-17 04:00:00+00:00
[2025-02-17T06:22:41.197+0000] {processor.py:208} INFO - Processing /home/airflow/.local/lib/python3.12/site-packages/airflow/example_dags/example_latest_only_with_trigger.py took 0.102 seconds
[2025-02-17T06:23:11.471+0000] {processor.py:186} INFO - Started process (PID=4443) to work on /home/airflow/.local/lib/python3.12/site-packages/airflow/example_dags/example_latest_only_with_trigger.py
[2025-02-17T06:23:11.473+0000] {processor.py:914} INFO - Processing file /home/airflow/.local/lib/python3.12/site-packages/airflow/example_dags/example_latest_only_with_trigger.py for tasks to queue
[2025-02-17T06:23:11.476+0000] {logging_mixin.py:190} INFO - [2025-02-17T06:23:11.475+0000] {dagbag.py:588} INFO - Filling up the DagBag from /home/airflow/.local/lib/python3.12/site-packages/airflow/example_dags/example_latest_only_with_trigger.py
[2025-02-17T06:23:11.486+0000] {processor.py:925} INFO - DAG(s) 'latest_only_with_trigger' retrieved from /home/airflow/.local/lib/python3.12/site-packages/airflow/example_dags/example_latest_only_with_trigger.py
[2025-02-17T06:23:11.511+0000] {logging_mixin.py:190} INFO - [2025-02-17T06:23:11.511+0000] {dag.py:3239} INFO - Sync 1 DAGs
[2025-02-17T06:23:11.536+0000] {logging_mixin.py:190} INFO - [2025-02-17T06:23:11.536+0000] {dag.py:4180} INFO - Setting next_dagrun for latest_only_with_trigger to 2025-02-17 00:00:00+00:00, run_after=2025-02-17 04:00:00+00:00
[2025-02-17T06:23:11.558+0000] {processor.py:208} INFO - Processing /home/airflow/.local/lib/python3.12/site-packages/airflow/example_dags/example_latest_only_with_trigger.py took 0.097 seconds
[2025-02-17T06:23:42.358+0000] {processor.py:186} INFO - Started process (PID=4521) to work on /home/airflow/.local/lib/python3.12/site-packages/airflow/example_dags/example_latest_only_with_trigger.py
[2025-02-17T06:23:42.359+0000] {processor.py:914} INFO - Processing file /home/airflow/.local/lib/python3.12/site-packages/airflow/example_dags/example_latest_only_with_trigger.py for tasks to queue
[2025-02-17T06:23:42.361+0000] {logging_mixin.py:190} INFO - [2025-02-17T06:23:42.361+0000] {dagbag.py:588} INFO - Filling up the DagBag from /home/airflow/.local/lib/python3.12/site-packages/airflow/example_dags/example_latest_only_with_trigger.py
[2025-02-17T06:23:42.368+0000] {processor.py:925} INFO - DAG(s) 'latest_only_with_trigger' retrieved from /home/airflow/.local/lib/python3.12/site-packages/airflow/example_dags/example_latest_only_with_trigger.py
[2025-02-17T06:23:42.389+0000] {logging_mixin.py:190} INFO - [2025-02-17T06:23:42.389+0000] {dag.py:3239} INFO - Sync 1 DAGs
[2025-02-17T06:23:42.410+0000] {logging_mixin.py:190} INFO - [2025-02-17T06:23:42.410+0000] {dag.py:4180} INFO - Setting next_dagrun for latest_only_with_trigger to 2025-02-17 00:00:00+00:00, run_after=2025-02-17 04:00:00+00:00
[2025-02-17T06:23:42.427+0000] {processor.py:208} INFO - Processing /home/airflow/.local/lib/python3.12/site-packages/airflow/example_dags/example_latest_only_with_trigger.py took 0.075 seconds
[2025-02-17T12:17:23.849+0000] {processor.py:186} INFO - Started process (PID=4583) to work on /home/airflow/.local/lib/python3.12/site-packages/airflow/example_dags/example_latest_only_with_trigger.py
[2025-02-17T12:17:23.851+0000] {processor.py:914} INFO - Processing file /home/airflow/.local/lib/python3.12/site-packages/airflow/example_dags/example_latest_only_with_trigger.py for tasks to queue
[2025-02-17T12:17:23.854+0000] {logging_mixin.py:190} INFO - [2025-02-17T12:17:23.853+0000] {dagbag.py:588} INFO - Filling up the DagBag from /home/airflow/.local/lib/python3.12/site-packages/airflow/example_dags/example_latest_only_with_trigger.py
[2025-02-17T12:17:23.862+0000] {processor.py:925} INFO - DAG(s) 'latest_only_with_trigger' retrieved from /home/airflow/.local/lib/python3.12/site-packages/airflow/example_dags/example_latest_only_with_trigger.py
[2025-02-17T12:17:23.889+0000] {logging_mixin.py:190} INFO - [2025-02-17T12:17:23.889+0000] {dag.py:3239} INFO - Sync 1 DAGs
[2025-02-17T12:17:23.922+0000] {logging_mixin.py:190} INFO - [2025-02-17T12:17:23.922+0000] {dag.py:4180} INFO - Setting next_dagrun for latest_only_with_trigger to 2025-02-17 08:00:00+00:00, run_after=2025-02-17 12:00:00+00:00
[2025-02-17T12:17:24.191+0000] {processor.py:208} INFO - Processing /home/airflow/.local/lib/python3.12/site-packages/airflow/example_dags/example_latest_only_with_trigger.py took 0.348 seconds
[2025-02-17T12:17:54.894+0000] {processor.py:186} INFO - Started process (PID=4661) to work on /home/airflow/.local/lib/python3.12/site-packages/airflow/example_dags/example_latest_only_with_trigger.py
[2025-02-17T12:17:54.896+0000] {processor.py:914} INFO - Processing file /home/airflow/.local/lib/python3.12/site-packages/airflow/example_dags/example_latest_only_with_trigger.py for tasks to queue
[2025-02-17T12:17:54.899+0000] {logging_mixin.py:190} INFO - [2025-02-17T12:17:54.898+0000] {dagbag.py:588} INFO - Filling up the DagBag from /home/airflow/.local/lib/python3.12/site-packages/airflow/example_dags/example_latest_only_with_trigger.py
[2025-02-17T12:17:54.910+0000] {processor.py:925} INFO - DAG(s) 'latest_only_with_trigger' retrieved from /home/airflow/.local/lib/python3.12/site-packages/airflow/example_dags/example_latest_only_with_trigger.py
[2025-02-17T12:17:54.938+0000] {logging_mixin.py:190} INFO - [2025-02-17T12:17:54.938+0000] {dag.py:3239} INFO - Sync 1 DAGs
[2025-02-17T12:17:54.968+0000] {logging_mixin.py:190} INFO - [2025-02-17T12:17:54.968+0000] {dag.py:4180} INFO - Setting next_dagrun for latest_only_with_trigger to 2025-02-17 08:00:00+00:00, run_after=2025-02-17 12:00:00+00:00
[2025-02-17T12:17:55.019+0000] {processor.py:208} INFO - Processing /home/airflow/.local/lib/python3.12/site-packages/airflow/example_dags/example_latest_only_with_trigger.py took 0.132 seconds
[2025-02-17T12:18:25.987+0000] {processor.py:186} INFO - Started process (PID=4738) to work on /home/airflow/.local/lib/python3.12/site-packages/airflow/example_dags/example_latest_only_with_trigger.py
[2025-02-17T12:18:25.989+0000] {processor.py:914} INFO - Processing file /home/airflow/.local/lib/python3.12/site-packages/airflow/example_dags/example_latest_only_with_trigger.py for tasks to queue
[2025-02-17T12:18:25.994+0000] {logging_mixin.py:190} INFO - [2025-02-17T12:18:25.994+0000] {dagbag.py:588} INFO - Filling up the DagBag from /home/airflow/.local/lib/python3.12/site-packages/airflow/example_dags/example_latest_only_with_trigger.py
[2025-02-17T12:18:26.010+0000] {processor.py:925} INFO - DAG(s) 'latest_only_with_trigger' retrieved from /home/airflow/.local/lib/python3.12/site-packages/airflow/example_dags/example_latest_only_with_trigger.py
[2025-02-17T12:18:26.051+0000] {logging_mixin.py:190} INFO - [2025-02-17T12:18:26.051+0000] {dag.py:3239} INFO - Sync 1 DAGs
[2025-02-17T12:18:26.093+0000] {logging_mixin.py:190} INFO - [2025-02-17T12:18:26.093+0000] {dag.py:4180} INFO - Setting next_dagrun for latest_only_with_trigger to 2025-02-17 08:00:00+00:00, run_after=2025-02-17 12:00:00+00:00
[2025-02-17T12:18:26.134+0000] {processor.py:208} INFO - Processing /home/airflow/.local/lib/python3.12/site-packages/airflow/example_dags/example_latest_only_with_trigger.py took 0.155 seconds
[2025-02-17T12:18:56.490+0000] {processor.py:186} INFO - Started process (PID=4817) to work on /home/airflow/.local/lib/python3.12/site-packages/airflow/example_dags/example_latest_only_with_trigger.py
[2025-02-17T12:18:56.491+0000] {processor.py:914} INFO - Processing file /home/airflow/.local/lib/python3.12/site-packages/airflow/example_dags/example_latest_only_with_trigger.py for tasks to queue
[2025-02-17T12:18:56.494+0000] {logging_mixin.py:190} INFO - [2025-02-17T12:18:56.493+0000] {dagbag.py:588} INFO - Filling up the DagBag from /home/airflow/.local/lib/python3.12/site-packages/airflow/example_dags/example_latest_only_with_trigger.py
[2025-02-17T12:18:56.503+0000] {processor.py:925} INFO - DAG(s) 'latest_only_with_trigger' retrieved from /home/airflow/.local/lib/python3.12/site-packages/airflow/example_dags/example_latest_only_with_trigger.py
[2025-02-17T12:18:56.527+0000] {logging_mixin.py:190} INFO - [2025-02-17T12:18:56.527+0000] {dag.py:3239} INFO - Sync 1 DAGs
[2025-02-17T12:18:56.556+0000] {logging_mixin.py:190} INFO - [2025-02-17T12:18:56.556+0000] {dag.py:4180} INFO - Setting next_dagrun for latest_only_with_trigger to 2025-02-17 08:00:00+00:00, run_after=2025-02-17 12:00:00+00:00
[2025-02-17T12:18:56.579+0000] {processor.py:208} INFO - Processing /home/airflow/.local/lib/python3.12/site-packages/airflow/example_dags/example_latest_only_with_trigger.py took 0.097 seconds
[2025-02-17T12:19:28.808+0000] {processor.py:186} INFO - Started process (PID=4895) to work on /home/airflow/.local/lib/python3.12/site-packages/airflow/example_dags/example_latest_only_with_trigger.py
[2025-02-17T12:19:28.809+0000] {processor.py:914} INFO - Processing file /home/airflow/.local/lib/python3.12/site-packages/airflow/example_dags/example_latest_only_with_trigger.py for tasks to queue
[2025-02-17T12:19:28.812+0000] {logging_mixin.py:190} INFO - [2025-02-17T12:19:28.812+0000] {dagbag.py:588} INFO - Filling up the DagBag from /home/airflow/.local/lib/python3.12/site-packages/airflow/example_dags/example_latest_only_with_trigger.py
[2025-02-17T12:19:28.821+0000] {processor.py:925} INFO - DAG(s) 'latest_only_with_trigger' retrieved from /home/airflow/.local/lib/python3.12/site-packages/airflow/example_dags/example_latest_only_with_trigger.py
[2025-02-17T12:19:28.847+0000] {logging_mixin.py:190} INFO - [2025-02-17T12:19:28.846+0000] {dag.py:3239} INFO - Sync 1 DAGs
[2025-02-17T12:19:29.036+0000] {logging_mixin.py:190} INFO - [2025-02-17T12:19:29.035+0000] {dag.py:4180} INFO - Setting next_dagrun for latest_only_with_trigger to 2025-02-17 08:00:00+00:00, run_after=2025-02-17 12:00:00+00:00
[2025-02-17T12:19:29.055+0000] {processor.py:208} INFO - Processing /home/airflow/.local/lib/python3.12/site-packages/airflow/example_dags/example_latest_only_with_trigger.py took 0.255 seconds
[2025-02-17T12:19:59.952+0000] {processor.py:186} INFO - Started process (PID=4973) to work on /home/airflow/.local/lib/python3.12/site-packages/airflow/example_dags/example_latest_only_with_trigger.py
[2025-02-17T12:19:59.953+0000] {processor.py:914} INFO - Processing file /home/airflow/.local/lib/python3.12/site-packages/airflow/example_dags/example_latest_only_with_trigger.py for tasks to queue
[2025-02-17T12:19:59.957+0000] {logging_mixin.py:190} INFO - [2025-02-17T12:19:59.956+0000] {dagbag.py:588} INFO - Filling up the DagBag from /home/airflow/.local/lib/python3.12/site-packages/airflow/example_dags/example_latest_only_with_trigger.py
[2025-02-17T12:19:59.965+0000] {processor.py:925} INFO - DAG(s) 'latest_only_with_trigger' retrieved from /home/airflow/.local/lib/python3.12/site-packages/airflow/example_dags/example_latest_only_with_trigger.py
[2025-02-17T12:19:59.988+0000] {logging_mixin.py:190} INFO - [2025-02-17T12:19:59.988+0000] {dag.py:3239} INFO - Sync 1 DAGs
[2025-02-17T12:20:00.197+0000] {logging_mixin.py:190} INFO - [2025-02-17T12:20:00.197+0000] {dag.py:4180} INFO - Setting next_dagrun for latest_only_with_trigger to 2025-02-17 08:00:00+00:00, run_after=2025-02-17 12:00:00+00:00
[2025-02-17T12:20:00.222+0000] {processor.py:208} INFO - Processing /home/airflow/.local/lib/python3.12/site-packages/airflow/example_dags/example_latest_only_with_trigger.py took 0.276 seconds
