[2025-02-17T05:54:39.049+0000] {processor.py:186} INFO - Started process (PID=114) to work on /home/airflow/.local/lib/python3.12/site-packages/airflow/example_dags/example_kubernetes_executor.py
[2025-02-17T05:54:39.050+0000] {processor.py:914} INFO - Processing file /home/airflow/.local/lib/python3.12/site-packages/airflow/example_dags/example_kubernetes_executor.py for tasks to queue
[2025-02-17T05:54:39.053+0000] {logging_mixin.py:190} INFO - [2025-02-17T05:54:39.053+0000] {dagbag.py:588} INFO - Filling up the DagBag from /home/airflow/.local/lib/python3.12/site-packages/airflow/example_dags/example_kubernetes_executor.py
[2025-02-17T05:54:39.075+0000] {processor.py:925} INFO - DAG(s) 'example_kubernetes_executor' retrieved from /home/airflow/.local/lib/python3.12/site-packages/airflow/example_dags/example_kubernetes_executor.py
[2025-02-17T05:54:39.102+0000] {logging_mixin.py:190} INFO - [2025-02-17T05:54:39.102+0000] {dag.py:3239} INFO - Sync 1 DAGs
[2025-02-17T05:54:39.121+0000] {logging_mixin.py:190} INFO - [2025-02-17T05:54:39.121+0000] {dag.py:4180} INFO - Setting next_dagrun for example_kubernetes_executor to None, run_after=None
[2025-02-17T05:54:39.146+0000] {processor.py:208} INFO - Processing /home/airflow/.local/lib/python3.12/site-packages/airflow/example_dags/example_kubernetes_executor.py took 0.105 seconds
[2025-02-17T05:55:09.849+0000] {processor.py:186} INFO - Started process (PID=192) to work on /home/airflow/.local/lib/python3.12/site-packages/airflow/example_dags/example_kubernetes_executor.py
[2025-02-17T05:55:09.851+0000] {processor.py:914} INFO - Processing file /home/airflow/.local/lib/python3.12/site-packages/airflow/example_dags/example_kubernetes_executor.py for tasks to queue
[2025-02-17T05:55:09.853+0000] {logging_mixin.py:190} INFO - [2025-02-17T05:55:09.853+0000] {dagbag.py:588} INFO - Filling up the DagBag from /home/airflow/.local/lib/python3.12/site-packages/airflow/example_dags/example_kubernetes_executor.py
[2025-02-17T05:55:09.866+0000] {processor.py:925} INFO - DAG(s) 'example_kubernetes_executor' retrieved from /home/airflow/.local/lib/python3.12/site-packages/airflow/example_dags/example_kubernetes_executor.py
[2025-02-17T05:55:09.892+0000] {logging_mixin.py:190} INFO - [2025-02-17T05:55:09.892+0000] {dag.py:3239} INFO - Sync 1 DAGs
[2025-02-17T05:55:09.908+0000] {logging_mixin.py:190} INFO - [2025-02-17T05:55:09.908+0000] {dag.py:4180} INFO - Setting next_dagrun for example_kubernetes_executor to None, run_after=None
[2025-02-17T05:55:09.926+0000] {processor.py:208} INFO - Processing /home/airflow/.local/lib/python3.12/site-packages/airflow/example_dags/example_kubernetes_executor.py took 0.083 seconds
[2025-02-17T05:55:41.060+0000] {processor.py:186} INFO - Started process (PID=270) to work on /home/airflow/.local/lib/python3.12/site-packages/airflow/example_dags/example_kubernetes_executor.py
[2025-02-17T05:55:41.062+0000] {processor.py:914} INFO - Processing file /home/airflow/.local/lib/python3.12/site-packages/airflow/example_dags/example_kubernetes_executor.py for tasks to queue
[2025-02-17T05:55:41.065+0000] {logging_mixin.py:190} INFO - [2025-02-17T05:55:41.065+0000] {dagbag.py:588} INFO - Filling up the DagBag from /home/airflow/.local/lib/python3.12/site-packages/airflow/example_dags/example_kubernetes_executor.py
[2025-02-17T05:55:41.081+0000] {processor.py:925} INFO - DAG(s) 'example_kubernetes_executor' retrieved from /home/airflow/.local/lib/python3.12/site-packages/airflow/example_dags/example_kubernetes_executor.py
[2025-02-17T05:55:41.116+0000] {logging_mixin.py:190} INFO - [2025-02-17T05:55:41.115+0000] {dag.py:3239} INFO - Sync 1 DAGs
[2025-02-17T05:55:41.137+0000] {logging_mixin.py:190} INFO - [2025-02-17T05:55:41.137+0000] {dag.py:4180} INFO - Setting next_dagrun for example_kubernetes_executor to None, run_after=None
[2025-02-17T05:55:41.160+0000] {processor.py:208} INFO - Processing /home/airflow/.local/lib/python3.12/site-packages/airflow/example_dags/example_kubernetes_executor.py took 0.108 seconds
[2025-02-17T05:56:11.972+0000] {processor.py:186} INFO - Started process (PID=348) to work on /home/airflow/.local/lib/python3.12/site-packages/airflow/example_dags/example_kubernetes_executor.py
[2025-02-17T05:56:11.974+0000] {processor.py:914} INFO - Processing file /home/airflow/.local/lib/python3.12/site-packages/airflow/example_dags/example_kubernetes_executor.py for tasks to queue
[2025-02-17T05:56:11.978+0000] {logging_mixin.py:190} INFO - [2025-02-17T05:56:11.977+0000] {dagbag.py:588} INFO - Filling up the DagBag from /home/airflow/.local/lib/python3.12/site-packages/airflow/example_dags/example_kubernetes_executor.py
[2025-02-17T05:56:11.996+0000] {processor.py:925} INFO - DAG(s) 'example_kubernetes_executor' retrieved from /home/airflow/.local/lib/python3.12/site-packages/airflow/example_dags/example_kubernetes_executor.py
[2025-02-17T05:56:12.031+0000] {logging_mixin.py:190} INFO - [2025-02-17T05:56:12.030+0000] {dag.py:3239} INFO - Sync 1 DAGs
[2025-02-17T05:56:12.053+0000] {logging_mixin.py:190} INFO - [2025-02-17T05:56:12.053+0000] {dag.py:4180} INFO - Setting next_dagrun for example_kubernetes_executor to None, run_after=None
[2025-02-17T05:56:12.083+0000] {processor.py:208} INFO - Processing /home/airflow/.local/lib/python3.12/site-packages/airflow/example_dags/example_kubernetes_executor.py took 0.120 seconds
[2025-02-17T05:56:43.057+0000] {processor.py:186} INFO - Started process (PID=426) to work on /home/airflow/.local/lib/python3.12/site-packages/airflow/example_dags/example_kubernetes_executor.py
[2025-02-17T05:56:43.058+0000] {processor.py:914} INFO - Processing file /home/airflow/.local/lib/python3.12/site-packages/airflow/example_dags/example_kubernetes_executor.py for tasks to queue
[2025-02-17T05:56:43.062+0000] {logging_mixin.py:190} INFO - [2025-02-17T05:56:43.061+0000] {dagbag.py:588} INFO - Filling up the DagBag from /home/airflow/.local/lib/python3.12/site-packages/airflow/example_dags/example_kubernetes_executor.py
[2025-02-17T05:56:43.086+0000] {processor.py:925} INFO - DAG(s) 'example_kubernetes_executor' retrieved from /home/airflow/.local/lib/python3.12/site-packages/airflow/example_dags/example_kubernetes_executor.py
[2025-02-17T05:56:43.121+0000] {logging_mixin.py:190} INFO - [2025-02-17T05:56:43.121+0000] {dag.py:3239} INFO - Sync 1 DAGs
[2025-02-17T05:56:43.138+0000] {logging_mixin.py:190} INFO - [2025-02-17T05:56:43.137+0000] {dag.py:4180} INFO - Setting next_dagrun for example_kubernetes_executor to None, run_after=None
[2025-02-17T05:56:43.171+0000] {processor.py:208} INFO - Processing /home/airflow/.local/lib/python3.12/site-packages/airflow/example_dags/example_kubernetes_executor.py took 0.121 seconds
[2025-02-17T05:57:14.294+0000] {processor.py:186} INFO - Started process (PID=504) to work on /home/airflow/.local/lib/python3.12/site-packages/airflow/example_dags/example_kubernetes_executor.py
[2025-02-17T05:57:14.296+0000] {processor.py:914} INFO - Processing file /home/airflow/.local/lib/python3.12/site-packages/airflow/example_dags/example_kubernetes_executor.py for tasks to queue
[2025-02-17T05:57:14.298+0000] {logging_mixin.py:190} INFO - [2025-02-17T05:57:14.298+0000] {dagbag.py:588} INFO - Filling up the DagBag from /home/airflow/.local/lib/python3.12/site-packages/airflow/example_dags/example_kubernetes_executor.py
[2025-02-17T05:57:14.316+0000] {processor.py:925} INFO - DAG(s) 'example_kubernetes_executor' retrieved from /home/airflow/.local/lib/python3.12/site-packages/airflow/example_dags/example_kubernetes_executor.py
[2025-02-17T05:57:14.350+0000] {logging_mixin.py:190} INFO - [2025-02-17T05:57:14.349+0000] {dag.py:3239} INFO - Sync 1 DAGs
[2025-02-17T05:57:14.368+0000] {logging_mixin.py:190} INFO - [2025-02-17T05:57:14.368+0000] {dag.py:4180} INFO - Setting next_dagrun for example_kubernetes_executor to None, run_after=None
[2025-02-17T05:57:14.419+0000] {processor.py:208} INFO - Processing /home/airflow/.local/lib/python3.12/site-packages/airflow/example_dags/example_kubernetes_executor.py took 0.130 seconds
[2025-02-17T05:57:45.202+0000] {processor.py:186} INFO - Started process (PID=588) to work on /home/airflow/.local/lib/python3.12/site-packages/airflow/example_dags/example_kubernetes_executor.py
[2025-02-17T05:57:45.203+0000] {processor.py:914} INFO - Processing file /home/airflow/.local/lib/python3.12/site-packages/airflow/example_dags/example_kubernetes_executor.py for tasks to queue
[2025-02-17T05:57:45.206+0000] {logging_mixin.py:190} INFO - [2025-02-17T05:57:45.205+0000] {dagbag.py:588} INFO - Filling up the DagBag from /home/airflow/.local/lib/python3.12/site-packages/airflow/example_dags/example_kubernetes_executor.py
[2025-02-17T05:57:45.222+0000] {processor.py:925} INFO - DAG(s) 'example_kubernetes_executor' retrieved from /home/airflow/.local/lib/python3.12/site-packages/airflow/example_dags/example_kubernetes_executor.py
[2025-02-17T05:57:45.250+0000] {logging_mixin.py:190} INFO - [2025-02-17T05:57:45.250+0000] {dag.py:3239} INFO - Sync 1 DAGs
[2025-02-17T05:57:45.264+0000] {logging_mixin.py:190} INFO - [2025-02-17T05:57:45.264+0000] {dag.py:4180} INFO - Setting next_dagrun for example_kubernetes_executor to None, run_after=None
[2025-02-17T05:57:45.288+0000] {processor.py:208} INFO - Processing /home/airflow/.local/lib/python3.12/site-packages/airflow/example_dags/example_kubernetes_executor.py took 0.093 seconds
[2025-02-17T05:58:15.830+0000] {processor.py:186} INFO - Started process (PID=666) to work on /home/airflow/.local/lib/python3.12/site-packages/airflow/example_dags/example_kubernetes_executor.py
[2025-02-17T05:58:15.832+0000] {processor.py:914} INFO - Processing file /home/airflow/.local/lib/python3.12/site-packages/airflow/example_dags/example_kubernetes_executor.py for tasks to queue
[2025-02-17T05:58:15.834+0000] {logging_mixin.py:190} INFO - [2025-02-17T05:58:15.834+0000] {dagbag.py:588} INFO - Filling up the DagBag from /home/airflow/.local/lib/python3.12/site-packages/airflow/example_dags/example_kubernetes_executor.py
[2025-02-17T05:58:15.848+0000] {processor.py:925} INFO - DAG(s) 'example_kubernetes_executor' retrieved from /home/airflow/.local/lib/python3.12/site-packages/airflow/example_dags/example_kubernetes_executor.py
[2025-02-17T05:58:15.874+0000] {logging_mixin.py:190} INFO - [2025-02-17T05:58:15.874+0000] {dag.py:3239} INFO - Sync 1 DAGs
[2025-02-17T05:58:15.889+0000] {logging_mixin.py:190} INFO - [2025-02-17T05:58:15.888+0000] {dag.py:4180} INFO - Setting next_dagrun for example_kubernetes_executor to None, run_after=None
[2025-02-17T05:58:15.913+0000] {processor.py:208} INFO - Processing /home/airflow/.local/lib/python3.12/site-packages/airflow/example_dags/example_kubernetes_executor.py took 0.090 seconds
[2025-02-17T05:58:46.868+0000] {processor.py:186} INFO - Started process (PID=744) to work on /home/airflow/.local/lib/python3.12/site-packages/airflow/example_dags/example_kubernetes_executor.py
[2025-02-17T05:58:46.869+0000] {processor.py:914} INFO - Processing file /home/airflow/.local/lib/python3.12/site-packages/airflow/example_dags/example_kubernetes_executor.py for tasks to queue
[2025-02-17T05:58:46.872+0000] {logging_mixin.py:190} INFO - [2025-02-17T05:58:46.872+0000] {dagbag.py:588} INFO - Filling up the DagBag from /home/airflow/.local/lib/python3.12/site-packages/airflow/example_dags/example_kubernetes_executor.py
[2025-02-17T05:58:46.886+0000] {processor.py:925} INFO - DAG(s) 'example_kubernetes_executor' retrieved from /home/airflow/.local/lib/python3.12/site-packages/airflow/example_dags/example_kubernetes_executor.py
[2025-02-17T05:58:46.913+0000] {logging_mixin.py:190} INFO - [2025-02-17T05:58:46.913+0000] {dag.py:3239} INFO - Sync 1 DAGs
[2025-02-17T05:58:46.929+0000] {logging_mixin.py:190} INFO - [2025-02-17T05:58:46.929+0000] {dag.py:4180} INFO - Setting next_dagrun for example_kubernetes_executor to None, run_after=None
[2025-02-17T05:58:46.948+0000] {processor.py:208} INFO - Processing /home/airflow/.local/lib/python3.12/site-packages/airflow/example_dags/example_kubernetes_executor.py took 0.086 seconds
[2025-02-17T05:59:18.598+0000] {processor.py:186} INFO - Started process (PID=822) to work on /home/airflow/.local/lib/python3.12/site-packages/airflow/example_dags/example_kubernetes_executor.py
[2025-02-17T05:59:18.600+0000] {processor.py:914} INFO - Processing file /home/airflow/.local/lib/python3.12/site-packages/airflow/example_dags/example_kubernetes_executor.py for tasks to queue
[2025-02-17T05:59:18.605+0000] {logging_mixin.py:190} INFO - [2025-02-17T05:59:18.605+0000] {dagbag.py:588} INFO - Filling up the DagBag from /home/airflow/.local/lib/python3.12/site-packages/airflow/example_dags/example_kubernetes_executor.py
[2025-02-17T05:59:18.627+0000] {processor.py:925} INFO - DAG(s) 'example_kubernetes_executor' retrieved from /home/airflow/.local/lib/python3.12/site-packages/airflow/example_dags/example_kubernetes_executor.py
[2025-02-17T05:59:18.662+0000] {logging_mixin.py:190} INFO - [2025-02-17T05:59:18.662+0000] {dag.py:3239} INFO - Sync 1 DAGs
[2025-02-17T05:59:18.678+0000] {logging_mixin.py:190} INFO - [2025-02-17T05:59:18.678+0000] {dag.py:4180} INFO - Setting next_dagrun for example_kubernetes_executor to None, run_after=None
[2025-02-17T05:59:18.701+0000] {processor.py:208} INFO - Processing /home/airflow/.local/lib/python3.12/site-packages/airflow/example_dags/example_kubernetes_executor.py took 0.113 seconds
[2025-02-17T05:59:49.945+0000] {processor.py:186} INFO - Started process (PID=899) to work on /home/airflow/.local/lib/python3.12/site-packages/airflow/example_dags/example_kubernetes_executor.py
[2025-02-17T05:59:49.947+0000] {processor.py:914} INFO - Processing file /home/airflow/.local/lib/python3.12/site-packages/airflow/example_dags/example_kubernetes_executor.py for tasks to queue
[2025-02-17T05:59:49.949+0000] {logging_mixin.py:190} INFO - [2025-02-17T05:59:49.949+0000] {dagbag.py:588} INFO - Filling up the DagBag from /home/airflow/.local/lib/python3.12/site-packages/airflow/example_dags/example_kubernetes_executor.py
[2025-02-17T05:59:49.965+0000] {processor.py:925} INFO - DAG(s) 'example_kubernetes_executor' retrieved from /home/airflow/.local/lib/python3.12/site-packages/airflow/example_dags/example_kubernetes_executor.py
[2025-02-17T05:59:49.995+0000] {logging_mixin.py:190} INFO - [2025-02-17T05:59:49.994+0000] {dag.py:3239} INFO - Sync 1 DAGs
[2025-02-17T05:59:50.016+0000] {logging_mixin.py:190} INFO - [2025-02-17T05:59:50.016+0000] {dag.py:4180} INFO - Setting next_dagrun for example_kubernetes_executor to None, run_after=None
[2025-02-17T05:59:50.045+0000] {processor.py:208} INFO - Processing /home/airflow/.local/lib/python3.12/site-packages/airflow/example_dags/example_kubernetes_executor.py took 0.108 seconds
[2025-02-17T06:00:21.114+0000] {processor.py:186} INFO - Started process (PID=977) to work on /home/airflow/.local/lib/python3.12/site-packages/airflow/example_dags/example_kubernetes_executor.py
[2025-02-17T06:00:21.115+0000] {processor.py:914} INFO - Processing file /home/airflow/.local/lib/python3.12/site-packages/airflow/example_dags/example_kubernetes_executor.py for tasks to queue
[2025-02-17T06:00:21.117+0000] {logging_mixin.py:190} INFO - [2025-02-17T06:00:21.117+0000] {dagbag.py:588} INFO - Filling up the DagBag from /home/airflow/.local/lib/python3.12/site-packages/airflow/example_dags/example_kubernetes_executor.py
[2025-02-17T06:00:21.133+0000] {processor.py:925} INFO - DAG(s) 'example_kubernetes_executor' retrieved from /home/airflow/.local/lib/python3.12/site-packages/airflow/example_dags/example_kubernetes_executor.py
[2025-02-17T06:00:21.160+0000] {logging_mixin.py:190} INFO - [2025-02-17T06:00:21.159+0000] {dag.py:3239} INFO - Sync 1 DAGs
[2025-02-17T06:00:21.176+0000] {logging_mixin.py:190} INFO - [2025-02-17T06:00:21.176+0000] {dag.py:4180} INFO - Setting next_dagrun for example_kubernetes_executor to None, run_after=None
[2025-02-17T06:00:21.199+0000] {processor.py:208} INFO - Processing /home/airflow/.local/lib/python3.12/site-packages/airflow/example_dags/example_kubernetes_executor.py took 0.091 seconds
[2025-02-17T06:00:52.510+0000] {processor.py:186} INFO - Started process (PID=1055) to work on /home/airflow/.local/lib/python3.12/site-packages/airflow/example_dags/example_kubernetes_executor.py
[2025-02-17T06:00:52.511+0000] {processor.py:914} INFO - Processing file /home/airflow/.local/lib/python3.12/site-packages/airflow/example_dags/example_kubernetes_executor.py for tasks to queue
[2025-02-17T06:00:52.514+0000] {logging_mixin.py:190} INFO - [2025-02-17T06:00:52.513+0000] {dagbag.py:588} INFO - Filling up the DagBag from /home/airflow/.local/lib/python3.12/site-packages/airflow/example_dags/example_kubernetes_executor.py
[2025-02-17T06:00:52.528+0000] {processor.py:925} INFO - DAG(s) 'example_kubernetes_executor' retrieved from /home/airflow/.local/lib/python3.12/site-packages/airflow/example_dags/example_kubernetes_executor.py
[2025-02-17T06:00:52.554+0000] {logging_mixin.py:190} INFO - [2025-02-17T06:00:52.554+0000] {dag.py:3239} INFO - Sync 1 DAGs
[2025-02-17T06:00:52.568+0000] {logging_mixin.py:190} INFO - [2025-02-17T06:00:52.568+0000] {dag.py:4180} INFO - Setting next_dagrun for example_kubernetes_executor to None, run_after=None
[2025-02-17T06:00:52.612+0000] {processor.py:208} INFO - Processing /home/airflow/.local/lib/python3.12/site-packages/airflow/example_dags/example_kubernetes_executor.py took 0.108 seconds
[2025-02-17T06:01:23.484+0000] {processor.py:186} INFO - Started process (PID=1133) to work on /home/airflow/.local/lib/python3.12/site-packages/airflow/example_dags/example_kubernetes_executor.py
[2025-02-17T06:01:23.486+0000] {processor.py:914} INFO - Processing file /home/airflow/.local/lib/python3.12/site-packages/airflow/example_dags/example_kubernetes_executor.py for tasks to queue
[2025-02-17T06:01:23.488+0000] {logging_mixin.py:190} INFO - [2025-02-17T06:01:23.488+0000] {dagbag.py:588} INFO - Filling up the DagBag from /home/airflow/.local/lib/python3.12/site-packages/airflow/example_dags/example_kubernetes_executor.py
[2025-02-17T06:01:23.504+0000] {processor.py:925} INFO - DAG(s) 'example_kubernetes_executor' retrieved from /home/airflow/.local/lib/python3.12/site-packages/airflow/example_dags/example_kubernetes_executor.py
[2025-02-17T06:01:23.530+0000] {logging_mixin.py:190} INFO - [2025-02-17T06:01:23.530+0000] {dag.py:3239} INFO - Sync 1 DAGs
[2025-02-17T06:01:23.545+0000] {logging_mixin.py:190} INFO - [2025-02-17T06:01:23.544+0000] {dag.py:4180} INFO - Setting next_dagrun for example_kubernetes_executor to None, run_after=None
[2025-02-17T06:01:23.563+0000] {processor.py:208} INFO - Processing /home/airflow/.local/lib/python3.12/site-packages/airflow/example_dags/example_kubernetes_executor.py took 0.086 seconds
[2025-02-17T06:01:54.479+0000] {processor.py:186} INFO - Started process (PID=1209) to work on /home/airflow/.local/lib/python3.12/site-packages/airflow/example_dags/example_kubernetes_executor.py
[2025-02-17T06:01:54.480+0000] {processor.py:914} INFO - Processing file /home/airflow/.local/lib/python3.12/site-packages/airflow/example_dags/example_kubernetes_executor.py for tasks to queue
[2025-02-17T06:01:54.483+0000] {logging_mixin.py:190} INFO - [2025-02-17T06:01:54.483+0000] {dagbag.py:588} INFO - Filling up the DagBag from /home/airflow/.local/lib/python3.12/site-packages/airflow/example_dags/example_kubernetes_executor.py
[2025-02-17T06:01:54.498+0000] {processor.py:925} INFO - DAG(s) 'example_kubernetes_executor' retrieved from /home/airflow/.local/lib/python3.12/site-packages/airflow/example_dags/example_kubernetes_executor.py
[2025-02-17T06:01:54.529+0000] {logging_mixin.py:190} INFO - [2025-02-17T06:01:54.529+0000] {dag.py:3239} INFO - Sync 1 DAGs
[2025-02-17T06:01:54.551+0000] {logging_mixin.py:190} INFO - [2025-02-17T06:01:54.551+0000] {dag.py:4180} INFO - Setting next_dagrun for example_kubernetes_executor to None, run_after=None
[2025-02-17T06:01:54.577+0000] {processor.py:208} INFO - Processing /home/airflow/.local/lib/python3.12/site-packages/airflow/example_dags/example_kubernetes_executor.py took 0.104 seconds
[2025-02-17T06:02:24.896+0000] {processor.py:186} INFO - Started process (PID=1275) to work on /home/airflow/.local/lib/python3.12/site-packages/airflow/example_dags/example_kubernetes_executor.py
[2025-02-17T06:02:24.897+0000] {processor.py:914} INFO - Processing file /home/airflow/.local/lib/python3.12/site-packages/airflow/example_dags/example_kubernetes_executor.py for tasks to queue
[2025-02-17T06:02:24.899+0000] {logging_mixin.py:190} INFO - [2025-02-17T06:02:24.899+0000] {dagbag.py:588} INFO - Filling up the DagBag from /home/airflow/.local/lib/python3.12/site-packages/airflow/example_dags/example_kubernetes_executor.py
[2025-02-17T06:02:24.915+0000] {processor.py:925} INFO - DAG(s) 'example_kubernetes_executor' retrieved from /home/airflow/.local/lib/python3.12/site-packages/airflow/example_dags/example_kubernetes_executor.py
[2025-02-17T06:02:24.937+0000] {logging_mixin.py:190} INFO - [2025-02-17T06:02:24.937+0000] {dag.py:3239} INFO - Sync 1 DAGs
[2025-02-17T06:02:24.951+0000] {logging_mixin.py:190} INFO - [2025-02-17T06:02:24.951+0000] {dag.py:4180} INFO - Setting next_dagrun for example_kubernetes_executor to None, run_after=None
[2025-02-17T06:02:24.968+0000] {processor.py:208} INFO - Processing /home/airflow/.local/lib/python3.12/site-packages/airflow/example_dags/example_kubernetes_executor.py took 0.078 seconds
[2025-02-17T06:02:56.245+0000] {processor.py:186} INFO - Started process (PID=1353) to work on /home/airflow/.local/lib/python3.12/site-packages/airflow/example_dags/example_kubernetes_executor.py
[2025-02-17T06:02:56.246+0000] {processor.py:914} INFO - Processing file /home/airflow/.local/lib/python3.12/site-packages/airflow/example_dags/example_kubernetes_executor.py for tasks to queue
[2025-02-17T06:02:56.249+0000] {logging_mixin.py:190} INFO - [2025-02-17T06:02:56.248+0000] {dagbag.py:588} INFO - Filling up the DagBag from /home/airflow/.local/lib/python3.12/site-packages/airflow/example_dags/example_kubernetes_executor.py
[2025-02-17T06:02:56.265+0000] {processor.py:925} INFO - DAG(s) 'example_kubernetes_executor' retrieved from /home/airflow/.local/lib/python3.12/site-packages/airflow/example_dags/example_kubernetes_executor.py
[2025-02-17T06:02:56.296+0000] {logging_mixin.py:190} INFO - [2025-02-17T06:02:56.295+0000] {dag.py:3239} INFO - Sync 1 DAGs
[2025-02-17T06:02:56.310+0000] {logging_mixin.py:190} INFO - [2025-02-17T06:02:56.310+0000] {dag.py:4180} INFO - Setting next_dagrun for example_kubernetes_executor to None, run_after=None
[2025-02-17T06:02:56.334+0000] {processor.py:208} INFO - Processing /home/airflow/.local/lib/python3.12/site-packages/airflow/example_dags/example_kubernetes_executor.py took 0.095 seconds
[2025-02-17T06:03:27.614+0000] {processor.py:186} INFO - Started process (PID=1431) to work on /home/airflow/.local/lib/python3.12/site-packages/airflow/example_dags/example_kubernetes_executor.py
[2025-02-17T06:03:27.616+0000] {processor.py:914} INFO - Processing file /home/airflow/.local/lib/python3.12/site-packages/airflow/example_dags/example_kubernetes_executor.py for tasks to queue
[2025-02-17T06:03:27.619+0000] {logging_mixin.py:190} INFO - [2025-02-17T06:03:27.618+0000] {dagbag.py:588} INFO - Filling up the DagBag from /home/airflow/.local/lib/python3.12/site-packages/airflow/example_dags/example_kubernetes_executor.py
[2025-02-17T06:03:27.633+0000] {processor.py:925} INFO - DAG(s) 'example_kubernetes_executor' retrieved from /home/airflow/.local/lib/python3.12/site-packages/airflow/example_dags/example_kubernetes_executor.py
[2025-02-17T06:03:27.660+0000] {logging_mixin.py:190} INFO - [2025-02-17T06:03:27.660+0000] {dag.py:3239} INFO - Sync 1 DAGs
[2025-02-17T06:03:27.677+0000] {logging_mixin.py:190} INFO - [2025-02-17T06:03:27.677+0000] {dag.py:4180} INFO - Setting next_dagrun for example_kubernetes_executor to None, run_after=None
[2025-02-17T06:03:27.700+0000] {processor.py:208} INFO - Processing /home/airflow/.local/lib/python3.12/site-packages/airflow/example_dags/example_kubernetes_executor.py took 0.092 seconds
[2025-02-17T06:03:58.735+0000] {processor.py:186} INFO - Started process (PID=1509) to work on /home/airflow/.local/lib/python3.12/site-packages/airflow/example_dags/example_kubernetes_executor.py
[2025-02-17T06:03:58.736+0000] {processor.py:914} INFO - Processing file /home/airflow/.local/lib/python3.12/site-packages/airflow/example_dags/example_kubernetes_executor.py for tasks to queue
[2025-02-17T06:03:58.741+0000] {logging_mixin.py:190} INFO - [2025-02-17T06:03:58.741+0000] {dagbag.py:588} INFO - Filling up the DagBag from /home/airflow/.local/lib/python3.12/site-packages/airflow/example_dags/example_kubernetes_executor.py
[2025-02-17T06:03:58.759+0000] {processor.py:925} INFO - DAG(s) 'example_kubernetes_executor' retrieved from /home/airflow/.local/lib/python3.12/site-packages/airflow/example_dags/example_kubernetes_executor.py
[2025-02-17T06:03:58.797+0000] {logging_mixin.py:190} INFO - [2025-02-17T06:03:58.797+0000] {dag.py:3239} INFO - Sync 1 DAGs
[2025-02-17T06:03:58.817+0000] {logging_mixin.py:190} INFO - [2025-02-17T06:03:58.817+0000] {dag.py:4180} INFO - Setting next_dagrun for example_kubernetes_executor to None, run_after=None
[2025-02-17T06:03:58.850+0000] {processor.py:208} INFO - Processing /home/airflow/.local/lib/python3.12/site-packages/airflow/example_dags/example_kubernetes_executor.py took 0.124 seconds
[2025-02-17T06:04:29.830+0000] {processor.py:186} INFO - Started process (PID=1586) to work on /home/airflow/.local/lib/python3.12/site-packages/airflow/example_dags/example_kubernetes_executor.py
[2025-02-17T06:04:29.831+0000] {processor.py:914} INFO - Processing file /home/airflow/.local/lib/python3.12/site-packages/airflow/example_dags/example_kubernetes_executor.py for tasks to queue
[2025-02-17T06:04:29.833+0000] {logging_mixin.py:190} INFO - [2025-02-17T06:04:29.833+0000] {dagbag.py:588} INFO - Filling up the DagBag from /home/airflow/.local/lib/python3.12/site-packages/airflow/example_dags/example_kubernetes_executor.py
[2025-02-17T06:04:29.850+0000] {processor.py:925} INFO - DAG(s) 'example_kubernetes_executor' retrieved from /home/airflow/.local/lib/python3.12/site-packages/airflow/example_dags/example_kubernetes_executor.py
[2025-02-17T06:04:29.880+0000] {logging_mixin.py:190} INFO - [2025-02-17T06:04:29.880+0000] {dag.py:3239} INFO - Sync 1 DAGs
[2025-02-17T06:04:29.900+0000] {logging_mixin.py:190} INFO - [2025-02-17T06:04:29.900+0000] {dag.py:4180} INFO - Setting next_dagrun for example_kubernetes_executor to None, run_after=None
[2025-02-17T06:04:29.927+0000] {processor.py:208} INFO - Processing /home/airflow/.local/lib/python3.12/site-packages/airflow/example_dags/example_kubernetes_executor.py took 0.103 seconds
[2025-02-17T06:05:01.174+0000] {processor.py:186} INFO - Started process (PID=1664) to work on /home/airflow/.local/lib/python3.12/site-packages/airflow/example_dags/example_kubernetes_executor.py
[2025-02-17T06:05:01.175+0000] {processor.py:914} INFO - Processing file /home/airflow/.local/lib/python3.12/site-packages/airflow/example_dags/example_kubernetes_executor.py for tasks to queue
[2025-02-17T06:05:01.178+0000] {logging_mixin.py:190} INFO - [2025-02-17T06:05:01.178+0000] {dagbag.py:588} INFO - Filling up the DagBag from /home/airflow/.local/lib/python3.12/site-packages/airflow/example_dags/example_kubernetes_executor.py
[2025-02-17T06:05:01.198+0000] {processor.py:925} INFO - DAG(s) 'example_kubernetes_executor' retrieved from /home/airflow/.local/lib/python3.12/site-packages/airflow/example_dags/example_kubernetes_executor.py
[2025-02-17T06:05:01.228+0000] {logging_mixin.py:190} INFO - [2025-02-17T06:05:01.228+0000] {dag.py:3239} INFO - Sync 1 DAGs
[2025-02-17T06:05:01.243+0000] {logging_mixin.py:190} INFO - [2025-02-17T06:05:01.242+0000] {dag.py:4180} INFO - Setting next_dagrun for example_kubernetes_executor to None, run_after=None
[2025-02-17T06:05:01.288+0000] {processor.py:208} INFO - Processing /home/airflow/.local/lib/python3.12/site-packages/airflow/example_dags/example_kubernetes_executor.py took 0.121 seconds
[2025-02-17T06:05:33.089+0000] {processor.py:186} INFO - Started process (PID=1749) to work on /home/airflow/.local/lib/python3.12/site-packages/airflow/example_dags/example_kubernetes_executor.py
[2025-02-17T06:05:33.091+0000] {processor.py:914} INFO - Processing file /home/airflow/.local/lib/python3.12/site-packages/airflow/example_dags/example_kubernetes_executor.py for tasks to queue
[2025-02-17T06:05:33.094+0000] {logging_mixin.py:190} INFO - [2025-02-17T06:05:33.093+0000] {dagbag.py:588} INFO - Filling up the DagBag from /home/airflow/.local/lib/python3.12/site-packages/airflow/example_dags/example_kubernetes_executor.py
[2025-02-17T06:05:33.116+0000] {processor.py:925} INFO - DAG(s) 'example_kubernetes_executor' retrieved from /home/airflow/.local/lib/python3.12/site-packages/airflow/example_dags/example_kubernetes_executor.py
[2025-02-17T06:05:33.145+0000] {logging_mixin.py:190} INFO - [2025-02-17T06:05:33.144+0000] {dag.py:3239} INFO - Sync 1 DAGs
[2025-02-17T06:05:33.162+0000] {logging_mixin.py:190} INFO - [2025-02-17T06:05:33.162+0000] {dag.py:4180} INFO - Setting next_dagrun for example_kubernetes_executor to None, run_after=None
[2025-02-17T06:05:33.192+0000] {processor.py:208} INFO - Processing /home/airflow/.local/lib/python3.12/site-packages/airflow/example_dags/example_kubernetes_executor.py took 0.108 seconds
[2025-02-17T06:06:04.591+0000] {processor.py:186} INFO - Started process (PID=1827) to work on /home/airflow/.local/lib/python3.12/site-packages/airflow/example_dags/example_kubernetes_executor.py
[2025-02-17T06:06:04.593+0000] {processor.py:914} INFO - Processing file /home/airflow/.local/lib/python3.12/site-packages/airflow/example_dags/example_kubernetes_executor.py for tasks to queue
[2025-02-17T06:06:04.596+0000] {logging_mixin.py:190} INFO - [2025-02-17T06:06:04.596+0000] {dagbag.py:588} INFO - Filling up the DagBag from /home/airflow/.local/lib/python3.12/site-packages/airflow/example_dags/example_kubernetes_executor.py
[2025-02-17T06:06:04.614+0000] {processor.py:925} INFO - DAG(s) 'example_kubernetes_executor' retrieved from /home/airflow/.local/lib/python3.12/site-packages/airflow/example_dags/example_kubernetes_executor.py
[2025-02-17T06:06:04.643+0000] {logging_mixin.py:190} INFO - [2025-02-17T06:06:04.643+0000] {dag.py:3239} INFO - Sync 1 DAGs
[2025-02-17T06:06:04.659+0000] {logging_mixin.py:190} INFO - [2025-02-17T06:06:04.659+0000] {dag.py:4180} INFO - Setting next_dagrun for example_kubernetes_executor to None, run_after=None
[2025-02-17T06:06:04.683+0000] {processor.py:208} INFO - Processing /home/airflow/.local/lib/python3.12/site-packages/airflow/example_dags/example_kubernetes_executor.py took 0.099 seconds
[2025-02-17T06:06:35.901+0000] {processor.py:186} INFO - Started process (PID=1905) to work on /home/airflow/.local/lib/python3.12/site-packages/airflow/example_dags/example_kubernetes_executor.py
[2025-02-17T06:06:35.902+0000] {processor.py:914} INFO - Processing file /home/airflow/.local/lib/python3.12/site-packages/airflow/example_dags/example_kubernetes_executor.py for tasks to queue
[2025-02-17T06:06:35.906+0000] {logging_mixin.py:190} INFO - [2025-02-17T06:06:35.905+0000] {dagbag.py:588} INFO - Filling up the DagBag from /home/airflow/.local/lib/python3.12/site-packages/airflow/example_dags/example_kubernetes_executor.py
[2025-02-17T06:06:35.923+0000] {processor.py:925} INFO - DAG(s) 'example_kubernetes_executor' retrieved from /home/airflow/.local/lib/python3.12/site-packages/airflow/example_dags/example_kubernetes_executor.py
[2025-02-17T06:06:35.945+0000] {logging_mixin.py:190} INFO - [2025-02-17T06:06:35.944+0000] {dag.py:3239} INFO - Sync 1 DAGs
[2025-02-17T06:06:35.958+0000] {logging_mixin.py:190} INFO - [2025-02-17T06:06:35.958+0000] {dag.py:4180} INFO - Setting next_dagrun for example_kubernetes_executor to None, run_after=None
[2025-02-17T06:06:35.977+0000] {processor.py:208} INFO - Processing /home/airflow/.local/lib/python3.12/site-packages/airflow/example_dags/example_kubernetes_executor.py took 0.083 seconds
[2025-02-17T06:07:07.194+0000] {processor.py:186} INFO - Started process (PID=1983) to work on /home/airflow/.local/lib/python3.12/site-packages/airflow/example_dags/example_kubernetes_executor.py
[2025-02-17T06:07:07.195+0000] {processor.py:914} INFO - Processing file /home/airflow/.local/lib/python3.12/site-packages/airflow/example_dags/example_kubernetes_executor.py for tasks to queue
[2025-02-17T06:07:07.197+0000] {logging_mixin.py:190} INFO - [2025-02-17T06:07:07.197+0000] {dagbag.py:588} INFO - Filling up the DagBag from /home/airflow/.local/lib/python3.12/site-packages/airflow/example_dags/example_kubernetes_executor.py
[2025-02-17T06:07:07.211+0000] {processor.py:925} INFO - DAG(s) 'example_kubernetes_executor' retrieved from /home/airflow/.local/lib/python3.12/site-packages/airflow/example_dags/example_kubernetes_executor.py
[2025-02-17T06:07:07.236+0000] {logging_mixin.py:190} INFO - [2025-02-17T06:07:07.235+0000] {dag.py:3239} INFO - Sync 1 DAGs
[2025-02-17T06:07:07.248+0000] {logging_mixin.py:190} INFO - [2025-02-17T06:07:07.248+0000] {dag.py:4180} INFO - Setting next_dagrun for example_kubernetes_executor to None, run_after=None
[2025-02-17T06:07:07.264+0000] {processor.py:208} INFO - Processing /home/airflow/.local/lib/python3.12/site-packages/airflow/example_dags/example_kubernetes_executor.py took 0.077 seconds
[2025-02-17T06:07:38.321+0000] {processor.py:186} INFO - Started process (PID=2061) to work on /home/airflow/.local/lib/python3.12/site-packages/airflow/example_dags/example_kubernetes_executor.py
[2025-02-17T06:07:38.323+0000] {processor.py:914} INFO - Processing file /home/airflow/.local/lib/python3.12/site-packages/airflow/example_dags/example_kubernetes_executor.py for tasks to queue
[2025-02-17T06:07:38.328+0000] {logging_mixin.py:190} INFO - [2025-02-17T06:07:38.328+0000] {dagbag.py:588} INFO - Filling up the DagBag from /home/airflow/.local/lib/python3.12/site-packages/airflow/example_dags/example_kubernetes_executor.py
[2025-02-17T06:07:38.347+0000] {processor.py:925} INFO - DAG(s) 'example_kubernetes_executor' retrieved from /home/airflow/.local/lib/python3.12/site-packages/airflow/example_dags/example_kubernetes_executor.py
[2025-02-17T06:07:38.383+0000] {logging_mixin.py:190} INFO - [2025-02-17T06:07:38.382+0000] {dag.py:3239} INFO - Sync 1 DAGs
[2025-02-17T06:07:38.400+0000] {logging_mixin.py:190} INFO - [2025-02-17T06:07:38.400+0000] {dag.py:4180} INFO - Setting next_dagrun for example_kubernetes_executor to None, run_after=None
[2025-02-17T06:07:38.448+0000] {processor.py:208} INFO - Processing /home/airflow/.local/lib/python3.12/site-packages/airflow/example_dags/example_kubernetes_executor.py took 0.135 seconds
[2025-02-17T06:08:08.641+0000] {processor.py:186} INFO - Started process (PID=2138) to work on /home/airflow/.local/lib/python3.12/site-packages/airflow/example_dags/example_kubernetes_executor.py
[2025-02-17T06:08:08.643+0000] {processor.py:914} INFO - Processing file /home/airflow/.local/lib/python3.12/site-packages/airflow/example_dags/example_kubernetes_executor.py for tasks to queue
[2025-02-17T06:08:08.646+0000] {logging_mixin.py:190} INFO - [2025-02-17T06:08:08.646+0000] {dagbag.py:588} INFO - Filling up the DagBag from /home/airflow/.local/lib/python3.12/site-packages/airflow/example_dags/example_kubernetes_executor.py
[2025-02-17T06:08:08.663+0000] {processor.py:925} INFO - DAG(s) 'example_kubernetes_executor' retrieved from /home/airflow/.local/lib/python3.12/site-packages/airflow/example_dags/example_kubernetes_executor.py
[2025-02-17T06:08:08.697+0000] {logging_mixin.py:190} INFO - [2025-02-17T06:08:08.697+0000] {dag.py:3239} INFO - Sync 1 DAGs
[2025-02-17T06:08:08.718+0000] {logging_mixin.py:190} INFO - [2025-02-17T06:08:08.718+0000] {dag.py:4180} INFO - Setting next_dagrun for example_kubernetes_executor to None, run_after=None
[2025-02-17T06:08:08.768+0000] {processor.py:208} INFO - Processing /home/airflow/.local/lib/python3.12/site-packages/airflow/example_dags/example_kubernetes_executor.py took 0.136 seconds
[2025-02-17T06:08:39.551+0000] {processor.py:186} INFO - Started process (PID=2216) to work on /home/airflow/.local/lib/python3.12/site-packages/airflow/example_dags/example_kubernetes_executor.py
[2025-02-17T06:08:39.553+0000] {processor.py:914} INFO - Processing file /home/airflow/.local/lib/python3.12/site-packages/airflow/example_dags/example_kubernetes_executor.py for tasks to queue
[2025-02-17T06:08:39.556+0000] {logging_mixin.py:190} INFO - [2025-02-17T06:08:39.556+0000] {dagbag.py:588} INFO - Filling up the DagBag from /home/airflow/.local/lib/python3.12/site-packages/airflow/example_dags/example_kubernetes_executor.py
[2025-02-17T06:08:39.579+0000] {processor.py:925} INFO - DAG(s) 'example_kubernetes_executor' retrieved from /home/airflow/.local/lib/python3.12/site-packages/airflow/example_dags/example_kubernetes_executor.py
[2025-02-17T06:08:39.613+0000] {logging_mixin.py:190} INFO - [2025-02-17T06:08:39.613+0000] {dag.py:3239} INFO - Sync 1 DAGs
[2025-02-17T06:08:39.631+0000] {logging_mixin.py:190} INFO - [2025-02-17T06:08:39.631+0000] {dag.py:4180} INFO - Setting next_dagrun for example_kubernetes_executor to None, run_after=None
[2025-02-17T06:08:39.654+0000] {processor.py:208} INFO - Processing /home/airflow/.local/lib/python3.12/site-packages/airflow/example_dags/example_kubernetes_executor.py took 0.109 seconds
[2025-02-17T06:09:09.775+0000] {processor.py:186} INFO - Started process (PID=2293) to work on /home/airflow/.local/lib/python3.12/site-packages/airflow/example_dags/example_kubernetes_executor.py
[2025-02-17T06:09:09.776+0000] {processor.py:914} INFO - Processing file /home/airflow/.local/lib/python3.12/site-packages/airflow/example_dags/example_kubernetes_executor.py for tasks to queue
[2025-02-17T06:09:09.779+0000] {logging_mixin.py:190} INFO - [2025-02-17T06:09:09.778+0000] {dagbag.py:588} INFO - Filling up the DagBag from /home/airflow/.local/lib/python3.12/site-packages/airflow/example_dags/example_kubernetes_executor.py
[2025-02-17T06:09:09.793+0000] {processor.py:925} INFO - DAG(s) 'example_kubernetes_executor' retrieved from /home/airflow/.local/lib/python3.12/site-packages/airflow/example_dags/example_kubernetes_executor.py
[2025-02-17T06:09:09.815+0000] {logging_mixin.py:190} INFO - [2025-02-17T06:09:09.815+0000] {dag.py:3239} INFO - Sync 1 DAGs
[2025-02-17T06:09:09.827+0000] {logging_mixin.py:190} INFO - [2025-02-17T06:09:09.827+0000] {dag.py:4180} INFO - Setting next_dagrun for example_kubernetes_executor to None, run_after=None
[2025-02-17T06:09:09.853+0000] {processor.py:208} INFO - Processing /home/airflow/.local/lib/python3.12/site-packages/airflow/example_dags/example_kubernetes_executor.py took 0.083 seconds
[2025-02-17T06:09:40.825+0000] {processor.py:186} INFO - Started process (PID=2372) to work on /home/airflow/.local/lib/python3.12/site-packages/airflow/example_dags/example_kubernetes_executor.py
[2025-02-17T06:09:40.826+0000] {processor.py:914} INFO - Processing file /home/airflow/.local/lib/python3.12/site-packages/airflow/example_dags/example_kubernetes_executor.py for tasks to queue
[2025-02-17T06:09:40.829+0000] {logging_mixin.py:190} INFO - [2025-02-17T06:09:40.828+0000] {dagbag.py:588} INFO - Filling up the DagBag from /home/airflow/.local/lib/python3.12/site-packages/airflow/example_dags/example_kubernetes_executor.py
[2025-02-17T06:09:40.841+0000] {processor.py:925} INFO - DAG(s) 'example_kubernetes_executor' retrieved from /home/airflow/.local/lib/python3.12/site-packages/airflow/example_dags/example_kubernetes_executor.py
[2025-02-17T06:09:40.864+0000] {logging_mixin.py:190} INFO - [2025-02-17T06:09:40.864+0000] {dag.py:3239} INFO - Sync 1 DAGs
[2025-02-17T06:09:40.879+0000] {logging_mixin.py:190} INFO - [2025-02-17T06:09:40.878+0000] {dag.py:4180} INFO - Setting next_dagrun for example_kubernetes_executor to None, run_after=None
[2025-02-17T06:09:40.897+0000] {processor.py:208} INFO - Processing /home/airflow/.local/lib/python3.12/site-packages/airflow/example_dags/example_kubernetes_executor.py took 0.077 seconds
[2025-02-17T06:10:11.099+0000] {processor.py:186} INFO - Started process (PID=2449) to work on /home/airflow/.local/lib/python3.12/site-packages/airflow/example_dags/example_kubernetes_executor.py
[2025-02-17T06:10:11.100+0000] {processor.py:914} INFO - Processing file /home/airflow/.local/lib/python3.12/site-packages/airflow/example_dags/example_kubernetes_executor.py for tasks to queue
[2025-02-17T06:10:11.103+0000] {logging_mixin.py:190} INFO - [2025-02-17T06:10:11.102+0000] {dagbag.py:588} INFO - Filling up the DagBag from /home/airflow/.local/lib/python3.12/site-packages/airflow/example_dags/example_kubernetes_executor.py
[2025-02-17T06:10:11.116+0000] {processor.py:925} INFO - DAG(s) 'example_kubernetes_executor' retrieved from /home/airflow/.local/lib/python3.12/site-packages/airflow/example_dags/example_kubernetes_executor.py
[2025-02-17T06:10:11.141+0000] {logging_mixin.py:190} INFO - [2025-02-17T06:10:11.141+0000] {dag.py:3239} INFO - Sync 1 DAGs
[2025-02-17T06:10:11.157+0000] {logging_mixin.py:190} INFO - [2025-02-17T06:10:11.157+0000] {dag.py:4180} INFO - Setting next_dagrun for example_kubernetes_executor to None, run_after=None
[2025-02-17T06:10:11.179+0000] {processor.py:208} INFO - Processing /home/airflow/.local/lib/python3.12/site-packages/airflow/example_dags/example_kubernetes_executor.py took 0.086 seconds
[2025-02-17T06:10:41.373+0000] {processor.py:186} INFO - Started process (PID=2527) to work on /home/airflow/.local/lib/python3.12/site-packages/airflow/example_dags/example_kubernetes_executor.py
[2025-02-17T06:10:41.374+0000] {processor.py:914} INFO - Processing file /home/airflow/.local/lib/python3.12/site-packages/airflow/example_dags/example_kubernetes_executor.py for tasks to queue
[2025-02-17T06:10:41.376+0000] {logging_mixin.py:190} INFO - [2025-02-17T06:10:41.376+0000] {dagbag.py:588} INFO - Filling up the DagBag from /home/airflow/.local/lib/python3.12/site-packages/airflow/example_dags/example_kubernetes_executor.py
[2025-02-17T06:10:41.391+0000] {processor.py:925} INFO - DAG(s) 'example_kubernetes_executor' retrieved from /home/airflow/.local/lib/python3.12/site-packages/airflow/example_dags/example_kubernetes_executor.py
[2025-02-17T06:10:41.413+0000] {logging_mixin.py:190} INFO - [2025-02-17T06:10:41.413+0000] {dag.py:3239} INFO - Sync 1 DAGs
[2025-02-17T06:10:41.427+0000] {logging_mixin.py:190} INFO - [2025-02-17T06:10:41.427+0000] {dag.py:4180} INFO - Setting next_dagrun for example_kubernetes_executor to None, run_after=None
[2025-02-17T06:10:41.468+0000] {processor.py:208} INFO - Processing /home/airflow/.local/lib/python3.12/site-packages/airflow/example_dags/example_kubernetes_executor.py took 0.100 seconds
[2025-02-17T06:11:11.879+0000] {processor.py:186} INFO - Started process (PID=2605) to work on /home/airflow/.local/lib/python3.12/site-packages/airflow/example_dags/example_kubernetes_executor.py
[2025-02-17T06:11:11.880+0000] {processor.py:914} INFO - Processing file /home/airflow/.local/lib/python3.12/site-packages/airflow/example_dags/example_kubernetes_executor.py for tasks to queue
[2025-02-17T06:11:11.882+0000] {logging_mixin.py:190} INFO - [2025-02-17T06:11:11.882+0000] {dagbag.py:588} INFO - Filling up the DagBag from /home/airflow/.local/lib/python3.12/site-packages/airflow/example_dags/example_kubernetes_executor.py
[2025-02-17T06:11:11.899+0000] {processor.py:925} INFO - DAG(s) 'example_kubernetes_executor' retrieved from /home/airflow/.local/lib/python3.12/site-packages/airflow/example_dags/example_kubernetes_executor.py
[2025-02-17T06:11:11.928+0000] {logging_mixin.py:190} INFO - [2025-02-17T06:11:11.928+0000] {dag.py:3239} INFO - Sync 1 DAGs
[2025-02-17T06:11:11.945+0000] {logging_mixin.py:190} INFO - [2025-02-17T06:11:11.945+0000] {dag.py:4180} INFO - Setting next_dagrun for example_kubernetes_executor to None, run_after=None
[2025-02-17T06:11:11.996+0000] {processor.py:208} INFO - Processing /home/airflow/.local/lib/python3.12/site-packages/airflow/example_dags/example_kubernetes_executor.py took 0.122 seconds
[2025-02-17T06:11:42.093+0000] {processor.py:186} INFO - Started process (PID=2683) to work on /home/airflow/.local/lib/python3.12/site-packages/airflow/example_dags/example_kubernetes_executor.py
[2025-02-17T06:11:42.096+0000] {processor.py:914} INFO - Processing file /home/airflow/.local/lib/python3.12/site-packages/airflow/example_dags/example_kubernetes_executor.py for tasks to queue
[2025-02-17T06:11:42.099+0000] {logging_mixin.py:190} INFO - [2025-02-17T06:11:42.099+0000] {dagbag.py:588} INFO - Filling up the DagBag from /home/airflow/.local/lib/python3.12/site-packages/airflow/example_dags/example_kubernetes_executor.py
[2025-02-17T06:11:42.119+0000] {processor.py:925} INFO - DAG(s) 'example_kubernetes_executor' retrieved from /home/airflow/.local/lib/python3.12/site-packages/airflow/example_dags/example_kubernetes_executor.py
[2025-02-17T06:11:42.153+0000] {logging_mixin.py:190} INFO - [2025-02-17T06:11:42.153+0000] {dag.py:3239} INFO - Sync 1 DAGs
[2025-02-17T06:11:42.171+0000] {logging_mixin.py:190} INFO - [2025-02-17T06:11:42.171+0000] {dag.py:4180} INFO - Setting next_dagrun for example_kubernetes_executor to None, run_after=None
[2025-02-17T06:11:42.219+0000] {processor.py:208} INFO - Processing /home/airflow/.local/lib/python3.12/site-packages/airflow/example_dags/example_kubernetes_executor.py took 0.132 seconds
[2025-02-17T06:12:12.317+0000] {processor.py:186} INFO - Started process (PID=2761) to work on /home/airflow/.local/lib/python3.12/site-packages/airflow/example_dags/example_kubernetes_executor.py
[2025-02-17T06:12:12.319+0000] {processor.py:914} INFO - Processing file /home/airflow/.local/lib/python3.12/site-packages/airflow/example_dags/example_kubernetes_executor.py for tasks to queue
[2025-02-17T06:12:12.324+0000] {logging_mixin.py:190} INFO - [2025-02-17T06:12:12.323+0000] {dagbag.py:588} INFO - Filling up the DagBag from /home/airflow/.local/lib/python3.12/site-packages/airflow/example_dags/example_kubernetes_executor.py
[2025-02-17T06:12:12.344+0000] {processor.py:925} INFO - DAG(s) 'example_kubernetes_executor' retrieved from /home/airflow/.local/lib/python3.12/site-packages/airflow/example_dags/example_kubernetes_executor.py
[2025-02-17T06:12:12.383+0000] {logging_mixin.py:190} INFO - [2025-02-17T06:12:12.382+0000] {dag.py:3239} INFO - Sync 1 DAGs
[2025-02-17T06:12:12.407+0000] {logging_mixin.py:190} INFO - [2025-02-17T06:12:12.407+0000] {dag.py:4180} INFO - Setting next_dagrun for example_kubernetes_executor to None, run_after=None
[2025-02-17T06:12:12.456+0000] {processor.py:208} INFO - Processing /home/airflow/.local/lib/python3.12/site-packages/airflow/example_dags/example_kubernetes_executor.py took 0.147 seconds
[2025-02-17T06:12:42.527+0000] {processor.py:186} INFO - Started process (PID=2839) to work on /home/airflow/.local/lib/python3.12/site-packages/airflow/example_dags/example_kubernetes_executor.py
[2025-02-17T06:12:42.528+0000] {processor.py:914} INFO - Processing file /home/airflow/.local/lib/python3.12/site-packages/airflow/example_dags/example_kubernetes_executor.py for tasks to queue
[2025-02-17T06:12:42.530+0000] {logging_mixin.py:190} INFO - [2025-02-17T06:12:42.530+0000] {dagbag.py:588} INFO - Filling up the DagBag from /home/airflow/.local/lib/python3.12/site-packages/airflow/example_dags/example_kubernetes_executor.py
[2025-02-17T06:12:42.543+0000] {processor.py:925} INFO - DAG(s) 'example_kubernetes_executor' retrieved from /home/airflow/.local/lib/python3.12/site-packages/airflow/example_dags/example_kubernetes_executor.py
[2025-02-17T06:12:42.565+0000] {logging_mixin.py:190} INFO - [2025-02-17T06:12:42.565+0000] {dag.py:3239} INFO - Sync 1 DAGs
[2025-02-17T06:12:42.578+0000] {logging_mixin.py:190} INFO - [2025-02-17T06:12:42.578+0000] {dag.py:4180} INFO - Setting next_dagrun for example_kubernetes_executor to None, run_after=None
[2025-02-17T06:12:42.596+0000] {processor.py:208} INFO - Processing /home/airflow/.local/lib/python3.12/site-packages/airflow/example_dags/example_kubernetes_executor.py took 0.075 seconds
[2025-02-17T06:13:12.681+0000] {processor.py:186} INFO - Started process (PID=2916) to work on /home/airflow/.local/lib/python3.12/site-packages/airflow/example_dags/example_kubernetes_executor.py
[2025-02-17T06:13:12.682+0000] {processor.py:914} INFO - Processing file /home/airflow/.local/lib/python3.12/site-packages/airflow/example_dags/example_kubernetes_executor.py for tasks to queue
[2025-02-17T06:13:12.686+0000] {logging_mixin.py:190} INFO - [2025-02-17T06:13:12.685+0000] {dagbag.py:588} INFO - Filling up the DagBag from /home/airflow/.local/lib/python3.12/site-packages/airflow/example_dags/example_kubernetes_executor.py
[2025-02-17T06:13:12.705+0000] {processor.py:925} INFO - DAG(s) 'example_kubernetes_executor' retrieved from /home/airflow/.local/lib/python3.12/site-packages/airflow/example_dags/example_kubernetes_executor.py
[2025-02-17T06:13:12.742+0000] {logging_mixin.py:190} INFO - [2025-02-17T06:13:12.741+0000] {dag.py:3239} INFO - Sync 1 DAGs
[2025-02-17T06:13:12.765+0000] {logging_mixin.py:190} INFO - [2025-02-17T06:13:12.765+0000] {dag.py:4180} INFO - Setting next_dagrun for example_kubernetes_executor to None, run_after=None
[2025-02-17T06:13:12.796+0000] {processor.py:208} INFO - Processing /home/airflow/.local/lib/python3.12/site-packages/airflow/example_dags/example_kubernetes_executor.py took 0.123 seconds
[2025-02-17T06:13:43.322+0000] {processor.py:186} INFO - Started process (PID=2995) to work on /home/airflow/.local/lib/python3.12/site-packages/airflow/example_dags/example_kubernetes_executor.py
[2025-02-17T06:13:43.323+0000] {processor.py:914} INFO - Processing file /home/airflow/.local/lib/python3.12/site-packages/airflow/example_dags/example_kubernetes_executor.py for tasks to queue
[2025-02-17T06:13:43.326+0000] {logging_mixin.py:190} INFO - [2025-02-17T06:13:43.326+0000] {dagbag.py:588} INFO - Filling up the DagBag from /home/airflow/.local/lib/python3.12/site-packages/airflow/example_dags/example_kubernetes_executor.py
[2025-02-17T06:13:43.342+0000] {processor.py:925} INFO - DAG(s) 'example_kubernetes_executor' retrieved from /home/airflow/.local/lib/python3.12/site-packages/airflow/example_dags/example_kubernetes_executor.py
[2025-02-17T06:13:43.372+0000] {logging_mixin.py:190} INFO - [2025-02-17T06:13:43.372+0000] {dag.py:3239} INFO - Sync 1 DAGs
[2025-02-17T06:13:43.391+0000] {logging_mixin.py:190} INFO - [2025-02-17T06:13:43.391+0000] {dag.py:4180} INFO - Setting next_dagrun for example_kubernetes_executor to None, run_after=None
[2025-02-17T06:13:43.435+0000] {processor.py:208} INFO - Processing /home/airflow/.local/lib/python3.12/site-packages/airflow/example_dags/example_kubernetes_executor.py took 0.123 seconds
[2025-02-17T06:14:13.866+0000] {processor.py:186} INFO - Started process (PID=3073) to work on /home/airflow/.local/lib/python3.12/site-packages/airflow/example_dags/example_kubernetes_executor.py
[2025-02-17T06:14:13.868+0000] {processor.py:914} INFO - Processing file /home/airflow/.local/lib/python3.12/site-packages/airflow/example_dags/example_kubernetes_executor.py for tasks to queue
[2025-02-17T06:14:13.870+0000] {logging_mixin.py:190} INFO - [2025-02-17T06:14:13.870+0000] {dagbag.py:588} INFO - Filling up the DagBag from /home/airflow/.local/lib/python3.12/site-packages/airflow/example_dags/example_kubernetes_executor.py
[2025-02-17T06:14:13.884+0000] {processor.py:925} INFO - DAG(s) 'example_kubernetes_executor' retrieved from /home/airflow/.local/lib/python3.12/site-packages/airflow/example_dags/example_kubernetes_executor.py
[2025-02-17T06:14:13.901+0000] {logging_mixin.py:190} INFO - [2025-02-17T06:14:13.901+0000] {dag.py:3239} INFO - Sync 1 DAGs
[2025-02-17T06:14:13.911+0000] {logging_mixin.py:190} INFO - [2025-02-17T06:14:13.911+0000] {dag.py:4180} INFO - Setting next_dagrun for example_kubernetes_executor to None, run_after=None
[2025-02-17T06:14:13.925+0000] {processor.py:208} INFO - Processing /home/airflow/.local/lib/python3.12/site-packages/airflow/example_dags/example_kubernetes_executor.py took 0.064 seconds
[2025-02-17T06:14:44.390+0000] {processor.py:186} INFO - Started process (PID=3151) to work on /home/airflow/.local/lib/python3.12/site-packages/airflow/example_dags/example_kubernetes_executor.py
[2025-02-17T06:14:44.393+0000] {processor.py:914} INFO - Processing file /home/airflow/.local/lib/python3.12/site-packages/airflow/example_dags/example_kubernetes_executor.py for tasks to queue
[2025-02-17T06:14:44.398+0000] {logging_mixin.py:190} INFO - [2025-02-17T06:14:44.397+0000] {dagbag.py:588} INFO - Filling up the DagBag from /home/airflow/.local/lib/python3.12/site-packages/airflow/example_dags/example_kubernetes_executor.py
[2025-02-17T06:14:44.418+0000] {processor.py:925} INFO - DAG(s) 'example_kubernetes_executor' retrieved from /home/airflow/.local/lib/python3.12/site-packages/airflow/example_dags/example_kubernetes_executor.py
[2025-02-17T06:14:44.450+0000] {logging_mixin.py:190} INFO - [2025-02-17T06:14:44.450+0000] {dag.py:3239} INFO - Sync 1 DAGs
[2025-02-17T06:14:44.473+0000] {logging_mixin.py:190} INFO - [2025-02-17T06:14:44.472+0000] {dag.py:4180} INFO - Setting next_dagrun for example_kubernetes_executor to None, run_after=None
[2025-02-17T06:14:44.524+0000] {processor.py:208} INFO - Processing /home/airflow/.local/lib/python3.12/site-packages/airflow/example_dags/example_kubernetes_executor.py took 0.139 seconds
[2025-02-17T06:15:15.591+0000] {processor.py:186} INFO - Started process (PID=3229) to work on /home/airflow/.local/lib/python3.12/site-packages/airflow/example_dags/example_kubernetes_executor.py
[2025-02-17T06:15:15.593+0000] {processor.py:914} INFO - Processing file /home/airflow/.local/lib/python3.12/site-packages/airflow/example_dags/example_kubernetes_executor.py for tasks to queue
[2025-02-17T06:15:15.595+0000] {logging_mixin.py:190} INFO - [2025-02-17T06:15:15.595+0000] {dagbag.py:588} INFO - Filling up the DagBag from /home/airflow/.local/lib/python3.12/site-packages/airflow/example_dags/example_kubernetes_executor.py
[2025-02-17T06:15:15.613+0000] {processor.py:925} INFO - DAG(s) 'example_kubernetes_executor' retrieved from /home/airflow/.local/lib/python3.12/site-packages/airflow/example_dags/example_kubernetes_executor.py
[2025-02-17T06:15:15.644+0000] {logging_mixin.py:190} INFO - [2025-02-17T06:15:15.644+0000] {dag.py:3239} INFO - Sync 1 DAGs
[2025-02-17T06:15:15.659+0000] {logging_mixin.py:190} INFO - [2025-02-17T06:15:15.659+0000] {dag.py:4180} INFO - Setting next_dagrun for example_kubernetes_executor to None, run_after=None
[2025-02-17T06:15:15.680+0000] {processor.py:208} INFO - Processing /home/airflow/.local/lib/python3.12/site-packages/airflow/example_dags/example_kubernetes_executor.py took 0.094 seconds
[2025-02-17T06:15:46.149+0000] {processor.py:186} INFO - Started process (PID=3307) to work on /home/airflow/.local/lib/python3.12/site-packages/airflow/example_dags/example_kubernetes_executor.py
[2025-02-17T06:15:46.150+0000] {processor.py:914} INFO - Processing file /home/airflow/.local/lib/python3.12/site-packages/airflow/example_dags/example_kubernetes_executor.py for tasks to queue
[2025-02-17T06:15:46.153+0000] {logging_mixin.py:190} INFO - [2025-02-17T06:15:46.152+0000] {dagbag.py:588} INFO - Filling up the DagBag from /home/airflow/.local/lib/python3.12/site-packages/airflow/example_dags/example_kubernetes_executor.py
[2025-02-17T06:15:46.166+0000] {processor.py:925} INFO - DAG(s) 'example_kubernetes_executor' retrieved from /home/airflow/.local/lib/python3.12/site-packages/airflow/example_dags/example_kubernetes_executor.py
[2025-02-17T06:15:46.189+0000] {logging_mixin.py:190} INFO - [2025-02-17T06:15:46.189+0000] {dag.py:3239} INFO - Sync 1 DAGs
[2025-02-17T06:15:46.202+0000] {logging_mixin.py:190} INFO - [2025-02-17T06:15:46.202+0000] {dag.py:4180} INFO - Setting next_dagrun for example_kubernetes_executor to None, run_after=None
[2025-02-17T06:15:46.249+0000] {processor.py:208} INFO - Processing /home/airflow/.local/lib/python3.12/site-packages/airflow/example_dags/example_kubernetes_executor.py took 0.106 seconds
[2025-02-17T06:16:17.251+0000] {processor.py:186} INFO - Started process (PID=3385) to work on /home/airflow/.local/lib/python3.12/site-packages/airflow/example_dags/example_kubernetes_executor.py
[2025-02-17T06:16:17.253+0000] {processor.py:914} INFO - Processing file /home/airflow/.local/lib/python3.12/site-packages/airflow/example_dags/example_kubernetes_executor.py for tasks to queue
[2025-02-17T06:16:17.259+0000] {logging_mixin.py:190} INFO - [2025-02-17T06:16:17.258+0000] {dagbag.py:588} INFO - Filling up the DagBag from /home/airflow/.local/lib/python3.12/site-packages/airflow/example_dags/example_kubernetes_executor.py
[2025-02-17T06:16:17.284+0000] {processor.py:925} INFO - DAG(s) 'example_kubernetes_executor' retrieved from /home/airflow/.local/lib/python3.12/site-packages/airflow/example_dags/example_kubernetes_executor.py
[2025-02-17T06:16:17.326+0000] {logging_mixin.py:190} INFO - [2025-02-17T06:16:17.325+0000] {dag.py:3239} INFO - Sync 1 DAGs
[2025-02-17T06:16:17.345+0000] {logging_mixin.py:190} INFO - [2025-02-17T06:16:17.345+0000] {dag.py:4180} INFO - Setting next_dagrun for example_kubernetes_executor to None, run_after=None
[2025-02-17T06:16:17.367+0000] {processor.py:208} INFO - Processing /home/airflow/.local/lib/python3.12/site-packages/airflow/example_dags/example_kubernetes_executor.py took 0.124 seconds
[2025-02-17T06:16:47.442+0000] {processor.py:186} INFO - Started process (PID=3463) to work on /home/airflow/.local/lib/python3.12/site-packages/airflow/example_dags/example_kubernetes_executor.py
[2025-02-17T06:16:47.444+0000] {processor.py:914} INFO - Processing file /home/airflow/.local/lib/python3.12/site-packages/airflow/example_dags/example_kubernetes_executor.py for tasks to queue
[2025-02-17T06:16:47.447+0000] {logging_mixin.py:190} INFO - [2025-02-17T06:16:47.446+0000] {dagbag.py:588} INFO - Filling up the DagBag from /home/airflow/.local/lib/python3.12/site-packages/airflow/example_dags/example_kubernetes_executor.py
[2025-02-17T06:16:47.460+0000] {processor.py:925} INFO - DAG(s) 'example_kubernetes_executor' retrieved from /home/airflow/.local/lib/python3.12/site-packages/airflow/example_dags/example_kubernetes_executor.py
[2025-02-17T06:16:47.483+0000] {logging_mixin.py:190} INFO - [2025-02-17T06:16:47.483+0000] {dag.py:3239} INFO - Sync 1 DAGs
[2025-02-17T06:16:47.494+0000] {logging_mixin.py:190} INFO - [2025-02-17T06:16:47.494+0000] {dag.py:4180} INFO - Setting next_dagrun for example_kubernetes_executor to None, run_after=None
[2025-02-17T06:16:47.538+0000] {processor.py:208} INFO - Processing /home/airflow/.local/lib/python3.12/site-packages/airflow/example_dags/example_kubernetes_executor.py took 0.102 seconds
[2025-02-17T06:17:17.806+0000] {processor.py:186} INFO - Started process (PID=3541) to work on /home/airflow/.local/lib/python3.12/site-packages/airflow/example_dags/example_kubernetes_executor.py
[2025-02-17T06:17:17.807+0000] {processor.py:914} INFO - Processing file /home/airflow/.local/lib/python3.12/site-packages/airflow/example_dags/example_kubernetes_executor.py for tasks to queue
[2025-02-17T06:17:17.810+0000] {logging_mixin.py:190} INFO - [2025-02-17T06:17:17.809+0000] {dagbag.py:588} INFO - Filling up the DagBag from /home/airflow/.local/lib/python3.12/site-packages/airflow/example_dags/example_kubernetes_executor.py
[2025-02-17T06:17:17.824+0000] {processor.py:925} INFO - DAG(s) 'example_kubernetes_executor' retrieved from /home/airflow/.local/lib/python3.12/site-packages/airflow/example_dags/example_kubernetes_executor.py
[2025-02-17T06:17:17.846+0000] {logging_mixin.py:190} INFO - [2025-02-17T06:17:17.846+0000] {dag.py:3239} INFO - Sync 1 DAGs
[2025-02-17T06:17:17.860+0000] {logging_mixin.py:190} INFO - [2025-02-17T06:17:17.860+0000] {dag.py:4180} INFO - Setting next_dagrun for example_kubernetes_executor to None, run_after=None
[2025-02-17T06:17:17.885+0000] {processor.py:208} INFO - Processing /home/airflow/.local/lib/python3.12/site-packages/airflow/example_dags/example_kubernetes_executor.py took 0.084 seconds
[2025-02-17T06:17:48.201+0000] {processor.py:186} INFO - Started process (PID=3625) to work on /home/airflow/.local/lib/python3.12/site-packages/airflow/example_dags/example_kubernetes_executor.py
[2025-02-17T06:17:48.203+0000] {processor.py:914} INFO - Processing file /home/airflow/.local/lib/python3.12/site-packages/airflow/example_dags/example_kubernetes_executor.py for tasks to queue
[2025-02-17T06:17:48.206+0000] {logging_mixin.py:190} INFO - [2025-02-17T06:17:48.205+0000] {dagbag.py:588} INFO - Filling up the DagBag from /home/airflow/.local/lib/python3.12/site-packages/airflow/example_dags/example_kubernetes_executor.py
[2025-02-17T06:17:48.219+0000] {processor.py:925} INFO - DAG(s) 'example_kubernetes_executor' retrieved from /home/airflow/.local/lib/python3.12/site-packages/airflow/example_dags/example_kubernetes_executor.py
[2025-02-17T06:17:48.246+0000] {logging_mixin.py:190} INFO - [2025-02-17T06:17:48.246+0000] {dag.py:3239} INFO - Sync 1 DAGs
[2025-02-17T06:17:48.260+0000] {logging_mixin.py:190} INFO - [2025-02-17T06:17:48.260+0000] {dag.py:4180} INFO - Setting next_dagrun for example_kubernetes_executor to None, run_after=None
[2025-02-17T06:17:48.279+0000] {processor.py:208} INFO - Processing /home/airflow/.local/lib/python3.12/site-packages/airflow/example_dags/example_kubernetes_executor.py took 0.084 seconds
[2025-02-17T06:18:18.896+0000] {processor.py:186} INFO - Started process (PID=3703) to work on /home/airflow/.local/lib/python3.12/site-packages/airflow/example_dags/example_kubernetes_executor.py
[2025-02-17T06:18:18.897+0000] {processor.py:914} INFO - Processing file /home/airflow/.local/lib/python3.12/site-packages/airflow/example_dags/example_kubernetes_executor.py for tasks to queue
[2025-02-17T06:18:18.899+0000] {logging_mixin.py:190} INFO - [2025-02-17T06:18:18.899+0000] {dagbag.py:588} INFO - Filling up the DagBag from /home/airflow/.local/lib/python3.12/site-packages/airflow/example_dags/example_kubernetes_executor.py
[2025-02-17T06:18:18.912+0000] {processor.py:925} INFO - DAG(s) 'example_kubernetes_executor' retrieved from /home/airflow/.local/lib/python3.12/site-packages/airflow/example_dags/example_kubernetes_executor.py
[2025-02-17T06:18:18.942+0000] {logging_mixin.py:190} INFO - [2025-02-17T06:18:18.941+0000] {dag.py:3239} INFO - Sync 1 DAGs
[2025-02-17T06:18:18.958+0000] {logging_mixin.py:190} INFO - [2025-02-17T06:18:18.957+0000] {dag.py:4180} INFO - Setting next_dagrun for example_kubernetes_executor to None, run_after=None
[2025-02-17T06:18:19.000+0000] {processor.py:208} INFO - Processing /home/airflow/.local/lib/python3.12/site-packages/airflow/example_dags/example_kubernetes_executor.py took 0.109 seconds
[2025-02-17T06:18:49.757+0000] {processor.py:186} INFO - Started process (PID=3781) to work on /home/airflow/.local/lib/python3.12/site-packages/airflow/example_dags/example_kubernetes_executor.py
[2025-02-17T06:18:49.758+0000] {processor.py:914} INFO - Processing file /home/airflow/.local/lib/python3.12/site-packages/airflow/example_dags/example_kubernetes_executor.py for tasks to queue
[2025-02-17T06:18:49.760+0000] {logging_mixin.py:190} INFO - [2025-02-17T06:18:49.760+0000] {dagbag.py:588} INFO - Filling up the DagBag from /home/airflow/.local/lib/python3.12/site-packages/airflow/example_dags/example_kubernetes_executor.py
[2025-02-17T06:18:49.776+0000] {processor.py:925} INFO - DAG(s) 'example_kubernetes_executor' retrieved from /home/airflow/.local/lib/python3.12/site-packages/airflow/example_dags/example_kubernetes_executor.py
[2025-02-17T06:18:49.802+0000] {logging_mixin.py:190} INFO - [2025-02-17T06:18:49.801+0000] {dag.py:3239} INFO - Sync 1 DAGs
[2025-02-17T06:18:49.819+0000] {logging_mixin.py:190} INFO - [2025-02-17T06:18:49.819+0000] {dag.py:4180} INFO - Setting next_dagrun for example_kubernetes_executor to None, run_after=None
[2025-02-17T06:18:49.862+0000] {processor.py:208} INFO - Processing /home/airflow/.local/lib/python3.12/site-packages/airflow/example_dags/example_kubernetes_executor.py took 0.112 seconds
[2025-02-17T06:19:20.847+0000] {processor.py:186} INFO - Started process (PID=3859) to work on /home/airflow/.local/lib/python3.12/site-packages/airflow/example_dags/example_kubernetes_executor.py
[2025-02-17T06:19:20.848+0000] {processor.py:914} INFO - Processing file /home/airflow/.local/lib/python3.12/site-packages/airflow/example_dags/example_kubernetes_executor.py for tasks to queue
[2025-02-17T06:19:20.851+0000] {logging_mixin.py:190} INFO - [2025-02-17T06:19:20.851+0000] {dagbag.py:588} INFO - Filling up the DagBag from /home/airflow/.local/lib/python3.12/site-packages/airflow/example_dags/example_kubernetes_executor.py
[2025-02-17T06:19:20.865+0000] {processor.py:925} INFO - DAG(s) 'example_kubernetes_executor' retrieved from /home/airflow/.local/lib/python3.12/site-packages/airflow/example_dags/example_kubernetes_executor.py
[2025-02-17T06:19:20.900+0000] {logging_mixin.py:190} INFO - [2025-02-17T06:19:20.899+0000] {dag.py:3239} INFO - Sync 1 DAGs
[2025-02-17T06:19:20.917+0000] {logging_mixin.py:190} INFO - [2025-02-17T06:19:20.917+0000] {dag.py:4180} INFO - Setting next_dagrun for example_kubernetes_executor to None, run_after=None
[2025-02-17T06:19:20.968+0000] {processor.py:208} INFO - Processing /home/airflow/.local/lib/python3.12/site-packages/airflow/example_dags/example_kubernetes_executor.py took 0.128 seconds
[2025-02-17T06:19:51.380+0000] {processor.py:186} INFO - Started process (PID=3937) to work on /home/airflow/.local/lib/python3.12/site-packages/airflow/example_dags/example_kubernetes_executor.py
[2025-02-17T06:19:51.382+0000] {processor.py:914} INFO - Processing file /home/airflow/.local/lib/python3.12/site-packages/airflow/example_dags/example_kubernetes_executor.py for tasks to queue
[2025-02-17T06:19:51.384+0000] {logging_mixin.py:190} INFO - [2025-02-17T06:19:51.384+0000] {dagbag.py:588} INFO - Filling up the DagBag from /home/airflow/.local/lib/python3.12/site-packages/airflow/example_dags/example_kubernetes_executor.py
[2025-02-17T06:19:51.399+0000] {processor.py:925} INFO - DAG(s) 'example_kubernetes_executor' retrieved from /home/airflow/.local/lib/python3.12/site-packages/airflow/example_dags/example_kubernetes_executor.py
[2025-02-17T06:19:51.424+0000] {logging_mixin.py:190} INFO - [2025-02-17T06:19:51.423+0000] {dag.py:3239} INFO - Sync 1 DAGs
[2025-02-17T06:19:51.436+0000] {logging_mixin.py:190} INFO - [2025-02-17T06:19:51.436+0000] {dag.py:4180} INFO - Setting next_dagrun for example_kubernetes_executor to None, run_after=None
[2025-02-17T06:19:51.453+0000] {processor.py:208} INFO - Processing /home/airflow/.local/lib/python3.12/site-packages/airflow/example_dags/example_kubernetes_executor.py took 0.079 seconds
[2025-02-17T06:20:22.135+0000] {processor.py:186} INFO - Started process (PID=4015) to work on /home/airflow/.local/lib/python3.12/site-packages/airflow/example_dags/example_kubernetes_executor.py
[2025-02-17T06:20:22.137+0000] {processor.py:914} INFO - Processing file /home/airflow/.local/lib/python3.12/site-packages/airflow/example_dags/example_kubernetes_executor.py for tasks to queue
[2025-02-17T06:20:22.139+0000] {logging_mixin.py:190} INFO - [2025-02-17T06:20:22.139+0000] {dagbag.py:588} INFO - Filling up the DagBag from /home/airflow/.local/lib/python3.12/site-packages/airflow/example_dags/example_kubernetes_executor.py
[2025-02-17T06:20:22.152+0000] {processor.py:925} INFO - DAG(s) 'example_kubernetes_executor' retrieved from /home/airflow/.local/lib/python3.12/site-packages/airflow/example_dags/example_kubernetes_executor.py
[2025-02-17T06:20:22.184+0000] {logging_mixin.py:190} INFO - [2025-02-17T06:20:22.184+0000] {dag.py:3239} INFO - Sync 1 DAGs
[2025-02-17T06:20:22.208+0000] {logging_mixin.py:190} INFO - [2025-02-17T06:20:22.207+0000] {dag.py:4180} INFO - Setting next_dagrun for example_kubernetes_executor to None, run_after=None
[2025-02-17T06:20:22.238+0000] {processor.py:208} INFO - Processing /home/airflow/.local/lib/python3.12/site-packages/airflow/example_dags/example_kubernetes_executor.py took 0.110 seconds
[2025-02-17T06:20:53.196+0000] {processor.py:186} INFO - Started process (PID=4093) to work on /home/airflow/.local/lib/python3.12/site-packages/airflow/example_dags/example_kubernetes_executor.py
[2025-02-17T06:20:53.197+0000] {processor.py:914} INFO - Processing file /home/airflow/.local/lib/python3.12/site-packages/airflow/example_dags/example_kubernetes_executor.py for tasks to queue
[2025-02-17T06:20:53.199+0000] {logging_mixin.py:190} INFO - [2025-02-17T06:20:53.199+0000] {dagbag.py:588} INFO - Filling up the DagBag from /home/airflow/.local/lib/python3.12/site-packages/airflow/example_dags/example_kubernetes_executor.py
[2025-02-17T06:20:53.214+0000] {processor.py:925} INFO - DAG(s) 'example_kubernetes_executor' retrieved from /home/airflow/.local/lib/python3.12/site-packages/airflow/example_dags/example_kubernetes_executor.py
[2025-02-17T06:20:53.240+0000] {logging_mixin.py:190} INFO - [2025-02-17T06:20:53.240+0000] {dag.py:3239} INFO - Sync 1 DAGs
[2025-02-17T06:20:53.254+0000] {logging_mixin.py:190} INFO - [2025-02-17T06:20:53.254+0000] {dag.py:4180} INFO - Setting next_dagrun for example_kubernetes_executor to None, run_after=None
[2025-02-17T06:20:53.271+0000] {processor.py:208} INFO - Processing /home/airflow/.local/lib/python3.12/site-packages/airflow/example_dags/example_kubernetes_executor.py took 0.080 seconds
[2025-02-17T06:21:23.459+0000] {processor.py:186} INFO - Started process (PID=4171) to work on /home/airflow/.local/lib/python3.12/site-packages/airflow/example_dags/example_kubernetes_executor.py
[2025-02-17T06:21:23.460+0000] {processor.py:914} INFO - Processing file /home/airflow/.local/lib/python3.12/site-packages/airflow/example_dags/example_kubernetes_executor.py for tasks to queue
[2025-02-17T06:21:23.464+0000] {logging_mixin.py:190} INFO - [2025-02-17T06:21:23.463+0000] {dagbag.py:588} INFO - Filling up the DagBag from /home/airflow/.local/lib/python3.12/site-packages/airflow/example_dags/example_kubernetes_executor.py
[2025-02-17T06:21:23.480+0000] {processor.py:925} INFO - DAG(s) 'example_kubernetes_executor' retrieved from /home/airflow/.local/lib/python3.12/site-packages/airflow/example_dags/example_kubernetes_executor.py
[2025-02-17T06:21:23.504+0000] {logging_mixin.py:190} INFO - [2025-02-17T06:21:23.503+0000] {dag.py:3239} INFO - Sync 1 DAGs
[2025-02-17T06:21:23.519+0000] {logging_mixin.py:190} INFO - [2025-02-17T06:21:23.519+0000] {dag.py:4180} INFO - Setting next_dagrun for example_kubernetes_executor to None, run_after=None
[2025-02-17T06:21:23.563+0000] {processor.py:208} INFO - Processing /home/airflow/.local/lib/python3.12/site-packages/airflow/example_dags/example_kubernetes_executor.py took 0.110 seconds
[2025-02-17T06:21:53.751+0000] {processor.py:186} INFO - Started process (PID=4249) to work on /home/airflow/.local/lib/python3.12/site-packages/airflow/example_dags/example_kubernetes_executor.py
[2025-02-17T06:21:53.754+0000] {processor.py:914} INFO - Processing file /home/airflow/.local/lib/python3.12/site-packages/airflow/example_dags/example_kubernetes_executor.py for tasks to queue
[2025-02-17T06:21:53.758+0000] {logging_mixin.py:190} INFO - [2025-02-17T06:21:53.758+0000] {dagbag.py:588} INFO - Filling up the DagBag from /home/airflow/.local/lib/python3.12/site-packages/airflow/example_dags/example_kubernetes_executor.py
[2025-02-17T06:21:53.774+0000] {processor.py:925} INFO - DAG(s) 'example_kubernetes_executor' retrieved from /home/airflow/.local/lib/python3.12/site-packages/airflow/example_dags/example_kubernetes_executor.py
[2025-02-17T06:21:53.800+0000] {logging_mixin.py:190} INFO - [2025-02-17T06:21:53.800+0000] {dag.py:3239} INFO - Sync 1 DAGs
[2025-02-17T06:21:53.818+0000] {logging_mixin.py:190} INFO - [2025-02-17T06:21:53.818+0000] {dag.py:4180} INFO - Setting next_dagrun for example_kubernetes_executor to None, run_after=None
[2025-02-17T06:21:53.845+0000] {processor.py:208} INFO - Processing /home/airflow/.local/lib/python3.12/site-packages/airflow/example_dags/example_kubernetes_executor.py took 0.102 seconds
[2025-02-17T06:22:23.992+0000] {processor.py:186} INFO - Started process (PID=4327) to work on /home/airflow/.local/lib/python3.12/site-packages/airflow/example_dags/example_kubernetes_executor.py
[2025-02-17T06:22:23.994+0000] {processor.py:914} INFO - Processing file /home/airflow/.local/lib/python3.12/site-packages/airflow/example_dags/example_kubernetes_executor.py for tasks to queue
[2025-02-17T06:22:23.997+0000] {logging_mixin.py:190} INFO - [2025-02-17T06:22:23.996+0000] {dagbag.py:588} INFO - Filling up the DagBag from /home/airflow/.local/lib/python3.12/site-packages/airflow/example_dags/example_kubernetes_executor.py
[2025-02-17T06:22:24.013+0000] {processor.py:925} INFO - DAG(s) 'example_kubernetes_executor' retrieved from /home/airflow/.local/lib/python3.12/site-packages/airflow/example_dags/example_kubernetes_executor.py
[2025-02-17T06:22:24.041+0000] {logging_mixin.py:190} INFO - [2025-02-17T06:22:24.040+0000] {dag.py:3239} INFO - Sync 1 DAGs
[2025-02-17T06:22:24.055+0000] {logging_mixin.py:190} INFO - [2025-02-17T06:22:24.055+0000] {dag.py:4180} INFO - Setting next_dagrun for example_kubernetes_executor to None, run_after=None
[2025-02-17T06:22:24.100+0000] {processor.py:208} INFO - Processing /home/airflow/.local/lib/python3.12/site-packages/airflow/example_dags/example_kubernetes_executor.py took 0.114 seconds
[2025-02-17T06:22:54.692+0000] {processor.py:186} INFO - Started process (PID=4405) to work on /home/airflow/.local/lib/python3.12/site-packages/airflow/example_dags/example_kubernetes_executor.py
[2025-02-17T06:22:54.694+0000] {processor.py:914} INFO - Processing file /home/airflow/.local/lib/python3.12/site-packages/airflow/example_dags/example_kubernetes_executor.py for tasks to queue
[2025-02-17T06:22:54.698+0000] {logging_mixin.py:190} INFO - [2025-02-17T06:22:54.697+0000] {dagbag.py:588} INFO - Filling up the DagBag from /home/airflow/.local/lib/python3.12/site-packages/airflow/example_dags/example_kubernetes_executor.py
[2025-02-17T06:22:54.717+0000] {processor.py:925} INFO - DAG(s) 'example_kubernetes_executor' retrieved from /home/airflow/.local/lib/python3.12/site-packages/airflow/example_dags/example_kubernetes_executor.py
[2025-02-17T06:22:54.741+0000] {logging_mixin.py:190} INFO - [2025-02-17T06:22:54.741+0000] {dag.py:3239} INFO - Sync 1 DAGs
[2025-02-17T06:22:54.754+0000] {logging_mixin.py:190} INFO - [2025-02-17T06:22:54.754+0000] {dag.py:4180} INFO - Setting next_dagrun for example_kubernetes_executor to None, run_after=None
[2025-02-17T06:22:54.771+0000] {processor.py:208} INFO - Processing /home/airflow/.local/lib/python3.12/site-packages/airflow/example_dags/example_kubernetes_executor.py took 0.088 seconds
[2025-02-17T06:23:25.080+0000] {processor.py:186} INFO - Started process (PID=4483) to work on /home/airflow/.local/lib/python3.12/site-packages/airflow/example_dags/example_kubernetes_executor.py
[2025-02-17T06:23:25.081+0000] {processor.py:914} INFO - Processing file /home/airflow/.local/lib/python3.12/site-packages/airflow/example_dags/example_kubernetes_executor.py for tasks to queue
[2025-02-17T06:23:25.085+0000] {logging_mixin.py:190} INFO - [2025-02-17T06:23:25.084+0000] {dagbag.py:588} INFO - Filling up the DagBag from /home/airflow/.local/lib/python3.12/site-packages/airflow/example_dags/example_kubernetes_executor.py
[2025-02-17T06:23:25.109+0000] {processor.py:925} INFO - DAG(s) 'example_kubernetes_executor' retrieved from /home/airflow/.local/lib/python3.12/site-packages/airflow/example_dags/example_kubernetes_executor.py
[2025-02-17T06:23:25.152+0000] {logging_mixin.py:190} INFO - [2025-02-17T06:23:25.152+0000] {dag.py:3239} INFO - Sync 1 DAGs
[2025-02-17T06:23:25.174+0000] {logging_mixin.py:190} INFO - [2025-02-17T06:23:25.174+0000] {dag.py:4180} INFO - Setting next_dagrun for example_kubernetes_executor to None, run_after=None
[2025-02-17T06:23:25.221+0000] {processor.py:208} INFO - Processing /home/airflow/.local/lib/python3.12/site-packages/airflow/example_dags/example_kubernetes_executor.py took 0.150 seconds
[2025-02-17T06:23:56.962+0000] {processor.py:186} INFO - Started process (PID=4548) to work on /home/airflow/.local/lib/python3.12/site-packages/airflow/example_dags/example_kubernetes_executor.py
[2025-02-17T06:23:56.978+0000] {processor.py:914} INFO - Processing file /home/airflow/.local/lib/python3.12/site-packages/airflow/example_dags/example_kubernetes_executor.py for tasks to queue
[2025-02-17T06:23:56.983+0000] {logging_mixin.py:190} INFO - [2025-02-17T06:23:56.982+0000] {dagbag.py:588} INFO - Filling up the DagBag from /home/airflow/.local/lib/python3.12/site-packages/airflow/example_dags/example_kubernetes_executor.py
[2025-02-17T06:23:57.059+0000] {processor.py:925} INFO - DAG(s) 'example_kubernetes_executor' retrieved from /home/airflow/.local/lib/python3.12/site-packages/airflow/example_dags/example_kubernetes_executor.py
[2025-02-17T06:23:57.113+0000] {logging_mixin.py:190} INFO - [2025-02-17T06:23:57.113+0000] {dag.py:3239} INFO - Sync 1 DAGs
[2025-02-17T06:23:57.152+0000] {logging_mixin.py:190} INFO - [2025-02-17T06:23:57.151+0000] {dag.py:4180} INFO - Setting next_dagrun for example_kubernetes_executor to None, run_after=None
[2025-02-17T06:23:57.203+0000] {processor.py:208} INFO - Processing /home/airflow/.local/lib/python3.12/site-packages/airflow/example_dags/example_kubernetes_executor.py took 0.262 seconds
[2025-02-17T12:17:25.259+0000] {processor.py:186} INFO - Started process (PID=4592) to work on /home/airflow/.local/lib/python3.12/site-packages/airflow/example_dags/example_kubernetes_executor.py
[2025-02-17T12:17:25.261+0000] {processor.py:914} INFO - Processing file /home/airflow/.local/lib/python3.12/site-packages/airflow/example_dags/example_kubernetes_executor.py for tasks to queue
[2025-02-17T12:17:25.264+0000] {logging_mixin.py:190} INFO - [2025-02-17T12:17:25.263+0000] {dagbag.py:588} INFO - Filling up the DagBag from /home/airflow/.local/lib/python3.12/site-packages/airflow/example_dags/example_kubernetes_executor.py
[2025-02-17T12:17:25.279+0000] {processor.py:925} INFO - DAG(s) 'example_kubernetes_executor' retrieved from /home/airflow/.local/lib/python3.12/site-packages/airflow/example_dags/example_kubernetes_executor.py
[2025-02-17T12:17:25.306+0000] {logging_mixin.py:190} INFO - [2025-02-17T12:17:25.306+0000] {dag.py:3239} INFO - Sync 1 DAGs
[2025-02-17T12:17:25.468+0000] {logging_mixin.py:190} INFO - [2025-02-17T12:17:25.468+0000] {dag.py:4180} INFO - Setting next_dagrun for example_kubernetes_executor to None, run_after=None
[2025-02-17T12:17:25.488+0000] {processor.py:208} INFO - Processing /home/airflow/.local/lib/python3.12/site-packages/airflow/example_dags/example_kubernetes_executor.py took 0.234 seconds
[2025-02-17T12:17:56.241+0000] {processor.py:186} INFO - Started process (PID=4670) to work on /home/airflow/.local/lib/python3.12/site-packages/airflow/example_dags/example_kubernetes_executor.py
[2025-02-17T12:17:56.242+0000] {processor.py:914} INFO - Processing file /home/airflow/.local/lib/python3.12/site-packages/airflow/example_dags/example_kubernetes_executor.py for tasks to queue
[2025-02-17T12:17:56.245+0000] {logging_mixin.py:190} INFO - [2025-02-17T12:17:56.244+0000] {dagbag.py:588} INFO - Filling up the DagBag from /home/airflow/.local/lib/python3.12/site-packages/airflow/example_dags/example_kubernetes_executor.py
[2025-02-17T12:17:56.261+0000] {processor.py:925} INFO - DAG(s) 'example_kubernetes_executor' retrieved from /home/airflow/.local/lib/python3.12/site-packages/airflow/example_dags/example_kubernetes_executor.py
[2025-02-17T12:17:56.287+0000] {logging_mixin.py:190} INFO - [2025-02-17T12:17:56.287+0000] {dag.py:3239} INFO - Sync 1 DAGs
[2025-02-17T12:17:56.303+0000] {logging_mixin.py:190} INFO - [2025-02-17T12:17:56.303+0000] {dag.py:4180} INFO - Setting next_dagrun for example_kubernetes_executor to None, run_after=None
[2025-02-17T12:17:56.329+0000] {processor.py:208} INFO - Processing /home/airflow/.local/lib/python3.12/site-packages/airflow/example_dags/example_kubernetes_executor.py took 0.095 seconds
[2025-02-17T12:18:27.416+0000] {processor.py:186} INFO - Started process (PID=4747) to work on /home/airflow/.local/lib/python3.12/site-packages/airflow/example_dags/example_kubernetes_executor.py
[2025-02-17T12:18:27.419+0000] {processor.py:914} INFO - Processing file /home/airflow/.local/lib/python3.12/site-packages/airflow/example_dags/example_kubernetes_executor.py for tasks to queue
[2025-02-17T12:18:27.425+0000] {logging_mixin.py:190} INFO - [2025-02-17T12:18:27.423+0000] {dagbag.py:588} INFO - Filling up the DagBag from /home/airflow/.local/lib/python3.12/site-packages/airflow/example_dags/example_kubernetes_executor.py
[2025-02-17T12:18:27.454+0000] {processor.py:925} INFO - DAG(s) 'example_kubernetes_executor' retrieved from /home/airflow/.local/lib/python3.12/site-packages/airflow/example_dags/example_kubernetes_executor.py
[2025-02-17T12:18:27.510+0000] {logging_mixin.py:190} INFO - [2025-02-17T12:18:27.509+0000] {dag.py:3239} INFO - Sync 1 DAGs
[2025-02-17T12:18:27.543+0000] {logging_mixin.py:190} INFO - [2025-02-17T12:18:27.543+0000] {dag.py:4180} INFO - Setting next_dagrun for example_kubernetes_executor to None, run_after=None
[2025-02-17T12:18:27.582+0000] {processor.py:208} INFO - Processing /home/airflow/.local/lib/python3.12/site-packages/airflow/example_dags/example_kubernetes_executor.py took 0.178 seconds
[2025-02-17T12:18:58.433+0000] {processor.py:186} INFO - Started process (PID=4826) to work on /home/airflow/.local/lib/python3.12/site-packages/airflow/example_dags/example_kubernetes_executor.py
[2025-02-17T12:18:58.435+0000] {processor.py:914} INFO - Processing file /home/airflow/.local/lib/python3.12/site-packages/airflow/example_dags/example_kubernetes_executor.py for tasks to queue
[2025-02-17T12:18:58.439+0000] {logging_mixin.py:190} INFO - [2025-02-17T12:18:58.439+0000] {dagbag.py:588} INFO - Filling up the DagBag from /home/airflow/.local/lib/python3.12/site-packages/airflow/example_dags/example_kubernetes_executor.py
[2025-02-17T12:18:58.467+0000] {processor.py:925} INFO - DAG(s) 'example_kubernetes_executor' retrieved from /home/airflow/.local/lib/python3.12/site-packages/airflow/example_dags/example_kubernetes_executor.py
[2025-02-17T12:18:58.513+0000] {logging_mixin.py:190} INFO - [2025-02-17T12:18:58.512+0000] {dag.py:3239} INFO - Sync 1 DAGs
[2025-02-17T12:18:58.541+0000] {logging_mixin.py:190} INFO - [2025-02-17T12:18:58.541+0000] {dag.py:4180} INFO - Setting next_dagrun for example_kubernetes_executor to None, run_after=None
[2025-02-17T12:18:58.574+0000] {processor.py:208} INFO - Processing /home/airflow/.local/lib/python3.12/site-packages/airflow/example_dags/example_kubernetes_executor.py took 0.152 seconds
[2025-02-17T12:19:30.447+0000] {processor.py:186} INFO - Started process (PID=4904) to work on /home/airflow/.local/lib/python3.12/site-packages/airflow/example_dags/example_kubernetes_executor.py
[2025-02-17T12:19:30.448+0000] {processor.py:914} INFO - Processing file /home/airflow/.local/lib/python3.12/site-packages/airflow/example_dags/example_kubernetes_executor.py for tasks to queue
[2025-02-17T12:19:30.452+0000] {logging_mixin.py:190} INFO - [2025-02-17T12:19:30.451+0000] {dagbag.py:588} INFO - Filling up the DagBag from /home/airflow/.local/lib/python3.12/site-packages/airflow/example_dags/example_kubernetes_executor.py
[2025-02-17T12:19:30.472+0000] {processor.py:925} INFO - DAG(s) 'example_kubernetes_executor' retrieved from /home/airflow/.local/lib/python3.12/site-packages/airflow/example_dags/example_kubernetes_executor.py
[2025-02-17T12:19:30.500+0000] {logging_mixin.py:190} INFO - [2025-02-17T12:19:30.499+0000] {dag.py:3239} INFO - Sync 1 DAGs
[2025-02-17T12:19:30.519+0000] {logging_mixin.py:190} INFO - [2025-02-17T12:19:30.518+0000] {dag.py:4180} INFO - Setting next_dagrun for example_kubernetes_executor to None, run_after=None
[2025-02-17T12:19:30.544+0000] {processor.py:208} INFO - Processing /home/airflow/.local/lib/python3.12/site-packages/airflow/example_dags/example_kubernetes_executor.py took 0.106 seconds
[2025-02-17T12:20:01.618+0000] {processor.py:186} INFO - Started process (PID=4982) to work on /home/airflow/.local/lib/python3.12/site-packages/airflow/example_dags/example_kubernetes_executor.py
[2025-02-17T12:20:01.620+0000] {processor.py:914} INFO - Processing file /home/airflow/.local/lib/python3.12/site-packages/airflow/example_dags/example_kubernetes_executor.py for tasks to queue
[2025-02-17T12:20:01.623+0000] {logging_mixin.py:190} INFO - [2025-02-17T12:20:01.622+0000] {dagbag.py:588} INFO - Filling up the DagBag from /home/airflow/.local/lib/python3.12/site-packages/airflow/example_dags/example_kubernetes_executor.py
[2025-02-17T12:20:01.640+0000] {processor.py:925} INFO - DAG(s) 'example_kubernetes_executor' retrieved from /home/airflow/.local/lib/python3.12/site-packages/airflow/example_dags/example_kubernetes_executor.py
[2025-02-17T12:20:01.670+0000] {logging_mixin.py:190} INFO - [2025-02-17T12:20:01.669+0000] {dag.py:3239} INFO - Sync 1 DAGs
[2025-02-17T12:20:01.845+0000] {logging_mixin.py:190} INFO - [2025-02-17T12:20:01.844+0000] {dag.py:4180} INFO - Setting next_dagrun for example_kubernetes_executor to None, run_after=None
[2025-02-17T12:20:01.863+0000] {processor.py:208} INFO - Processing /home/airflow/.local/lib/python3.12/site-packages/airflow/example_dags/example_kubernetes_executor.py took 0.251 seconds
