[2025-02-17T05:54:38.182+0000] {processor.py:186} INFO - Started process (PID=110) to work on /home/airflow/.local/lib/python3.12/site-packages/airflow/example_dags/example_latest_only.py
[2025-02-17T05:54:38.184+0000] {processor.py:914} INFO - Processing file /home/airflow/.local/lib/python3.12/site-packages/airflow/example_dags/example_latest_only.py for tasks to queue
[2025-02-17T05:54:38.189+0000] {logging_mixin.py:190} INFO - [2025-02-17T05:54:38.188+0000] {dagbag.py:588} INFO - Filling up the DagBag from /home/airflow/.local/lib/python3.12/site-packages/airflow/example_dags/example_latest_only.py
[2025-02-17T05:54:38.200+0000] {processor.py:925} INFO - DAG(s) 'latest_only' retrieved from /home/airflow/.local/lib/python3.12/site-packages/airflow/example_dags/example_latest_only.py
[2025-02-17T05:54:38.236+0000] {logging_mixin.py:190} INFO - [2025-02-17T05:54:38.235+0000] {dag.py:3239} INFO - Sync 1 DAGs
[2025-02-17T05:54:38.307+0000] {logging_mixin.py:190} INFO - [2025-02-17T05:54:38.306+0000] {dag.py:4180} INFO - Setting next_dagrun for latest_only to 2025-02-17 00:00:00+00:00, run_after=2025-02-17 04:00:00+00:00
[2025-02-17T05:54:38.355+0000] {processor.py:208} INFO - Processing /home/airflow/.local/lib/python3.12/site-packages/airflow/example_dags/example_latest_only.py took 0.184 seconds
[2025-02-17T05:55:08.410+0000] {processor.py:186} INFO - Started process (PID=187) to work on /home/airflow/.local/lib/python3.12/site-packages/airflow/example_dags/example_latest_only.py
[2025-02-17T05:55:08.414+0000] {processor.py:914} INFO - Processing file /home/airflow/.local/lib/python3.12/site-packages/airflow/example_dags/example_latest_only.py for tasks to queue
[2025-02-17T05:55:08.420+0000] {logging_mixin.py:190} INFO - [2025-02-17T05:55:08.420+0000] {dagbag.py:588} INFO - Filling up the DagBag from /home/airflow/.local/lib/python3.12/site-packages/airflow/example_dags/example_latest_only.py
[2025-02-17T05:55:08.431+0000] {processor.py:925} INFO - DAG(s) 'latest_only' retrieved from /home/airflow/.local/lib/python3.12/site-packages/airflow/example_dags/example_latest_only.py
[2025-02-17T05:55:08.458+0000] {logging_mixin.py:190} INFO - [2025-02-17T05:55:08.457+0000] {dag.py:3239} INFO - Sync 1 DAGs
[2025-02-17T05:55:08.483+0000] {logging_mixin.py:190} INFO - [2025-02-17T05:55:08.483+0000] {dag.py:4180} INFO - Setting next_dagrun for latest_only to 2025-02-17 00:00:00+00:00, run_after=2025-02-17 04:00:00+00:00
[2025-02-17T05:55:08.508+0000] {processor.py:208} INFO - Processing /home/airflow/.local/lib/python3.12/site-packages/airflow/example_dags/example_latest_only.py took 0.107 seconds
[2025-02-17T05:55:38.751+0000] {processor.py:186} INFO - Started process (PID=264) to work on /home/airflow/.local/lib/python3.12/site-packages/airflow/example_dags/example_latest_only.py
[2025-02-17T05:55:38.752+0000] {processor.py:914} INFO - Processing file /home/airflow/.local/lib/python3.12/site-packages/airflow/example_dags/example_latest_only.py for tasks to queue
[2025-02-17T05:55:38.754+0000] {logging_mixin.py:190} INFO - [2025-02-17T05:55:38.754+0000] {dagbag.py:588} INFO - Filling up the DagBag from /home/airflow/.local/lib/python3.12/site-packages/airflow/example_dags/example_latest_only.py
[2025-02-17T05:55:38.762+0000] {processor.py:925} INFO - DAG(s) 'latest_only' retrieved from /home/airflow/.local/lib/python3.12/site-packages/airflow/example_dags/example_latest_only.py
[2025-02-17T05:55:38.783+0000] {logging_mixin.py:190} INFO - [2025-02-17T05:55:38.783+0000] {dag.py:3239} INFO - Sync 1 DAGs
[2025-02-17T05:55:38.806+0000] {logging_mixin.py:190} INFO - [2025-02-17T05:55:38.806+0000] {dag.py:4180} INFO - Setting next_dagrun for latest_only to 2025-02-17 00:00:00+00:00, run_after=2025-02-17 04:00:00+00:00
[2025-02-17T05:55:38.847+0000] {processor.py:208} INFO - Processing /home/airflow/.local/lib/python3.12/site-packages/airflow/example_dags/example_latest_only.py took 0.102 seconds
[2025-02-17T05:56:09.678+0000] {processor.py:186} INFO - Started process (PID=342) to work on /home/airflow/.local/lib/python3.12/site-packages/airflow/example_dags/example_latest_only.py
[2025-02-17T05:56:09.680+0000] {processor.py:914} INFO - Processing file /home/airflow/.local/lib/python3.12/site-packages/airflow/example_dags/example_latest_only.py for tasks to queue
[2025-02-17T05:56:09.684+0000] {logging_mixin.py:190} INFO - [2025-02-17T05:56:09.683+0000] {dagbag.py:588} INFO - Filling up the DagBag from /home/airflow/.local/lib/python3.12/site-packages/airflow/example_dags/example_latest_only.py
[2025-02-17T05:56:09.693+0000] {processor.py:925} INFO - DAG(s) 'latest_only' retrieved from /home/airflow/.local/lib/python3.12/site-packages/airflow/example_dags/example_latest_only.py
[2025-02-17T05:56:09.717+0000] {logging_mixin.py:190} INFO - [2025-02-17T05:56:09.717+0000] {dag.py:3239} INFO - Sync 1 DAGs
[2025-02-17T05:56:09.743+0000] {logging_mixin.py:190} INFO - [2025-02-17T05:56:09.743+0000] {dag.py:4180} INFO - Setting next_dagrun for latest_only to 2025-02-17 00:00:00+00:00, run_after=2025-02-17 04:00:00+00:00
[2025-02-17T05:56:09.769+0000] {processor.py:208} INFO - Processing /home/airflow/.local/lib/python3.12/site-packages/airflow/example_dags/example_latest_only.py took 0.096 seconds
[2025-02-17T05:56:40.922+0000] {processor.py:186} INFO - Started process (PID=420) to work on /home/airflow/.local/lib/python3.12/site-packages/airflow/example_dags/example_latest_only.py
[2025-02-17T05:56:40.923+0000] {processor.py:914} INFO - Processing file /home/airflow/.local/lib/python3.12/site-packages/airflow/example_dags/example_latest_only.py for tasks to queue
[2025-02-17T05:56:40.926+0000] {logging_mixin.py:190} INFO - [2025-02-17T05:56:40.925+0000] {dagbag.py:588} INFO - Filling up the DagBag from /home/airflow/.local/lib/python3.12/site-packages/airflow/example_dags/example_latest_only.py
[2025-02-17T05:56:40.935+0000] {processor.py:925} INFO - DAG(s) 'latest_only' retrieved from /home/airflow/.local/lib/python3.12/site-packages/airflow/example_dags/example_latest_only.py
[2025-02-17T05:56:40.961+0000] {logging_mixin.py:190} INFO - [2025-02-17T05:56:40.960+0000] {dag.py:3239} INFO - Sync 1 DAGs
[2025-02-17T05:56:40.994+0000] {logging_mixin.py:190} INFO - [2025-02-17T05:56:40.993+0000] {dag.py:4180} INFO - Setting next_dagrun for latest_only to 2025-02-17 00:00:00+00:00, run_after=2025-02-17 04:00:00+00:00
[2025-02-17T05:56:41.024+0000] {processor.py:208} INFO - Processing /home/airflow/.local/lib/python3.12/site-packages/airflow/example_dags/example_latest_only.py took 0.107 seconds
[2025-02-17T05:57:12.134+0000] {processor.py:186} INFO - Started process (PID=498) to work on /home/airflow/.local/lib/python3.12/site-packages/airflow/example_dags/example_latest_only.py
[2025-02-17T05:57:12.135+0000] {processor.py:914} INFO - Processing file /home/airflow/.local/lib/python3.12/site-packages/airflow/example_dags/example_latest_only.py for tasks to queue
[2025-02-17T05:57:12.137+0000] {logging_mixin.py:190} INFO - [2025-02-17T05:57:12.136+0000] {dagbag.py:588} INFO - Filling up the DagBag from /home/airflow/.local/lib/python3.12/site-packages/airflow/example_dags/example_latest_only.py
[2025-02-17T05:57:12.143+0000] {processor.py:925} INFO - DAG(s) 'latest_only' retrieved from /home/airflow/.local/lib/python3.12/site-packages/airflow/example_dags/example_latest_only.py
[2025-02-17T05:57:12.164+0000] {logging_mixin.py:190} INFO - [2025-02-17T05:57:12.163+0000] {dag.py:3239} INFO - Sync 1 DAGs
[2025-02-17T05:57:12.184+0000] {logging_mixin.py:190} INFO - [2025-02-17T05:57:12.183+0000] {dag.py:4180} INFO - Setting next_dagrun for latest_only to 2025-02-17 00:00:00+00:00, run_after=2025-02-17 04:00:00+00:00
[2025-02-17T05:57:12.201+0000] {processor.py:208} INFO - Processing /home/airflow/.local/lib/python3.12/site-packages/airflow/example_dags/example_latest_only.py took 0.073 seconds
[2025-02-17T05:57:42.591+0000] {processor.py:186} INFO - Started process (PID=574) to work on /home/airflow/.local/lib/python3.12/site-packages/airflow/example_dags/example_latest_only.py
[2025-02-17T05:57:42.593+0000] {processor.py:914} INFO - Processing file /home/airflow/.local/lib/python3.12/site-packages/airflow/example_dags/example_latest_only.py for tasks to queue
[2025-02-17T05:57:42.596+0000] {logging_mixin.py:190} INFO - [2025-02-17T05:57:42.596+0000] {dagbag.py:588} INFO - Filling up the DagBag from /home/airflow/.local/lib/python3.12/site-packages/airflow/example_dags/example_latest_only.py
[2025-02-17T05:57:42.605+0000] {processor.py:925} INFO - DAG(s) 'latest_only' retrieved from /home/airflow/.local/lib/python3.12/site-packages/airflow/example_dags/example_latest_only.py
[2025-02-17T05:57:42.628+0000] {logging_mixin.py:190} INFO - [2025-02-17T05:57:42.628+0000] {dag.py:3239} INFO - Sync 1 DAGs
[2025-02-17T05:57:42.657+0000] {logging_mixin.py:190} INFO - [2025-02-17T05:57:42.657+0000] {dag.py:4180} INFO - Setting next_dagrun for latest_only to 2025-02-17 00:00:00+00:00, run_after=2025-02-17 04:00:00+00:00
[2025-02-17T05:57:42.701+0000] {processor.py:208} INFO - Processing /home/airflow/.local/lib/python3.12/site-packages/airflow/example_dags/example_latest_only.py took 0.117 seconds
[2025-02-17T05:58:12.857+0000] {processor.py:186} INFO - Started process (PID=640) to work on /home/airflow/.local/lib/python3.12/site-packages/airflow/example_dags/example_latest_only.py
[2025-02-17T05:58:12.857+0000] {processor.py:914} INFO - Processing file /home/airflow/.local/lib/python3.12/site-packages/airflow/example_dags/example_latest_only.py for tasks to queue
[2025-02-17T05:58:12.860+0000] {logging_mixin.py:190} INFO - [2025-02-17T05:58:12.860+0000] {dagbag.py:588} INFO - Filling up the DagBag from /home/airflow/.local/lib/python3.12/site-packages/airflow/example_dags/example_latest_only.py
[2025-02-17T05:58:12.867+0000] {processor.py:925} INFO - DAG(s) 'latest_only' retrieved from /home/airflow/.local/lib/python3.12/site-packages/airflow/example_dags/example_latest_only.py
[2025-02-17T05:58:12.889+0000] {logging_mixin.py:190} INFO - [2025-02-17T05:58:12.888+0000] {dag.py:3239} INFO - Sync 1 DAGs
[2025-02-17T05:58:12.911+0000] {logging_mixin.py:190} INFO - [2025-02-17T05:58:12.911+0000] {dag.py:4180} INFO - Setting next_dagrun for latest_only to 2025-02-17 00:00:00+00:00, run_after=2025-02-17 04:00:00+00:00
[2025-02-17T05:58:12.931+0000] {processor.py:208} INFO - Processing /home/airflow/.local/lib/python3.12/site-packages/airflow/example_dags/example_latest_only.py took 0.082 seconds
[2025-02-17T05:58:43.835+0000] {processor.py:186} INFO - Started process (PID=724) to work on /home/airflow/.local/lib/python3.12/site-packages/airflow/example_dags/example_latest_only.py
[2025-02-17T05:58:43.836+0000] {processor.py:914} INFO - Processing file /home/airflow/.local/lib/python3.12/site-packages/airflow/example_dags/example_latest_only.py for tasks to queue
[2025-02-17T05:58:43.839+0000] {logging_mixin.py:190} INFO - [2025-02-17T05:58:43.838+0000] {dagbag.py:588} INFO - Filling up the DagBag from /home/airflow/.local/lib/python3.12/site-packages/airflow/example_dags/example_latest_only.py
[2025-02-17T05:58:43.846+0000] {processor.py:925} INFO - DAG(s) 'latest_only' retrieved from /home/airflow/.local/lib/python3.12/site-packages/airflow/example_dags/example_latest_only.py
[2025-02-17T05:58:43.866+0000] {logging_mixin.py:190} INFO - [2025-02-17T05:58:43.865+0000] {dag.py:3239} INFO - Sync 1 DAGs
[2025-02-17T05:58:43.889+0000] {logging_mixin.py:190} INFO - [2025-02-17T05:58:43.889+0000] {dag.py:4180} INFO - Setting next_dagrun for latest_only to 2025-02-17 00:00:00+00:00, run_after=2025-02-17 04:00:00+00:00
[2025-02-17T05:58:43.910+0000] {processor.py:208} INFO - Processing /home/airflow/.local/lib/python3.12/site-packages/airflow/example_dags/example_latest_only.py took 0.081 seconds
[2025-02-17T05:59:14.312+0000] {processor.py:186} INFO - Started process (PID=802) to work on /home/airflow/.local/lib/python3.12/site-packages/airflow/example_dags/example_latest_only.py
[2025-02-17T05:59:14.313+0000] {processor.py:914} INFO - Processing file /home/airflow/.local/lib/python3.12/site-packages/airflow/example_dags/example_latest_only.py for tasks to queue
[2025-02-17T05:59:14.316+0000] {logging_mixin.py:190} INFO - [2025-02-17T05:59:14.316+0000] {dagbag.py:588} INFO - Filling up the DagBag from /home/airflow/.local/lib/python3.12/site-packages/airflow/example_dags/example_latest_only.py
[2025-02-17T05:59:14.325+0000] {processor.py:925} INFO - DAG(s) 'latest_only' retrieved from /home/airflow/.local/lib/python3.12/site-packages/airflow/example_dags/example_latest_only.py
[2025-02-17T05:59:14.345+0000] {logging_mixin.py:190} INFO - [2025-02-17T05:59:14.345+0000] {dag.py:3239} INFO - Sync 1 DAGs
[2025-02-17T05:59:14.368+0000] {logging_mixin.py:190} INFO - [2025-02-17T05:59:14.367+0000] {dag.py:4180} INFO - Setting next_dagrun for latest_only to 2025-02-17 00:00:00+00:00, run_after=2025-02-17 04:00:00+00:00
[2025-02-17T05:59:14.385+0000] {processor.py:208} INFO - Processing /home/airflow/.local/lib/python3.12/site-packages/airflow/example_dags/example_latest_only.py took 0.078 seconds
[2025-02-17T05:59:44.480+0000] {processor.py:186} INFO - Started process (PID=879) to work on /home/airflow/.local/lib/python3.12/site-packages/airflow/example_dags/example_latest_only.py
[2025-02-17T05:59:44.481+0000] {processor.py:914} INFO - Processing file /home/airflow/.local/lib/python3.12/site-packages/airflow/example_dags/example_latest_only.py for tasks to queue
[2025-02-17T05:59:44.484+0000] {logging_mixin.py:190} INFO - [2025-02-17T05:59:44.483+0000] {dagbag.py:588} INFO - Filling up the DagBag from /home/airflow/.local/lib/python3.12/site-packages/airflow/example_dags/example_latest_only.py
[2025-02-17T05:59:44.490+0000] {processor.py:925} INFO - DAG(s) 'latest_only' retrieved from /home/airflow/.local/lib/python3.12/site-packages/airflow/example_dags/example_latest_only.py
[2025-02-17T05:59:44.507+0000] {logging_mixin.py:190} INFO - [2025-02-17T05:59:44.506+0000] {dag.py:3239} INFO - Sync 1 DAGs
[2025-02-17T05:59:44.528+0000] {logging_mixin.py:190} INFO - [2025-02-17T05:59:44.528+0000] {dag.py:4180} INFO - Setting next_dagrun for latest_only to 2025-02-17 00:00:00+00:00, run_after=2025-02-17 04:00:00+00:00
[2025-02-17T05:59:44.544+0000] {processor.py:208} INFO - Processing /home/airflow/.local/lib/python3.12/site-packages/airflow/example_dags/example_latest_only.py took 0.070 seconds
[2025-02-17T06:00:15.449+0000] {processor.py:186} INFO - Started process (PID=957) to work on /home/airflow/.local/lib/python3.12/site-packages/airflow/example_dags/example_latest_only.py
[2025-02-17T06:00:15.451+0000] {processor.py:914} INFO - Processing file /home/airflow/.local/lib/python3.12/site-packages/airflow/example_dags/example_latest_only.py for tasks to queue
[2025-02-17T06:00:15.454+0000] {logging_mixin.py:190} INFO - [2025-02-17T06:00:15.453+0000] {dagbag.py:588} INFO - Filling up the DagBag from /home/airflow/.local/lib/python3.12/site-packages/airflow/example_dags/example_latest_only.py
[2025-02-17T06:00:15.464+0000] {processor.py:925} INFO - DAG(s) 'latest_only' retrieved from /home/airflow/.local/lib/python3.12/site-packages/airflow/example_dags/example_latest_only.py
[2025-02-17T06:00:15.492+0000] {logging_mixin.py:190} INFO - [2025-02-17T06:00:15.492+0000] {dag.py:3239} INFO - Sync 1 DAGs
[2025-02-17T06:00:15.526+0000] {logging_mixin.py:190} INFO - [2025-02-17T06:00:15.526+0000] {dag.py:4180} INFO - Setting next_dagrun for latest_only to 2025-02-17 00:00:00+00:00, run_after=2025-02-17 04:00:00+00:00
[2025-02-17T06:00:15.558+0000] {processor.py:208} INFO - Processing /home/airflow/.local/lib/python3.12/site-packages/airflow/example_dags/example_latest_only.py took 0.117 seconds
[2025-02-17T06:00:46.451+0000] {processor.py:186} INFO - Started process (PID=1035) to work on /home/airflow/.local/lib/python3.12/site-packages/airflow/example_dags/example_latest_only.py
[2025-02-17T06:00:46.453+0000] {processor.py:914} INFO - Processing file /home/airflow/.local/lib/python3.12/site-packages/airflow/example_dags/example_latest_only.py for tasks to queue
[2025-02-17T06:00:46.457+0000] {logging_mixin.py:190} INFO - [2025-02-17T06:00:46.457+0000] {dagbag.py:588} INFO - Filling up the DagBag from /home/airflow/.local/lib/python3.12/site-packages/airflow/example_dags/example_latest_only.py
[2025-02-17T06:00:46.468+0000] {processor.py:925} INFO - DAG(s) 'latest_only' retrieved from /home/airflow/.local/lib/python3.12/site-packages/airflow/example_dags/example_latest_only.py
[2025-02-17T06:00:46.500+0000] {logging_mixin.py:190} INFO - [2025-02-17T06:00:46.500+0000] {dag.py:3239} INFO - Sync 1 DAGs
[2025-02-17T06:00:46.535+0000] {logging_mixin.py:190} INFO - [2025-02-17T06:00:46.535+0000] {dag.py:4180} INFO - Setting next_dagrun for latest_only to 2025-02-17 00:00:00+00:00, run_after=2025-02-17 04:00:00+00:00
[2025-02-17T06:00:46.566+0000] {processor.py:208} INFO - Processing /home/airflow/.local/lib/python3.12/site-packages/airflow/example_dags/example_latest_only.py took 0.124 seconds
[2025-02-17T06:01:16.802+0000] {processor.py:186} INFO - Started process (PID=1113) to work on /home/airflow/.local/lib/python3.12/site-packages/airflow/example_dags/example_latest_only.py
[2025-02-17T06:01:16.804+0000] {processor.py:914} INFO - Processing file /home/airflow/.local/lib/python3.12/site-packages/airflow/example_dags/example_latest_only.py for tasks to queue
[2025-02-17T06:01:16.806+0000] {logging_mixin.py:190} INFO - [2025-02-17T06:01:16.806+0000] {dagbag.py:588} INFO - Filling up the DagBag from /home/airflow/.local/lib/python3.12/site-packages/airflow/example_dags/example_latest_only.py
[2025-02-17T06:01:16.816+0000] {processor.py:925} INFO - DAG(s) 'latest_only' retrieved from /home/airflow/.local/lib/python3.12/site-packages/airflow/example_dags/example_latest_only.py
[2025-02-17T06:01:16.836+0000] {logging_mixin.py:190} INFO - [2025-02-17T06:01:16.836+0000] {dag.py:3239} INFO - Sync 1 DAGs
[2025-02-17T06:01:16.861+0000] {logging_mixin.py:190} INFO - [2025-02-17T06:01:16.860+0000] {dag.py:4180} INFO - Setting next_dagrun for latest_only to 2025-02-17 00:00:00+00:00, run_after=2025-02-17 04:00:00+00:00
[2025-02-17T06:01:16.881+0000] {processor.py:208} INFO - Processing /home/airflow/.local/lib/python3.12/site-packages/airflow/example_dags/example_latest_only.py took 0.085 seconds
[2025-02-17T06:01:49.137+0000] {processor.py:186} INFO - Started process (PID=1191) to work on /home/airflow/.local/lib/python3.12/site-packages/airflow/example_dags/example_latest_only.py
[2025-02-17T06:01:49.138+0000] {processor.py:914} INFO - Processing file /home/airflow/.local/lib/python3.12/site-packages/airflow/example_dags/example_latest_only.py for tasks to queue
[2025-02-17T06:01:49.142+0000] {logging_mixin.py:190} INFO - [2025-02-17T06:01:49.142+0000] {dagbag.py:588} INFO - Filling up the DagBag from /home/airflow/.local/lib/python3.12/site-packages/airflow/example_dags/example_latest_only.py
[2025-02-17T06:01:49.152+0000] {processor.py:925} INFO - DAG(s) 'latest_only' retrieved from /home/airflow/.local/lib/python3.12/site-packages/airflow/example_dags/example_latest_only.py
[2025-02-17T06:01:49.175+0000] {logging_mixin.py:190} INFO - [2025-02-17T06:01:49.174+0000] {dag.py:3239} INFO - Sync 1 DAGs
[2025-02-17T06:01:49.201+0000] {logging_mixin.py:190} INFO - [2025-02-17T06:01:49.201+0000] {dag.py:4180} INFO - Setting next_dagrun for latest_only to 2025-02-17 00:00:00+00:00, run_after=2025-02-17 04:00:00+00:00
[2025-02-17T06:01:49.225+0000] {processor.py:208} INFO - Processing /home/airflow/.local/lib/python3.12/site-packages/airflow/example_dags/example_latest_only.py took 0.093 seconds
[2025-02-17T06:02:19.845+0000] {processor.py:186} INFO - Started process (PID=1269) to work on /home/airflow/.local/lib/python3.12/site-packages/airflow/example_dags/example_latest_only.py
[2025-02-17T06:02:19.846+0000] {processor.py:914} INFO - Processing file /home/airflow/.local/lib/python3.12/site-packages/airflow/example_dags/example_latest_only.py for tasks to queue
[2025-02-17T06:02:19.848+0000] {logging_mixin.py:190} INFO - [2025-02-17T06:02:19.848+0000] {dagbag.py:588} INFO - Filling up the DagBag from /home/airflow/.local/lib/python3.12/site-packages/airflow/example_dags/example_latest_only.py
[2025-02-17T06:02:19.859+0000] {processor.py:925} INFO - DAG(s) 'latest_only' retrieved from /home/airflow/.local/lib/python3.12/site-packages/airflow/example_dags/example_latest_only.py
[2025-02-17T06:02:19.880+0000] {logging_mixin.py:190} INFO - [2025-02-17T06:02:19.880+0000] {dag.py:3239} INFO - Sync 1 DAGs
[2025-02-17T06:02:19.902+0000] {logging_mixin.py:190} INFO - [2025-02-17T06:02:19.902+0000] {dag.py:4180} INFO - Setting next_dagrun for latest_only to 2025-02-17 00:00:00+00:00, run_after=2025-02-17 04:00:00+00:00
[2025-02-17T06:02:19.927+0000] {processor.py:208} INFO - Processing /home/airflow/.local/lib/python3.12/site-packages/airflow/example_dags/example_latest_only.py took 0.088 seconds
[2025-02-17T06:02:50.263+0000] {processor.py:186} INFO - Started process (PID=1347) to work on /home/airflow/.local/lib/python3.12/site-packages/airflow/example_dags/example_latest_only.py
[2025-02-17T06:02:50.264+0000] {processor.py:914} INFO - Processing file /home/airflow/.local/lib/python3.12/site-packages/airflow/example_dags/example_latest_only.py for tasks to queue
[2025-02-17T06:02:50.267+0000] {logging_mixin.py:190} INFO - [2025-02-17T06:02:50.267+0000] {dagbag.py:588} INFO - Filling up the DagBag from /home/airflow/.local/lib/python3.12/site-packages/airflow/example_dags/example_latest_only.py
[2025-02-17T06:02:50.277+0000] {processor.py:925} INFO - DAG(s) 'latest_only' retrieved from /home/airflow/.local/lib/python3.12/site-packages/airflow/example_dags/example_latest_only.py
[2025-02-17T06:02:50.302+0000] {logging_mixin.py:190} INFO - [2025-02-17T06:02:50.301+0000] {dag.py:3239} INFO - Sync 1 DAGs
[2025-02-17T06:02:50.334+0000] {logging_mixin.py:190} INFO - [2025-02-17T06:02:50.334+0000] {dag.py:4180} INFO - Setting next_dagrun for latest_only to 2025-02-17 00:00:00+00:00, run_after=2025-02-17 04:00:00+00:00
[2025-02-17T06:02:50.361+0000] {processor.py:208} INFO - Processing /home/airflow/.local/lib/python3.12/site-packages/airflow/example_dags/example_latest_only.py took 0.104 seconds
[2025-02-17T06:03:21.259+0000] {processor.py:186} INFO - Started process (PID=1425) to work on /home/airflow/.local/lib/python3.12/site-packages/airflow/example_dags/example_latest_only.py
[2025-02-17T06:03:21.260+0000] {processor.py:914} INFO - Processing file /home/airflow/.local/lib/python3.12/site-packages/airflow/example_dags/example_latest_only.py for tasks to queue
[2025-02-17T06:03:21.263+0000] {logging_mixin.py:190} INFO - [2025-02-17T06:03:21.262+0000] {dagbag.py:588} INFO - Filling up the DagBag from /home/airflow/.local/lib/python3.12/site-packages/airflow/example_dags/example_latest_only.py
[2025-02-17T06:03:21.272+0000] {processor.py:925} INFO - DAG(s) 'latest_only' retrieved from /home/airflow/.local/lib/python3.12/site-packages/airflow/example_dags/example_latest_only.py
[2025-02-17T06:03:21.299+0000] {logging_mixin.py:190} INFO - [2025-02-17T06:03:21.299+0000] {dag.py:3239} INFO - Sync 1 DAGs
[2025-02-17T06:03:21.357+0000] {logging_mixin.py:190} INFO - [2025-02-17T06:03:21.357+0000] {dag.py:4180} INFO - Setting next_dagrun for latest_only to 2025-02-17 00:00:00+00:00, run_after=2025-02-17 04:00:00+00:00
[2025-02-17T06:03:21.387+0000] {processor.py:208} INFO - Processing /home/airflow/.local/lib/python3.12/site-packages/airflow/example_dags/example_latest_only.py took 0.138 seconds
[2025-02-17T06:03:52.284+0000] {processor.py:186} INFO - Started process (PID=1503) to work on /home/airflow/.local/lib/python3.12/site-packages/airflow/example_dags/example_latest_only.py
[2025-02-17T06:03:52.285+0000] {processor.py:914} INFO - Processing file /home/airflow/.local/lib/python3.12/site-packages/airflow/example_dags/example_latest_only.py for tasks to queue
[2025-02-17T06:03:52.288+0000] {logging_mixin.py:190} INFO - [2025-02-17T06:03:52.288+0000] {dagbag.py:588} INFO - Filling up the DagBag from /home/airflow/.local/lib/python3.12/site-packages/airflow/example_dags/example_latest_only.py
[2025-02-17T06:03:52.298+0000] {processor.py:925} INFO - DAG(s) 'latest_only' retrieved from /home/airflow/.local/lib/python3.12/site-packages/airflow/example_dags/example_latest_only.py
[2025-02-17T06:03:52.319+0000] {logging_mixin.py:190} INFO - [2025-02-17T06:03:52.319+0000] {dag.py:3239} INFO - Sync 1 DAGs
[2025-02-17T06:03:52.345+0000] {logging_mixin.py:190} INFO - [2025-02-17T06:03:52.345+0000] {dag.py:4180} INFO - Setting next_dagrun for latest_only to 2025-02-17 00:00:00+00:00, run_after=2025-02-17 04:00:00+00:00
[2025-02-17T06:03:52.365+0000] {processor.py:208} INFO - Processing /home/airflow/.local/lib/python3.12/site-packages/airflow/example_dags/example_latest_only.py took 0.086 seconds
[2025-02-17T06:04:22.894+0000] {processor.py:186} INFO - Started process (PID=1580) to work on /home/airflow/.local/lib/python3.12/site-packages/airflow/example_dags/example_latest_only.py
[2025-02-17T06:04:22.896+0000] {processor.py:914} INFO - Processing file /home/airflow/.local/lib/python3.12/site-packages/airflow/example_dags/example_latest_only.py for tasks to queue
[2025-02-17T06:04:22.898+0000] {logging_mixin.py:190} INFO - [2025-02-17T06:04:22.898+0000] {dagbag.py:588} INFO - Filling up the DagBag from /home/airflow/.local/lib/python3.12/site-packages/airflow/example_dags/example_latest_only.py
[2025-02-17T06:04:22.904+0000] {processor.py:925} INFO - DAG(s) 'latest_only' retrieved from /home/airflow/.local/lib/python3.12/site-packages/airflow/example_dags/example_latest_only.py
[2025-02-17T06:04:22.923+0000] {logging_mixin.py:190} INFO - [2025-02-17T06:04:22.922+0000] {dag.py:3239} INFO - Sync 1 DAGs
[2025-02-17T06:04:22.942+0000] {logging_mixin.py:190} INFO - [2025-02-17T06:04:22.942+0000] {dag.py:4180} INFO - Setting next_dagrun for latest_only to 2025-02-17 00:00:00+00:00, run_after=2025-02-17 04:00:00+00:00
[2025-02-17T06:04:22.961+0000] {processor.py:208} INFO - Processing /home/airflow/.local/lib/python3.12/site-packages/airflow/example_dags/example_latest_only.py took 0.072 seconds
[2025-02-17T06:04:52.133+0000] {processor.py:186} INFO - Started process (PID=1658) to work on /home/airflow/.local/lib/python3.12/site-packages/airflow/example_dags/example_latest_only.py
[2025-02-17T06:04:52.134+0000] {processor.py:914} INFO - Processing file /home/airflow/.local/lib/python3.12/site-packages/airflow/example_dags/example_latest_only.py for tasks to queue
[2025-02-17T06:04:52.137+0000] {logging_mixin.py:190} INFO - [2025-02-17T06:04:52.137+0000] {dagbag.py:588} INFO - Filling up the DagBag from /home/airflow/.local/lib/python3.12/site-packages/airflow/example_dags/example_latest_only.py
[2025-02-17T06:04:52.143+0000] {processor.py:925} INFO - DAG(s) 'latest_only' retrieved from /home/airflow/.local/lib/python3.12/site-packages/airflow/example_dags/example_latest_only.py
[2025-02-17T06:04:52.164+0000] {logging_mixin.py:190} INFO - [2025-02-17T06:04:52.163+0000] {dag.py:3239} INFO - Sync 1 DAGs
[2025-02-17T06:04:52.189+0000] {logging_mixin.py:190} INFO - [2025-02-17T06:04:52.188+0000] {dag.py:4180} INFO - Setting next_dagrun for latest_only to 2025-02-17 00:00:00+00:00, run_after=2025-02-17 04:00:00+00:00
[2025-02-17T06:04:52.207+0000] {processor.py:208} INFO - Processing /home/airflow/.local/lib/python3.12/site-packages/airflow/example_dags/example_latest_only.py took 0.080 seconds
[2025-02-17T06:05:22.678+0000] {processor.py:186} INFO - Started process (PID=1734) to work on /home/airflow/.local/lib/python3.12/site-packages/airflow/example_dags/example_latest_only.py
[2025-02-17T06:05:22.679+0000] {processor.py:914} INFO - Processing file /home/airflow/.local/lib/python3.12/site-packages/airflow/example_dags/example_latest_only.py for tasks to queue
[2025-02-17T06:05:22.684+0000] {logging_mixin.py:190} INFO - [2025-02-17T06:05:22.683+0000] {dagbag.py:588} INFO - Filling up the DagBag from /home/airflow/.local/lib/python3.12/site-packages/airflow/example_dags/example_latest_only.py
[2025-02-17T06:05:22.694+0000] {processor.py:925} INFO - DAG(s) 'latest_only' retrieved from /home/airflow/.local/lib/python3.12/site-packages/airflow/example_dags/example_latest_only.py
[2025-02-17T06:05:22.718+0000] {logging_mixin.py:190} INFO - [2025-02-17T06:05:22.718+0000] {dag.py:3239} INFO - Sync 1 DAGs
[2025-02-17T06:05:22.750+0000] {logging_mixin.py:190} INFO - [2025-02-17T06:05:22.749+0000] {dag.py:4180} INFO - Setting next_dagrun for latest_only to 2025-02-17 00:00:00+00:00, run_after=2025-02-17 04:00:00+00:00
[2025-02-17T06:05:22.776+0000] {processor.py:208} INFO - Processing /home/airflow/.local/lib/python3.12/site-packages/airflow/example_dags/example_latest_only.py took 0.108 seconds
[2025-02-17T06:05:53.394+0000] {processor.py:186} INFO - Started process (PID=1812) to work on /home/airflow/.local/lib/python3.12/site-packages/airflow/example_dags/example_latest_only.py
[2025-02-17T06:05:53.396+0000] {processor.py:914} INFO - Processing file /home/airflow/.local/lib/python3.12/site-packages/airflow/example_dags/example_latest_only.py for tasks to queue
[2025-02-17T06:05:53.399+0000] {logging_mixin.py:190} INFO - [2025-02-17T06:05:53.399+0000] {dagbag.py:588} INFO - Filling up the DagBag from /home/airflow/.local/lib/python3.12/site-packages/airflow/example_dags/example_latest_only.py
[2025-02-17T06:05:53.408+0000] {processor.py:925} INFO - DAG(s) 'latest_only' retrieved from /home/airflow/.local/lib/python3.12/site-packages/airflow/example_dags/example_latest_only.py
[2025-02-17T06:05:53.432+0000] {logging_mixin.py:190} INFO - [2025-02-17T06:05:53.431+0000] {dag.py:3239} INFO - Sync 1 DAGs
[2025-02-17T06:05:53.457+0000] {logging_mixin.py:190} INFO - [2025-02-17T06:05:53.457+0000] {dag.py:4180} INFO - Setting next_dagrun for latest_only to 2025-02-17 00:00:00+00:00, run_after=2025-02-17 04:00:00+00:00
[2025-02-17T06:05:53.489+0000] {processor.py:208} INFO - Processing /home/airflow/.local/lib/python3.12/site-packages/airflow/example_dags/example_latest_only.py took 0.100 seconds
[2025-02-17T06:06:23.622+0000] {processor.py:186} INFO - Started process (PID=1890) to work on /home/airflow/.local/lib/python3.12/site-packages/airflow/example_dags/example_latest_only.py
[2025-02-17T06:06:23.623+0000] {processor.py:914} INFO - Processing file /home/airflow/.local/lib/python3.12/site-packages/airflow/example_dags/example_latest_only.py for tasks to queue
[2025-02-17T06:06:23.626+0000] {logging_mixin.py:190} INFO - [2025-02-17T06:06:23.626+0000] {dagbag.py:588} INFO - Filling up the DagBag from /home/airflow/.local/lib/python3.12/site-packages/airflow/example_dags/example_latest_only.py
[2025-02-17T06:06:23.635+0000] {processor.py:925} INFO - DAG(s) 'latest_only' retrieved from /home/airflow/.local/lib/python3.12/site-packages/airflow/example_dags/example_latest_only.py
[2025-02-17T06:06:23.658+0000] {logging_mixin.py:190} INFO - [2025-02-17T06:06:23.658+0000] {dag.py:3239} INFO - Sync 1 DAGs
[2025-02-17T06:06:23.683+0000] {logging_mixin.py:190} INFO - [2025-02-17T06:06:23.683+0000] {dag.py:4180} INFO - Setting next_dagrun for latest_only to 2025-02-17 00:00:00+00:00, run_after=2025-02-17 04:00:00+00:00
[2025-02-17T06:06:23.702+0000] {processor.py:208} INFO - Processing /home/airflow/.local/lib/python3.12/site-packages/airflow/example_dags/example_latest_only.py took 0.086 seconds
[2025-02-17T06:06:53.915+0000] {processor.py:186} INFO - Started process (PID=1968) to work on /home/airflow/.local/lib/python3.12/site-packages/airflow/example_dags/example_latest_only.py
[2025-02-17T06:06:53.916+0000] {processor.py:914} INFO - Processing file /home/airflow/.local/lib/python3.12/site-packages/airflow/example_dags/example_latest_only.py for tasks to queue
[2025-02-17T06:06:53.921+0000] {logging_mixin.py:190} INFO - [2025-02-17T06:06:53.920+0000] {dagbag.py:588} INFO - Filling up the DagBag from /home/airflow/.local/lib/python3.12/site-packages/airflow/example_dags/example_latest_only.py
[2025-02-17T06:06:53.929+0000] {processor.py:925} INFO - DAG(s) 'latest_only' retrieved from /home/airflow/.local/lib/python3.12/site-packages/airflow/example_dags/example_latest_only.py
[2025-02-17T06:06:53.955+0000] {logging_mixin.py:190} INFO - [2025-02-17T06:06:53.954+0000] {dag.py:3239} INFO - Sync 1 DAGs
[2025-02-17T06:06:53.984+0000] {logging_mixin.py:190} INFO - [2025-02-17T06:06:53.983+0000] {dag.py:4180} INFO - Setting next_dagrun for latest_only to 2025-02-17 00:00:00+00:00, run_after=2025-02-17 04:00:00+00:00
[2025-02-17T06:06:54.004+0000] {processor.py:208} INFO - Processing /home/airflow/.local/lib/python3.12/site-packages/airflow/example_dags/example_latest_only.py took 0.097 seconds
[2025-02-17T06:07:24.385+0000] {processor.py:186} INFO - Started process (PID=2046) to work on /home/airflow/.local/lib/python3.12/site-packages/airflow/example_dags/example_latest_only.py
[2025-02-17T06:07:24.386+0000] {processor.py:914} INFO - Processing file /home/airflow/.local/lib/python3.12/site-packages/airflow/example_dags/example_latest_only.py for tasks to queue
[2025-02-17T06:07:24.390+0000] {logging_mixin.py:190} INFO - [2025-02-17T06:07:24.390+0000] {dagbag.py:588} INFO - Filling up the DagBag from /home/airflow/.local/lib/python3.12/site-packages/airflow/example_dags/example_latest_only.py
[2025-02-17T06:07:24.401+0000] {processor.py:925} INFO - DAG(s) 'latest_only' retrieved from /home/airflow/.local/lib/python3.12/site-packages/airflow/example_dags/example_latest_only.py
[2025-02-17T06:07:24.426+0000] {logging_mixin.py:190} INFO - [2025-02-17T06:07:24.425+0000] {dag.py:3239} INFO - Sync 1 DAGs
[2025-02-17T06:07:24.454+0000] {logging_mixin.py:190} INFO - [2025-02-17T06:07:24.454+0000] {dag.py:4180} INFO - Setting next_dagrun for latest_only to 2025-02-17 00:00:00+00:00, run_after=2025-02-17 04:00:00+00:00
[2025-02-17T06:07:24.473+0000] {processor.py:208} INFO - Processing /home/airflow/.local/lib/python3.12/site-packages/airflow/example_dags/example_latest_only.py took 0.096 seconds
[2025-02-17T06:07:54.687+0000] {processor.py:186} INFO - Started process (PID=2124) to work on /home/airflow/.local/lib/python3.12/site-packages/airflow/example_dags/example_latest_only.py
[2025-02-17T06:07:54.688+0000] {processor.py:914} INFO - Processing file /home/airflow/.local/lib/python3.12/site-packages/airflow/example_dags/example_latest_only.py for tasks to queue
[2025-02-17T06:07:54.691+0000] {logging_mixin.py:190} INFO - [2025-02-17T06:07:54.691+0000] {dagbag.py:588} INFO - Filling up the DagBag from /home/airflow/.local/lib/python3.12/site-packages/airflow/example_dags/example_latest_only.py
[2025-02-17T06:07:54.704+0000] {processor.py:925} INFO - DAG(s) 'latest_only' retrieved from /home/airflow/.local/lib/python3.12/site-packages/airflow/example_dags/example_latest_only.py
[2025-02-17T06:07:54.729+0000] {logging_mixin.py:190} INFO - [2025-02-17T06:07:54.729+0000] {dag.py:3239} INFO - Sync 1 DAGs
[2025-02-17T06:07:54.767+0000] {logging_mixin.py:190} INFO - [2025-02-17T06:07:54.767+0000] {dag.py:4180} INFO - Setting next_dagrun for latest_only to 2025-02-17 00:00:00+00:00, run_after=2025-02-17 04:00:00+00:00
[2025-02-17T06:07:54.792+0000] {processor.py:208} INFO - Processing /home/airflow/.local/lib/python3.12/site-packages/airflow/example_dags/example_latest_only.py took 0.113 seconds
[2025-02-17T06:08:25.181+0000] {processor.py:186} INFO - Started process (PID=2202) to work on /home/airflow/.local/lib/python3.12/site-packages/airflow/example_dags/example_latest_only.py
[2025-02-17T06:08:25.183+0000] {processor.py:914} INFO - Processing file /home/airflow/.local/lib/python3.12/site-packages/airflow/example_dags/example_latest_only.py for tasks to queue
[2025-02-17T06:08:25.185+0000] {logging_mixin.py:190} INFO - [2025-02-17T06:08:25.185+0000] {dagbag.py:588} INFO - Filling up the DagBag from /home/airflow/.local/lib/python3.12/site-packages/airflow/example_dags/example_latest_only.py
[2025-02-17T06:08:25.193+0000] {processor.py:925} INFO - DAG(s) 'latest_only' retrieved from /home/airflow/.local/lib/python3.12/site-packages/airflow/example_dags/example_latest_only.py
[2025-02-17T06:08:25.211+0000] {logging_mixin.py:190} INFO - [2025-02-17T06:08:25.211+0000] {dag.py:3239} INFO - Sync 1 DAGs
[2025-02-17T06:08:25.232+0000] {logging_mixin.py:190} INFO - [2025-02-17T06:08:25.232+0000] {dag.py:4180} INFO - Setting next_dagrun for latest_only to 2025-02-17 00:00:00+00:00, run_after=2025-02-17 04:00:00+00:00
[2025-02-17T06:08:25.258+0000] {processor.py:208} INFO - Processing /home/airflow/.local/lib/python3.12/site-packages/airflow/example_dags/example_latest_only.py took 0.082 seconds
[2025-02-17T06:08:55.842+0000] {processor.py:186} INFO - Started process (PID=2280) to work on /home/airflow/.local/lib/python3.12/site-packages/airflow/example_dags/example_latest_only.py
[2025-02-17T06:08:55.844+0000] {processor.py:914} INFO - Processing file /home/airflow/.local/lib/python3.12/site-packages/airflow/example_dags/example_latest_only.py for tasks to queue
[2025-02-17T06:08:55.846+0000] {logging_mixin.py:190} INFO - [2025-02-17T06:08:55.846+0000] {dagbag.py:588} INFO - Filling up the DagBag from /home/airflow/.local/lib/python3.12/site-packages/airflow/example_dags/example_latest_only.py
[2025-02-17T06:08:55.853+0000] {processor.py:925} INFO - DAG(s) 'latest_only' retrieved from /home/airflow/.local/lib/python3.12/site-packages/airflow/example_dags/example_latest_only.py
[2025-02-17T06:08:55.873+0000] {logging_mixin.py:190} INFO - [2025-02-17T06:08:55.873+0000] {dag.py:3239} INFO - Sync 1 DAGs
[2025-02-17T06:08:55.896+0000] {logging_mixin.py:190} INFO - [2025-02-17T06:08:55.896+0000] {dag.py:4180} INFO - Setting next_dagrun for latest_only to 2025-02-17 00:00:00+00:00, run_after=2025-02-17 04:00:00+00:00
[2025-02-17T06:08:55.916+0000] {processor.py:208} INFO - Processing /home/airflow/.local/lib/python3.12/site-packages/airflow/example_dags/example_latest_only.py took 0.080 seconds
[2025-02-17T06:09:26.045+0000] {processor.py:186} INFO - Started process (PID=2364) to work on /home/airflow/.local/lib/python3.12/site-packages/airflow/example_dags/example_latest_only.py
[2025-02-17T06:09:26.046+0000] {processor.py:914} INFO - Processing file /home/airflow/.local/lib/python3.12/site-packages/airflow/example_dags/example_latest_only.py for tasks to queue
[2025-02-17T06:09:26.049+0000] {logging_mixin.py:190} INFO - [2025-02-17T06:09:26.049+0000] {dagbag.py:588} INFO - Filling up the DagBag from /home/airflow/.local/lib/python3.12/site-packages/airflow/example_dags/example_latest_only.py
[2025-02-17T06:09:26.056+0000] {processor.py:925} INFO - DAG(s) 'latest_only' retrieved from /home/airflow/.local/lib/python3.12/site-packages/airflow/example_dags/example_latest_only.py
[2025-02-17T06:09:26.073+0000] {logging_mixin.py:190} INFO - [2025-02-17T06:09:26.073+0000] {dag.py:3239} INFO - Sync 1 DAGs
[2025-02-17T06:09:26.098+0000] {logging_mixin.py:190} INFO - [2025-02-17T06:09:26.098+0000] {dag.py:4180} INFO - Setting next_dagrun for latest_only to 2025-02-17 00:00:00+00:00, run_after=2025-02-17 04:00:00+00:00
[2025-02-17T06:09:26.117+0000] {processor.py:208} INFO - Processing /home/airflow/.local/lib/python3.12/site-packages/airflow/example_dags/example_latest_only.py took 0.077 seconds
[2025-02-17T06:09:56.510+0000] {processor.py:186} INFO - Started process (PID=2442) to work on /home/airflow/.local/lib/python3.12/site-packages/airflow/example_dags/example_latest_only.py
[2025-02-17T06:09:56.511+0000] {processor.py:914} INFO - Processing file /home/airflow/.local/lib/python3.12/site-packages/airflow/example_dags/example_latest_only.py for tasks to queue
[2025-02-17T06:09:56.514+0000] {logging_mixin.py:190} INFO - [2025-02-17T06:09:56.514+0000] {dagbag.py:588} INFO - Filling up the DagBag from /home/airflow/.local/lib/python3.12/site-packages/airflow/example_dags/example_latest_only.py
[2025-02-17T06:09:56.523+0000] {processor.py:925} INFO - DAG(s) 'latest_only' retrieved from /home/airflow/.local/lib/python3.12/site-packages/airflow/example_dags/example_latest_only.py
[2025-02-17T06:09:56.541+0000] {logging_mixin.py:190} INFO - [2025-02-17T06:09:56.541+0000] {dag.py:3239} INFO - Sync 1 DAGs
[2025-02-17T06:09:56.560+0000] {logging_mixin.py:190} INFO - [2025-02-17T06:09:56.560+0000] {dag.py:4180} INFO - Setting next_dagrun for latest_only to 2025-02-17 00:00:00+00:00, run_after=2025-02-17 04:00:00+00:00
[2025-02-17T06:09:56.588+0000] {processor.py:208} INFO - Processing /home/airflow/.local/lib/python3.12/site-packages/airflow/example_dags/example_latest_only.py took 0.085 seconds
[2025-02-17T06:10:26.697+0000] {processor.py:186} INFO - Started process (PID=2520) to work on /home/airflow/.local/lib/python3.12/site-packages/airflow/example_dags/example_latest_only.py
[2025-02-17T06:10:26.698+0000] {processor.py:914} INFO - Processing file /home/airflow/.local/lib/python3.12/site-packages/airflow/example_dags/example_latest_only.py for tasks to queue
[2025-02-17T06:10:26.702+0000] {logging_mixin.py:190} INFO - [2025-02-17T06:10:26.701+0000] {dagbag.py:588} INFO - Filling up the DagBag from /home/airflow/.local/lib/python3.12/site-packages/airflow/example_dags/example_latest_only.py
[2025-02-17T06:10:26.711+0000] {processor.py:925} INFO - DAG(s) 'latest_only' retrieved from /home/airflow/.local/lib/python3.12/site-packages/airflow/example_dags/example_latest_only.py
[2025-02-17T06:10:26.732+0000] {logging_mixin.py:190} INFO - [2025-02-17T06:10:26.732+0000] {dag.py:3239} INFO - Sync 1 DAGs
[2025-02-17T06:10:26.756+0000] {logging_mixin.py:190} INFO - [2025-02-17T06:10:26.755+0000] {dag.py:4180} INFO - Setting next_dagrun for latest_only to 2025-02-17 00:00:00+00:00, run_after=2025-02-17 04:00:00+00:00
[2025-02-17T06:10:26.774+0000] {processor.py:208} INFO - Processing /home/airflow/.local/lib/python3.12/site-packages/airflow/example_dags/example_latest_only.py took 0.083 seconds
[2025-02-17T06:10:57.345+0000] {processor.py:186} INFO - Started process (PID=2598) to work on /home/airflow/.local/lib/python3.12/site-packages/airflow/example_dags/example_latest_only.py
[2025-02-17T06:10:57.346+0000] {processor.py:914} INFO - Processing file /home/airflow/.local/lib/python3.12/site-packages/airflow/example_dags/example_latest_only.py for tasks to queue
[2025-02-17T06:10:57.350+0000] {logging_mixin.py:190} INFO - [2025-02-17T06:10:57.349+0000] {dagbag.py:588} INFO - Filling up the DagBag from /home/airflow/.local/lib/python3.12/site-packages/airflow/example_dags/example_latest_only.py
[2025-02-17T06:10:57.359+0000] {processor.py:925} INFO - DAG(s) 'latest_only' retrieved from /home/airflow/.local/lib/python3.12/site-packages/airflow/example_dags/example_latest_only.py
[2025-02-17T06:10:57.384+0000] {logging_mixin.py:190} INFO - [2025-02-17T06:10:57.384+0000] {dag.py:3239} INFO - Sync 1 DAGs
[2025-02-17T06:10:57.409+0000] {logging_mixin.py:190} INFO - [2025-02-17T06:10:57.409+0000] {dag.py:4180} INFO - Setting next_dagrun for latest_only to 2025-02-17 00:00:00+00:00, run_after=2025-02-17 04:00:00+00:00
[2025-02-17T06:10:57.430+0000] {processor.py:208} INFO - Processing /home/airflow/.local/lib/python3.12/site-packages/airflow/example_dags/example_latest_only.py took 0.092 seconds
[2025-02-17T06:11:28.425+0000] {processor.py:186} INFO - Started process (PID=2676) to work on /home/airflow/.local/lib/python3.12/site-packages/airflow/example_dags/example_latest_only.py
[2025-02-17T06:11:28.427+0000] {processor.py:914} INFO - Processing file /home/airflow/.local/lib/python3.12/site-packages/airflow/example_dags/example_latest_only.py for tasks to queue
[2025-02-17T06:11:28.430+0000] {logging_mixin.py:190} INFO - [2025-02-17T06:11:28.430+0000] {dagbag.py:588} INFO - Filling up the DagBag from /home/airflow/.local/lib/python3.12/site-packages/airflow/example_dags/example_latest_only.py
[2025-02-17T06:11:28.439+0000] {processor.py:925} INFO - DAG(s) 'latest_only' retrieved from /home/airflow/.local/lib/python3.12/site-packages/airflow/example_dags/example_latest_only.py
[2025-02-17T06:11:28.464+0000] {logging_mixin.py:190} INFO - [2025-02-17T06:11:28.463+0000] {dag.py:3239} INFO - Sync 1 DAGs
[2025-02-17T06:11:28.491+0000] {logging_mixin.py:190} INFO - [2025-02-17T06:11:28.490+0000] {dag.py:4180} INFO - Setting next_dagrun for latest_only to 2025-02-17 00:00:00+00:00, run_after=2025-02-17 04:00:00+00:00
[2025-02-17T06:11:28.542+0000] {processor.py:208} INFO - Processing /home/airflow/.local/lib/python3.12/site-packages/airflow/example_dags/example_latest_only.py took 0.124 seconds
[2025-02-17T06:11:58.795+0000] {processor.py:186} INFO - Started process (PID=2754) to work on /home/airflow/.local/lib/python3.12/site-packages/airflow/example_dags/example_latest_only.py
[2025-02-17T06:11:58.796+0000] {processor.py:914} INFO - Processing file /home/airflow/.local/lib/python3.12/site-packages/airflow/example_dags/example_latest_only.py for tasks to queue
[2025-02-17T06:11:58.798+0000] {logging_mixin.py:190} INFO - [2025-02-17T06:11:58.798+0000] {dagbag.py:588} INFO - Filling up the DagBag from /home/airflow/.local/lib/python3.12/site-packages/airflow/example_dags/example_latest_only.py
[2025-02-17T06:11:58.805+0000] {processor.py:925} INFO - DAG(s) 'latest_only' retrieved from /home/airflow/.local/lib/python3.12/site-packages/airflow/example_dags/example_latest_only.py
[2025-02-17T06:11:58.824+0000] {logging_mixin.py:190} INFO - [2025-02-17T06:11:58.824+0000] {dag.py:3239} INFO - Sync 1 DAGs
[2025-02-17T06:11:58.844+0000] {logging_mixin.py:190} INFO - [2025-02-17T06:11:58.844+0000] {dag.py:4180} INFO - Setting next_dagrun for latest_only to 2025-02-17 00:00:00+00:00, run_after=2025-02-17 04:00:00+00:00
[2025-02-17T06:11:58.886+0000] {processor.py:208} INFO - Processing /home/airflow/.local/lib/python3.12/site-packages/airflow/example_dags/example_latest_only.py took 0.096 seconds
[2025-02-17T06:12:29.060+0000] {processor.py:186} INFO - Started process (PID=2832) to work on /home/airflow/.local/lib/python3.12/site-packages/airflow/example_dags/example_latest_only.py
[2025-02-17T06:12:29.061+0000] {processor.py:914} INFO - Processing file /home/airflow/.local/lib/python3.12/site-packages/airflow/example_dags/example_latest_only.py for tasks to queue
[2025-02-17T06:12:29.065+0000] {logging_mixin.py:190} INFO - [2025-02-17T06:12:29.064+0000] {dagbag.py:588} INFO - Filling up the DagBag from /home/airflow/.local/lib/python3.12/site-packages/airflow/example_dags/example_latest_only.py
[2025-02-17T06:12:29.072+0000] {processor.py:925} INFO - DAG(s) 'latest_only' retrieved from /home/airflow/.local/lib/python3.12/site-packages/airflow/example_dags/example_latest_only.py
[2025-02-17T06:12:29.096+0000] {logging_mixin.py:190} INFO - [2025-02-17T06:12:29.095+0000] {dag.py:3239} INFO - Sync 1 DAGs
[2025-02-17T06:12:29.123+0000] {logging_mixin.py:190} INFO - [2025-02-17T06:12:29.122+0000] {dag.py:4180} INFO - Setting next_dagrun for latest_only to 2025-02-17 00:00:00+00:00, run_after=2025-02-17 04:00:00+00:00
[2025-02-17T06:12:29.147+0000] {processor.py:208} INFO - Processing /home/airflow/.local/lib/python3.12/site-packages/airflow/example_dags/example_latest_only.py took 0.094 seconds
[2025-02-17T06:12:59.981+0000] {processor.py:186} INFO - Started process (PID=2910) to work on /home/airflow/.local/lib/python3.12/site-packages/airflow/example_dags/example_latest_only.py
[2025-02-17T06:12:59.983+0000] {processor.py:914} INFO - Processing file /home/airflow/.local/lib/python3.12/site-packages/airflow/example_dags/example_latest_only.py for tasks to queue
[2025-02-17T06:12:59.988+0000] {logging_mixin.py:190} INFO - [2025-02-17T06:12:59.987+0000] {dagbag.py:588} INFO - Filling up the DagBag from /home/airflow/.local/lib/python3.12/site-packages/airflow/example_dags/example_latest_only.py
[2025-02-17T06:12:59.999+0000] {processor.py:925} INFO - DAG(s) 'latest_only' retrieved from /home/airflow/.local/lib/python3.12/site-packages/airflow/example_dags/example_latest_only.py
[2025-02-17T06:13:00.025+0000] {logging_mixin.py:190} INFO - [2025-02-17T06:13:00.025+0000] {dag.py:3239} INFO - Sync 1 DAGs
[2025-02-17T06:13:00.053+0000] {logging_mixin.py:190} INFO - [2025-02-17T06:13:00.052+0000] {dag.py:4180} INFO - Setting next_dagrun for latest_only to 2025-02-17 00:00:00+00:00, run_after=2025-02-17 04:00:00+00:00
[2025-02-17T06:13:00.079+0000] {processor.py:208} INFO - Processing /home/airflow/.local/lib/python3.12/site-packages/airflow/example_dags/example_latest_only.py took 0.106 seconds
[2025-02-17T06:13:30.741+0000] {processor.py:186} INFO - Started process (PID=2988) to work on /home/airflow/.local/lib/python3.12/site-packages/airflow/example_dags/example_latest_only.py
[2025-02-17T06:13:30.742+0000] {processor.py:914} INFO - Processing file /home/airflow/.local/lib/python3.12/site-packages/airflow/example_dags/example_latest_only.py for tasks to queue
[2025-02-17T06:13:30.745+0000] {logging_mixin.py:190} INFO - [2025-02-17T06:13:30.745+0000] {dagbag.py:588} INFO - Filling up the DagBag from /home/airflow/.local/lib/python3.12/site-packages/airflow/example_dags/example_latest_only.py
[2025-02-17T06:13:30.753+0000] {processor.py:925} INFO - DAG(s) 'latest_only' retrieved from /home/airflow/.local/lib/python3.12/site-packages/airflow/example_dags/example_latest_only.py
[2025-02-17T06:13:30.776+0000] {logging_mixin.py:190} INFO - [2025-02-17T06:13:30.775+0000] {dag.py:3239} INFO - Sync 1 DAGs
[2025-02-17T06:13:30.802+0000] {logging_mixin.py:190} INFO - [2025-02-17T06:13:30.802+0000] {dag.py:4180} INFO - Setting next_dagrun for latest_only to 2025-02-17 00:00:00+00:00, run_after=2025-02-17 04:00:00+00:00
[2025-02-17T06:13:30.819+0000] {processor.py:208} INFO - Processing /home/airflow/.local/lib/python3.12/site-packages/airflow/example_dags/example_latest_only.py took 0.085 seconds
[2025-02-17T06:14:00.938+0000] {processor.py:186} INFO - Started process (PID=3066) to work on /home/airflow/.local/lib/python3.12/site-packages/airflow/example_dags/example_latest_only.py
[2025-02-17T06:14:00.939+0000] {processor.py:914} INFO - Processing file /home/airflow/.local/lib/python3.12/site-packages/airflow/example_dags/example_latest_only.py for tasks to queue
[2025-02-17T06:14:00.943+0000] {logging_mixin.py:190} INFO - [2025-02-17T06:14:00.942+0000] {dagbag.py:588} INFO - Filling up the DagBag from /home/airflow/.local/lib/python3.12/site-packages/airflow/example_dags/example_latest_only.py
[2025-02-17T06:14:00.952+0000] {processor.py:925} INFO - DAG(s) 'latest_only' retrieved from /home/airflow/.local/lib/python3.12/site-packages/airflow/example_dags/example_latest_only.py
[2025-02-17T06:14:00.974+0000] {logging_mixin.py:190} INFO - [2025-02-17T06:14:00.974+0000] {dag.py:3239} INFO - Sync 1 DAGs
[2025-02-17T06:14:01.006+0000] {logging_mixin.py:190} INFO - [2025-02-17T06:14:01.005+0000] {dag.py:4180} INFO - Setting next_dagrun for latest_only to 2025-02-17 00:00:00+00:00, run_after=2025-02-17 04:00:00+00:00
[2025-02-17T06:14:01.024+0000] {processor.py:208} INFO - Processing /home/airflow/.local/lib/python3.12/site-packages/airflow/example_dags/example_latest_only.py took 0.094 seconds
[2025-02-17T06:14:31.623+0000] {processor.py:186} INFO - Started process (PID=3144) to work on /home/airflow/.local/lib/python3.12/site-packages/airflow/example_dags/example_latest_only.py
[2025-02-17T06:14:31.624+0000] {processor.py:914} INFO - Processing file /home/airflow/.local/lib/python3.12/site-packages/airflow/example_dags/example_latest_only.py for tasks to queue
[2025-02-17T06:14:31.626+0000] {logging_mixin.py:190} INFO - [2025-02-17T06:14:31.626+0000] {dagbag.py:588} INFO - Filling up the DagBag from /home/airflow/.local/lib/python3.12/site-packages/airflow/example_dags/example_latest_only.py
[2025-02-17T06:14:31.633+0000] {processor.py:925} INFO - DAG(s) 'latest_only' retrieved from /home/airflow/.local/lib/python3.12/site-packages/airflow/example_dags/example_latest_only.py
[2025-02-17T06:14:31.651+0000] {logging_mixin.py:190} INFO - [2025-02-17T06:14:31.651+0000] {dag.py:3239} INFO - Sync 1 DAGs
[2025-02-17T06:14:31.674+0000] {logging_mixin.py:190} INFO - [2025-02-17T06:14:31.673+0000] {dag.py:4180} INFO - Setting next_dagrun for latest_only to 2025-02-17 00:00:00+00:00, run_after=2025-02-17 04:00:00+00:00
[2025-02-17T06:14:31.689+0000] {processor.py:208} INFO - Processing /home/airflow/.local/lib/python3.12/site-packages/airflow/example_dags/example_latest_only.py took 0.071 seconds
[2025-02-17T06:15:02.737+0000] {processor.py:186} INFO - Started process (PID=3222) to work on /home/airflow/.local/lib/python3.12/site-packages/airflow/example_dags/example_latest_only.py
[2025-02-17T06:15:02.738+0000] {processor.py:914} INFO - Processing file /home/airflow/.local/lib/python3.12/site-packages/airflow/example_dags/example_latest_only.py for tasks to queue
[2025-02-17T06:15:02.742+0000] {logging_mixin.py:190} INFO - [2025-02-17T06:15:02.741+0000] {dagbag.py:588} INFO - Filling up the DagBag from /home/airflow/.local/lib/python3.12/site-packages/airflow/example_dags/example_latest_only.py
[2025-02-17T06:15:02.750+0000] {processor.py:925} INFO - DAG(s) 'latest_only' retrieved from /home/airflow/.local/lib/python3.12/site-packages/airflow/example_dags/example_latest_only.py
[2025-02-17T06:15:02.771+0000] {logging_mixin.py:190} INFO - [2025-02-17T06:15:02.771+0000] {dag.py:3239} INFO - Sync 1 DAGs
[2025-02-17T06:15:02.794+0000] {logging_mixin.py:190} INFO - [2025-02-17T06:15:02.794+0000] {dag.py:4180} INFO - Setting next_dagrun for latest_only to 2025-02-17 00:00:00+00:00, run_after=2025-02-17 04:00:00+00:00
[2025-02-17T06:15:02.821+0000] {processor.py:208} INFO - Processing /home/airflow/.local/lib/python3.12/site-packages/airflow/example_dags/example_latest_only.py took 0.090 seconds
[2025-02-17T06:15:33.522+0000] {processor.py:186} INFO - Started process (PID=3301) to work on /home/airflow/.local/lib/python3.12/site-packages/airflow/example_dags/example_latest_only.py
[2025-02-17T06:15:33.523+0000] {processor.py:914} INFO - Processing file /home/airflow/.local/lib/python3.12/site-packages/airflow/example_dags/example_latest_only.py for tasks to queue
[2025-02-17T06:15:33.526+0000] {logging_mixin.py:190} INFO - [2025-02-17T06:15:33.525+0000] {dagbag.py:588} INFO - Filling up the DagBag from /home/airflow/.local/lib/python3.12/site-packages/airflow/example_dags/example_latest_only.py
[2025-02-17T06:15:33.532+0000] {processor.py:925} INFO - DAG(s) 'latest_only' retrieved from /home/airflow/.local/lib/python3.12/site-packages/airflow/example_dags/example_latest_only.py
[2025-02-17T06:15:33.552+0000] {logging_mixin.py:190} INFO - [2025-02-17T06:15:33.552+0000] {dag.py:3239} INFO - Sync 1 DAGs
[2025-02-17T06:15:33.575+0000] {logging_mixin.py:190} INFO - [2025-02-17T06:15:33.575+0000] {dag.py:4180} INFO - Setting next_dagrun for latest_only to 2025-02-17 00:00:00+00:00, run_after=2025-02-17 04:00:00+00:00
[2025-02-17T06:15:33.593+0000] {processor.py:208} INFO - Processing /home/airflow/.local/lib/python3.12/site-packages/airflow/example_dags/example_latest_only.py took 0.076 seconds
[2025-02-17T06:16:03.684+0000] {processor.py:186} INFO - Started process (PID=3367) to work on /home/airflow/.local/lib/python3.12/site-packages/airflow/example_dags/example_latest_only.py
[2025-02-17T06:16:03.685+0000] {processor.py:914} INFO - Processing file /home/airflow/.local/lib/python3.12/site-packages/airflow/example_dags/example_latest_only.py for tasks to queue
[2025-02-17T06:16:03.688+0000] {logging_mixin.py:190} INFO - [2025-02-17T06:16:03.687+0000] {dagbag.py:588} INFO - Filling up the DagBag from /home/airflow/.local/lib/python3.12/site-packages/airflow/example_dags/example_latest_only.py
[2025-02-17T06:16:03.694+0000] {processor.py:925} INFO - DAG(s) 'latest_only' retrieved from /home/airflow/.local/lib/python3.12/site-packages/airflow/example_dags/example_latest_only.py
[2025-02-17T06:16:03.713+0000] {logging_mixin.py:190} INFO - [2025-02-17T06:16:03.713+0000] {dag.py:3239} INFO - Sync 1 DAGs
[2025-02-17T06:16:03.735+0000] {logging_mixin.py:190} INFO - [2025-02-17T06:16:03.735+0000] {dag.py:4180} INFO - Setting next_dagrun for latest_only to 2025-02-17 00:00:00+00:00, run_after=2025-02-17 04:00:00+00:00
[2025-02-17T06:16:03.753+0000] {processor.py:208} INFO - Processing /home/airflow/.local/lib/python3.12/site-packages/airflow/example_dags/example_latest_only.py took 0.075 seconds
[2025-02-17T06:16:33.872+0000] {processor.py:186} INFO - Started process (PID=3445) to work on /home/airflow/.local/lib/python3.12/site-packages/airflow/example_dags/example_latest_only.py
[2025-02-17T06:16:33.874+0000] {processor.py:914} INFO - Processing file /home/airflow/.local/lib/python3.12/site-packages/airflow/example_dags/example_latest_only.py for tasks to queue
[2025-02-17T06:16:33.877+0000] {logging_mixin.py:190} INFO - [2025-02-17T06:16:33.876+0000] {dagbag.py:588} INFO - Filling up the DagBag from /home/airflow/.local/lib/python3.12/site-packages/airflow/example_dags/example_latest_only.py
[2025-02-17T06:16:33.888+0000] {processor.py:925} INFO - DAG(s) 'latest_only' retrieved from /home/airflow/.local/lib/python3.12/site-packages/airflow/example_dags/example_latest_only.py
[2025-02-17T06:16:33.919+0000] {logging_mixin.py:190} INFO - [2025-02-17T06:16:33.919+0000] {dag.py:3239} INFO - Sync 1 DAGs
[2025-02-17T06:16:33.953+0000] {logging_mixin.py:190} INFO - [2025-02-17T06:16:33.952+0000] {dag.py:4180} INFO - Setting next_dagrun for latest_only to 2025-02-17 00:00:00+00:00, run_after=2025-02-17 04:00:00+00:00
[2025-02-17T06:16:33.992+0000] {processor.py:208} INFO - Processing /home/airflow/.local/lib/python3.12/site-packages/airflow/example_dags/example_latest_only.py took 0.128 seconds
[2025-02-17T06:17:04.063+0000] {processor.py:186} INFO - Started process (PID=3523) to work on /home/airflow/.local/lib/python3.12/site-packages/airflow/example_dags/example_latest_only.py
[2025-02-17T06:17:04.064+0000] {processor.py:914} INFO - Processing file /home/airflow/.local/lib/python3.12/site-packages/airflow/example_dags/example_latest_only.py for tasks to queue
[2025-02-17T06:17:04.066+0000] {logging_mixin.py:190} INFO - [2025-02-17T06:17:04.065+0000] {dagbag.py:588} INFO - Filling up the DagBag from /home/airflow/.local/lib/python3.12/site-packages/airflow/example_dags/example_latest_only.py
[2025-02-17T06:17:04.073+0000] {processor.py:925} INFO - DAG(s) 'latest_only' retrieved from /home/airflow/.local/lib/python3.12/site-packages/airflow/example_dags/example_latest_only.py
[2025-02-17T06:17:04.091+0000] {logging_mixin.py:190} INFO - [2025-02-17T06:17:04.091+0000] {dag.py:3239} INFO - Sync 1 DAGs
[2025-02-17T06:17:04.112+0000] {logging_mixin.py:190} INFO - [2025-02-17T06:17:04.112+0000] {dag.py:4180} INFO - Setting next_dagrun for latest_only to 2025-02-17 00:00:00+00:00, run_after=2025-02-17 04:00:00+00:00
[2025-02-17T06:17:04.131+0000] {processor.py:208} INFO - Processing /home/airflow/.local/lib/python3.12/site-packages/airflow/example_dags/example_latest_only.py took 0.074 seconds
[2025-02-17T06:17:34.809+0000] {processor.py:186} INFO - Started process (PID=3601) to work on /home/airflow/.local/lib/python3.12/site-packages/airflow/example_dags/example_latest_only.py
[2025-02-17T06:17:34.811+0000] {processor.py:914} INFO - Processing file /home/airflow/.local/lib/python3.12/site-packages/airflow/example_dags/example_latest_only.py for tasks to queue
[2025-02-17T06:17:34.813+0000] {logging_mixin.py:190} INFO - [2025-02-17T06:17:34.813+0000] {dagbag.py:588} INFO - Filling up the DagBag from /home/airflow/.local/lib/python3.12/site-packages/airflow/example_dags/example_latest_only.py
[2025-02-17T06:17:34.820+0000] {processor.py:925} INFO - DAG(s) 'latest_only' retrieved from /home/airflow/.local/lib/python3.12/site-packages/airflow/example_dags/example_latest_only.py
[2025-02-17T06:17:34.839+0000] {logging_mixin.py:190} INFO - [2025-02-17T06:17:34.839+0000] {dag.py:3239} INFO - Sync 1 DAGs
[2025-02-17T06:17:34.862+0000] {logging_mixin.py:190} INFO - [2025-02-17T06:17:34.862+0000] {dag.py:4180} INFO - Setting next_dagrun for latest_only to 2025-02-17 00:00:00+00:00, run_after=2025-02-17 04:00:00+00:00
[2025-02-17T06:17:34.880+0000] {processor.py:208} INFO - Processing /home/airflow/.local/lib/python3.12/site-packages/airflow/example_dags/example_latest_only.py took 0.077 seconds
[2025-02-17T06:18:05.611+0000] {processor.py:186} INFO - Started process (PID=3678) to work on /home/airflow/.local/lib/python3.12/site-packages/airflow/example_dags/example_latest_only.py
[2025-02-17T06:18:05.612+0000] {processor.py:914} INFO - Processing file /home/airflow/.local/lib/python3.12/site-packages/airflow/example_dags/example_latest_only.py for tasks to queue
[2025-02-17T06:18:05.615+0000] {logging_mixin.py:190} INFO - [2025-02-17T06:18:05.614+0000] {dagbag.py:588} INFO - Filling up the DagBag from /home/airflow/.local/lib/python3.12/site-packages/airflow/example_dags/example_latest_only.py
[2025-02-17T06:18:05.623+0000] {processor.py:925} INFO - DAG(s) 'latest_only' retrieved from /home/airflow/.local/lib/python3.12/site-packages/airflow/example_dags/example_latest_only.py
[2025-02-17T06:18:05.644+0000] {logging_mixin.py:190} INFO - [2025-02-17T06:18:05.644+0000] {dag.py:3239} INFO - Sync 1 DAGs
[2025-02-17T06:18:05.669+0000] {logging_mixin.py:190} INFO - [2025-02-17T06:18:05.669+0000] {dag.py:4180} INFO - Setting next_dagrun for latest_only to 2025-02-17 00:00:00+00:00, run_after=2025-02-17 04:00:00+00:00
[2025-02-17T06:18:05.689+0000] {processor.py:208} INFO - Processing /home/airflow/.local/lib/python3.12/site-packages/airflow/example_dags/example_latest_only.py took 0.087 seconds
[2025-02-17T06:18:36.164+0000] {processor.py:186} INFO - Started process (PID=3756) to work on /home/airflow/.local/lib/python3.12/site-packages/airflow/example_dags/example_latest_only.py
[2025-02-17T06:18:36.165+0000] {processor.py:914} INFO - Processing file /home/airflow/.local/lib/python3.12/site-packages/airflow/example_dags/example_latest_only.py for tasks to queue
[2025-02-17T06:18:36.168+0000] {logging_mixin.py:190} INFO - [2025-02-17T06:18:36.167+0000] {dagbag.py:588} INFO - Filling up the DagBag from /home/airflow/.local/lib/python3.12/site-packages/airflow/example_dags/example_latest_only.py
[2025-02-17T06:18:36.177+0000] {processor.py:925} INFO - DAG(s) 'latest_only' retrieved from /home/airflow/.local/lib/python3.12/site-packages/airflow/example_dags/example_latest_only.py
[2025-02-17T06:18:36.198+0000] {logging_mixin.py:190} INFO - [2025-02-17T06:18:36.198+0000] {dag.py:3239} INFO - Sync 1 DAGs
[2025-02-17T06:18:36.224+0000] {logging_mixin.py:190} INFO - [2025-02-17T06:18:36.224+0000] {dag.py:4180} INFO - Setting next_dagrun for latest_only to 2025-02-17 00:00:00+00:00, run_after=2025-02-17 04:00:00+00:00
[2025-02-17T06:18:36.253+0000] {processor.py:208} INFO - Processing /home/airflow/.local/lib/python3.12/site-packages/airflow/example_dags/example_latest_only.py took 0.094 seconds
[2025-02-17T06:19:06.559+0000] {processor.py:186} INFO - Started process (PID=3833) to work on /home/airflow/.local/lib/python3.12/site-packages/airflow/example_dags/example_latest_only.py
[2025-02-17T06:19:06.561+0000] {processor.py:914} INFO - Processing file /home/airflow/.local/lib/python3.12/site-packages/airflow/example_dags/example_latest_only.py for tasks to queue
[2025-02-17T06:19:06.565+0000] {logging_mixin.py:190} INFO - [2025-02-17T06:19:06.564+0000] {dagbag.py:588} INFO - Filling up the DagBag from /home/airflow/.local/lib/python3.12/site-packages/airflow/example_dags/example_latest_only.py
[2025-02-17T06:19:06.574+0000] {processor.py:925} INFO - DAG(s) 'latest_only' retrieved from /home/airflow/.local/lib/python3.12/site-packages/airflow/example_dags/example_latest_only.py
[2025-02-17T06:19:06.600+0000] {logging_mixin.py:190} INFO - [2025-02-17T06:19:06.600+0000] {dag.py:3239} INFO - Sync 1 DAGs
[2025-02-17T06:19:06.631+0000] {logging_mixin.py:190} INFO - [2025-02-17T06:19:06.630+0000] {dag.py:4180} INFO - Setting next_dagrun for latest_only to 2025-02-17 00:00:00+00:00, run_after=2025-02-17 04:00:00+00:00
[2025-02-17T06:19:06.660+0000] {processor.py:208} INFO - Processing /home/airflow/.local/lib/python3.12/site-packages/airflow/example_dags/example_latest_only.py took 0.109 seconds
[2025-02-17T06:19:37.537+0000] {processor.py:186} INFO - Started process (PID=3909) to work on /home/airflow/.local/lib/python3.12/site-packages/airflow/example_dags/example_latest_only.py
[2025-02-17T06:19:37.539+0000] {processor.py:914} INFO - Processing file /home/airflow/.local/lib/python3.12/site-packages/airflow/example_dags/example_latest_only.py for tasks to queue
[2025-02-17T06:19:37.544+0000] {logging_mixin.py:190} INFO - [2025-02-17T06:19:37.544+0000] {dagbag.py:588} INFO - Filling up the DagBag from /home/airflow/.local/lib/python3.12/site-packages/airflow/example_dags/example_latest_only.py
[2025-02-17T06:19:37.561+0000] {processor.py:925} INFO - DAG(s) 'latest_only' retrieved from /home/airflow/.local/lib/python3.12/site-packages/airflow/example_dags/example_latest_only.py
[2025-02-17T06:19:37.596+0000] {logging_mixin.py:190} INFO - [2025-02-17T06:19:37.596+0000] {dag.py:3239} INFO - Sync 1 DAGs
[2025-02-17T06:19:37.626+0000] {logging_mixin.py:190} INFO - [2025-02-17T06:19:37.626+0000] {dag.py:4180} INFO - Setting next_dagrun for latest_only to 2025-02-17 00:00:00+00:00, run_after=2025-02-17 04:00:00+00:00
[2025-02-17T06:19:37.652+0000] {processor.py:208} INFO - Processing /home/airflow/.local/lib/python3.12/site-packages/airflow/example_dags/example_latest_only.py took 0.126 seconds
[2025-02-17T06:20:08.165+0000] {processor.py:186} INFO - Started process (PID=3985) to work on /home/airflow/.local/lib/python3.12/site-packages/airflow/example_dags/example_latest_only.py
[2025-02-17T06:20:08.167+0000] {processor.py:914} INFO - Processing file /home/airflow/.local/lib/python3.12/site-packages/airflow/example_dags/example_latest_only.py for tasks to queue
[2025-02-17T06:20:08.170+0000] {logging_mixin.py:190} INFO - [2025-02-17T06:20:08.170+0000] {dagbag.py:588} INFO - Filling up the DagBag from /home/airflow/.local/lib/python3.12/site-packages/airflow/example_dags/example_latest_only.py
[2025-02-17T06:20:08.177+0000] {processor.py:925} INFO - DAG(s) 'latest_only' retrieved from /home/airflow/.local/lib/python3.12/site-packages/airflow/example_dags/example_latest_only.py
[2025-02-17T06:20:08.206+0000] {logging_mixin.py:190} INFO - [2025-02-17T06:20:08.205+0000] {dag.py:3239} INFO - Sync 1 DAGs
[2025-02-17T06:20:08.241+0000] {logging_mixin.py:190} INFO - [2025-02-17T06:20:08.240+0000] {dag.py:4180} INFO - Setting next_dagrun for latest_only to 2025-02-17 00:00:00+00:00, run_after=2025-02-17 04:00:00+00:00
[2025-02-17T06:20:08.271+0000] {processor.py:208} INFO - Processing /home/airflow/.local/lib/python3.12/site-packages/airflow/example_dags/example_latest_only.py took 0.113 seconds
[2025-02-17T06:20:39.720+0000] {processor.py:186} INFO - Started process (PID=4060) to work on /home/airflow/.local/lib/python3.12/site-packages/airflow/example_dags/example_latest_only.py
[2025-02-17T06:20:39.722+0000] {processor.py:914} INFO - Processing file /home/airflow/.local/lib/python3.12/site-packages/airflow/example_dags/example_latest_only.py for tasks to queue
[2025-02-17T06:20:39.725+0000] {logging_mixin.py:190} INFO - [2025-02-17T06:20:39.725+0000] {dagbag.py:588} INFO - Filling up the DagBag from /home/airflow/.local/lib/python3.12/site-packages/airflow/example_dags/example_latest_only.py
[2025-02-17T06:20:39.731+0000] {processor.py:925} INFO - DAG(s) 'latest_only' retrieved from /home/airflow/.local/lib/python3.12/site-packages/airflow/example_dags/example_latest_only.py
[2025-02-17T06:20:39.759+0000] {logging_mixin.py:190} INFO - [2025-02-17T06:20:39.759+0000] {dag.py:3239} INFO - Sync 1 DAGs
[2025-02-17T06:20:39.789+0000] {logging_mixin.py:190} INFO - [2025-02-17T06:20:39.788+0000] {dag.py:4180} INFO - Setting next_dagrun for latest_only to 2025-02-17 00:00:00+00:00, run_after=2025-02-17 04:00:00+00:00
[2025-02-17T06:20:39.818+0000] {processor.py:208} INFO - Processing /home/airflow/.local/lib/python3.12/site-packages/airflow/example_dags/example_latest_only.py took 0.107 seconds
[2025-02-17T06:21:10.303+0000] {processor.py:186} INFO - Started process (PID=4138) to work on /home/airflow/.local/lib/python3.12/site-packages/airflow/example_dags/example_latest_only.py
[2025-02-17T06:21:10.305+0000] {processor.py:914} INFO - Processing file /home/airflow/.local/lib/python3.12/site-packages/airflow/example_dags/example_latest_only.py for tasks to queue
[2025-02-17T06:21:10.308+0000] {logging_mixin.py:190} INFO - [2025-02-17T06:21:10.308+0000] {dagbag.py:588} INFO - Filling up the DagBag from /home/airflow/.local/lib/python3.12/site-packages/airflow/example_dags/example_latest_only.py
[2025-02-17T06:21:10.317+0000] {processor.py:925} INFO - DAG(s) 'latest_only' retrieved from /home/airflow/.local/lib/python3.12/site-packages/airflow/example_dags/example_latest_only.py
[2025-02-17T06:21:10.338+0000] {logging_mixin.py:190} INFO - [2025-02-17T06:21:10.338+0000] {dag.py:3239} INFO - Sync 1 DAGs
[2025-02-17T06:21:10.360+0000] {logging_mixin.py:190} INFO - [2025-02-17T06:21:10.360+0000] {dag.py:4180} INFO - Setting next_dagrun for latest_only to 2025-02-17 00:00:00+00:00, run_after=2025-02-17 04:00:00+00:00
[2025-02-17T06:21:10.381+0000] {processor.py:208} INFO - Processing /home/airflow/.local/lib/python3.12/site-packages/airflow/example_dags/example_latest_only.py took 0.086 seconds
[2025-02-17T06:21:41.323+0000] {processor.py:186} INFO - Started process (PID=4216) to work on /home/airflow/.local/lib/python3.12/site-packages/airflow/example_dags/example_latest_only.py
[2025-02-17T06:21:41.324+0000] {processor.py:914} INFO - Processing file /home/airflow/.local/lib/python3.12/site-packages/airflow/example_dags/example_latest_only.py for tasks to queue
[2025-02-17T06:21:41.327+0000] {logging_mixin.py:190} INFO - [2025-02-17T06:21:41.326+0000] {dagbag.py:588} INFO - Filling up the DagBag from /home/airflow/.local/lib/python3.12/site-packages/airflow/example_dags/example_latest_only.py
[2025-02-17T06:21:41.334+0000] {processor.py:925} INFO - DAG(s) 'latest_only' retrieved from /home/airflow/.local/lib/python3.12/site-packages/airflow/example_dags/example_latest_only.py
[2025-02-17T06:21:41.355+0000] {logging_mixin.py:190} INFO - [2025-02-17T06:21:41.355+0000] {dag.py:3239} INFO - Sync 1 DAGs
[2025-02-17T06:21:41.377+0000] {logging_mixin.py:190} INFO - [2025-02-17T06:21:41.377+0000] {dag.py:4180} INFO - Setting next_dagrun for latest_only to 2025-02-17 00:00:00+00:00, run_after=2025-02-17 04:00:00+00:00
[2025-02-17T06:21:41.399+0000] {processor.py:208} INFO - Processing /home/airflow/.local/lib/python3.12/site-packages/airflow/example_dags/example_latest_only.py took 0.081 seconds
[2025-02-17T06:22:11.735+0000] {processor.py:186} INFO - Started process (PID=4293) to work on /home/airflow/.local/lib/python3.12/site-packages/airflow/example_dags/example_latest_only.py
[2025-02-17T06:22:11.737+0000] {processor.py:914} INFO - Processing file /home/airflow/.local/lib/python3.12/site-packages/airflow/example_dags/example_latest_only.py for tasks to queue
[2025-02-17T06:22:11.741+0000] {logging_mixin.py:190} INFO - [2025-02-17T06:22:11.740+0000] {dagbag.py:588} INFO - Filling up the DagBag from /home/airflow/.local/lib/python3.12/site-packages/airflow/example_dags/example_latest_only.py
[2025-02-17T06:22:11.749+0000] {processor.py:925} INFO - DAG(s) 'latest_only' retrieved from /home/airflow/.local/lib/python3.12/site-packages/airflow/example_dags/example_latest_only.py
[2025-02-17T06:22:11.767+0000] {logging_mixin.py:190} INFO - [2025-02-17T06:22:11.767+0000] {dag.py:3239} INFO - Sync 1 DAGs
[2025-02-17T06:22:11.786+0000] {logging_mixin.py:190} INFO - [2025-02-17T06:22:11.786+0000] {dag.py:4180} INFO - Setting next_dagrun for latest_only to 2025-02-17 00:00:00+00:00, run_after=2025-02-17 04:00:00+00:00
[2025-02-17T06:22:11.808+0000] {processor.py:208} INFO - Processing /home/airflow/.local/lib/python3.12/site-packages/airflow/example_dags/example_latest_only.py took 0.079 seconds
[2025-02-17T06:22:42.563+0000] {processor.py:186} INFO - Started process (PID=4371) to work on /home/airflow/.local/lib/python3.12/site-packages/airflow/example_dags/example_latest_only.py
[2025-02-17T06:22:42.565+0000] {processor.py:914} INFO - Processing file /home/airflow/.local/lib/python3.12/site-packages/airflow/example_dags/example_latest_only.py for tasks to queue
[2025-02-17T06:22:42.569+0000] {logging_mixin.py:190} INFO - [2025-02-17T06:22:42.568+0000] {dagbag.py:588} INFO - Filling up the DagBag from /home/airflow/.local/lib/python3.12/site-packages/airflow/example_dags/example_latest_only.py
[2025-02-17T06:22:42.575+0000] {processor.py:925} INFO - DAG(s) 'latest_only' retrieved from /home/airflow/.local/lib/python3.12/site-packages/airflow/example_dags/example_latest_only.py
[2025-02-17T06:22:42.596+0000] {logging_mixin.py:190} INFO - [2025-02-17T06:22:42.596+0000] {dag.py:3239} INFO - Sync 1 DAGs
[2025-02-17T06:22:42.622+0000] {logging_mixin.py:190} INFO - [2025-02-17T06:22:42.622+0000] {dag.py:4180} INFO - Setting next_dagrun for latest_only to 2025-02-17 00:00:00+00:00, run_after=2025-02-17 04:00:00+00:00
[2025-02-17T06:22:42.646+0000] {processor.py:208} INFO - Processing /home/airflow/.local/lib/python3.12/site-packages/airflow/example_dags/example_latest_only.py took 0.088 seconds
[2025-02-17T06:23:12.986+0000] {processor.py:186} INFO - Started process (PID=4455) to work on /home/airflow/.local/lib/python3.12/site-packages/airflow/example_dags/example_latest_only.py
[2025-02-17T06:23:12.988+0000] {processor.py:914} INFO - Processing file /home/airflow/.local/lib/python3.12/site-packages/airflow/example_dags/example_latest_only.py for tasks to queue
[2025-02-17T06:23:12.990+0000] {logging_mixin.py:190} INFO - [2025-02-17T06:23:12.990+0000] {dagbag.py:588} INFO - Filling up the DagBag from /home/airflow/.local/lib/python3.12/site-packages/airflow/example_dags/example_latest_only.py
[2025-02-17T06:23:13.000+0000] {processor.py:925} INFO - DAG(s) 'latest_only' retrieved from /home/airflow/.local/lib/python3.12/site-packages/airflow/example_dags/example_latest_only.py
[2025-02-17T06:23:13.023+0000] {logging_mixin.py:190} INFO - [2025-02-17T06:23:13.023+0000] {dag.py:3239} INFO - Sync 1 DAGs
[2025-02-17T06:23:13.043+0000] {logging_mixin.py:190} INFO - [2025-02-17T06:23:13.043+0000] {dag.py:4180} INFO - Setting next_dagrun for latest_only to 2025-02-17 00:00:00+00:00, run_after=2025-02-17 04:00:00+00:00
[2025-02-17T06:23:13.063+0000] {processor.py:208} INFO - Processing /home/airflow/.local/lib/python3.12/site-packages/airflow/example_dags/example_latest_only.py took 0.083 seconds
[2025-02-17T06:23:43.846+0000] {processor.py:186} INFO - Started process (PID=4533) to work on /home/airflow/.local/lib/python3.12/site-packages/airflow/example_dags/example_latest_only.py
[2025-02-17T06:23:43.848+0000] {processor.py:914} INFO - Processing file /home/airflow/.local/lib/python3.12/site-packages/airflow/example_dags/example_latest_only.py for tasks to queue
[2025-02-17T06:23:43.852+0000] {logging_mixin.py:190} INFO - [2025-02-17T06:23:43.851+0000] {dagbag.py:588} INFO - Filling up the DagBag from /home/airflow/.local/lib/python3.12/site-packages/airflow/example_dags/example_latest_only.py
[2025-02-17T06:23:43.862+0000] {processor.py:925} INFO - DAG(s) 'latest_only' retrieved from /home/airflow/.local/lib/python3.12/site-packages/airflow/example_dags/example_latest_only.py
[2025-02-17T06:23:43.888+0000] {logging_mixin.py:190} INFO - [2025-02-17T06:23:43.887+0000] {dag.py:3239} INFO - Sync 1 DAGs
[2025-02-17T06:23:43.915+0000] {logging_mixin.py:190} INFO - [2025-02-17T06:23:43.914+0000] {dag.py:4180} INFO - Setting next_dagrun for latest_only to 2025-02-17 00:00:00+00:00, run_after=2025-02-17 04:00:00+00:00
[2025-02-17T06:23:43.936+0000] {processor.py:208} INFO - Processing /home/airflow/.local/lib/python3.12/site-packages/airflow/example_dags/example_latest_only.py took 0.102 seconds
[2025-02-17T12:17:24.590+0000] {processor.py:186} INFO - Started process (PID=4588) to work on /home/airflow/.local/lib/python3.12/site-packages/airflow/example_dags/example_latest_only.py
[2025-02-17T12:17:24.592+0000] {processor.py:914} INFO - Processing file /home/airflow/.local/lib/python3.12/site-packages/airflow/example_dags/example_latest_only.py for tasks to queue
[2025-02-17T12:17:24.595+0000] {logging_mixin.py:190} INFO - [2025-02-17T12:17:24.595+0000] {dagbag.py:588} INFO - Filling up the DagBag from /home/airflow/.local/lib/python3.12/site-packages/airflow/example_dags/example_latest_only.py
[2025-02-17T12:17:24.604+0000] {processor.py:925} INFO - DAG(s) 'latest_only' retrieved from /home/airflow/.local/lib/python3.12/site-packages/airflow/example_dags/example_latest_only.py
[2025-02-17T12:17:24.626+0000] {logging_mixin.py:190} INFO - [2025-02-17T12:17:24.626+0000] {dag.py:3239} INFO - Sync 1 DAGs
[2025-02-17T12:17:24.651+0000] {logging_mixin.py:190} INFO - [2025-02-17T12:17:24.650+0000] {dag.py:4180} INFO - Setting next_dagrun for latest_only to 2025-02-17 08:00:00+00:00, run_after=2025-02-17 12:00:00+00:00
[2025-02-17T12:17:24.809+0000] {processor.py:208} INFO - Processing /home/airflow/.local/lib/python3.12/site-packages/airflow/example_dags/example_latest_only.py took 0.227 seconds
[2025-02-17T12:17:55.608+0000] {processor.py:186} INFO - Started process (PID=4666) to work on /home/airflow/.local/lib/python3.12/site-packages/airflow/example_dags/example_latest_only.py
[2025-02-17T12:17:55.610+0000] {processor.py:914} INFO - Processing file /home/airflow/.local/lib/python3.12/site-packages/airflow/example_dags/example_latest_only.py for tasks to queue
[2025-02-17T12:17:55.615+0000] {logging_mixin.py:190} INFO - [2025-02-17T12:17:55.614+0000] {dagbag.py:588} INFO - Filling up the DagBag from /home/airflow/.local/lib/python3.12/site-packages/airflow/example_dags/example_latest_only.py
[2025-02-17T12:17:55.626+0000] {processor.py:925} INFO - DAG(s) 'latest_only' retrieved from /home/airflow/.local/lib/python3.12/site-packages/airflow/example_dags/example_latest_only.py
[2025-02-17T12:17:55.651+0000] {logging_mixin.py:190} INFO - [2025-02-17T12:17:55.650+0000] {dag.py:3239} INFO - Sync 1 DAGs
[2025-02-17T12:17:55.682+0000] {logging_mixin.py:190} INFO - [2025-02-17T12:17:55.682+0000] {dag.py:4180} INFO - Setting next_dagrun for latest_only to 2025-02-17 08:00:00+00:00, run_after=2025-02-17 12:00:00+00:00
[2025-02-17T12:17:55.706+0000] {processor.py:208} INFO - Processing /home/airflow/.local/lib/python3.12/site-packages/airflow/example_dags/example_latest_only.py took 0.107 seconds
[2025-02-17T12:18:26.493+0000] {processor.py:186} INFO - Started process (PID=4743) to work on /home/airflow/.local/lib/python3.12/site-packages/airflow/example_dags/example_latest_only.py
[2025-02-17T12:18:26.495+0000] {processor.py:914} INFO - Processing file /home/airflow/.local/lib/python3.12/site-packages/airflow/example_dags/example_latest_only.py for tasks to queue
[2025-02-17T12:18:26.500+0000] {logging_mixin.py:190} INFO - [2025-02-17T12:18:26.499+0000] {dagbag.py:588} INFO - Filling up the DagBag from /home/airflow/.local/lib/python3.12/site-packages/airflow/example_dags/example_latest_only.py
[2025-02-17T12:18:26.514+0000] {processor.py:925} INFO - DAG(s) 'latest_only' retrieved from /home/airflow/.local/lib/python3.12/site-packages/airflow/example_dags/example_latest_only.py
[2025-02-17T12:18:26.556+0000] {logging_mixin.py:190} INFO - [2025-02-17T12:18:26.556+0000] {dag.py:3239} INFO - Sync 1 DAGs
[2025-02-17T12:18:26.610+0000] {logging_mixin.py:190} INFO - [2025-02-17T12:18:26.610+0000] {dag.py:4180} INFO - Setting next_dagrun for latest_only to 2025-02-17 08:00:00+00:00, run_after=2025-02-17 12:00:00+00:00
[2025-02-17T12:18:26.651+0000] {processor.py:208} INFO - Processing /home/airflow/.local/lib/python3.12/site-packages/airflow/example_dags/example_latest_only.py took 0.169 seconds
[2025-02-17T12:18:56.922+0000] {processor.py:186} INFO - Started process (PID=4821) to work on /home/airflow/.local/lib/python3.12/site-packages/airflow/example_dags/example_latest_only.py
[2025-02-17T12:18:56.923+0000] {processor.py:914} INFO - Processing file /home/airflow/.local/lib/python3.12/site-packages/airflow/example_dags/example_latest_only.py for tasks to queue
[2025-02-17T12:18:56.927+0000] {logging_mixin.py:190} INFO - [2025-02-17T12:18:56.926+0000] {dagbag.py:588} INFO - Filling up the DagBag from /home/airflow/.local/lib/python3.12/site-packages/airflow/example_dags/example_latest_only.py
[2025-02-17T12:18:56.937+0000] {processor.py:925} INFO - DAG(s) 'latest_only' retrieved from /home/airflow/.local/lib/python3.12/site-packages/airflow/example_dags/example_latest_only.py
[2025-02-17T12:18:56.963+0000] {logging_mixin.py:190} INFO - [2025-02-17T12:18:56.962+0000] {dag.py:3239} INFO - Sync 1 DAGs
[2025-02-17T12:18:56.995+0000] {logging_mixin.py:190} INFO - [2025-02-17T12:18:56.994+0000] {dag.py:4180} INFO - Setting next_dagrun for latest_only to 2025-02-17 08:00:00+00:00, run_after=2025-02-17 12:00:00+00:00
[2025-02-17T12:18:57.019+0000] {processor.py:208} INFO - Processing /home/airflow/.local/lib/python3.12/site-packages/airflow/example_dags/example_latest_only.py took 0.107 seconds
[2025-02-17T12:19:29.446+0000] {processor.py:186} INFO - Started process (PID=4899) to work on /home/airflow/.local/lib/python3.12/site-packages/airflow/example_dags/example_latest_only.py
[2025-02-17T12:19:29.448+0000] {processor.py:914} INFO - Processing file /home/airflow/.local/lib/python3.12/site-packages/airflow/example_dags/example_latest_only.py for tasks to queue
[2025-02-17T12:19:29.451+0000] {logging_mixin.py:190} INFO - [2025-02-17T12:19:29.451+0000] {dagbag.py:588} INFO - Filling up the DagBag from /home/airflow/.local/lib/python3.12/site-packages/airflow/example_dags/example_latest_only.py
[2025-02-17T12:19:29.459+0000] {processor.py:925} INFO - DAG(s) 'latest_only' retrieved from /home/airflow/.local/lib/python3.12/site-packages/airflow/example_dags/example_latest_only.py
[2025-02-17T12:19:29.648+0000] {logging_mixin.py:190} INFO - [2025-02-17T12:19:29.648+0000] {dag.py:3239} INFO - Sync 1 DAGs
[2025-02-17T12:19:29.670+0000] {logging_mixin.py:190} INFO - [2025-02-17T12:19:29.670+0000] {dag.py:4180} INFO - Setting next_dagrun for latest_only to 2025-02-17 08:00:00+00:00, run_after=2025-02-17 12:00:00+00:00
[2025-02-17T12:19:29.693+0000] {processor.py:208} INFO - Processing /home/airflow/.local/lib/python3.12/site-packages/airflow/example_dags/example_latest_only.py took 0.253 seconds
[2025-02-17T12:20:00.609+0000] {processor.py:186} INFO - Started process (PID=4977) to work on /home/airflow/.local/lib/python3.12/site-packages/airflow/example_dags/example_latest_only.py
[2025-02-17T12:20:00.610+0000] {processor.py:914} INFO - Processing file /home/airflow/.local/lib/python3.12/site-packages/airflow/example_dags/example_latest_only.py for tasks to queue
[2025-02-17T12:20:00.614+0000] {logging_mixin.py:190} INFO - [2025-02-17T12:20:00.613+0000] {dagbag.py:588} INFO - Filling up the DagBag from /home/airflow/.local/lib/python3.12/site-packages/airflow/example_dags/example_latest_only.py
[2025-02-17T12:20:00.624+0000] {processor.py:925} INFO - DAG(s) 'latest_only' retrieved from /home/airflow/.local/lib/python3.12/site-packages/airflow/example_dags/example_latest_only.py
[2025-02-17T12:20:00.648+0000] {logging_mixin.py:190} INFO - [2025-02-17T12:20:00.647+0000] {dag.py:3239} INFO - Sync 1 DAGs
[2025-02-17T12:20:00.872+0000] {logging_mixin.py:190} INFO - [2025-02-17T12:20:00.872+0000] {dag.py:4180} INFO - Setting next_dagrun for latest_only to 2025-02-17 08:00:00+00:00, run_after=2025-02-17 12:00:00+00:00
[2025-02-17T12:20:00.896+0000] {processor.py:208} INFO - Processing /home/airflow/.local/lib/python3.12/site-packages/airflow/example_dags/example_latest_only.py took 0.293 seconds
