[2025-02-17T05:54:40.104+0000] {processor.py:186} INFO - Started process (PID=122) to work on /home/airflow/.local/lib/python3.12/site-packages/airflow/example_dags/example_trigger_target_dag.py
[2025-02-17T05:54:40.105+0000] {processor.py:914} INFO - Processing file /home/airflow/.local/lib/python3.12/site-packages/airflow/example_dags/example_trigger_target_dag.py for tasks to queue
[2025-02-17T05:54:40.109+0000] {logging_mixin.py:190} INFO - [2025-02-17T05:54:40.109+0000] {dagbag.py:588} INFO - Filling up the DagBag from /home/airflow/.local/lib/python3.12/site-packages/airflow/example_dags/example_trigger_target_dag.py
[2025-02-17T05:54:40.120+0000] {processor.py:925} INFO - DAG(s) 'example_trigger_target_dag' retrieved from /home/airflow/.local/lib/python3.12/site-packages/airflow/example_dags/example_trigger_target_dag.py
[2025-02-17T05:54:40.145+0000] {logging_mixin.py:190} INFO - [2025-02-17T05:54:40.144+0000] {dag.py:3239} INFO - Sync 1 DAGs
[2025-02-17T05:54:40.167+0000] {logging_mixin.py:190} INFO - [2025-02-17T05:54:40.167+0000] {dag.py:4180} INFO - Setting next_dagrun for example_trigger_target_dag to None, run_after=None
[2025-02-17T05:54:40.211+0000] {processor.py:208} INFO - Processing /home/airflow/.local/lib/python3.12/site-packages/airflow/example_dags/example_trigger_target_dag.py took 0.114 seconds
[2025-02-17T05:55:10.517+0000] {processor.py:186} INFO - Started process (PID=200) to work on /home/airflow/.local/lib/python3.12/site-packages/airflow/example_dags/example_trigger_target_dag.py
[2025-02-17T05:55:10.518+0000] {processor.py:914} INFO - Processing file /home/airflow/.local/lib/python3.12/site-packages/airflow/example_dags/example_trigger_target_dag.py for tasks to queue
[2025-02-17T05:55:10.521+0000] {logging_mixin.py:190} INFO - [2025-02-17T05:55:10.520+0000] {dagbag.py:588} INFO - Filling up the DagBag from /home/airflow/.local/lib/python3.12/site-packages/airflow/example_dags/example_trigger_target_dag.py
[2025-02-17T05:55:10.528+0000] {processor.py:925} INFO - DAG(s) 'example_trigger_target_dag' retrieved from /home/airflow/.local/lib/python3.12/site-packages/airflow/example_dags/example_trigger_target_dag.py
[2025-02-17T05:55:10.549+0000] {logging_mixin.py:190} INFO - [2025-02-17T05:55:10.549+0000] {dag.py:3239} INFO - Sync 1 DAGs
[2025-02-17T05:55:10.564+0000] {logging_mixin.py:190} INFO - [2025-02-17T05:55:10.564+0000] {dag.py:4180} INFO - Setting next_dagrun for example_trigger_target_dag to None, run_after=None
[2025-02-17T05:55:10.592+0000] {processor.py:208} INFO - Processing /home/airflow/.local/lib/python3.12/site-packages/airflow/example_dags/example_trigger_target_dag.py took 0.081 seconds
[2025-02-17T05:55:41.886+0000] {processor.py:186} INFO - Started process (PID=278) to work on /home/airflow/.local/lib/python3.12/site-packages/airflow/example_dags/example_trigger_target_dag.py
[2025-02-17T05:55:41.887+0000] {processor.py:914} INFO - Processing file /home/airflow/.local/lib/python3.12/site-packages/airflow/example_dags/example_trigger_target_dag.py for tasks to queue
[2025-02-17T05:55:41.890+0000] {logging_mixin.py:190} INFO - [2025-02-17T05:55:41.889+0000] {dagbag.py:588} INFO - Filling up the DagBag from /home/airflow/.local/lib/python3.12/site-packages/airflow/example_dags/example_trigger_target_dag.py
[2025-02-17T05:55:41.900+0000] {processor.py:925} INFO - DAG(s) 'example_trigger_target_dag' retrieved from /home/airflow/.local/lib/python3.12/site-packages/airflow/example_dags/example_trigger_target_dag.py
[2025-02-17T05:55:41.924+0000] {logging_mixin.py:190} INFO - [2025-02-17T05:55:41.924+0000] {dag.py:3239} INFO - Sync 1 DAGs
[2025-02-17T05:55:41.943+0000] {logging_mixin.py:190} INFO - [2025-02-17T05:55:41.942+0000] {dag.py:4180} INFO - Setting next_dagrun for example_trigger_target_dag to None, run_after=None
[2025-02-17T05:55:41.967+0000] {processor.py:208} INFO - Processing /home/airflow/.local/lib/python3.12/site-packages/airflow/example_dags/example_trigger_target_dag.py took 0.088 seconds
[2025-02-17T05:56:12.797+0000] {processor.py:186} INFO - Started process (PID=356) to work on /home/airflow/.local/lib/python3.12/site-packages/airflow/example_dags/example_trigger_target_dag.py
[2025-02-17T05:56:12.798+0000] {processor.py:914} INFO - Processing file /home/airflow/.local/lib/python3.12/site-packages/airflow/example_dags/example_trigger_target_dag.py for tasks to queue
[2025-02-17T05:56:12.801+0000] {logging_mixin.py:190} INFO - [2025-02-17T05:56:12.801+0000] {dagbag.py:588} INFO - Filling up the DagBag from /home/airflow/.local/lib/python3.12/site-packages/airflow/example_dags/example_trigger_target_dag.py
[2025-02-17T05:56:12.811+0000] {processor.py:925} INFO - DAG(s) 'example_trigger_target_dag' retrieved from /home/airflow/.local/lib/python3.12/site-packages/airflow/example_dags/example_trigger_target_dag.py
[2025-02-17T05:56:12.833+0000] {logging_mixin.py:190} INFO - [2025-02-17T05:56:12.833+0000] {dag.py:3239} INFO - Sync 1 DAGs
[2025-02-17T05:56:12.850+0000] {logging_mixin.py:190} INFO - [2025-02-17T05:56:12.849+0000] {dag.py:4180} INFO - Setting next_dagrun for example_trigger_target_dag to None, run_after=None
[2025-02-17T05:56:12.877+0000] {processor.py:208} INFO - Processing /home/airflow/.local/lib/python3.12/site-packages/airflow/example_dags/example_trigger_target_dag.py took 0.088 seconds
[2025-02-17T05:56:43.665+0000] {processor.py:186} INFO - Started process (PID=433) to work on /home/airflow/.local/lib/python3.12/site-packages/airflow/example_dags/example_trigger_target_dag.py
[2025-02-17T05:56:43.667+0000] {processor.py:914} INFO - Processing file /home/airflow/.local/lib/python3.12/site-packages/airflow/example_dags/example_trigger_target_dag.py for tasks to queue
[2025-02-17T05:56:43.670+0000] {logging_mixin.py:190} INFO - [2025-02-17T05:56:43.670+0000] {dagbag.py:588} INFO - Filling up the DagBag from /home/airflow/.local/lib/python3.12/site-packages/airflow/example_dags/example_trigger_target_dag.py
[2025-02-17T05:56:43.683+0000] {processor.py:925} INFO - DAG(s) 'example_trigger_target_dag' retrieved from /home/airflow/.local/lib/python3.12/site-packages/airflow/example_dags/example_trigger_target_dag.py
[2025-02-17T05:56:43.708+0000] {logging_mixin.py:190} INFO - [2025-02-17T05:56:43.708+0000] {dag.py:3239} INFO - Sync 1 DAGs
[2025-02-17T05:56:43.727+0000] {logging_mixin.py:190} INFO - [2025-02-17T05:56:43.726+0000] {dag.py:4180} INFO - Setting next_dagrun for example_trigger_target_dag to None, run_after=None
[2025-02-17T05:56:43.777+0000] {processor.py:208} INFO - Processing /home/airflow/.local/lib/python3.12/site-packages/airflow/example_dags/example_trigger_target_dag.py took 0.118 seconds
[2025-02-17T05:57:15.021+0000] {processor.py:186} INFO - Started process (PID=517) to work on /home/airflow/.local/lib/python3.12/site-packages/airflow/example_dags/example_trigger_target_dag.py
[2025-02-17T05:57:15.023+0000] {processor.py:914} INFO - Processing file /home/airflow/.local/lib/python3.12/site-packages/airflow/example_dags/example_trigger_target_dag.py for tasks to queue
[2025-02-17T05:57:15.027+0000] {logging_mixin.py:190} INFO - [2025-02-17T05:57:15.027+0000] {dagbag.py:588} INFO - Filling up the DagBag from /home/airflow/.local/lib/python3.12/site-packages/airflow/example_dags/example_trigger_target_dag.py
[2025-02-17T05:57:15.041+0000] {processor.py:925} INFO - DAG(s) 'example_trigger_target_dag' retrieved from /home/airflow/.local/lib/python3.12/site-packages/airflow/example_dags/example_trigger_target_dag.py
[2025-02-17T05:57:15.070+0000] {logging_mixin.py:190} INFO - [2025-02-17T05:57:15.069+0000] {dag.py:3239} INFO - Sync 1 DAGs
[2025-02-17T05:57:15.091+0000] {logging_mixin.py:190} INFO - [2025-02-17T05:57:15.091+0000] {dag.py:4180} INFO - Setting next_dagrun for example_trigger_target_dag to None, run_after=None
[2025-02-17T05:57:15.126+0000] {processor.py:208} INFO - Processing /home/airflow/.local/lib/python3.12/site-packages/airflow/example_dags/example_trigger_target_dag.py took 0.118 seconds
[2025-02-17T05:57:45.766+0000] {processor.py:186} INFO - Started process (PID=595) to work on /home/airflow/.local/lib/python3.12/site-packages/airflow/example_dags/example_trigger_target_dag.py
[2025-02-17T05:57:45.768+0000] {processor.py:914} INFO - Processing file /home/airflow/.local/lib/python3.12/site-packages/airflow/example_dags/example_trigger_target_dag.py for tasks to queue
[2025-02-17T05:57:45.770+0000] {logging_mixin.py:190} INFO - [2025-02-17T05:57:45.770+0000] {dagbag.py:588} INFO - Filling up the DagBag from /home/airflow/.local/lib/python3.12/site-packages/airflow/example_dags/example_trigger_target_dag.py
[2025-02-17T05:57:45.781+0000] {processor.py:925} INFO - DAG(s) 'example_trigger_target_dag' retrieved from /home/airflow/.local/lib/python3.12/site-packages/airflow/example_dags/example_trigger_target_dag.py
[2025-02-17T05:57:45.804+0000] {logging_mixin.py:190} INFO - [2025-02-17T05:57:45.804+0000] {dag.py:3239} INFO - Sync 1 DAGs
[2025-02-17T05:57:45.819+0000] {logging_mixin.py:190} INFO - [2025-02-17T05:57:45.819+0000] {dag.py:4180} INFO - Setting next_dagrun for example_trigger_target_dag to None, run_after=None
[2025-02-17T05:57:45.840+0000] {processor.py:208} INFO - Processing /home/airflow/.local/lib/python3.12/site-packages/airflow/example_dags/example_trigger_target_dag.py took 0.081 seconds
[2025-02-17T05:58:16.378+0000] {processor.py:186} INFO - Started process (PID=673) to work on /home/airflow/.local/lib/python3.12/site-packages/airflow/example_dags/example_trigger_target_dag.py
[2025-02-17T05:58:16.379+0000] {processor.py:914} INFO - Processing file /home/airflow/.local/lib/python3.12/site-packages/airflow/example_dags/example_trigger_target_dag.py for tasks to queue
[2025-02-17T05:58:16.383+0000] {logging_mixin.py:190} INFO - [2025-02-17T05:58:16.382+0000] {dagbag.py:588} INFO - Filling up the DagBag from /home/airflow/.local/lib/python3.12/site-packages/airflow/example_dags/example_trigger_target_dag.py
[2025-02-17T05:58:16.395+0000] {processor.py:925} INFO - DAG(s) 'example_trigger_target_dag' retrieved from /home/airflow/.local/lib/python3.12/site-packages/airflow/example_dags/example_trigger_target_dag.py
[2025-02-17T05:58:16.418+0000] {logging_mixin.py:190} INFO - [2025-02-17T05:58:16.418+0000] {dag.py:3239} INFO - Sync 1 DAGs
[2025-02-17T05:58:16.437+0000] {logging_mixin.py:190} INFO - [2025-02-17T05:58:16.436+0000] {dag.py:4180} INFO - Setting next_dagrun for example_trigger_target_dag to None, run_after=None
[2025-02-17T05:58:16.464+0000] {processor.py:208} INFO - Processing /home/airflow/.local/lib/python3.12/site-packages/airflow/example_dags/example_trigger_target_dag.py took 0.093 seconds
[2025-02-17T05:58:47.346+0000] {processor.py:186} INFO - Started process (PID=751) to work on /home/airflow/.local/lib/python3.12/site-packages/airflow/example_dags/example_trigger_target_dag.py
[2025-02-17T05:58:47.347+0000] {processor.py:914} INFO - Processing file /home/airflow/.local/lib/python3.12/site-packages/airflow/example_dags/example_trigger_target_dag.py for tasks to queue
[2025-02-17T05:58:47.349+0000] {logging_mixin.py:190} INFO - [2025-02-17T05:58:47.349+0000] {dagbag.py:588} INFO - Filling up the DagBag from /home/airflow/.local/lib/python3.12/site-packages/airflow/example_dags/example_trigger_target_dag.py
[2025-02-17T05:58:47.357+0000] {processor.py:925} INFO - DAG(s) 'example_trigger_target_dag' retrieved from /home/airflow/.local/lib/python3.12/site-packages/airflow/example_dags/example_trigger_target_dag.py
[2025-02-17T05:58:47.374+0000] {logging_mixin.py:190} INFO - [2025-02-17T05:58:47.374+0000] {dag.py:3239} INFO - Sync 1 DAGs
[2025-02-17T05:58:47.386+0000] {logging_mixin.py:190} INFO - [2025-02-17T05:58:47.386+0000] {dag.py:4180} INFO - Setting next_dagrun for example_trigger_target_dag to None, run_after=None
[2025-02-17T05:58:47.405+0000] {processor.py:208} INFO - Processing /home/airflow/.local/lib/python3.12/site-packages/airflow/example_dags/example_trigger_target_dag.py took 0.065 seconds
[2025-02-17T05:59:19.476+0000] {processor.py:186} INFO - Started process (PID=830) to work on /home/airflow/.local/lib/python3.12/site-packages/airflow/example_dags/example_trigger_target_dag.py
[2025-02-17T05:59:19.479+0000] {processor.py:914} INFO - Processing file /home/airflow/.local/lib/python3.12/site-packages/airflow/example_dags/example_trigger_target_dag.py for tasks to queue
[2025-02-17T05:59:19.484+0000] {logging_mixin.py:190} INFO - [2025-02-17T05:59:19.484+0000] {dagbag.py:588} INFO - Filling up the DagBag from /home/airflow/.local/lib/python3.12/site-packages/airflow/example_dags/example_trigger_target_dag.py
[2025-02-17T05:59:19.497+0000] {processor.py:925} INFO - DAG(s) 'example_trigger_target_dag' retrieved from /home/airflow/.local/lib/python3.12/site-packages/airflow/example_dags/example_trigger_target_dag.py
[2025-02-17T05:59:19.533+0000] {logging_mixin.py:190} INFO - [2025-02-17T05:59:19.533+0000] {dag.py:3239} INFO - Sync 1 DAGs
[2025-02-17T05:59:19.561+0000] {logging_mixin.py:190} INFO - [2025-02-17T05:59:19.560+0000] {dag.py:4180} INFO - Setting next_dagrun for example_trigger_target_dag to None, run_after=None
[2025-02-17T05:59:19.595+0000] {processor.py:208} INFO - Processing /home/airflow/.local/lib/python3.12/site-packages/airflow/example_dags/example_trigger_target_dag.py took 0.127 seconds
[2025-02-17T05:59:50.489+0000] {processor.py:186} INFO - Started process (PID=906) to work on /home/airflow/.local/lib/python3.12/site-packages/airflow/example_dags/example_trigger_target_dag.py
[2025-02-17T05:59:50.491+0000] {processor.py:914} INFO - Processing file /home/airflow/.local/lib/python3.12/site-packages/airflow/example_dags/example_trigger_target_dag.py for tasks to queue
[2025-02-17T05:59:50.493+0000] {logging_mixin.py:190} INFO - [2025-02-17T05:59:50.493+0000] {dagbag.py:588} INFO - Filling up the DagBag from /home/airflow/.local/lib/python3.12/site-packages/airflow/example_dags/example_trigger_target_dag.py
[2025-02-17T05:59:50.503+0000] {processor.py:925} INFO - DAG(s) 'example_trigger_target_dag' retrieved from /home/airflow/.local/lib/python3.12/site-packages/airflow/example_dags/example_trigger_target_dag.py
[2025-02-17T05:59:50.526+0000] {logging_mixin.py:190} INFO - [2025-02-17T05:59:50.525+0000] {dag.py:3239} INFO - Sync 1 DAGs
[2025-02-17T05:59:50.544+0000] {logging_mixin.py:190} INFO - [2025-02-17T05:59:50.544+0000] {dag.py:4180} INFO - Setting next_dagrun for example_trigger_target_dag to None, run_after=None
[2025-02-17T05:59:50.594+0000] {processor.py:208} INFO - Processing /home/airflow/.local/lib/python3.12/site-packages/airflow/example_dags/example_trigger_target_dag.py took 0.110 seconds
[2025-02-17T06:00:21.599+0000] {processor.py:186} INFO - Started process (PID=984) to work on /home/airflow/.local/lib/python3.12/site-packages/airflow/example_dags/example_trigger_target_dag.py
[2025-02-17T06:00:21.601+0000] {processor.py:914} INFO - Processing file /home/airflow/.local/lib/python3.12/site-packages/airflow/example_dags/example_trigger_target_dag.py for tasks to queue
[2025-02-17T06:00:21.603+0000] {logging_mixin.py:190} INFO - [2025-02-17T06:00:21.603+0000] {dagbag.py:588} INFO - Filling up the DagBag from /home/airflow/.local/lib/python3.12/site-packages/airflow/example_dags/example_trigger_target_dag.py
[2025-02-17T06:00:21.613+0000] {processor.py:925} INFO - DAG(s) 'example_trigger_target_dag' retrieved from /home/airflow/.local/lib/python3.12/site-packages/airflow/example_dags/example_trigger_target_dag.py
[2025-02-17T06:00:21.634+0000] {logging_mixin.py:190} INFO - [2025-02-17T06:00:21.633+0000] {dag.py:3239} INFO - Sync 1 DAGs
[2025-02-17T06:00:21.654+0000] {logging_mixin.py:190} INFO - [2025-02-17T06:00:21.653+0000] {dag.py:4180} INFO - Setting next_dagrun for example_trigger_target_dag to None, run_after=None
[2025-02-17T06:00:21.676+0000] {processor.py:208} INFO - Processing /home/airflow/.local/lib/python3.12/site-packages/airflow/example_dags/example_trigger_target_dag.py took 0.083 seconds
[2025-02-17T06:00:53.044+0000] {processor.py:186} INFO - Started process (PID=1062) to work on /home/airflow/.local/lib/python3.12/site-packages/airflow/example_dags/example_trigger_target_dag.py
[2025-02-17T06:00:53.046+0000] {processor.py:914} INFO - Processing file /home/airflow/.local/lib/python3.12/site-packages/airflow/example_dags/example_trigger_target_dag.py for tasks to queue
[2025-02-17T06:00:53.050+0000] {logging_mixin.py:190} INFO - [2025-02-17T06:00:53.049+0000] {dagbag.py:588} INFO - Filling up the DagBag from /home/airflow/.local/lib/python3.12/site-packages/airflow/example_dags/example_trigger_target_dag.py
[2025-02-17T06:00:53.059+0000] {processor.py:925} INFO - DAG(s) 'example_trigger_target_dag' retrieved from /home/airflow/.local/lib/python3.12/site-packages/airflow/example_dags/example_trigger_target_dag.py
[2025-02-17T06:00:53.086+0000] {logging_mixin.py:190} INFO - [2025-02-17T06:00:53.085+0000] {dag.py:3239} INFO - Sync 1 DAGs
[2025-02-17T06:00:53.103+0000] {logging_mixin.py:190} INFO - [2025-02-17T06:00:53.103+0000] {dag.py:4180} INFO - Setting next_dagrun for example_trigger_target_dag to None, run_after=None
[2025-02-17T06:00:53.121+0000] {processor.py:208} INFO - Processing /home/airflow/.local/lib/python3.12/site-packages/airflow/example_dags/example_trigger_target_dag.py took 0.085 seconds
[2025-02-17T06:01:24.045+0000] {processor.py:186} INFO - Started process (PID=1140) to work on /home/airflow/.local/lib/python3.12/site-packages/airflow/example_dags/example_trigger_target_dag.py
[2025-02-17T06:01:24.046+0000] {processor.py:914} INFO - Processing file /home/airflow/.local/lib/python3.12/site-packages/airflow/example_dags/example_trigger_target_dag.py for tasks to queue
[2025-02-17T06:01:24.048+0000] {logging_mixin.py:190} INFO - [2025-02-17T06:01:24.047+0000] {dagbag.py:588} INFO - Filling up the DagBag from /home/airflow/.local/lib/python3.12/site-packages/airflow/example_dags/example_trigger_target_dag.py
[2025-02-17T06:01:24.055+0000] {processor.py:925} INFO - DAG(s) 'example_trigger_target_dag' retrieved from /home/airflow/.local/lib/python3.12/site-packages/airflow/example_dags/example_trigger_target_dag.py
[2025-02-17T06:01:24.075+0000] {logging_mixin.py:190} INFO - [2025-02-17T06:01:24.075+0000] {dag.py:3239} INFO - Sync 1 DAGs
[2025-02-17T06:01:24.088+0000] {logging_mixin.py:190} INFO - [2025-02-17T06:01:24.088+0000] {dag.py:4180} INFO - Setting next_dagrun for example_trigger_target_dag to None, run_after=None
[2025-02-17T06:01:24.105+0000] {processor.py:208} INFO - Processing /home/airflow/.local/lib/python3.12/site-packages/airflow/example_dags/example_trigger_target_dag.py took 0.066 seconds
[2025-02-17T06:01:55.482+0000] {processor.py:186} INFO - Started process (PID=1219) to work on /home/airflow/.local/lib/python3.12/site-packages/airflow/example_dags/example_trigger_target_dag.py
[2025-02-17T06:01:55.484+0000] {processor.py:914} INFO - Processing file /home/airflow/.local/lib/python3.12/site-packages/airflow/example_dags/example_trigger_target_dag.py for tasks to queue
[2025-02-17T06:01:55.487+0000] {logging_mixin.py:190} INFO - [2025-02-17T06:01:55.487+0000] {dagbag.py:588} INFO - Filling up the DagBag from /home/airflow/.local/lib/python3.12/site-packages/airflow/example_dags/example_trigger_target_dag.py
[2025-02-17T06:01:55.500+0000] {processor.py:925} INFO - DAG(s) 'example_trigger_target_dag' retrieved from /home/airflow/.local/lib/python3.12/site-packages/airflow/example_dags/example_trigger_target_dag.py
[2025-02-17T06:01:55.525+0000] {logging_mixin.py:190} INFO - [2025-02-17T06:01:55.524+0000] {dag.py:3239} INFO - Sync 1 DAGs
[2025-02-17T06:01:55.540+0000] {logging_mixin.py:190} INFO - [2025-02-17T06:01:55.540+0000] {dag.py:4180} INFO - Setting next_dagrun for example_trigger_target_dag to None, run_after=None
[2025-02-17T06:01:55.569+0000] {processor.py:208} INFO - Processing /home/airflow/.local/lib/python3.12/site-packages/airflow/example_dags/example_trigger_target_dag.py took 0.093 seconds
[2025-02-17T06:02:25.813+0000] {processor.py:186} INFO - Started process (PID=1294) to work on /home/airflow/.local/lib/python3.12/site-packages/airflow/example_dags/example_trigger_target_dag.py
[2025-02-17T06:02:25.815+0000] {processor.py:914} INFO - Processing file /home/airflow/.local/lib/python3.12/site-packages/airflow/example_dags/example_trigger_target_dag.py for tasks to queue
[2025-02-17T06:02:25.817+0000] {logging_mixin.py:190} INFO - [2025-02-17T06:02:25.817+0000] {dagbag.py:588} INFO - Filling up the DagBag from /home/airflow/.local/lib/python3.12/site-packages/airflow/example_dags/example_trigger_target_dag.py
[2025-02-17T06:02:25.825+0000] {processor.py:925} INFO - DAG(s) 'example_trigger_target_dag' retrieved from /home/airflow/.local/lib/python3.12/site-packages/airflow/example_dags/example_trigger_target_dag.py
[2025-02-17T06:02:25.851+0000] {logging_mixin.py:190} INFO - [2025-02-17T06:02:25.850+0000] {dag.py:3239} INFO - Sync 1 DAGs
[2025-02-17T06:02:25.868+0000] {logging_mixin.py:190} INFO - [2025-02-17T06:02:25.868+0000] {dag.py:4180} INFO - Setting next_dagrun for example_trigger_target_dag to None, run_after=None
[2025-02-17T06:02:25.917+0000] {processor.py:208} INFO - Processing /home/airflow/.local/lib/python3.12/site-packages/airflow/example_dags/example_trigger_target_dag.py took 0.110 seconds
[2025-02-17T06:02:57.866+0000] {processor.py:186} INFO - Started process (PID=1375) to work on /home/airflow/.local/lib/python3.12/site-packages/airflow/example_dags/example_trigger_target_dag.py
[2025-02-17T06:02:57.868+0000] {processor.py:914} INFO - Processing file /home/airflow/.local/lib/python3.12/site-packages/airflow/example_dags/example_trigger_target_dag.py for tasks to queue
[2025-02-17T06:02:57.870+0000] {logging_mixin.py:190} INFO - [2025-02-17T06:02:57.869+0000] {dagbag.py:588} INFO - Filling up the DagBag from /home/airflow/.local/lib/python3.12/site-packages/airflow/example_dags/example_trigger_target_dag.py
[2025-02-17T06:02:57.879+0000] {processor.py:925} INFO - DAG(s) 'example_trigger_target_dag' retrieved from /home/airflow/.local/lib/python3.12/site-packages/airflow/example_dags/example_trigger_target_dag.py
[2025-02-17T06:02:57.901+0000] {logging_mixin.py:190} INFO - [2025-02-17T06:02:57.901+0000] {dag.py:3239} INFO - Sync 1 DAGs
[2025-02-17T06:02:57.917+0000] {logging_mixin.py:190} INFO - [2025-02-17T06:02:57.916+0000] {dag.py:4180} INFO - Setting next_dagrun for example_trigger_target_dag to None, run_after=None
[2025-02-17T06:02:57.939+0000] {processor.py:208} INFO - Processing /home/airflow/.local/lib/python3.12/site-packages/airflow/example_dags/example_trigger_target_dag.py took 0.079 seconds
[2025-02-17T06:03:28.907+0000] {processor.py:186} INFO - Started process (PID=1451) to work on /home/airflow/.local/lib/python3.12/site-packages/airflow/example_dags/example_trigger_target_dag.py
[2025-02-17T06:03:28.908+0000] {processor.py:914} INFO - Processing file /home/airflow/.local/lib/python3.12/site-packages/airflow/example_dags/example_trigger_target_dag.py for tasks to queue
[2025-02-17T06:03:28.911+0000] {logging_mixin.py:190} INFO - [2025-02-17T06:03:28.910+0000] {dagbag.py:588} INFO - Filling up the DagBag from /home/airflow/.local/lib/python3.12/site-packages/airflow/example_dags/example_trigger_target_dag.py
[2025-02-17T06:03:28.918+0000] {processor.py:925} INFO - DAG(s) 'example_trigger_target_dag' retrieved from /home/airflow/.local/lib/python3.12/site-packages/airflow/example_dags/example_trigger_target_dag.py
[2025-02-17T06:03:28.939+0000] {logging_mixin.py:190} INFO - [2025-02-17T06:03:28.938+0000] {dag.py:3239} INFO - Sync 1 DAGs
[2025-02-17T06:03:28.952+0000] {logging_mixin.py:190} INFO - [2025-02-17T06:03:28.951+0000] {dag.py:4180} INFO - Setting next_dagrun for example_trigger_target_dag to None, run_after=None
[2025-02-17T06:03:28.970+0000] {processor.py:208} INFO - Processing /home/airflow/.local/lib/python3.12/site-packages/airflow/example_dags/example_trigger_target_dag.py took 0.068 seconds
[2025-02-17T06:03:59.562+0000] {processor.py:186} INFO - Started process (PID=1517) to work on /home/airflow/.local/lib/python3.12/site-packages/airflow/example_dags/example_trigger_target_dag.py
[2025-02-17T06:03:59.564+0000] {processor.py:914} INFO - Processing file /home/airflow/.local/lib/python3.12/site-packages/airflow/example_dags/example_trigger_target_dag.py for tasks to queue
[2025-02-17T06:03:59.569+0000] {logging_mixin.py:190} INFO - [2025-02-17T06:03:59.568+0000] {dagbag.py:588} INFO - Filling up the DagBag from /home/airflow/.local/lib/python3.12/site-packages/airflow/example_dags/example_trigger_target_dag.py
[2025-02-17T06:03:59.583+0000] {processor.py:925} INFO - DAG(s) 'example_trigger_target_dag' retrieved from /home/airflow/.local/lib/python3.12/site-packages/airflow/example_dags/example_trigger_target_dag.py
[2025-02-17T06:03:59.611+0000] {logging_mixin.py:190} INFO - [2025-02-17T06:03:59.611+0000] {dag.py:3239} INFO - Sync 1 DAGs
[2025-02-17T06:03:59.634+0000] {logging_mixin.py:190} INFO - [2025-02-17T06:03:59.634+0000] {dag.py:4180} INFO - Setting next_dagrun for example_trigger_target_dag to None, run_after=None
[2025-02-17T06:03:59.685+0000] {processor.py:208} INFO - Processing /home/airflow/.local/lib/python3.12/site-packages/airflow/example_dags/example_trigger_target_dag.py took 0.134 seconds
[2025-02-17T06:04:30.574+0000] {processor.py:186} INFO - Started process (PID=1593) to work on /home/airflow/.local/lib/python3.12/site-packages/airflow/example_dags/example_trigger_target_dag.py
[2025-02-17T06:04:30.577+0000] {processor.py:914} INFO - Processing file /home/airflow/.local/lib/python3.12/site-packages/airflow/example_dags/example_trigger_target_dag.py for tasks to queue
[2025-02-17T06:04:30.580+0000] {logging_mixin.py:190} INFO - [2025-02-17T06:04:30.579+0000] {dagbag.py:588} INFO - Filling up the DagBag from /home/airflow/.local/lib/python3.12/site-packages/airflow/example_dags/example_trigger_target_dag.py
[2025-02-17T06:04:30.590+0000] {processor.py:925} INFO - DAG(s) 'example_trigger_target_dag' retrieved from /home/airflow/.local/lib/python3.12/site-packages/airflow/example_dags/example_trigger_target_dag.py
[2025-02-17T06:04:30.630+0000] {logging_mixin.py:190} INFO - [2025-02-17T06:04:30.629+0000] {dag.py:3239} INFO - Sync 1 DAGs
[2025-02-17T06:04:30.664+0000] {logging_mixin.py:190} INFO - [2025-02-17T06:04:30.663+0000] {dag.py:4180} INFO - Setting next_dagrun for example_trigger_target_dag to None, run_after=None
[2025-02-17T06:04:30.705+0000] {processor.py:208} INFO - Processing /home/airflow/.local/lib/python3.12/site-packages/airflow/example_dags/example_trigger_target_dag.py took 0.140 seconds
[2025-02-17T06:05:02.201+0000] {processor.py:186} INFO - Started process (PID=1672) to work on /home/airflow/.local/lib/python3.12/site-packages/airflow/example_dags/example_trigger_target_dag.py
[2025-02-17T06:05:02.202+0000] {processor.py:914} INFO - Processing file /home/airflow/.local/lib/python3.12/site-packages/airflow/example_dags/example_trigger_target_dag.py for tasks to queue
[2025-02-17T06:05:02.204+0000] {logging_mixin.py:190} INFO - [2025-02-17T06:05:02.204+0000] {dagbag.py:588} INFO - Filling up the DagBag from /home/airflow/.local/lib/python3.12/site-packages/airflow/example_dags/example_trigger_target_dag.py
[2025-02-17T06:05:02.212+0000] {processor.py:925} INFO - DAG(s) 'example_trigger_target_dag' retrieved from /home/airflow/.local/lib/python3.12/site-packages/airflow/example_dags/example_trigger_target_dag.py
[2025-02-17T06:05:02.234+0000] {logging_mixin.py:190} INFO - [2025-02-17T06:05:02.234+0000] {dag.py:3239} INFO - Sync 1 DAGs
[2025-02-17T06:05:02.249+0000] {logging_mixin.py:190} INFO - [2025-02-17T06:05:02.249+0000] {dag.py:4180} INFO - Setting next_dagrun for example_trigger_target_dag to None, run_after=None
[2025-02-17T06:05:02.268+0000] {processor.py:208} INFO - Processing /home/airflow/.local/lib/python3.12/site-packages/airflow/example_dags/example_trigger_target_dag.py took 0.073 seconds
[2025-02-17T06:05:34.090+0000] {processor.py:186} INFO - Started process (PID=1757) to work on /home/airflow/.local/lib/python3.12/site-packages/airflow/example_dags/example_trigger_target_dag.py
[2025-02-17T06:05:34.092+0000] {processor.py:914} INFO - Processing file /home/airflow/.local/lib/python3.12/site-packages/airflow/example_dags/example_trigger_target_dag.py for tasks to queue
[2025-02-17T06:05:34.097+0000] {logging_mixin.py:190} INFO - [2025-02-17T06:05:34.096+0000] {dagbag.py:588} INFO - Filling up the DagBag from /home/airflow/.local/lib/python3.12/site-packages/airflow/example_dags/example_trigger_target_dag.py
[2025-02-17T06:05:34.109+0000] {processor.py:925} INFO - DAG(s) 'example_trigger_target_dag' retrieved from /home/airflow/.local/lib/python3.12/site-packages/airflow/example_dags/example_trigger_target_dag.py
[2025-02-17T06:05:34.139+0000] {logging_mixin.py:190} INFO - [2025-02-17T06:05:34.139+0000] {dag.py:3239} INFO - Sync 1 DAGs
[2025-02-17T06:05:34.162+0000] {logging_mixin.py:190} INFO - [2025-02-17T06:05:34.161+0000] {dag.py:4180} INFO - Setting next_dagrun for example_trigger_target_dag to None, run_after=None
[2025-02-17T06:05:34.189+0000] {processor.py:208} INFO - Processing /home/airflow/.local/lib/python3.12/site-packages/airflow/example_dags/example_trigger_target_dag.py took 0.108 seconds
[2025-02-17T06:06:05.351+0000] {processor.py:186} INFO - Started process (PID=1835) to work on /home/airflow/.local/lib/python3.12/site-packages/airflow/example_dags/example_trigger_target_dag.py
[2025-02-17T06:06:05.353+0000] {processor.py:914} INFO - Processing file /home/airflow/.local/lib/python3.12/site-packages/airflow/example_dags/example_trigger_target_dag.py for tasks to queue
[2025-02-17T06:06:05.356+0000] {logging_mixin.py:190} INFO - [2025-02-17T06:06:05.355+0000] {dagbag.py:588} INFO - Filling up the DagBag from /home/airflow/.local/lib/python3.12/site-packages/airflow/example_dags/example_trigger_target_dag.py
[2025-02-17T06:06:05.370+0000] {processor.py:925} INFO - DAG(s) 'example_trigger_target_dag' retrieved from /home/airflow/.local/lib/python3.12/site-packages/airflow/example_dags/example_trigger_target_dag.py
[2025-02-17T06:06:05.395+0000] {logging_mixin.py:190} INFO - [2025-02-17T06:06:05.394+0000] {dag.py:3239} INFO - Sync 1 DAGs
[2025-02-17T06:06:05.414+0000] {logging_mixin.py:190} INFO - [2025-02-17T06:06:05.414+0000] {dag.py:4180} INFO - Setting next_dagrun for example_trigger_target_dag to None, run_after=None
[2025-02-17T06:06:05.436+0000] {processor.py:208} INFO - Processing /home/airflow/.local/lib/python3.12/site-packages/airflow/example_dags/example_trigger_target_dag.py took 0.092 seconds
[2025-02-17T06:06:36.521+0000] {processor.py:186} INFO - Started process (PID=1913) to work on /home/airflow/.local/lib/python3.12/site-packages/airflow/example_dags/example_trigger_target_dag.py
[2025-02-17T06:06:36.522+0000] {processor.py:914} INFO - Processing file /home/airflow/.local/lib/python3.12/site-packages/airflow/example_dags/example_trigger_target_dag.py for tasks to queue
[2025-02-17T06:06:36.525+0000] {logging_mixin.py:190} INFO - [2025-02-17T06:06:36.524+0000] {dagbag.py:588} INFO - Filling up the DagBag from /home/airflow/.local/lib/python3.12/site-packages/airflow/example_dags/example_trigger_target_dag.py
[2025-02-17T06:06:36.533+0000] {processor.py:925} INFO - DAG(s) 'example_trigger_target_dag' retrieved from /home/airflow/.local/lib/python3.12/site-packages/airflow/example_dags/example_trigger_target_dag.py
[2025-02-17T06:06:36.552+0000] {logging_mixin.py:190} INFO - [2025-02-17T06:06:36.551+0000] {dag.py:3239} INFO - Sync 1 DAGs
[2025-02-17T06:06:36.569+0000] {logging_mixin.py:190} INFO - [2025-02-17T06:06:36.569+0000] {dag.py:4180} INFO - Setting next_dagrun for example_trigger_target_dag to None, run_after=None
[2025-02-17T06:06:36.592+0000] {processor.py:208} INFO - Processing /home/airflow/.local/lib/python3.12/site-packages/airflow/example_dags/example_trigger_target_dag.py took 0.078 seconds
[2025-02-17T06:07:08.132+0000] {processor.py:186} INFO - Started process (PID=1991) to work on /home/airflow/.local/lib/python3.12/site-packages/airflow/example_dags/example_trigger_target_dag.py
[2025-02-17T06:07:08.133+0000] {processor.py:914} INFO - Processing file /home/airflow/.local/lib/python3.12/site-packages/airflow/example_dags/example_trigger_target_dag.py for tasks to queue
[2025-02-17T06:07:08.135+0000] {logging_mixin.py:190} INFO - [2025-02-17T06:07:08.135+0000] {dagbag.py:588} INFO - Filling up the DagBag from /home/airflow/.local/lib/python3.12/site-packages/airflow/example_dags/example_trigger_target_dag.py
[2025-02-17T06:07:08.147+0000] {processor.py:925} INFO - DAG(s) 'example_trigger_target_dag' retrieved from /home/airflow/.local/lib/python3.12/site-packages/airflow/example_dags/example_trigger_target_dag.py
[2025-02-17T06:07:08.169+0000] {logging_mixin.py:190} INFO - [2025-02-17T06:07:08.169+0000] {dag.py:3239} INFO - Sync 1 DAGs
[2025-02-17T06:07:08.186+0000] {logging_mixin.py:190} INFO - [2025-02-17T06:07:08.186+0000] {dag.py:4180} INFO - Setting next_dagrun for example_trigger_target_dag to None, run_after=None
[2025-02-17T06:07:08.233+0000] {processor.py:208} INFO - Processing /home/airflow/.local/lib/python3.12/site-packages/airflow/example_dags/example_trigger_target_dag.py took 0.106 seconds
[2025-02-17T06:07:39.174+0000] {processor.py:186} INFO - Started process (PID=2069) to work on /home/airflow/.local/lib/python3.12/site-packages/airflow/example_dags/example_trigger_target_dag.py
[2025-02-17T06:07:39.175+0000] {processor.py:914} INFO - Processing file /home/airflow/.local/lib/python3.12/site-packages/airflow/example_dags/example_trigger_target_dag.py for tasks to queue
[2025-02-17T06:07:39.178+0000] {logging_mixin.py:190} INFO - [2025-02-17T06:07:39.178+0000] {dagbag.py:588} INFO - Filling up the DagBag from /home/airflow/.local/lib/python3.12/site-packages/airflow/example_dags/example_trigger_target_dag.py
[2025-02-17T06:07:39.187+0000] {processor.py:925} INFO - DAG(s) 'example_trigger_target_dag' retrieved from /home/airflow/.local/lib/python3.12/site-packages/airflow/example_dags/example_trigger_target_dag.py
[2025-02-17T06:07:39.216+0000] {logging_mixin.py:190} INFO - [2025-02-17T06:07:39.216+0000] {dag.py:3239} INFO - Sync 1 DAGs
[2025-02-17T06:07:39.234+0000] {logging_mixin.py:190} INFO - [2025-02-17T06:07:39.234+0000] {dag.py:4180} INFO - Setting next_dagrun for example_trigger_target_dag to None, run_after=None
[2025-02-17T06:07:39.259+0000] {processor.py:208} INFO - Processing /home/airflow/.local/lib/python3.12/site-packages/airflow/example_dags/example_trigger_target_dag.py took 0.092 seconds
[2025-02-17T06:08:09.590+0000] {processor.py:186} INFO - Started process (PID=2146) to work on /home/airflow/.local/lib/python3.12/site-packages/airflow/example_dags/example_trigger_target_dag.py
[2025-02-17T06:08:09.591+0000] {processor.py:914} INFO - Processing file /home/airflow/.local/lib/python3.12/site-packages/airflow/example_dags/example_trigger_target_dag.py for tasks to queue
[2025-02-17T06:08:09.595+0000] {logging_mixin.py:190} INFO - [2025-02-17T06:08:09.595+0000] {dagbag.py:588} INFO - Filling up the DagBag from /home/airflow/.local/lib/python3.12/site-packages/airflow/example_dags/example_trigger_target_dag.py
[2025-02-17T06:08:09.606+0000] {processor.py:925} INFO - DAG(s) 'example_trigger_target_dag' retrieved from /home/airflow/.local/lib/python3.12/site-packages/airflow/example_dags/example_trigger_target_dag.py
[2025-02-17T06:08:09.633+0000] {logging_mixin.py:190} INFO - [2025-02-17T06:08:09.633+0000] {dag.py:3239} INFO - Sync 1 DAGs
[2025-02-17T06:08:09.654+0000] {logging_mixin.py:190} INFO - [2025-02-17T06:08:09.653+0000] {dag.py:4180} INFO - Setting next_dagrun for example_trigger_target_dag to None, run_after=None
[2025-02-17T06:08:09.682+0000] {processor.py:208} INFO - Processing /home/airflow/.local/lib/python3.12/site-packages/airflow/example_dags/example_trigger_target_dag.py took 0.100 seconds
[2025-02-17T06:08:40.446+0000] {processor.py:186} INFO - Started process (PID=2224) to work on /home/airflow/.local/lib/python3.12/site-packages/airflow/example_dags/example_trigger_target_dag.py
[2025-02-17T06:08:40.447+0000] {processor.py:914} INFO - Processing file /home/airflow/.local/lib/python3.12/site-packages/airflow/example_dags/example_trigger_target_dag.py for tasks to queue
[2025-02-17T06:08:40.450+0000] {logging_mixin.py:190} INFO - [2025-02-17T06:08:40.449+0000] {dagbag.py:588} INFO - Filling up the DagBag from /home/airflow/.local/lib/python3.12/site-packages/airflow/example_dags/example_trigger_target_dag.py
[2025-02-17T06:08:40.458+0000] {processor.py:925} INFO - DAG(s) 'example_trigger_target_dag' retrieved from /home/airflow/.local/lib/python3.12/site-packages/airflow/example_dags/example_trigger_target_dag.py
[2025-02-17T06:08:40.475+0000] {logging_mixin.py:190} INFO - [2025-02-17T06:08:40.475+0000] {dag.py:3239} INFO - Sync 1 DAGs
[2025-02-17T06:08:40.490+0000] {logging_mixin.py:190} INFO - [2025-02-17T06:08:40.490+0000] {dag.py:4180} INFO - Setting next_dagrun for example_trigger_target_dag to None, run_after=None
[2025-02-17T06:08:40.517+0000] {processor.py:208} INFO - Processing /home/airflow/.local/lib/python3.12/site-packages/airflow/example_dags/example_trigger_target_dag.py took 0.077 seconds
[2025-02-17T06:09:10.643+0000] {processor.py:186} INFO - Started process (PID=2301) to work on /home/airflow/.local/lib/python3.12/site-packages/airflow/example_dags/example_trigger_target_dag.py
[2025-02-17T06:09:10.645+0000] {processor.py:914} INFO - Processing file /home/airflow/.local/lib/python3.12/site-packages/airflow/example_dags/example_trigger_target_dag.py for tasks to queue
[2025-02-17T06:09:10.648+0000] {logging_mixin.py:190} INFO - [2025-02-17T06:09:10.647+0000] {dagbag.py:588} INFO - Filling up the DagBag from /home/airflow/.local/lib/python3.12/site-packages/airflow/example_dags/example_trigger_target_dag.py
[2025-02-17T06:09:10.656+0000] {processor.py:925} INFO - DAG(s) 'example_trigger_target_dag' retrieved from /home/airflow/.local/lib/python3.12/site-packages/airflow/example_dags/example_trigger_target_dag.py
[2025-02-17T06:09:10.681+0000] {logging_mixin.py:190} INFO - [2025-02-17T06:09:10.681+0000] {dag.py:3239} INFO - Sync 1 DAGs
[2025-02-17T06:09:10.697+0000] {logging_mixin.py:190} INFO - [2025-02-17T06:09:10.696+0000] {dag.py:4180} INFO - Setting next_dagrun for example_trigger_target_dag to None, run_after=None
[2025-02-17T06:09:10.720+0000] {processor.py:208} INFO - Processing /home/airflow/.local/lib/python3.12/site-packages/airflow/example_dags/example_trigger_target_dag.py took 0.083 seconds
[2025-02-17T06:09:41.582+0000] {processor.py:186} INFO - Started process (PID=2380) to work on /home/airflow/.local/lib/python3.12/site-packages/airflow/example_dags/example_trigger_target_dag.py
[2025-02-17T06:09:41.583+0000] {processor.py:914} INFO - Processing file /home/airflow/.local/lib/python3.12/site-packages/airflow/example_dags/example_trigger_target_dag.py for tasks to queue
[2025-02-17T06:09:41.585+0000] {logging_mixin.py:190} INFO - [2025-02-17T06:09:41.585+0000] {dagbag.py:588} INFO - Filling up the DagBag from /home/airflow/.local/lib/python3.12/site-packages/airflow/example_dags/example_trigger_target_dag.py
[2025-02-17T06:09:41.593+0000] {processor.py:925} INFO - DAG(s) 'example_trigger_target_dag' retrieved from /home/airflow/.local/lib/python3.12/site-packages/airflow/example_dags/example_trigger_target_dag.py
[2025-02-17T06:09:41.612+0000] {logging_mixin.py:190} INFO - [2025-02-17T06:09:41.612+0000] {dag.py:3239} INFO - Sync 1 DAGs
[2025-02-17T06:09:41.628+0000] {logging_mixin.py:190} INFO - [2025-02-17T06:09:41.628+0000] {dag.py:4180} INFO - Setting next_dagrun for example_trigger_target_dag to None, run_after=None
[2025-02-17T06:09:41.646+0000] {processor.py:208} INFO - Processing /home/airflow/.local/lib/python3.12/site-packages/airflow/example_dags/example_trigger_target_dag.py took 0.070 seconds
[2025-02-17T06:10:12.214+0000] {processor.py:186} INFO - Started process (PID=2457) to work on /home/airflow/.local/lib/python3.12/site-packages/airflow/example_dags/example_trigger_target_dag.py
[2025-02-17T06:10:12.215+0000] {processor.py:914} INFO - Processing file /home/airflow/.local/lib/python3.12/site-packages/airflow/example_dags/example_trigger_target_dag.py for tasks to queue
[2025-02-17T06:10:12.217+0000] {logging_mixin.py:190} INFO - [2025-02-17T06:10:12.217+0000] {dagbag.py:588} INFO - Filling up the DagBag from /home/airflow/.local/lib/python3.12/site-packages/airflow/example_dags/example_trigger_target_dag.py
[2025-02-17T06:10:12.224+0000] {processor.py:925} INFO - DAG(s) 'example_trigger_target_dag' retrieved from /home/airflow/.local/lib/python3.12/site-packages/airflow/example_dags/example_trigger_target_dag.py
[2025-02-17T06:10:12.243+0000] {logging_mixin.py:190} INFO - [2025-02-17T06:10:12.243+0000] {dag.py:3239} INFO - Sync 1 DAGs
[2025-02-17T06:10:12.256+0000] {logging_mixin.py:190} INFO - [2025-02-17T06:10:12.256+0000] {dag.py:4180} INFO - Setting next_dagrun for example_trigger_target_dag to None, run_after=None
[2025-02-17T06:10:12.274+0000] {processor.py:208} INFO - Processing /home/airflow/.local/lib/python3.12/site-packages/airflow/example_dags/example_trigger_target_dag.py took 0.066 seconds
[2025-02-17T06:10:43.177+0000] {processor.py:186} INFO - Started process (PID=2535) to work on /home/airflow/.local/lib/python3.12/site-packages/airflow/example_dags/example_trigger_target_dag.py
[2025-02-17T06:10:43.178+0000] {processor.py:914} INFO - Processing file /home/airflow/.local/lib/python3.12/site-packages/airflow/example_dags/example_trigger_target_dag.py for tasks to queue
[2025-02-17T06:10:43.180+0000] {logging_mixin.py:190} INFO - [2025-02-17T06:10:43.180+0000] {dagbag.py:588} INFO - Filling up the DagBag from /home/airflow/.local/lib/python3.12/site-packages/airflow/example_dags/example_trigger_target_dag.py
[2025-02-17T06:10:43.187+0000] {processor.py:925} INFO - DAG(s) 'example_trigger_target_dag' retrieved from /home/airflow/.local/lib/python3.12/site-packages/airflow/example_dags/example_trigger_target_dag.py
[2025-02-17T06:10:43.204+0000] {logging_mixin.py:190} INFO - [2025-02-17T06:10:43.204+0000] {dag.py:3239} INFO - Sync 1 DAGs
[2025-02-17T06:10:43.219+0000] {logging_mixin.py:190} INFO - [2025-02-17T06:10:43.218+0000] {dag.py:4180} INFO - Setting next_dagrun for example_trigger_target_dag to None, run_after=None
[2025-02-17T06:10:43.239+0000] {processor.py:208} INFO - Processing /home/airflow/.local/lib/python3.12/site-packages/airflow/example_dags/example_trigger_target_dag.py took 0.068 seconds
[2025-02-17T06:11:14.284+0000] {processor.py:186} INFO - Started process (PID=2613) to work on /home/airflow/.local/lib/python3.12/site-packages/airflow/example_dags/example_trigger_target_dag.py
[2025-02-17T06:11:14.285+0000] {processor.py:914} INFO - Processing file /home/airflow/.local/lib/python3.12/site-packages/airflow/example_dags/example_trigger_target_dag.py for tasks to queue
[2025-02-17T06:11:14.289+0000] {logging_mixin.py:190} INFO - [2025-02-17T06:11:14.288+0000] {dagbag.py:588} INFO - Filling up the DagBag from /home/airflow/.local/lib/python3.12/site-packages/airflow/example_dags/example_trigger_target_dag.py
[2025-02-17T06:11:14.297+0000] {processor.py:925} INFO - DAG(s) 'example_trigger_target_dag' retrieved from /home/airflow/.local/lib/python3.12/site-packages/airflow/example_dags/example_trigger_target_dag.py
[2025-02-17T06:11:14.316+0000] {logging_mixin.py:190} INFO - [2025-02-17T06:11:14.315+0000] {dag.py:3239} INFO - Sync 1 DAGs
[2025-02-17T06:11:14.329+0000] {logging_mixin.py:190} INFO - [2025-02-17T06:11:14.329+0000] {dag.py:4180} INFO - Setting next_dagrun for example_trigger_target_dag to None, run_after=None
[2025-02-17T06:11:14.347+0000] {processor.py:208} INFO - Processing /home/airflow/.local/lib/python3.12/site-packages/airflow/example_dags/example_trigger_target_dag.py took 0.071 seconds
[2025-02-17T06:11:45.188+0000] {processor.py:186} INFO - Started process (PID=2691) to work on /home/airflow/.local/lib/python3.12/site-packages/airflow/example_dags/example_trigger_target_dag.py
[2025-02-17T06:11:45.189+0000] {processor.py:914} INFO - Processing file /home/airflow/.local/lib/python3.12/site-packages/airflow/example_dags/example_trigger_target_dag.py for tasks to queue
[2025-02-17T06:11:45.191+0000] {logging_mixin.py:190} INFO - [2025-02-17T06:11:45.191+0000] {dagbag.py:588} INFO - Filling up the DagBag from /home/airflow/.local/lib/python3.12/site-packages/airflow/example_dags/example_trigger_target_dag.py
[2025-02-17T06:11:45.199+0000] {processor.py:925} INFO - DAG(s) 'example_trigger_target_dag' retrieved from /home/airflow/.local/lib/python3.12/site-packages/airflow/example_dags/example_trigger_target_dag.py
[2025-02-17T06:11:45.219+0000] {logging_mixin.py:190} INFO - [2025-02-17T06:11:45.218+0000] {dag.py:3239} INFO - Sync 1 DAGs
[2025-02-17T06:11:45.232+0000] {logging_mixin.py:190} INFO - [2025-02-17T06:11:45.232+0000] {dag.py:4180} INFO - Setting next_dagrun for example_trigger_target_dag to None, run_after=None
[2025-02-17T06:11:45.251+0000] {processor.py:208} INFO - Processing /home/airflow/.local/lib/python3.12/site-packages/airflow/example_dags/example_trigger_target_dag.py took 0.069 seconds
[2025-02-17T06:12:15.904+0000] {processor.py:186} INFO - Started process (PID=2769) to work on /home/airflow/.local/lib/python3.12/site-packages/airflow/example_dags/example_trigger_target_dag.py
[2025-02-17T06:12:15.905+0000] {processor.py:914} INFO - Processing file /home/airflow/.local/lib/python3.12/site-packages/airflow/example_dags/example_trigger_target_dag.py for tasks to queue
[2025-02-17T06:12:15.909+0000] {logging_mixin.py:190} INFO - [2025-02-17T06:12:15.909+0000] {dagbag.py:588} INFO - Filling up the DagBag from /home/airflow/.local/lib/python3.12/site-packages/airflow/example_dags/example_trigger_target_dag.py
[2025-02-17T06:12:15.918+0000] {processor.py:925} INFO - DAG(s) 'example_trigger_target_dag' retrieved from /home/airflow/.local/lib/python3.12/site-packages/airflow/example_dags/example_trigger_target_dag.py
[2025-02-17T06:12:15.942+0000] {logging_mixin.py:190} INFO - [2025-02-17T06:12:15.941+0000] {dag.py:3239} INFO - Sync 1 DAGs
[2025-02-17T06:12:15.961+0000] {logging_mixin.py:190} INFO - [2025-02-17T06:12:15.961+0000] {dag.py:4180} INFO - Setting next_dagrun for example_trigger_target_dag to None, run_after=None
[2025-02-17T06:12:16.006+0000] {processor.py:208} INFO - Processing /home/airflow/.local/lib/python3.12/site-packages/airflow/example_dags/example_trigger_target_dag.py took 0.108 seconds
[2025-02-17T06:12:46.104+0000] {processor.py:186} INFO - Started process (PID=2846) to work on /home/airflow/.local/lib/python3.12/site-packages/airflow/example_dags/example_trigger_target_dag.py
[2025-02-17T06:12:46.106+0000] {processor.py:914} INFO - Processing file /home/airflow/.local/lib/python3.12/site-packages/airflow/example_dags/example_trigger_target_dag.py for tasks to queue
[2025-02-17T06:12:46.109+0000] {logging_mixin.py:190} INFO - [2025-02-17T06:12:46.108+0000] {dagbag.py:588} INFO - Filling up the DagBag from /home/airflow/.local/lib/python3.12/site-packages/airflow/example_dags/example_trigger_target_dag.py
[2025-02-17T06:12:46.117+0000] {processor.py:925} INFO - DAG(s) 'example_trigger_target_dag' retrieved from /home/airflow/.local/lib/python3.12/site-packages/airflow/example_dags/example_trigger_target_dag.py
[2025-02-17T06:12:46.139+0000] {logging_mixin.py:190} INFO - [2025-02-17T06:12:46.139+0000] {dag.py:3239} INFO - Sync 1 DAGs
[2025-02-17T06:12:46.153+0000] {logging_mixin.py:190} INFO - [2025-02-17T06:12:46.153+0000] {dag.py:4180} INFO - Setting next_dagrun for example_trigger_target_dag to None, run_after=None
[2025-02-17T06:12:46.197+0000] {processor.py:208} INFO - Processing /home/airflow/.local/lib/python3.12/site-packages/airflow/example_dags/example_trigger_target_dag.py took 0.098 seconds
[2025-02-17T06:13:16.339+0000] {processor.py:186} INFO - Started process (PID=2924) to work on /home/airflow/.local/lib/python3.12/site-packages/airflow/example_dags/example_trigger_target_dag.py
[2025-02-17T06:13:16.341+0000] {processor.py:914} INFO - Processing file /home/airflow/.local/lib/python3.12/site-packages/airflow/example_dags/example_trigger_target_dag.py for tasks to queue
[2025-02-17T06:13:16.343+0000] {logging_mixin.py:190} INFO - [2025-02-17T06:13:16.343+0000] {dagbag.py:588} INFO - Filling up the DagBag from /home/airflow/.local/lib/python3.12/site-packages/airflow/example_dags/example_trigger_target_dag.py
[2025-02-17T06:13:16.353+0000] {processor.py:925} INFO - DAG(s) 'example_trigger_target_dag' retrieved from /home/airflow/.local/lib/python3.12/site-packages/airflow/example_dags/example_trigger_target_dag.py
[2025-02-17T06:13:16.380+0000] {logging_mixin.py:190} INFO - [2025-02-17T06:13:16.380+0000] {dag.py:3239} INFO - Sync 1 DAGs
[2025-02-17T06:13:16.392+0000] {logging_mixin.py:190} INFO - [2025-02-17T06:13:16.392+0000] {dag.py:4180} INFO - Setting next_dagrun for example_trigger_target_dag to None, run_after=None
[2025-02-17T06:13:16.413+0000] {processor.py:208} INFO - Processing /home/airflow/.local/lib/python3.12/site-packages/airflow/example_dags/example_trigger_target_dag.py took 0.080 seconds
[2025-02-17T06:13:46.654+0000] {processor.py:186} INFO - Started process (PID=3002) to work on /home/airflow/.local/lib/python3.12/site-packages/airflow/example_dags/example_trigger_target_dag.py
[2025-02-17T06:13:46.656+0000] {processor.py:914} INFO - Processing file /home/airflow/.local/lib/python3.12/site-packages/airflow/example_dags/example_trigger_target_dag.py for tasks to queue
[2025-02-17T06:13:46.659+0000] {logging_mixin.py:190} INFO - [2025-02-17T06:13:46.658+0000] {dagbag.py:588} INFO - Filling up the DagBag from /home/airflow/.local/lib/python3.12/site-packages/airflow/example_dags/example_trigger_target_dag.py
[2025-02-17T06:13:46.668+0000] {processor.py:925} INFO - DAG(s) 'example_trigger_target_dag' retrieved from /home/airflow/.local/lib/python3.12/site-packages/airflow/example_dags/example_trigger_target_dag.py
[2025-02-17T06:13:46.700+0000] {logging_mixin.py:190} INFO - [2025-02-17T06:13:46.699+0000] {dag.py:3239} INFO - Sync 1 DAGs
[2025-02-17T06:13:46.726+0000] {logging_mixin.py:190} INFO - [2025-02-17T06:13:46.725+0000] {dag.py:4180} INFO - Setting next_dagrun for example_trigger_target_dag to None, run_after=None
[2025-02-17T06:13:46.774+0000] {processor.py:208} INFO - Processing /home/airflow/.local/lib/python3.12/site-packages/airflow/example_dags/example_trigger_target_dag.py took 0.127 seconds
[2025-02-17T06:14:17.322+0000] {processor.py:186} INFO - Started process (PID=3080) to work on /home/airflow/.local/lib/python3.12/site-packages/airflow/example_dags/example_trigger_target_dag.py
[2025-02-17T06:14:17.324+0000] {processor.py:914} INFO - Processing file /home/airflow/.local/lib/python3.12/site-packages/airflow/example_dags/example_trigger_target_dag.py for tasks to queue
[2025-02-17T06:14:17.326+0000] {logging_mixin.py:190} INFO - [2025-02-17T06:14:17.326+0000] {dagbag.py:588} INFO - Filling up the DagBag from /home/airflow/.local/lib/python3.12/site-packages/airflow/example_dags/example_trigger_target_dag.py
[2025-02-17T06:14:17.338+0000] {processor.py:925} INFO - DAG(s) 'example_trigger_target_dag' retrieved from /home/airflow/.local/lib/python3.12/site-packages/airflow/example_dags/example_trigger_target_dag.py
[2025-02-17T06:14:17.361+0000] {logging_mixin.py:190} INFO - [2025-02-17T06:14:17.361+0000] {dag.py:3239} INFO - Sync 1 DAGs
[2025-02-17T06:14:17.382+0000] {logging_mixin.py:190} INFO - [2025-02-17T06:14:17.382+0000] {dag.py:4180} INFO - Setting next_dagrun for example_trigger_target_dag to None, run_after=None
[2025-02-17T06:14:17.412+0000] {processor.py:208} INFO - Processing /home/airflow/.local/lib/python3.12/site-packages/airflow/example_dags/example_trigger_target_dag.py took 0.097 seconds
[2025-02-17T06:14:47.879+0000] {processor.py:186} INFO - Started process (PID=3158) to work on /home/airflow/.local/lib/python3.12/site-packages/airflow/example_dags/example_trigger_target_dag.py
[2025-02-17T06:14:47.881+0000] {processor.py:914} INFO - Processing file /home/airflow/.local/lib/python3.12/site-packages/airflow/example_dags/example_trigger_target_dag.py for tasks to queue
[2025-02-17T06:14:47.883+0000] {logging_mixin.py:190} INFO - [2025-02-17T06:14:47.883+0000] {dagbag.py:588} INFO - Filling up the DagBag from /home/airflow/.local/lib/python3.12/site-packages/airflow/example_dags/example_trigger_target_dag.py
[2025-02-17T06:14:47.893+0000] {processor.py:925} INFO - DAG(s) 'example_trigger_target_dag' retrieved from /home/airflow/.local/lib/python3.12/site-packages/airflow/example_dags/example_trigger_target_dag.py
[2025-02-17T06:14:47.917+0000] {logging_mixin.py:190} INFO - [2025-02-17T06:14:47.917+0000] {dag.py:3239} INFO - Sync 1 DAGs
[2025-02-17T06:14:47.932+0000] {logging_mixin.py:190} INFO - [2025-02-17T06:14:47.931+0000] {dag.py:4180} INFO - Setting next_dagrun for example_trigger_target_dag to None, run_after=None
[2025-02-17T06:14:47.976+0000] {processor.py:208} INFO - Processing /home/airflow/.local/lib/python3.12/site-packages/airflow/example_dags/example_trigger_target_dag.py took 0.104 seconds
[2025-02-17T06:15:18.275+0000] {processor.py:186} INFO - Started process (PID=3236) to work on /home/airflow/.local/lib/python3.12/site-packages/airflow/example_dags/example_trigger_target_dag.py
[2025-02-17T06:15:18.276+0000] {processor.py:914} INFO - Processing file /home/airflow/.local/lib/python3.12/site-packages/airflow/example_dags/example_trigger_target_dag.py for tasks to queue
[2025-02-17T06:15:18.280+0000] {logging_mixin.py:190} INFO - [2025-02-17T06:15:18.279+0000] {dagbag.py:588} INFO - Filling up the DagBag from /home/airflow/.local/lib/python3.12/site-packages/airflow/example_dags/example_trigger_target_dag.py
[2025-02-17T06:15:18.287+0000] {processor.py:925} INFO - DAG(s) 'example_trigger_target_dag' retrieved from /home/airflow/.local/lib/python3.12/site-packages/airflow/example_dags/example_trigger_target_dag.py
[2025-02-17T06:15:18.305+0000] {logging_mixin.py:190} INFO - [2025-02-17T06:15:18.305+0000] {dag.py:3239} INFO - Sync 1 DAGs
[2025-02-17T06:15:18.318+0000] {logging_mixin.py:190} INFO - [2025-02-17T06:15:18.318+0000] {dag.py:4180} INFO - Setting next_dagrun for example_trigger_target_dag to None, run_after=None
[2025-02-17T06:15:18.360+0000] {processor.py:208} INFO - Processing /home/airflow/.local/lib/python3.12/site-packages/airflow/example_dags/example_trigger_target_dag.py took 0.090 seconds
[2025-02-17T06:15:49.023+0000] {processor.py:186} INFO - Started process (PID=3320) to work on /home/airflow/.local/lib/python3.12/site-packages/airflow/example_dags/example_trigger_target_dag.py
[2025-02-17T06:15:49.025+0000] {processor.py:914} INFO - Processing file /home/airflow/.local/lib/python3.12/site-packages/airflow/example_dags/example_trigger_target_dag.py for tasks to queue
[2025-02-17T06:15:49.028+0000] {logging_mixin.py:190} INFO - [2025-02-17T06:15:49.028+0000] {dagbag.py:588} INFO - Filling up the DagBag from /home/airflow/.local/lib/python3.12/site-packages/airflow/example_dags/example_trigger_target_dag.py
[2025-02-17T06:15:49.038+0000] {processor.py:925} INFO - DAG(s) 'example_trigger_target_dag' retrieved from /home/airflow/.local/lib/python3.12/site-packages/airflow/example_dags/example_trigger_target_dag.py
[2025-02-17T06:15:49.060+0000] {logging_mixin.py:190} INFO - [2025-02-17T06:15:49.060+0000] {dag.py:3239} INFO - Sync 1 DAGs
[2025-02-17T06:15:49.079+0000] {logging_mixin.py:190} INFO - [2025-02-17T06:15:49.079+0000] {dag.py:4180} INFO - Setting next_dagrun for example_trigger_target_dag to None, run_after=None
[2025-02-17T06:15:49.105+0000] {processor.py:208} INFO - Processing /home/airflow/.local/lib/python3.12/site-packages/airflow/example_dags/example_trigger_target_dag.py took 0.089 seconds
[2025-02-17T06:16:19.808+0000] {processor.py:186} INFO - Started process (PID=3398) to work on /home/airflow/.local/lib/python3.12/site-packages/airflow/example_dags/example_trigger_target_dag.py
[2025-02-17T06:16:19.809+0000] {processor.py:914} INFO - Processing file /home/airflow/.local/lib/python3.12/site-packages/airflow/example_dags/example_trigger_target_dag.py for tasks to queue
[2025-02-17T06:16:19.814+0000] {logging_mixin.py:190} INFO - [2025-02-17T06:16:19.813+0000] {dagbag.py:588} INFO - Filling up the DagBag from /home/airflow/.local/lib/python3.12/site-packages/airflow/example_dags/example_trigger_target_dag.py
[2025-02-17T06:16:19.827+0000] {processor.py:925} INFO - DAG(s) 'example_trigger_target_dag' retrieved from /home/airflow/.local/lib/python3.12/site-packages/airflow/example_dags/example_trigger_target_dag.py
[2025-02-17T06:16:19.859+0000] {logging_mixin.py:190} INFO - [2025-02-17T06:16:19.858+0000] {dag.py:3239} INFO - Sync 1 DAGs
[2025-02-17T06:16:19.879+0000] {logging_mixin.py:190} INFO - [2025-02-17T06:16:19.878+0000] {dag.py:4180} INFO - Setting next_dagrun for example_trigger_target_dag to None, run_after=None
[2025-02-17T06:16:19.939+0000] {processor.py:208} INFO - Processing /home/airflow/.local/lib/python3.12/site-packages/airflow/example_dags/example_trigger_target_dag.py took 0.140 seconds
[2025-02-17T06:16:50.103+0000] {processor.py:186} INFO - Started process (PID=3476) to work on /home/airflow/.local/lib/python3.12/site-packages/airflow/example_dags/example_trigger_target_dag.py
[2025-02-17T06:16:50.106+0000] {processor.py:914} INFO - Processing file /home/airflow/.local/lib/python3.12/site-packages/airflow/example_dags/example_trigger_target_dag.py for tasks to queue
[2025-02-17T06:16:50.108+0000] {logging_mixin.py:190} INFO - [2025-02-17T06:16:50.108+0000] {dagbag.py:588} INFO - Filling up the DagBag from /home/airflow/.local/lib/python3.12/site-packages/airflow/example_dags/example_trigger_target_dag.py
[2025-02-17T06:16:50.118+0000] {processor.py:925} INFO - DAG(s) 'example_trigger_target_dag' retrieved from /home/airflow/.local/lib/python3.12/site-packages/airflow/example_dags/example_trigger_target_dag.py
[2025-02-17T06:16:50.143+0000] {logging_mixin.py:190} INFO - [2025-02-17T06:16:50.142+0000] {dag.py:3239} INFO - Sync 1 DAGs
[2025-02-17T06:16:50.157+0000] {logging_mixin.py:190} INFO - [2025-02-17T06:16:50.157+0000] {dag.py:4180} INFO - Setting next_dagrun for example_trigger_target_dag to None, run_after=None
[2025-02-17T06:16:50.203+0000] {processor.py:208} INFO - Processing /home/airflow/.local/lib/python3.12/site-packages/airflow/example_dags/example_trigger_target_dag.py took 0.106 seconds
[2025-02-17T06:17:20.301+0000] {processor.py:186} INFO - Started process (PID=3554) to work on /home/airflow/.local/lib/python3.12/site-packages/airflow/example_dags/example_trigger_target_dag.py
[2025-02-17T06:17:20.302+0000] {processor.py:914} INFO - Processing file /home/airflow/.local/lib/python3.12/site-packages/airflow/example_dags/example_trigger_target_dag.py for tasks to queue
[2025-02-17T06:17:20.305+0000] {logging_mixin.py:190} INFO - [2025-02-17T06:17:20.304+0000] {dagbag.py:588} INFO - Filling up the DagBag from /home/airflow/.local/lib/python3.12/site-packages/airflow/example_dags/example_trigger_target_dag.py
[2025-02-17T06:17:20.318+0000] {processor.py:925} INFO - DAG(s) 'example_trigger_target_dag' retrieved from /home/airflow/.local/lib/python3.12/site-packages/airflow/example_dags/example_trigger_target_dag.py
[2025-02-17T06:17:20.343+0000] {logging_mixin.py:190} INFO - [2025-02-17T06:17:20.343+0000] {dag.py:3239} INFO - Sync 1 DAGs
[2025-02-17T06:17:20.358+0000] {logging_mixin.py:190} INFO - [2025-02-17T06:17:20.357+0000] {dag.py:4180} INFO - Setting next_dagrun for example_trigger_target_dag to None, run_after=None
[2025-02-17T06:17:20.406+0000] {processor.py:208} INFO - Processing /home/airflow/.local/lib/python3.12/site-packages/airflow/example_dags/example_trigger_target_dag.py took 0.111 seconds
[2025-02-17T06:17:50.669+0000] {processor.py:186} INFO - Started process (PID=3632) to work on /home/airflow/.local/lib/python3.12/site-packages/airflow/example_dags/example_trigger_target_dag.py
[2025-02-17T06:17:50.671+0000] {processor.py:914} INFO - Processing file /home/airflow/.local/lib/python3.12/site-packages/airflow/example_dags/example_trigger_target_dag.py for tasks to queue
[2025-02-17T06:17:50.673+0000] {logging_mixin.py:190} INFO - [2025-02-17T06:17:50.673+0000] {dagbag.py:588} INFO - Filling up the DagBag from /home/airflow/.local/lib/python3.12/site-packages/airflow/example_dags/example_trigger_target_dag.py
[2025-02-17T06:17:50.682+0000] {processor.py:925} INFO - DAG(s) 'example_trigger_target_dag' retrieved from /home/airflow/.local/lib/python3.12/site-packages/airflow/example_dags/example_trigger_target_dag.py
[2025-02-17T06:17:50.701+0000] {logging_mixin.py:190} INFO - [2025-02-17T06:17:50.701+0000] {dag.py:3239} INFO - Sync 1 DAGs
[2025-02-17T06:17:50.716+0000] {logging_mixin.py:190} INFO - [2025-02-17T06:17:50.716+0000] {dag.py:4180} INFO - Setting next_dagrun for example_trigger_target_dag to None, run_after=None
[2025-02-17T06:17:50.758+0000] {processor.py:208} INFO - Processing /home/airflow/.local/lib/python3.12/site-packages/airflow/example_dags/example_trigger_target_dag.py took 0.093 seconds
[2025-02-17T06:18:21.438+0000] {processor.py:186} INFO - Started process (PID=3710) to work on /home/airflow/.local/lib/python3.12/site-packages/airflow/example_dags/example_trigger_target_dag.py
[2025-02-17T06:18:21.441+0000] {processor.py:914} INFO - Processing file /home/airflow/.local/lib/python3.12/site-packages/airflow/example_dags/example_trigger_target_dag.py for tasks to queue
[2025-02-17T06:18:21.445+0000] {logging_mixin.py:190} INFO - [2025-02-17T06:18:21.444+0000] {dagbag.py:588} INFO - Filling up the DagBag from /home/airflow/.local/lib/python3.12/site-packages/airflow/example_dags/example_trigger_target_dag.py
[2025-02-17T06:18:21.456+0000] {processor.py:925} INFO - DAG(s) 'example_trigger_target_dag' retrieved from /home/airflow/.local/lib/python3.12/site-packages/airflow/example_dags/example_trigger_target_dag.py
[2025-02-17T06:18:21.475+0000] {logging_mixin.py:190} INFO - [2025-02-17T06:18:21.474+0000] {dag.py:3239} INFO - Sync 1 DAGs
[2025-02-17T06:18:21.489+0000] {logging_mixin.py:190} INFO - [2025-02-17T06:18:21.489+0000] {dag.py:4180} INFO - Setting next_dagrun for example_trigger_target_dag to None, run_after=None
[2025-02-17T06:18:21.534+0000] {processor.py:208} INFO - Processing /home/airflow/.local/lib/python3.12/site-packages/airflow/example_dags/example_trigger_target_dag.py took 0.103 seconds
[2025-02-17T06:18:52.231+0000] {processor.py:186} INFO - Started process (PID=3788) to work on /home/airflow/.local/lib/python3.12/site-packages/airflow/example_dags/example_trigger_target_dag.py
[2025-02-17T06:18:52.232+0000] {processor.py:914} INFO - Processing file /home/airflow/.local/lib/python3.12/site-packages/airflow/example_dags/example_trigger_target_dag.py for tasks to queue
[2025-02-17T06:18:52.234+0000] {logging_mixin.py:190} INFO - [2025-02-17T06:18:52.234+0000] {dagbag.py:588} INFO - Filling up the DagBag from /home/airflow/.local/lib/python3.12/site-packages/airflow/example_dags/example_trigger_target_dag.py
[2025-02-17T06:18:52.244+0000] {processor.py:925} INFO - DAG(s) 'example_trigger_target_dag' retrieved from /home/airflow/.local/lib/python3.12/site-packages/airflow/example_dags/example_trigger_target_dag.py
[2025-02-17T06:18:52.263+0000] {logging_mixin.py:190} INFO - [2025-02-17T06:18:52.263+0000] {dag.py:3239} INFO - Sync 1 DAGs
[2025-02-17T06:18:52.277+0000] {logging_mixin.py:190} INFO - [2025-02-17T06:18:52.277+0000] {dag.py:4180} INFO - Setting next_dagrun for example_trigger_target_dag to None, run_after=None
[2025-02-17T06:18:52.317+0000] {processor.py:208} INFO - Processing /home/airflow/.local/lib/python3.12/site-packages/airflow/example_dags/example_trigger_target_dag.py took 0.094 seconds
[2025-02-17T06:19:22.439+0000] {processor.py:186} INFO - Started process (PID=3866) to work on /home/airflow/.local/lib/python3.12/site-packages/airflow/example_dags/example_trigger_target_dag.py
[2025-02-17T06:19:22.440+0000] {processor.py:914} INFO - Processing file /home/airflow/.local/lib/python3.12/site-packages/airflow/example_dags/example_trigger_target_dag.py for tasks to queue
[2025-02-17T06:19:22.443+0000] {logging_mixin.py:190} INFO - [2025-02-17T06:19:22.442+0000] {dagbag.py:588} INFO - Filling up the DagBag from /home/airflow/.local/lib/python3.12/site-packages/airflow/example_dags/example_trigger_target_dag.py
[2025-02-17T06:19:22.451+0000] {processor.py:925} INFO - DAG(s) 'example_trigger_target_dag' retrieved from /home/airflow/.local/lib/python3.12/site-packages/airflow/example_dags/example_trigger_target_dag.py
[2025-02-17T06:19:22.475+0000] {logging_mixin.py:190} INFO - [2025-02-17T06:19:22.474+0000] {dag.py:3239} INFO - Sync 1 DAGs
[2025-02-17T06:19:22.494+0000] {logging_mixin.py:190} INFO - [2025-02-17T06:19:22.493+0000] {dag.py:4180} INFO - Setting next_dagrun for example_trigger_target_dag to None, run_after=None
[2025-02-17T06:19:22.518+0000] {processor.py:208} INFO - Processing /home/airflow/.local/lib/python3.12/site-packages/airflow/example_dags/example_trigger_target_dag.py took 0.086 seconds
[2025-02-17T06:19:52.794+0000] {processor.py:186} INFO - Started process (PID=3944) to work on /home/airflow/.local/lib/python3.12/site-packages/airflow/example_dags/example_trigger_target_dag.py
[2025-02-17T06:19:52.797+0000] {processor.py:914} INFO - Processing file /home/airflow/.local/lib/python3.12/site-packages/airflow/example_dags/example_trigger_target_dag.py for tasks to queue
[2025-02-17T06:19:52.800+0000] {logging_mixin.py:190} INFO - [2025-02-17T06:19:52.800+0000] {dagbag.py:588} INFO - Filling up the DagBag from /home/airflow/.local/lib/python3.12/site-packages/airflow/example_dags/example_trigger_target_dag.py
[2025-02-17T06:19:52.809+0000] {processor.py:925} INFO - DAG(s) 'example_trigger_target_dag' retrieved from /home/airflow/.local/lib/python3.12/site-packages/airflow/example_dags/example_trigger_target_dag.py
[2025-02-17T06:19:52.831+0000] {logging_mixin.py:190} INFO - [2025-02-17T06:19:52.830+0000] {dag.py:3239} INFO - Sync 1 DAGs
[2025-02-17T06:19:52.847+0000] {logging_mixin.py:190} INFO - [2025-02-17T06:19:52.847+0000] {dag.py:4180} INFO - Setting next_dagrun for example_trigger_target_dag to None, run_after=None
[2025-02-17T06:19:52.891+0000] {processor.py:208} INFO - Processing /home/airflow/.local/lib/python3.12/site-packages/airflow/example_dags/example_trigger_target_dag.py took 0.103 seconds
[2025-02-17T06:20:23.667+0000] {processor.py:186} INFO - Started process (PID=4022) to work on /home/airflow/.local/lib/python3.12/site-packages/airflow/example_dags/example_trigger_target_dag.py
[2025-02-17T06:20:23.669+0000] {processor.py:914} INFO - Processing file /home/airflow/.local/lib/python3.12/site-packages/airflow/example_dags/example_trigger_target_dag.py for tasks to queue
[2025-02-17T06:20:23.671+0000] {logging_mixin.py:190} INFO - [2025-02-17T06:20:23.671+0000] {dagbag.py:588} INFO - Filling up the DagBag from /home/airflow/.local/lib/python3.12/site-packages/airflow/example_dags/example_trigger_target_dag.py
[2025-02-17T06:20:23.679+0000] {processor.py:925} INFO - DAG(s) 'example_trigger_target_dag' retrieved from /home/airflow/.local/lib/python3.12/site-packages/airflow/example_dags/example_trigger_target_dag.py
[2025-02-17T06:20:23.700+0000] {logging_mixin.py:190} INFO - [2025-02-17T06:20:23.699+0000] {dag.py:3239} INFO - Sync 1 DAGs
[2025-02-17T06:20:23.715+0000] {logging_mixin.py:190} INFO - [2025-02-17T06:20:23.715+0000] {dag.py:4180} INFO - Setting next_dagrun for example_trigger_target_dag to None, run_after=None
[2025-02-17T06:20:23.734+0000] {processor.py:208} INFO - Processing /home/airflow/.local/lib/python3.12/site-packages/airflow/example_dags/example_trigger_target_dag.py took 0.073 seconds
[2025-02-17T06:20:54.592+0000] {processor.py:186} INFO - Started process (PID=4100) to work on /home/airflow/.local/lib/python3.12/site-packages/airflow/example_dags/example_trigger_target_dag.py
[2025-02-17T06:20:54.594+0000] {processor.py:914} INFO - Processing file /home/airflow/.local/lib/python3.12/site-packages/airflow/example_dags/example_trigger_target_dag.py for tasks to queue
[2025-02-17T06:20:54.598+0000] {logging_mixin.py:190} INFO - [2025-02-17T06:20:54.598+0000] {dagbag.py:588} INFO - Filling up the DagBag from /home/airflow/.local/lib/python3.12/site-packages/airflow/example_dags/example_trigger_target_dag.py
[2025-02-17T06:20:54.607+0000] {processor.py:925} INFO - DAG(s) 'example_trigger_target_dag' retrieved from /home/airflow/.local/lib/python3.12/site-packages/airflow/example_dags/example_trigger_target_dag.py
[2025-02-17T06:20:54.629+0000] {logging_mixin.py:190} INFO - [2025-02-17T06:20:54.629+0000] {dag.py:3239} INFO - Sync 1 DAGs
[2025-02-17T06:20:54.644+0000] {logging_mixin.py:190} INFO - [2025-02-17T06:20:54.644+0000] {dag.py:4180} INFO - Setting next_dagrun for example_trigger_target_dag to None, run_after=None
[2025-02-17T06:20:54.692+0000] {processor.py:208} INFO - Processing /home/airflow/.local/lib/python3.12/site-packages/airflow/example_dags/example_trigger_target_dag.py took 0.107 seconds
[2025-02-17T06:21:25.072+0000] {processor.py:186} INFO - Started process (PID=4178) to work on /home/airflow/.local/lib/python3.12/site-packages/airflow/example_dags/example_trigger_target_dag.py
[2025-02-17T06:21:25.076+0000] {processor.py:914} INFO - Processing file /home/airflow/.local/lib/python3.12/site-packages/airflow/example_dags/example_trigger_target_dag.py for tasks to queue
[2025-02-17T06:21:25.083+0000] {logging_mixin.py:190} INFO - [2025-02-17T06:21:25.082+0000] {dagbag.py:588} INFO - Filling up the DagBag from /home/airflow/.local/lib/python3.12/site-packages/airflow/example_dags/example_trigger_target_dag.py
[2025-02-17T06:21:25.102+0000] {processor.py:925} INFO - DAG(s) 'example_trigger_target_dag' retrieved from /home/airflow/.local/lib/python3.12/site-packages/airflow/example_dags/example_trigger_target_dag.py
[2025-02-17T06:21:25.142+0000] {logging_mixin.py:190} INFO - [2025-02-17T06:21:25.142+0000] {dag.py:3239} INFO - Sync 1 DAGs
[2025-02-17T06:21:25.165+0000] {logging_mixin.py:190} INFO - [2025-02-17T06:21:25.165+0000] {dag.py:4180} INFO - Setting next_dagrun for example_trigger_target_dag to None, run_after=None
[2025-02-17T06:21:25.212+0000] {processor.py:208} INFO - Processing /home/airflow/.local/lib/python3.12/site-packages/airflow/example_dags/example_trigger_target_dag.py took 0.154 seconds
[2025-02-17T06:21:55.290+0000] {processor.py:186} INFO - Started process (PID=4256) to work on /home/airflow/.local/lib/python3.12/site-packages/airflow/example_dags/example_trigger_target_dag.py
[2025-02-17T06:21:55.292+0000] {processor.py:914} INFO - Processing file /home/airflow/.local/lib/python3.12/site-packages/airflow/example_dags/example_trigger_target_dag.py for tasks to queue
[2025-02-17T06:21:55.295+0000] {logging_mixin.py:190} INFO - [2025-02-17T06:21:55.295+0000] {dagbag.py:588} INFO - Filling up the DagBag from /home/airflow/.local/lib/python3.12/site-packages/airflow/example_dags/example_trigger_target_dag.py
[2025-02-17T06:21:55.305+0000] {processor.py:925} INFO - DAG(s) 'example_trigger_target_dag' retrieved from /home/airflow/.local/lib/python3.12/site-packages/airflow/example_dags/example_trigger_target_dag.py
[2025-02-17T06:21:55.330+0000] {logging_mixin.py:190} INFO - [2025-02-17T06:21:55.329+0000] {dag.py:3239} INFO - Sync 1 DAGs
[2025-02-17T06:21:55.343+0000] {logging_mixin.py:190} INFO - [2025-02-17T06:21:55.343+0000] {dag.py:4180} INFO - Setting next_dagrun for example_trigger_target_dag to None, run_after=None
[2025-02-17T06:21:55.362+0000] {processor.py:208} INFO - Processing /home/airflow/.local/lib/python3.12/site-packages/airflow/example_dags/example_trigger_target_dag.py took 0.079 seconds
[2025-02-17T06:22:25.578+0000] {processor.py:186} INFO - Started process (PID=4334) to work on /home/airflow/.local/lib/python3.12/site-packages/airflow/example_dags/example_trigger_target_dag.py
[2025-02-17T06:22:25.579+0000] {processor.py:914} INFO - Processing file /home/airflow/.local/lib/python3.12/site-packages/airflow/example_dags/example_trigger_target_dag.py for tasks to queue
[2025-02-17T06:22:25.581+0000] {logging_mixin.py:190} INFO - [2025-02-17T06:22:25.581+0000] {dagbag.py:588} INFO - Filling up the DagBag from /home/airflow/.local/lib/python3.12/site-packages/airflow/example_dags/example_trigger_target_dag.py
[2025-02-17T06:22:25.590+0000] {processor.py:925} INFO - DAG(s) 'example_trigger_target_dag' retrieved from /home/airflow/.local/lib/python3.12/site-packages/airflow/example_dags/example_trigger_target_dag.py
[2025-02-17T06:22:25.608+0000] {logging_mixin.py:190} INFO - [2025-02-17T06:22:25.608+0000] {dag.py:3239} INFO - Sync 1 DAGs
[2025-02-17T06:22:25.623+0000] {logging_mixin.py:190} INFO - [2025-02-17T06:22:25.623+0000] {dag.py:4180} INFO - Setting next_dagrun for example_trigger_target_dag to None, run_after=None
[2025-02-17T06:22:25.640+0000] {processor.py:208} INFO - Processing /home/airflow/.local/lib/python3.12/site-packages/airflow/example_dags/example_trigger_target_dag.py took 0.068 seconds
[2025-02-17T06:22:56.084+0000] {processor.py:186} INFO - Started process (PID=4412) to work on /home/airflow/.local/lib/python3.12/site-packages/airflow/example_dags/example_trigger_target_dag.py
[2025-02-17T06:22:56.085+0000] {processor.py:914} INFO - Processing file /home/airflow/.local/lib/python3.12/site-packages/airflow/example_dags/example_trigger_target_dag.py for tasks to queue
[2025-02-17T06:22:56.087+0000] {logging_mixin.py:190} INFO - [2025-02-17T06:22:56.087+0000] {dagbag.py:588} INFO - Filling up the DagBag from /home/airflow/.local/lib/python3.12/site-packages/airflow/example_dags/example_trigger_target_dag.py
[2025-02-17T06:22:56.095+0000] {processor.py:925} INFO - DAG(s) 'example_trigger_target_dag' retrieved from /home/airflow/.local/lib/python3.12/site-packages/airflow/example_dags/example_trigger_target_dag.py
[2025-02-17T06:22:56.113+0000] {logging_mixin.py:190} INFO - [2025-02-17T06:22:56.113+0000] {dag.py:3239} INFO - Sync 1 DAGs
[2025-02-17T06:22:56.125+0000] {logging_mixin.py:190} INFO - [2025-02-17T06:22:56.125+0000] {dag.py:4180} INFO - Setting next_dagrun for example_trigger_target_dag to None, run_after=None
[2025-02-17T06:22:56.168+0000] {processor.py:208} INFO - Processing /home/airflow/.local/lib/python3.12/site-packages/airflow/example_dags/example_trigger_target_dag.py took 0.090 seconds
[2025-02-17T06:23:26.680+0000] {processor.py:186} INFO - Started process (PID=4490) to work on /home/airflow/.local/lib/python3.12/site-packages/airflow/example_dags/example_trigger_target_dag.py
[2025-02-17T06:23:26.681+0000] {processor.py:914} INFO - Processing file /home/airflow/.local/lib/python3.12/site-packages/airflow/example_dags/example_trigger_target_dag.py for tasks to queue
[2025-02-17T06:23:26.685+0000] {logging_mixin.py:190} INFO - [2025-02-17T06:23:26.685+0000] {dagbag.py:588} INFO - Filling up the DagBag from /home/airflow/.local/lib/python3.12/site-packages/airflow/example_dags/example_trigger_target_dag.py
[2025-02-17T06:23:26.695+0000] {processor.py:925} INFO - DAG(s) 'example_trigger_target_dag' retrieved from /home/airflow/.local/lib/python3.12/site-packages/airflow/example_dags/example_trigger_target_dag.py
[2025-02-17T06:23:26.725+0000] {logging_mixin.py:190} INFO - [2025-02-17T06:23:26.725+0000] {dag.py:3239} INFO - Sync 1 DAGs
[2025-02-17T06:23:26.749+0000] {logging_mixin.py:190} INFO - [2025-02-17T06:23:26.748+0000] {dag.py:4180} INFO - Setting next_dagrun for example_trigger_target_dag to None, run_after=None
[2025-02-17T06:23:26.776+0000] {processor.py:208} INFO - Processing /home/airflow/.local/lib/python3.12/site-packages/airflow/example_dags/example_trigger_target_dag.py took 0.102 seconds
[2025-02-17T12:17:25.900+0000] {processor.py:186} INFO - Started process (PID=4595) to work on /home/airflow/.local/lib/python3.12/site-packages/airflow/example_dags/example_trigger_target_dag.py
[2025-02-17T12:17:25.901+0000] {processor.py:914} INFO - Processing file /home/airflow/.local/lib/python3.12/site-packages/airflow/example_dags/example_trigger_target_dag.py for tasks to queue
[2025-02-17T12:17:25.904+0000] {logging_mixin.py:190} INFO - [2025-02-17T12:17:25.903+0000] {dagbag.py:588} INFO - Filling up the DagBag from /home/airflow/.local/lib/python3.12/site-packages/airflow/example_dags/example_trigger_target_dag.py
[2025-02-17T12:17:25.911+0000] {processor.py:925} INFO - DAG(s) 'example_trigger_target_dag' retrieved from /home/airflow/.local/lib/python3.12/site-packages/airflow/example_dags/example_trigger_target_dag.py
[2025-02-17T12:17:25.934+0000] {logging_mixin.py:190} INFO - [2025-02-17T12:17:25.933+0000] {dag.py:3239} INFO - Sync 1 DAGs
[2025-02-17T12:17:25.947+0000] {logging_mixin.py:190} INFO - [2025-02-17T12:17:25.947+0000] {dag.py:4180} INFO - Setting next_dagrun for example_trigger_target_dag to None, run_after=None
[2025-02-17T12:17:26.161+0000] {processor.py:208} INFO - Processing /home/airflow/.local/lib/python3.12/site-packages/airflow/example_dags/example_trigger_target_dag.py took 0.266 seconds
[2025-02-17T12:17:56.382+0000] {processor.py:186} INFO - Started process (PID=4673) to work on /home/airflow/.local/lib/python3.12/site-packages/airflow/example_dags/example_trigger_target_dag.py
[2025-02-17T12:17:56.383+0000] {processor.py:914} INFO - Processing file /home/airflow/.local/lib/python3.12/site-packages/airflow/example_dags/example_trigger_target_dag.py for tasks to queue
[2025-02-17T12:17:56.387+0000] {logging_mixin.py:190} INFO - [2025-02-17T12:17:56.387+0000] {dagbag.py:588} INFO - Filling up the DagBag from /home/airflow/.local/lib/python3.12/site-packages/airflow/example_dags/example_trigger_target_dag.py
[2025-02-17T12:17:56.400+0000] {processor.py:925} INFO - DAG(s) 'example_trigger_target_dag' retrieved from /home/airflow/.local/lib/python3.12/site-packages/airflow/example_dags/example_trigger_target_dag.py
[2025-02-17T12:17:56.432+0000] {logging_mixin.py:190} INFO - [2025-02-17T12:17:56.432+0000] {dag.py:3239} INFO - Sync 1 DAGs
[2025-02-17T12:17:56.451+0000] {logging_mixin.py:190} INFO - [2025-02-17T12:17:56.451+0000] {dag.py:4180} INFO - Setting next_dagrun for example_trigger_target_dag to None, run_after=None
[2025-02-17T12:17:56.501+0000] {processor.py:208} INFO - Processing /home/airflow/.local/lib/python3.12/site-packages/airflow/example_dags/example_trigger_target_dag.py took 0.127 seconds
[2025-02-17T12:18:27.882+0000] {processor.py:186} INFO - Started process (PID=4750) to work on /home/airflow/.local/lib/python3.12/site-packages/airflow/example_dags/example_trigger_target_dag.py
[2025-02-17T12:18:27.884+0000] {processor.py:914} INFO - Processing file /home/airflow/.local/lib/python3.12/site-packages/airflow/example_dags/example_trigger_target_dag.py for tasks to queue
[2025-02-17T12:18:27.889+0000] {logging_mixin.py:190} INFO - [2025-02-17T12:18:27.888+0000] {dagbag.py:588} INFO - Filling up the DagBag from /home/airflow/.local/lib/python3.12/site-packages/airflow/example_dags/example_trigger_target_dag.py
[2025-02-17T12:18:27.900+0000] {processor.py:925} INFO - DAG(s) 'example_trigger_target_dag' retrieved from /home/airflow/.local/lib/python3.12/site-packages/airflow/example_dags/example_trigger_target_dag.py
[2025-02-17T12:18:27.935+0000] {logging_mixin.py:190} INFO - [2025-02-17T12:18:27.935+0000] {dag.py:3239} INFO - Sync 1 DAGs
[2025-02-17T12:18:27.963+0000] {logging_mixin.py:190} INFO - [2025-02-17T12:18:27.962+0000] {dag.py:4180} INFO - Setting next_dagrun for example_trigger_target_dag to None, run_after=None
[2025-02-17T12:18:27.997+0000] {processor.py:208} INFO - Processing /home/airflow/.local/lib/python3.12/site-packages/airflow/example_dags/example_trigger_target_dag.py took 0.124 seconds
[2025-02-17T12:18:58.850+0000] {processor.py:186} INFO - Started process (PID=4828) to work on /home/airflow/.local/lib/python3.12/site-packages/airflow/example_dags/example_trigger_target_dag.py
[2025-02-17T12:18:58.853+0000] {processor.py:914} INFO - Processing file /home/airflow/.local/lib/python3.12/site-packages/airflow/example_dags/example_trigger_target_dag.py for tasks to queue
[2025-02-17T12:18:58.858+0000] {logging_mixin.py:190} INFO - [2025-02-17T12:18:58.857+0000] {dagbag.py:588} INFO - Filling up the DagBag from /home/airflow/.local/lib/python3.12/site-packages/airflow/example_dags/example_trigger_target_dag.py
[2025-02-17T12:18:58.873+0000] {processor.py:925} INFO - DAG(s) 'example_trigger_target_dag' retrieved from /home/airflow/.local/lib/python3.12/site-packages/airflow/example_dags/example_trigger_target_dag.py
[2025-02-17T12:18:58.919+0000] {logging_mixin.py:190} INFO - [2025-02-17T12:18:58.918+0000] {dag.py:3239} INFO - Sync 1 DAGs
[2025-02-17T12:18:58.944+0000] {logging_mixin.py:190} INFO - [2025-02-17T12:18:58.943+0000] {dag.py:4180} INFO - Setting next_dagrun for example_trigger_target_dag to None, run_after=None
[2025-02-17T12:18:58.977+0000] {processor.py:208} INFO - Processing /home/airflow/.local/lib/python3.12/site-packages/airflow/example_dags/example_trigger_target_dag.py took 0.142 seconds
[2025-02-17T12:19:30.725+0000] {processor.py:186} INFO - Started process (PID=4906) to work on /home/airflow/.local/lib/python3.12/site-packages/airflow/example_dags/example_trigger_target_dag.py
[2025-02-17T12:19:30.727+0000] {processor.py:914} INFO - Processing file /home/airflow/.local/lib/python3.12/site-packages/airflow/example_dags/example_trigger_target_dag.py for tasks to queue
[2025-02-17T12:19:30.732+0000] {logging_mixin.py:190} INFO - [2025-02-17T12:19:30.731+0000] {dagbag.py:588} INFO - Filling up the DagBag from /home/airflow/.local/lib/python3.12/site-packages/airflow/example_dags/example_trigger_target_dag.py
[2025-02-17T12:19:30.746+0000] {processor.py:925} INFO - DAG(s) 'example_trigger_target_dag' retrieved from /home/airflow/.local/lib/python3.12/site-packages/airflow/example_dags/example_trigger_target_dag.py
[2025-02-17T12:19:30.782+0000] {logging_mixin.py:190} INFO - [2025-02-17T12:19:30.781+0000] {dag.py:3239} INFO - Sync 1 DAGs
[2025-02-17T12:19:30.811+0000] {logging_mixin.py:190} INFO - [2025-02-17T12:19:30.811+0000] {dag.py:4180} INFO - Setting next_dagrun for example_trigger_target_dag to None, run_after=None
[2025-02-17T12:19:30.848+0000] {processor.py:208} INFO - Processing /home/airflow/.local/lib/python3.12/site-packages/airflow/example_dags/example_trigger_target_dag.py took 0.133 seconds
[2025-02-17T12:20:01.904+0000] {processor.py:186} INFO - Started process (PID=4984) to work on /home/airflow/.local/lib/python3.12/site-packages/airflow/example_dags/example_trigger_target_dag.py
[2025-02-17T12:20:01.905+0000] {processor.py:914} INFO - Processing file /home/airflow/.local/lib/python3.12/site-packages/airflow/example_dags/example_trigger_target_dag.py for tasks to queue
[2025-02-17T12:20:01.908+0000] {logging_mixin.py:190} INFO - [2025-02-17T12:20:01.907+0000] {dagbag.py:588} INFO - Filling up the DagBag from /home/airflow/.local/lib/python3.12/site-packages/airflow/example_dags/example_trigger_target_dag.py
[2025-02-17T12:20:01.917+0000] {processor.py:925} INFO - DAG(s) 'example_trigger_target_dag' retrieved from /home/airflow/.local/lib/python3.12/site-packages/airflow/example_dags/example_trigger_target_dag.py
[2025-02-17T12:20:01.940+0000] {logging_mixin.py:190} INFO - [2025-02-17T12:20:01.939+0000] {dag.py:3239} INFO - Sync 1 DAGs
[2025-02-17T12:20:02.154+0000] {logging_mixin.py:190} INFO - [2025-02-17T12:20:02.154+0000] {dag.py:4180} INFO - Setting next_dagrun for example_trigger_target_dag to None, run_after=None
[2025-02-17T12:20:02.176+0000] {processor.py:208} INFO - Processing /home/airflow/.local/lib/python3.12/site-packages/airflow/example_dags/example_trigger_target_dag.py took 0.278 seconds
