[2025-02-17T05:54:40.191+0000] {processor.py:186} INFO - Started process (PID=123) to work on /home/airflow/.local/lib/python3.12/site-packages/airflow/example_dags/example_branch_labels.py
[2025-02-17T05:54:40.193+0000] {processor.py:914} INFO - Processing file /home/airflow/.local/lib/python3.12/site-packages/airflow/example_dags/example_branch_labels.py for tasks to queue
[2025-02-17T05:54:40.200+0000] {logging_mixin.py:190} INFO - [2025-02-17T05:54:40.200+0000] {dagbag.py:588} INFO - Filling up the DagBag from /home/airflow/.local/lib/python3.12/site-packages/airflow/example_dags/example_branch_labels.py
[2025-02-17T05:54:40.225+0000] {processor.py:925} INFO - DAG(s) 'example_branch_labels' retrieved from /home/airflow/.local/lib/python3.12/site-packages/airflow/example_dags/example_branch_labels.py
[2025-02-17T05:54:40.287+0000] {logging_mixin.py:190} INFO - [2025-02-17T05:54:40.287+0000] {dag.py:3239} INFO - Sync 1 DAGs
[2025-02-17T05:54:40.337+0000] {logging_mixin.py:190} INFO - [2025-02-17T05:54:40.336+0000] {dag.py:4180} INFO - Setting next_dagrun for example_branch_labels to 2025-02-16 00:00:00+00:00, run_after=2025-02-17 00:00:00+00:00
[2025-02-17T05:54:40.369+0000] {processor.py:208} INFO - Processing /home/airflow/.local/lib/python3.12/site-packages/airflow/example_dags/example_branch_labels.py took 0.190 seconds
[2025-02-17T05:55:10.631+0000] {processor.py:186} INFO - Started process (PID=201) to work on /home/airflow/.local/lib/python3.12/site-packages/airflow/example_dags/example_branch_labels.py
[2025-02-17T05:55:10.633+0000] {processor.py:914} INFO - Processing file /home/airflow/.local/lib/python3.12/site-packages/airflow/example_dags/example_branch_labels.py for tasks to queue
[2025-02-17T05:55:10.636+0000] {logging_mixin.py:190} INFO - [2025-02-17T05:55:10.635+0000] {dagbag.py:588} INFO - Filling up the DagBag from /home/airflow/.local/lib/python3.12/site-packages/airflow/example_dags/example_branch_labels.py
[2025-02-17T05:55:10.645+0000] {processor.py:925} INFO - DAG(s) 'example_branch_labels' retrieved from /home/airflow/.local/lib/python3.12/site-packages/airflow/example_dags/example_branch_labels.py
[2025-02-17T05:55:10.664+0000] {logging_mixin.py:190} INFO - [2025-02-17T05:55:10.663+0000] {dag.py:3239} INFO - Sync 1 DAGs
[2025-02-17T05:55:10.687+0000] {logging_mixin.py:190} INFO - [2025-02-17T05:55:10.687+0000] {dag.py:4180} INFO - Setting next_dagrun for example_branch_labels to 2025-02-16 00:00:00+00:00, run_after=2025-02-17 00:00:00+00:00
[2025-02-17T05:55:10.707+0000] {processor.py:208} INFO - Processing /home/airflow/.local/lib/python3.12/site-packages/airflow/example_dags/example_branch_labels.py took 0.081 seconds
[2025-02-17T05:55:41.930+0000] {processor.py:186} INFO - Started process (PID=279) to work on /home/airflow/.local/lib/python3.12/site-packages/airflow/example_dags/example_branch_labels.py
[2025-02-17T05:55:41.932+0000] {processor.py:914} INFO - Processing file /home/airflow/.local/lib/python3.12/site-packages/airflow/example_dags/example_branch_labels.py for tasks to queue
[2025-02-17T05:55:41.935+0000] {logging_mixin.py:190} INFO - [2025-02-17T05:55:41.935+0000] {dagbag.py:588} INFO - Filling up the DagBag from /home/airflow/.local/lib/python3.12/site-packages/airflow/example_dags/example_branch_labels.py
[2025-02-17T05:55:41.948+0000] {processor.py:925} INFO - DAG(s) 'example_branch_labels' retrieved from /home/airflow/.local/lib/python3.12/site-packages/airflow/example_dags/example_branch_labels.py
[2025-02-17T05:55:41.973+0000] {logging_mixin.py:190} INFO - [2025-02-17T05:55:41.973+0000] {dag.py:3239} INFO - Sync 1 DAGs
[2025-02-17T05:55:42.002+0000] {logging_mixin.py:190} INFO - [2025-02-17T05:55:42.001+0000] {dag.py:4180} INFO - Setting next_dagrun for example_branch_labels to 2025-02-16 00:00:00+00:00, run_after=2025-02-17 00:00:00+00:00
[2025-02-17T05:55:42.028+0000] {processor.py:208} INFO - Processing /home/airflow/.local/lib/python3.12/site-packages/airflow/example_dags/example_branch_labels.py took 0.105 seconds
[2025-02-17T05:56:12.919+0000] {processor.py:186} INFO - Started process (PID=357) to work on /home/airflow/.local/lib/python3.12/site-packages/airflow/example_dags/example_branch_labels.py
[2025-02-17T05:56:12.921+0000] {processor.py:914} INFO - Processing file /home/airflow/.local/lib/python3.12/site-packages/airflow/example_dags/example_branch_labels.py for tasks to queue
[2025-02-17T05:56:12.923+0000] {logging_mixin.py:190} INFO - [2025-02-17T05:56:12.923+0000] {dagbag.py:588} INFO - Filling up the DagBag from /home/airflow/.local/lib/python3.12/site-packages/airflow/example_dags/example_branch_labels.py
[2025-02-17T05:56:12.934+0000] {processor.py:925} INFO - DAG(s) 'example_branch_labels' retrieved from /home/airflow/.local/lib/python3.12/site-packages/airflow/example_dags/example_branch_labels.py
[2025-02-17T05:56:12.956+0000] {logging_mixin.py:190} INFO - [2025-02-17T05:56:12.956+0000] {dag.py:3239} INFO - Sync 1 DAGs
[2025-02-17T05:56:12.980+0000] {logging_mixin.py:190} INFO - [2025-02-17T05:56:12.980+0000] {dag.py:4180} INFO - Setting next_dagrun for example_branch_labels to 2025-02-16 00:00:00+00:00, run_after=2025-02-17 00:00:00+00:00
[2025-02-17T05:56:13.003+0000] {processor.py:208} INFO - Processing /home/airflow/.local/lib/python3.12/site-packages/airflow/example_dags/example_branch_labels.py took 0.090 seconds
[2025-02-17T05:56:44.660+0000] {processor.py:186} INFO - Started process (PID=435) to work on /home/airflow/.local/lib/python3.12/site-packages/airflow/example_dags/example_branch_labels.py
[2025-02-17T05:56:44.662+0000] {processor.py:914} INFO - Processing file /home/airflow/.local/lib/python3.12/site-packages/airflow/example_dags/example_branch_labels.py for tasks to queue
[2025-02-17T05:56:44.665+0000] {logging_mixin.py:190} INFO - [2025-02-17T05:56:44.664+0000] {dagbag.py:588} INFO - Filling up the DagBag from /home/airflow/.local/lib/python3.12/site-packages/airflow/example_dags/example_branch_labels.py
[2025-02-17T05:56:44.675+0000] {processor.py:925} INFO - DAG(s) 'example_branch_labels' retrieved from /home/airflow/.local/lib/python3.12/site-packages/airflow/example_dags/example_branch_labels.py
[2025-02-17T05:56:44.703+0000] {logging_mixin.py:190} INFO - [2025-02-17T05:56:44.702+0000] {dag.py:3239} INFO - Sync 1 DAGs
[2025-02-17T05:56:44.731+0000] {logging_mixin.py:190} INFO - [2025-02-17T05:56:44.731+0000] {dag.py:4180} INFO - Setting next_dagrun for example_branch_labels to 2025-02-16 00:00:00+00:00, run_after=2025-02-17 00:00:00+00:00
[2025-02-17T05:56:44.753+0000] {processor.py:208} INFO - Processing /home/airflow/.local/lib/python3.12/site-packages/airflow/example_dags/example_branch_labels.py took 0.102 seconds
[2025-02-17T05:57:15.184+0000] {processor.py:186} INFO - Started process (PID=519) to work on /home/airflow/.local/lib/python3.12/site-packages/airflow/example_dags/example_branch_labels.py
[2025-02-17T05:57:15.186+0000] {processor.py:914} INFO - Processing file /home/airflow/.local/lib/python3.12/site-packages/airflow/example_dags/example_branch_labels.py for tasks to queue
[2025-02-17T05:57:15.190+0000] {logging_mixin.py:190} INFO - [2025-02-17T05:57:15.190+0000] {dagbag.py:588} INFO - Filling up the DagBag from /home/airflow/.local/lib/python3.12/site-packages/airflow/example_dags/example_branch_labels.py
[2025-02-17T05:57:15.207+0000] {processor.py:925} INFO - DAG(s) 'example_branch_labels' retrieved from /home/airflow/.local/lib/python3.12/site-packages/airflow/example_dags/example_branch_labels.py
[2025-02-17T05:57:15.236+0000] {logging_mixin.py:190} INFO - [2025-02-17T05:57:15.235+0000] {dag.py:3239} INFO - Sync 1 DAGs
[2025-02-17T05:57:15.276+0000] {logging_mixin.py:190} INFO - [2025-02-17T05:57:15.276+0000] {dag.py:4180} INFO - Setting next_dagrun for example_branch_labels to 2025-02-16 00:00:00+00:00, run_after=2025-02-17 00:00:00+00:00
[2025-02-17T05:57:15.308+0000] {processor.py:208} INFO - Processing /home/airflow/.local/lib/python3.12/site-packages/airflow/example_dags/example_branch_labels.py took 0.133 seconds
[2025-02-17T05:57:45.807+0000] {processor.py:186} INFO - Started process (PID=596) to work on /home/airflow/.local/lib/python3.12/site-packages/airflow/example_dags/example_branch_labels.py
[2025-02-17T05:57:45.808+0000] {processor.py:914} INFO - Processing file /home/airflow/.local/lib/python3.12/site-packages/airflow/example_dags/example_branch_labels.py for tasks to queue
[2025-02-17T05:57:45.811+0000] {logging_mixin.py:190} INFO - [2025-02-17T05:57:45.810+0000] {dagbag.py:588} INFO - Filling up the DagBag from /home/airflow/.local/lib/python3.12/site-packages/airflow/example_dags/example_branch_labels.py
[2025-02-17T05:57:45.821+0000] {processor.py:925} INFO - DAG(s) 'example_branch_labels' retrieved from /home/airflow/.local/lib/python3.12/site-packages/airflow/example_dags/example_branch_labels.py
[2025-02-17T05:57:45.844+0000] {logging_mixin.py:190} INFO - [2025-02-17T05:57:45.844+0000] {dag.py:3239} INFO - Sync 1 DAGs
[2025-02-17T05:57:45.873+0000] {logging_mixin.py:190} INFO - [2025-02-17T05:57:45.873+0000] {dag.py:4180} INFO - Setting next_dagrun for example_branch_labels to 2025-02-16 00:00:00+00:00, run_after=2025-02-17 00:00:00+00:00
[2025-02-17T05:57:45.896+0000] {processor.py:208} INFO - Processing /home/airflow/.local/lib/python3.12/site-packages/airflow/example_dags/example_branch_labels.py took 0.094 seconds
[2025-02-17T05:58:16.469+0000] {processor.py:186} INFO - Started process (PID=674) to work on /home/airflow/.local/lib/python3.12/site-packages/airflow/example_dags/example_branch_labels.py
[2025-02-17T05:58:16.470+0000] {processor.py:914} INFO - Processing file /home/airflow/.local/lib/python3.12/site-packages/airflow/example_dags/example_branch_labels.py for tasks to queue
[2025-02-17T05:58:16.473+0000] {logging_mixin.py:190} INFO - [2025-02-17T05:58:16.473+0000] {dagbag.py:588} INFO - Filling up the DagBag from /home/airflow/.local/lib/python3.12/site-packages/airflow/example_dags/example_branch_labels.py
[2025-02-17T05:58:16.486+0000] {processor.py:925} INFO - DAG(s) 'example_branch_labels' retrieved from /home/airflow/.local/lib/python3.12/site-packages/airflow/example_dags/example_branch_labels.py
[2025-02-17T05:58:16.506+0000] {logging_mixin.py:190} INFO - [2025-02-17T05:58:16.506+0000] {dag.py:3239} INFO - Sync 1 DAGs
[2025-02-17T05:58:16.540+0000] {logging_mixin.py:190} INFO - [2025-02-17T05:58:16.540+0000] {dag.py:4180} INFO - Setting next_dagrun for example_branch_labels to 2025-02-16 00:00:00+00:00, run_after=2025-02-17 00:00:00+00:00
[2025-02-17T05:58:16.569+0000] {processor.py:208} INFO - Processing /home/airflow/.local/lib/python3.12/site-packages/airflow/example_dags/example_branch_labels.py took 0.106 seconds
[2025-02-17T05:58:47.416+0000] {processor.py:186} INFO - Started process (PID=752) to work on /home/airflow/.local/lib/python3.12/site-packages/airflow/example_dags/example_branch_labels.py
[2025-02-17T05:58:47.418+0000] {processor.py:914} INFO - Processing file /home/airflow/.local/lib/python3.12/site-packages/airflow/example_dags/example_branch_labels.py for tasks to queue
[2025-02-17T05:58:47.420+0000] {logging_mixin.py:190} INFO - [2025-02-17T05:58:47.420+0000] {dagbag.py:588} INFO - Filling up the DagBag from /home/airflow/.local/lib/python3.12/site-packages/airflow/example_dags/example_branch_labels.py
[2025-02-17T05:58:47.430+0000] {processor.py:925} INFO - DAG(s) 'example_branch_labels' retrieved from /home/airflow/.local/lib/python3.12/site-packages/airflow/example_dags/example_branch_labels.py
[2025-02-17T05:58:47.449+0000] {logging_mixin.py:190} INFO - [2025-02-17T05:58:47.449+0000] {dag.py:3239} INFO - Sync 1 DAGs
[2025-02-17T05:58:47.471+0000] {logging_mixin.py:190} INFO - [2025-02-17T05:58:47.470+0000] {dag.py:4180} INFO - Setting next_dagrun for example_branch_labels to 2025-02-16 00:00:00+00:00, run_after=2025-02-17 00:00:00+00:00
[2025-02-17T05:58:47.487+0000] {processor.py:208} INFO - Processing /home/airflow/.local/lib/python3.12/site-packages/airflow/example_dags/example_branch_labels.py took 0.077 seconds
[2025-02-17T05:59:19.645+0000] {processor.py:186} INFO - Started process (PID=831) to work on /home/airflow/.local/lib/python3.12/site-packages/airflow/example_dags/example_branch_labels.py
[2025-02-17T05:59:19.646+0000] {processor.py:914} INFO - Processing file /home/airflow/.local/lib/python3.12/site-packages/airflow/example_dags/example_branch_labels.py for tasks to queue
[2025-02-17T05:59:19.650+0000] {logging_mixin.py:190} INFO - [2025-02-17T05:59:19.649+0000] {dagbag.py:588} INFO - Filling up the DagBag from /home/airflow/.local/lib/python3.12/site-packages/airflow/example_dags/example_branch_labels.py
[2025-02-17T05:59:19.661+0000] {processor.py:925} INFO - DAG(s) 'example_branch_labels' retrieved from /home/airflow/.local/lib/python3.12/site-packages/airflow/example_dags/example_branch_labels.py
[2025-02-17T05:59:19.684+0000] {logging_mixin.py:190} INFO - [2025-02-17T05:59:19.684+0000] {dag.py:3239} INFO - Sync 1 DAGs
[2025-02-17T05:59:19.715+0000] {logging_mixin.py:190} INFO - [2025-02-17T05:59:19.715+0000] {dag.py:4180} INFO - Setting next_dagrun for example_branch_labels to 2025-02-16 00:00:00+00:00, run_after=2025-02-17 00:00:00+00:00
[2025-02-17T05:59:19.745+0000] {processor.py:208} INFO - Processing /home/airflow/.local/lib/python3.12/site-packages/airflow/example_dags/example_branch_labels.py took 0.106 seconds
[2025-02-17T05:59:50.676+0000] {processor.py:186} INFO - Started process (PID=907) to work on /home/airflow/.local/lib/python3.12/site-packages/airflow/example_dags/example_branch_labels.py
[2025-02-17T05:59:50.677+0000] {processor.py:914} INFO - Processing file /home/airflow/.local/lib/python3.12/site-packages/airflow/example_dags/example_branch_labels.py for tasks to queue
[2025-02-17T05:59:50.681+0000] {logging_mixin.py:190} INFO - [2025-02-17T05:59:50.680+0000] {dagbag.py:588} INFO - Filling up the DagBag from /home/airflow/.local/lib/python3.12/site-packages/airflow/example_dags/example_branch_labels.py
[2025-02-17T05:59:50.694+0000] {processor.py:925} INFO - DAG(s) 'example_branch_labels' retrieved from /home/airflow/.local/lib/python3.12/site-packages/airflow/example_dags/example_branch_labels.py
[2025-02-17T05:59:50.724+0000] {logging_mixin.py:190} INFO - [2025-02-17T05:59:50.724+0000] {dag.py:3239} INFO - Sync 1 DAGs
[2025-02-17T05:59:50.749+0000] {logging_mixin.py:190} INFO - [2025-02-17T05:59:50.749+0000] {dag.py:4180} INFO - Setting next_dagrun for example_branch_labels to 2025-02-16 00:00:00+00:00, run_after=2025-02-17 00:00:00+00:00
[2025-02-17T05:59:50.772+0000] {processor.py:208} INFO - Processing /home/airflow/.local/lib/python3.12/site-packages/airflow/example_dags/example_branch_labels.py took 0.103 seconds
[2025-02-17T06:00:21.731+0000] {processor.py:186} INFO - Started process (PID=985) to work on /home/airflow/.local/lib/python3.12/site-packages/airflow/example_dags/example_branch_labels.py
[2025-02-17T06:00:21.733+0000] {processor.py:914} INFO - Processing file /home/airflow/.local/lib/python3.12/site-packages/airflow/example_dags/example_branch_labels.py for tasks to queue
[2025-02-17T06:00:21.735+0000] {logging_mixin.py:190} INFO - [2025-02-17T06:00:21.735+0000] {dagbag.py:588} INFO - Filling up the DagBag from /home/airflow/.local/lib/python3.12/site-packages/airflow/example_dags/example_branch_labels.py
[2025-02-17T06:00:21.744+0000] {processor.py:925} INFO - DAG(s) 'example_branch_labels' retrieved from /home/airflow/.local/lib/python3.12/site-packages/airflow/example_dags/example_branch_labels.py
[2025-02-17T06:00:21.765+0000] {logging_mixin.py:190} INFO - [2025-02-17T06:00:21.764+0000] {dag.py:3239} INFO - Sync 1 DAGs
[2025-02-17T06:00:21.786+0000] {logging_mixin.py:190} INFO - [2025-02-17T06:00:21.785+0000] {dag.py:4180} INFO - Setting next_dagrun for example_branch_labels to 2025-02-16 00:00:00+00:00, run_after=2025-02-17 00:00:00+00:00
[2025-02-17T06:00:21.832+0000] {processor.py:208} INFO - Processing /home/airflow/.local/lib/python3.12/site-packages/airflow/example_dags/example_branch_labels.py took 0.107 seconds
[2025-02-17T06:00:53.077+0000] {processor.py:186} INFO - Started process (PID=1063) to work on /home/airflow/.local/lib/python3.12/site-packages/airflow/example_dags/example_branch_labels.py
[2025-02-17T06:00:53.078+0000] {processor.py:914} INFO - Processing file /home/airflow/.local/lib/python3.12/site-packages/airflow/example_dags/example_branch_labels.py for tasks to queue
[2025-02-17T06:00:53.082+0000] {logging_mixin.py:190} INFO - [2025-02-17T06:00:53.081+0000] {dagbag.py:588} INFO - Filling up the DagBag from /home/airflow/.local/lib/python3.12/site-packages/airflow/example_dags/example_branch_labels.py
[2025-02-17T06:00:53.093+0000] {processor.py:925} INFO - DAG(s) 'example_branch_labels' retrieved from /home/airflow/.local/lib/python3.12/site-packages/airflow/example_dags/example_branch_labels.py
[2025-02-17T06:00:53.117+0000] {logging_mixin.py:190} INFO - [2025-02-17T06:00:53.117+0000] {dag.py:3239} INFO - Sync 1 DAGs
[2025-02-17T06:00:53.143+0000] {logging_mixin.py:190} INFO - [2025-02-17T06:00:53.143+0000] {dag.py:4180} INFO - Setting next_dagrun for example_branch_labels to 2025-02-16 00:00:00+00:00, run_after=2025-02-17 00:00:00+00:00
[2025-02-17T06:00:53.163+0000] {processor.py:208} INFO - Processing /home/airflow/.local/lib/python3.12/site-packages/airflow/example_dags/example_branch_labels.py took 0.095 seconds
[2025-02-17T06:01:24.045+0000] {processor.py:186} INFO - Started process (PID=1141) to work on /home/airflow/.local/lib/python3.12/site-packages/airflow/example_dags/example_branch_labels.py
[2025-02-17T06:01:24.045+0000] {processor.py:914} INFO - Processing file /home/airflow/.local/lib/python3.12/site-packages/airflow/example_dags/example_branch_labels.py for tasks to queue
[2025-02-17T06:01:24.048+0000] {logging_mixin.py:190} INFO - [2025-02-17T06:01:24.047+0000] {dagbag.py:588} INFO - Filling up the DagBag from /home/airflow/.local/lib/python3.12/site-packages/airflow/example_dags/example_branch_labels.py
[2025-02-17T06:01:24.057+0000] {processor.py:925} INFO - DAG(s) 'example_branch_labels' retrieved from /home/airflow/.local/lib/python3.12/site-packages/airflow/example_dags/example_branch_labels.py
[2025-02-17T06:01:24.076+0000] {logging_mixin.py:190} INFO - [2025-02-17T06:01:24.076+0000] {dag.py:3239} INFO - Sync 1 DAGs
[2025-02-17T06:01:24.097+0000] {logging_mixin.py:190} INFO - [2025-02-17T06:01:24.097+0000] {dag.py:4180} INFO - Setting next_dagrun for example_branch_labels to 2025-02-16 00:00:00+00:00, run_after=2025-02-17 00:00:00+00:00
[2025-02-17T06:01:24.114+0000] {processor.py:208} INFO - Processing /home/airflow/.local/lib/python3.12/site-packages/airflow/example_dags/example_branch_labels.py took 0.076 seconds
[2025-02-17T06:01:55.619+0000] {processor.py:186} INFO - Started process (PID=1220) to work on /home/airflow/.local/lib/python3.12/site-packages/airflow/example_dags/example_branch_labels.py
[2025-02-17T06:01:55.620+0000] {processor.py:914} INFO - Processing file /home/airflow/.local/lib/python3.12/site-packages/airflow/example_dags/example_branch_labels.py for tasks to queue
[2025-02-17T06:01:55.624+0000] {logging_mixin.py:190} INFO - [2025-02-17T06:01:55.623+0000] {dagbag.py:588} INFO - Filling up the DagBag from /home/airflow/.local/lib/python3.12/site-packages/airflow/example_dags/example_branch_labels.py
[2025-02-17T06:01:55.638+0000] {processor.py:925} INFO - DAG(s) 'example_branch_labels' retrieved from /home/airflow/.local/lib/python3.12/site-packages/airflow/example_dags/example_branch_labels.py
[2025-02-17T06:01:55.666+0000] {logging_mixin.py:190} INFO - [2025-02-17T06:01:55.665+0000] {dag.py:3239} INFO - Sync 1 DAGs
[2025-02-17T06:01:55.692+0000] {logging_mixin.py:190} INFO - [2025-02-17T06:01:55.692+0000] {dag.py:4180} INFO - Setting next_dagrun for example_branch_labels to 2025-02-16 00:00:00+00:00, run_after=2025-02-17 00:00:00+00:00
[2025-02-17T06:01:55.717+0000] {processor.py:208} INFO - Processing /home/airflow/.local/lib/python3.12/site-packages/airflow/example_dags/example_branch_labels.py took 0.105 seconds
[2025-02-17T06:02:26.415+0000] {processor.py:186} INFO - Started process (PID=1298) to work on /home/airflow/.local/lib/python3.12/site-packages/airflow/example_dags/example_branch_labels.py
[2025-02-17T06:02:26.416+0000] {processor.py:914} INFO - Processing file /home/airflow/.local/lib/python3.12/site-packages/airflow/example_dags/example_branch_labels.py for tasks to queue
[2025-02-17T06:02:26.419+0000] {logging_mixin.py:190} INFO - [2025-02-17T06:02:26.419+0000] {dagbag.py:588} INFO - Filling up the DagBag from /home/airflow/.local/lib/python3.12/site-packages/airflow/example_dags/example_branch_labels.py
[2025-02-17T06:02:26.429+0000] {processor.py:925} INFO - DAG(s) 'example_branch_labels' retrieved from /home/airflow/.local/lib/python3.12/site-packages/airflow/example_dags/example_branch_labels.py
[2025-02-17T06:02:26.452+0000] {logging_mixin.py:190} INFO - [2025-02-17T06:02:26.452+0000] {dag.py:3239} INFO - Sync 1 DAGs
[2025-02-17T06:02:26.476+0000] {logging_mixin.py:190} INFO - [2025-02-17T06:02:26.476+0000] {dag.py:4180} INFO - Setting next_dagrun for example_branch_labels to 2025-02-16 00:00:00+00:00, run_after=2025-02-17 00:00:00+00:00
[2025-02-17T06:02:26.504+0000] {processor.py:208} INFO - Processing /home/airflow/.local/lib/python3.12/site-packages/airflow/example_dags/example_branch_labels.py took 0.094 seconds
[2025-02-17T06:02:57.905+0000] {processor.py:186} INFO - Started process (PID=1376) to work on /home/airflow/.local/lib/python3.12/site-packages/airflow/example_dags/example_branch_labels.py
[2025-02-17T06:02:57.906+0000] {processor.py:914} INFO - Processing file /home/airflow/.local/lib/python3.12/site-packages/airflow/example_dags/example_branch_labels.py for tasks to queue
[2025-02-17T06:02:57.909+0000] {logging_mixin.py:190} INFO - [2025-02-17T06:02:57.909+0000] {dagbag.py:588} INFO - Filling up the DagBag from /home/airflow/.local/lib/python3.12/site-packages/airflow/example_dags/example_branch_labels.py
[2025-02-17T06:02:57.920+0000] {processor.py:925} INFO - DAG(s) 'example_branch_labels' retrieved from /home/airflow/.local/lib/python3.12/site-packages/airflow/example_dags/example_branch_labels.py
[2025-02-17T06:02:57.941+0000] {logging_mixin.py:190} INFO - [2025-02-17T06:02:57.941+0000] {dag.py:3239} INFO - Sync 1 DAGs
[2025-02-17T06:02:57.973+0000] {logging_mixin.py:190} INFO - [2025-02-17T06:02:57.973+0000] {dag.py:4180} INFO - Setting next_dagrun for example_branch_labels to 2025-02-16 00:00:00+00:00, run_after=2025-02-17 00:00:00+00:00
[2025-02-17T06:02:57.995+0000] {processor.py:208} INFO - Processing /home/airflow/.local/lib/python3.12/site-packages/airflow/example_dags/example_branch_labels.py took 0.096 seconds
[2025-02-17T06:03:29.009+0000] {processor.py:186} INFO - Started process (PID=1452) to work on /home/airflow/.local/lib/python3.12/site-packages/airflow/example_dags/example_branch_labels.py
[2025-02-17T06:03:29.011+0000] {processor.py:914} INFO - Processing file /home/airflow/.local/lib/python3.12/site-packages/airflow/example_dags/example_branch_labels.py for tasks to queue
[2025-02-17T06:03:29.014+0000] {logging_mixin.py:190} INFO - [2025-02-17T06:03:29.013+0000] {dagbag.py:588} INFO - Filling up the DagBag from /home/airflow/.local/lib/python3.12/site-packages/airflow/example_dags/example_branch_labels.py
[2025-02-17T06:03:29.023+0000] {processor.py:925} INFO - DAG(s) 'example_branch_labels' retrieved from /home/airflow/.local/lib/python3.12/site-packages/airflow/example_dags/example_branch_labels.py
[2025-02-17T06:03:29.046+0000] {logging_mixin.py:190} INFO - [2025-02-17T06:03:29.046+0000] {dag.py:3239} INFO - Sync 1 DAGs
[2025-02-17T06:03:29.070+0000] {logging_mixin.py:190} INFO - [2025-02-17T06:03:29.070+0000] {dag.py:4180} INFO - Setting next_dagrun for example_branch_labels to 2025-02-16 00:00:00+00:00, run_after=2025-02-17 00:00:00+00:00
[2025-02-17T06:03:29.092+0000] {processor.py:208} INFO - Processing /home/airflow/.local/lib/python3.12/site-packages/airflow/example_dags/example_branch_labels.py took 0.090 seconds
[2025-02-17T06:03:59.736+0000] {processor.py:186} INFO - Started process (PID=1518) to work on /home/airflow/.local/lib/python3.12/site-packages/airflow/example_dags/example_branch_labels.py
[2025-02-17T06:03:59.737+0000] {processor.py:914} INFO - Processing file /home/airflow/.local/lib/python3.12/site-packages/airflow/example_dags/example_branch_labels.py for tasks to queue
[2025-02-17T06:03:59.741+0000] {logging_mixin.py:190} INFO - [2025-02-17T06:03:59.740+0000] {dagbag.py:588} INFO - Filling up the DagBag from /home/airflow/.local/lib/python3.12/site-packages/airflow/example_dags/example_branch_labels.py
[2025-02-17T06:03:59.756+0000] {processor.py:925} INFO - DAG(s) 'example_branch_labels' retrieved from /home/airflow/.local/lib/python3.12/site-packages/airflow/example_dags/example_branch_labels.py
[2025-02-17T06:03:59.790+0000] {logging_mixin.py:190} INFO - [2025-02-17T06:03:59.789+0000] {dag.py:3239} INFO - Sync 1 DAGs
[2025-02-17T06:03:59.824+0000] {logging_mixin.py:190} INFO - [2025-02-17T06:03:59.824+0000] {dag.py:4180} INFO - Setting next_dagrun for example_branch_labels to 2025-02-16 00:00:00+00:00, run_after=2025-02-17 00:00:00+00:00
[2025-02-17T06:03:59.877+0000] {processor.py:208} INFO - Processing /home/airflow/.local/lib/python3.12/site-packages/airflow/example_dags/example_branch_labels.py took 0.151 seconds
[2025-02-17T06:04:30.578+0000] {processor.py:186} INFO - Started process (PID=1594) to work on /home/airflow/.local/lib/python3.12/site-packages/airflow/example_dags/example_branch_labels.py
[2025-02-17T06:04:30.579+0000] {processor.py:914} INFO - Processing file /home/airflow/.local/lib/python3.12/site-packages/airflow/example_dags/example_branch_labels.py for tasks to queue
[2025-02-17T06:04:30.582+0000] {logging_mixin.py:190} INFO - [2025-02-17T06:04:30.581+0000] {dagbag.py:588} INFO - Filling up the DagBag from /home/airflow/.local/lib/python3.12/site-packages/airflow/example_dags/example_branch_labels.py
[2025-02-17T06:04:30.596+0000] {processor.py:925} INFO - DAG(s) 'example_branch_labels' retrieved from /home/airflow/.local/lib/python3.12/site-packages/airflow/example_dags/example_branch_labels.py
[2025-02-17T06:04:30.641+0000] {logging_mixin.py:190} INFO - [2025-02-17T06:04:30.640+0000] {dag.py:3239} INFO - Sync 1 DAGs
[2025-02-17T06:04:30.695+0000] {logging_mixin.py:190} INFO - [2025-02-17T06:04:30.694+0000] {dag.py:4180} INFO - Setting next_dagrun for example_branch_labels to 2025-02-16 00:00:00+00:00, run_after=2025-02-17 00:00:00+00:00
[2025-02-17T06:04:30.732+0000] {processor.py:208} INFO - Processing /home/airflow/.local/lib/python3.12/site-packages/airflow/example_dags/example_branch_labels.py took 0.162 seconds
[2025-02-17T06:05:02.301+0000] {processor.py:186} INFO - Started process (PID=1673) to work on /home/airflow/.local/lib/python3.12/site-packages/airflow/example_dags/example_branch_labels.py
[2025-02-17T06:05:02.302+0000] {processor.py:914} INFO - Processing file /home/airflow/.local/lib/python3.12/site-packages/airflow/example_dags/example_branch_labels.py for tasks to queue
[2025-02-17T06:05:02.305+0000] {logging_mixin.py:190} INFO - [2025-02-17T06:05:02.304+0000] {dagbag.py:588} INFO - Filling up the DagBag from /home/airflow/.local/lib/python3.12/site-packages/airflow/example_dags/example_branch_labels.py
[2025-02-17T06:05:02.316+0000] {processor.py:925} INFO - DAG(s) 'example_branch_labels' retrieved from /home/airflow/.local/lib/python3.12/site-packages/airflow/example_dags/example_branch_labels.py
[2025-02-17T06:05:02.338+0000] {logging_mixin.py:190} INFO - [2025-02-17T06:05:02.338+0000] {dag.py:3239} INFO - Sync 1 DAGs
[2025-02-17T06:05:02.366+0000] {logging_mixin.py:190} INFO - [2025-02-17T06:05:02.366+0000] {dag.py:4180} INFO - Setting next_dagrun for example_branch_labels to 2025-02-16 00:00:00+00:00, run_after=2025-02-17 00:00:00+00:00
[2025-02-17T06:05:02.387+0000] {processor.py:208} INFO - Processing /home/airflow/.local/lib/python3.12/site-packages/airflow/example_dags/example_branch_labels.py took 0.093 seconds
[2025-02-17T06:05:34.251+0000] {processor.py:186} INFO - Started process (PID=1758) to work on /home/airflow/.local/lib/python3.12/site-packages/airflow/example_dags/example_branch_labels.py
[2025-02-17T06:05:34.252+0000] {processor.py:914} INFO - Processing file /home/airflow/.local/lib/python3.12/site-packages/airflow/example_dags/example_branch_labels.py for tasks to queue
[2025-02-17T06:05:34.256+0000] {logging_mixin.py:190} INFO - [2025-02-17T06:05:34.256+0000] {dagbag.py:588} INFO - Filling up the DagBag from /home/airflow/.local/lib/python3.12/site-packages/airflow/example_dags/example_branch_labels.py
[2025-02-17T06:05:34.270+0000] {processor.py:925} INFO - DAG(s) 'example_branch_labels' retrieved from /home/airflow/.local/lib/python3.12/site-packages/airflow/example_dags/example_branch_labels.py
[2025-02-17T06:05:34.295+0000] {logging_mixin.py:190} INFO - [2025-02-17T06:05:34.295+0000] {dag.py:3239} INFO - Sync 1 DAGs
[2025-02-17T06:05:34.322+0000] {logging_mixin.py:190} INFO - [2025-02-17T06:05:34.322+0000] {dag.py:4180} INFO - Setting next_dagrun for example_branch_labels to 2025-02-16 00:00:00+00:00, run_after=2025-02-17 00:00:00+00:00
[2025-02-17T06:05:34.344+0000] {processor.py:208} INFO - Processing /home/airflow/.local/lib/python3.12/site-packages/airflow/example_dags/example_branch_labels.py took 0.100 seconds
[2025-02-17T06:06:05.472+0000] {processor.py:186} INFO - Started process (PID=1836) to work on /home/airflow/.local/lib/python3.12/site-packages/airflow/example_dags/example_branch_labels.py
[2025-02-17T06:06:05.474+0000] {processor.py:914} INFO - Processing file /home/airflow/.local/lib/python3.12/site-packages/airflow/example_dags/example_branch_labels.py for tasks to queue
[2025-02-17T06:06:05.477+0000] {logging_mixin.py:190} INFO - [2025-02-17T06:06:05.476+0000] {dagbag.py:588} INFO - Filling up the DagBag from /home/airflow/.local/lib/python3.12/site-packages/airflow/example_dags/example_branch_labels.py
[2025-02-17T06:06:05.488+0000] {processor.py:925} INFO - DAG(s) 'example_branch_labels' retrieved from /home/airflow/.local/lib/python3.12/site-packages/airflow/example_dags/example_branch_labels.py
[2025-02-17T06:06:05.511+0000] {logging_mixin.py:190} INFO - [2025-02-17T06:06:05.511+0000] {dag.py:3239} INFO - Sync 1 DAGs
[2025-02-17T06:06:05.534+0000] {logging_mixin.py:190} INFO - [2025-02-17T06:06:05.534+0000] {dag.py:4180} INFO - Setting next_dagrun for example_branch_labels to 2025-02-16 00:00:00+00:00, run_after=2025-02-17 00:00:00+00:00
[2025-02-17T06:06:05.552+0000] {processor.py:208} INFO - Processing /home/airflow/.local/lib/python3.12/site-packages/airflow/example_dags/example_branch_labels.py took 0.086 seconds
[2025-02-17T06:06:36.631+0000] {processor.py:186} INFO - Started process (PID=1914) to work on /home/airflow/.local/lib/python3.12/site-packages/airflow/example_dags/example_branch_labels.py
[2025-02-17T06:06:36.633+0000] {processor.py:914} INFO - Processing file /home/airflow/.local/lib/python3.12/site-packages/airflow/example_dags/example_branch_labels.py for tasks to queue
[2025-02-17T06:06:36.636+0000] {logging_mixin.py:190} INFO - [2025-02-17T06:06:36.635+0000] {dagbag.py:588} INFO - Filling up the DagBag from /home/airflow/.local/lib/python3.12/site-packages/airflow/example_dags/example_branch_labels.py
[2025-02-17T06:06:36.645+0000] {processor.py:925} INFO - DAG(s) 'example_branch_labels' retrieved from /home/airflow/.local/lib/python3.12/site-packages/airflow/example_dags/example_branch_labels.py
[2025-02-17T06:06:36.666+0000] {logging_mixin.py:190} INFO - [2025-02-17T06:06:36.665+0000] {dag.py:3239} INFO - Sync 1 DAGs
[2025-02-17T06:06:36.689+0000] {logging_mixin.py:190} INFO - [2025-02-17T06:06:36.689+0000] {dag.py:4180} INFO - Setting next_dagrun for example_branch_labels to 2025-02-16 00:00:00+00:00, run_after=2025-02-17 00:00:00+00:00
[2025-02-17T06:06:36.706+0000] {processor.py:208} INFO - Processing /home/airflow/.local/lib/python3.12/site-packages/airflow/example_dags/example_branch_labels.py took 0.080 seconds
[2025-02-17T06:07:08.284+0000] {processor.py:186} INFO - Started process (PID=1992) to work on /home/airflow/.local/lib/python3.12/site-packages/airflow/example_dags/example_branch_labels.py
[2025-02-17T06:07:08.285+0000] {processor.py:914} INFO - Processing file /home/airflow/.local/lib/python3.12/site-packages/airflow/example_dags/example_branch_labels.py for tasks to queue
[2025-02-17T06:07:08.288+0000] {logging_mixin.py:190} INFO - [2025-02-17T06:07:08.287+0000] {dagbag.py:588} INFO - Filling up the DagBag from /home/airflow/.local/lib/python3.12/site-packages/airflow/example_dags/example_branch_labels.py
[2025-02-17T06:07:08.303+0000] {processor.py:925} INFO - DAG(s) 'example_branch_labels' retrieved from /home/airflow/.local/lib/python3.12/site-packages/airflow/example_dags/example_branch_labels.py
[2025-02-17T06:07:08.334+0000] {logging_mixin.py:190} INFO - [2025-02-17T06:07:08.333+0000] {dag.py:3239} INFO - Sync 1 DAGs
[2025-02-17T06:07:08.360+0000] {logging_mixin.py:190} INFO - [2025-02-17T06:07:08.360+0000] {dag.py:4180} INFO - Setting next_dagrun for example_branch_labels to 2025-02-16 00:00:00+00:00, run_after=2025-02-17 00:00:00+00:00
[2025-02-17T06:07:08.402+0000] {processor.py:208} INFO - Processing /home/airflow/.local/lib/python3.12/site-packages/airflow/example_dags/example_branch_labels.py took 0.126 seconds
[2025-02-17T06:07:39.298+0000] {processor.py:186} INFO - Started process (PID=2070) to work on /home/airflow/.local/lib/python3.12/site-packages/airflow/example_dags/example_branch_labels.py
[2025-02-17T06:07:39.299+0000] {processor.py:914} INFO - Processing file /home/airflow/.local/lib/python3.12/site-packages/airflow/example_dags/example_branch_labels.py for tasks to queue
[2025-02-17T06:07:39.302+0000] {logging_mixin.py:190} INFO - [2025-02-17T06:07:39.301+0000] {dagbag.py:588} INFO - Filling up the DagBag from /home/airflow/.local/lib/python3.12/site-packages/airflow/example_dags/example_branch_labels.py
[2025-02-17T06:07:39.313+0000] {processor.py:925} INFO - DAG(s) 'example_branch_labels' retrieved from /home/airflow/.local/lib/python3.12/site-packages/airflow/example_dags/example_branch_labels.py
[2025-02-17T06:07:39.337+0000] {logging_mixin.py:190} INFO - [2025-02-17T06:07:39.337+0000] {dag.py:3239} INFO - Sync 1 DAGs
[2025-02-17T06:07:39.364+0000] {logging_mixin.py:190} INFO - [2025-02-17T06:07:39.364+0000] {dag.py:4180} INFO - Setting next_dagrun for example_branch_labels to 2025-02-16 00:00:00+00:00, run_after=2025-02-17 00:00:00+00:00
[2025-02-17T06:07:39.387+0000] {processor.py:208} INFO - Processing /home/airflow/.local/lib/python3.12/site-packages/airflow/example_dags/example_branch_labels.py took 0.094 seconds
[2025-02-17T06:08:09.731+0000] {processor.py:186} INFO - Started process (PID=2148) to work on /home/airflow/.local/lib/python3.12/site-packages/airflow/example_dags/example_branch_labels.py
[2025-02-17T06:08:09.732+0000] {processor.py:914} INFO - Processing file /home/airflow/.local/lib/python3.12/site-packages/airflow/example_dags/example_branch_labels.py for tasks to queue
[2025-02-17T06:08:09.736+0000] {logging_mixin.py:190} INFO - [2025-02-17T06:08:09.735+0000] {dagbag.py:588} INFO - Filling up the DagBag from /home/airflow/.local/lib/python3.12/site-packages/airflow/example_dags/example_branch_labels.py
[2025-02-17T06:08:09.747+0000] {processor.py:925} INFO - DAG(s) 'example_branch_labels' retrieved from /home/airflow/.local/lib/python3.12/site-packages/airflow/example_dags/example_branch_labels.py
[2025-02-17T06:08:09.769+0000] {logging_mixin.py:190} INFO - [2025-02-17T06:08:09.769+0000] {dag.py:3239} INFO - Sync 1 DAGs
[2025-02-17T06:08:09.793+0000] {logging_mixin.py:190} INFO - [2025-02-17T06:08:09.793+0000] {dag.py:4180} INFO - Setting next_dagrun for example_branch_labels to 2025-02-16 00:00:00+00:00, run_after=2025-02-17 00:00:00+00:00
[2025-02-17T06:08:09.816+0000] {processor.py:208} INFO - Processing /home/airflow/.local/lib/python3.12/site-packages/airflow/example_dags/example_branch_labels.py took 0.091 seconds
[2025-02-17T06:08:40.565+0000] {processor.py:186} INFO - Started process (PID=2225) to work on /home/airflow/.local/lib/python3.12/site-packages/airflow/example_dags/example_branch_labels.py
[2025-02-17T06:08:40.567+0000] {processor.py:914} INFO - Processing file /home/airflow/.local/lib/python3.12/site-packages/airflow/example_dags/example_branch_labels.py for tasks to queue
[2025-02-17T06:08:40.571+0000] {logging_mixin.py:190} INFO - [2025-02-17T06:08:40.570+0000] {dagbag.py:588} INFO - Filling up the DagBag from /home/airflow/.local/lib/python3.12/site-packages/airflow/example_dags/example_branch_labels.py
[2025-02-17T06:08:40.585+0000] {processor.py:925} INFO - DAG(s) 'example_branch_labels' retrieved from /home/airflow/.local/lib/python3.12/site-packages/airflow/example_dags/example_branch_labels.py
[2025-02-17T06:08:40.611+0000] {logging_mixin.py:190} INFO - [2025-02-17T06:08:40.610+0000] {dag.py:3239} INFO - Sync 1 DAGs
[2025-02-17T06:08:40.638+0000] {logging_mixin.py:190} INFO - [2025-02-17T06:08:40.638+0000] {dag.py:4180} INFO - Setting next_dagrun for example_branch_labels to 2025-02-16 00:00:00+00:00, run_after=2025-02-17 00:00:00+00:00
[2025-02-17T06:08:40.660+0000] {processor.py:208} INFO - Processing /home/airflow/.local/lib/python3.12/site-packages/airflow/example_dags/example_branch_labels.py took 0.103 seconds
[2025-02-17T06:09:10.759+0000] {processor.py:186} INFO - Started process (PID=2303) to work on /home/airflow/.local/lib/python3.12/site-packages/airflow/example_dags/example_branch_labels.py
[2025-02-17T06:09:10.761+0000] {processor.py:914} INFO - Processing file /home/airflow/.local/lib/python3.12/site-packages/airflow/example_dags/example_branch_labels.py for tasks to queue
[2025-02-17T06:09:10.764+0000] {logging_mixin.py:190} INFO - [2025-02-17T06:09:10.763+0000] {dagbag.py:588} INFO - Filling up the DagBag from /home/airflow/.local/lib/python3.12/site-packages/airflow/example_dags/example_branch_labels.py
[2025-02-17T06:09:10.773+0000] {processor.py:925} INFO - DAG(s) 'example_branch_labels' retrieved from /home/airflow/.local/lib/python3.12/site-packages/airflow/example_dags/example_branch_labels.py
[2025-02-17T06:09:10.797+0000] {logging_mixin.py:190} INFO - [2025-02-17T06:09:10.797+0000] {dag.py:3239} INFO - Sync 1 DAGs
[2025-02-17T06:09:10.826+0000] {logging_mixin.py:190} INFO - [2025-02-17T06:09:10.825+0000] {dag.py:4180} INFO - Setting next_dagrun for example_branch_labels to 2025-02-16 00:00:00+00:00, run_after=2025-02-17 00:00:00+00:00
[2025-02-17T06:09:10.861+0000] {processor.py:208} INFO - Processing /home/airflow/.local/lib/python3.12/site-packages/airflow/example_dags/example_branch_labels.py took 0.108 seconds
[2025-02-17T06:09:41.676+0000] {processor.py:186} INFO - Started process (PID=2381) to work on /home/airflow/.local/lib/python3.12/site-packages/airflow/example_dags/example_branch_labels.py
[2025-02-17T06:09:41.677+0000] {processor.py:914} INFO - Processing file /home/airflow/.local/lib/python3.12/site-packages/airflow/example_dags/example_branch_labels.py for tasks to queue
[2025-02-17T06:09:41.679+0000] {logging_mixin.py:190} INFO - [2025-02-17T06:09:41.679+0000] {dagbag.py:588} INFO - Filling up the DagBag from /home/airflow/.local/lib/python3.12/site-packages/airflow/example_dags/example_branch_labels.py
[2025-02-17T06:09:41.688+0000] {processor.py:925} INFO - DAG(s) 'example_branch_labels' retrieved from /home/airflow/.local/lib/python3.12/site-packages/airflow/example_dags/example_branch_labels.py
[2025-02-17T06:09:41.707+0000] {logging_mixin.py:190} INFO - [2025-02-17T06:09:41.707+0000] {dag.py:3239} INFO - Sync 1 DAGs
[2025-02-17T06:09:41.735+0000] {logging_mixin.py:190} INFO - [2025-02-17T06:09:41.735+0000] {dag.py:4180} INFO - Setting next_dagrun for example_branch_labels to 2025-02-16 00:00:00+00:00, run_after=2025-02-17 00:00:00+00:00
[2025-02-17T06:09:41.756+0000] {processor.py:208} INFO - Processing /home/airflow/.local/lib/python3.12/site-packages/airflow/example_dags/example_branch_labels.py took 0.085 seconds
[2025-02-17T06:10:12.214+0000] {processor.py:186} INFO - Started process (PID=2458) to work on /home/airflow/.local/lib/python3.12/site-packages/airflow/example_dags/example_branch_labels.py
[2025-02-17T06:10:12.215+0000] {processor.py:914} INFO - Processing file /home/airflow/.local/lib/python3.12/site-packages/airflow/example_dags/example_branch_labels.py for tasks to queue
[2025-02-17T06:10:12.217+0000] {logging_mixin.py:190} INFO - [2025-02-17T06:10:12.217+0000] {dagbag.py:588} INFO - Filling up the DagBag from /home/airflow/.local/lib/python3.12/site-packages/airflow/example_dags/example_branch_labels.py
[2025-02-17T06:10:12.226+0000] {processor.py:925} INFO - DAG(s) 'example_branch_labels' retrieved from /home/airflow/.local/lib/python3.12/site-packages/airflow/example_dags/example_branch_labels.py
[2025-02-17T06:10:12.245+0000] {logging_mixin.py:190} INFO - [2025-02-17T06:10:12.245+0000] {dag.py:3239} INFO - Sync 1 DAGs
[2025-02-17T06:10:12.267+0000] {logging_mixin.py:190} INFO - [2025-02-17T06:10:12.266+0000] {dag.py:4180} INFO - Setting next_dagrun for example_branch_labels to 2025-02-16 00:00:00+00:00, run_after=2025-02-17 00:00:00+00:00
[2025-02-17T06:10:12.287+0000] {processor.py:208} INFO - Processing /home/airflow/.local/lib/python3.12/site-packages/airflow/example_dags/example_branch_labels.py took 0.078 seconds
[2025-02-17T06:10:43.272+0000] {processor.py:186} INFO - Started process (PID=2536) to work on /home/airflow/.local/lib/python3.12/site-packages/airflow/example_dags/example_branch_labels.py
[2025-02-17T06:10:43.273+0000] {processor.py:914} INFO - Processing file /home/airflow/.local/lib/python3.12/site-packages/airflow/example_dags/example_branch_labels.py for tasks to queue
[2025-02-17T06:10:43.276+0000] {logging_mixin.py:190} INFO - [2025-02-17T06:10:43.276+0000] {dagbag.py:588} INFO - Filling up the DagBag from /home/airflow/.local/lib/python3.12/site-packages/airflow/example_dags/example_branch_labels.py
[2025-02-17T06:10:43.292+0000] {processor.py:925} INFO - DAG(s) 'example_branch_labels' retrieved from /home/airflow/.local/lib/python3.12/site-packages/airflow/example_dags/example_branch_labels.py
[2025-02-17T06:10:43.316+0000] {logging_mixin.py:190} INFO - [2025-02-17T06:10:43.316+0000] {dag.py:3239} INFO - Sync 1 DAGs
[2025-02-17T06:10:43.343+0000] {logging_mixin.py:190} INFO - [2025-02-17T06:10:43.343+0000] {dag.py:4180} INFO - Setting next_dagrun for example_branch_labels to 2025-02-16 00:00:00+00:00, run_after=2025-02-17 00:00:00+00:00
[2025-02-17T06:10:43.365+0000] {processor.py:208} INFO - Processing /home/airflow/.local/lib/python3.12/site-packages/airflow/example_dags/example_branch_labels.py took 0.099 seconds
[2025-02-17T06:11:14.283+0000] {processor.py:186} INFO - Started process (PID=2614) to work on /home/airflow/.local/lib/python3.12/site-packages/airflow/example_dags/example_branch_labels.py
[2025-02-17T06:11:14.285+0000] {processor.py:914} INFO - Processing file /home/airflow/.local/lib/python3.12/site-packages/airflow/example_dags/example_branch_labels.py for tasks to queue
[2025-02-17T06:11:14.289+0000] {logging_mixin.py:190} INFO - [2025-02-17T06:11:14.288+0000] {dagbag.py:588} INFO - Filling up the DagBag from /home/airflow/.local/lib/python3.12/site-packages/airflow/example_dags/example_branch_labels.py
[2025-02-17T06:11:14.298+0000] {processor.py:925} INFO - DAG(s) 'example_branch_labels' retrieved from /home/airflow/.local/lib/python3.12/site-packages/airflow/example_dags/example_branch_labels.py
[2025-02-17T06:11:14.319+0000] {logging_mixin.py:190} INFO - [2025-02-17T06:11:14.319+0000] {dag.py:3239} INFO - Sync 1 DAGs
[2025-02-17T06:11:14.340+0000] {logging_mixin.py:190} INFO - [2025-02-17T06:11:14.340+0000] {dag.py:4180} INFO - Setting next_dagrun for example_branch_labels to 2025-02-16 00:00:00+00:00, run_after=2025-02-17 00:00:00+00:00
[2025-02-17T06:11:14.358+0000] {processor.py:208} INFO - Processing /home/airflow/.local/lib/python3.12/site-packages/airflow/example_dags/example_branch_labels.py took 0.082 seconds
[2025-02-17T06:11:45.188+0000] {processor.py:186} INFO - Started process (PID=2692) to work on /home/airflow/.local/lib/python3.12/site-packages/airflow/example_dags/example_branch_labels.py
[2025-02-17T06:11:45.189+0000] {processor.py:914} INFO - Processing file /home/airflow/.local/lib/python3.12/site-packages/airflow/example_dags/example_branch_labels.py for tasks to queue
[2025-02-17T06:11:45.191+0000] {logging_mixin.py:190} INFO - [2025-02-17T06:11:45.191+0000] {dagbag.py:588} INFO - Filling up the DagBag from /home/airflow/.local/lib/python3.12/site-packages/airflow/example_dags/example_branch_labels.py
[2025-02-17T06:11:45.200+0000] {processor.py:925} INFO - DAG(s) 'example_branch_labels' retrieved from /home/airflow/.local/lib/python3.12/site-packages/airflow/example_dags/example_branch_labels.py
[2025-02-17T06:11:45.220+0000] {logging_mixin.py:190} INFO - [2025-02-17T06:11:45.220+0000] {dag.py:3239} INFO - Sync 1 DAGs
[2025-02-17T06:11:45.241+0000] {logging_mixin.py:190} INFO - [2025-02-17T06:11:45.241+0000] {dag.py:4180} INFO - Setting next_dagrun for example_branch_labels to 2025-02-16 00:00:00+00:00, run_after=2025-02-17 00:00:00+00:00
[2025-02-17T06:11:45.257+0000] {processor.py:208} INFO - Processing /home/airflow/.local/lib/python3.12/site-packages/airflow/example_dags/example_branch_labels.py took 0.075 seconds
[2025-02-17T06:12:16.038+0000] {processor.py:186} INFO - Started process (PID=2770) to work on /home/airflow/.local/lib/python3.12/site-packages/airflow/example_dags/example_branch_labels.py
[2025-02-17T06:12:16.040+0000] {processor.py:914} INFO - Processing file /home/airflow/.local/lib/python3.12/site-packages/airflow/example_dags/example_branch_labels.py for tasks to queue
[2025-02-17T06:12:16.043+0000] {logging_mixin.py:190} INFO - [2025-02-17T06:12:16.043+0000] {dagbag.py:588} INFO - Filling up the DagBag from /home/airflow/.local/lib/python3.12/site-packages/airflow/example_dags/example_branch_labels.py
[2025-02-17T06:12:16.053+0000] {processor.py:925} INFO - DAG(s) 'example_branch_labels' retrieved from /home/airflow/.local/lib/python3.12/site-packages/airflow/example_dags/example_branch_labels.py
[2025-02-17T06:12:16.075+0000] {logging_mixin.py:190} INFO - [2025-02-17T06:12:16.074+0000] {dag.py:3239} INFO - Sync 1 DAGs
[2025-02-17T06:12:16.102+0000] {logging_mixin.py:190} INFO - [2025-02-17T06:12:16.102+0000] {dag.py:4180} INFO - Setting next_dagrun for example_branch_labels to 2025-02-16 00:00:00+00:00, run_after=2025-02-17 00:00:00+00:00
[2025-02-17T06:12:16.128+0000] {processor.py:208} INFO - Processing /home/airflow/.local/lib/python3.12/site-packages/airflow/example_dags/example_branch_labels.py took 0.096 seconds
[2025-02-17T06:12:46.276+0000] {processor.py:186} INFO - Started process (PID=2847) to work on /home/airflow/.local/lib/python3.12/site-packages/airflow/example_dags/example_branch_labels.py
[2025-02-17T06:12:46.279+0000] {processor.py:914} INFO - Processing file /home/airflow/.local/lib/python3.12/site-packages/airflow/example_dags/example_branch_labels.py for tasks to queue
[2025-02-17T06:12:46.282+0000] {logging_mixin.py:190} INFO - [2025-02-17T06:12:46.282+0000] {dagbag.py:588} INFO - Filling up the DagBag from /home/airflow/.local/lib/python3.12/site-packages/airflow/example_dags/example_branch_labels.py
[2025-02-17T06:12:46.298+0000] {processor.py:925} INFO - DAG(s) 'example_branch_labels' retrieved from /home/airflow/.local/lib/python3.12/site-packages/airflow/example_dags/example_branch_labels.py
[2025-02-17T06:12:46.323+0000] {logging_mixin.py:190} INFO - [2025-02-17T06:12:46.322+0000] {dag.py:3239} INFO - Sync 1 DAGs
[2025-02-17T06:12:46.346+0000] {logging_mixin.py:190} INFO - [2025-02-17T06:12:46.345+0000] {dag.py:4180} INFO - Setting next_dagrun for example_branch_labels to 2025-02-16 00:00:00+00:00, run_after=2025-02-17 00:00:00+00:00
[2025-02-17T06:12:46.389+0000] {processor.py:208} INFO - Processing /home/airflow/.local/lib/python3.12/site-packages/airflow/example_dags/example_branch_labels.py took 0.121 seconds
[2025-02-17T06:13:16.486+0000] {processor.py:186} INFO - Started process (PID=2925) to work on /home/airflow/.local/lib/python3.12/site-packages/airflow/example_dags/example_branch_labels.py
[2025-02-17T06:13:16.488+0000] {processor.py:914} INFO - Processing file /home/airflow/.local/lib/python3.12/site-packages/airflow/example_dags/example_branch_labels.py for tasks to queue
[2025-02-17T06:13:16.491+0000] {logging_mixin.py:190} INFO - [2025-02-17T06:13:16.491+0000] {dagbag.py:588} INFO - Filling up the DagBag from /home/airflow/.local/lib/python3.12/site-packages/airflow/example_dags/example_branch_labels.py
[2025-02-17T06:13:16.505+0000] {processor.py:925} INFO - DAG(s) 'example_branch_labels' retrieved from /home/airflow/.local/lib/python3.12/site-packages/airflow/example_dags/example_branch_labels.py
[2025-02-17T06:13:16.533+0000] {logging_mixin.py:190} INFO - [2025-02-17T06:13:16.533+0000] {dag.py:3239} INFO - Sync 1 DAGs
[2025-02-17T06:13:16.560+0000] {logging_mixin.py:190} INFO - [2025-02-17T06:13:16.560+0000] {dag.py:4180} INFO - Setting next_dagrun for example_branch_labels to 2025-02-16 00:00:00+00:00, run_after=2025-02-17 00:00:00+00:00
[2025-02-17T06:13:16.605+0000] {processor.py:208} INFO - Processing /home/airflow/.local/lib/python3.12/site-packages/airflow/example_dags/example_branch_labels.py took 0.125 seconds
[2025-02-17T06:13:46.785+0000] {processor.py:186} INFO - Started process (PID=3003) to work on /home/airflow/.local/lib/python3.12/site-packages/airflow/example_dags/example_branch_labels.py
[2025-02-17T06:13:46.786+0000] {processor.py:914} INFO - Processing file /home/airflow/.local/lib/python3.12/site-packages/airflow/example_dags/example_branch_labels.py for tasks to queue
[2025-02-17T06:13:46.790+0000] {logging_mixin.py:190} INFO - [2025-02-17T06:13:46.789+0000] {dagbag.py:588} INFO - Filling up the DagBag from /home/airflow/.local/lib/python3.12/site-packages/airflow/example_dags/example_branch_labels.py
[2025-02-17T06:13:46.801+0000] {processor.py:925} INFO - DAG(s) 'example_branch_labels' retrieved from /home/airflow/.local/lib/python3.12/site-packages/airflow/example_dags/example_branch_labels.py
[2025-02-17T06:13:46.823+0000] {logging_mixin.py:190} INFO - [2025-02-17T06:13:46.823+0000] {dag.py:3239} INFO - Sync 1 DAGs
[2025-02-17T06:13:46.850+0000] {logging_mixin.py:190} INFO - [2025-02-17T06:13:46.850+0000] {dag.py:4180} INFO - Setting next_dagrun for example_branch_labels to 2025-02-16 00:00:00+00:00, run_after=2025-02-17 00:00:00+00:00
[2025-02-17T06:13:46.871+0000] {processor.py:208} INFO - Processing /home/airflow/.local/lib/python3.12/site-packages/airflow/example_dags/example_branch_labels.py took 0.093 seconds
[2025-02-17T06:14:17.322+0000] {processor.py:186} INFO - Started process (PID=3081) to work on /home/airflow/.local/lib/python3.12/site-packages/airflow/example_dags/example_branch_labels.py
[2025-02-17T06:14:17.324+0000] {processor.py:914} INFO - Processing file /home/airflow/.local/lib/python3.12/site-packages/airflow/example_dags/example_branch_labels.py for tasks to queue
[2025-02-17T06:14:17.327+0000] {logging_mixin.py:190} INFO - [2025-02-17T06:14:17.326+0000] {dagbag.py:588} INFO - Filling up the DagBag from /home/airflow/.local/lib/python3.12/site-packages/airflow/example_dags/example_branch_labels.py
[2025-02-17T06:14:17.340+0000] {processor.py:925} INFO - DAG(s) 'example_branch_labels' retrieved from /home/airflow/.local/lib/python3.12/site-packages/airflow/example_dags/example_branch_labels.py
[2025-02-17T06:14:17.366+0000] {logging_mixin.py:190} INFO - [2025-02-17T06:14:17.366+0000] {dag.py:3239} INFO - Sync 1 DAGs
[2025-02-17T06:14:17.397+0000] {logging_mixin.py:190} INFO - [2025-02-17T06:14:17.397+0000] {dag.py:4180} INFO - Setting next_dagrun for example_branch_labels to 2025-02-16 00:00:00+00:00, run_after=2025-02-17 00:00:00+00:00
[2025-02-17T06:14:17.426+0000] {processor.py:208} INFO - Processing /home/airflow/.local/lib/python3.12/site-packages/airflow/example_dags/example_branch_labels.py took 0.111 seconds
[2025-02-17T06:14:47.880+0000] {processor.py:186} INFO - Started process (PID=3159) to work on /home/airflow/.local/lib/python3.12/site-packages/airflow/example_dags/example_branch_labels.py
[2025-02-17T06:14:47.881+0000] {processor.py:914} INFO - Processing file /home/airflow/.local/lib/python3.12/site-packages/airflow/example_dags/example_branch_labels.py for tasks to queue
[2025-02-17T06:14:47.883+0000] {logging_mixin.py:190} INFO - [2025-02-17T06:14:47.883+0000] {dagbag.py:588} INFO - Filling up the DagBag from /home/airflow/.local/lib/python3.12/site-packages/airflow/example_dags/example_branch_labels.py
[2025-02-17T06:14:47.894+0000] {processor.py:925} INFO - DAG(s) 'example_branch_labels' retrieved from /home/airflow/.local/lib/python3.12/site-packages/airflow/example_dags/example_branch_labels.py
[2025-02-17T06:14:47.918+0000] {logging_mixin.py:190} INFO - [2025-02-17T06:14:47.918+0000] {dag.py:3239} INFO - Sync 1 DAGs
[2025-02-17T06:14:47.942+0000] {logging_mixin.py:190} INFO - [2025-02-17T06:14:47.942+0000] {dag.py:4180} INFO - Setting next_dagrun for example_branch_labels to 2025-02-16 00:00:00+00:00, run_after=2025-02-17 00:00:00+00:00
[2025-02-17T06:14:47.977+0000] {processor.py:208} INFO - Processing /home/airflow/.local/lib/python3.12/site-packages/airflow/example_dags/example_branch_labels.py took 0.104 seconds
[2025-02-17T06:15:18.275+0000] {processor.py:186} INFO - Started process (PID=3237) to work on /home/airflow/.local/lib/python3.12/site-packages/airflow/example_dags/example_branch_labels.py
[2025-02-17T06:15:18.276+0000] {processor.py:914} INFO - Processing file /home/airflow/.local/lib/python3.12/site-packages/airflow/example_dags/example_branch_labels.py for tasks to queue
[2025-02-17T06:15:18.279+0000] {logging_mixin.py:190} INFO - [2025-02-17T06:15:18.279+0000] {dagbag.py:588} INFO - Filling up the DagBag from /home/airflow/.local/lib/python3.12/site-packages/airflow/example_dags/example_branch_labels.py
[2025-02-17T06:15:18.290+0000] {processor.py:925} INFO - DAG(s) 'example_branch_labels' retrieved from /home/airflow/.local/lib/python3.12/site-packages/airflow/example_dags/example_branch_labels.py
[2025-02-17T06:15:18.307+0000] {logging_mixin.py:190} INFO - [2025-02-17T06:15:18.307+0000] {dag.py:3239} INFO - Sync 1 DAGs
[2025-02-17T06:15:18.334+0000] {logging_mixin.py:190} INFO - [2025-02-17T06:15:18.334+0000] {dag.py:4180} INFO - Setting next_dagrun for example_branch_labels to 2025-02-16 00:00:00+00:00, run_after=2025-02-17 00:00:00+00:00
[2025-02-17T06:15:18.360+0000] {processor.py:208} INFO - Processing /home/airflow/.local/lib/python3.12/site-packages/airflow/example_dags/example_branch_labels.py took 0.091 seconds
[2025-02-17T06:15:49.023+0000] {processor.py:186} INFO - Started process (PID=3321) to work on /home/airflow/.local/lib/python3.12/site-packages/airflow/example_dags/example_branch_labels.py
[2025-02-17T06:15:49.024+0000] {processor.py:914} INFO - Processing file /home/airflow/.local/lib/python3.12/site-packages/airflow/example_dags/example_branch_labels.py for tasks to queue
[2025-02-17T06:15:49.027+0000] {logging_mixin.py:190} INFO - [2025-02-17T06:15:49.027+0000] {dagbag.py:588} INFO - Filling up the DagBag from /home/airflow/.local/lib/python3.12/site-packages/airflow/example_dags/example_branch_labels.py
[2025-02-17T06:15:49.040+0000] {processor.py:925} INFO - DAG(s) 'example_branch_labels' retrieved from /home/airflow/.local/lib/python3.12/site-packages/airflow/example_dags/example_branch_labels.py
[2025-02-17T06:15:49.066+0000] {logging_mixin.py:190} INFO - [2025-02-17T06:15:49.065+0000] {dag.py:3239} INFO - Sync 1 DAGs
[2025-02-17T06:15:49.092+0000] {logging_mixin.py:190} INFO - [2025-02-17T06:15:49.092+0000] {dag.py:4180} INFO - Setting next_dagrun for example_branch_labels to 2025-02-16 00:00:00+00:00, run_after=2025-02-17 00:00:00+00:00
[2025-02-17T06:15:49.118+0000] {processor.py:208} INFO - Processing /home/airflow/.local/lib/python3.12/site-packages/airflow/example_dags/example_branch_labels.py took 0.102 seconds
[2025-02-17T06:16:19.803+0000] {processor.py:186} INFO - Started process (PID=3399) to work on /home/airflow/.local/lib/python3.12/site-packages/airflow/example_dags/example_branch_labels.py
[2025-02-17T06:16:19.805+0000] {processor.py:914} INFO - Processing file /home/airflow/.local/lib/python3.12/site-packages/airflow/example_dags/example_branch_labels.py for tasks to queue
[2025-02-17T06:16:19.808+0000] {logging_mixin.py:190} INFO - [2025-02-17T06:16:19.807+0000] {dagbag.py:588} INFO - Filling up the DagBag from /home/airflow/.local/lib/python3.12/site-packages/airflow/example_dags/example_branch_labels.py
[2025-02-17T06:16:19.824+0000] {processor.py:925} INFO - DAG(s) 'example_branch_labels' retrieved from /home/airflow/.local/lib/python3.12/site-packages/airflow/example_dags/example_branch_labels.py
[2025-02-17T06:16:19.857+0000] {logging_mixin.py:190} INFO - [2025-02-17T06:16:19.857+0000] {dag.py:3239} INFO - Sync 1 DAGs
[2025-02-17T06:16:19.898+0000] {logging_mixin.py:190} INFO - [2025-02-17T06:16:19.898+0000] {dag.py:4180} INFO - Setting next_dagrun for example_branch_labels to 2025-02-16 00:00:00+00:00, run_after=2025-02-17 00:00:00+00:00
[2025-02-17T06:16:19.941+0000] {processor.py:208} INFO - Processing /home/airflow/.local/lib/python3.12/site-packages/airflow/example_dags/example_branch_labels.py took 0.146 seconds
[2025-02-17T06:16:50.103+0000] {processor.py:186} INFO - Started process (PID=3477) to work on /home/airflow/.local/lib/python3.12/site-packages/airflow/example_dags/example_branch_labels.py
[2025-02-17T06:16:50.106+0000] {processor.py:914} INFO - Processing file /home/airflow/.local/lib/python3.12/site-packages/airflow/example_dags/example_branch_labels.py for tasks to queue
[2025-02-17T06:16:50.108+0000] {logging_mixin.py:190} INFO - [2025-02-17T06:16:50.108+0000] {dagbag.py:588} INFO - Filling up the DagBag from /home/airflow/.local/lib/python3.12/site-packages/airflow/example_dags/example_branch_labels.py
[2025-02-17T06:16:50.122+0000] {processor.py:925} INFO - DAG(s) 'example_branch_labels' retrieved from /home/airflow/.local/lib/python3.12/site-packages/airflow/example_dags/example_branch_labels.py
[2025-02-17T06:16:50.146+0000] {logging_mixin.py:190} INFO - [2025-02-17T06:16:50.145+0000] {dag.py:3239} INFO - Sync 1 DAGs
[2025-02-17T06:16:50.171+0000] {logging_mixin.py:190} INFO - [2025-02-17T06:16:50.171+0000] {dag.py:4180} INFO - Setting next_dagrun for example_branch_labels to 2025-02-16 00:00:00+00:00, run_after=2025-02-17 00:00:00+00:00
[2025-02-17T06:16:50.204+0000] {processor.py:208} INFO - Processing /home/airflow/.local/lib/python3.12/site-packages/airflow/example_dags/example_branch_labels.py took 0.107 seconds
[2025-02-17T06:17:20.300+0000] {processor.py:186} INFO - Started process (PID=3555) to work on /home/airflow/.local/lib/python3.12/site-packages/airflow/example_dags/example_branch_labels.py
[2025-02-17T06:17:20.302+0000] {processor.py:914} INFO - Processing file /home/airflow/.local/lib/python3.12/site-packages/airflow/example_dags/example_branch_labels.py for tasks to queue
[2025-02-17T06:17:20.304+0000] {logging_mixin.py:190} INFO - [2025-02-17T06:17:20.304+0000] {dagbag.py:588} INFO - Filling up the DagBag from /home/airflow/.local/lib/python3.12/site-packages/airflow/example_dags/example_branch_labels.py
[2025-02-17T06:17:20.319+0000] {processor.py:925} INFO - DAG(s) 'example_branch_labels' retrieved from /home/airflow/.local/lib/python3.12/site-packages/airflow/example_dags/example_branch_labels.py
[2025-02-17T06:17:20.348+0000] {logging_mixin.py:190} INFO - [2025-02-17T06:17:20.348+0000] {dag.py:3239} INFO - Sync 1 DAGs
[2025-02-17T06:17:20.378+0000] {logging_mixin.py:190} INFO - [2025-02-17T06:17:20.378+0000] {dag.py:4180} INFO - Setting next_dagrun for example_branch_labels to 2025-02-16 00:00:00+00:00, run_after=2025-02-17 00:00:00+00:00
[2025-02-17T06:17:20.407+0000] {processor.py:208} INFO - Processing /home/airflow/.local/lib/python3.12/site-packages/airflow/example_dags/example_branch_labels.py took 0.113 seconds
[2025-02-17T06:17:50.670+0000] {processor.py:186} INFO - Started process (PID=3633) to work on /home/airflow/.local/lib/python3.12/site-packages/airflow/example_dags/example_branch_labels.py
[2025-02-17T06:17:50.672+0000] {processor.py:914} INFO - Processing file /home/airflow/.local/lib/python3.12/site-packages/airflow/example_dags/example_branch_labels.py for tasks to queue
[2025-02-17T06:17:50.674+0000] {logging_mixin.py:190} INFO - [2025-02-17T06:17:50.674+0000] {dagbag.py:588} INFO - Filling up the DagBag from /home/airflow/.local/lib/python3.12/site-packages/airflow/example_dags/example_branch_labels.py
[2025-02-17T06:17:50.685+0000] {processor.py:925} INFO - DAG(s) 'example_branch_labels' retrieved from /home/airflow/.local/lib/python3.12/site-packages/airflow/example_dags/example_branch_labels.py
[2025-02-17T06:17:50.703+0000] {logging_mixin.py:190} INFO - [2025-02-17T06:17:50.703+0000] {dag.py:3239} INFO - Sync 1 DAGs
[2025-02-17T06:17:50.726+0000] {logging_mixin.py:190} INFO - [2025-02-17T06:17:50.726+0000] {dag.py:4180} INFO - Setting next_dagrun for example_branch_labels to 2025-02-16 00:00:00+00:00, run_after=2025-02-17 00:00:00+00:00
[2025-02-17T06:17:50.758+0000] {processor.py:208} INFO - Processing /home/airflow/.local/lib/python3.12/site-packages/airflow/example_dags/example_branch_labels.py took 0.094 seconds
[2025-02-17T06:18:21.439+0000] {processor.py:186} INFO - Started process (PID=3711) to work on /home/airflow/.local/lib/python3.12/site-packages/airflow/example_dags/example_branch_labels.py
[2025-02-17T06:18:21.441+0000] {processor.py:914} INFO - Processing file /home/airflow/.local/lib/python3.12/site-packages/airflow/example_dags/example_branch_labels.py for tasks to queue
[2025-02-17T06:18:21.444+0000] {logging_mixin.py:190} INFO - [2025-02-17T06:18:21.444+0000] {dagbag.py:588} INFO - Filling up the DagBag from /home/airflow/.local/lib/python3.12/site-packages/airflow/example_dags/example_branch_labels.py
[2025-02-17T06:18:21.456+0000] {processor.py:925} INFO - DAG(s) 'example_branch_labels' retrieved from /home/airflow/.local/lib/python3.12/site-packages/airflow/example_dags/example_branch_labels.py
[2025-02-17T06:18:21.478+0000] {logging_mixin.py:190} INFO - [2025-02-17T06:18:21.478+0000] {dag.py:3239} INFO - Sync 1 DAGs
[2025-02-17T06:18:21.507+0000] {logging_mixin.py:190} INFO - [2025-02-17T06:18:21.507+0000] {dag.py:4180} INFO - Setting next_dagrun for example_branch_labels to 2025-02-16 00:00:00+00:00, run_after=2025-02-17 00:00:00+00:00
[2025-02-17T06:18:21.536+0000] {processor.py:208} INFO - Processing /home/airflow/.local/lib/python3.12/site-packages/airflow/example_dags/example_branch_labels.py took 0.104 seconds
[2025-02-17T06:18:52.231+0000] {processor.py:186} INFO - Started process (PID=3789) to work on /home/airflow/.local/lib/python3.12/site-packages/airflow/example_dags/example_branch_labels.py
[2025-02-17T06:18:52.232+0000] {processor.py:914} INFO - Processing file /home/airflow/.local/lib/python3.12/site-packages/airflow/example_dags/example_branch_labels.py for tasks to queue
[2025-02-17T06:18:52.235+0000] {logging_mixin.py:190} INFO - [2025-02-17T06:18:52.235+0000] {dagbag.py:588} INFO - Filling up the DagBag from /home/airflow/.local/lib/python3.12/site-packages/airflow/example_dags/example_branch_labels.py
[2025-02-17T06:18:52.245+0000] {processor.py:925} INFO - DAG(s) 'example_branch_labels' retrieved from /home/airflow/.local/lib/python3.12/site-packages/airflow/example_dags/example_branch_labels.py
[2025-02-17T06:18:52.269+0000] {logging_mixin.py:190} INFO - [2025-02-17T06:18:52.269+0000] {dag.py:3239} INFO - Sync 1 DAGs
[2025-02-17T06:18:52.296+0000] {logging_mixin.py:190} INFO - [2025-02-17T06:18:52.296+0000] {dag.py:4180} INFO - Setting next_dagrun for example_branch_labels to 2025-02-16 00:00:00+00:00, run_after=2025-02-17 00:00:00+00:00
[2025-02-17T06:18:52.318+0000] {processor.py:208} INFO - Processing /home/airflow/.local/lib/python3.12/site-packages/airflow/example_dags/example_branch_labels.py took 0.094 seconds
[2025-02-17T06:19:22.439+0000] {processor.py:186} INFO - Started process (PID=3867) to work on /home/airflow/.local/lib/python3.12/site-packages/airflow/example_dags/example_branch_labels.py
[2025-02-17T06:19:22.440+0000] {processor.py:914} INFO - Processing file /home/airflow/.local/lib/python3.12/site-packages/airflow/example_dags/example_branch_labels.py for tasks to queue
[2025-02-17T06:19:22.443+0000] {logging_mixin.py:190} INFO - [2025-02-17T06:19:22.442+0000] {dagbag.py:588} INFO - Filling up the DagBag from /home/airflow/.local/lib/python3.12/site-packages/airflow/example_dags/example_branch_labels.py
[2025-02-17T06:19:22.452+0000] {processor.py:925} INFO - DAG(s) 'example_branch_labels' retrieved from /home/airflow/.local/lib/python3.12/site-packages/airflow/example_dags/example_branch_labels.py
[2025-02-17T06:19:22.474+0000] {logging_mixin.py:190} INFO - [2025-02-17T06:19:22.474+0000] {dag.py:3239} INFO - Sync 1 DAGs
[2025-02-17T06:19:22.504+0000] {logging_mixin.py:190} INFO - [2025-02-17T06:19:22.504+0000] {dag.py:4180} INFO - Setting next_dagrun for example_branch_labels to 2025-02-16 00:00:00+00:00, run_after=2025-02-17 00:00:00+00:00
[2025-02-17T06:19:22.530+0000] {processor.py:208} INFO - Processing /home/airflow/.local/lib/python3.12/site-packages/airflow/example_dags/example_branch_labels.py took 0.096 seconds
[2025-02-17T06:19:52.795+0000] {processor.py:186} INFO - Started process (PID=3945) to work on /home/airflow/.local/lib/python3.12/site-packages/airflow/example_dags/example_branch_labels.py
[2025-02-17T06:19:52.797+0000] {processor.py:914} INFO - Processing file /home/airflow/.local/lib/python3.12/site-packages/airflow/example_dags/example_branch_labels.py for tasks to queue
[2025-02-17T06:19:52.801+0000] {logging_mixin.py:190} INFO - [2025-02-17T06:19:52.801+0000] {dagbag.py:588} INFO - Filling up the DagBag from /home/airflow/.local/lib/python3.12/site-packages/airflow/example_dags/example_branch_labels.py
[2025-02-17T06:19:52.815+0000] {processor.py:925} INFO - DAG(s) 'example_branch_labels' retrieved from /home/airflow/.local/lib/python3.12/site-packages/airflow/example_dags/example_branch_labels.py
[2025-02-17T06:19:52.837+0000] {logging_mixin.py:190} INFO - [2025-02-17T06:19:52.837+0000] {dag.py:3239} INFO - Sync 1 DAGs
[2025-02-17T06:19:52.860+0000] {logging_mixin.py:190} INFO - [2025-02-17T06:19:52.860+0000] {dag.py:4180} INFO - Setting next_dagrun for example_branch_labels to 2025-02-16 00:00:00+00:00, run_after=2025-02-17 00:00:00+00:00
[2025-02-17T06:19:52.891+0000] {processor.py:208} INFO - Processing /home/airflow/.local/lib/python3.12/site-packages/airflow/example_dags/example_branch_labels.py took 0.103 seconds
[2025-02-17T06:20:23.667+0000] {processor.py:186} INFO - Started process (PID=4023) to work on /home/airflow/.local/lib/python3.12/site-packages/airflow/example_dags/example_branch_labels.py
[2025-02-17T06:20:23.668+0000] {processor.py:914} INFO - Processing file /home/airflow/.local/lib/python3.12/site-packages/airflow/example_dags/example_branch_labels.py for tasks to queue
[2025-02-17T06:20:23.671+0000] {logging_mixin.py:190} INFO - [2025-02-17T06:20:23.671+0000] {dagbag.py:588} INFO - Filling up the DagBag from /home/airflow/.local/lib/python3.12/site-packages/airflow/example_dags/example_branch_labels.py
[2025-02-17T06:20:23.681+0000] {processor.py:925} INFO - DAG(s) 'example_branch_labels' retrieved from /home/airflow/.local/lib/python3.12/site-packages/airflow/example_dags/example_branch_labels.py
[2025-02-17T06:20:23.704+0000] {logging_mixin.py:190} INFO - [2025-02-17T06:20:23.704+0000] {dag.py:3239} INFO - Sync 1 DAGs
[2025-02-17T06:20:23.726+0000] {logging_mixin.py:190} INFO - [2025-02-17T06:20:23.726+0000] {dag.py:4180} INFO - Setting next_dagrun for example_branch_labels to 2025-02-16 00:00:00+00:00, run_after=2025-02-17 00:00:00+00:00
[2025-02-17T06:20:23.744+0000] {processor.py:208} INFO - Processing /home/airflow/.local/lib/python3.12/site-packages/airflow/example_dags/example_branch_labels.py took 0.084 seconds
[2025-02-17T06:20:54.593+0000] {processor.py:186} INFO - Started process (PID=4101) to work on /home/airflow/.local/lib/python3.12/site-packages/airflow/example_dags/example_branch_labels.py
[2025-02-17T06:20:54.595+0000] {processor.py:914} INFO - Processing file /home/airflow/.local/lib/python3.12/site-packages/airflow/example_dags/example_branch_labels.py for tasks to queue
[2025-02-17T06:20:54.599+0000] {logging_mixin.py:190} INFO - [2025-02-17T06:20:54.598+0000] {dagbag.py:588} INFO - Filling up the DagBag from /home/airflow/.local/lib/python3.12/site-packages/airflow/example_dags/example_branch_labels.py
[2025-02-17T06:20:54.610+0000] {processor.py:925} INFO - DAG(s) 'example_branch_labels' retrieved from /home/airflow/.local/lib/python3.12/site-packages/airflow/example_dags/example_branch_labels.py
[2025-02-17T06:20:54.636+0000] {logging_mixin.py:190} INFO - [2025-02-17T06:20:54.635+0000] {dag.py:3239} INFO - Sync 1 DAGs
[2025-02-17T06:20:54.664+0000] {logging_mixin.py:190} INFO - [2025-02-17T06:20:54.664+0000] {dag.py:4180} INFO - Setting next_dagrun for example_branch_labels to 2025-02-16 00:00:00+00:00, run_after=2025-02-17 00:00:00+00:00
[2025-02-17T06:20:54.693+0000] {processor.py:208} INFO - Processing /home/airflow/.local/lib/python3.12/site-packages/airflow/example_dags/example_branch_labels.py took 0.108 seconds
[2025-02-17T06:21:25.075+0000] {processor.py:186} INFO - Started process (PID=4179) to work on /home/airflow/.local/lib/python3.12/site-packages/airflow/example_dags/example_branch_labels.py
[2025-02-17T06:21:25.079+0000] {processor.py:914} INFO - Processing file /home/airflow/.local/lib/python3.12/site-packages/airflow/example_dags/example_branch_labels.py for tasks to queue
[2025-02-17T06:21:25.087+0000] {logging_mixin.py:190} INFO - [2025-02-17T06:21:25.086+0000] {dagbag.py:588} INFO - Filling up the DagBag from /home/airflow/.local/lib/python3.12/site-packages/airflow/example_dags/example_branch_labels.py
[2025-02-17T06:21:25.110+0000] {processor.py:925} INFO - DAG(s) 'example_branch_labels' retrieved from /home/airflow/.local/lib/python3.12/site-packages/airflow/example_dags/example_branch_labels.py
[2025-02-17T06:21:25.149+0000] {logging_mixin.py:190} INFO - [2025-02-17T06:21:25.149+0000] {dag.py:3239} INFO - Sync 1 DAGs
[2025-02-17T06:21:25.187+0000] {logging_mixin.py:190} INFO - [2025-02-17T06:21:25.187+0000] {dag.py:4180} INFO - Setting next_dagrun for example_branch_labels to 2025-02-16 00:00:00+00:00, run_after=2025-02-17 00:00:00+00:00
[2025-02-17T06:21:25.215+0000] {processor.py:208} INFO - Processing /home/airflow/.local/lib/python3.12/site-packages/airflow/example_dags/example_branch_labels.py took 0.153 seconds
[2025-02-17T06:21:55.290+0000] {processor.py:186} INFO - Started process (PID=4257) to work on /home/airflow/.local/lib/python3.12/site-packages/airflow/example_dags/example_branch_labels.py
[2025-02-17T06:21:55.292+0000] {processor.py:914} INFO - Processing file /home/airflow/.local/lib/python3.12/site-packages/airflow/example_dags/example_branch_labels.py for tasks to queue
[2025-02-17T06:21:55.295+0000] {logging_mixin.py:190} INFO - [2025-02-17T06:21:55.294+0000] {dagbag.py:588} INFO - Filling up the DagBag from /home/airflow/.local/lib/python3.12/site-packages/airflow/example_dags/example_branch_labels.py
[2025-02-17T06:21:55.307+0000] {processor.py:925} INFO - DAG(s) 'example_branch_labels' retrieved from /home/airflow/.local/lib/python3.12/site-packages/airflow/example_dags/example_branch_labels.py
[2025-02-17T06:21:55.329+0000] {logging_mixin.py:190} INFO - [2025-02-17T06:21:55.328+0000] {dag.py:3239} INFO - Sync 1 DAGs
[2025-02-17T06:21:55.352+0000] {logging_mixin.py:190} INFO - [2025-02-17T06:21:55.352+0000] {dag.py:4180} INFO - Setting next_dagrun for example_branch_labels to 2025-02-16 00:00:00+00:00, run_after=2025-02-17 00:00:00+00:00
[2025-02-17T06:21:55.374+0000] {processor.py:208} INFO - Processing /home/airflow/.local/lib/python3.12/site-packages/airflow/example_dags/example_branch_labels.py took 0.092 seconds
[2025-02-17T06:22:25.581+0000] {processor.py:186} INFO - Started process (PID=4335) to work on /home/airflow/.local/lib/python3.12/site-packages/airflow/example_dags/example_branch_labels.py
[2025-02-17T06:22:25.583+0000] {processor.py:914} INFO - Processing file /home/airflow/.local/lib/python3.12/site-packages/airflow/example_dags/example_branch_labels.py for tasks to queue
[2025-02-17T06:22:25.586+0000] {logging_mixin.py:190} INFO - [2025-02-17T06:22:25.586+0000] {dagbag.py:588} INFO - Filling up the DagBag from /home/airflow/.local/lib/python3.12/site-packages/airflow/example_dags/example_branch_labels.py
[2025-02-17T06:22:25.597+0000] {processor.py:925} INFO - DAG(s) 'example_branch_labels' retrieved from /home/airflow/.local/lib/python3.12/site-packages/airflow/example_dags/example_branch_labels.py
[2025-02-17T06:22:25.614+0000] {logging_mixin.py:190} INFO - [2025-02-17T06:22:25.614+0000] {dag.py:3239} INFO - Sync 1 DAGs
[2025-02-17T06:22:25.635+0000] {logging_mixin.py:190} INFO - [2025-02-17T06:22:25.635+0000] {dag.py:4180} INFO - Setting next_dagrun for example_branch_labels to 2025-02-16 00:00:00+00:00, run_after=2025-02-17 00:00:00+00:00
[2025-02-17T06:22:25.653+0000] {processor.py:208} INFO - Processing /home/airflow/.local/lib/python3.12/site-packages/airflow/example_dags/example_branch_labels.py took 0.079 seconds
[2025-02-17T06:22:56.085+0000] {processor.py:186} INFO - Started process (PID=4413) to work on /home/airflow/.local/lib/python3.12/site-packages/airflow/example_dags/example_branch_labels.py
[2025-02-17T06:22:56.086+0000] {processor.py:914} INFO - Processing file /home/airflow/.local/lib/python3.12/site-packages/airflow/example_dags/example_branch_labels.py for tasks to queue
[2025-02-17T06:22:56.088+0000] {logging_mixin.py:190} INFO - [2025-02-17T06:22:56.088+0000] {dagbag.py:588} INFO - Filling up the DagBag from /home/airflow/.local/lib/python3.12/site-packages/airflow/example_dags/example_branch_labels.py
[2025-02-17T06:22:56.101+0000] {processor.py:925} INFO - DAG(s) 'example_branch_labels' retrieved from /home/airflow/.local/lib/python3.12/site-packages/airflow/example_dags/example_branch_labels.py
[2025-02-17T06:22:56.119+0000] {logging_mixin.py:190} INFO - [2025-02-17T06:22:56.119+0000] {dag.py:3239} INFO - Sync 1 DAGs
[2025-02-17T06:22:56.139+0000] {logging_mixin.py:190} INFO - [2025-02-17T06:22:56.139+0000] {dag.py:4180} INFO - Setting next_dagrun for example_branch_labels to 2025-02-16 00:00:00+00:00, run_after=2025-02-17 00:00:00+00:00
[2025-02-17T06:22:56.168+0000] {processor.py:208} INFO - Processing /home/airflow/.local/lib/python3.12/site-packages/airflow/example_dags/example_branch_labels.py took 0.090 seconds
[2025-02-17T06:23:26.684+0000] {processor.py:186} INFO - Started process (PID=4491) to work on /home/airflow/.local/lib/python3.12/site-packages/airflow/example_dags/example_branch_labels.py
[2025-02-17T06:23:26.685+0000] {processor.py:914} INFO - Processing file /home/airflow/.local/lib/python3.12/site-packages/airflow/example_dags/example_branch_labels.py for tasks to queue
[2025-02-17T06:23:26.688+0000] {logging_mixin.py:190} INFO - [2025-02-17T06:23:26.687+0000] {dagbag.py:588} INFO - Filling up the DagBag from /home/airflow/.local/lib/python3.12/site-packages/airflow/example_dags/example_branch_labels.py
[2025-02-17T06:23:26.701+0000] {processor.py:925} INFO - DAG(s) 'example_branch_labels' retrieved from /home/airflow/.local/lib/python3.12/site-packages/airflow/example_dags/example_branch_labels.py
[2025-02-17T06:23:26.727+0000] {logging_mixin.py:190} INFO - [2025-02-17T06:23:26.727+0000] {dag.py:3239} INFO - Sync 1 DAGs
[2025-02-17T06:23:26.759+0000] {logging_mixin.py:190} INFO - [2025-02-17T06:23:26.759+0000] {dag.py:4180} INFO - Setting next_dagrun for example_branch_labels to 2025-02-16 00:00:00+00:00, run_after=2025-02-17 00:00:00+00:00
[2025-02-17T06:23:26.781+0000] {processor.py:208} INFO - Processing /home/airflow/.local/lib/python3.12/site-packages/airflow/example_dags/example_branch_labels.py took 0.107 seconds
[2025-02-17T12:17:26.222+0000] {processor.py:186} INFO - Started process (PID=4596) to work on /home/airflow/.local/lib/python3.12/site-packages/airflow/example_dags/example_branch_labels.py
[2025-02-17T12:17:26.224+0000] {processor.py:914} INFO - Processing file /home/airflow/.local/lib/python3.12/site-packages/airflow/example_dags/example_branch_labels.py for tasks to queue
[2025-02-17T12:17:26.229+0000] {logging_mixin.py:190} INFO - [2025-02-17T12:17:26.229+0000] {dagbag.py:588} INFO - Filling up the DagBag from /home/airflow/.local/lib/python3.12/site-packages/airflow/example_dags/example_branch_labels.py
[2025-02-17T12:17:26.245+0000] {processor.py:925} INFO - DAG(s) 'example_branch_labels' retrieved from /home/airflow/.local/lib/python3.12/site-packages/airflow/example_dags/example_branch_labels.py
[2025-02-17T12:17:26.282+0000] {logging_mixin.py:190} INFO - [2025-02-17T12:17:26.281+0000] {dag.py:3239} INFO - Sync 1 DAGs
[2025-02-17T12:17:26.535+0000] {logging_mixin.py:190} INFO - [2025-02-17T12:17:26.534+0000] {dag.py:4180} INFO - Setting next_dagrun for example_branch_labels to 2025-02-16 00:00:00+00:00, run_after=2025-02-17 00:00:00+00:00
[2025-02-17T12:17:26.580+0000] {processor.py:208} INFO - Processing /home/airflow/.local/lib/python3.12/site-packages/airflow/example_dags/example_branch_labels.py took 0.366 seconds
[2025-02-17T12:17:57.057+0000] {processor.py:186} INFO - Started process (PID=4674) to work on /home/airflow/.local/lib/python3.12/site-packages/airflow/example_dags/example_branch_labels.py
[2025-02-17T12:17:57.059+0000] {processor.py:914} INFO - Processing file /home/airflow/.local/lib/python3.12/site-packages/airflow/example_dags/example_branch_labels.py for tasks to queue
[2025-02-17T12:17:57.062+0000] {logging_mixin.py:190} INFO - [2025-02-17T12:17:57.061+0000] {dagbag.py:588} INFO - Filling up the DagBag from /home/airflow/.local/lib/python3.12/site-packages/airflow/example_dags/example_branch_labels.py
[2025-02-17T12:17:57.075+0000] {processor.py:925} INFO - DAG(s) 'example_branch_labels' retrieved from /home/airflow/.local/lib/python3.12/site-packages/airflow/example_dags/example_branch_labels.py
[2025-02-17T12:17:57.101+0000] {logging_mixin.py:190} INFO - [2025-02-17T12:17:57.100+0000] {dag.py:3239} INFO - Sync 1 DAGs
[2025-02-17T12:17:57.125+0000] {logging_mixin.py:190} INFO - [2025-02-17T12:17:57.125+0000] {dag.py:4180} INFO - Setting next_dagrun for example_branch_labels to 2025-02-16 00:00:00+00:00, run_after=2025-02-17 00:00:00+00:00
[2025-02-17T12:17:57.319+0000] {processor.py:208} INFO - Processing /home/airflow/.local/lib/python3.12/site-packages/airflow/example_dags/example_branch_labels.py took 0.268 seconds
[2025-02-17T12:18:28.061+0000] {processor.py:186} INFO - Started process (PID=4751) to work on /home/airflow/.local/lib/python3.12/site-packages/airflow/example_dags/example_branch_labels.py
[2025-02-17T12:18:28.063+0000] {processor.py:914} INFO - Processing file /home/airflow/.local/lib/python3.12/site-packages/airflow/example_dags/example_branch_labels.py for tasks to queue
[2025-02-17T12:18:28.067+0000] {logging_mixin.py:190} INFO - [2025-02-17T12:18:28.067+0000] {dagbag.py:588} INFO - Filling up the DagBag from /home/airflow/.local/lib/python3.12/site-packages/airflow/example_dags/example_branch_labels.py
[2025-02-17T12:18:28.082+0000] {processor.py:925} INFO - DAG(s) 'example_branch_labels' retrieved from /home/airflow/.local/lib/python3.12/site-packages/airflow/example_dags/example_branch_labels.py
[2025-02-17T12:18:28.117+0000] {logging_mixin.py:190} INFO - [2025-02-17T12:18:28.116+0000] {dag.py:3239} INFO - Sync 1 DAGs
[2025-02-17T12:18:28.153+0000] {logging_mixin.py:190} INFO - [2025-02-17T12:18:28.153+0000] {dag.py:4180} INFO - Setting next_dagrun for example_branch_labels to 2025-02-16 00:00:00+00:00, run_after=2025-02-17 00:00:00+00:00
[2025-02-17T12:18:28.183+0000] {processor.py:208} INFO - Processing /home/airflow/.local/lib/python3.12/site-packages/airflow/example_dags/example_branch_labels.py took 0.133 seconds
[2025-02-17T12:18:59.307+0000] {processor.py:186} INFO - Started process (PID=4830) to work on /home/airflow/.local/lib/python3.12/site-packages/airflow/example_dags/example_branch_labels.py
[2025-02-17T12:18:59.309+0000] {processor.py:914} INFO - Processing file /home/airflow/.local/lib/python3.12/site-packages/airflow/example_dags/example_branch_labels.py for tasks to queue
[2025-02-17T12:18:59.314+0000] {logging_mixin.py:190} INFO - [2025-02-17T12:18:59.313+0000] {dagbag.py:588} INFO - Filling up the DagBag from /home/airflow/.local/lib/python3.12/site-packages/airflow/example_dags/example_branch_labels.py
[2025-02-17T12:18:59.331+0000] {processor.py:925} INFO - DAG(s) 'example_branch_labels' retrieved from /home/airflow/.local/lib/python3.12/site-packages/airflow/example_dags/example_branch_labels.py
[2025-02-17T12:18:59.364+0000] {logging_mixin.py:190} INFO - [2025-02-17T12:18:59.364+0000] {dag.py:3239} INFO - Sync 1 DAGs
[2025-02-17T12:18:59.402+0000] {logging_mixin.py:190} INFO - [2025-02-17T12:18:59.402+0000] {dag.py:4180} INFO - Setting next_dagrun for example_branch_labels to 2025-02-16 00:00:00+00:00, run_after=2025-02-17 00:00:00+00:00
[2025-02-17T12:18:59.430+0000] {processor.py:208} INFO - Processing /home/airflow/.local/lib/python3.12/site-packages/airflow/example_dags/example_branch_labels.py took 0.133 seconds
[2025-02-17T12:19:30.791+0000] {processor.py:186} INFO - Started process (PID=4907) to work on /home/airflow/.local/lib/python3.12/site-packages/airflow/example_dags/example_branch_labels.py
[2025-02-17T12:19:30.793+0000] {processor.py:914} INFO - Processing file /home/airflow/.local/lib/python3.12/site-packages/airflow/example_dags/example_branch_labels.py for tasks to queue
[2025-02-17T12:19:30.799+0000] {logging_mixin.py:190} INFO - [2025-02-17T12:19:30.798+0000] {dagbag.py:588} INFO - Filling up the DagBag from /home/airflow/.local/lib/python3.12/site-packages/airflow/example_dags/example_branch_labels.py
[2025-02-17T12:19:30.821+0000] {processor.py:925} INFO - DAG(s) 'example_branch_labels' retrieved from /home/airflow/.local/lib/python3.12/site-packages/airflow/example_dags/example_branch_labels.py
[2025-02-17T12:19:30.860+0000] {logging_mixin.py:190} INFO - [2025-02-17T12:19:30.859+0000] {dag.py:3239} INFO - Sync 1 DAGs
[2025-02-17T12:19:30.917+0000] {logging_mixin.py:190} INFO - [2025-02-17T12:19:30.916+0000] {dag.py:4180} INFO - Setting next_dagrun for example_branch_labels to 2025-02-16 00:00:00+00:00, run_after=2025-02-17 00:00:00+00:00
[2025-02-17T12:19:30.978+0000] {processor.py:208} INFO - Processing /home/airflow/.local/lib/python3.12/site-packages/airflow/example_dags/example_branch_labels.py took 0.198 seconds
[2025-02-17T12:20:02.175+0000] {processor.py:186} INFO - Started process (PID=4991) to work on /home/airflow/.local/lib/python3.12/site-packages/airflow/example_dags/example_branch_labels.py
[2025-02-17T12:20:02.176+0000] {processor.py:914} INFO - Processing file /home/airflow/.local/lib/python3.12/site-packages/airflow/example_dags/example_branch_labels.py for tasks to queue
[2025-02-17T12:20:02.180+0000] {logging_mixin.py:190} INFO - [2025-02-17T12:20:02.179+0000] {dagbag.py:588} INFO - Filling up the DagBag from /home/airflow/.local/lib/python3.12/site-packages/airflow/example_dags/example_branch_labels.py
[2025-02-17T12:20:02.195+0000] {processor.py:925} INFO - DAG(s) 'example_branch_labels' retrieved from /home/airflow/.local/lib/python3.12/site-packages/airflow/example_dags/example_branch_labels.py
[2025-02-17T12:20:02.224+0000] {logging_mixin.py:190} INFO - [2025-02-17T12:20:02.223+0000] {dag.py:3239} INFO - Sync 1 DAGs
[2025-02-17T12:20:02.452+0000] {logging_mixin.py:190} INFO - [2025-02-17T12:20:02.452+0000] {dag.py:4180} INFO - Setting next_dagrun for example_branch_labels to 2025-02-16 00:00:00+00:00, run_after=2025-02-17 00:00:00+00:00
[2025-02-17T12:20:02.477+0000] {processor.py:208} INFO - Processing /home/airflow/.local/lib/python3.12/site-packages/airflow/example_dags/example_branch_labels.py took 0.309 seconds
