[2025-02-17T05:54:36.817+0000] {processor.py:186} INFO - Started process (PID=104) to work on /home/airflow/.local/lib/python3.12/site-packages/airflow/example_dags/example_nested_branch_dag.py
[2025-02-17T05:54:36.818+0000] {processor.py:914} INFO - Processing file /home/airflow/.local/lib/python3.12/site-packages/airflow/example_dags/example_nested_branch_dag.py for tasks to queue
[2025-02-17T05:54:36.821+0000] {logging_mixin.py:190} INFO - [2025-02-17T05:54:36.820+0000] {dagbag.py:588} INFO - Filling up the DagBag from /home/airflow/.local/lib/python3.12/site-packages/airflow/example_dags/example_nested_branch_dag.py
[2025-02-17T05:54:36.836+0000] {processor.py:925} INFO - DAG(s) 'example_nested_branch_dag' retrieved from /home/airflow/.local/lib/python3.12/site-packages/airflow/example_dags/example_nested_branch_dag.py
[2025-02-17T05:54:36.860+0000] {logging_mixin.py:190} INFO - [2025-02-17T05:54:36.860+0000] {dag.py:3239} INFO - Sync 1 DAGs
[2025-02-17T05:54:36.887+0000] {logging_mixin.py:190} INFO - [2025-02-17T05:54:36.886+0000] {dag.py:4180} INFO - Setting next_dagrun for example_nested_branch_dag to 2025-02-16 00:00:00+00:00, run_after=2025-02-17 00:00:00+00:00
[2025-02-17T05:54:36.912+0000] {processor.py:208} INFO - Processing /home/airflow/.local/lib/python3.12/site-packages/airflow/example_dags/example_nested_branch_dag.py took 0.103 seconds
[2025-02-17T05:55:07.900+0000] {processor.py:186} INFO - Started process (PID=181) to work on /home/airflow/.local/lib/python3.12/site-packages/airflow/example_dags/example_nested_branch_dag.py
[2025-02-17T05:55:07.902+0000] {processor.py:914} INFO - Processing file /home/airflow/.local/lib/python3.12/site-packages/airflow/example_dags/example_nested_branch_dag.py for tasks to queue
[2025-02-17T05:55:07.905+0000] {logging_mixin.py:190} INFO - [2025-02-17T05:55:07.905+0000] {dagbag.py:588} INFO - Filling up the DagBag from /home/airflow/.local/lib/python3.12/site-packages/airflow/example_dags/example_nested_branch_dag.py
[2025-02-17T05:55:07.919+0000] {processor.py:925} INFO - DAG(s) 'example_nested_branch_dag' retrieved from /home/airflow/.local/lib/python3.12/site-packages/airflow/example_dags/example_nested_branch_dag.py
[2025-02-17T05:55:07.942+0000] {logging_mixin.py:190} INFO - [2025-02-17T05:55:07.941+0000] {dag.py:3239} INFO - Sync 1 DAGs
[2025-02-17T05:55:07.967+0000] {logging_mixin.py:190} INFO - [2025-02-17T05:55:07.967+0000] {dag.py:4180} INFO - Setting next_dagrun for example_nested_branch_dag to 2025-02-16 00:00:00+00:00, run_after=2025-02-17 00:00:00+00:00
[2025-02-17T05:55:08.019+0000] {processor.py:208} INFO - Processing /home/airflow/.local/lib/python3.12/site-packages/airflow/example_dags/example_nested_branch_dag.py took 0.126 seconds
[2025-02-17T05:55:38.252+0000] {processor.py:186} INFO - Started process (PID=260) to work on /home/airflow/.local/lib/python3.12/site-packages/airflow/example_dags/example_nested_branch_dag.py
[2025-02-17T05:55:38.254+0000] {processor.py:914} INFO - Processing file /home/airflow/.local/lib/python3.12/site-packages/airflow/example_dags/example_nested_branch_dag.py for tasks to queue
[2025-02-17T05:55:38.257+0000] {logging_mixin.py:190} INFO - [2025-02-17T05:55:38.257+0000] {dagbag.py:588} INFO - Filling up the DagBag from /home/airflow/.local/lib/python3.12/site-packages/airflow/example_dags/example_nested_branch_dag.py
[2025-02-17T05:55:38.271+0000] {processor.py:925} INFO - DAG(s) 'example_nested_branch_dag' retrieved from /home/airflow/.local/lib/python3.12/site-packages/airflow/example_dags/example_nested_branch_dag.py
[2025-02-17T05:55:38.300+0000] {logging_mixin.py:190} INFO - [2025-02-17T05:55:38.300+0000] {dag.py:3239} INFO - Sync 1 DAGs
[2025-02-17T05:55:38.330+0000] {logging_mixin.py:190} INFO - [2025-02-17T05:55:38.330+0000] {dag.py:4180} INFO - Setting next_dagrun for example_nested_branch_dag to 2025-02-16 00:00:00+00:00, run_after=2025-02-17 00:00:00+00:00
[2025-02-17T05:55:38.373+0000] {processor.py:208} INFO - Processing /home/airflow/.local/lib/python3.12/site-packages/airflow/example_dags/example_nested_branch_dag.py took 0.127 seconds
[2025-02-17T05:56:09.264+0000] {processor.py:186} INFO - Started process (PID=337) to work on /home/airflow/.local/lib/python3.12/site-packages/airflow/example_dags/example_nested_branch_dag.py
[2025-02-17T05:56:09.266+0000] {processor.py:914} INFO - Processing file /home/airflow/.local/lib/python3.12/site-packages/airflow/example_dags/example_nested_branch_dag.py for tasks to queue
[2025-02-17T05:56:09.269+0000] {logging_mixin.py:190} INFO - [2025-02-17T05:56:09.269+0000] {dagbag.py:588} INFO - Filling up the DagBag from /home/airflow/.local/lib/python3.12/site-packages/airflow/example_dags/example_nested_branch_dag.py
[2025-02-17T05:56:09.284+0000] {processor.py:925} INFO - DAG(s) 'example_nested_branch_dag' retrieved from /home/airflow/.local/lib/python3.12/site-packages/airflow/example_dags/example_nested_branch_dag.py
[2025-02-17T05:56:09.318+0000] {logging_mixin.py:190} INFO - [2025-02-17T05:56:09.318+0000] {dag.py:3239} INFO - Sync 1 DAGs
[2025-02-17T05:56:09.353+0000] {logging_mixin.py:190} INFO - [2025-02-17T05:56:09.353+0000] {dag.py:4180} INFO - Setting next_dagrun for example_nested_branch_dag to 2025-02-16 00:00:00+00:00, run_after=2025-02-17 00:00:00+00:00
[2025-02-17T05:56:09.385+0000] {processor.py:208} INFO - Processing /home/airflow/.local/lib/python3.12/site-packages/airflow/example_dags/example_nested_branch_dag.py took 0.127 seconds
[2025-02-17T05:56:40.455+0000] {processor.py:186} INFO - Started process (PID=413) to work on /home/airflow/.local/lib/python3.12/site-packages/airflow/example_dags/example_nested_branch_dag.py
[2025-02-17T05:56:40.456+0000] {processor.py:914} INFO - Processing file /home/airflow/.local/lib/python3.12/site-packages/airflow/example_dags/example_nested_branch_dag.py for tasks to queue
[2025-02-17T05:56:40.461+0000] {logging_mixin.py:190} INFO - [2025-02-17T05:56:40.460+0000] {dagbag.py:588} INFO - Filling up the DagBag from /home/airflow/.local/lib/python3.12/site-packages/airflow/example_dags/example_nested_branch_dag.py
[2025-02-17T05:56:40.475+0000] {processor.py:925} INFO - DAG(s) 'example_nested_branch_dag' retrieved from /home/airflow/.local/lib/python3.12/site-packages/airflow/example_dags/example_nested_branch_dag.py
[2025-02-17T05:56:40.506+0000] {logging_mixin.py:190} INFO - [2025-02-17T05:56:40.506+0000] {dag.py:3239} INFO - Sync 1 DAGs
[2025-02-17T05:56:40.541+0000] {logging_mixin.py:190} INFO - [2025-02-17T05:56:40.540+0000] {dag.py:4180} INFO - Setting next_dagrun for example_nested_branch_dag to 2025-02-16 00:00:00+00:00, run_after=2025-02-17 00:00:00+00:00
[2025-02-17T05:56:40.569+0000] {processor.py:208} INFO - Processing /home/airflow/.local/lib/python3.12/site-packages/airflow/example_dags/example_nested_branch_dag.py took 0.121 seconds
[2025-02-17T05:57:11.551+0000] {processor.py:186} INFO - Started process (PID=491) to work on /home/airflow/.local/lib/python3.12/site-packages/airflow/example_dags/example_nested_branch_dag.py
[2025-02-17T05:57:11.552+0000] {processor.py:914} INFO - Processing file /home/airflow/.local/lib/python3.12/site-packages/airflow/example_dags/example_nested_branch_dag.py for tasks to queue
[2025-02-17T05:57:11.556+0000] {logging_mixin.py:190} INFO - [2025-02-17T05:57:11.556+0000] {dagbag.py:588} INFO - Filling up the DagBag from /home/airflow/.local/lib/python3.12/site-packages/airflow/example_dags/example_nested_branch_dag.py
[2025-02-17T05:57:11.570+0000] {processor.py:925} INFO - DAG(s) 'example_nested_branch_dag' retrieved from /home/airflow/.local/lib/python3.12/site-packages/airflow/example_dags/example_nested_branch_dag.py
[2025-02-17T05:57:11.597+0000] {logging_mixin.py:190} INFO - [2025-02-17T05:57:11.597+0000] {dag.py:3239} INFO - Sync 1 DAGs
[2025-02-17T05:57:11.622+0000] {logging_mixin.py:190} INFO - [2025-02-17T05:57:11.622+0000] {dag.py:4180} INFO - Setting next_dagrun for example_nested_branch_dag to 2025-02-16 00:00:00+00:00, run_after=2025-02-17 00:00:00+00:00
[2025-02-17T05:57:11.647+0000] {processor.py:208} INFO - Processing /home/airflow/.local/lib/python3.12/site-packages/airflow/example_dags/example_nested_branch_dag.py took 0.102 seconds
[2025-02-17T05:57:41.780+0000] {processor.py:186} INFO - Started process (PID=557) to work on /home/airflow/.local/lib/python3.12/site-packages/airflow/example_dags/example_nested_branch_dag.py
[2025-02-17T05:57:41.782+0000] {processor.py:914} INFO - Processing file /home/airflow/.local/lib/python3.12/site-packages/airflow/example_dags/example_nested_branch_dag.py for tasks to queue
[2025-02-17T05:57:41.786+0000] {logging_mixin.py:190} INFO - [2025-02-17T05:57:41.785+0000] {dagbag.py:588} INFO - Filling up the DagBag from /home/airflow/.local/lib/python3.12/site-packages/airflow/example_dags/example_nested_branch_dag.py
[2025-02-17T05:57:41.801+0000] {processor.py:925} INFO - DAG(s) 'example_nested_branch_dag' retrieved from /home/airflow/.local/lib/python3.12/site-packages/airflow/example_dags/example_nested_branch_dag.py
[2025-02-17T05:57:41.832+0000] {logging_mixin.py:190} INFO - [2025-02-17T05:57:41.831+0000] {dag.py:3239} INFO - Sync 1 DAGs
[2025-02-17T05:57:41.867+0000] {logging_mixin.py:190} INFO - [2025-02-17T05:57:41.867+0000] {dag.py:4180} INFO - Setting next_dagrun for example_nested_branch_dag to 2025-02-16 00:00:00+00:00, run_after=2025-02-17 00:00:00+00:00
[2025-02-17T05:57:41.915+0000] {processor.py:208} INFO - Processing /home/airflow/.local/lib/python3.12/site-packages/airflow/example_dags/example_nested_branch_dag.py took 0.143 seconds
[2025-02-17T05:58:12.433+0000] {processor.py:186} INFO - Started process (PID=635) to work on /home/airflow/.local/lib/python3.12/site-packages/airflow/example_dags/example_nested_branch_dag.py
[2025-02-17T05:58:12.435+0000] {processor.py:914} INFO - Processing file /home/airflow/.local/lib/python3.12/site-packages/airflow/example_dags/example_nested_branch_dag.py for tasks to queue
[2025-02-17T05:58:12.438+0000] {logging_mixin.py:190} INFO - [2025-02-17T05:58:12.438+0000] {dagbag.py:588} INFO - Filling up the DagBag from /home/airflow/.local/lib/python3.12/site-packages/airflow/example_dags/example_nested_branch_dag.py
[2025-02-17T05:58:12.451+0000] {processor.py:925} INFO - DAG(s) 'example_nested_branch_dag' retrieved from /home/airflow/.local/lib/python3.12/site-packages/airflow/example_dags/example_nested_branch_dag.py
[2025-02-17T05:58:12.476+0000] {logging_mixin.py:190} INFO - [2025-02-17T05:58:12.475+0000] {dag.py:3239} INFO - Sync 1 DAGs
[2025-02-17T05:58:12.502+0000] {logging_mixin.py:190} INFO - [2025-02-17T05:58:12.502+0000] {dag.py:4180} INFO - Setting next_dagrun for example_nested_branch_dag to 2025-02-16 00:00:00+00:00, run_after=2025-02-17 00:00:00+00:00
[2025-02-17T05:58:12.523+0000] {processor.py:208} INFO - Processing /home/airflow/.local/lib/python3.12/site-packages/airflow/example_dags/example_nested_branch_dag.py took 0.097 seconds
[2025-02-17T05:58:43.407+0000] {processor.py:186} INFO - Started process (PID=719) to work on /home/airflow/.local/lib/python3.12/site-packages/airflow/example_dags/example_nested_branch_dag.py
[2025-02-17T05:58:43.408+0000] {processor.py:914} INFO - Processing file /home/airflow/.local/lib/python3.12/site-packages/airflow/example_dags/example_nested_branch_dag.py for tasks to queue
[2025-02-17T05:58:43.411+0000] {logging_mixin.py:190} INFO - [2025-02-17T05:58:43.410+0000] {dagbag.py:588} INFO - Filling up the DagBag from /home/airflow/.local/lib/python3.12/site-packages/airflow/example_dags/example_nested_branch_dag.py
[2025-02-17T05:58:43.421+0000] {processor.py:925} INFO - DAG(s) 'example_nested_branch_dag' retrieved from /home/airflow/.local/lib/python3.12/site-packages/airflow/example_dags/example_nested_branch_dag.py
[2025-02-17T05:58:43.440+0000] {logging_mixin.py:190} INFO - [2025-02-17T05:58:43.440+0000] {dag.py:3239} INFO - Sync 1 DAGs
[2025-02-17T05:58:43.463+0000] {logging_mixin.py:190} INFO - [2025-02-17T05:58:43.462+0000] {dag.py:4180} INFO - Setting next_dagrun for example_nested_branch_dag to 2025-02-16 00:00:00+00:00, run_after=2025-02-17 00:00:00+00:00
[2025-02-17T05:58:43.482+0000] {processor.py:208} INFO - Processing /home/airflow/.local/lib/python3.12/site-packages/airflow/example_dags/example_nested_branch_dag.py took 0.080 seconds
[2025-02-17T05:59:13.912+0000] {processor.py:186} INFO - Started process (PID=797) to work on /home/airflow/.local/lib/python3.12/site-packages/airflow/example_dags/example_nested_branch_dag.py
[2025-02-17T05:59:13.914+0000] {processor.py:914} INFO - Processing file /home/airflow/.local/lib/python3.12/site-packages/airflow/example_dags/example_nested_branch_dag.py for tasks to queue
[2025-02-17T05:59:13.916+0000] {logging_mixin.py:190} INFO - [2025-02-17T05:59:13.916+0000] {dagbag.py:588} INFO - Filling up the DagBag from /home/airflow/.local/lib/python3.12/site-packages/airflow/example_dags/example_nested_branch_dag.py
[2025-02-17T05:59:13.928+0000] {processor.py:925} INFO - DAG(s) 'example_nested_branch_dag' retrieved from /home/airflow/.local/lib/python3.12/site-packages/airflow/example_dags/example_nested_branch_dag.py
[2025-02-17T05:59:13.948+0000] {logging_mixin.py:190} INFO - [2025-02-17T05:59:13.948+0000] {dag.py:3239} INFO - Sync 1 DAGs
[2025-02-17T05:59:13.969+0000] {logging_mixin.py:190} INFO - [2025-02-17T05:59:13.969+0000] {dag.py:4180} INFO - Setting next_dagrun for example_nested_branch_dag to 2025-02-16 00:00:00+00:00, run_after=2025-02-17 00:00:00+00:00
[2025-02-17T05:59:13.986+0000] {processor.py:208} INFO - Processing /home/airflow/.local/lib/python3.12/site-packages/airflow/example_dags/example_nested_branch_dag.py took 0.079 seconds
[2025-02-17T05:59:44.157+0000] {processor.py:186} INFO - Started process (PID=874) to work on /home/airflow/.local/lib/python3.12/site-packages/airflow/example_dags/example_nested_branch_dag.py
[2025-02-17T05:59:44.159+0000] {processor.py:914} INFO - Processing file /home/airflow/.local/lib/python3.12/site-packages/airflow/example_dags/example_nested_branch_dag.py for tasks to queue
[2025-02-17T05:59:44.161+0000] {logging_mixin.py:190} INFO - [2025-02-17T05:59:44.161+0000] {dagbag.py:588} INFO - Filling up the DagBag from /home/airflow/.local/lib/python3.12/site-packages/airflow/example_dags/example_nested_branch_dag.py
[2025-02-17T05:59:44.172+0000] {processor.py:925} INFO - DAG(s) 'example_nested_branch_dag' retrieved from /home/airflow/.local/lib/python3.12/site-packages/airflow/example_dags/example_nested_branch_dag.py
[2025-02-17T05:59:44.198+0000] {logging_mixin.py:190} INFO - [2025-02-17T05:59:44.198+0000] {dag.py:3239} INFO - Sync 1 DAGs
[2025-02-17T05:59:44.221+0000] {logging_mixin.py:190} INFO - [2025-02-17T05:59:44.221+0000] {dag.py:4180} INFO - Setting next_dagrun for example_nested_branch_dag to 2025-02-16 00:00:00+00:00, run_after=2025-02-17 00:00:00+00:00
[2025-02-17T05:59:44.240+0000] {processor.py:208} INFO - Processing /home/airflow/.local/lib/python3.12/site-packages/airflow/example_dags/example_nested_branch_dag.py took 0.091 seconds
[2025-02-17T06:00:14.975+0000] {processor.py:186} INFO - Started process (PID=952) to work on /home/airflow/.local/lib/python3.12/site-packages/airflow/example_dags/example_nested_branch_dag.py
[2025-02-17T06:00:14.977+0000] {processor.py:914} INFO - Processing file /home/airflow/.local/lib/python3.12/site-packages/airflow/example_dags/example_nested_branch_dag.py for tasks to queue
[2025-02-17T06:00:14.980+0000] {logging_mixin.py:190} INFO - [2025-02-17T06:00:14.979+0000] {dagbag.py:588} INFO - Filling up the DagBag from /home/airflow/.local/lib/python3.12/site-packages/airflow/example_dags/example_nested_branch_dag.py
[2025-02-17T06:00:14.993+0000] {processor.py:925} INFO - DAG(s) 'example_nested_branch_dag' retrieved from /home/airflow/.local/lib/python3.12/site-packages/airflow/example_dags/example_nested_branch_dag.py
[2025-02-17T06:00:15.022+0000] {logging_mixin.py:190} INFO - [2025-02-17T06:00:15.022+0000] {dag.py:3239} INFO - Sync 1 DAGs
[2025-02-17T06:00:15.051+0000] {logging_mixin.py:190} INFO - [2025-02-17T06:00:15.051+0000] {dag.py:4180} INFO - Setting next_dagrun for example_nested_branch_dag to 2025-02-16 00:00:00+00:00, run_after=2025-02-17 00:00:00+00:00
[2025-02-17T06:00:15.074+0000] {processor.py:208} INFO - Processing /home/airflow/.local/lib/python3.12/site-packages/airflow/example_dags/example_nested_branch_dag.py took 0.105 seconds
[2025-02-17T06:00:45.881+0000] {processor.py:186} INFO - Started process (PID=1030) to work on /home/airflow/.local/lib/python3.12/site-packages/airflow/example_dags/example_nested_branch_dag.py
[2025-02-17T06:00:45.882+0000] {processor.py:914} INFO - Processing file /home/airflow/.local/lib/python3.12/site-packages/airflow/example_dags/example_nested_branch_dag.py for tasks to queue
[2025-02-17T06:00:45.885+0000] {logging_mixin.py:190} INFO - [2025-02-17T06:00:45.885+0000] {dagbag.py:588} INFO - Filling up the DagBag from /home/airflow/.local/lib/python3.12/site-packages/airflow/example_dags/example_nested_branch_dag.py
[2025-02-17T06:00:45.898+0000] {processor.py:925} INFO - DAG(s) 'example_nested_branch_dag' retrieved from /home/airflow/.local/lib/python3.12/site-packages/airflow/example_dags/example_nested_branch_dag.py
[2025-02-17T06:00:45.924+0000] {logging_mixin.py:190} INFO - [2025-02-17T06:00:45.924+0000] {dag.py:3239} INFO - Sync 1 DAGs
[2025-02-17T06:00:45.953+0000] {logging_mixin.py:190} INFO - [2025-02-17T06:00:45.953+0000] {dag.py:4180} INFO - Setting next_dagrun for example_nested_branch_dag to 2025-02-16 00:00:00+00:00, run_after=2025-02-17 00:00:00+00:00
[2025-02-17T06:00:45.977+0000] {processor.py:208} INFO - Processing /home/airflow/.local/lib/python3.12/site-packages/airflow/example_dags/example_nested_branch_dag.py took 0.101 seconds
[2025-02-17T06:01:16.389+0000] {processor.py:186} INFO - Started process (PID=1108) to work on /home/airflow/.local/lib/python3.12/site-packages/airflow/example_dags/example_nested_branch_dag.py
[2025-02-17T06:01:16.390+0000] {processor.py:914} INFO - Processing file /home/airflow/.local/lib/python3.12/site-packages/airflow/example_dags/example_nested_branch_dag.py for tasks to queue
[2025-02-17T06:01:16.392+0000] {logging_mixin.py:190} INFO - [2025-02-17T06:01:16.392+0000] {dagbag.py:588} INFO - Filling up the DagBag from /home/airflow/.local/lib/python3.12/site-packages/airflow/example_dags/example_nested_branch_dag.py
[2025-02-17T06:01:16.405+0000] {processor.py:925} INFO - DAG(s) 'example_nested_branch_dag' retrieved from /home/airflow/.local/lib/python3.12/site-packages/airflow/example_dags/example_nested_branch_dag.py
[2025-02-17T06:01:16.426+0000] {logging_mixin.py:190} INFO - [2025-02-17T06:01:16.426+0000] {dag.py:3239} INFO - Sync 1 DAGs
[2025-02-17T06:01:16.449+0000] {logging_mixin.py:190} INFO - [2025-02-17T06:01:16.449+0000] {dag.py:4180} INFO - Setting next_dagrun for example_nested_branch_dag to 2025-02-16 00:00:00+00:00, run_after=2025-02-17 00:00:00+00:00
[2025-02-17T06:01:16.469+0000] {processor.py:208} INFO - Processing /home/airflow/.local/lib/python3.12/site-packages/airflow/example_dags/example_nested_branch_dag.py took 0.085 seconds
[2025-02-17T06:01:48.630+0000] {processor.py:186} INFO - Started process (PID=1186) to work on /home/airflow/.local/lib/python3.12/site-packages/airflow/example_dags/example_nested_branch_dag.py
[2025-02-17T06:01:48.632+0000] {processor.py:914} INFO - Processing file /home/airflow/.local/lib/python3.12/site-packages/airflow/example_dags/example_nested_branch_dag.py for tasks to queue
[2025-02-17T06:01:48.634+0000] {logging_mixin.py:190} INFO - [2025-02-17T06:01:48.634+0000] {dagbag.py:588} INFO - Filling up the DagBag from /home/airflow/.local/lib/python3.12/site-packages/airflow/example_dags/example_nested_branch_dag.py
[2025-02-17T06:01:48.647+0000] {processor.py:925} INFO - DAG(s) 'example_nested_branch_dag' retrieved from /home/airflow/.local/lib/python3.12/site-packages/airflow/example_dags/example_nested_branch_dag.py
[2025-02-17T06:01:48.670+0000] {logging_mixin.py:190} INFO - [2025-02-17T06:01:48.670+0000] {dag.py:3239} INFO - Sync 1 DAGs
[2025-02-17T06:01:48.693+0000] {logging_mixin.py:190} INFO - [2025-02-17T06:01:48.693+0000] {dag.py:4180} INFO - Setting next_dagrun for example_nested_branch_dag to 2025-02-16 00:00:00+00:00, run_after=2025-02-17 00:00:00+00:00
[2025-02-17T06:01:48.716+0000] {processor.py:208} INFO - Processing /home/airflow/.local/lib/python3.12/site-packages/airflow/example_dags/example_nested_branch_dag.py took 0.092 seconds
[2025-02-17T06:02:19.159+0000] {processor.py:186} INFO - Started process (PID=1264) to work on /home/airflow/.local/lib/python3.12/site-packages/airflow/example_dags/example_nested_branch_dag.py
[2025-02-17T06:02:19.161+0000] {processor.py:914} INFO - Processing file /home/airflow/.local/lib/python3.12/site-packages/airflow/example_dags/example_nested_branch_dag.py for tasks to queue
[2025-02-17T06:02:19.164+0000] {logging_mixin.py:190} INFO - [2025-02-17T06:02:19.163+0000] {dagbag.py:588} INFO - Filling up the DagBag from /home/airflow/.local/lib/python3.12/site-packages/airflow/example_dags/example_nested_branch_dag.py
[2025-02-17T06:02:19.177+0000] {processor.py:925} INFO - DAG(s) 'example_nested_branch_dag' retrieved from /home/airflow/.local/lib/python3.12/site-packages/airflow/example_dags/example_nested_branch_dag.py
[2025-02-17T06:02:19.200+0000] {logging_mixin.py:190} INFO - [2025-02-17T06:02:19.200+0000] {dag.py:3239} INFO - Sync 1 DAGs
[2025-02-17T06:02:19.230+0000] {logging_mixin.py:190} INFO - [2025-02-17T06:02:19.230+0000] {dag.py:4180} INFO - Setting next_dagrun for example_nested_branch_dag to 2025-02-16 00:00:00+00:00, run_after=2025-02-17 00:00:00+00:00
[2025-02-17T06:02:19.259+0000] {processor.py:208} INFO - Processing /home/airflow/.local/lib/python3.12/site-packages/airflow/example_dags/example_nested_branch_dag.py took 0.105 seconds
[2025-02-17T06:02:49.749+0000] {processor.py:186} INFO - Started process (PID=1342) to work on /home/airflow/.local/lib/python3.12/site-packages/airflow/example_dags/example_nested_branch_dag.py
[2025-02-17T06:02:49.752+0000] {processor.py:914} INFO - Processing file /home/airflow/.local/lib/python3.12/site-packages/airflow/example_dags/example_nested_branch_dag.py for tasks to queue
[2025-02-17T06:02:49.758+0000] {logging_mixin.py:190} INFO - [2025-02-17T06:02:49.757+0000] {dagbag.py:588} INFO - Filling up the DagBag from /home/airflow/.local/lib/python3.12/site-packages/airflow/example_dags/example_nested_branch_dag.py
[2025-02-17T06:02:49.785+0000] {processor.py:925} INFO - DAG(s) 'example_nested_branch_dag' retrieved from /home/airflow/.local/lib/python3.12/site-packages/airflow/example_dags/example_nested_branch_dag.py
[2025-02-17T06:02:49.822+0000] {logging_mixin.py:190} INFO - [2025-02-17T06:02:49.822+0000] {dag.py:3239} INFO - Sync 1 DAGs
[2025-02-17T06:02:49.864+0000] {logging_mixin.py:190} INFO - [2025-02-17T06:02:49.864+0000] {dag.py:4180} INFO - Setting next_dagrun for example_nested_branch_dag to 2025-02-16 00:00:00+00:00, run_after=2025-02-17 00:00:00+00:00
[2025-02-17T06:02:49.892+0000] {processor.py:208} INFO - Processing /home/airflow/.local/lib/python3.12/site-packages/airflow/example_dags/example_nested_branch_dag.py took 0.154 seconds
[2025-02-17T06:03:20.782+0000] {processor.py:186} INFO - Started process (PID=1420) to work on /home/airflow/.local/lib/python3.12/site-packages/airflow/example_dags/example_nested_branch_dag.py
[2025-02-17T06:03:20.784+0000] {processor.py:914} INFO - Processing file /home/airflow/.local/lib/python3.12/site-packages/airflow/example_dags/example_nested_branch_dag.py for tasks to queue
[2025-02-17T06:03:20.787+0000] {logging_mixin.py:190} INFO - [2025-02-17T06:03:20.786+0000] {dagbag.py:588} INFO - Filling up the DagBag from /home/airflow/.local/lib/python3.12/site-packages/airflow/example_dags/example_nested_branch_dag.py
[2025-02-17T06:03:20.801+0000] {processor.py:925} INFO - DAG(s) 'example_nested_branch_dag' retrieved from /home/airflow/.local/lib/python3.12/site-packages/airflow/example_dags/example_nested_branch_dag.py
[2025-02-17T06:03:20.822+0000] {logging_mixin.py:190} INFO - [2025-02-17T06:03:20.821+0000] {dag.py:3239} INFO - Sync 1 DAGs
[2025-02-17T06:03:20.851+0000] {logging_mixin.py:190} INFO - [2025-02-17T06:03:20.851+0000] {dag.py:4180} INFO - Setting next_dagrun for example_nested_branch_dag to 2025-02-16 00:00:00+00:00, run_after=2025-02-17 00:00:00+00:00
[2025-02-17T06:03:20.879+0000] {processor.py:208} INFO - Processing /home/airflow/.local/lib/python3.12/site-packages/airflow/example_dags/example_nested_branch_dag.py took 0.104 seconds
[2025-02-17T06:03:51.792+0000] {processor.py:186} INFO - Started process (PID=1498) to work on /home/airflow/.local/lib/python3.12/site-packages/airflow/example_dags/example_nested_branch_dag.py
[2025-02-17T06:03:51.793+0000] {processor.py:914} INFO - Processing file /home/airflow/.local/lib/python3.12/site-packages/airflow/example_dags/example_nested_branch_dag.py for tasks to queue
[2025-02-17T06:03:51.800+0000] {logging_mixin.py:190} INFO - [2025-02-17T06:03:51.797+0000] {dagbag.py:588} INFO - Filling up the DagBag from /home/airflow/.local/lib/python3.12/site-packages/airflow/example_dags/example_nested_branch_dag.py
[2025-02-17T06:03:51.813+0000] {processor.py:925} INFO - DAG(s) 'example_nested_branch_dag' retrieved from /home/airflow/.local/lib/python3.12/site-packages/airflow/example_dags/example_nested_branch_dag.py
[2025-02-17T06:03:51.843+0000] {logging_mixin.py:190} INFO - [2025-02-17T06:03:51.843+0000] {dag.py:3239} INFO - Sync 1 DAGs
[2025-02-17T06:03:51.874+0000] {logging_mixin.py:190} INFO - [2025-02-17T06:03:51.874+0000] {dag.py:4180} INFO - Setting next_dagrun for example_nested_branch_dag to 2025-02-16 00:00:00+00:00, run_after=2025-02-17 00:00:00+00:00
[2025-02-17T06:03:51.902+0000] {processor.py:208} INFO - Processing /home/airflow/.local/lib/python3.12/site-packages/airflow/example_dags/example_nested_branch_dag.py took 0.117 seconds
[2025-02-17T06:04:22.510+0000] {processor.py:186} INFO - Started process (PID=1575) to work on /home/airflow/.local/lib/python3.12/site-packages/airflow/example_dags/example_nested_branch_dag.py
[2025-02-17T06:04:22.512+0000] {processor.py:914} INFO - Processing file /home/airflow/.local/lib/python3.12/site-packages/airflow/example_dags/example_nested_branch_dag.py for tasks to queue
[2025-02-17T06:04:22.515+0000] {logging_mixin.py:190} INFO - [2025-02-17T06:04:22.515+0000] {dagbag.py:588} INFO - Filling up the DagBag from /home/airflow/.local/lib/python3.12/site-packages/airflow/example_dags/example_nested_branch_dag.py
[2025-02-17T06:04:22.535+0000] {processor.py:925} INFO - DAG(s) 'example_nested_branch_dag' retrieved from /home/airflow/.local/lib/python3.12/site-packages/airflow/example_dags/example_nested_branch_dag.py
[2025-02-17T06:04:22.568+0000] {logging_mixin.py:190} INFO - [2025-02-17T06:04:22.567+0000] {dag.py:3239} INFO - Sync 1 DAGs
[2025-02-17T06:04:22.603+0000] {logging_mixin.py:190} INFO - [2025-02-17T06:04:22.603+0000] {dag.py:4180} INFO - Setting next_dagrun for example_nested_branch_dag to 2025-02-16 00:00:00+00:00, run_after=2025-02-17 00:00:00+00:00
[2025-02-17T06:04:22.631+0000] {processor.py:208} INFO - Processing /home/airflow/.local/lib/python3.12/site-packages/airflow/example_dags/example_nested_branch_dag.py took 0.129 seconds
[2025-02-17T06:04:52.885+0000] {processor.py:186} INFO - Started process (PID=1653) to work on /home/airflow/.local/lib/python3.12/site-packages/airflow/example_dags/example_nested_branch_dag.py
[2025-02-17T06:04:52.886+0000] {processor.py:914} INFO - Processing file /home/airflow/.local/lib/python3.12/site-packages/airflow/example_dags/example_nested_branch_dag.py for tasks to queue
[2025-02-17T06:04:52.895+0000] {logging_mixin.py:190} INFO - [2025-02-17T06:04:52.894+0000] {dagbag.py:588} INFO - Filling up the DagBag from /home/airflow/.local/lib/python3.12/site-packages/airflow/example_dags/example_nested_branch_dag.py
[2025-02-17T06:04:52.919+0000] {processor.py:925} INFO - DAG(s) 'example_nested_branch_dag' retrieved from /home/airflow/.local/lib/python3.12/site-packages/airflow/example_dags/example_nested_branch_dag.py
[2025-02-17T06:04:52.951+0000] {logging_mixin.py:190} INFO - [2025-02-17T06:04:52.951+0000] {dag.py:3239} INFO - Sync 1 DAGs
[2025-02-17T06:04:52.997+0000] {logging_mixin.py:190} INFO - [2025-02-17T06:04:52.997+0000] {dag.py:4180} INFO - Setting next_dagrun for example_nested_branch_dag to 2025-02-16 00:00:00+00:00, run_after=2025-02-17 00:00:00+00:00
[2025-02-17T06:04:53.033+0000] {processor.py:208} INFO - Processing /home/airflow/.local/lib/python3.12/site-packages/airflow/example_dags/example_nested_branch_dag.py took 0.158 seconds
[2025-02-17T06:05:23.788+0000] {processor.py:186} INFO - Started process (PID=1736) to work on /home/airflow/.local/lib/python3.12/site-packages/airflow/example_dags/example_nested_branch_dag.py
[2025-02-17T06:05:23.789+0000] {processor.py:914} INFO - Processing file /home/airflow/.local/lib/python3.12/site-packages/airflow/example_dags/example_nested_branch_dag.py for tasks to queue
[2025-02-17T06:05:23.793+0000] {logging_mixin.py:190} INFO - [2025-02-17T06:05:23.793+0000] {dagbag.py:588} INFO - Filling up the DagBag from /home/airflow/.local/lib/python3.12/site-packages/airflow/example_dags/example_nested_branch_dag.py
[2025-02-17T06:05:23.809+0000] {processor.py:925} INFO - DAG(s) 'example_nested_branch_dag' retrieved from /home/airflow/.local/lib/python3.12/site-packages/airflow/example_dags/example_nested_branch_dag.py
[2025-02-17T06:05:23.835+0000] {logging_mixin.py:190} INFO - [2025-02-17T06:05:23.835+0000] {dag.py:3239} INFO - Sync 1 DAGs
[2025-02-17T06:05:23.861+0000] {logging_mixin.py:190} INFO - [2025-02-17T06:05:23.861+0000] {dag.py:4180} INFO - Setting next_dagrun for example_nested_branch_dag to 2025-02-16 00:00:00+00:00, run_after=2025-02-17 00:00:00+00:00
[2025-02-17T06:05:23.883+0000] {processor.py:208} INFO - Processing /home/airflow/.local/lib/python3.12/site-packages/airflow/example_dags/example_nested_branch_dag.py took 0.102 seconds
[2025-02-17T06:05:54.427+0000] {processor.py:186} INFO - Started process (PID=1814) to work on /home/airflow/.local/lib/python3.12/site-packages/airflow/example_dags/example_nested_branch_dag.py
[2025-02-17T06:05:54.429+0000] {processor.py:914} INFO - Processing file /home/airflow/.local/lib/python3.12/site-packages/airflow/example_dags/example_nested_branch_dag.py for tasks to queue
[2025-02-17T06:05:54.433+0000] {logging_mixin.py:190} INFO - [2025-02-17T06:05:54.432+0000] {dagbag.py:588} INFO - Filling up the DagBag from /home/airflow/.local/lib/python3.12/site-packages/airflow/example_dags/example_nested_branch_dag.py
[2025-02-17T06:05:54.446+0000] {processor.py:925} INFO - DAG(s) 'example_nested_branch_dag' retrieved from /home/airflow/.local/lib/python3.12/site-packages/airflow/example_dags/example_nested_branch_dag.py
[2025-02-17T06:05:54.473+0000] {logging_mixin.py:190} INFO - [2025-02-17T06:05:54.473+0000] {dag.py:3239} INFO - Sync 1 DAGs
[2025-02-17T06:05:54.513+0000] {logging_mixin.py:190} INFO - [2025-02-17T06:05:54.512+0000] {dag.py:4180} INFO - Setting next_dagrun for example_nested_branch_dag to 2025-02-16 00:00:00+00:00, run_after=2025-02-17 00:00:00+00:00
[2025-02-17T06:05:54.542+0000] {processor.py:208} INFO - Processing /home/airflow/.local/lib/python3.12/site-packages/airflow/example_dags/example_nested_branch_dag.py took 0.122 seconds
[2025-02-17T06:06:24.737+0000] {processor.py:186} INFO - Started process (PID=1892) to work on /home/airflow/.local/lib/python3.12/site-packages/airflow/example_dags/example_nested_branch_dag.py
[2025-02-17T06:06:24.738+0000] {processor.py:914} INFO - Processing file /home/airflow/.local/lib/python3.12/site-packages/airflow/example_dags/example_nested_branch_dag.py for tasks to queue
[2025-02-17T06:06:24.741+0000] {logging_mixin.py:190} INFO - [2025-02-17T06:06:24.740+0000] {dagbag.py:588} INFO - Filling up the DagBag from /home/airflow/.local/lib/python3.12/site-packages/airflow/example_dags/example_nested_branch_dag.py
[2025-02-17T06:06:24.754+0000] {processor.py:925} INFO - DAG(s) 'example_nested_branch_dag' retrieved from /home/airflow/.local/lib/python3.12/site-packages/airflow/example_dags/example_nested_branch_dag.py
[2025-02-17T06:06:24.778+0000] {logging_mixin.py:190} INFO - [2025-02-17T06:06:24.777+0000] {dag.py:3239} INFO - Sync 1 DAGs
[2025-02-17T06:06:24.810+0000] {logging_mixin.py:190} INFO - [2025-02-17T06:06:24.809+0000] {dag.py:4180} INFO - Setting next_dagrun for example_nested_branch_dag to 2025-02-16 00:00:00+00:00, run_after=2025-02-17 00:00:00+00:00
[2025-02-17T06:06:24.830+0000] {processor.py:208} INFO - Processing /home/airflow/.local/lib/python3.12/site-packages/airflow/example_dags/example_nested_branch_dag.py took 0.099 seconds
[2025-02-17T06:06:55.036+0000] {processor.py:186} INFO - Started process (PID=1970) to work on /home/airflow/.local/lib/python3.12/site-packages/airflow/example_dags/example_nested_branch_dag.py
[2025-02-17T06:06:55.037+0000] {processor.py:914} INFO - Processing file /home/airflow/.local/lib/python3.12/site-packages/airflow/example_dags/example_nested_branch_dag.py for tasks to queue
[2025-02-17T06:06:55.040+0000] {logging_mixin.py:190} INFO - [2025-02-17T06:06:55.040+0000] {dagbag.py:588} INFO - Filling up the DagBag from /home/airflow/.local/lib/python3.12/site-packages/airflow/example_dags/example_nested_branch_dag.py
[2025-02-17T06:06:55.053+0000] {processor.py:925} INFO - DAG(s) 'example_nested_branch_dag' retrieved from /home/airflow/.local/lib/python3.12/site-packages/airflow/example_dags/example_nested_branch_dag.py
[2025-02-17T06:06:55.077+0000] {logging_mixin.py:190} INFO - [2025-02-17T06:06:55.077+0000] {dag.py:3239} INFO - Sync 1 DAGs
[2025-02-17T06:06:55.102+0000] {logging_mixin.py:190} INFO - [2025-02-17T06:06:55.102+0000] {dag.py:4180} INFO - Setting next_dagrun for example_nested_branch_dag to 2025-02-16 00:00:00+00:00, run_after=2025-02-17 00:00:00+00:00
[2025-02-17T06:06:55.137+0000] {processor.py:208} INFO - Processing /home/airflow/.local/lib/python3.12/site-packages/airflow/example_dags/example_nested_branch_dag.py took 0.108 seconds
[2025-02-17T06:07:25.510+0000] {processor.py:186} INFO - Started process (PID=2048) to work on /home/airflow/.local/lib/python3.12/site-packages/airflow/example_dags/example_nested_branch_dag.py
[2025-02-17T06:07:25.511+0000] {processor.py:914} INFO - Processing file /home/airflow/.local/lib/python3.12/site-packages/airflow/example_dags/example_nested_branch_dag.py for tasks to queue
[2025-02-17T06:07:25.514+0000] {logging_mixin.py:190} INFO - [2025-02-17T06:07:25.513+0000] {dagbag.py:588} INFO - Filling up the DagBag from /home/airflow/.local/lib/python3.12/site-packages/airflow/example_dags/example_nested_branch_dag.py
[2025-02-17T06:07:25.527+0000] {processor.py:925} INFO - DAG(s) 'example_nested_branch_dag' retrieved from /home/airflow/.local/lib/python3.12/site-packages/airflow/example_dags/example_nested_branch_dag.py
[2025-02-17T06:07:25.550+0000] {logging_mixin.py:190} INFO - [2025-02-17T06:07:25.550+0000] {dag.py:3239} INFO - Sync 1 DAGs
[2025-02-17T06:07:25.580+0000] {logging_mixin.py:190} INFO - [2025-02-17T06:07:25.577+0000] {dag.py:4180} INFO - Setting next_dagrun for example_nested_branch_dag to 2025-02-16 00:00:00+00:00, run_after=2025-02-17 00:00:00+00:00
[2025-02-17T06:07:25.614+0000] {processor.py:208} INFO - Processing /home/airflow/.local/lib/python3.12/site-packages/airflow/example_dags/example_nested_branch_dag.py took 0.110 seconds
[2025-02-17T06:07:55.808+0000] {processor.py:186} INFO - Started process (PID=2126) to work on /home/airflow/.local/lib/python3.12/site-packages/airflow/example_dags/example_nested_branch_dag.py
[2025-02-17T06:07:55.810+0000] {processor.py:914} INFO - Processing file /home/airflow/.local/lib/python3.12/site-packages/airflow/example_dags/example_nested_branch_dag.py for tasks to queue
[2025-02-17T06:07:55.816+0000] {logging_mixin.py:190} INFO - [2025-02-17T06:07:55.815+0000] {dagbag.py:588} INFO - Filling up the DagBag from /home/airflow/.local/lib/python3.12/site-packages/airflow/example_dags/example_nested_branch_dag.py
[2025-02-17T06:07:55.834+0000] {processor.py:925} INFO - DAG(s) 'example_nested_branch_dag' retrieved from /home/airflow/.local/lib/python3.12/site-packages/airflow/example_dags/example_nested_branch_dag.py
[2025-02-17T06:07:55.864+0000] {logging_mixin.py:190} INFO - [2025-02-17T06:07:55.863+0000] {dag.py:3239} INFO - Sync 1 DAGs
[2025-02-17T06:07:55.899+0000] {logging_mixin.py:190} INFO - [2025-02-17T06:07:55.899+0000] {dag.py:4180} INFO - Setting next_dagrun for example_nested_branch_dag to 2025-02-16 00:00:00+00:00, run_after=2025-02-17 00:00:00+00:00
[2025-02-17T06:07:55.929+0000] {processor.py:208} INFO - Processing /home/airflow/.local/lib/python3.12/site-packages/airflow/example_dags/example_nested_branch_dag.py took 0.129 seconds
[2025-02-17T06:08:26.205+0000] {processor.py:186} INFO - Started process (PID=2204) to work on /home/airflow/.local/lib/python3.12/site-packages/airflow/example_dags/example_nested_branch_dag.py
[2025-02-17T06:08:26.206+0000] {processor.py:914} INFO - Processing file /home/airflow/.local/lib/python3.12/site-packages/airflow/example_dags/example_nested_branch_dag.py for tasks to queue
[2025-02-17T06:08:26.209+0000] {logging_mixin.py:190} INFO - [2025-02-17T06:08:26.208+0000] {dagbag.py:588} INFO - Filling up the DagBag from /home/airflow/.local/lib/python3.12/site-packages/airflow/example_dags/example_nested_branch_dag.py
[2025-02-17T06:08:26.222+0000] {processor.py:925} INFO - DAG(s) 'example_nested_branch_dag' retrieved from /home/airflow/.local/lib/python3.12/site-packages/airflow/example_dags/example_nested_branch_dag.py
[2025-02-17T06:08:26.245+0000] {logging_mixin.py:190} INFO - [2025-02-17T06:08:26.245+0000] {dag.py:3239} INFO - Sync 1 DAGs
[2025-02-17T06:08:26.267+0000] {logging_mixin.py:190} INFO - [2025-02-17T06:08:26.267+0000] {dag.py:4180} INFO - Setting next_dagrun for example_nested_branch_dag to 2025-02-16 00:00:00+00:00, run_after=2025-02-17 00:00:00+00:00
[2025-02-17T06:08:26.286+0000] {processor.py:208} INFO - Processing /home/airflow/.local/lib/python3.12/site-packages/airflow/example_dags/example_nested_branch_dag.py took 0.087 seconds
[2025-02-17T06:08:56.875+0000] {processor.py:186} INFO - Started process (PID=2288) to work on /home/airflow/.local/lib/python3.12/site-packages/airflow/example_dags/example_nested_branch_dag.py
[2025-02-17T06:08:56.876+0000] {processor.py:914} INFO - Processing file /home/airflow/.local/lib/python3.12/site-packages/airflow/example_dags/example_nested_branch_dag.py for tasks to queue
[2025-02-17T06:08:56.879+0000] {logging_mixin.py:190} INFO - [2025-02-17T06:08:56.878+0000] {dagbag.py:588} INFO - Filling up the DagBag from /home/airflow/.local/lib/python3.12/site-packages/airflow/example_dags/example_nested_branch_dag.py
[2025-02-17T06:08:56.891+0000] {processor.py:925} INFO - DAG(s) 'example_nested_branch_dag' retrieved from /home/airflow/.local/lib/python3.12/site-packages/airflow/example_dags/example_nested_branch_dag.py
[2025-02-17T06:08:56.912+0000] {logging_mixin.py:190} INFO - [2025-02-17T06:08:56.911+0000] {dag.py:3239} INFO - Sync 1 DAGs
[2025-02-17T06:08:56.936+0000] {logging_mixin.py:190} INFO - [2025-02-17T06:08:56.935+0000] {dag.py:4180} INFO - Setting next_dagrun for example_nested_branch_dag to 2025-02-16 00:00:00+00:00, run_after=2025-02-17 00:00:00+00:00
[2025-02-17T06:08:56.968+0000] {processor.py:208} INFO - Processing /home/airflow/.local/lib/python3.12/site-packages/airflow/example_dags/example_nested_branch_dag.py took 0.099 seconds
[2025-02-17T06:09:27.161+0000] {processor.py:186} INFO - Started process (PID=2366) to work on /home/airflow/.local/lib/python3.12/site-packages/airflow/example_dags/example_nested_branch_dag.py
[2025-02-17T06:09:27.163+0000] {processor.py:914} INFO - Processing file /home/airflow/.local/lib/python3.12/site-packages/airflow/example_dags/example_nested_branch_dag.py for tasks to queue
[2025-02-17T06:09:27.165+0000] {logging_mixin.py:190} INFO - [2025-02-17T06:09:27.165+0000] {dagbag.py:588} INFO - Filling up the DagBag from /home/airflow/.local/lib/python3.12/site-packages/airflow/example_dags/example_nested_branch_dag.py
[2025-02-17T06:09:27.176+0000] {processor.py:925} INFO - DAG(s) 'example_nested_branch_dag' retrieved from /home/airflow/.local/lib/python3.12/site-packages/airflow/example_dags/example_nested_branch_dag.py
[2025-02-17T06:09:27.194+0000] {logging_mixin.py:190} INFO - [2025-02-17T06:09:27.194+0000] {dag.py:3239} INFO - Sync 1 DAGs
[2025-02-17T06:09:27.216+0000] {logging_mixin.py:190} INFO - [2025-02-17T06:09:27.216+0000] {dag.py:4180} INFO - Setting next_dagrun for example_nested_branch_dag to 2025-02-16 00:00:00+00:00, run_after=2025-02-17 00:00:00+00:00
[2025-02-17T06:09:27.248+0000] {processor.py:208} INFO - Processing /home/airflow/.local/lib/python3.12/site-packages/airflow/example_dags/example_nested_branch_dag.py took 0.093 seconds
[2025-02-17T06:09:57.545+0000] {processor.py:186} INFO - Started process (PID=2444) to work on /home/airflow/.local/lib/python3.12/site-packages/airflow/example_dags/example_nested_branch_dag.py
[2025-02-17T06:09:57.546+0000] {processor.py:914} INFO - Processing file /home/airflow/.local/lib/python3.12/site-packages/airflow/example_dags/example_nested_branch_dag.py for tasks to queue
[2025-02-17T06:09:57.549+0000] {logging_mixin.py:190} INFO - [2025-02-17T06:09:57.549+0000] {dagbag.py:588} INFO - Filling up the DagBag from /home/airflow/.local/lib/python3.12/site-packages/airflow/example_dags/example_nested_branch_dag.py
[2025-02-17T06:09:57.561+0000] {processor.py:925} INFO - DAG(s) 'example_nested_branch_dag' retrieved from /home/airflow/.local/lib/python3.12/site-packages/airflow/example_dags/example_nested_branch_dag.py
[2025-02-17T06:09:57.580+0000] {logging_mixin.py:190} INFO - [2025-02-17T06:09:57.580+0000] {dag.py:3239} INFO - Sync 1 DAGs
[2025-02-17T06:09:57.605+0000] {logging_mixin.py:190} INFO - [2025-02-17T06:09:57.605+0000] {dag.py:4180} INFO - Setting next_dagrun for example_nested_branch_dag to 2025-02-16 00:00:00+00:00, run_after=2025-02-17 00:00:00+00:00
[2025-02-17T06:09:57.633+0000] {processor.py:208} INFO - Processing /home/airflow/.local/lib/python3.12/site-packages/airflow/example_dags/example_nested_branch_dag.py took 0.095 seconds
[2025-02-17T06:10:27.799+0000] {processor.py:186} INFO - Started process (PID=2522) to work on /home/airflow/.local/lib/python3.12/site-packages/airflow/example_dags/example_nested_branch_dag.py
[2025-02-17T06:10:27.800+0000] {processor.py:914} INFO - Processing file /home/airflow/.local/lib/python3.12/site-packages/airflow/example_dags/example_nested_branch_dag.py for tasks to queue
[2025-02-17T06:10:27.802+0000] {logging_mixin.py:190} INFO - [2025-02-17T06:10:27.802+0000] {dagbag.py:588} INFO - Filling up the DagBag from /home/airflow/.local/lib/python3.12/site-packages/airflow/example_dags/example_nested_branch_dag.py
[2025-02-17T06:10:27.812+0000] {processor.py:925} INFO - DAG(s) 'example_nested_branch_dag' retrieved from /home/airflow/.local/lib/python3.12/site-packages/airflow/example_dags/example_nested_branch_dag.py
[2025-02-17T06:10:27.832+0000] {logging_mixin.py:190} INFO - [2025-02-17T06:10:27.832+0000] {dag.py:3239} INFO - Sync 1 DAGs
[2025-02-17T06:10:27.852+0000] {logging_mixin.py:190} INFO - [2025-02-17T06:10:27.852+0000] {dag.py:4180} INFO - Setting next_dagrun for example_nested_branch_dag to 2025-02-16 00:00:00+00:00, run_after=2025-02-17 00:00:00+00:00
[2025-02-17T06:10:27.869+0000] {processor.py:208} INFO - Processing /home/airflow/.local/lib/python3.12/site-packages/airflow/example_dags/example_nested_branch_dag.py took 0.075 seconds
[2025-02-17T06:10:58.450+0000] {processor.py:186} INFO - Started process (PID=2600) to work on /home/airflow/.local/lib/python3.12/site-packages/airflow/example_dags/example_nested_branch_dag.py
[2025-02-17T06:10:58.451+0000] {processor.py:914} INFO - Processing file /home/airflow/.local/lib/python3.12/site-packages/airflow/example_dags/example_nested_branch_dag.py for tasks to queue
[2025-02-17T06:10:58.456+0000] {logging_mixin.py:190} INFO - [2025-02-17T06:10:58.455+0000] {dagbag.py:588} INFO - Filling up the DagBag from /home/airflow/.local/lib/python3.12/site-packages/airflow/example_dags/example_nested_branch_dag.py
[2025-02-17T06:10:58.473+0000] {processor.py:925} INFO - DAG(s) 'example_nested_branch_dag' retrieved from /home/airflow/.local/lib/python3.12/site-packages/airflow/example_dags/example_nested_branch_dag.py
[2025-02-17T06:10:58.502+0000] {logging_mixin.py:190} INFO - [2025-02-17T06:10:58.502+0000] {dag.py:3239} INFO - Sync 1 DAGs
[2025-02-17T06:10:58.533+0000] {logging_mixin.py:190} INFO - [2025-02-17T06:10:58.532+0000] {dag.py:4180} INFO - Setting next_dagrun for example_nested_branch_dag to 2025-02-16 00:00:00+00:00, run_after=2025-02-17 00:00:00+00:00
[2025-02-17T06:10:58.567+0000] {processor.py:208} INFO - Processing /home/airflow/.local/lib/python3.12/site-packages/airflow/example_dags/example_nested_branch_dag.py took 0.123 seconds
[2025-02-17T06:11:29.418+0000] {processor.py:186} INFO - Started process (PID=2678) to work on /home/airflow/.local/lib/python3.12/site-packages/airflow/example_dags/example_nested_branch_dag.py
[2025-02-17T06:11:29.420+0000] {processor.py:914} INFO - Processing file /home/airflow/.local/lib/python3.12/site-packages/airflow/example_dags/example_nested_branch_dag.py for tasks to queue
[2025-02-17T06:11:29.423+0000] {logging_mixin.py:190} INFO - [2025-02-17T06:11:29.423+0000] {dagbag.py:588} INFO - Filling up the DagBag from /home/airflow/.local/lib/python3.12/site-packages/airflow/example_dags/example_nested_branch_dag.py
[2025-02-17T06:11:29.439+0000] {processor.py:925} INFO - DAG(s) 'example_nested_branch_dag' retrieved from /home/airflow/.local/lib/python3.12/site-packages/airflow/example_dags/example_nested_branch_dag.py
[2025-02-17T06:11:29.473+0000] {logging_mixin.py:190} INFO - [2025-02-17T06:11:29.473+0000] {dag.py:3239} INFO - Sync 1 DAGs
[2025-02-17T06:11:29.515+0000] {logging_mixin.py:190} INFO - [2025-02-17T06:11:29.515+0000] {dag.py:4180} INFO - Setting next_dagrun for example_nested_branch_dag to 2025-02-16 00:00:00+00:00, run_after=2025-02-17 00:00:00+00:00
[2025-02-17T06:11:29.547+0000] {processor.py:208} INFO - Processing /home/airflow/.local/lib/python3.12/site-packages/airflow/example_dags/example_nested_branch_dag.py took 0.137 seconds
[2025-02-17T06:11:59.785+0000] {processor.py:186} INFO - Started process (PID=2756) to work on /home/airflow/.local/lib/python3.12/site-packages/airflow/example_dags/example_nested_branch_dag.py
[2025-02-17T06:11:59.787+0000] {processor.py:914} INFO - Processing file /home/airflow/.local/lib/python3.12/site-packages/airflow/example_dags/example_nested_branch_dag.py for tasks to queue
[2025-02-17T06:11:59.789+0000] {logging_mixin.py:190} INFO - [2025-02-17T06:11:59.789+0000] {dagbag.py:588} INFO - Filling up the DagBag from /home/airflow/.local/lib/python3.12/site-packages/airflow/example_dags/example_nested_branch_dag.py
[2025-02-17T06:11:59.803+0000] {processor.py:925} INFO - DAG(s) 'example_nested_branch_dag' retrieved from /home/airflow/.local/lib/python3.12/site-packages/airflow/example_dags/example_nested_branch_dag.py
[2025-02-17T06:11:59.824+0000] {logging_mixin.py:190} INFO - [2025-02-17T06:11:59.824+0000] {dag.py:3239} INFO - Sync 1 DAGs
[2025-02-17T06:11:59.849+0000] {logging_mixin.py:190} INFO - [2025-02-17T06:11:59.849+0000] {dag.py:4180} INFO - Setting next_dagrun for example_nested_branch_dag to 2025-02-16 00:00:00+00:00, run_after=2025-02-17 00:00:00+00:00
[2025-02-17T06:11:59.875+0000] {processor.py:208} INFO - Processing /home/airflow/.local/lib/python3.12/site-packages/airflow/example_dags/example_nested_branch_dag.py took 0.096 seconds
[2025-02-17T06:12:30.076+0000] {processor.py:186} INFO - Started process (PID=2834) to work on /home/airflow/.local/lib/python3.12/site-packages/airflow/example_dags/example_nested_branch_dag.py
[2025-02-17T06:12:30.077+0000] {processor.py:914} INFO - Processing file /home/airflow/.local/lib/python3.12/site-packages/airflow/example_dags/example_nested_branch_dag.py for tasks to queue
[2025-02-17T06:12:30.079+0000] {logging_mixin.py:190} INFO - [2025-02-17T06:12:30.079+0000] {dagbag.py:588} INFO - Filling up the DagBag from /home/airflow/.local/lib/python3.12/site-packages/airflow/example_dags/example_nested_branch_dag.py
[2025-02-17T06:12:30.090+0000] {processor.py:925} INFO - DAG(s) 'example_nested_branch_dag' retrieved from /home/airflow/.local/lib/python3.12/site-packages/airflow/example_dags/example_nested_branch_dag.py
[2025-02-17T06:12:30.110+0000] {logging_mixin.py:190} INFO - [2025-02-17T06:12:30.110+0000] {dag.py:3239} INFO - Sync 1 DAGs
[2025-02-17T06:12:30.136+0000] {logging_mixin.py:190} INFO - [2025-02-17T06:12:30.136+0000] {dag.py:4180} INFO - Setting next_dagrun for example_nested_branch_dag to 2025-02-16 00:00:00+00:00, run_after=2025-02-17 00:00:00+00:00
[2025-02-17T06:12:30.175+0000] {processor.py:208} INFO - Processing /home/airflow/.local/lib/python3.12/site-packages/airflow/example_dags/example_nested_branch_dag.py took 0.105 seconds
[2025-02-17T06:13:01.110+0000] {processor.py:186} INFO - Started process (PID=2912) to work on /home/airflow/.local/lib/python3.12/site-packages/airflow/example_dags/example_nested_branch_dag.py
[2025-02-17T06:13:01.112+0000] {processor.py:914} INFO - Processing file /home/airflow/.local/lib/python3.12/site-packages/airflow/example_dags/example_nested_branch_dag.py for tasks to queue
[2025-02-17T06:13:01.114+0000] {logging_mixin.py:190} INFO - [2025-02-17T06:13:01.113+0000] {dagbag.py:588} INFO - Filling up the DagBag from /home/airflow/.local/lib/python3.12/site-packages/airflow/example_dags/example_nested_branch_dag.py
[2025-02-17T06:13:01.126+0000] {processor.py:925} INFO - DAG(s) 'example_nested_branch_dag' retrieved from /home/airflow/.local/lib/python3.12/site-packages/airflow/example_dags/example_nested_branch_dag.py
[2025-02-17T06:13:01.147+0000] {logging_mixin.py:190} INFO - [2025-02-17T06:13:01.146+0000] {dag.py:3239} INFO - Sync 1 DAGs
[2025-02-17T06:13:01.169+0000] {logging_mixin.py:190} INFO - [2025-02-17T06:13:01.169+0000] {dag.py:4180} INFO - Setting next_dagrun for example_nested_branch_dag to 2025-02-16 00:00:00+00:00, run_after=2025-02-17 00:00:00+00:00
[2025-02-17T06:13:01.200+0000] {processor.py:208} INFO - Processing /home/airflow/.local/lib/python3.12/site-packages/airflow/example_dags/example_nested_branch_dag.py took 0.095 seconds
[2025-02-17T06:13:31.845+0000] {processor.py:186} INFO - Started process (PID=2990) to work on /home/airflow/.local/lib/python3.12/site-packages/airflow/example_dags/example_nested_branch_dag.py
[2025-02-17T06:13:31.846+0000] {processor.py:914} INFO - Processing file /home/airflow/.local/lib/python3.12/site-packages/airflow/example_dags/example_nested_branch_dag.py for tasks to queue
[2025-02-17T06:13:31.850+0000] {logging_mixin.py:190} INFO - [2025-02-17T06:13:31.849+0000] {dagbag.py:588} INFO - Filling up the DagBag from /home/airflow/.local/lib/python3.12/site-packages/airflow/example_dags/example_nested_branch_dag.py
[2025-02-17T06:13:31.862+0000] {processor.py:925} INFO - DAG(s) 'example_nested_branch_dag' retrieved from /home/airflow/.local/lib/python3.12/site-packages/airflow/example_dags/example_nested_branch_dag.py
[2025-02-17T06:13:31.887+0000] {logging_mixin.py:190} INFO - [2025-02-17T06:13:31.887+0000] {dag.py:3239} INFO - Sync 1 DAGs
[2025-02-17T06:13:31.918+0000] {logging_mixin.py:190} INFO - [2025-02-17T06:13:31.918+0000] {dag.py:4180} INFO - Setting next_dagrun for example_nested_branch_dag to 2025-02-16 00:00:00+00:00, run_after=2025-02-17 00:00:00+00:00
[2025-02-17T06:13:31.953+0000] {processor.py:208} INFO - Processing /home/airflow/.local/lib/python3.12/site-packages/airflow/example_dags/example_nested_branch_dag.py took 0.114 seconds
[2025-02-17T06:14:02.050+0000] {processor.py:186} INFO - Started process (PID=3068) to work on /home/airflow/.local/lib/python3.12/site-packages/airflow/example_dags/example_nested_branch_dag.py
[2025-02-17T06:14:02.052+0000] {processor.py:914} INFO - Processing file /home/airflow/.local/lib/python3.12/site-packages/airflow/example_dags/example_nested_branch_dag.py for tasks to queue
[2025-02-17T06:14:02.055+0000] {logging_mixin.py:190} INFO - [2025-02-17T06:14:02.055+0000] {dagbag.py:588} INFO - Filling up the DagBag from /home/airflow/.local/lib/python3.12/site-packages/airflow/example_dags/example_nested_branch_dag.py
[2025-02-17T06:14:02.074+0000] {processor.py:925} INFO - DAG(s) 'example_nested_branch_dag' retrieved from /home/airflow/.local/lib/python3.12/site-packages/airflow/example_dags/example_nested_branch_dag.py
[2025-02-17T06:14:02.100+0000] {logging_mixin.py:190} INFO - [2025-02-17T06:14:02.099+0000] {dag.py:3239} INFO - Sync 1 DAGs
[2025-02-17T06:14:02.133+0000] {logging_mixin.py:190} INFO - [2025-02-17T06:14:02.133+0000] {dag.py:4180} INFO - Setting next_dagrun for example_nested_branch_dag to 2025-02-16 00:00:00+00:00, run_after=2025-02-17 00:00:00+00:00
[2025-02-17T06:14:02.157+0000] {processor.py:208} INFO - Processing /home/airflow/.local/lib/python3.12/site-packages/airflow/example_dags/example_nested_branch_dag.py took 0.115 seconds
[2025-02-17T06:14:32.718+0000] {processor.py:186} INFO - Started process (PID=3146) to work on /home/airflow/.local/lib/python3.12/site-packages/airflow/example_dags/example_nested_branch_dag.py
[2025-02-17T06:14:32.719+0000] {processor.py:914} INFO - Processing file /home/airflow/.local/lib/python3.12/site-packages/airflow/example_dags/example_nested_branch_dag.py for tasks to queue
[2025-02-17T06:14:32.722+0000] {logging_mixin.py:190} INFO - [2025-02-17T06:14:32.721+0000] {dagbag.py:588} INFO - Filling up the DagBag from /home/airflow/.local/lib/python3.12/site-packages/airflow/example_dags/example_nested_branch_dag.py
[2025-02-17T06:14:32.734+0000] {processor.py:925} INFO - DAG(s) 'example_nested_branch_dag' retrieved from /home/airflow/.local/lib/python3.12/site-packages/airflow/example_dags/example_nested_branch_dag.py
[2025-02-17T06:14:32.755+0000] {logging_mixin.py:190} INFO - [2025-02-17T06:14:32.755+0000] {dag.py:3239} INFO - Sync 1 DAGs
[2025-02-17T06:14:32.777+0000] {logging_mixin.py:190} INFO - [2025-02-17T06:14:32.776+0000] {dag.py:4180} INFO - Setting next_dagrun for example_nested_branch_dag to 2025-02-16 00:00:00+00:00, run_after=2025-02-17 00:00:00+00:00
[2025-02-17T06:14:32.799+0000] {processor.py:208} INFO - Processing /home/airflow/.local/lib/python3.12/site-packages/airflow/example_dags/example_nested_branch_dag.py took 0.088 seconds
[2025-02-17T06:15:02.872+0000] {processor.py:186} INFO - Started process (PID=3224) to work on /home/airflow/.local/lib/python3.12/site-packages/airflow/example_dags/example_nested_branch_dag.py
[2025-02-17T06:15:02.873+0000] {processor.py:914} INFO - Processing file /home/airflow/.local/lib/python3.12/site-packages/airflow/example_dags/example_nested_branch_dag.py for tasks to queue
[2025-02-17T06:15:02.875+0000] {logging_mixin.py:190} INFO - [2025-02-17T06:15:02.875+0000] {dagbag.py:588} INFO - Filling up the DagBag from /home/airflow/.local/lib/python3.12/site-packages/airflow/example_dags/example_nested_branch_dag.py
[2025-02-17T06:15:02.888+0000] {processor.py:925} INFO - DAG(s) 'example_nested_branch_dag' retrieved from /home/airflow/.local/lib/python3.12/site-packages/airflow/example_dags/example_nested_branch_dag.py
[2025-02-17T06:15:02.911+0000] {logging_mixin.py:190} INFO - [2025-02-17T06:15:02.911+0000] {dag.py:3239} INFO - Sync 1 DAGs
[2025-02-17T06:15:02.936+0000] {logging_mixin.py:190} INFO - [2025-02-17T06:15:02.936+0000] {dag.py:4180} INFO - Setting next_dagrun for example_nested_branch_dag to 2025-02-16 00:00:00+00:00, run_after=2025-02-17 00:00:00+00:00
[2025-02-17T06:15:02.956+0000] {processor.py:208} INFO - Processing /home/airflow/.local/lib/python3.12/site-packages/airflow/example_dags/example_nested_branch_dag.py took 0.090 seconds
[2025-02-17T06:15:33.280+0000] {processor.py:186} INFO - Started process (PID=3299) to work on /home/airflow/.local/lib/python3.12/site-packages/airflow/example_dags/example_nested_branch_dag.py
[2025-02-17T06:15:33.281+0000] {processor.py:914} INFO - Processing file /home/airflow/.local/lib/python3.12/site-packages/airflow/example_dags/example_nested_branch_dag.py for tasks to queue
[2025-02-17T06:15:33.284+0000] {logging_mixin.py:190} INFO - [2025-02-17T06:15:33.283+0000] {dagbag.py:588} INFO - Filling up the DagBag from /home/airflow/.local/lib/python3.12/site-packages/airflow/example_dags/example_nested_branch_dag.py
[2025-02-17T06:15:33.296+0000] {processor.py:925} INFO - DAG(s) 'example_nested_branch_dag' retrieved from /home/airflow/.local/lib/python3.12/site-packages/airflow/example_dags/example_nested_branch_dag.py
[2025-02-17T06:15:33.320+0000] {logging_mixin.py:190} INFO - [2025-02-17T06:15:33.320+0000] {dag.py:3239} INFO - Sync 1 DAGs
[2025-02-17T06:15:33.350+0000] {logging_mixin.py:190} INFO - [2025-02-17T06:15:33.349+0000] {dag.py:4180} INFO - Setting next_dagrun for example_nested_branch_dag to 2025-02-16 00:00:00+00:00, run_after=2025-02-17 00:00:00+00:00
[2025-02-17T06:15:33.375+0000] {processor.py:208} INFO - Processing /home/airflow/.local/lib/python3.12/site-packages/airflow/example_dags/example_nested_branch_dag.py took 0.103 seconds
[2025-02-17T06:16:03.528+0000] {processor.py:186} INFO - Started process (PID=3365) to work on /home/airflow/.local/lib/python3.12/site-packages/airflow/example_dags/example_nested_branch_dag.py
[2025-02-17T06:16:03.529+0000] {processor.py:914} INFO - Processing file /home/airflow/.local/lib/python3.12/site-packages/airflow/example_dags/example_nested_branch_dag.py for tasks to queue
[2025-02-17T06:16:03.532+0000] {logging_mixin.py:190} INFO - [2025-02-17T06:16:03.532+0000] {dagbag.py:588} INFO - Filling up the DagBag from /home/airflow/.local/lib/python3.12/site-packages/airflow/example_dags/example_nested_branch_dag.py
[2025-02-17T06:16:03.542+0000] {processor.py:925} INFO - DAG(s) 'example_nested_branch_dag' retrieved from /home/airflow/.local/lib/python3.12/site-packages/airflow/example_dags/example_nested_branch_dag.py
[2025-02-17T06:16:03.564+0000] {logging_mixin.py:190} INFO - [2025-02-17T06:16:03.564+0000] {dag.py:3239} INFO - Sync 1 DAGs
[2025-02-17T06:16:03.591+0000] {logging_mixin.py:190} INFO - [2025-02-17T06:16:03.591+0000] {dag.py:4180} INFO - Setting next_dagrun for example_nested_branch_dag to 2025-02-16 00:00:00+00:00, run_after=2025-02-17 00:00:00+00:00
[2025-02-17T06:16:03.637+0000] {processor.py:208} INFO - Processing /home/airflow/.local/lib/python3.12/site-packages/airflow/example_dags/example_nested_branch_dag.py took 0.115 seconds
[2025-02-17T06:16:33.729+0000] {processor.py:186} INFO - Started process (PID=3443) to work on /home/airflow/.local/lib/python3.12/site-packages/airflow/example_dags/example_nested_branch_dag.py
[2025-02-17T06:16:33.730+0000] {processor.py:914} INFO - Processing file /home/airflow/.local/lib/python3.12/site-packages/airflow/example_dags/example_nested_branch_dag.py for tasks to queue
[2025-02-17T06:16:33.732+0000] {logging_mixin.py:190} INFO - [2025-02-17T06:16:33.732+0000] {dagbag.py:588} INFO - Filling up the DagBag from /home/airflow/.local/lib/python3.12/site-packages/airflow/example_dags/example_nested_branch_dag.py
[2025-02-17T06:16:33.742+0000] {processor.py:925} INFO - DAG(s) 'example_nested_branch_dag' retrieved from /home/airflow/.local/lib/python3.12/site-packages/airflow/example_dags/example_nested_branch_dag.py
[2025-02-17T06:16:33.762+0000] {logging_mixin.py:190} INFO - [2025-02-17T06:16:33.761+0000] {dag.py:3239} INFO - Sync 1 DAGs
[2025-02-17T06:16:33.782+0000] {logging_mixin.py:190} INFO - [2025-02-17T06:16:33.782+0000] {dag.py:4180} INFO - Setting next_dagrun for example_nested_branch_dag to 2025-02-16 00:00:00+00:00, run_after=2025-02-17 00:00:00+00:00
[2025-02-17T06:16:33.807+0000] {processor.py:208} INFO - Processing /home/airflow/.local/lib/python3.12/site-packages/airflow/example_dags/example_nested_branch_dag.py took 0.084 seconds
[2025-02-17T06:17:03.952+0000] {processor.py:186} INFO - Started process (PID=3521) to work on /home/airflow/.local/lib/python3.12/site-packages/airflow/example_dags/example_nested_branch_dag.py
[2025-02-17T06:17:03.954+0000] {processor.py:914} INFO - Processing file /home/airflow/.local/lib/python3.12/site-packages/airflow/example_dags/example_nested_branch_dag.py for tasks to queue
[2025-02-17T06:17:03.956+0000] {logging_mixin.py:190} INFO - [2025-02-17T06:17:03.956+0000] {dagbag.py:588} INFO - Filling up the DagBag from /home/airflow/.local/lib/python3.12/site-packages/airflow/example_dags/example_nested_branch_dag.py
[2025-02-17T06:17:03.967+0000] {processor.py:925} INFO - DAG(s) 'example_nested_branch_dag' retrieved from /home/airflow/.local/lib/python3.12/site-packages/airflow/example_dags/example_nested_branch_dag.py
[2025-02-17T06:17:03.988+0000] {logging_mixin.py:190} INFO - [2025-02-17T06:17:03.988+0000] {dag.py:3239} INFO - Sync 1 DAGs
[2025-02-17T06:17:04.008+0000] {logging_mixin.py:190} INFO - [2025-02-17T06:17:04.008+0000] {dag.py:4180} INFO - Setting next_dagrun for example_nested_branch_dag to 2025-02-16 00:00:00+00:00, run_after=2025-02-17 00:00:00+00:00
[2025-02-17T06:17:04.022+0000] {processor.py:208} INFO - Processing /home/airflow/.local/lib/python3.12/site-packages/airflow/example_dags/example_nested_branch_dag.py took 0.075 seconds
[2025-02-17T06:17:34.497+0000] {processor.py:186} INFO - Started process (PID=3597) to work on /home/airflow/.local/lib/python3.12/site-packages/airflow/example_dags/example_nested_branch_dag.py
[2025-02-17T06:17:34.498+0000] {processor.py:914} INFO - Processing file /home/airflow/.local/lib/python3.12/site-packages/airflow/example_dags/example_nested_branch_dag.py for tasks to queue
[2025-02-17T06:17:34.501+0000] {logging_mixin.py:190} INFO - [2025-02-17T06:17:34.500+0000] {dagbag.py:588} INFO - Filling up the DagBag from /home/airflow/.local/lib/python3.12/site-packages/airflow/example_dags/example_nested_branch_dag.py
[2025-02-17T06:17:34.511+0000] {processor.py:925} INFO - DAG(s) 'example_nested_branch_dag' retrieved from /home/airflow/.local/lib/python3.12/site-packages/airflow/example_dags/example_nested_branch_dag.py
[2025-02-17T06:17:34.531+0000] {logging_mixin.py:190} INFO - [2025-02-17T06:17:34.530+0000] {dag.py:3239} INFO - Sync 1 DAGs
[2025-02-17T06:17:34.552+0000] {logging_mixin.py:190} INFO - [2025-02-17T06:17:34.551+0000] {dag.py:4180} INFO - Setting next_dagrun for example_nested_branch_dag to 2025-02-16 00:00:00+00:00, run_after=2025-02-17 00:00:00+00:00
[2025-02-17T06:17:34.569+0000] {processor.py:208} INFO - Processing /home/airflow/.local/lib/python3.12/site-packages/airflow/example_dags/example_nested_branch_dag.py took 0.079 seconds
[2025-02-17T06:18:05.335+0000] {processor.py:186} INFO - Started process (PID=3674) to work on /home/airflow/.local/lib/python3.12/site-packages/airflow/example_dags/example_nested_branch_dag.py
[2025-02-17T06:18:05.337+0000] {processor.py:914} INFO - Processing file /home/airflow/.local/lib/python3.12/site-packages/airflow/example_dags/example_nested_branch_dag.py for tasks to queue
[2025-02-17T06:18:05.340+0000] {logging_mixin.py:190} INFO - [2025-02-17T06:18:05.339+0000] {dagbag.py:588} INFO - Filling up the DagBag from /home/airflow/.local/lib/python3.12/site-packages/airflow/example_dags/example_nested_branch_dag.py
[2025-02-17T06:18:05.353+0000] {processor.py:925} INFO - DAG(s) 'example_nested_branch_dag' retrieved from /home/airflow/.local/lib/python3.12/site-packages/airflow/example_dags/example_nested_branch_dag.py
[2025-02-17T06:18:05.378+0000] {logging_mixin.py:190} INFO - [2025-02-17T06:18:05.378+0000] {dag.py:3239} INFO - Sync 1 DAGs
[2025-02-17T06:18:05.405+0000] {logging_mixin.py:190} INFO - [2025-02-17T06:18:05.405+0000] {dag.py:4180} INFO - Setting next_dagrun for example_nested_branch_dag to 2025-02-16 00:00:00+00:00, run_after=2025-02-17 00:00:00+00:00
[2025-02-17T06:18:05.425+0000] {processor.py:208} INFO - Processing /home/airflow/.local/lib/python3.12/site-packages/airflow/example_dags/example_nested_branch_dag.py took 0.096 seconds
[2025-02-17T06:18:35.550+0000] {processor.py:186} INFO - Started process (PID=3751) to work on /home/airflow/.local/lib/python3.12/site-packages/airflow/example_dags/example_nested_branch_dag.py
[2025-02-17T06:18:35.551+0000] {processor.py:914} INFO - Processing file /home/airflow/.local/lib/python3.12/site-packages/airflow/example_dags/example_nested_branch_dag.py for tasks to queue
[2025-02-17T06:18:35.554+0000] {logging_mixin.py:190} INFO - [2025-02-17T06:18:35.553+0000] {dagbag.py:588} INFO - Filling up the DagBag from /home/airflow/.local/lib/python3.12/site-packages/airflow/example_dags/example_nested_branch_dag.py
[2025-02-17T06:18:35.568+0000] {processor.py:925} INFO - DAG(s) 'example_nested_branch_dag' retrieved from /home/airflow/.local/lib/python3.12/site-packages/airflow/example_dags/example_nested_branch_dag.py
[2025-02-17T06:18:35.589+0000] {logging_mixin.py:190} INFO - [2025-02-17T06:18:35.589+0000] {dag.py:3239} INFO - Sync 1 DAGs
[2025-02-17T06:18:35.619+0000] {logging_mixin.py:190} INFO - [2025-02-17T06:18:35.618+0000] {dag.py:4180} INFO - Setting next_dagrun for example_nested_branch_dag to 2025-02-16 00:00:00+00:00, run_after=2025-02-17 00:00:00+00:00
[2025-02-17T06:18:35.657+0000] {processor.py:208} INFO - Processing /home/airflow/.local/lib/python3.12/site-packages/airflow/example_dags/example_nested_branch_dag.py took 0.115 seconds
[2025-02-17T06:19:05.755+0000] {processor.py:186} INFO - Started process (PID=3827) to work on /home/airflow/.local/lib/python3.12/site-packages/airflow/example_dags/example_nested_branch_dag.py
[2025-02-17T06:19:05.757+0000] {processor.py:914} INFO - Processing file /home/airflow/.local/lib/python3.12/site-packages/airflow/example_dags/example_nested_branch_dag.py for tasks to queue
[2025-02-17T06:19:05.760+0000] {logging_mixin.py:190} INFO - [2025-02-17T06:19:05.760+0000] {dagbag.py:588} INFO - Filling up the DagBag from /home/airflow/.local/lib/python3.12/site-packages/airflow/example_dags/example_nested_branch_dag.py
[2025-02-17T06:19:05.775+0000] {processor.py:925} INFO - DAG(s) 'example_nested_branch_dag' retrieved from /home/airflow/.local/lib/python3.12/site-packages/airflow/example_dags/example_nested_branch_dag.py
[2025-02-17T06:19:05.806+0000] {logging_mixin.py:190} INFO - [2025-02-17T06:19:05.806+0000] {dag.py:3239} INFO - Sync 1 DAGs
[2025-02-17T06:19:05.832+0000] {logging_mixin.py:190} INFO - [2025-02-17T06:19:05.831+0000] {dag.py:4180} INFO - Setting next_dagrun for example_nested_branch_dag to 2025-02-16 00:00:00+00:00, run_after=2025-02-17 00:00:00+00:00
[2025-02-17T06:19:05.862+0000] {processor.py:208} INFO - Processing /home/airflow/.local/lib/python3.12/site-packages/airflow/example_dags/example_nested_branch_dag.py took 0.115 seconds
[2025-02-17T06:19:36.334+0000] {processor.py:186} INFO - Started process (PID=3897) to work on /home/airflow/.local/lib/python3.12/site-packages/airflow/example_dags/example_nested_branch_dag.py
[2025-02-17T06:19:36.335+0000] {processor.py:914} INFO - Processing file /home/airflow/.local/lib/python3.12/site-packages/airflow/example_dags/example_nested_branch_dag.py for tasks to queue
[2025-02-17T06:19:36.338+0000] {logging_mixin.py:190} INFO - [2025-02-17T06:19:36.337+0000] {dagbag.py:588} INFO - Filling up the DagBag from /home/airflow/.local/lib/python3.12/site-packages/airflow/example_dags/example_nested_branch_dag.py
[2025-02-17T06:19:36.348+0000] {processor.py:925} INFO - DAG(s) 'example_nested_branch_dag' retrieved from /home/airflow/.local/lib/python3.12/site-packages/airflow/example_dags/example_nested_branch_dag.py
[2025-02-17T06:19:36.368+0000] {logging_mixin.py:190} INFO - [2025-02-17T06:19:36.368+0000] {dag.py:3239} INFO - Sync 1 DAGs
[2025-02-17T06:19:36.387+0000] {logging_mixin.py:190} INFO - [2025-02-17T06:19:36.387+0000] {dag.py:4180} INFO - Setting next_dagrun for example_nested_branch_dag to 2025-02-16 00:00:00+00:00, run_after=2025-02-17 00:00:00+00:00
[2025-02-17T06:19:36.405+0000] {processor.py:208} INFO - Processing /home/airflow/.local/lib/python3.12/site-packages/airflow/example_dags/example_nested_branch_dag.py took 0.076 seconds
[2025-02-17T06:20:07.450+0000] {processor.py:186} INFO - Started process (PID=3975) to work on /home/airflow/.local/lib/python3.12/site-packages/airflow/example_dags/example_nested_branch_dag.py
[2025-02-17T06:20:07.451+0000] {processor.py:914} INFO - Processing file /home/airflow/.local/lib/python3.12/site-packages/airflow/example_dags/example_nested_branch_dag.py for tasks to queue
[2025-02-17T06:20:07.453+0000] {logging_mixin.py:190} INFO - [2025-02-17T06:20:07.453+0000] {dagbag.py:588} INFO - Filling up the DagBag from /home/airflow/.local/lib/python3.12/site-packages/airflow/example_dags/example_nested_branch_dag.py
[2025-02-17T06:20:07.466+0000] {processor.py:925} INFO - DAG(s) 'example_nested_branch_dag' retrieved from /home/airflow/.local/lib/python3.12/site-packages/airflow/example_dags/example_nested_branch_dag.py
[2025-02-17T06:20:07.490+0000] {logging_mixin.py:190} INFO - [2025-02-17T06:20:07.490+0000] {dag.py:3239} INFO - Sync 1 DAGs
[2025-02-17T06:20:07.511+0000] {logging_mixin.py:190} INFO - [2025-02-17T06:20:07.511+0000] {dag.py:4180} INFO - Setting next_dagrun for example_nested_branch_dag to 2025-02-16 00:00:00+00:00, run_after=2025-02-17 00:00:00+00:00
[2025-02-17T06:20:07.528+0000] {processor.py:208} INFO - Processing /home/airflow/.local/lib/python3.12/site-packages/airflow/example_dags/example_nested_branch_dag.py took 0.084 seconds
[2025-02-17T06:20:38.154+0000] {processor.py:186} INFO - Started process (PID=4050) to work on /home/airflow/.local/lib/python3.12/site-packages/airflow/example_dags/example_nested_branch_dag.py
[2025-02-17T06:20:38.155+0000] {processor.py:914} INFO - Processing file /home/airflow/.local/lib/python3.12/site-packages/airflow/example_dags/example_nested_branch_dag.py for tasks to queue
[2025-02-17T06:20:38.158+0000] {logging_mixin.py:190} INFO - [2025-02-17T06:20:38.158+0000] {dagbag.py:588} INFO - Filling up the DagBag from /home/airflow/.local/lib/python3.12/site-packages/airflow/example_dags/example_nested_branch_dag.py
[2025-02-17T06:20:38.169+0000] {processor.py:925} INFO - DAG(s) 'example_nested_branch_dag' retrieved from /home/airflow/.local/lib/python3.12/site-packages/airflow/example_dags/example_nested_branch_dag.py
[2025-02-17T06:20:38.192+0000] {logging_mixin.py:190} INFO - [2025-02-17T06:20:38.191+0000] {dag.py:3239} INFO - Sync 1 DAGs
[2025-02-17T06:20:38.218+0000] {logging_mixin.py:190} INFO - [2025-02-17T06:20:38.218+0000] {dag.py:4180} INFO - Setting next_dagrun for example_nested_branch_dag to 2025-02-16 00:00:00+00:00, run_after=2025-02-17 00:00:00+00:00
[2025-02-17T06:20:38.236+0000] {processor.py:208} INFO - Processing /home/airflow/.local/lib/python3.12/site-packages/airflow/example_dags/example_nested_branch_dag.py took 0.088 seconds
[2025-02-17T06:21:08.457+0000] {processor.py:186} INFO - Started process (PID=4128) to work on /home/airflow/.local/lib/python3.12/site-packages/airflow/example_dags/example_nested_branch_dag.py
[2025-02-17T06:21:08.458+0000] {processor.py:914} INFO - Processing file /home/airflow/.local/lib/python3.12/site-packages/airflow/example_dags/example_nested_branch_dag.py for tasks to queue
[2025-02-17T06:21:08.460+0000] {logging_mixin.py:190} INFO - [2025-02-17T06:21:08.460+0000] {dagbag.py:588} INFO - Filling up the DagBag from /home/airflow/.local/lib/python3.12/site-packages/airflow/example_dags/example_nested_branch_dag.py
[2025-02-17T06:21:08.471+0000] {processor.py:925} INFO - DAG(s) 'example_nested_branch_dag' retrieved from /home/airflow/.local/lib/python3.12/site-packages/airflow/example_dags/example_nested_branch_dag.py
[2025-02-17T06:21:08.495+0000] {logging_mixin.py:190} INFO - [2025-02-17T06:21:08.495+0000] {dag.py:3239} INFO - Sync 1 DAGs
[2025-02-17T06:21:08.522+0000] {logging_mixin.py:190} INFO - [2025-02-17T06:21:08.522+0000] {dag.py:4180} INFO - Setting next_dagrun for example_nested_branch_dag to 2025-02-16 00:00:00+00:00, run_after=2025-02-17 00:00:00+00:00
[2025-02-17T06:21:08.542+0000] {processor.py:208} INFO - Processing /home/airflow/.local/lib/python3.12/site-packages/airflow/example_dags/example_nested_branch_dag.py took 0.091 seconds
[2025-02-17T06:21:39.449+0000] {processor.py:186} INFO - Started process (PID=4206) to work on /home/airflow/.local/lib/python3.12/site-packages/airflow/example_dags/example_nested_branch_dag.py
[2025-02-17T06:21:39.451+0000] {processor.py:914} INFO - Processing file /home/airflow/.local/lib/python3.12/site-packages/airflow/example_dags/example_nested_branch_dag.py for tasks to queue
[2025-02-17T06:21:39.456+0000] {logging_mixin.py:190} INFO - [2025-02-17T06:21:39.455+0000] {dagbag.py:588} INFO - Filling up the DagBag from /home/airflow/.local/lib/python3.12/site-packages/airflow/example_dags/example_nested_branch_dag.py
[2025-02-17T06:21:39.471+0000] {processor.py:925} INFO - DAG(s) 'example_nested_branch_dag' retrieved from /home/airflow/.local/lib/python3.12/site-packages/airflow/example_dags/example_nested_branch_dag.py
[2025-02-17T06:21:39.500+0000] {logging_mixin.py:190} INFO - [2025-02-17T06:21:39.499+0000] {dag.py:3239} INFO - Sync 1 DAGs
[2025-02-17T06:21:39.526+0000] {logging_mixin.py:190} INFO - [2025-02-17T06:21:39.526+0000] {dag.py:4180} INFO - Setting next_dagrun for example_nested_branch_dag to 2025-02-16 00:00:00+00:00, run_after=2025-02-17 00:00:00+00:00
[2025-02-17T06:21:39.571+0000] {processor.py:208} INFO - Processing /home/airflow/.local/lib/python3.12/site-packages/airflow/example_dags/example_nested_branch_dag.py took 0.129 seconds
[2025-02-17T06:22:09.701+0000] {processor.py:186} INFO - Started process (PID=4283) to work on /home/airflow/.local/lib/python3.12/site-packages/airflow/example_dags/example_nested_branch_dag.py
[2025-02-17T06:22:09.702+0000] {processor.py:914} INFO - Processing file /home/airflow/.local/lib/python3.12/site-packages/airflow/example_dags/example_nested_branch_dag.py for tasks to queue
[2025-02-17T06:22:09.704+0000] {logging_mixin.py:190} INFO - [2025-02-17T06:22:09.704+0000] {dagbag.py:588} INFO - Filling up the DagBag from /home/airflow/.local/lib/python3.12/site-packages/airflow/example_dags/example_nested_branch_dag.py
[2025-02-17T06:22:09.714+0000] {processor.py:925} INFO - DAG(s) 'example_nested_branch_dag' retrieved from /home/airflow/.local/lib/python3.12/site-packages/airflow/example_dags/example_nested_branch_dag.py
[2025-02-17T06:22:09.730+0000] {logging_mixin.py:190} INFO - [2025-02-17T06:22:09.729+0000] {dag.py:3239} INFO - Sync 1 DAGs
[2025-02-17T06:22:09.747+0000] {logging_mixin.py:190} INFO - [2025-02-17T06:22:09.747+0000] {dag.py:4180} INFO - Setting next_dagrun for example_nested_branch_dag to 2025-02-16 00:00:00+00:00, run_after=2025-02-17 00:00:00+00:00
[2025-02-17T06:22:09.761+0000] {processor.py:208} INFO - Processing /home/airflow/.local/lib/python3.12/site-packages/airflow/example_dags/example_nested_branch_dag.py took 0.065 seconds
[2025-02-17T06:22:40.100+0000] {processor.py:186} INFO - Started process (PID=4361) to work on /home/airflow/.local/lib/python3.12/site-packages/airflow/example_dags/example_nested_branch_dag.py
[2025-02-17T06:22:40.103+0000] {processor.py:914} INFO - Processing file /home/airflow/.local/lib/python3.12/site-packages/airflow/example_dags/example_nested_branch_dag.py for tasks to queue
[2025-02-17T06:22:40.105+0000] {logging_mixin.py:190} INFO - [2025-02-17T06:22:40.105+0000] {dagbag.py:588} INFO - Filling up the DagBag from /home/airflow/.local/lib/python3.12/site-packages/airflow/example_dags/example_nested_branch_dag.py
[2025-02-17T06:22:40.120+0000] {processor.py:925} INFO - DAG(s) 'example_nested_branch_dag' retrieved from /home/airflow/.local/lib/python3.12/site-packages/airflow/example_dags/example_nested_branch_dag.py
[2025-02-17T06:22:40.144+0000] {logging_mixin.py:190} INFO - [2025-02-17T06:22:40.143+0000] {dag.py:3239} INFO - Sync 1 DAGs
[2025-02-17T06:22:40.180+0000] {logging_mixin.py:190} INFO - [2025-02-17T06:22:40.180+0000] {dag.py:4180} INFO - Setting next_dagrun for example_nested_branch_dag to 2025-02-16 00:00:00+00:00, run_after=2025-02-17 00:00:00+00:00
[2025-02-17T06:22:40.206+0000] {processor.py:208} INFO - Processing /home/airflow/.local/lib/python3.12/site-packages/airflow/example_dags/example_nested_branch_dag.py took 0.113 seconds
[2025-02-17T06:23:10.523+0000] {processor.py:186} INFO - Started process (PID=4435) to work on /home/airflow/.local/lib/python3.12/site-packages/airflow/example_dags/example_nested_branch_dag.py
[2025-02-17T06:23:10.526+0000] {processor.py:914} INFO - Processing file /home/airflow/.local/lib/python3.12/site-packages/airflow/example_dags/example_nested_branch_dag.py for tasks to queue
[2025-02-17T06:23:10.530+0000] {logging_mixin.py:190} INFO - [2025-02-17T06:23:10.530+0000] {dagbag.py:588} INFO - Filling up the DagBag from /home/airflow/.local/lib/python3.12/site-packages/airflow/example_dags/example_nested_branch_dag.py
[2025-02-17T06:23:10.547+0000] {processor.py:925} INFO - DAG(s) 'example_nested_branch_dag' retrieved from /home/airflow/.local/lib/python3.12/site-packages/airflow/example_dags/example_nested_branch_dag.py
[2025-02-17T06:23:10.579+0000] {logging_mixin.py:190} INFO - [2025-02-17T06:23:10.579+0000] {dag.py:3239} INFO - Sync 1 DAGs
[2025-02-17T06:23:10.615+0000] {logging_mixin.py:190} INFO - [2025-02-17T06:23:10.614+0000] {dag.py:4180} INFO - Setting next_dagrun for example_nested_branch_dag to 2025-02-16 00:00:00+00:00, run_after=2025-02-17 00:00:00+00:00
[2025-02-17T06:23:10.646+0000] {processor.py:208} INFO - Processing /home/airflow/.local/lib/python3.12/site-packages/airflow/example_dags/example_nested_branch_dag.py took 0.128 seconds
[2025-02-17T06:23:41.733+0000] {processor.py:186} INFO - Started process (PID=4513) to work on /home/airflow/.local/lib/python3.12/site-packages/airflow/example_dags/example_nested_branch_dag.py
[2025-02-17T06:23:41.734+0000] {processor.py:914} INFO - Processing file /home/airflow/.local/lib/python3.12/site-packages/airflow/example_dags/example_nested_branch_dag.py for tasks to queue
[2025-02-17T06:23:41.737+0000] {logging_mixin.py:190} INFO - [2025-02-17T06:23:41.736+0000] {dagbag.py:588} INFO - Filling up the DagBag from /home/airflow/.local/lib/python3.12/site-packages/airflow/example_dags/example_nested_branch_dag.py
[2025-02-17T06:23:41.749+0000] {processor.py:925} INFO - DAG(s) 'example_nested_branch_dag' retrieved from /home/airflow/.local/lib/python3.12/site-packages/airflow/example_dags/example_nested_branch_dag.py
[2025-02-17T06:23:41.768+0000] {logging_mixin.py:190} INFO - [2025-02-17T06:23:41.768+0000] {dag.py:3239} INFO - Sync 1 DAGs
[2025-02-17T06:23:41.788+0000] {logging_mixin.py:190} INFO - [2025-02-17T06:23:41.788+0000] {dag.py:4180} INFO - Setting next_dagrun for example_nested_branch_dag to 2025-02-16 00:00:00+00:00, run_after=2025-02-17 00:00:00+00:00
[2025-02-17T06:23:41.967+0000] {processor.py:208} INFO - Processing /home/airflow/.local/lib/python3.12/site-packages/airflow/example_dags/example_nested_branch_dag.py took 0.239 seconds
[2025-02-17T12:17:23.818+0000] {processor.py:186} INFO - Started process (PID=4582) to work on /home/airflow/.local/lib/python3.12/site-packages/airflow/example_dags/example_nested_branch_dag.py
[2025-02-17T12:17:23.820+0000] {processor.py:914} INFO - Processing file /home/airflow/.local/lib/python3.12/site-packages/airflow/example_dags/example_nested_branch_dag.py for tasks to queue
[2025-02-17T12:17:23.823+0000] {logging_mixin.py:190} INFO - [2025-02-17T12:17:23.823+0000] {dagbag.py:588} INFO - Filling up the DagBag from /home/airflow/.local/lib/python3.12/site-packages/airflow/example_dags/example_nested_branch_dag.py
[2025-02-17T12:17:23.837+0000] {processor.py:925} INFO - DAG(s) 'example_nested_branch_dag' retrieved from /home/airflow/.local/lib/python3.12/site-packages/airflow/example_dags/example_nested_branch_dag.py
[2025-02-17T12:17:23.872+0000] {logging_mixin.py:190} INFO - [2025-02-17T12:17:23.871+0000] {dag.py:3239} INFO - Sync 1 DAGs
[2025-02-17T12:17:23.904+0000] {logging_mixin.py:190} INFO - [2025-02-17T12:17:23.904+0000] {dag.py:4180} INFO - Setting next_dagrun for example_nested_branch_dag to 2025-02-16 00:00:00+00:00, run_after=2025-02-17 00:00:00+00:00
[2025-02-17T12:17:24.164+0000] {processor.py:208} INFO - Processing /home/airflow/.local/lib/python3.12/site-packages/airflow/example_dags/example_nested_branch_dag.py took 0.353 seconds
[2025-02-17T12:17:54.734+0000] {processor.py:186} INFO - Started process (PID=4660) to work on /home/airflow/.local/lib/python3.12/site-packages/airflow/example_dags/example_nested_branch_dag.py
[2025-02-17T12:17:54.735+0000] {processor.py:914} INFO - Processing file /home/airflow/.local/lib/python3.12/site-packages/airflow/example_dags/example_nested_branch_dag.py for tasks to queue
[2025-02-17T12:17:54.738+0000] {logging_mixin.py:190} INFO - [2025-02-17T12:17:54.737+0000] {dagbag.py:588} INFO - Filling up the DagBag from /home/airflow/.local/lib/python3.12/site-packages/airflow/example_dags/example_nested_branch_dag.py
[2025-02-17T12:17:54.751+0000] {processor.py:925} INFO - DAG(s) 'example_nested_branch_dag' retrieved from /home/airflow/.local/lib/python3.12/site-packages/airflow/example_dags/example_nested_branch_dag.py
[2025-02-17T12:17:54.783+0000] {logging_mixin.py:190} INFO - [2025-02-17T12:17:54.783+0000] {dag.py:3239} INFO - Sync 1 DAGs
[2025-02-17T12:17:54.817+0000] {logging_mixin.py:190} INFO - [2025-02-17T12:17:54.817+0000] {dag.py:4180} INFO - Setting next_dagrun for example_nested_branch_dag to 2025-02-16 00:00:00+00:00, run_after=2025-02-17 00:00:00+00:00
[2025-02-17T12:17:54.845+0000] {processor.py:208} INFO - Processing /home/airflow/.local/lib/python3.12/site-packages/airflow/example_dags/example_nested_branch_dag.py took 0.118 seconds
[2025-02-17T12:18:25.864+0000] {processor.py:186} INFO - Started process (PID=4737) to work on /home/airflow/.local/lib/python3.12/site-packages/airflow/example_dags/example_nested_branch_dag.py
[2025-02-17T12:18:25.867+0000] {processor.py:914} INFO - Processing file /home/airflow/.local/lib/python3.12/site-packages/airflow/example_dags/example_nested_branch_dag.py for tasks to queue
[2025-02-17T12:18:25.871+0000] {logging_mixin.py:190} INFO - [2025-02-17T12:18:25.870+0000] {dagbag.py:588} INFO - Filling up the DagBag from /home/airflow/.local/lib/python3.12/site-packages/airflow/example_dags/example_nested_branch_dag.py
[2025-02-17T12:18:25.891+0000] {processor.py:925} INFO - DAG(s) 'example_nested_branch_dag' retrieved from /home/airflow/.local/lib/python3.12/site-packages/airflow/example_dags/example_nested_branch_dag.py
[2025-02-17T12:18:25.932+0000] {logging_mixin.py:190} INFO - [2025-02-17T12:18:25.932+0000] {dag.py:3239} INFO - Sync 1 DAGs
[2025-02-17T12:18:25.974+0000] {logging_mixin.py:190} INFO - [2025-02-17T12:18:25.973+0000] {dag.py:4180} INFO - Setting next_dagrun for example_nested_branch_dag to 2025-02-16 00:00:00+00:00, run_after=2025-02-17 00:00:00+00:00
[2025-02-17T12:18:26.012+0000] {processor.py:208} INFO - Processing /home/airflow/.local/lib/python3.12/site-packages/airflow/example_dags/example_nested_branch_dag.py took 0.159 seconds
[2025-02-17T12:18:56.351+0000] {processor.py:186} INFO - Started process (PID=4816) to work on /home/airflow/.local/lib/python3.12/site-packages/airflow/example_dags/example_nested_branch_dag.py
[2025-02-17T12:18:56.353+0000] {processor.py:914} INFO - Processing file /home/airflow/.local/lib/python3.12/site-packages/airflow/example_dags/example_nested_branch_dag.py for tasks to queue
[2025-02-17T12:18:56.356+0000] {logging_mixin.py:190} INFO - [2025-02-17T12:18:56.355+0000] {dagbag.py:588} INFO - Filling up the DagBag from /home/airflow/.local/lib/python3.12/site-packages/airflow/example_dags/example_nested_branch_dag.py
[2025-02-17T12:18:56.370+0000] {processor.py:925} INFO - DAG(s) 'example_nested_branch_dag' retrieved from /home/airflow/.local/lib/python3.12/site-packages/airflow/example_dags/example_nested_branch_dag.py
[2025-02-17T12:18:56.397+0000] {logging_mixin.py:190} INFO - [2025-02-17T12:18:56.396+0000] {dag.py:3239} INFO - Sync 1 DAGs
[2025-02-17T12:18:56.426+0000] {logging_mixin.py:190} INFO - [2025-02-17T12:18:56.426+0000] {dag.py:4180} INFO - Setting next_dagrun for example_nested_branch_dag to 2025-02-16 00:00:00+00:00, run_after=2025-02-17 00:00:00+00:00
[2025-02-17T12:18:56.449+0000] {processor.py:208} INFO - Processing /home/airflow/.local/lib/python3.12/site-packages/airflow/example_dags/example_nested_branch_dag.py took 0.105 seconds
[2025-02-17T12:19:28.672+0000] {processor.py:186} INFO - Started process (PID=4894) to work on /home/airflow/.local/lib/python3.12/site-packages/airflow/example_dags/example_nested_branch_dag.py
[2025-02-17T12:19:28.673+0000] {processor.py:914} INFO - Processing file /home/airflow/.local/lib/python3.12/site-packages/airflow/example_dags/example_nested_branch_dag.py for tasks to queue
[2025-02-17T12:19:28.675+0000] {logging_mixin.py:190} INFO - [2025-02-17T12:19:28.675+0000] {dagbag.py:588} INFO - Filling up the DagBag from /home/airflow/.local/lib/python3.12/site-packages/airflow/example_dags/example_nested_branch_dag.py
[2025-02-17T12:19:28.687+0000] {processor.py:925} INFO - DAG(s) 'example_nested_branch_dag' retrieved from /home/airflow/.local/lib/python3.12/site-packages/airflow/example_dags/example_nested_branch_dag.py
[2025-02-17T12:19:28.710+0000] {logging_mixin.py:190} INFO - [2025-02-17T12:19:28.710+0000] {dag.py:3239} INFO - Sync 1 DAGs
[2025-02-17T12:19:28.906+0000] {logging_mixin.py:190} INFO - [2025-02-17T12:19:28.905+0000] {dag.py:4180} INFO - Setting next_dagrun for example_nested_branch_dag to 2025-02-16 00:00:00+00:00, run_after=2025-02-17 00:00:00+00:00
[2025-02-17T12:19:28.931+0000] {processor.py:208} INFO - Processing /home/airflow/.local/lib/python3.12/site-packages/airflow/example_dags/example_nested_branch_dag.py took 0.266 seconds
[2025-02-17T12:19:59.657+0000] {processor.py:186} INFO - Started process (PID=4972) to work on /home/airflow/.local/lib/python3.12/site-packages/airflow/example_dags/example_nested_branch_dag.py
[2025-02-17T12:19:59.659+0000] {processor.py:914} INFO - Processing file /home/airflow/.local/lib/python3.12/site-packages/airflow/example_dags/example_nested_branch_dag.py for tasks to queue
[2025-02-17T12:19:59.664+0000] {logging_mixin.py:190} INFO - [2025-02-17T12:19:59.664+0000] {dagbag.py:588} INFO - Filling up the DagBag from /home/airflow/.local/lib/python3.12/site-packages/airflow/example_dags/example_nested_branch_dag.py
[2025-02-17T12:19:59.680+0000] {processor.py:925} INFO - DAG(s) 'example_nested_branch_dag' retrieved from /home/airflow/.local/lib/python3.12/site-packages/airflow/example_dags/example_nested_branch_dag.py
[2025-02-17T12:19:59.706+0000] {logging_mixin.py:190} INFO - [2025-02-17T12:19:59.706+0000] {dag.py:3239} INFO - Sync 1 DAGs
[2025-02-17T12:19:59.890+0000] {logging_mixin.py:190} INFO - [2025-02-17T12:19:59.890+0000] {dag.py:4180} INFO - Setting next_dagrun for example_nested_branch_dag to 2025-02-16 00:00:00+00:00, run_after=2025-02-17 00:00:00+00:00
[2025-02-17T12:19:59.911+0000] {processor.py:208} INFO - Processing /home/airflow/.local/lib/python3.12/site-packages/airflow/example_dags/example_nested_branch_dag.py took 0.261 seconds
