[2025-02-17T05:54:40.544+0000] {processor.py:186} INFO - Started process (PID=126) to work on /home/airflow/.local/lib/python3.12/site-packages/airflow/example_dags/example_task_group_decorator.py
[2025-02-17T05:54:40.546+0000] {processor.py:914} INFO - Processing file /home/airflow/.local/lib/python3.12/site-packages/airflow/example_dags/example_task_group_decorator.py for tasks to queue
[2025-02-17T05:54:40.549+0000] {logging_mixin.py:190} INFO - [2025-02-17T05:54:40.549+0000] {dagbag.py:588} INFO - Filling up the DagBag from /home/airflow/.local/lib/python3.12/site-packages/airflow/example_dags/example_task_group_decorator.py
[2025-02-17T05:54:40.571+0000] {processor.py:925} INFO - DAG(s) 'example_task_group_decorator' retrieved from /home/airflow/.local/lib/python3.12/site-packages/airflow/example_dags/example_task_group_decorator.py
[2025-02-17T05:54:40.601+0000] {logging_mixin.py:190} INFO - [2025-02-17T05:54:40.601+0000] {dag.py:3239} INFO - Sync 1 DAGs
[2025-02-17T05:54:40.621+0000] {logging_mixin.py:190} INFO - [2025-02-17T05:54:40.621+0000] {dag.py:4180} INFO - Setting next_dagrun for example_task_group_decorator to None, run_after=None
[2025-02-17T05:54:40.646+0000] {processor.py:208} INFO - Processing /home/airflow/.local/lib/python3.12/site-packages/airflow/example_dags/example_task_group_decorator.py took 0.109 seconds
[2025-02-17T05:55:10.892+0000] {processor.py:186} INFO - Started process (PID=204) to work on /home/airflow/.local/lib/python3.12/site-packages/airflow/example_dags/example_task_group_decorator.py
[2025-02-17T05:55:10.893+0000] {processor.py:914} INFO - Processing file /home/airflow/.local/lib/python3.12/site-packages/airflow/example_dags/example_task_group_decorator.py for tasks to queue
[2025-02-17T05:55:10.896+0000] {logging_mixin.py:190} INFO - [2025-02-17T05:55:10.895+0000] {dagbag.py:588} INFO - Filling up the DagBag from /home/airflow/.local/lib/python3.12/site-packages/airflow/example_dags/example_task_group_decorator.py
[2025-02-17T05:55:10.913+0000] {processor.py:925} INFO - DAG(s) 'example_task_group_decorator' retrieved from /home/airflow/.local/lib/python3.12/site-packages/airflow/example_dags/example_task_group_decorator.py
[2025-02-17T05:55:10.934+0000] {logging_mixin.py:190} INFO - [2025-02-17T05:55:10.934+0000] {dag.py:3239} INFO - Sync 1 DAGs
[2025-02-17T05:55:10.947+0000] {logging_mixin.py:190} INFO - [2025-02-17T05:55:10.946+0000] {dag.py:4180} INFO - Setting next_dagrun for example_task_group_decorator to None, run_after=None
[2025-02-17T05:55:10.965+0000] {processor.py:208} INFO - Processing /home/airflow/.local/lib/python3.12/site-packages/airflow/example_dags/example_task_group_decorator.py took 0.078 seconds
[2025-02-17T05:55:42.149+0000] {processor.py:186} INFO - Started process (PID=282) to work on /home/airflow/.local/lib/python3.12/site-packages/airflow/example_dags/example_task_group_decorator.py
[2025-02-17T05:55:42.151+0000] {processor.py:914} INFO - Processing file /home/airflow/.local/lib/python3.12/site-packages/airflow/example_dags/example_task_group_decorator.py for tasks to queue
[2025-02-17T05:55:42.154+0000] {logging_mixin.py:190} INFO - [2025-02-17T05:55:42.153+0000] {dagbag.py:588} INFO - Filling up the DagBag from /home/airflow/.local/lib/python3.12/site-packages/airflow/example_dags/example_task_group_decorator.py
[2025-02-17T05:55:42.173+0000] {processor.py:925} INFO - DAG(s) 'example_task_group_decorator' retrieved from /home/airflow/.local/lib/python3.12/site-packages/airflow/example_dags/example_task_group_decorator.py
[2025-02-17T05:55:42.202+0000] {logging_mixin.py:190} INFO - [2025-02-17T05:55:42.202+0000] {dag.py:3239} INFO - Sync 1 DAGs
[2025-02-17T05:55:42.217+0000] {logging_mixin.py:190} INFO - [2025-02-17T05:55:42.216+0000] {dag.py:4180} INFO - Setting next_dagrun for example_task_group_decorator to None, run_after=None
[2025-02-17T05:55:42.237+0000] {processor.py:208} INFO - Processing /home/airflow/.local/lib/python3.12/site-packages/airflow/example_dags/example_task_group_decorator.py took 0.095 seconds
[2025-02-17T05:56:13.157+0000] {processor.py:186} INFO - Started process (PID=360) to work on /home/airflow/.local/lib/python3.12/site-packages/airflow/example_dags/example_task_group_decorator.py
[2025-02-17T05:56:13.159+0000] {processor.py:914} INFO - Processing file /home/airflow/.local/lib/python3.12/site-packages/airflow/example_dags/example_task_group_decorator.py for tasks to queue
[2025-02-17T05:56:13.161+0000] {logging_mixin.py:190} INFO - [2025-02-17T05:56:13.161+0000] {dagbag.py:588} INFO - Filling up the DagBag from /home/airflow/.local/lib/python3.12/site-packages/airflow/example_dags/example_task_group_decorator.py
[2025-02-17T05:56:13.176+0000] {processor.py:925} INFO - DAG(s) 'example_task_group_decorator' retrieved from /home/airflow/.local/lib/python3.12/site-packages/airflow/example_dags/example_task_group_decorator.py
[2025-02-17T05:56:13.204+0000] {logging_mixin.py:190} INFO - [2025-02-17T05:56:13.203+0000] {dag.py:3239} INFO - Sync 1 DAGs
[2025-02-17T05:56:13.218+0000] {logging_mixin.py:190} INFO - [2025-02-17T05:56:13.218+0000] {dag.py:4180} INFO - Setting next_dagrun for example_task_group_decorator to None, run_after=None
[2025-02-17T05:56:13.239+0000] {processor.py:208} INFO - Processing /home/airflow/.local/lib/python3.12/site-packages/airflow/example_dags/example_task_group_decorator.py took 0.087 seconds
[2025-02-17T05:56:44.939+0000] {processor.py:186} INFO - Started process (PID=438) to work on /home/airflow/.local/lib/python3.12/site-packages/airflow/example_dags/example_task_group_decorator.py
[2025-02-17T05:56:44.940+0000] {processor.py:914} INFO - Processing file /home/airflow/.local/lib/python3.12/site-packages/airflow/example_dags/example_task_group_decorator.py for tasks to queue
[2025-02-17T05:56:44.944+0000] {logging_mixin.py:190} INFO - [2025-02-17T05:56:44.943+0000] {dagbag.py:588} INFO - Filling up the DagBag from /home/airflow/.local/lib/python3.12/site-packages/airflow/example_dags/example_task_group_decorator.py
[2025-02-17T05:56:44.963+0000] {processor.py:925} INFO - DAG(s) 'example_task_group_decorator' retrieved from /home/airflow/.local/lib/python3.12/site-packages/airflow/example_dags/example_task_group_decorator.py
[2025-02-17T05:56:44.992+0000] {logging_mixin.py:190} INFO - [2025-02-17T05:56:44.992+0000] {dag.py:3239} INFO - Sync 1 DAGs
[2025-02-17T05:56:45.009+0000] {logging_mixin.py:190} INFO - [2025-02-17T05:56:45.008+0000] {dag.py:4180} INFO - Setting next_dagrun for example_task_group_decorator to None, run_after=None
[2025-02-17T05:56:45.029+0000] {processor.py:208} INFO - Processing /home/airflow/.local/lib/python3.12/site-packages/airflow/example_dags/example_task_group_decorator.py took 0.098 seconds
[2025-02-17T05:57:15.696+0000] {processor.py:186} INFO - Started process (PID=522) to work on /home/airflow/.local/lib/python3.12/site-packages/airflow/example_dags/example_task_group_decorator.py
[2025-02-17T05:57:15.698+0000] {processor.py:914} INFO - Processing file /home/airflow/.local/lib/python3.12/site-packages/airflow/example_dags/example_task_group_decorator.py for tasks to queue
[2025-02-17T05:57:15.702+0000] {logging_mixin.py:190} INFO - [2025-02-17T05:57:15.702+0000] {dagbag.py:588} INFO - Filling up the DagBag from /home/airflow/.local/lib/python3.12/site-packages/airflow/example_dags/example_task_group_decorator.py
[2025-02-17T05:57:15.726+0000] {processor.py:925} INFO - DAG(s) 'example_task_group_decorator' retrieved from /home/airflow/.local/lib/python3.12/site-packages/airflow/example_dags/example_task_group_decorator.py
[2025-02-17T05:57:15.772+0000] {logging_mixin.py:190} INFO - [2025-02-17T05:57:15.771+0000] {dag.py:3239} INFO - Sync 1 DAGs
[2025-02-17T05:57:15.793+0000] {logging_mixin.py:190} INFO - [2025-02-17T05:57:15.792+0000] {dag.py:4180} INFO - Setting next_dagrun for example_task_group_decorator to None, run_after=None
[2025-02-17T05:57:15.843+0000] {processor.py:208} INFO - Processing /home/airflow/.local/lib/python3.12/site-packages/airflow/example_dags/example_task_group_decorator.py took 0.159 seconds
[2025-02-17T05:57:46.101+0000] {processor.py:186} INFO - Started process (PID=600) to work on /home/airflow/.local/lib/python3.12/site-packages/airflow/example_dags/example_task_group_decorator.py
[2025-02-17T05:57:46.103+0000] {processor.py:914} INFO - Processing file /home/airflow/.local/lib/python3.12/site-packages/airflow/example_dags/example_task_group_decorator.py for tasks to queue
[2025-02-17T05:57:46.108+0000] {logging_mixin.py:190} INFO - [2025-02-17T05:57:46.107+0000] {dagbag.py:588} INFO - Filling up the DagBag from /home/airflow/.local/lib/python3.12/site-packages/airflow/example_dags/example_task_group_decorator.py
[2025-02-17T05:57:46.135+0000] {processor.py:925} INFO - DAG(s) 'example_task_group_decorator' retrieved from /home/airflow/.local/lib/python3.12/site-packages/airflow/example_dags/example_task_group_decorator.py
[2025-02-17T05:57:46.167+0000] {logging_mixin.py:190} INFO - [2025-02-17T05:57:46.167+0000] {dag.py:3239} INFO - Sync 1 DAGs
[2025-02-17T05:57:46.183+0000] {logging_mixin.py:190} INFO - [2025-02-17T05:57:46.183+0000] {dag.py:4180} INFO - Setting next_dagrun for example_task_group_decorator to None, run_after=None
[2025-02-17T05:57:46.203+0000] {processor.py:208} INFO - Processing /home/airflow/.local/lib/python3.12/site-packages/airflow/example_dags/example_task_group_decorator.py took 0.109 seconds
[2025-02-17T05:58:16.655+0000] {processor.py:186} INFO - Started process (PID=677) to work on /home/airflow/.local/lib/python3.12/site-packages/airflow/example_dags/example_task_group_decorator.py
[2025-02-17T05:58:16.656+0000] {processor.py:914} INFO - Processing file /home/airflow/.local/lib/python3.12/site-packages/airflow/example_dags/example_task_group_decorator.py for tasks to queue
[2025-02-17T05:58:16.658+0000] {logging_mixin.py:190} INFO - [2025-02-17T05:58:16.658+0000] {dagbag.py:588} INFO - Filling up the DagBag from /home/airflow/.local/lib/python3.12/site-packages/airflow/example_dags/example_task_group_decorator.py
[2025-02-17T05:58:16.675+0000] {processor.py:925} INFO - DAG(s) 'example_task_group_decorator' retrieved from /home/airflow/.local/lib/python3.12/site-packages/airflow/example_dags/example_task_group_decorator.py
[2025-02-17T05:58:16.702+0000] {logging_mixin.py:190} INFO - [2025-02-17T05:58:16.701+0000] {dag.py:3239} INFO - Sync 1 DAGs
[2025-02-17T05:58:16.717+0000] {logging_mixin.py:190} INFO - [2025-02-17T05:58:16.717+0000] {dag.py:4180} INFO - Setting next_dagrun for example_task_group_decorator to None, run_after=None
[2025-02-17T05:58:16.738+0000] {processor.py:208} INFO - Processing /home/airflow/.local/lib/python3.12/site-packages/airflow/example_dags/example_task_group_decorator.py took 0.090 seconds
[2025-02-17T05:58:47.546+0000] {processor.py:186} INFO - Started process (PID=755) to work on /home/airflow/.local/lib/python3.12/site-packages/airflow/example_dags/example_task_group_decorator.py
[2025-02-17T05:58:47.547+0000] {processor.py:914} INFO - Processing file /home/airflow/.local/lib/python3.12/site-packages/airflow/example_dags/example_task_group_decorator.py for tasks to queue
[2025-02-17T05:58:47.549+0000] {logging_mixin.py:190} INFO - [2025-02-17T05:58:47.549+0000] {dagbag.py:588} INFO - Filling up the DagBag from /home/airflow/.local/lib/python3.12/site-packages/airflow/example_dags/example_task_group_decorator.py
[2025-02-17T05:58:47.564+0000] {processor.py:925} INFO - DAG(s) 'example_task_group_decorator' retrieved from /home/airflow/.local/lib/python3.12/site-packages/airflow/example_dags/example_task_group_decorator.py
[2025-02-17T05:58:47.588+0000] {logging_mixin.py:190} INFO - [2025-02-17T05:58:47.588+0000] {dag.py:3239} INFO - Sync 1 DAGs
[2025-02-17T05:58:47.604+0000] {logging_mixin.py:190} INFO - [2025-02-17T05:58:47.604+0000] {dag.py:4180} INFO - Setting next_dagrun for example_task_group_decorator to None, run_after=None
[2025-02-17T05:58:47.620+0000] {processor.py:208} INFO - Processing /home/airflow/.local/lib/python3.12/site-packages/airflow/example_dags/example_task_group_decorator.py took 0.081 seconds
[2025-02-17T05:59:20.097+0000] {processor.py:186} INFO - Started process (PID=834) to work on /home/airflow/.local/lib/python3.12/site-packages/airflow/example_dags/example_task_group_decorator.py
[2025-02-17T05:59:20.100+0000] {processor.py:914} INFO - Processing file /home/airflow/.local/lib/python3.12/site-packages/airflow/example_dags/example_task_group_decorator.py for tasks to queue
[2025-02-17T05:59:20.104+0000] {logging_mixin.py:190} INFO - [2025-02-17T05:59:20.104+0000] {dagbag.py:588} INFO - Filling up the DagBag from /home/airflow/.local/lib/python3.12/site-packages/airflow/example_dags/example_task_group_decorator.py
[2025-02-17T05:59:20.124+0000] {processor.py:925} INFO - DAG(s) 'example_task_group_decorator' retrieved from /home/airflow/.local/lib/python3.12/site-packages/airflow/example_dags/example_task_group_decorator.py
[2025-02-17T05:59:20.150+0000] {logging_mixin.py:190} INFO - [2025-02-17T05:59:20.149+0000] {dag.py:3239} INFO - Sync 1 DAGs
[2025-02-17T05:59:20.164+0000] {logging_mixin.py:190} INFO - [2025-02-17T05:59:20.164+0000] {dag.py:4180} INFO - Setting next_dagrun for example_task_group_decorator to None, run_after=None
[2025-02-17T05:59:20.191+0000] {processor.py:208} INFO - Processing /home/airflow/.local/lib/python3.12/site-packages/airflow/example_dags/example_task_group_decorator.py took 0.101 seconds
[2025-02-17T05:59:51.125+0000] {processor.py:186} INFO - Started process (PID=911) to work on /home/airflow/.local/lib/python3.12/site-packages/airflow/example_dags/example_task_group_decorator.py
[2025-02-17T05:59:51.126+0000] {processor.py:914} INFO - Processing file /home/airflow/.local/lib/python3.12/site-packages/airflow/example_dags/example_task_group_decorator.py for tasks to queue
[2025-02-17T05:59:51.129+0000] {logging_mixin.py:190} INFO - [2025-02-17T05:59:51.129+0000] {dagbag.py:588} INFO - Filling up the DagBag from /home/airflow/.local/lib/python3.12/site-packages/airflow/example_dags/example_task_group_decorator.py
[2025-02-17T05:59:51.146+0000] {processor.py:925} INFO - DAG(s) 'example_task_group_decorator' retrieved from /home/airflow/.local/lib/python3.12/site-packages/airflow/example_dags/example_task_group_decorator.py
[2025-02-17T05:59:51.178+0000] {logging_mixin.py:190} INFO - [2025-02-17T05:59:51.178+0000] {dag.py:3239} INFO - Sync 1 DAGs
[2025-02-17T05:59:51.195+0000] {logging_mixin.py:190} INFO - [2025-02-17T05:59:51.195+0000] {dag.py:4180} INFO - Setting next_dagrun for example_task_group_decorator to None, run_after=None
[2025-02-17T05:59:51.224+0000] {processor.py:208} INFO - Processing /home/airflow/.local/lib/python3.12/site-packages/airflow/example_dags/example_task_group_decorator.py took 0.105 seconds
[2025-02-17T06:00:22.012+0000] {processor.py:186} INFO - Started process (PID=988) to work on /home/airflow/.local/lib/python3.12/site-packages/airflow/example_dags/example_task_group_decorator.py
[2025-02-17T06:00:22.014+0000] {processor.py:914} INFO - Processing file /home/airflow/.local/lib/python3.12/site-packages/airflow/example_dags/example_task_group_decorator.py for tasks to queue
[2025-02-17T06:00:22.016+0000] {logging_mixin.py:190} INFO - [2025-02-17T06:00:22.016+0000] {dagbag.py:588} INFO - Filling up the DagBag from /home/airflow/.local/lib/python3.12/site-packages/airflow/example_dags/example_task_group_decorator.py
[2025-02-17T06:00:22.038+0000] {processor.py:925} INFO - DAG(s) 'example_task_group_decorator' retrieved from /home/airflow/.local/lib/python3.12/site-packages/airflow/example_dags/example_task_group_decorator.py
[2025-02-17T06:00:22.080+0000] {logging_mixin.py:190} INFO - [2025-02-17T06:00:22.079+0000] {dag.py:3239} INFO - Sync 1 DAGs
[2025-02-17T06:00:22.098+0000] {logging_mixin.py:190} INFO - [2025-02-17T06:00:22.098+0000] {dag.py:4180} INFO - Setting next_dagrun for example_task_group_decorator to None, run_after=None
[2025-02-17T06:00:22.119+0000] {processor.py:208} INFO - Processing /home/airflow/.local/lib/python3.12/site-packages/airflow/example_dags/example_task_group_decorator.py took 0.114 seconds
[2025-02-17T06:00:53.288+0000] {processor.py:186} INFO - Started process (PID=1066) to work on /home/airflow/.local/lib/python3.12/site-packages/airflow/example_dags/example_task_group_decorator.py
[2025-02-17T06:00:53.290+0000] {processor.py:914} INFO - Processing file /home/airflow/.local/lib/python3.12/site-packages/airflow/example_dags/example_task_group_decorator.py for tasks to queue
[2025-02-17T06:00:53.294+0000] {logging_mixin.py:190} INFO - [2025-02-17T06:00:53.293+0000] {dagbag.py:588} INFO - Filling up the DagBag from /home/airflow/.local/lib/python3.12/site-packages/airflow/example_dags/example_task_group_decorator.py
[2025-02-17T06:00:53.310+0000] {processor.py:925} INFO - DAG(s) 'example_task_group_decorator' retrieved from /home/airflow/.local/lib/python3.12/site-packages/airflow/example_dags/example_task_group_decorator.py
[2025-02-17T06:00:53.336+0000] {logging_mixin.py:190} INFO - [2025-02-17T06:00:53.336+0000] {dag.py:3239} INFO - Sync 1 DAGs
[2025-02-17T06:00:53.352+0000] {logging_mixin.py:190} INFO - [2025-02-17T06:00:53.352+0000] {dag.py:4180} INFO - Setting next_dagrun for example_task_group_decorator to None, run_after=None
[2025-02-17T06:00:53.371+0000] {processor.py:208} INFO - Processing /home/airflow/.local/lib/python3.12/site-packages/airflow/example_dags/example_task_group_decorator.py took 0.090 seconds
[2025-02-17T06:01:24.255+0000] {processor.py:186} INFO - Started process (PID=1144) to work on /home/airflow/.local/lib/python3.12/site-packages/airflow/example_dags/example_task_group_decorator.py
[2025-02-17T06:01:24.256+0000] {processor.py:914} INFO - Processing file /home/airflow/.local/lib/python3.12/site-packages/airflow/example_dags/example_task_group_decorator.py for tasks to queue
[2025-02-17T06:01:24.258+0000] {logging_mixin.py:190} INFO - [2025-02-17T06:01:24.258+0000] {dagbag.py:588} INFO - Filling up the DagBag from /home/airflow/.local/lib/python3.12/site-packages/airflow/example_dags/example_task_group_decorator.py
[2025-02-17T06:01:24.273+0000] {processor.py:925} INFO - DAG(s) 'example_task_group_decorator' retrieved from /home/airflow/.local/lib/python3.12/site-packages/airflow/example_dags/example_task_group_decorator.py
[2025-02-17T06:01:24.298+0000] {logging_mixin.py:190} INFO - [2025-02-17T06:01:24.298+0000] {dag.py:3239} INFO - Sync 1 DAGs
[2025-02-17T06:01:24.312+0000] {logging_mixin.py:190} INFO - [2025-02-17T06:01:24.311+0000] {dag.py:4180} INFO - Setting next_dagrun for example_task_group_decorator to None, run_after=None
[2025-02-17T06:01:24.331+0000] {processor.py:208} INFO - Processing /home/airflow/.local/lib/python3.12/site-packages/airflow/example_dags/example_task_group_decorator.py took 0.082 seconds
[2025-02-17T06:01:55.933+0000] {processor.py:186} INFO - Started process (PID=1223) to work on /home/airflow/.local/lib/python3.12/site-packages/airflow/example_dags/example_task_group_decorator.py
[2025-02-17T06:01:55.935+0000] {processor.py:914} INFO - Processing file /home/airflow/.local/lib/python3.12/site-packages/airflow/example_dags/example_task_group_decorator.py for tasks to queue
[2025-02-17T06:01:55.938+0000] {logging_mixin.py:190} INFO - [2025-02-17T06:01:55.937+0000] {dagbag.py:588} INFO - Filling up the DagBag from /home/airflow/.local/lib/python3.12/site-packages/airflow/example_dags/example_task_group_decorator.py
[2025-02-17T06:01:55.956+0000] {processor.py:925} INFO - DAG(s) 'example_task_group_decorator' retrieved from /home/airflow/.local/lib/python3.12/site-packages/airflow/example_dags/example_task_group_decorator.py
[2025-02-17T06:01:55.987+0000] {logging_mixin.py:190} INFO - [2025-02-17T06:01:55.986+0000] {dag.py:3239} INFO - Sync 1 DAGs
[2025-02-17T06:01:56.004+0000] {logging_mixin.py:190} INFO - [2025-02-17T06:01:56.004+0000] {dag.py:4180} INFO - Setting next_dagrun for example_task_group_decorator to None, run_after=None
[2025-02-17T06:01:56.031+0000] {processor.py:208} INFO - Processing /home/airflow/.local/lib/python3.12/site-packages/airflow/example_dags/example_task_group_decorator.py took 0.103 seconds
[2025-02-17T06:02:26.781+0000] {processor.py:186} INFO - Started process (PID=1301) to work on /home/airflow/.local/lib/python3.12/site-packages/airflow/example_dags/example_task_group_decorator.py
[2025-02-17T06:02:26.782+0000] {processor.py:914} INFO - Processing file /home/airflow/.local/lib/python3.12/site-packages/airflow/example_dags/example_task_group_decorator.py for tasks to queue
[2025-02-17T06:02:26.785+0000] {logging_mixin.py:190} INFO - [2025-02-17T06:02:26.785+0000] {dagbag.py:588} INFO - Filling up the DagBag from /home/airflow/.local/lib/python3.12/site-packages/airflow/example_dags/example_task_group_decorator.py
[2025-02-17T06:02:26.800+0000] {processor.py:925} INFO - DAG(s) 'example_task_group_decorator' retrieved from /home/airflow/.local/lib/python3.12/site-packages/airflow/example_dags/example_task_group_decorator.py
[2025-02-17T06:02:26.827+0000] {logging_mixin.py:190} INFO - [2025-02-17T06:02:26.827+0000] {dag.py:3239} INFO - Sync 1 DAGs
[2025-02-17T06:02:26.840+0000] {logging_mixin.py:190} INFO - [2025-02-17T06:02:26.840+0000] {dag.py:4180} INFO - Setting next_dagrun for example_task_group_decorator to None, run_after=None
[2025-02-17T06:02:26.861+0000] {processor.py:208} INFO - Processing /home/airflow/.local/lib/python3.12/site-packages/airflow/example_dags/example_task_group_decorator.py took 0.086 seconds
[2025-02-17T06:02:58.110+0000] {processor.py:186} INFO - Started process (PID=1379) to work on /home/airflow/.local/lib/python3.12/site-packages/airflow/example_dags/example_task_group_decorator.py
[2025-02-17T06:02:58.113+0000] {processor.py:914} INFO - Processing file /home/airflow/.local/lib/python3.12/site-packages/airflow/example_dags/example_task_group_decorator.py for tasks to queue
[2025-02-17T06:02:58.119+0000] {logging_mixin.py:190} INFO - [2025-02-17T06:02:58.118+0000] {dagbag.py:588} INFO - Filling up the DagBag from /home/airflow/.local/lib/python3.12/site-packages/airflow/example_dags/example_task_group_decorator.py
[2025-02-17T06:02:58.145+0000] {processor.py:925} INFO - DAG(s) 'example_task_group_decorator' retrieved from /home/airflow/.local/lib/python3.12/site-packages/airflow/example_dags/example_task_group_decorator.py
[2025-02-17T06:02:58.182+0000] {logging_mixin.py:190} INFO - [2025-02-17T06:02:58.181+0000] {dag.py:3239} INFO - Sync 1 DAGs
[2025-02-17T06:02:58.205+0000] {logging_mixin.py:190} INFO - [2025-02-17T06:02:58.205+0000] {dag.py:4180} INFO - Setting next_dagrun for example_task_group_decorator to None, run_after=None
[2025-02-17T06:02:58.240+0000] {processor.py:208} INFO - Processing /home/airflow/.local/lib/python3.12/site-packages/airflow/example_dags/example_task_group_decorator.py took 0.141 seconds
[2025-02-17T06:03:29.384+0000] {processor.py:186} INFO - Started process (PID=1457) to work on /home/airflow/.local/lib/python3.12/site-packages/airflow/example_dags/example_task_group_decorator.py
[2025-02-17T06:03:29.385+0000] {processor.py:914} INFO - Processing file /home/airflow/.local/lib/python3.12/site-packages/airflow/example_dags/example_task_group_decorator.py for tasks to queue
[2025-02-17T06:03:29.389+0000] {logging_mixin.py:190} INFO - [2025-02-17T06:03:29.388+0000] {dagbag.py:588} INFO - Filling up the DagBag from /home/airflow/.local/lib/python3.12/site-packages/airflow/example_dags/example_task_group_decorator.py
[2025-02-17T06:03:29.404+0000] {processor.py:925} INFO - DAG(s) 'example_task_group_decorator' retrieved from /home/airflow/.local/lib/python3.12/site-packages/airflow/example_dags/example_task_group_decorator.py
[2025-02-17T06:03:29.438+0000] {logging_mixin.py:190} INFO - [2025-02-17T06:03:29.438+0000] {dag.py:3239} INFO - Sync 1 DAGs
[2025-02-17T06:03:29.455+0000] {logging_mixin.py:190} INFO - [2025-02-17T06:03:29.455+0000] {dag.py:4180} INFO - Setting next_dagrun for example_task_group_decorator to None, run_after=None
[2025-02-17T06:03:29.477+0000] {processor.py:208} INFO - Processing /home/airflow/.local/lib/python3.12/site-packages/airflow/example_dags/example_task_group_decorator.py took 0.100 seconds
[2025-02-17T06:04:00.476+0000] {processor.py:186} INFO - Started process (PID=1533) to work on /home/airflow/.local/lib/python3.12/site-packages/airflow/example_dags/example_task_group_decorator.py
[2025-02-17T06:04:00.478+0000] {processor.py:914} INFO - Processing file /home/airflow/.local/lib/python3.12/site-packages/airflow/example_dags/example_task_group_decorator.py for tasks to queue
[2025-02-17T06:04:00.483+0000] {logging_mixin.py:190} INFO - [2025-02-17T06:04:00.482+0000] {dagbag.py:588} INFO - Filling up the DagBag from /home/airflow/.local/lib/python3.12/site-packages/airflow/example_dags/example_task_group_decorator.py
[2025-02-17T06:04:00.505+0000] {processor.py:925} INFO - DAG(s) 'example_task_group_decorator' retrieved from /home/airflow/.local/lib/python3.12/site-packages/airflow/example_dags/example_task_group_decorator.py
[2025-02-17T06:04:00.548+0000] {logging_mixin.py:190} INFO - [2025-02-17T06:04:00.547+0000] {dag.py:3239} INFO - Sync 1 DAGs
[2025-02-17T06:04:00.566+0000] {logging_mixin.py:190} INFO - [2025-02-17T06:04:00.566+0000] {dag.py:4180} INFO - Setting next_dagrun for example_task_group_decorator to None, run_after=None
[2025-02-17T06:04:00.597+0000] {processor.py:208} INFO - Processing /home/airflow/.local/lib/python3.12/site-packages/airflow/example_dags/example_task_group_decorator.py took 0.128 seconds
[2025-02-17T06:04:31.127+0000] {processor.py:186} INFO - Started process (PID=1598) to work on /home/airflow/.local/lib/python3.12/site-packages/airflow/example_dags/example_task_group_decorator.py
[2025-02-17T06:04:31.129+0000] {processor.py:914} INFO - Processing file /home/airflow/.local/lib/python3.12/site-packages/airflow/example_dags/example_task_group_decorator.py for tasks to queue
[2025-02-17T06:04:31.133+0000] {logging_mixin.py:190} INFO - [2025-02-17T06:04:31.132+0000] {dagbag.py:588} INFO - Filling up the DagBag from /home/airflow/.local/lib/python3.12/site-packages/airflow/example_dags/example_task_group_decorator.py
[2025-02-17T06:04:31.160+0000] {processor.py:925} INFO - DAG(s) 'example_task_group_decorator' retrieved from /home/airflow/.local/lib/python3.12/site-packages/airflow/example_dags/example_task_group_decorator.py
[2025-02-17T06:04:31.201+0000] {logging_mixin.py:190} INFO - [2025-02-17T06:04:31.201+0000] {dag.py:3239} INFO - Sync 1 DAGs
[2025-02-17T06:04:31.226+0000] {logging_mixin.py:190} INFO - [2025-02-17T06:04:31.226+0000] {dag.py:4180} INFO - Setting next_dagrun for example_task_group_decorator to None, run_after=None
[2025-02-17T06:04:31.255+0000] {processor.py:208} INFO - Processing /home/airflow/.local/lib/python3.12/site-packages/airflow/example_dags/example_task_group_decorator.py took 0.137 seconds
[2025-02-17T06:05:02.490+0000] {processor.py:186} INFO - Started process (PID=1676) to work on /home/airflow/.local/lib/python3.12/site-packages/airflow/example_dags/example_task_group_decorator.py
[2025-02-17T06:05:02.492+0000] {processor.py:914} INFO - Processing file /home/airflow/.local/lib/python3.12/site-packages/airflow/example_dags/example_task_group_decorator.py for tasks to queue
[2025-02-17T06:05:02.495+0000] {logging_mixin.py:190} INFO - [2025-02-17T06:05:02.494+0000] {dagbag.py:588} INFO - Filling up the DagBag from /home/airflow/.local/lib/python3.12/site-packages/airflow/example_dags/example_task_group_decorator.py
[2025-02-17T06:05:02.513+0000] {processor.py:925} INFO - DAG(s) 'example_task_group_decorator' retrieved from /home/airflow/.local/lib/python3.12/site-packages/airflow/example_dags/example_task_group_decorator.py
[2025-02-17T06:05:02.545+0000] {logging_mixin.py:190} INFO - [2025-02-17T06:05:02.544+0000] {dag.py:3239} INFO - Sync 1 DAGs
[2025-02-17T06:05:02.560+0000] {logging_mixin.py:190} INFO - [2025-02-17T06:05:02.560+0000] {dag.py:4180} INFO - Setting next_dagrun for example_task_group_decorator to None, run_after=None
[2025-02-17T06:05:02.583+0000] {processor.py:208} INFO - Processing /home/airflow/.local/lib/python3.12/site-packages/airflow/example_dags/example_task_group_decorator.py took 0.100 seconds
[2025-02-17T06:05:34.538+0000] {processor.py:186} INFO - Started process (PID=1761) to work on /home/airflow/.local/lib/python3.12/site-packages/airflow/example_dags/example_task_group_decorator.py
[2025-02-17T06:05:34.539+0000] {processor.py:914} INFO - Processing file /home/airflow/.local/lib/python3.12/site-packages/airflow/example_dags/example_task_group_decorator.py for tasks to queue
[2025-02-17T06:05:34.543+0000] {logging_mixin.py:190} INFO - [2025-02-17T06:05:34.542+0000] {dagbag.py:588} INFO - Filling up the DagBag from /home/airflow/.local/lib/python3.12/site-packages/airflow/example_dags/example_task_group_decorator.py
[2025-02-17T06:05:34.558+0000] {processor.py:925} INFO - DAG(s) 'example_task_group_decorator' retrieved from /home/airflow/.local/lib/python3.12/site-packages/airflow/example_dags/example_task_group_decorator.py
[2025-02-17T06:05:34.588+0000] {logging_mixin.py:190} INFO - [2025-02-17T06:05:34.588+0000] {dag.py:3239} INFO - Sync 1 DAGs
[2025-02-17T06:05:34.605+0000] {logging_mixin.py:190} INFO - [2025-02-17T06:05:34.605+0000] {dag.py:4180} INFO - Setting next_dagrun for example_task_group_decorator to None, run_after=None
[2025-02-17T06:05:34.658+0000] {processor.py:208} INFO - Processing /home/airflow/.local/lib/python3.12/site-packages/airflow/example_dags/example_task_group_decorator.py took 0.127 seconds
[2025-02-17T06:06:05.698+0000] {processor.py:186} INFO - Started process (PID=1839) to work on /home/airflow/.local/lib/python3.12/site-packages/airflow/example_dags/example_task_group_decorator.py
[2025-02-17T06:06:05.700+0000] {processor.py:914} INFO - Processing file /home/airflow/.local/lib/python3.12/site-packages/airflow/example_dags/example_task_group_decorator.py for tasks to queue
[2025-02-17T06:06:05.702+0000] {logging_mixin.py:190} INFO - [2025-02-17T06:06:05.702+0000] {dagbag.py:588} INFO - Filling up the DagBag from /home/airflow/.local/lib/python3.12/site-packages/airflow/example_dags/example_task_group_decorator.py
[2025-02-17T06:06:05.718+0000] {processor.py:925} INFO - DAG(s) 'example_task_group_decorator' retrieved from /home/airflow/.local/lib/python3.12/site-packages/airflow/example_dags/example_task_group_decorator.py
[2025-02-17T06:06:05.746+0000] {logging_mixin.py:190} INFO - [2025-02-17T06:06:05.745+0000] {dag.py:3239} INFO - Sync 1 DAGs
[2025-02-17T06:06:05.760+0000] {logging_mixin.py:190} INFO - [2025-02-17T06:06:05.760+0000] {dag.py:4180} INFO - Setting next_dagrun for example_task_group_decorator to None, run_after=None
[2025-02-17T06:06:05.779+0000] {processor.py:208} INFO - Processing /home/airflow/.local/lib/python3.12/site-packages/airflow/example_dags/example_task_group_decorator.py took 0.087 seconds
[2025-02-17T06:06:36.855+0000] {processor.py:186} INFO - Started process (PID=1917) to work on /home/airflow/.local/lib/python3.12/site-packages/airflow/example_dags/example_task_group_decorator.py
[2025-02-17T06:06:36.856+0000] {processor.py:914} INFO - Processing file /home/airflow/.local/lib/python3.12/site-packages/airflow/example_dags/example_task_group_decorator.py for tasks to queue
[2025-02-17T06:06:36.858+0000] {logging_mixin.py:190} INFO - [2025-02-17T06:06:36.858+0000] {dagbag.py:588} INFO - Filling up the DagBag from /home/airflow/.local/lib/python3.12/site-packages/airflow/example_dags/example_task_group_decorator.py
[2025-02-17T06:06:36.872+0000] {processor.py:925} INFO - DAG(s) 'example_task_group_decorator' retrieved from /home/airflow/.local/lib/python3.12/site-packages/airflow/example_dags/example_task_group_decorator.py
[2025-02-17T06:06:36.900+0000] {logging_mixin.py:190} INFO - [2025-02-17T06:06:36.899+0000] {dag.py:3239} INFO - Sync 1 DAGs
[2025-02-17T06:06:36.916+0000] {logging_mixin.py:190} INFO - [2025-02-17T06:06:36.916+0000] {dag.py:4180} INFO - Setting next_dagrun for example_task_group_decorator to None, run_after=None
[2025-02-17T06:06:36.937+0000] {processor.py:208} INFO - Processing /home/airflow/.local/lib/python3.12/site-packages/airflow/example_dags/example_task_group_decorator.py took 0.088 seconds
[2025-02-17T06:07:08.452+0000] {processor.py:186} INFO - Started process (PID=1995) to work on /home/airflow/.local/lib/python3.12/site-packages/airflow/example_dags/example_task_group_decorator.py
[2025-02-17T06:07:08.454+0000] {processor.py:914} INFO - Processing file /home/airflow/.local/lib/python3.12/site-packages/airflow/example_dags/example_task_group_decorator.py for tasks to queue
[2025-02-17T06:07:08.456+0000] {logging_mixin.py:190} INFO - [2025-02-17T06:07:08.456+0000] {dagbag.py:588} INFO - Filling up the DagBag from /home/airflow/.local/lib/python3.12/site-packages/airflow/example_dags/example_task_group_decorator.py
[2025-02-17T06:07:08.473+0000] {processor.py:925} INFO - DAG(s) 'example_task_group_decorator' retrieved from /home/airflow/.local/lib/python3.12/site-packages/airflow/example_dags/example_task_group_decorator.py
[2025-02-17T06:07:08.498+0000] {logging_mixin.py:190} INFO - [2025-02-17T06:07:08.498+0000] {dag.py:3239} INFO - Sync 1 DAGs
[2025-02-17T06:07:08.512+0000] {logging_mixin.py:190} INFO - [2025-02-17T06:07:08.512+0000] {dag.py:4180} INFO - Setting next_dagrun for example_task_group_decorator to None, run_after=None
[2025-02-17T06:07:08.533+0000] {processor.py:208} INFO - Processing /home/airflow/.local/lib/python3.12/site-packages/airflow/example_dags/example_task_group_decorator.py took 0.088 seconds
[2025-02-17T06:07:39.591+0000] {processor.py:186} INFO - Started process (PID=2073) to work on /home/airflow/.local/lib/python3.12/site-packages/airflow/example_dags/example_task_group_decorator.py
[2025-02-17T06:07:39.592+0000] {processor.py:914} INFO - Processing file /home/airflow/.local/lib/python3.12/site-packages/airflow/example_dags/example_task_group_decorator.py for tasks to queue
[2025-02-17T06:07:39.595+0000] {logging_mixin.py:190} INFO - [2025-02-17T06:07:39.595+0000] {dagbag.py:588} INFO - Filling up the DagBag from /home/airflow/.local/lib/python3.12/site-packages/airflow/example_dags/example_task_group_decorator.py
[2025-02-17T06:07:39.611+0000] {processor.py:925} INFO - DAG(s) 'example_task_group_decorator' retrieved from /home/airflow/.local/lib/python3.12/site-packages/airflow/example_dags/example_task_group_decorator.py
[2025-02-17T06:07:39.643+0000] {logging_mixin.py:190} INFO - [2025-02-17T06:07:39.643+0000] {dag.py:3239} INFO - Sync 1 DAGs
[2025-02-17T06:07:39.661+0000] {logging_mixin.py:190} INFO - [2025-02-17T06:07:39.661+0000] {dag.py:4180} INFO - Setting next_dagrun for example_task_group_decorator to None, run_after=None
[2025-02-17T06:07:39.683+0000] {processor.py:208} INFO - Processing /home/airflow/.local/lib/python3.12/site-packages/airflow/example_dags/example_task_group_decorator.py took 0.099 seconds
[2025-02-17T06:08:10.083+0000] {processor.py:186} INFO - Started process (PID=2151) to work on /home/airflow/.local/lib/python3.12/site-packages/airflow/example_dags/example_task_group_decorator.py
[2025-02-17T06:08:10.084+0000] {processor.py:914} INFO - Processing file /home/airflow/.local/lib/python3.12/site-packages/airflow/example_dags/example_task_group_decorator.py for tasks to queue
[2025-02-17T06:08:10.089+0000] {logging_mixin.py:190} INFO - [2025-02-17T06:08:10.089+0000] {dagbag.py:588} INFO - Filling up the DagBag from /home/airflow/.local/lib/python3.12/site-packages/airflow/example_dags/example_task_group_decorator.py
[2025-02-17T06:08:10.114+0000] {processor.py:925} INFO - DAG(s) 'example_task_group_decorator' retrieved from /home/airflow/.local/lib/python3.12/site-packages/airflow/example_dags/example_task_group_decorator.py
[2025-02-17T06:08:10.147+0000] {logging_mixin.py:190} INFO - [2025-02-17T06:08:10.147+0000] {dag.py:3239} INFO - Sync 1 DAGs
[2025-02-17T06:08:10.166+0000] {logging_mixin.py:190} INFO - [2025-02-17T06:08:10.166+0000] {dag.py:4180} INFO - Setting next_dagrun for example_task_group_decorator to None, run_after=None
[2025-02-17T06:08:10.208+0000] {processor.py:208} INFO - Processing /home/airflow/.local/lib/python3.12/site-packages/airflow/example_dags/example_task_group_decorator.py took 0.132 seconds
[2025-02-17T06:08:40.894+0000] {processor.py:186} INFO - Started process (PID=2229) to work on /home/airflow/.local/lib/python3.12/site-packages/airflow/example_dags/example_task_group_decorator.py
[2025-02-17T06:08:40.895+0000] {processor.py:914} INFO - Processing file /home/airflow/.local/lib/python3.12/site-packages/airflow/example_dags/example_task_group_decorator.py for tasks to queue
[2025-02-17T06:08:40.898+0000] {logging_mixin.py:190} INFO - [2025-02-17T06:08:40.898+0000] {dagbag.py:588} INFO - Filling up the DagBag from /home/airflow/.local/lib/python3.12/site-packages/airflow/example_dags/example_task_group_decorator.py
[2025-02-17T06:08:40.912+0000] {processor.py:925} INFO - DAG(s) 'example_task_group_decorator' retrieved from /home/airflow/.local/lib/python3.12/site-packages/airflow/example_dags/example_task_group_decorator.py
[2025-02-17T06:08:40.936+0000] {logging_mixin.py:190} INFO - [2025-02-17T06:08:40.936+0000] {dag.py:3239} INFO - Sync 1 DAGs
[2025-02-17T06:08:40.950+0000] {logging_mixin.py:190} INFO - [2025-02-17T06:08:40.949+0000] {dag.py:4180} INFO - Setting next_dagrun for example_task_group_decorator to None, run_after=None
[2025-02-17T06:08:40.969+0000] {processor.py:208} INFO - Processing /home/airflow/.local/lib/python3.12/site-packages/airflow/example_dags/example_task_group_decorator.py took 0.079 seconds
[2025-02-17T06:09:11.109+0000] {processor.py:186} INFO - Started process (PID=2306) to work on /home/airflow/.local/lib/python3.12/site-packages/airflow/example_dags/example_task_group_decorator.py
[2025-02-17T06:09:11.110+0000] {processor.py:914} INFO - Processing file /home/airflow/.local/lib/python3.12/site-packages/airflow/example_dags/example_task_group_decorator.py for tasks to queue
[2025-02-17T06:09:11.112+0000] {logging_mixin.py:190} INFO - [2025-02-17T06:09:11.112+0000] {dagbag.py:588} INFO - Filling up the DagBag from /home/airflow/.local/lib/python3.12/site-packages/airflow/example_dags/example_task_group_decorator.py
[2025-02-17T06:09:11.126+0000] {processor.py:925} INFO - DAG(s) 'example_task_group_decorator' retrieved from /home/airflow/.local/lib/python3.12/site-packages/airflow/example_dags/example_task_group_decorator.py
[2025-02-17T06:09:11.149+0000] {logging_mixin.py:190} INFO - [2025-02-17T06:09:11.149+0000] {dag.py:3239} INFO - Sync 1 DAGs
[2025-02-17T06:09:11.165+0000] {logging_mixin.py:190} INFO - [2025-02-17T06:09:11.164+0000] {dag.py:4180} INFO - Setting next_dagrun for example_task_group_decorator to None, run_after=None
[2025-02-17T06:09:11.182+0000] {processor.py:208} INFO - Processing /home/airflow/.local/lib/python3.12/site-packages/airflow/example_dags/example_task_group_decorator.py took 0.078 seconds
[2025-02-17T06:09:41.974+0000] {processor.py:186} INFO - Started process (PID=2384) to work on /home/airflow/.local/lib/python3.12/site-packages/airflow/example_dags/example_task_group_decorator.py
[2025-02-17T06:09:41.976+0000] {processor.py:914} INFO - Processing file /home/airflow/.local/lib/python3.12/site-packages/airflow/example_dags/example_task_group_decorator.py for tasks to queue
[2025-02-17T06:09:41.978+0000] {logging_mixin.py:190} INFO - [2025-02-17T06:09:41.977+0000] {dagbag.py:588} INFO - Filling up the DagBag from /home/airflow/.local/lib/python3.12/site-packages/airflow/example_dags/example_task_group_decorator.py
[2025-02-17T06:09:41.991+0000] {processor.py:925} INFO - DAG(s) 'example_task_group_decorator' retrieved from /home/airflow/.local/lib/python3.12/site-packages/airflow/example_dags/example_task_group_decorator.py
[2025-02-17T06:09:42.016+0000] {logging_mixin.py:190} INFO - [2025-02-17T06:09:42.015+0000] {dag.py:3239} INFO - Sync 1 DAGs
[2025-02-17T06:09:42.029+0000] {logging_mixin.py:190} INFO - [2025-02-17T06:09:42.029+0000] {dag.py:4180} INFO - Setting next_dagrun for example_task_group_decorator to None, run_after=None
[2025-02-17T06:09:42.045+0000] {processor.py:208} INFO - Processing /home/airflow/.local/lib/python3.12/site-packages/airflow/example_dags/example_task_group_decorator.py took 0.076 seconds
[2025-02-17T06:10:12.934+0000] {processor.py:186} INFO - Started process (PID=2462) to work on /home/airflow/.local/lib/python3.12/site-packages/airflow/example_dags/example_task_group_decorator.py
[2025-02-17T06:10:12.935+0000] {processor.py:914} INFO - Processing file /home/airflow/.local/lib/python3.12/site-packages/airflow/example_dags/example_task_group_decorator.py for tasks to queue
[2025-02-17T06:10:12.938+0000] {logging_mixin.py:190} INFO - [2025-02-17T06:10:12.937+0000] {dagbag.py:588} INFO - Filling up the DagBag from /home/airflow/.local/lib/python3.12/site-packages/airflow/example_dags/example_task_group_decorator.py
[2025-02-17T06:10:12.952+0000] {processor.py:925} INFO - DAG(s) 'example_task_group_decorator' retrieved from /home/airflow/.local/lib/python3.12/site-packages/airflow/example_dags/example_task_group_decorator.py
[2025-02-17T06:10:12.975+0000] {logging_mixin.py:190} INFO - [2025-02-17T06:10:12.974+0000] {dag.py:3239} INFO - Sync 1 DAGs
[2025-02-17T06:10:12.988+0000] {logging_mixin.py:190} INFO - [2025-02-17T06:10:12.988+0000] {dag.py:4180} INFO - Setting next_dagrun for example_task_group_decorator to None, run_after=None
[2025-02-17T06:10:13.008+0000] {processor.py:208} INFO - Processing /home/airflow/.local/lib/python3.12/site-packages/airflow/example_dags/example_task_group_decorator.py took 0.079 seconds
[2025-02-17T06:10:43.531+0000] {processor.py:186} INFO - Started process (PID=2540) to work on /home/airflow/.local/lib/python3.12/site-packages/airflow/example_dags/example_task_group_decorator.py
[2025-02-17T06:10:43.533+0000] {processor.py:914} INFO - Processing file /home/airflow/.local/lib/python3.12/site-packages/airflow/example_dags/example_task_group_decorator.py for tasks to queue
[2025-02-17T06:10:43.535+0000] {logging_mixin.py:190} INFO - [2025-02-17T06:10:43.535+0000] {dagbag.py:588} INFO - Filling up the DagBag from /home/airflow/.local/lib/python3.12/site-packages/airflow/example_dags/example_task_group_decorator.py
[2025-02-17T06:10:43.551+0000] {processor.py:925} INFO - DAG(s) 'example_task_group_decorator' retrieved from /home/airflow/.local/lib/python3.12/site-packages/airflow/example_dags/example_task_group_decorator.py
[2025-02-17T06:10:43.577+0000] {logging_mixin.py:190} INFO - [2025-02-17T06:10:43.577+0000] {dag.py:3239} INFO - Sync 1 DAGs
[2025-02-17T06:10:43.591+0000] {logging_mixin.py:190} INFO - [2025-02-17T06:10:43.591+0000] {dag.py:4180} INFO - Setting next_dagrun for example_task_group_decorator to None, run_after=None
[2025-02-17T06:10:43.614+0000] {processor.py:208} INFO - Processing /home/airflow/.local/lib/python3.12/site-packages/airflow/example_dags/example_task_group_decorator.py took 0.089 seconds
[2025-02-17T06:11:15.225+0000] {processor.py:186} INFO - Started process (PID=2618) to work on /home/airflow/.local/lib/python3.12/site-packages/airflow/example_dags/example_task_group_decorator.py
[2025-02-17T06:11:15.227+0000] {processor.py:914} INFO - Processing file /home/airflow/.local/lib/python3.12/site-packages/airflow/example_dags/example_task_group_decorator.py for tasks to queue
[2025-02-17T06:11:15.230+0000] {logging_mixin.py:190} INFO - [2025-02-17T06:11:15.230+0000] {dagbag.py:588} INFO - Filling up the DagBag from /home/airflow/.local/lib/python3.12/site-packages/airflow/example_dags/example_task_group_decorator.py
[2025-02-17T06:11:15.252+0000] {processor.py:925} INFO - DAG(s) 'example_task_group_decorator' retrieved from /home/airflow/.local/lib/python3.12/site-packages/airflow/example_dags/example_task_group_decorator.py
[2025-02-17T06:11:15.285+0000] {logging_mixin.py:190} INFO - [2025-02-17T06:11:15.285+0000] {dag.py:3239} INFO - Sync 1 DAGs
[2025-02-17T06:11:15.298+0000] {logging_mixin.py:190} INFO - [2025-02-17T06:11:15.298+0000] {dag.py:4180} INFO - Setting next_dagrun for example_task_group_decorator to None, run_after=None
[2025-02-17T06:11:15.320+0000] {processor.py:208} INFO - Processing /home/airflow/.local/lib/python3.12/site-packages/airflow/example_dags/example_task_group_decorator.py took 0.103 seconds
[2025-02-17T06:11:45.542+0000] {processor.py:186} INFO - Started process (PID=2696) to work on /home/airflow/.local/lib/python3.12/site-packages/airflow/example_dags/example_task_group_decorator.py
[2025-02-17T06:11:45.543+0000] {processor.py:914} INFO - Processing file /home/airflow/.local/lib/python3.12/site-packages/airflow/example_dags/example_task_group_decorator.py for tasks to queue
[2025-02-17T06:11:45.546+0000] {logging_mixin.py:190} INFO - [2025-02-17T06:11:45.545+0000] {dagbag.py:588} INFO - Filling up the DagBag from /home/airflow/.local/lib/python3.12/site-packages/airflow/example_dags/example_task_group_decorator.py
[2025-02-17T06:11:45.561+0000] {processor.py:925} INFO - DAG(s) 'example_task_group_decorator' retrieved from /home/airflow/.local/lib/python3.12/site-packages/airflow/example_dags/example_task_group_decorator.py
[2025-02-17T06:11:45.589+0000] {logging_mixin.py:190} INFO - [2025-02-17T06:11:45.588+0000] {dag.py:3239} INFO - Sync 1 DAGs
[2025-02-17T06:11:45.601+0000] {logging_mixin.py:190} INFO - [2025-02-17T06:11:45.601+0000] {dag.py:4180} INFO - Setting next_dagrun for example_task_group_decorator to None, run_after=None
[2025-02-17T06:11:45.616+0000] {processor.py:208} INFO - Processing /home/airflow/.local/lib/python3.12/site-packages/airflow/example_dags/example_task_group_decorator.py took 0.081 seconds
[2025-02-17T06:12:16.420+0000] {processor.py:186} INFO - Started process (PID=2773) to work on /home/airflow/.local/lib/python3.12/site-packages/airflow/example_dags/example_task_group_decorator.py
[2025-02-17T06:12:16.422+0000] {processor.py:914} INFO - Processing file /home/airflow/.local/lib/python3.12/site-packages/airflow/example_dags/example_task_group_decorator.py for tasks to queue
[2025-02-17T06:12:16.425+0000] {logging_mixin.py:190} INFO - [2025-02-17T06:12:16.425+0000] {dagbag.py:588} INFO - Filling up the DagBag from /home/airflow/.local/lib/python3.12/site-packages/airflow/example_dags/example_task_group_decorator.py
[2025-02-17T06:12:16.448+0000] {processor.py:925} INFO - DAG(s) 'example_task_group_decorator' retrieved from /home/airflow/.local/lib/python3.12/site-packages/airflow/example_dags/example_task_group_decorator.py
[2025-02-17T06:12:16.485+0000] {logging_mixin.py:190} INFO - [2025-02-17T06:12:16.485+0000] {dag.py:3239} INFO - Sync 1 DAGs
[2025-02-17T06:12:16.501+0000] {logging_mixin.py:190} INFO - [2025-02-17T06:12:16.501+0000] {dag.py:4180} INFO - Setting next_dagrun for example_task_group_decorator to None, run_after=None
[2025-02-17T06:12:16.527+0000] {processor.py:208} INFO - Processing /home/airflow/.local/lib/python3.12/site-packages/airflow/example_dags/example_task_group_decorator.py took 0.115 seconds
[2025-02-17T06:12:48.063+0000] {processor.py:186} INFO - Started process (PID=2852) to work on /home/airflow/.local/lib/python3.12/site-packages/airflow/example_dags/example_task_group_decorator.py
[2025-02-17T06:12:48.064+0000] {processor.py:914} INFO - Processing file /home/airflow/.local/lib/python3.12/site-packages/airflow/example_dags/example_task_group_decorator.py for tasks to queue
[2025-02-17T06:12:48.067+0000] {logging_mixin.py:190} INFO - [2025-02-17T06:12:48.067+0000] {dagbag.py:588} INFO - Filling up the DagBag from /home/airflow/.local/lib/python3.12/site-packages/airflow/example_dags/example_task_group_decorator.py
[2025-02-17T06:12:48.081+0000] {processor.py:925} INFO - DAG(s) 'example_task_group_decorator' retrieved from /home/airflow/.local/lib/python3.12/site-packages/airflow/example_dags/example_task_group_decorator.py
[2025-02-17T06:12:48.106+0000] {logging_mixin.py:190} INFO - [2025-02-17T06:12:48.105+0000] {dag.py:3239} INFO - Sync 1 DAGs
[2025-02-17T06:12:48.120+0000] {logging_mixin.py:190} INFO - [2025-02-17T06:12:48.120+0000] {dag.py:4180} INFO - Setting next_dagrun for example_task_group_decorator to None, run_after=None
[2025-02-17T06:12:48.137+0000] {processor.py:208} INFO - Processing /home/airflow/.local/lib/python3.12/site-packages/airflow/example_dags/example_task_group_decorator.py took 0.080 seconds
[2025-02-17T06:13:19.519+0000] {processor.py:186} INFO - Started process (PID=2930) to work on /home/airflow/.local/lib/python3.12/site-packages/airflow/example_dags/example_task_group_decorator.py
[2025-02-17T06:13:19.521+0000] {processor.py:914} INFO - Processing file /home/airflow/.local/lib/python3.12/site-packages/airflow/example_dags/example_task_group_decorator.py for tasks to queue
[2025-02-17T06:13:19.523+0000] {logging_mixin.py:190} INFO - [2025-02-17T06:13:19.523+0000] {dagbag.py:588} INFO - Filling up the DagBag from /home/airflow/.local/lib/python3.12/site-packages/airflow/example_dags/example_task_group_decorator.py
[2025-02-17T06:13:19.537+0000] {processor.py:925} INFO - DAG(s) 'example_task_group_decorator' retrieved from /home/airflow/.local/lib/python3.12/site-packages/airflow/example_dags/example_task_group_decorator.py
[2025-02-17T06:13:19.564+0000] {logging_mixin.py:190} INFO - [2025-02-17T06:13:19.564+0000] {dag.py:3239} INFO - Sync 1 DAGs
[2025-02-17T06:13:19.580+0000] {logging_mixin.py:190} INFO - [2025-02-17T06:13:19.580+0000] {dag.py:4180} INFO - Setting next_dagrun for example_task_group_decorator to None, run_after=None
[2025-02-17T06:13:19.624+0000] {processor.py:208} INFO - Processing /home/airflow/.local/lib/python3.12/site-packages/airflow/example_dags/example_task_group_decorator.py took 0.109 seconds
[2025-02-17T06:13:50.791+0000] {processor.py:186} INFO - Started process (PID=3008) to work on /home/airflow/.local/lib/python3.12/site-packages/airflow/example_dags/example_task_group_decorator.py
[2025-02-17T06:13:50.793+0000] {processor.py:914} INFO - Processing file /home/airflow/.local/lib/python3.12/site-packages/airflow/example_dags/example_task_group_decorator.py for tasks to queue
[2025-02-17T06:13:50.797+0000] {logging_mixin.py:190} INFO - [2025-02-17T06:13:50.796+0000] {dagbag.py:588} INFO - Filling up the DagBag from /home/airflow/.local/lib/python3.12/site-packages/airflow/example_dags/example_task_group_decorator.py
[2025-02-17T06:13:50.824+0000] {processor.py:925} INFO - DAG(s) 'example_task_group_decorator' retrieved from /home/airflow/.local/lib/python3.12/site-packages/airflow/example_dags/example_task_group_decorator.py
[2025-02-17T06:13:50.865+0000] {logging_mixin.py:190} INFO - [2025-02-17T06:13:50.864+0000] {dag.py:3239} INFO - Sync 1 DAGs
[2025-02-17T06:13:50.893+0000] {logging_mixin.py:190} INFO - [2025-02-17T06:13:50.893+0000] {dag.py:4180} INFO - Setting next_dagrun for example_task_group_decorator to None, run_after=None
[2025-02-17T06:13:50.954+0000] {processor.py:208} INFO - Processing /home/airflow/.local/lib/python3.12/site-packages/airflow/example_dags/example_task_group_decorator.py took 0.174 seconds
[2025-02-17T06:14:22.744+0000] {processor.py:186} INFO - Started process (PID=3092) to work on /home/airflow/.local/lib/python3.12/site-packages/airflow/example_dags/example_task_group_decorator.py
[2025-02-17T06:14:22.746+0000] {processor.py:914} INFO - Processing file /home/airflow/.local/lib/python3.12/site-packages/airflow/example_dags/example_task_group_decorator.py for tasks to queue
[2025-02-17T06:14:22.748+0000] {logging_mixin.py:190} INFO - [2025-02-17T06:14:22.748+0000] {dagbag.py:588} INFO - Filling up the DagBag from /home/airflow/.local/lib/python3.12/site-packages/airflow/example_dags/example_task_group_decorator.py
[2025-02-17T06:14:22.771+0000] {processor.py:925} INFO - DAG(s) 'example_task_group_decorator' retrieved from /home/airflow/.local/lib/python3.12/site-packages/airflow/example_dags/example_task_group_decorator.py
[2025-02-17T06:14:22.816+0000] {logging_mixin.py:190} INFO - [2025-02-17T06:14:22.815+0000] {dag.py:3239} INFO - Sync 1 DAGs
[2025-02-17T06:14:22.840+0000] {logging_mixin.py:190} INFO - [2025-02-17T06:14:22.840+0000] {dag.py:4180} INFO - Setting next_dagrun for example_task_group_decorator to None, run_after=None
[2025-02-17T06:14:22.900+0000] {processor.py:208} INFO - Processing /home/airflow/.local/lib/python3.12/site-packages/airflow/example_dags/example_task_group_decorator.py took 0.165 seconds
[2025-02-17T06:14:53.828+0000] {processor.py:186} INFO - Started process (PID=3170) to work on /home/airflow/.local/lib/python3.12/site-packages/airflow/example_dags/example_task_group_decorator.py
[2025-02-17T06:14:53.830+0000] {processor.py:914} INFO - Processing file /home/airflow/.local/lib/python3.12/site-packages/airflow/example_dags/example_task_group_decorator.py for tasks to queue
[2025-02-17T06:14:53.833+0000] {logging_mixin.py:190} INFO - [2025-02-17T06:14:53.833+0000] {dagbag.py:588} INFO - Filling up the DagBag from /home/airflow/.local/lib/python3.12/site-packages/airflow/example_dags/example_task_group_decorator.py
[2025-02-17T06:14:53.847+0000] {processor.py:925} INFO - DAG(s) 'example_task_group_decorator' retrieved from /home/airflow/.local/lib/python3.12/site-packages/airflow/example_dags/example_task_group_decorator.py
[2025-02-17T06:14:53.878+0000] {logging_mixin.py:190} INFO - [2025-02-17T06:14:53.878+0000] {dag.py:3239} INFO - Sync 1 DAGs
[2025-02-17T06:14:53.894+0000] {logging_mixin.py:190} INFO - [2025-02-17T06:14:53.894+0000] {dag.py:4180} INFO - Setting next_dagrun for example_task_group_decorator to None, run_after=None
[2025-02-17T06:14:53.913+0000] {processor.py:208} INFO - Processing /home/airflow/.local/lib/python3.12/site-packages/airflow/example_dags/example_task_group_decorator.py took 0.090 seconds
[2025-02-17T06:15:25.087+0000] {processor.py:186} INFO - Started process (PID=3248) to work on /home/airflow/.local/lib/python3.12/site-packages/airflow/example_dags/example_task_group_decorator.py
[2025-02-17T06:15:25.088+0000] {processor.py:914} INFO - Processing file /home/airflow/.local/lib/python3.12/site-packages/airflow/example_dags/example_task_group_decorator.py for tasks to queue
[2025-02-17T06:15:25.091+0000] {logging_mixin.py:190} INFO - [2025-02-17T06:15:25.091+0000] {dagbag.py:588} INFO - Filling up the DagBag from /home/airflow/.local/lib/python3.12/site-packages/airflow/example_dags/example_task_group_decorator.py
[2025-02-17T06:15:25.103+0000] {processor.py:925} INFO - DAG(s) 'example_task_group_decorator' retrieved from /home/airflow/.local/lib/python3.12/site-packages/airflow/example_dags/example_task_group_decorator.py
[2025-02-17T06:15:25.122+0000] {logging_mixin.py:190} INFO - [2025-02-17T06:15:25.122+0000] {dag.py:3239} INFO - Sync 1 DAGs
[2025-02-17T06:15:25.133+0000] {logging_mixin.py:190} INFO - [2025-02-17T06:15:25.133+0000] {dag.py:4180} INFO - Setting next_dagrun for example_task_group_decorator to None, run_after=None
[2025-02-17T06:15:25.148+0000] {processor.py:208} INFO - Processing /home/airflow/.local/lib/python3.12/site-packages/airflow/example_dags/example_task_group_decorator.py took 0.065 seconds
[2025-02-17T06:15:56.027+0000] {processor.py:186} INFO - Started process (PID=3326) to work on /home/airflow/.local/lib/python3.12/site-packages/airflow/example_dags/example_task_group_decorator.py
[2025-02-17T06:15:56.028+0000] {processor.py:914} INFO - Processing file /home/airflow/.local/lib/python3.12/site-packages/airflow/example_dags/example_task_group_decorator.py for tasks to queue
[2025-02-17T06:15:56.031+0000] {logging_mixin.py:190} INFO - [2025-02-17T06:15:56.031+0000] {dagbag.py:588} INFO - Filling up the DagBag from /home/airflow/.local/lib/python3.12/site-packages/airflow/example_dags/example_task_group_decorator.py
[2025-02-17T06:15:56.047+0000] {processor.py:925} INFO - DAG(s) 'example_task_group_decorator' retrieved from /home/airflow/.local/lib/python3.12/site-packages/airflow/example_dags/example_task_group_decorator.py
[2025-02-17T06:15:56.068+0000] {logging_mixin.py:190} INFO - [2025-02-17T06:15:56.068+0000] {dag.py:3239} INFO - Sync 1 DAGs
[2025-02-17T06:15:56.080+0000] {logging_mixin.py:190} INFO - [2025-02-17T06:15:56.080+0000] {dag.py:4180} INFO - Setting next_dagrun for example_task_group_decorator to None, run_after=None
[2025-02-17T06:15:56.099+0000] {processor.py:208} INFO - Processing /home/airflow/.local/lib/python3.12/site-packages/airflow/example_dags/example_task_group_decorator.py took 0.079 seconds
[2025-02-17T06:16:27.072+0000] {processor.py:186} INFO - Started process (PID=3406) to work on /home/airflow/.local/lib/python3.12/site-packages/airflow/example_dags/example_task_group_decorator.py
[2025-02-17T06:16:27.073+0000] {processor.py:914} INFO - Processing file /home/airflow/.local/lib/python3.12/site-packages/airflow/example_dags/example_task_group_decorator.py for tasks to queue
[2025-02-17T06:16:27.077+0000] {logging_mixin.py:190} INFO - [2025-02-17T06:16:27.077+0000] {dagbag.py:588} INFO - Filling up the DagBag from /home/airflow/.local/lib/python3.12/site-packages/airflow/example_dags/example_task_group_decorator.py
[2025-02-17T06:16:27.095+0000] {processor.py:925} INFO - DAG(s) 'example_task_group_decorator' retrieved from /home/airflow/.local/lib/python3.12/site-packages/airflow/example_dags/example_task_group_decorator.py
[2025-02-17T06:16:27.132+0000] {logging_mixin.py:190} INFO - [2025-02-17T06:16:27.132+0000] {dag.py:3239} INFO - Sync 1 DAGs
[2025-02-17T06:16:27.152+0000] {logging_mixin.py:190} INFO - [2025-02-17T06:16:27.152+0000] {dag.py:4180} INFO - Setting next_dagrun for example_task_group_decorator to None, run_after=None
[2025-02-17T06:16:27.199+0000] {processor.py:208} INFO - Processing /home/airflow/.local/lib/python3.12/site-packages/airflow/example_dags/example_task_group_decorator.py took 0.135 seconds
[2025-02-17T06:16:58.165+0000] {processor.py:186} INFO - Started process (PID=3484) to work on /home/airflow/.local/lib/python3.12/site-packages/airflow/example_dags/example_task_group_decorator.py
[2025-02-17T06:16:58.166+0000] {processor.py:914} INFO - Processing file /home/airflow/.local/lib/python3.12/site-packages/airflow/example_dags/example_task_group_decorator.py for tasks to queue
[2025-02-17T06:16:58.169+0000] {logging_mixin.py:190} INFO - [2025-02-17T06:16:58.169+0000] {dagbag.py:588} INFO - Filling up the DagBag from /home/airflow/.local/lib/python3.12/site-packages/airflow/example_dags/example_task_group_decorator.py
[2025-02-17T06:16:58.182+0000] {processor.py:925} INFO - DAG(s) 'example_task_group_decorator' retrieved from /home/airflow/.local/lib/python3.12/site-packages/airflow/example_dags/example_task_group_decorator.py
[2025-02-17T06:16:58.204+0000] {logging_mixin.py:190} INFO - [2025-02-17T06:16:58.204+0000] {dag.py:3239} INFO - Sync 1 DAGs
[2025-02-17T06:16:58.218+0000] {logging_mixin.py:190} INFO - [2025-02-17T06:16:58.218+0000] {dag.py:4180} INFO - Setting next_dagrun for example_task_group_decorator to None, run_after=None
[2025-02-17T06:16:58.258+0000] {processor.py:208} INFO - Processing /home/airflow/.local/lib/python3.12/site-packages/airflow/example_dags/example_task_group_decorator.py took 0.099 seconds
[2025-02-17T06:17:28.792+0000] {processor.py:186} INFO - Started process (PID=3563) to work on /home/airflow/.local/lib/python3.12/site-packages/airflow/example_dags/example_task_group_decorator.py
[2025-02-17T06:17:28.793+0000] {processor.py:914} INFO - Processing file /home/airflow/.local/lib/python3.12/site-packages/airflow/example_dags/example_task_group_decorator.py for tasks to queue
[2025-02-17T06:17:28.795+0000] {logging_mixin.py:190} INFO - [2025-02-17T06:17:28.795+0000] {dagbag.py:588} INFO - Filling up the DagBag from /home/airflow/.local/lib/python3.12/site-packages/airflow/example_dags/example_task_group_decorator.py
[2025-02-17T06:17:28.812+0000] {processor.py:925} INFO - DAG(s) 'example_task_group_decorator' retrieved from /home/airflow/.local/lib/python3.12/site-packages/airflow/example_dags/example_task_group_decorator.py
[2025-02-17T06:17:28.837+0000] {logging_mixin.py:190} INFO - [2025-02-17T06:17:28.836+0000] {dag.py:3239} INFO - Sync 1 DAGs
[2025-02-17T06:17:28.852+0000] {logging_mixin.py:190} INFO - [2025-02-17T06:17:28.851+0000] {dag.py:4180} INFO - Setting next_dagrun for example_task_group_decorator to None, run_after=None
[2025-02-17T06:17:28.895+0000] {processor.py:208} INFO - Processing /home/airflow/.local/lib/python3.12/site-packages/airflow/example_dags/example_task_group_decorator.py took 0.109 seconds
[2025-02-17T06:17:59.184+0000] {processor.py:186} INFO - Started process (PID=3640) to work on /home/airflow/.local/lib/python3.12/site-packages/airflow/example_dags/example_task_group_decorator.py
[2025-02-17T06:17:59.186+0000] {processor.py:914} INFO - Processing file /home/airflow/.local/lib/python3.12/site-packages/airflow/example_dags/example_task_group_decorator.py for tasks to queue
[2025-02-17T06:17:59.191+0000] {logging_mixin.py:190} INFO - [2025-02-17T06:17:59.190+0000] {dagbag.py:588} INFO - Filling up the DagBag from /home/airflow/.local/lib/python3.12/site-packages/airflow/example_dags/example_task_group_decorator.py
[2025-02-17T06:17:59.208+0000] {processor.py:925} INFO - DAG(s) 'example_task_group_decorator' retrieved from /home/airflow/.local/lib/python3.12/site-packages/airflow/example_dags/example_task_group_decorator.py
[2025-02-17T06:17:59.243+0000] {logging_mixin.py:190} INFO - [2025-02-17T06:17:59.243+0000] {dag.py:3239} INFO - Sync 1 DAGs
[2025-02-17T06:17:59.267+0000] {logging_mixin.py:190} INFO - [2025-02-17T06:17:59.267+0000] {dag.py:4180} INFO - Setting next_dagrun for example_task_group_decorator to None, run_after=None
[2025-02-17T06:17:59.299+0000] {processor.py:208} INFO - Processing /home/airflow/.local/lib/python3.12/site-packages/airflow/example_dags/example_task_group_decorator.py took 0.121 seconds
[2025-02-17T06:18:30.086+0000] {processor.py:186} INFO - Started process (PID=3719) to work on /home/airflow/.local/lib/python3.12/site-packages/airflow/example_dags/example_task_group_decorator.py
[2025-02-17T06:18:30.088+0000] {processor.py:914} INFO - Processing file /home/airflow/.local/lib/python3.12/site-packages/airflow/example_dags/example_task_group_decorator.py for tasks to queue
[2025-02-17T06:18:30.092+0000] {logging_mixin.py:190} INFO - [2025-02-17T06:18:30.091+0000] {dagbag.py:588} INFO - Filling up the DagBag from /home/airflow/.local/lib/python3.12/site-packages/airflow/example_dags/example_task_group_decorator.py
[2025-02-17T06:18:30.106+0000] {processor.py:925} INFO - DAG(s) 'example_task_group_decorator' retrieved from /home/airflow/.local/lib/python3.12/site-packages/airflow/example_dags/example_task_group_decorator.py
[2025-02-17T06:18:30.133+0000] {logging_mixin.py:190} INFO - [2025-02-17T06:18:30.133+0000] {dag.py:3239} INFO - Sync 1 DAGs
[2025-02-17T06:18:30.151+0000] {logging_mixin.py:190} INFO - [2025-02-17T06:18:30.151+0000] {dag.py:4180} INFO - Setting next_dagrun for example_task_group_decorator to None, run_after=None
[2025-02-17T06:18:30.177+0000] {processor.py:208} INFO - Processing /home/airflow/.local/lib/python3.12/site-packages/airflow/example_dags/example_task_group_decorator.py took 0.096 seconds
[2025-02-17T06:19:00.750+0000] {processor.py:186} INFO - Started process (PID=3797) to work on /home/airflow/.local/lib/python3.12/site-packages/airflow/example_dags/example_task_group_decorator.py
[2025-02-17T06:19:00.752+0000] {processor.py:914} INFO - Processing file /home/airflow/.local/lib/python3.12/site-packages/airflow/example_dags/example_task_group_decorator.py for tasks to queue
[2025-02-17T06:19:00.755+0000] {logging_mixin.py:190} INFO - [2025-02-17T06:19:00.755+0000] {dagbag.py:588} INFO - Filling up the DagBag from /home/airflow/.local/lib/python3.12/site-packages/airflow/example_dags/example_task_group_decorator.py
[2025-02-17T06:19:00.776+0000] {processor.py:925} INFO - DAG(s) 'example_task_group_decorator' retrieved from /home/airflow/.local/lib/python3.12/site-packages/airflow/example_dags/example_task_group_decorator.py
[2025-02-17T06:19:00.818+0000] {logging_mixin.py:190} INFO - [2025-02-17T06:19:00.818+0000] {dag.py:3239} INFO - Sync 1 DAGs
[2025-02-17T06:19:00.837+0000] {logging_mixin.py:190} INFO - [2025-02-17T06:19:00.837+0000] {dag.py:4180} INFO - Setting next_dagrun for example_task_group_decorator to None, run_after=None
[2025-02-17T06:19:00.870+0000] {processor.py:208} INFO - Processing /home/airflow/.local/lib/python3.12/site-packages/airflow/example_dags/example_task_group_decorator.py took 0.128 seconds
[2025-02-17T06:19:31.136+0000] {processor.py:186} INFO - Started process (PID=3875) to work on /home/airflow/.local/lib/python3.12/site-packages/airflow/example_dags/example_task_group_decorator.py
[2025-02-17T06:19:31.138+0000] {processor.py:914} INFO - Processing file /home/airflow/.local/lib/python3.12/site-packages/airflow/example_dags/example_task_group_decorator.py for tasks to queue
[2025-02-17T06:19:31.141+0000] {logging_mixin.py:190} INFO - [2025-02-17T06:19:31.141+0000] {dagbag.py:588} INFO - Filling up the DagBag from /home/airflow/.local/lib/python3.12/site-packages/airflow/example_dags/example_task_group_decorator.py
[2025-02-17T06:19:31.158+0000] {processor.py:925} INFO - DAG(s) 'example_task_group_decorator' retrieved from /home/airflow/.local/lib/python3.12/site-packages/airflow/example_dags/example_task_group_decorator.py
[2025-02-17T06:19:31.188+0000] {logging_mixin.py:190} INFO - [2025-02-17T06:19:31.188+0000] {dag.py:3239} INFO - Sync 1 DAGs
[2025-02-17T06:19:31.203+0000] {logging_mixin.py:190} INFO - [2025-02-17T06:19:31.203+0000] {dag.py:4180} INFO - Setting next_dagrun for example_task_group_decorator to None, run_after=None
[2025-02-17T06:19:31.227+0000] {processor.py:208} INFO - Processing /home/airflow/.local/lib/python3.12/site-packages/airflow/example_dags/example_task_group_decorator.py took 0.097 seconds
[2025-02-17T06:20:01.410+0000] {processor.py:186} INFO - Started process (PID=3953) to work on /home/airflow/.local/lib/python3.12/site-packages/airflow/example_dags/example_task_group_decorator.py
[2025-02-17T06:20:01.412+0000] {processor.py:914} INFO - Processing file /home/airflow/.local/lib/python3.12/site-packages/airflow/example_dags/example_task_group_decorator.py for tasks to queue
[2025-02-17T06:20:01.414+0000] {logging_mixin.py:190} INFO - [2025-02-17T06:20:01.414+0000] {dagbag.py:588} INFO - Filling up the DagBag from /home/airflow/.local/lib/python3.12/site-packages/airflow/example_dags/example_task_group_decorator.py
[2025-02-17T06:20:01.428+0000] {processor.py:925} INFO - DAG(s) 'example_task_group_decorator' retrieved from /home/airflow/.local/lib/python3.12/site-packages/airflow/example_dags/example_task_group_decorator.py
[2025-02-17T06:20:01.451+0000] {logging_mixin.py:190} INFO - [2025-02-17T06:20:01.451+0000] {dag.py:3239} INFO - Sync 1 DAGs
[2025-02-17T06:20:01.464+0000] {logging_mixin.py:190} INFO - [2025-02-17T06:20:01.464+0000] {dag.py:4180} INFO - Setting next_dagrun for example_task_group_decorator to None, run_after=None
[2025-02-17T06:20:01.485+0000] {processor.py:208} INFO - Processing /home/airflow/.local/lib/python3.12/site-packages/airflow/example_dags/example_task_group_decorator.py took 0.081 seconds
[2025-02-17T06:20:32.337+0000] {processor.py:186} INFO - Started process (PID=4031) to work on /home/airflow/.local/lib/python3.12/site-packages/airflow/example_dags/example_task_group_decorator.py
[2025-02-17T06:20:32.339+0000] {processor.py:914} INFO - Processing file /home/airflow/.local/lib/python3.12/site-packages/airflow/example_dags/example_task_group_decorator.py for tasks to queue
[2025-02-17T06:20:32.342+0000] {logging_mixin.py:190} INFO - [2025-02-17T06:20:32.342+0000] {dagbag.py:588} INFO - Filling up the DagBag from /home/airflow/.local/lib/python3.12/site-packages/airflow/example_dags/example_task_group_decorator.py
[2025-02-17T06:20:32.360+0000] {processor.py:925} INFO - DAG(s) 'example_task_group_decorator' retrieved from /home/airflow/.local/lib/python3.12/site-packages/airflow/example_dags/example_task_group_decorator.py
[2025-02-17T06:20:32.389+0000] {logging_mixin.py:190} INFO - [2025-02-17T06:20:32.389+0000] {dag.py:3239} INFO - Sync 1 DAGs
[2025-02-17T06:20:32.404+0000] {logging_mixin.py:190} INFO - [2025-02-17T06:20:32.404+0000] {dag.py:4180} INFO - Setting next_dagrun for example_task_group_decorator to None, run_after=None
[2025-02-17T06:20:32.444+0000] {processor.py:208} INFO - Processing /home/airflow/.local/lib/python3.12/site-packages/airflow/example_dags/example_task_group_decorator.py took 0.114 seconds
[2025-02-17T06:21:03.066+0000] {processor.py:186} INFO - Started process (PID=4109) to work on /home/airflow/.local/lib/python3.12/site-packages/airflow/example_dags/example_task_group_decorator.py
[2025-02-17T06:21:03.068+0000] {processor.py:914} INFO - Processing file /home/airflow/.local/lib/python3.12/site-packages/airflow/example_dags/example_task_group_decorator.py for tasks to queue
[2025-02-17T06:21:03.070+0000] {logging_mixin.py:190} INFO - [2025-02-17T06:21:03.070+0000] {dagbag.py:588} INFO - Filling up the DagBag from /home/airflow/.local/lib/python3.12/site-packages/airflow/example_dags/example_task_group_decorator.py
[2025-02-17T06:21:03.086+0000] {processor.py:925} INFO - DAG(s) 'example_task_group_decorator' retrieved from /home/airflow/.local/lib/python3.12/site-packages/airflow/example_dags/example_task_group_decorator.py
[2025-02-17T06:21:03.110+0000] {logging_mixin.py:190} INFO - [2025-02-17T06:21:03.110+0000] {dag.py:3239} INFO - Sync 1 DAGs
[2025-02-17T06:21:03.124+0000] {logging_mixin.py:190} INFO - [2025-02-17T06:21:03.124+0000] {dag.py:4180} INFO - Setting next_dagrun for example_task_group_decorator to None, run_after=None
[2025-02-17T06:21:03.144+0000] {processor.py:208} INFO - Processing /home/airflow/.local/lib/python3.12/site-packages/airflow/example_dags/example_task_group_decorator.py took 0.083 seconds
[2025-02-17T06:21:34.068+0000] {processor.py:186} INFO - Started process (PID=4187) to work on /home/airflow/.local/lib/python3.12/site-packages/airflow/example_dags/example_task_group_decorator.py
[2025-02-17T06:21:34.069+0000] {processor.py:914} INFO - Processing file /home/airflow/.local/lib/python3.12/site-packages/airflow/example_dags/example_task_group_decorator.py for tasks to queue
[2025-02-17T06:21:34.072+0000] {logging_mixin.py:190} INFO - [2025-02-17T06:21:34.071+0000] {dagbag.py:588} INFO - Filling up the DagBag from /home/airflow/.local/lib/python3.12/site-packages/airflow/example_dags/example_task_group_decorator.py
[2025-02-17T06:21:34.088+0000] {processor.py:925} INFO - DAG(s) 'example_task_group_decorator' retrieved from /home/airflow/.local/lib/python3.12/site-packages/airflow/example_dags/example_task_group_decorator.py
[2025-02-17T06:21:34.116+0000] {logging_mixin.py:190} INFO - [2025-02-17T06:21:34.115+0000] {dag.py:3239} INFO - Sync 1 DAGs
[2025-02-17T06:21:34.129+0000] {logging_mixin.py:190} INFO - [2025-02-17T06:21:34.128+0000] {dag.py:4180} INFO - Setting next_dagrun for example_task_group_decorator to None, run_after=None
[2025-02-17T06:21:34.148+0000] {processor.py:208} INFO - Processing /home/airflow/.local/lib/python3.12/site-packages/airflow/example_dags/example_task_group_decorator.py took 0.087 seconds
[2025-02-17T06:22:04.309+0000] {processor.py:186} INFO - Started process (PID=4265) to work on /home/airflow/.local/lib/python3.12/site-packages/airflow/example_dags/example_task_group_decorator.py
[2025-02-17T06:22:04.310+0000] {processor.py:914} INFO - Processing file /home/airflow/.local/lib/python3.12/site-packages/airflow/example_dags/example_task_group_decorator.py for tasks to queue
[2025-02-17T06:22:04.313+0000] {logging_mixin.py:190} INFO - [2025-02-17T06:22:04.312+0000] {dagbag.py:588} INFO - Filling up the DagBag from /home/airflow/.local/lib/python3.12/site-packages/airflow/example_dags/example_task_group_decorator.py
[2025-02-17T06:22:04.329+0000] {processor.py:925} INFO - DAG(s) 'example_task_group_decorator' retrieved from /home/airflow/.local/lib/python3.12/site-packages/airflow/example_dags/example_task_group_decorator.py
[2025-02-17T06:22:04.353+0000] {logging_mixin.py:190} INFO - [2025-02-17T06:22:04.353+0000] {dag.py:3239} INFO - Sync 1 DAGs
[2025-02-17T06:22:04.366+0000] {logging_mixin.py:190} INFO - [2025-02-17T06:22:04.366+0000] {dag.py:4180} INFO - Setting next_dagrun for example_task_group_decorator to None, run_after=None
[2025-02-17T06:22:04.408+0000] {processor.py:208} INFO - Processing /home/airflow/.local/lib/python3.12/site-packages/airflow/example_dags/example_task_group_decorator.py took 0.105 seconds
[2025-02-17T06:22:35.283+0000] {processor.py:186} INFO - Started process (PID=4343) to work on /home/airflow/.local/lib/python3.12/site-packages/airflow/example_dags/example_task_group_decorator.py
[2025-02-17T06:22:35.284+0000] {processor.py:914} INFO - Processing file /home/airflow/.local/lib/python3.12/site-packages/airflow/example_dags/example_task_group_decorator.py for tasks to queue
[2025-02-17T06:22:35.287+0000] {logging_mixin.py:190} INFO - [2025-02-17T06:22:35.287+0000] {dagbag.py:588} INFO - Filling up the DagBag from /home/airflow/.local/lib/python3.12/site-packages/airflow/example_dags/example_task_group_decorator.py
[2025-02-17T06:22:35.301+0000] {processor.py:925} INFO - DAG(s) 'example_task_group_decorator' retrieved from /home/airflow/.local/lib/python3.12/site-packages/airflow/example_dags/example_task_group_decorator.py
[2025-02-17T06:22:35.329+0000] {logging_mixin.py:190} INFO - [2025-02-17T06:22:35.329+0000] {dag.py:3239} INFO - Sync 1 DAGs
[2025-02-17T06:22:35.343+0000] {logging_mixin.py:190} INFO - [2025-02-17T06:22:35.343+0000] {dag.py:4180} INFO - Setting next_dagrun for example_task_group_decorator to None, run_after=None
[2025-02-17T06:22:35.365+0000] {processor.py:208} INFO - Processing /home/airflow/.local/lib/python3.12/site-packages/airflow/example_dags/example_task_group_decorator.py took 0.087 seconds
[2025-02-17T06:23:05.565+0000] {processor.py:186} INFO - Started process (PID=4421) to work on /home/airflow/.local/lib/python3.12/site-packages/airflow/example_dags/example_task_group_decorator.py
[2025-02-17T06:23:05.566+0000] {processor.py:914} INFO - Processing file /home/airflow/.local/lib/python3.12/site-packages/airflow/example_dags/example_task_group_decorator.py for tasks to queue
[2025-02-17T06:23:05.569+0000] {logging_mixin.py:190} INFO - [2025-02-17T06:23:05.568+0000] {dagbag.py:588} INFO - Filling up the DagBag from /home/airflow/.local/lib/python3.12/site-packages/airflow/example_dags/example_task_group_decorator.py
[2025-02-17T06:23:05.582+0000] {processor.py:925} INFO - DAG(s) 'example_task_group_decorator' retrieved from /home/airflow/.local/lib/python3.12/site-packages/airflow/example_dags/example_task_group_decorator.py
[2025-02-17T06:23:05.607+0000] {logging_mixin.py:190} INFO - [2025-02-17T06:23:05.607+0000] {dag.py:3239} INFO - Sync 1 DAGs
[2025-02-17T06:23:05.619+0000] {logging_mixin.py:190} INFO - [2025-02-17T06:23:05.619+0000] {dag.py:4180} INFO - Setting next_dagrun for example_task_group_decorator to None, run_after=None
[2025-02-17T06:23:05.639+0000] {processor.py:208} INFO - Processing /home/airflow/.local/lib/python3.12/site-packages/airflow/example_dags/example_task_group_decorator.py took 0.079 seconds
[2025-02-17T06:23:36.580+0000] {processor.py:186} INFO - Started process (PID=4502) to work on /home/airflow/.local/lib/python3.12/site-packages/airflow/example_dags/example_task_group_decorator.py
[2025-02-17T06:23:36.581+0000] {processor.py:914} INFO - Processing file /home/airflow/.local/lib/python3.12/site-packages/airflow/example_dags/example_task_group_decorator.py for tasks to queue
[2025-02-17T06:23:36.583+0000] {logging_mixin.py:190} INFO - [2025-02-17T06:23:36.583+0000] {dagbag.py:588} INFO - Filling up the DagBag from /home/airflow/.local/lib/python3.12/site-packages/airflow/example_dags/example_task_group_decorator.py
[2025-02-17T06:23:36.601+0000] {processor.py:925} INFO - DAG(s) 'example_task_group_decorator' retrieved from /home/airflow/.local/lib/python3.12/site-packages/airflow/example_dags/example_task_group_decorator.py
[2025-02-17T06:23:36.628+0000] {logging_mixin.py:190} INFO - [2025-02-17T06:23:36.628+0000] {dag.py:3239} INFO - Sync 1 DAGs
[2025-02-17T06:23:36.643+0000] {logging_mixin.py:190} INFO - [2025-02-17T06:23:36.643+0000] {dag.py:4180} INFO - Setting next_dagrun for example_task_group_decorator to None, run_after=None
[2025-02-17T06:23:36.665+0000] {processor.py:208} INFO - Processing /home/airflow/.local/lib/python3.12/site-packages/airflow/example_dags/example_task_group_decorator.py took 0.091 seconds
[2025-02-17T12:17:26.710+0000] {processor.py:186} INFO - Started process (PID=4599) to work on /home/airflow/.local/lib/python3.12/site-packages/airflow/example_dags/example_task_group_decorator.py
[2025-02-17T12:17:26.711+0000] {processor.py:914} INFO - Processing file /home/airflow/.local/lib/python3.12/site-packages/airflow/example_dags/example_task_group_decorator.py for tasks to queue
[2025-02-17T12:17:26.714+0000] {logging_mixin.py:190} INFO - [2025-02-17T12:17:26.714+0000] {dagbag.py:588} INFO - Filling up the DagBag from /home/airflow/.local/lib/python3.12/site-packages/airflow/example_dags/example_task_group_decorator.py
[2025-02-17T12:17:26.738+0000] {processor.py:925} INFO - DAG(s) 'example_task_group_decorator' retrieved from /home/airflow/.local/lib/python3.12/site-packages/airflow/example_dags/example_task_group_decorator.py
[2025-02-17T12:17:26.773+0000] {logging_mixin.py:190} INFO - [2025-02-17T12:17:26.772+0000] {dag.py:3239} INFO - Sync 1 DAGs
[2025-02-17T12:17:26.951+0000] {logging_mixin.py:190} INFO - [2025-02-17T12:17:26.951+0000] {dag.py:4180} INFO - Setting next_dagrun for example_task_group_decorator to None, run_after=None
[2025-02-17T12:17:26.971+0000] {processor.py:208} INFO - Processing /home/airflow/.local/lib/python3.12/site-packages/airflow/example_dags/example_task_group_decorator.py took 0.270 seconds
[2025-02-17T12:17:57.361+0000] {processor.py:186} INFO - Started process (PID=4677) to work on /home/airflow/.local/lib/python3.12/site-packages/airflow/example_dags/example_task_group_decorator.py
[2025-02-17T12:17:57.362+0000] {processor.py:914} INFO - Processing file /home/airflow/.local/lib/python3.12/site-packages/airflow/example_dags/example_task_group_decorator.py for tasks to queue
[2025-02-17T12:17:57.365+0000] {logging_mixin.py:190} INFO - [2025-02-17T12:17:57.365+0000] {dagbag.py:588} INFO - Filling up the DagBag from /home/airflow/.local/lib/python3.12/site-packages/airflow/example_dags/example_task_group_decorator.py
[2025-02-17T12:17:57.381+0000] {processor.py:925} INFO - DAG(s) 'example_task_group_decorator' retrieved from /home/airflow/.local/lib/python3.12/site-packages/airflow/example_dags/example_task_group_decorator.py
[2025-02-17T12:17:57.408+0000] {logging_mixin.py:190} INFO - [2025-02-17T12:17:57.407+0000] {dag.py:3239} INFO - Sync 1 DAGs
[2025-02-17T12:17:57.422+0000] {logging_mixin.py:190} INFO - [2025-02-17T12:17:57.421+0000] {dag.py:4180} INFO - Setting next_dagrun for example_task_group_decorator to None, run_after=None
[2025-02-17T12:17:57.465+0000] {processor.py:208} INFO - Processing /home/airflow/.local/lib/python3.12/site-packages/airflow/example_dags/example_task_group_decorator.py took 0.110 seconds
[2025-02-17T12:18:28.581+0000] {processor.py:186} INFO - Started process (PID=4754) to work on /home/airflow/.local/lib/python3.12/site-packages/airflow/example_dags/example_task_group_decorator.py
[2025-02-17T12:18:28.583+0000] {processor.py:914} INFO - Processing file /home/airflow/.local/lib/python3.12/site-packages/airflow/example_dags/example_task_group_decorator.py for tasks to queue
[2025-02-17T12:18:28.585+0000] {logging_mixin.py:190} INFO - [2025-02-17T12:18:28.585+0000] {dagbag.py:588} INFO - Filling up the DagBag from /home/airflow/.local/lib/python3.12/site-packages/airflow/example_dags/example_task_group_decorator.py
[2025-02-17T12:18:28.605+0000] {processor.py:925} INFO - DAG(s) 'example_task_group_decorator' retrieved from /home/airflow/.local/lib/python3.12/site-packages/airflow/example_dags/example_task_group_decorator.py
[2025-02-17T12:18:28.639+0000] {logging_mixin.py:190} INFO - [2025-02-17T12:18:28.638+0000] {dag.py:3239} INFO - Sync 1 DAGs
[2025-02-17T12:18:28.662+0000] {logging_mixin.py:190} INFO - [2025-02-17T12:18:28.662+0000] {dag.py:4180} INFO - Setting next_dagrun for example_task_group_decorator to None, run_after=None
[2025-02-17T12:18:28.690+0000] {processor.py:208} INFO - Processing /home/airflow/.local/lib/python3.12/site-packages/airflow/example_dags/example_task_group_decorator.py took 0.117 seconds
[2025-02-17T12:18:59.836+0000] {processor.py:186} INFO - Started process (PID=4833) to work on /home/airflow/.local/lib/python3.12/site-packages/airflow/example_dags/example_task_group_decorator.py
[2025-02-17T12:18:59.838+0000] {processor.py:914} INFO - Processing file /home/airflow/.local/lib/python3.12/site-packages/airflow/example_dags/example_task_group_decorator.py for tasks to queue
[2025-02-17T12:18:59.842+0000] {logging_mixin.py:190} INFO - [2025-02-17T12:18:59.841+0000] {dagbag.py:588} INFO - Filling up the DagBag from /home/airflow/.local/lib/python3.12/site-packages/airflow/example_dags/example_task_group_decorator.py
[2025-02-17T12:18:59.864+0000] {processor.py:925} INFO - DAG(s) 'example_task_group_decorator' retrieved from /home/airflow/.local/lib/python3.12/site-packages/airflow/example_dags/example_task_group_decorator.py
[2025-02-17T12:18:59.898+0000] {logging_mixin.py:190} INFO - [2025-02-17T12:18:59.897+0000] {dag.py:3239} INFO - Sync 1 DAGs
[2025-02-17T12:18:59.918+0000] {logging_mixin.py:190} INFO - [2025-02-17T12:18:59.918+0000] {dag.py:4180} INFO - Setting next_dagrun for example_task_group_decorator to None, run_after=None
[2025-02-17T12:18:59.949+0000] {processor.py:208} INFO - Processing /home/airflow/.local/lib/python3.12/site-packages/airflow/example_dags/example_task_group_decorator.py took 0.122 seconds
[2025-02-17T12:19:31.235+0000] {processor.py:186} INFO - Started process (PID=4911) to work on /home/airflow/.local/lib/python3.12/site-packages/airflow/example_dags/example_task_group_decorator.py
[2025-02-17T12:19:31.237+0000] {processor.py:914} INFO - Processing file /home/airflow/.local/lib/python3.12/site-packages/airflow/example_dags/example_task_group_decorator.py for tasks to queue
[2025-02-17T12:19:31.241+0000] {logging_mixin.py:190} INFO - [2025-02-17T12:19:31.241+0000] {dagbag.py:588} INFO - Filling up the DagBag from /home/airflow/.local/lib/python3.12/site-packages/airflow/example_dags/example_task_group_decorator.py
[2025-02-17T12:19:31.269+0000] {processor.py:925} INFO - DAG(s) 'example_task_group_decorator' retrieved from /home/airflow/.local/lib/python3.12/site-packages/airflow/example_dags/example_task_group_decorator.py
[2025-02-17T12:19:31.323+0000] {logging_mixin.py:190} INFO - [2025-02-17T12:19:31.322+0000] {dag.py:3239} INFO - Sync 1 DAGs
[2025-02-17T12:19:31.349+0000] {logging_mixin.py:190} INFO - [2025-02-17T12:19:31.349+0000] {dag.py:4180} INFO - Setting next_dagrun for example_task_group_decorator to None, run_after=None
[2025-02-17T12:19:31.411+0000] {processor.py:208} INFO - Processing /home/airflow/.local/lib/python3.12/site-packages/airflow/example_dags/example_task_group_decorator.py took 0.185 seconds
[2025-02-17T12:20:02.548+0000] {processor.py:186} INFO - Started process (PID=4994) to work on /home/airflow/.local/lib/python3.12/site-packages/airflow/example_dags/example_task_group_decorator.py
[2025-02-17T12:20:02.550+0000] {processor.py:914} INFO - Processing file /home/airflow/.local/lib/python3.12/site-packages/airflow/example_dags/example_task_group_decorator.py for tasks to queue
[2025-02-17T12:20:02.553+0000] {logging_mixin.py:190} INFO - [2025-02-17T12:20:02.553+0000] {dagbag.py:588} INFO - Filling up the DagBag from /home/airflow/.local/lib/python3.12/site-packages/airflow/example_dags/example_task_group_decorator.py
[2025-02-17T12:20:02.571+0000] {processor.py:925} INFO - DAG(s) 'example_task_group_decorator' retrieved from /home/airflow/.local/lib/python3.12/site-packages/airflow/example_dags/example_task_group_decorator.py
[2025-02-17T12:20:02.611+0000] {logging_mixin.py:190} INFO - [2025-02-17T12:20:02.610+0000] {dag.py:3239} INFO - Sync 1 DAGs
[2025-02-17T12:20:02.795+0000] {logging_mixin.py:190} INFO - [2025-02-17T12:20:02.794+0000] {dag.py:4180} INFO - Setting next_dagrun for example_task_group_decorator to None, run_after=None
[2025-02-17T12:20:02.818+0000] {processor.py:208} INFO - Processing /home/airflow/.local/lib/python3.12/site-packages/airflow/example_dags/example_task_group_decorator.py took 0.277 seconds
