[2025-02-17T05:54:34.194+0000] {processor.py:186} INFO - Started process (PID=88) to work on /home/airflow/.local/lib/python3.12/site-packages/airflow/example_dags/example_branch_python_dop_operator_3.py
[2025-02-17T05:54:34.196+0000] {processor.py:914} INFO - Processing file /home/airflow/.local/lib/python3.12/site-packages/airflow/example_dags/example_branch_python_dop_operator_3.py for tasks to queue
[2025-02-17T05:54:34.201+0000] {logging_mixin.py:190} INFO - [2025-02-17T05:54:34.200+0000] {dagbag.py:588} INFO - Filling up the DagBag from /home/airflow/.local/lib/python3.12/site-packages/airflow/example_dags/example_branch_python_dop_operator_3.py
[2025-02-17T05:54:34.238+0000] {processor.py:925} INFO - DAG(s) 'example_branch_dop_operator_v3' retrieved from /home/airflow/.local/lib/python3.12/site-packages/airflow/example_dags/example_branch_python_dop_operator_3.py
[2025-02-17T05:54:34.305+0000] {logging_mixin.py:190} INFO - [2025-02-17T05:54:34.304+0000] {dag.py:3239} INFO - Sync 1 DAGs
[2025-02-17T05:54:34.354+0000] {logging_mixin.py:190} INFO - [2025-02-17T05:54:34.354+0000] {dag.py:4180} INFO - Setting next_dagrun for example_branch_dop_operator_v3 to 2025-02-17 05:53:00+00:00, run_after=2025-02-17 05:54:00+00:00
[2025-02-17T05:54:34.393+0000] {processor.py:208} INFO - Processing /home/airflow/.local/lib/python3.12/site-packages/airflow/example_dags/example_branch_python_dop_operator_3.py took 0.210 seconds
[2025-02-17T05:55:04.767+0000] {processor.py:186} INFO - Started process (PID=154) to work on /home/airflow/.local/lib/python3.12/site-packages/airflow/example_dags/example_branch_python_dop_operator_3.py
[2025-02-17T05:55:04.768+0000] {processor.py:914} INFO - Processing file /home/airflow/.local/lib/python3.12/site-packages/airflow/example_dags/example_branch_python_dop_operator_3.py for tasks to queue
[2025-02-17T05:55:04.770+0000] {logging_mixin.py:190} INFO - [2025-02-17T05:55:04.770+0000] {dagbag.py:588} INFO - Filling up the DagBag from /home/airflow/.local/lib/python3.12/site-packages/airflow/example_dags/example_branch_python_dop_operator_3.py
[2025-02-17T05:55:04.781+0000] {processor.py:925} INFO - DAG(s) 'example_branch_dop_operator_v3' retrieved from /home/airflow/.local/lib/python3.12/site-packages/airflow/example_dags/example_branch_python_dop_operator_3.py
[2025-02-17T05:55:04.797+0000] {logging_mixin.py:190} INFO - [2025-02-17T05:55:04.797+0000] {dag.py:3239} INFO - Sync 1 DAGs
[2025-02-17T05:55:04.824+0000] {logging_mixin.py:190} INFO - [2025-02-17T05:55:04.824+0000] {dag.py:4180} INFO - Setting next_dagrun for example_branch_dop_operator_v3 to 2025-02-17 05:54:00+00:00, run_after=2025-02-17 05:55:00+00:00
[2025-02-17T05:55:04.845+0000] {processor.py:208} INFO - Processing /home/airflow/.local/lib/python3.12/site-packages/airflow/example_dags/example_branch_python_dop_operator_3.py took 0.084 seconds
[2025-02-17T05:55:35.038+0000] {processor.py:186} INFO - Started process (PID=232) to work on /home/airflow/.local/lib/python3.12/site-packages/airflow/example_dags/example_branch_python_dop_operator_3.py
[2025-02-17T05:55:35.039+0000] {processor.py:914} INFO - Processing file /home/airflow/.local/lib/python3.12/site-packages/airflow/example_dags/example_branch_python_dop_operator_3.py for tasks to queue
[2025-02-17T05:55:35.042+0000] {logging_mixin.py:190} INFO - [2025-02-17T05:55:35.041+0000] {dagbag.py:588} INFO - Filling up the DagBag from /home/airflow/.local/lib/python3.12/site-packages/airflow/example_dags/example_branch_python_dop_operator_3.py
[2025-02-17T05:55:35.053+0000] {processor.py:925} INFO - DAG(s) 'example_branch_dop_operator_v3' retrieved from /home/airflow/.local/lib/python3.12/site-packages/airflow/example_dags/example_branch_python_dop_operator_3.py
[2025-02-17T05:55:35.074+0000] {logging_mixin.py:190} INFO - [2025-02-17T05:55:35.074+0000] {dag.py:3239} INFO - Sync 1 DAGs
[2025-02-17T05:55:35.102+0000] {logging_mixin.py:190} INFO - [2025-02-17T05:55:35.102+0000] {dag.py:4180} INFO - Setting next_dagrun for example_branch_dop_operator_v3 to 2025-02-17 05:54:00+00:00, run_after=2025-02-17 05:55:00+00:00
[2025-02-17T05:55:35.126+0000] {processor.py:208} INFO - Processing /home/airflow/.local/lib/python3.12/site-packages/airflow/example_dags/example_branch_python_dop_operator_3.py took 0.095 seconds
[2025-02-17T05:56:05.605+0000] {processor.py:186} INFO - Started process (PID=310) to work on /home/airflow/.local/lib/python3.12/site-packages/airflow/example_dags/example_branch_python_dop_operator_3.py
[2025-02-17T05:56:05.606+0000] {processor.py:914} INFO - Processing file /home/airflow/.local/lib/python3.12/site-packages/airflow/example_dags/example_branch_python_dop_operator_3.py for tasks to queue
[2025-02-17T05:56:05.609+0000] {logging_mixin.py:190} INFO - [2025-02-17T05:56:05.609+0000] {dagbag.py:588} INFO - Filling up the DagBag from /home/airflow/.local/lib/python3.12/site-packages/airflow/example_dags/example_branch_python_dop_operator_3.py
[2025-02-17T05:56:05.620+0000] {processor.py:925} INFO - DAG(s) 'example_branch_dop_operator_v3' retrieved from /home/airflow/.local/lib/python3.12/site-packages/airflow/example_dags/example_branch_python_dop_operator_3.py
[2025-02-17T05:56:05.639+0000] {logging_mixin.py:190} INFO - [2025-02-17T05:56:05.639+0000] {dag.py:3239} INFO - Sync 1 DAGs
[2025-02-17T05:56:05.666+0000] {logging_mixin.py:190} INFO - [2025-02-17T05:56:05.665+0000] {dag.py:4180} INFO - Setting next_dagrun for example_branch_dop_operator_v3 to 2025-02-17 05:55:00+00:00, run_after=2025-02-17 05:56:00+00:00
[2025-02-17T05:56:05.686+0000] {processor.py:208} INFO - Processing /home/airflow/.local/lib/python3.12/site-packages/airflow/example_dags/example_branch_python_dop_operator_3.py took 0.088 seconds
[2025-02-17T05:56:35.912+0000] {processor.py:186} INFO - Started process (PID=388) to work on /home/airflow/.local/lib/python3.12/site-packages/airflow/example_dags/example_branch_python_dop_operator_3.py
[2025-02-17T05:56:35.914+0000] {processor.py:914} INFO - Processing file /home/airflow/.local/lib/python3.12/site-packages/airflow/example_dags/example_branch_python_dop_operator_3.py for tasks to queue
[2025-02-17T05:56:35.916+0000] {logging_mixin.py:190} INFO - [2025-02-17T05:56:35.916+0000] {dagbag.py:588} INFO - Filling up the DagBag from /home/airflow/.local/lib/python3.12/site-packages/airflow/example_dags/example_branch_python_dop_operator_3.py
[2025-02-17T05:56:35.926+0000] {processor.py:925} INFO - DAG(s) 'example_branch_dop_operator_v3' retrieved from /home/airflow/.local/lib/python3.12/site-packages/airflow/example_dags/example_branch_python_dop_operator_3.py
[2025-02-17T05:56:35.954+0000] {logging_mixin.py:190} INFO - [2025-02-17T05:56:35.954+0000] {dag.py:3239} INFO - Sync 1 DAGs
[2025-02-17T05:56:35.982+0000] {logging_mixin.py:190} INFO - [2025-02-17T05:56:35.982+0000] {dag.py:4180} INFO - Setting next_dagrun for example_branch_dop_operator_v3 to 2025-02-17 05:55:00+00:00, run_after=2025-02-17 05:56:00+00:00
[2025-02-17T05:56:36.007+0000] {processor.py:208} INFO - Processing /home/airflow/.local/lib/python3.12/site-packages/airflow/example_dags/example_branch_python_dop_operator_3.py took 0.103 seconds
[2025-02-17T05:57:06.268+0000] {processor.py:186} INFO - Started process (PID=466) to work on /home/airflow/.local/lib/python3.12/site-packages/airflow/example_dags/example_branch_python_dop_operator_3.py
[2025-02-17T05:57:06.269+0000] {processor.py:914} INFO - Processing file /home/airflow/.local/lib/python3.12/site-packages/airflow/example_dags/example_branch_python_dop_operator_3.py for tasks to queue
[2025-02-17T05:57:06.272+0000] {logging_mixin.py:190} INFO - [2025-02-17T05:57:06.272+0000] {dagbag.py:588} INFO - Filling up the DagBag from /home/airflow/.local/lib/python3.12/site-packages/airflow/example_dags/example_branch_python_dop_operator_3.py
[2025-02-17T05:57:06.283+0000] {processor.py:925} INFO - DAG(s) 'example_branch_dop_operator_v3' retrieved from /home/airflow/.local/lib/python3.12/site-packages/airflow/example_dags/example_branch_python_dop_operator_3.py
[2025-02-17T05:57:06.304+0000] {logging_mixin.py:190} INFO - [2025-02-17T05:57:06.303+0000] {dag.py:3239} INFO - Sync 1 DAGs
[2025-02-17T05:57:06.331+0000] {logging_mixin.py:190} INFO - [2025-02-17T05:57:06.331+0000] {dag.py:4180} INFO - Setting next_dagrun for example_branch_dop_operator_v3 to 2025-02-17 05:56:00+00:00, run_after=2025-02-17 05:57:00+00:00
[2025-02-17T05:57:06.354+0000] {processor.py:208} INFO - Processing /home/airflow/.local/lib/python3.12/site-packages/airflow/example_dags/example_branch_python_dop_operator_3.py took 0.092 seconds
[2025-02-17T05:57:36.885+0000] {processor.py:186} INFO - Started process (PID=544) to work on /home/airflow/.local/lib/python3.12/site-packages/airflow/example_dags/example_branch_python_dop_operator_3.py
[2025-02-17T05:57:36.887+0000] {processor.py:914} INFO - Processing file /home/airflow/.local/lib/python3.12/site-packages/airflow/example_dags/example_branch_python_dop_operator_3.py for tasks to queue
[2025-02-17T05:57:36.890+0000] {logging_mixin.py:190} INFO - [2025-02-17T05:57:36.889+0000] {dagbag.py:588} INFO - Filling up the DagBag from /home/airflow/.local/lib/python3.12/site-packages/airflow/example_dags/example_branch_python_dop_operator_3.py
[2025-02-17T05:57:36.899+0000] {processor.py:925} INFO - DAG(s) 'example_branch_dop_operator_v3' retrieved from /home/airflow/.local/lib/python3.12/site-packages/airflow/example_dags/example_branch_python_dop_operator_3.py
[2025-02-17T05:57:36.920+0000] {logging_mixin.py:190} INFO - [2025-02-17T05:57:36.920+0000] {dag.py:3239} INFO - Sync 1 DAGs
[2025-02-17T05:57:36.947+0000] {logging_mixin.py:190} INFO - [2025-02-17T05:57:36.946+0000] {dag.py:4180} INFO - Setting next_dagrun for example_branch_dop_operator_v3 to 2025-02-17 05:56:00+00:00, run_after=2025-02-17 05:57:00+00:00
[2025-02-17T05:57:36.966+0000] {processor.py:208} INFO - Processing /home/airflow/.local/lib/python3.12/site-packages/airflow/example_dags/example_branch_python_dop_operator_3.py took 0.086 seconds
[2025-02-17T05:58:07.538+0000] {processor.py:186} INFO - Started process (PID=622) to work on /home/airflow/.local/lib/python3.12/site-packages/airflow/example_dags/example_branch_python_dop_operator_3.py
[2025-02-17T05:58:07.540+0000] {processor.py:914} INFO - Processing file /home/airflow/.local/lib/python3.12/site-packages/airflow/example_dags/example_branch_python_dop_operator_3.py for tasks to queue
[2025-02-17T05:58:07.543+0000] {logging_mixin.py:190} INFO - [2025-02-17T05:58:07.543+0000] {dagbag.py:588} INFO - Filling up the DagBag from /home/airflow/.local/lib/python3.12/site-packages/airflow/example_dags/example_branch_python_dop_operator_3.py
[2025-02-17T05:58:07.558+0000] {processor.py:925} INFO - DAG(s) 'example_branch_dop_operator_v3' retrieved from /home/airflow/.local/lib/python3.12/site-packages/airflow/example_dags/example_branch_python_dop_operator_3.py
[2025-02-17T05:58:07.581+0000] {logging_mixin.py:190} INFO - [2025-02-17T05:58:07.581+0000] {dag.py:3239} INFO - Sync 1 DAGs
[2025-02-17T05:58:07.611+0000] {logging_mixin.py:190} INFO - [2025-02-17T05:58:07.611+0000] {dag.py:4180} INFO - Setting next_dagrun for example_branch_dop_operator_v3 to 2025-02-17 05:57:00+00:00, run_after=2025-02-17 05:58:00+00:00
[2025-02-17T05:58:07.638+0000] {processor.py:208} INFO - Processing /home/airflow/.local/lib/python3.12/site-packages/airflow/example_dags/example_branch_python_dop_operator_3.py took 0.109 seconds
[2025-02-17T05:58:38.488+0000] {processor.py:186} INFO - Started process (PID=700) to work on /home/airflow/.local/lib/python3.12/site-packages/airflow/example_dags/example_branch_python_dop_operator_3.py
[2025-02-17T05:58:38.489+0000] {processor.py:914} INFO - Processing file /home/airflow/.local/lib/python3.12/site-packages/airflow/example_dags/example_branch_python_dop_operator_3.py for tasks to queue
[2025-02-17T05:58:38.494+0000] {logging_mixin.py:190} INFO - [2025-02-17T05:58:38.493+0000] {dagbag.py:588} INFO - Filling up the DagBag from /home/airflow/.local/lib/python3.12/site-packages/airflow/example_dags/example_branch_python_dop_operator_3.py
[2025-02-17T05:58:38.506+0000] {processor.py:925} INFO - DAG(s) 'example_branch_dop_operator_v3' retrieved from /home/airflow/.local/lib/python3.12/site-packages/airflow/example_dags/example_branch_python_dop_operator_3.py
[2025-02-17T05:58:38.530+0000] {logging_mixin.py:190} INFO - [2025-02-17T05:58:38.530+0000] {dag.py:3239} INFO - Sync 1 DAGs
[2025-02-17T05:58:38.565+0000] {logging_mixin.py:190} INFO - [2025-02-17T05:58:38.564+0000] {dag.py:4180} INFO - Setting next_dagrun for example_branch_dop_operator_v3 to 2025-02-17 05:57:00+00:00, run_after=2025-02-17 05:58:00+00:00
[2025-02-17T05:58:38.592+0000] {processor.py:208} INFO - Processing /home/airflow/.local/lib/python3.12/site-packages/airflow/example_dags/example_branch_python_dop_operator_3.py took 0.111 seconds
[2025-02-17T05:59:09.015+0000] {processor.py:186} INFO - Started process (PID=778) to work on /home/airflow/.local/lib/python3.12/site-packages/airflow/example_dags/example_branch_python_dop_operator_3.py
[2025-02-17T05:59:09.016+0000] {processor.py:914} INFO - Processing file /home/airflow/.local/lib/python3.12/site-packages/airflow/example_dags/example_branch_python_dop_operator_3.py for tasks to queue
[2025-02-17T05:59:09.019+0000] {logging_mixin.py:190} INFO - [2025-02-17T05:59:09.018+0000] {dagbag.py:588} INFO - Filling up the DagBag from /home/airflow/.local/lib/python3.12/site-packages/airflow/example_dags/example_branch_python_dop_operator_3.py
[2025-02-17T05:59:09.032+0000] {processor.py:925} INFO - DAG(s) 'example_branch_dop_operator_v3' retrieved from /home/airflow/.local/lib/python3.12/site-packages/airflow/example_dags/example_branch_python_dop_operator_3.py
[2025-02-17T05:59:09.057+0000] {logging_mixin.py:190} INFO - [2025-02-17T05:59:09.056+0000] {dag.py:3239} INFO - Sync 1 DAGs
[2025-02-17T05:59:09.093+0000] {logging_mixin.py:190} INFO - [2025-02-17T05:59:09.093+0000] {dag.py:4180} INFO - Setting next_dagrun for example_branch_dop_operator_v3 to 2025-02-17 05:58:00+00:00, run_after=2025-02-17 05:59:00+00:00
[2025-02-17T05:59:09.124+0000] {processor.py:208} INFO - Processing /home/airflow/.local/lib/python3.12/site-packages/airflow/example_dags/example_branch_python_dop_operator_3.py took 0.115 seconds
[2025-02-17T05:59:39.887+0000] {processor.py:186} INFO - Started process (PID=856) to work on /home/airflow/.local/lib/python3.12/site-packages/airflow/example_dags/example_branch_python_dop_operator_3.py
[2025-02-17T05:59:39.889+0000] {processor.py:914} INFO - Processing file /home/airflow/.local/lib/python3.12/site-packages/airflow/example_dags/example_branch_python_dop_operator_3.py for tasks to queue
[2025-02-17T05:59:39.892+0000] {logging_mixin.py:190} INFO - [2025-02-17T05:59:39.891+0000] {dagbag.py:588} INFO - Filling up the DagBag from /home/airflow/.local/lib/python3.12/site-packages/airflow/example_dags/example_branch_python_dop_operator_3.py
[2025-02-17T05:59:39.903+0000] {processor.py:925} INFO - DAG(s) 'example_branch_dop_operator_v3' retrieved from /home/airflow/.local/lib/python3.12/site-packages/airflow/example_dags/example_branch_python_dop_operator_3.py
[2025-02-17T05:59:39.920+0000] {logging_mixin.py:190} INFO - [2025-02-17T05:59:39.920+0000] {dag.py:3239} INFO - Sync 1 DAGs
[2025-02-17T05:59:39.944+0000] {logging_mixin.py:190} INFO - [2025-02-17T05:59:39.944+0000] {dag.py:4180} INFO - Setting next_dagrun for example_branch_dop_operator_v3 to 2025-02-17 05:58:00+00:00, run_after=2025-02-17 05:59:00+00:00
[2025-02-17T05:59:39.963+0000] {processor.py:208} INFO - Processing /home/airflow/.local/lib/python3.12/site-packages/airflow/example_dags/example_branch_python_dop_operator_3.py took 0.082 seconds
[2025-02-17T06:00:10.686+0000] {processor.py:186} INFO - Started process (PID=933) to work on /home/airflow/.local/lib/python3.12/site-packages/airflow/example_dags/example_branch_python_dop_operator_3.py
[2025-02-17T06:00:10.687+0000] {processor.py:914} INFO - Processing file /home/airflow/.local/lib/python3.12/site-packages/airflow/example_dags/example_branch_python_dop_operator_3.py for tasks to queue
[2025-02-17T06:00:10.690+0000] {logging_mixin.py:190} INFO - [2025-02-17T06:00:10.689+0000] {dagbag.py:588} INFO - Filling up the DagBag from /home/airflow/.local/lib/python3.12/site-packages/airflow/example_dags/example_branch_python_dop_operator_3.py
[2025-02-17T06:00:10.706+0000] {processor.py:925} INFO - DAG(s) 'example_branch_dop_operator_v3' retrieved from /home/airflow/.local/lib/python3.12/site-packages/airflow/example_dags/example_branch_python_dop_operator_3.py
[2025-02-17T06:00:10.733+0000] {logging_mixin.py:190} INFO - [2025-02-17T06:00:10.733+0000] {dag.py:3239} INFO - Sync 1 DAGs
[2025-02-17T06:00:10.773+0000] {logging_mixin.py:190} INFO - [2025-02-17T06:00:10.773+0000] {dag.py:4180} INFO - Setting next_dagrun for example_branch_dop_operator_v3 to 2025-02-17 05:59:00+00:00, run_after=2025-02-17 06:00:00+00:00
[2025-02-17T06:00:10.803+0000] {processor.py:208} INFO - Processing /home/airflow/.local/lib/python3.12/site-packages/airflow/example_dags/example_branch_python_dop_operator_3.py took 0.128 seconds
[2025-02-17T06:00:41.510+0000] {processor.py:186} INFO - Started process (PID=1017) to work on /home/airflow/.local/lib/python3.12/site-packages/airflow/example_dags/example_branch_python_dop_operator_3.py
[2025-02-17T06:00:41.511+0000] {processor.py:914} INFO - Processing file /home/airflow/.local/lib/python3.12/site-packages/airflow/example_dags/example_branch_python_dop_operator_3.py for tasks to queue
[2025-02-17T06:00:41.514+0000] {logging_mixin.py:190} INFO - [2025-02-17T06:00:41.513+0000] {dagbag.py:588} INFO - Filling up the DagBag from /home/airflow/.local/lib/python3.12/site-packages/airflow/example_dags/example_branch_python_dop_operator_3.py
[2025-02-17T06:00:41.526+0000] {processor.py:925} INFO - DAG(s) 'example_branch_dop_operator_v3' retrieved from /home/airflow/.local/lib/python3.12/site-packages/airflow/example_dags/example_branch_python_dop_operator_3.py
[2025-02-17T06:00:41.549+0000] {logging_mixin.py:190} INFO - [2025-02-17T06:00:41.548+0000] {dag.py:3239} INFO - Sync 1 DAGs
[2025-02-17T06:00:41.582+0000] {logging_mixin.py:190} INFO - [2025-02-17T06:00:41.582+0000] {dag.py:4180} INFO - Setting next_dagrun for example_branch_dop_operator_v3 to 2025-02-17 05:59:00+00:00, run_after=2025-02-17 06:00:00+00:00
[2025-02-17T06:00:41.610+0000] {processor.py:208} INFO - Processing /home/airflow/.local/lib/python3.12/site-packages/airflow/example_dags/example_branch_python_dop_operator_3.py took 0.105 seconds
[2025-02-17T06:01:12.059+0000] {processor.py:186} INFO - Started process (PID=1095) to work on /home/airflow/.local/lib/python3.12/site-packages/airflow/example_dags/example_branch_python_dop_operator_3.py
[2025-02-17T06:01:12.060+0000] {processor.py:914} INFO - Processing file /home/airflow/.local/lib/python3.12/site-packages/airflow/example_dags/example_branch_python_dop_operator_3.py for tasks to queue
[2025-02-17T06:01:12.064+0000] {logging_mixin.py:190} INFO - [2025-02-17T06:01:12.063+0000] {dagbag.py:588} INFO - Filling up the DagBag from /home/airflow/.local/lib/python3.12/site-packages/airflow/example_dags/example_branch_python_dop_operator_3.py
[2025-02-17T06:01:12.075+0000] {processor.py:925} INFO - DAG(s) 'example_branch_dop_operator_v3' retrieved from /home/airflow/.local/lib/python3.12/site-packages/airflow/example_dags/example_branch_python_dop_operator_3.py
[2025-02-17T06:01:12.092+0000] {logging_mixin.py:190} INFO - [2025-02-17T06:01:12.092+0000] {dag.py:3239} INFO - Sync 1 DAGs
[2025-02-17T06:01:12.149+0000] {logging_mixin.py:190} INFO - [2025-02-17T06:01:12.148+0000] {dag.py:4180} INFO - Setting next_dagrun for example_branch_dop_operator_v3 to 2025-02-17 06:00:00+00:00, run_after=2025-02-17 06:01:00+00:00
[2025-02-17T06:01:12.195+0000] {processor.py:208} INFO - Processing /home/airflow/.local/lib/python3.12/site-packages/airflow/example_dags/example_branch_python_dop_operator_3.py took 0.142 seconds
[2025-02-17T06:01:42.626+0000] {processor.py:186} INFO - Started process (PID=1173) to work on /home/airflow/.local/lib/python3.12/site-packages/airflow/example_dags/example_branch_python_dop_operator_3.py
[2025-02-17T06:01:42.628+0000] {processor.py:914} INFO - Processing file /home/airflow/.local/lib/python3.12/site-packages/airflow/example_dags/example_branch_python_dop_operator_3.py for tasks to queue
[2025-02-17T06:01:42.632+0000] {logging_mixin.py:190} INFO - [2025-02-17T06:01:42.631+0000] {dagbag.py:588} INFO - Filling up the DagBag from /home/airflow/.local/lib/python3.12/site-packages/airflow/example_dags/example_branch_python_dop_operator_3.py
[2025-02-17T06:01:42.645+0000] {processor.py:925} INFO - DAG(s) 'example_branch_dop_operator_v3' retrieved from /home/airflow/.local/lib/python3.12/site-packages/airflow/example_dags/example_branch_python_dop_operator_3.py
[2025-02-17T06:01:42.674+0000] {logging_mixin.py:190} INFO - [2025-02-17T06:01:42.674+0000] {dag.py:3239} INFO - Sync 1 DAGs
[2025-02-17T06:01:42.712+0000] {logging_mixin.py:190} INFO - [2025-02-17T06:01:42.712+0000] {dag.py:4180} INFO - Setting next_dagrun for example_branch_dop_operator_v3 to 2025-02-17 06:00:00+00:00, run_after=2025-02-17 06:01:00+00:00
[2025-02-17T06:01:42.744+0000] {processor.py:208} INFO - Processing /home/airflow/.local/lib/python3.12/site-packages/airflow/example_dags/example_branch_python_dop_operator_3.py took 0.125 seconds
[2025-02-17T06:02:13.361+0000] {processor.py:186} INFO - Started process (PID=1251) to work on /home/airflow/.local/lib/python3.12/site-packages/airflow/example_dags/example_branch_python_dop_operator_3.py
[2025-02-17T06:02:13.364+0000] {processor.py:914} INFO - Processing file /home/airflow/.local/lib/python3.12/site-packages/airflow/example_dags/example_branch_python_dop_operator_3.py for tasks to queue
[2025-02-17T06:02:13.371+0000] {logging_mixin.py:190} INFO - [2025-02-17T06:02:13.370+0000] {dagbag.py:588} INFO - Filling up the DagBag from /home/airflow/.local/lib/python3.12/site-packages/airflow/example_dags/example_branch_python_dop_operator_3.py
[2025-02-17T06:02:13.388+0000] {processor.py:925} INFO - DAG(s) 'example_branch_dop_operator_v3' retrieved from /home/airflow/.local/lib/python3.12/site-packages/airflow/example_dags/example_branch_python_dop_operator_3.py
[2025-02-17T06:02:13.415+0000] {logging_mixin.py:190} INFO - [2025-02-17T06:02:13.415+0000] {dag.py:3239} INFO - Sync 1 DAGs
[2025-02-17T06:02:13.450+0000] {logging_mixin.py:190} INFO - [2025-02-17T06:02:13.449+0000] {dag.py:4180} INFO - Setting next_dagrun for example_branch_dop_operator_v3 to 2025-02-17 06:01:00+00:00, run_after=2025-02-17 06:02:00+00:00
[2025-02-17T06:02:13.484+0000] {processor.py:208} INFO - Processing /home/airflow/.local/lib/python3.12/site-packages/airflow/example_dags/example_branch_python_dop_operator_3.py took 0.129 seconds
[2025-02-17T06:02:43.824+0000] {processor.py:186} INFO - Started process (PID=1329) to work on /home/airflow/.local/lib/python3.12/site-packages/airflow/example_dags/example_branch_python_dop_operator_3.py
[2025-02-17T06:02:43.826+0000] {processor.py:914} INFO - Processing file /home/airflow/.local/lib/python3.12/site-packages/airflow/example_dags/example_branch_python_dop_operator_3.py for tasks to queue
[2025-02-17T06:02:43.829+0000] {logging_mixin.py:190} INFO - [2025-02-17T06:02:43.828+0000] {dagbag.py:588} INFO - Filling up the DagBag from /home/airflow/.local/lib/python3.12/site-packages/airflow/example_dags/example_branch_python_dop_operator_3.py
[2025-02-17T06:02:43.840+0000] {processor.py:925} INFO - DAG(s) 'example_branch_dop_operator_v3' retrieved from /home/airflow/.local/lib/python3.12/site-packages/airflow/example_dags/example_branch_python_dop_operator_3.py
[2025-02-17T06:02:43.861+0000] {logging_mixin.py:190} INFO - [2025-02-17T06:02:43.861+0000] {dag.py:3239} INFO - Sync 1 DAGs
[2025-02-17T06:02:43.886+0000] {logging_mixin.py:190} INFO - [2025-02-17T06:02:43.886+0000] {dag.py:4180} INFO - Setting next_dagrun for example_branch_dop_operator_v3 to 2025-02-17 06:01:00+00:00, run_after=2025-02-17 06:02:00+00:00
[2025-02-17T06:02:43.918+0000] {processor.py:208} INFO - Processing /home/airflow/.local/lib/python3.12/site-packages/airflow/example_dags/example_branch_python_dop_operator_3.py took 0.101 seconds
[2025-02-17T06:03:13.980+0000] {processor.py:186} INFO - Started process (PID=1407) to work on /home/airflow/.local/lib/python3.12/site-packages/airflow/example_dags/example_branch_python_dop_operator_3.py
[2025-02-17T06:03:13.981+0000] {processor.py:914} INFO - Processing file /home/airflow/.local/lib/python3.12/site-packages/airflow/example_dags/example_branch_python_dop_operator_3.py for tasks to queue
[2025-02-17T06:03:13.984+0000] {logging_mixin.py:190} INFO - [2025-02-17T06:03:13.983+0000] {dagbag.py:588} INFO - Filling up the DagBag from /home/airflow/.local/lib/python3.12/site-packages/airflow/example_dags/example_branch_python_dop_operator_3.py
[2025-02-17T06:03:13.994+0000] {processor.py:925} INFO - DAG(s) 'example_branch_dop_operator_v3' retrieved from /home/airflow/.local/lib/python3.12/site-packages/airflow/example_dags/example_branch_python_dop_operator_3.py
[2025-02-17T06:03:14.012+0000] {logging_mixin.py:190} INFO - [2025-02-17T06:03:14.012+0000] {dag.py:3239} INFO - Sync 1 DAGs
[2025-02-17T06:03:14.038+0000] {logging_mixin.py:190} INFO - [2025-02-17T06:03:14.038+0000] {dag.py:4180} INFO - Setting next_dagrun for example_branch_dop_operator_v3 to 2025-02-17 06:02:00+00:00, run_after=2025-02-17 06:03:00+00:00
[2025-02-17T06:03:14.066+0000] {processor.py:208} INFO - Processing /home/airflow/.local/lib/python3.12/site-packages/airflow/example_dags/example_branch_python_dop_operator_3.py took 0.092 seconds
[2025-02-17T06:03:44.243+0000] {processor.py:186} INFO - Started process (PID=1485) to work on /home/airflow/.local/lib/python3.12/site-packages/airflow/example_dags/example_branch_python_dop_operator_3.py
[2025-02-17T06:03:44.244+0000] {processor.py:914} INFO - Processing file /home/airflow/.local/lib/python3.12/site-packages/airflow/example_dags/example_branch_python_dop_operator_3.py for tasks to queue
[2025-02-17T06:03:44.246+0000] {logging_mixin.py:190} INFO - [2025-02-17T06:03:44.246+0000] {dagbag.py:588} INFO - Filling up the DagBag from /home/airflow/.local/lib/python3.12/site-packages/airflow/example_dags/example_branch_python_dop_operator_3.py
[2025-02-17T06:03:44.255+0000] {processor.py:925} INFO - DAG(s) 'example_branch_dop_operator_v3' retrieved from /home/airflow/.local/lib/python3.12/site-packages/airflow/example_dags/example_branch_python_dop_operator_3.py
[2025-02-17T06:03:44.273+0000] {logging_mixin.py:190} INFO - [2025-02-17T06:03:44.272+0000] {dag.py:3239} INFO - Sync 1 DAGs
[2025-02-17T06:03:44.297+0000] {logging_mixin.py:190} INFO - [2025-02-17T06:03:44.297+0000] {dag.py:4180} INFO - Setting next_dagrun for example_branch_dop_operator_v3 to 2025-02-17 06:02:00+00:00, run_after=2025-02-17 06:03:00+00:00
[2025-02-17T06:03:44.313+0000] {processor.py:208} INFO - Processing /home/airflow/.local/lib/python3.12/site-packages/airflow/example_dags/example_branch_python_dop_operator_3.py took 0.075 seconds
[2025-02-17T06:04:14.410+0000] {processor.py:186} INFO - Started process (PID=1562) to work on /home/airflow/.local/lib/python3.12/site-packages/airflow/example_dags/example_branch_python_dop_operator_3.py
[2025-02-17T06:04:14.411+0000] {processor.py:914} INFO - Processing file /home/airflow/.local/lib/python3.12/site-packages/airflow/example_dags/example_branch_python_dop_operator_3.py for tasks to queue
[2025-02-17T06:04:14.413+0000] {logging_mixin.py:190} INFO - [2025-02-17T06:04:14.413+0000] {dagbag.py:588} INFO - Filling up the DagBag from /home/airflow/.local/lib/python3.12/site-packages/airflow/example_dags/example_branch_python_dop_operator_3.py
[2025-02-17T06:04:14.424+0000] {processor.py:925} INFO - DAG(s) 'example_branch_dop_operator_v3' retrieved from /home/airflow/.local/lib/python3.12/site-packages/airflow/example_dags/example_branch_python_dop_operator_3.py
[2025-02-17T06:04:14.442+0000] {logging_mixin.py:190} INFO - [2025-02-17T06:04:14.442+0000] {dag.py:3239} INFO - Sync 1 DAGs
[2025-02-17T06:04:14.468+0000] {logging_mixin.py:190} INFO - [2025-02-17T06:04:14.468+0000] {dag.py:4180} INFO - Setting next_dagrun for example_branch_dop_operator_v3 to 2025-02-17 06:03:00+00:00, run_after=2025-02-17 06:04:00+00:00
[2025-02-17T06:04:14.493+0000] {processor.py:208} INFO - Processing /home/airflow/.local/lib/python3.12/site-packages/airflow/example_dags/example_branch_python_dop_operator_3.py took 0.089 seconds
[2025-02-17T06:04:44.816+0000] {processor.py:186} INFO - Started process (PID=1640) to work on /home/airflow/.local/lib/python3.12/site-packages/airflow/example_dags/example_branch_python_dop_operator_3.py
[2025-02-17T06:04:44.818+0000] {processor.py:914} INFO - Processing file /home/airflow/.local/lib/python3.12/site-packages/airflow/example_dags/example_branch_python_dop_operator_3.py for tasks to queue
[2025-02-17T06:04:44.820+0000] {logging_mixin.py:190} INFO - [2025-02-17T06:04:44.820+0000] {dagbag.py:588} INFO - Filling up the DagBag from /home/airflow/.local/lib/python3.12/site-packages/airflow/example_dags/example_branch_python_dop_operator_3.py
[2025-02-17T06:04:44.830+0000] {processor.py:925} INFO - DAG(s) 'example_branch_dop_operator_v3' retrieved from /home/airflow/.local/lib/python3.12/site-packages/airflow/example_dags/example_branch_python_dop_operator_3.py
[2025-02-17T06:04:44.852+0000] {logging_mixin.py:190} INFO - [2025-02-17T06:04:44.851+0000] {dag.py:3239} INFO - Sync 1 DAGs
[2025-02-17T06:04:44.875+0000] {logging_mixin.py:190} INFO - [2025-02-17T06:04:44.875+0000] {dag.py:4180} INFO - Setting next_dagrun for example_branch_dop_operator_v3 to 2025-02-17 06:03:00+00:00, run_after=2025-02-17 06:04:00+00:00
[2025-02-17T06:04:44.899+0000] {processor.py:208} INFO - Processing /home/airflow/.local/lib/python3.12/site-packages/airflow/example_dags/example_branch_python_dop_operator_3.py took 0.091 seconds
[2025-02-17T06:05:15.643+0000] {processor.py:186} INFO - Started process (PID=1719) to work on /home/airflow/.local/lib/python3.12/site-packages/airflow/example_dags/example_branch_python_dop_operator_3.py
[2025-02-17T06:05:15.644+0000] {processor.py:914} INFO - Processing file /home/airflow/.local/lib/python3.12/site-packages/airflow/example_dags/example_branch_python_dop_operator_3.py for tasks to queue
[2025-02-17T06:05:15.647+0000] {logging_mixin.py:190} INFO - [2025-02-17T06:05:15.647+0000] {dagbag.py:588} INFO - Filling up the DagBag from /home/airflow/.local/lib/python3.12/site-packages/airflow/example_dags/example_branch_python_dop_operator_3.py
[2025-02-17T06:05:15.659+0000] {processor.py:925} INFO - DAG(s) 'example_branch_dop_operator_v3' retrieved from /home/airflow/.local/lib/python3.12/site-packages/airflow/example_dags/example_branch_python_dop_operator_3.py
[2025-02-17T06:05:15.682+0000] {logging_mixin.py:190} INFO - [2025-02-17T06:05:15.682+0000] {dag.py:3239} INFO - Sync 1 DAGs
[2025-02-17T06:05:15.711+0000] {logging_mixin.py:190} INFO - [2025-02-17T06:05:15.710+0000] {dag.py:4180} INFO - Setting next_dagrun for example_branch_dop_operator_v3 to 2025-02-17 06:04:00+00:00, run_after=2025-02-17 06:05:00+00:00
[2025-02-17T06:05:15.736+0000] {processor.py:208} INFO - Processing /home/airflow/.local/lib/python3.12/site-packages/airflow/example_dags/example_branch_python_dop_operator_3.py took 0.100 seconds
[2025-02-17T06:05:46.143+0000] {processor.py:186} INFO - Started process (PID=1797) to work on /home/airflow/.local/lib/python3.12/site-packages/airflow/example_dags/example_branch_python_dop_operator_3.py
[2025-02-17T06:05:46.144+0000] {processor.py:914} INFO - Processing file /home/airflow/.local/lib/python3.12/site-packages/airflow/example_dags/example_branch_python_dop_operator_3.py for tasks to queue
[2025-02-17T06:05:46.151+0000] {logging_mixin.py:190} INFO - [2025-02-17T06:05:46.150+0000] {dagbag.py:588} INFO - Filling up the DagBag from /home/airflow/.local/lib/python3.12/site-packages/airflow/example_dags/example_branch_python_dop_operator_3.py
[2025-02-17T06:05:46.167+0000] {processor.py:925} INFO - DAG(s) 'example_branch_dop_operator_v3' retrieved from /home/airflow/.local/lib/python3.12/site-packages/airflow/example_dags/example_branch_python_dop_operator_3.py
[2025-02-17T06:05:46.194+0000] {logging_mixin.py:190} INFO - [2025-02-17T06:05:46.194+0000] {dag.py:3239} INFO - Sync 1 DAGs
[2025-02-17T06:05:46.229+0000] {logging_mixin.py:190} INFO - [2025-02-17T06:05:46.229+0000] {dag.py:4180} INFO - Setting next_dagrun for example_branch_dop_operator_v3 to 2025-02-17 06:04:00+00:00, run_after=2025-02-17 06:05:00+00:00
[2025-02-17T06:05:46.256+0000] {processor.py:208} INFO - Processing /home/airflow/.local/lib/python3.12/site-packages/airflow/example_dags/example_branch_python_dop_operator_3.py took 0.120 seconds
[2025-02-17T06:06:16.443+0000] {processor.py:186} INFO - Started process (PID=1875) to work on /home/airflow/.local/lib/python3.12/site-packages/airflow/example_dags/example_branch_python_dop_operator_3.py
[2025-02-17T06:06:16.446+0000] {processor.py:914} INFO - Processing file /home/airflow/.local/lib/python3.12/site-packages/airflow/example_dags/example_branch_python_dop_operator_3.py for tasks to queue
[2025-02-17T06:06:16.450+0000] {logging_mixin.py:190} INFO - [2025-02-17T06:06:16.449+0000] {dagbag.py:588} INFO - Filling up the DagBag from /home/airflow/.local/lib/python3.12/site-packages/airflow/example_dags/example_branch_python_dop_operator_3.py
[2025-02-17T06:06:16.463+0000] {processor.py:925} INFO - DAG(s) 'example_branch_dop_operator_v3' retrieved from /home/airflow/.local/lib/python3.12/site-packages/airflow/example_dags/example_branch_python_dop_operator_3.py
[2025-02-17T06:06:16.494+0000] {logging_mixin.py:190} INFO - [2025-02-17T06:06:16.494+0000] {dag.py:3239} INFO - Sync 1 DAGs
[2025-02-17T06:06:16.523+0000] {logging_mixin.py:190} INFO - [2025-02-17T06:06:16.523+0000] {dag.py:4180} INFO - Setting next_dagrun for example_branch_dop_operator_v3 to 2025-02-17 06:05:00+00:00, run_after=2025-02-17 06:06:00+00:00
[2025-02-17T06:06:16.549+0000] {processor.py:208} INFO - Processing /home/airflow/.local/lib/python3.12/site-packages/airflow/example_dags/example_branch_python_dop_operator_3.py took 0.115 seconds
[2025-02-17T06:06:46.747+0000] {processor.py:186} INFO - Started process (PID=1953) to work on /home/airflow/.local/lib/python3.12/site-packages/airflow/example_dags/example_branch_python_dop_operator_3.py
[2025-02-17T06:06:46.748+0000] {processor.py:914} INFO - Processing file /home/airflow/.local/lib/python3.12/site-packages/airflow/example_dags/example_branch_python_dop_operator_3.py for tasks to queue
[2025-02-17T06:06:46.751+0000] {logging_mixin.py:190} INFO - [2025-02-17T06:06:46.751+0000] {dagbag.py:588} INFO - Filling up the DagBag from /home/airflow/.local/lib/python3.12/site-packages/airflow/example_dags/example_branch_python_dop_operator_3.py
[2025-02-17T06:06:46.762+0000] {processor.py:925} INFO - DAG(s) 'example_branch_dop_operator_v3' retrieved from /home/airflow/.local/lib/python3.12/site-packages/airflow/example_dags/example_branch_python_dop_operator_3.py
[2025-02-17T06:06:46.784+0000] {logging_mixin.py:190} INFO - [2025-02-17T06:06:46.784+0000] {dag.py:3239} INFO - Sync 1 DAGs
[2025-02-17T06:06:46.813+0000] {logging_mixin.py:190} INFO - [2025-02-17T06:06:46.813+0000] {dag.py:4180} INFO - Setting next_dagrun for example_branch_dop_operator_v3 to 2025-02-17 06:05:00+00:00, run_after=2025-02-17 06:06:00+00:00
[2025-02-17T06:06:46.862+0000] {processor.py:208} INFO - Processing /home/airflow/.local/lib/python3.12/site-packages/airflow/example_dags/example_branch_python_dop_operator_3.py took 0.122 seconds
[2025-02-17T06:07:17.216+0000] {processor.py:186} INFO - Started process (PID=2031) to work on /home/airflow/.local/lib/python3.12/site-packages/airflow/example_dags/example_branch_python_dop_operator_3.py
[2025-02-17T06:07:17.217+0000] {processor.py:914} INFO - Processing file /home/airflow/.local/lib/python3.12/site-packages/airflow/example_dags/example_branch_python_dop_operator_3.py for tasks to queue
[2025-02-17T06:07:17.219+0000] {logging_mixin.py:190} INFO - [2025-02-17T06:07:17.219+0000] {dagbag.py:588} INFO - Filling up the DagBag from /home/airflow/.local/lib/python3.12/site-packages/airflow/example_dags/example_branch_python_dop_operator_3.py
[2025-02-17T06:07:17.229+0000] {processor.py:925} INFO - DAG(s) 'example_branch_dop_operator_v3' retrieved from /home/airflow/.local/lib/python3.12/site-packages/airflow/example_dags/example_branch_python_dop_operator_3.py
[2025-02-17T06:07:17.246+0000] {logging_mixin.py:190} INFO - [2025-02-17T06:07:17.246+0000] {dag.py:3239} INFO - Sync 1 DAGs
[2025-02-17T06:07:17.268+0000] {logging_mixin.py:190} INFO - [2025-02-17T06:07:17.267+0000] {dag.py:4180} INFO - Setting next_dagrun for example_branch_dop_operator_v3 to 2025-02-17 06:06:00+00:00, run_after=2025-02-17 06:07:00+00:00
[2025-02-17T06:07:17.287+0000] {processor.py:208} INFO - Processing /home/airflow/.local/lib/python3.12/site-packages/airflow/example_dags/example_branch_python_dop_operator_3.py took 0.076 seconds
[2025-02-17T06:07:47.544+0000] {processor.py:186} INFO - Started process (PID=2109) to work on /home/airflow/.local/lib/python3.12/site-packages/airflow/example_dags/example_branch_python_dop_operator_3.py
[2025-02-17T06:07:47.545+0000] {processor.py:914} INFO - Processing file /home/airflow/.local/lib/python3.12/site-packages/airflow/example_dags/example_branch_python_dop_operator_3.py for tasks to queue
[2025-02-17T06:07:47.547+0000] {logging_mixin.py:190} INFO - [2025-02-17T06:07:47.547+0000] {dagbag.py:588} INFO - Filling up the DagBag from /home/airflow/.local/lib/python3.12/site-packages/airflow/example_dags/example_branch_python_dop_operator_3.py
[2025-02-17T06:07:47.559+0000] {processor.py:925} INFO - DAG(s) 'example_branch_dop_operator_v3' retrieved from /home/airflow/.local/lib/python3.12/site-packages/airflow/example_dags/example_branch_python_dop_operator_3.py
[2025-02-17T06:07:47.578+0000] {logging_mixin.py:190} INFO - [2025-02-17T06:07:47.578+0000] {dag.py:3239} INFO - Sync 1 DAGs
[2025-02-17T06:07:47.603+0000] {logging_mixin.py:190} INFO - [2025-02-17T06:07:47.603+0000] {dag.py:4180} INFO - Setting next_dagrun for example_branch_dop_operator_v3 to 2025-02-17 06:06:00+00:00, run_after=2025-02-17 06:07:00+00:00
[2025-02-17T06:07:47.624+0000] {processor.py:208} INFO - Processing /home/airflow/.local/lib/python3.12/site-packages/airflow/example_dags/example_branch_python_dop_operator_3.py took 0.087 seconds
[2025-02-17T06:08:17.968+0000] {processor.py:186} INFO - Started process (PID=2187) to work on /home/airflow/.local/lib/python3.12/site-packages/airflow/example_dags/example_branch_python_dop_operator_3.py
[2025-02-17T06:08:17.970+0000] {processor.py:914} INFO - Processing file /home/airflow/.local/lib/python3.12/site-packages/airflow/example_dags/example_branch_python_dop_operator_3.py for tasks to queue
[2025-02-17T06:08:17.975+0000] {logging_mixin.py:190} INFO - [2025-02-17T06:08:17.974+0000] {dagbag.py:588} INFO - Filling up the DagBag from /home/airflow/.local/lib/python3.12/site-packages/airflow/example_dags/example_branch_python_dop_operator_3.py
[2025-02-17T06:08:17.990+0000] {processor.py:925} INFO - DAG(s) 'example_branch_dop_operator_v3' retrieved from /home/airflow/.local/lib/python3.12/site-packages/airflow/example_dags/example_branch_python_dop_operator_3.py
[2025-02-17T06:08:18.024+0000] {logging_mixin.py:190} INFO - [2025-02-17T06:08:18.024+0000] {dag.py:3239} INFO - Sync 1 DAGs
[2025-02-17T06:08:18.066+0000] {logging_mixin.py:190} INFO - [2025-02-17T06:08:18.066+0000] {dag.py:4180} INFO - Setting next_dagrun for example_branch_dop_operator_v3 to 2025-02-17 06:07:00+00:00, run_after=2025-02-17 06:08:00+00:00
[2025-02-17T06:08:18.106+0000] {processor.py:208} INFO - Processing /home/airflow/.local/lib/python3.12/site-packages/airflow/example_dags/example_branch_python_dop_operator_3.py took 0.146 seconds
[2025-02-17T06:08:48.516+0000] {processor.py:186} INFO - Started process (PID=2265) to work on /home/airflow/.local/lib/python3.12/site-packages/airflow/example_dags/example_branch_python_dop_operator_3.py
[2025-02-17T06:08:48.517+0000] {processor.py:914} INFO - Processing file /home/airflow/.local/lib/python3.12/site-packages/airflow/example_dags/example_branch_python_dop_operator_3.py for tasks to queue
[2025-02-17T06:08:48.522+0000] {logging_mixin.py:190} INFO - [2025-02-17T06:08:48.521+0000] {dagbag.py:588} INFO - Filling up the DagBag from /home/airflow/.local/lib/python3.12/site-packages/airflow/example_dags/example_branch_python_dop_operator_3.py
[2025-02-17T06:08:48.539+0000] {processor.py:925} INFO - DAG(s) 'example_branch_dop_operator_v3' retrieved from /home/airflow/.local/lib/python3.12/site-packages/airflow/example_dags/example_branch_python_dop_operator_3.py
[2025-02-17T06:08:48.568+0000] {logging_mixin.py:190} INFO - [2025-02-17T06:08:48.568+0000] {dag.py:3239} INFO - Sync 1 DAGs
[2025-02-17T06:08:48.608+0000] {logging_mixin.py:190} INFO - [2025-02-17T06:08:48.608+0000] {dag.py:4180} INFO - Setting next_dagrun for example_branch_dop_operator_v3 to 2025-02-17 06:07:00+00:00, run_after=2025-02-17 06:08:00+00:00
[2025-02-17T06:08:48.653+0000] {processor.py:208} INFO - Processing /home/airflow/.local/lib/python3.12/site-packages/airflow/example_dags/example_branch_python_dop_operator_3.py took 0.145 seconds
[2025-02-17T06:09:18.969+0000] {processor.py:186} INFO - Started process (PID=2343) to work on /home/airflow/.local/lib/python3.12/site-packages/airflow/example_dags/example_branch_python_dop_operator_3.py
[2025-02-17T06:09:18.970+0000] {processor.py:914} INFO - Processing file /home/airflow/.local/lib/python3.12/site-packages/airflow/example_dags/example_branch_python_dop_operator_3.py for tasks to queue
[2025-02-17T06:09:18.974+0000] {logging_mixin.py:190} INFO - [2025-02-17T06:09:18.973+0000] {dagbag.py:588} INFO - Filling up the DagBag from /home/airflow/.local/lib/python3.12/site-packages/airflow/example_dags/example_branch_python_dop_operator_3.py
[2025-02-17T06:09:18.990+0000] {processor.py:925} INFO - DAG(s) 'example_branch_dop_operator_v3' retrieved from /home/airflow/.local/lib/python3.12/site-packages/airflow/example_dags/example_branch_python_dop_operator_3.py
[2025-02-17T06:09:19.015+0000] {logging_mixin.py:190} INFO - [2025-02-17T06:09:19.015+0000] {dag.py:3239} INFO - Sync 1 DAGs
[2025-02-17T06:09:19.053+0000] {logging_mixin.py:190} INFO - [2025-02-17T06:09:19.052+0000] {dag.py:4180} INFO - Setting next_dagrun for example_branch_dop_operator_v3 to 2025-02-17 06:08:00+00:00, run_after=2025-02-17 06:09:00+00:00
[2025-02-17T06:09:19.084+0000] {processor.py:208} INFO - Processing /home/airflow/.local/lib/python3.12/site-packages/airflow/example_dags/example_branch_python_dop_operator_3.py took 0.125 seconds
[2025-02-17T06:09:49.544+0000] {processor.py:186} INFO - Started process (PID=2421) to work on /home/airflow/.local/lib/python3.12/site-packages/airflow/example_dags/example_branch_python_dop_operator_3.py
[2025-02-17T06:09:49.545+0000] {processor.py:914} INFO - Processing file /home/airflow/.local/lib/python3.12/site-packages/airflow/example_dags/example_branch_python_dop_operator_3.py for tasks to queue
[2025-02-17T06:09:49.547+0000] {logging_mixin.py:190} INFO - [2025-02-17T06:09:49.547+0000] {dagbag.py:588} INFO - Filling up the DagBag from /home/airflow/.local/lib/python3.12/site-packages/airflow/example_dags/example_branch_python_dop_operator_3.py
[2025-02-17T06:09:49.557+0000] {processor.py:925} INFO - DAG(s) 'example_branch_dop_operator_v3' retrieved from /home/airflow/.local/lib/python3.12/site-packages/airflow/example_dags/example_branch_python_dop_operator_3.py
[2025-02-17T06:09:49.575+0000] {logging_mixin.py:190} INFO - [2025-02-17T06:09:49.575+0000] {dag.py:3239} INFO - Sync 1 DAGs
[2025-02-17T06:09:49.599+0000] {logging_mixin.py:190} INFO - [2025-02-17T06:09:49.599+0000] {dag.py:4180} INFO - Setting next_dagrun for example_branch_dop_operator_v3 to 2025-02-17 06:08:00+00:00, run_after=2025-02-17 06:09:00+00:00
[2025-02-17T06:09:49.625+0000] {processor.py:208} INFO - Processing /home/airflow/.local/lib/python3.12/site-packages/airflow/example_dags/example_branch_python_dop_operator_3.py took 0.086 seconds
[2025-02-17T06:10:20.672+0000] {processor.py:186} INFO - Started process (PID=2499) to work on /home/airflow/.local/lib/python3.12/site-packages/airflow/example_dags/example_branch_python_dop_operator_3.py
[2025-02-17T06:10:20.673+0000] {processor.py:914} INFO - Processing file /home/airflow/.local/lib/python3.12/site-packages/airflow/example_dags/example_branch_python_dop_operator_3.py for tasks to queue
[2025-02-17T06:10:20.675+0000] {logging_mixin.py:190} INFO - [2025-02-17T06:10:20.674+0000] {dagbag.py:588} INFO - Filling up the DagBag from /home/airflow/.local/lib/python3.12/site-packages/airflow/example_dags/example_branch_python_dop_operator_3.py
[2025-02-17T06:10:20.686+0000] {processor.py:925} INFO - DAG(s) 'example_branch_dop_operator_v3' retrieved from /home/airflow/.local/lib/python3.12/site-packages/airflow/example_dags/example_branch_python_dop_operator_3.py
[2025-02-17T06:10:20.705+0000] {logging_mixin.py:190} INFO - [2025-02-17T06:10:20.705+0000] {dag.py:3239} INFO - Sync 1 DAGs
[2025-02-17T06:10:20.730+0000] {logging_mixin.py:190} INFO - [2025-02-17T06:10:20.730+0000] {dag.py:4180} INFO - Setting next_dagrun for example_branch_dop_operator_v3 to 2025-02-17 06:09:00+00:00, run_after=2025-02-17 06:10:00+00:00
[2025-02-17T06:10:20.748+0000] {processor.py:208} INFO - Processing /home/airflow/.local/lib/python3.12/site-packages/airflow/example_dags/example_branch_python_dop_operator_3.py took 0.083 seconds
[2025-02-17T06:10:51.449+0000] {processor.py:186} INFO - Started process (PID=2577) to work on /home/airflow/.local/lib/python3.12/site-packages/airflow/example_dags/example_branch_python_dop_operator_3.py
[2025-02-17T06:10:51.450+0000] {processor.py:914} INFO - Processing file /home/airflow/.local/lib/python3.12/site-packages/airflow/example_dags/example_branch_python_dop_operator_3.py for tasks to queue
[2025-02-17T06:10:51.452+0000] {logging_mixin.py:190} INFO - [2025-02-17T06:10:51.452+0000] {dagbag.py:588} INFO - Filling up the DagBag from /home/airflow/.local/lib/python3.12/site-packages/airflow/example_dags/example_branch_python_dop_operator_3.py
[2025-02-17T06:10:51.462+0000] {processor.py:925} INFO - DAG(s) 'example_branch_dop_operator_v3' retrieved from /home/airflow/.local/lib/python3.12/site-packages/airflow/example_dags/example_branch_python_dop_operator_3.py
[2025-02-17T06:10:51.480+0000] {logging_mixin.py:190} INFO - [2025-02-17T06:10:51.480+0000] {dag.py:3239} INFO - Sync 1 DAGs
[2025-02-17T06:10:51.510+0000] {logging_mixin.py:190} INFO - [2025-02-17T06:10:51.509+0000] {dag.py:4180} INFO - Setting next_dagrun for example_branch_dop_operator_v3 to 2025-02-17 06:09:00+00:00, run_after=2025-02-17 06:10:00+00:00
[2025-02-17T06:10:51.533+0000] {processor.py:208} INFO - Processing /home/airflow/.local/lib/python3.12/site-packages/airflow/example_dags/example_branch_python_dop_operator_3.py took 0.090 seconds
[2025-02-17T06:11:21.927+0000] {processor.py:186} INFO - Started process (PID=2653) to work on /home/airflow/.local/lib/python3.12/site-packages/airflow/example_dags/example_branch_python_dop_operator_3.py
[2025-02-17T06:11:21.929+0000] {processor.py:914} INFO - Processing file /home/airflow/.local/lib/python3.12/site-packages/airflow/example_dags/example_branch_python_dop_operator_3.py for tasks to queue
[2025-02-17T06:11:21.932+0000] {logging_mixin.py:190} INFO - [2025-02-17T06:11:21.931+0000] {dagbag.py:588} INFO - Filling up the DagBag from /home/airflow/.local/lib/python3.12/site-packages/airflow/example_dags/example_branch_python_dop_operator_3.py
[2025-02-17T06:11:21.944+0000] {processor.py:925} INFO - DAG(s) 'example_branch_dop_operator_v3' retrieved from /home/airflow/.local/lib/python3.12/site-packages/airflow/example_dags/example_branch_python_dop_operator_3.py
[2025-02-17T06:11:21.963+0000] {logging_mixin.py:190} INFO - [2025-02-17T06:11:21.963+0000] {dag.py:3239} INFO - Sync 1 DAGs
[2025-02-17T06:11:21.988+0000] {logging_mixin.py:190} INFO - [2025-02-17T06:11:21.987+0000] {dag.py:4180} INFO - Setting next_dagrun for example_branch_dop_operator_v3 to 2025-02-17 06:10:00+00:00, run_after=2025-02-17 06:11:00+00:00
[2025-02-17T06:11:22.006+0000] {processor.py:208} INFO - Processing /home/airflow/.local/lib/python3.12/site-packages/airflow/example_dags/example_branch_python_dop_operator_3.py took 0.086 seconds
[2025-02-17T06:11:52.174+0000] {processor.py:186} INFO - Started process (PID=2719) to work on /home/airflow/.local/lib/python3.12/site-packages/airflow/example_dags/example_branch_python_dop_operator_3.py
[2025-02-17T06:11:52.176+0000] {processor.py:914} INFO - Processing file /home/airflow/.local/lib/python3.12/site-packages/airflow/example_dags/example_branch_python_dop_operator_3.py for tasks to queue
[2025-02-17T06:11:52.179+0000] {logging_mixin.py:190} INFO - [2025-02-17T06:11:52.179+0000] {dagbag.py:588} INFO - Filling up the DagBag from /home/airflow/.local/lib/python3.12/site-packages/airflow/example_dags/example_branch_python_dop_operator_3.py
[2025-02-17T06:11:52.190+0000] {processor.py:925} INFO - DAG(s) 'example_branch_dop_operator_v3' retrieved from /home/airflow/.local/lib/python3.12/site-packages/airflow/example_dags/example_branch_python_dop_operator_3.py
[2025-02-17T06:11:52.211+0000] {logging_mixin.py:190} INFO - [2025-02-17T06:11:52.211+0000] {dag.py:3239} INFO - Sync 1 DAGs
[2025-02-17T06:11:52.237+0000] {logging_mixin.py:190} INFO - [2025-02-17T06:11:52.236+0000] {dag.py:4180} INFO - Setting next_dagrun for example_branch_dop_operator_v3 to 2025-02-17 06:10:00+00:00, run_after=2025-02-17 06:11:00+00:00
[2025-02-17T06:11:52.282+0000] {processor.py:208} INFO - Processing /home/airflow/.local/lib/python3.12/site-packages/airflow/example_dags/example_branch_python_dop_operator_3.py took 0.112 seconds
[2025-02-17T06:12:22.967+0000] {processor.py:186} INFO - Started process (PID=2803) to work on /home/airflow/.local/lib/python3.12/site-packages/airflow/example_dags/example_branch_python_dop_operator_3.py
[2025-02-17T06:12:22.969+0000] {processor.py:914} INFO - Processing file /home/airflow/.local/lib/python3.12/site-packages/airflow/example_dags/example_branch_python_dop_operator_3.py for tasks to queue
[2025-02-17T06:12:22.971+0000] {logging_mixin.py:190} INFO - [2025-02-17T06:12:22.971+0000] {dagbag.py:588} INFO - Filling up the DagBag from /home/airflow/.local/lib/python3.12/site-packages/airflow/example_dags/example_branch_python_dop_operator_3.py
[2025-02-17T06:12:22.983+0000] {processor.py:925} INFO - DAG(s) 'example_branch_dop_operator_v3' retrieved from /home/airflow/.local/lib/python3.12/site-packages/airflow/example_dags/example_branch_python_dop_operator_3.py
[2025-02-17T06:12:23.003+0000] {logging_mixin.py:190} INFO - [2025-02-17T06:12:23.003+0000] {dag.py:3239} INFO - Sync 1 DAGs
[2025-02-17T06:12:23.030+0000] {logging_mixin.py:190} INFO - [2025-02-17T06:12:23.030+0000] {dag.py:4180} INFO - Setting next_dagrun for example_branch_dop_operator_v3 to 2025-02-17 06:11:00+00:00, run_after=2025-02-17 06:12:00+00:00
[2025-02-17T06:12:23.055+0000] {processor.py:208} INFO - Processing /home/airflow/.local/lib/python3.12/site-packages/airflow/example_dags/example_branch_python_dop_operator_3.py took 0.095 seconds
[2025-02-17T06:12:54.053+0000] {processor.py:186} INFO - Started process (PID=2881) to work on /home/airflow/.local/lib/python3.12/site-packages/airflow/example_dags/example_branch_python_dop_operator_3.py
[2025-02-17T06:12:54.054+0000] {processor.py:914} INFO - Processing file /home/airflow/.local/lib/python3.12/site-packages/airflow/example_dags/example_branch_python_dop_operator_3.py for tasks to queue
[2025-02-17T06:12:54.056+0000] {logging_mixin.py:190} INFO - [2025-02-17T06:12:54.056+0000] {dagbag.py:588} INFO - Filling up the DagBag from /home/airflow/.local/lib/python3.12/site-packages/airflow/example_dags/example_branch_python_dop_operator_3.py
[2025-02-17T06:12:54.065+0000] {processor.py:925} INFO - DAG(s) 'example_branch_dop_operator_v3' retrieved from /home/airflow/.local/lib/python3.12/site-packages/airflow/example_dags/example_branch_python_dop_operator_3.py
[2025-02-17T06:12:54.082+0000] {logging_mixin.py:190} INFO - [2025-02-17T06:12:54.082+0000] {dag.py:3239} INFO - Sync 1 DAGs
[2025-02-17T06:12:54.105+0000] {logging_mixin.py:190} INFO - [2025-02-17T06:12:54.105+0000] {dag.py:4180} INFO - Setting next_dagrun for example_branch_dop_operator_v3 to 2025-02-17 06:11:00+00:00, run_after=2025-02-17 06:12:00+00:00
[2025-02-17T06:12:54.124+0000] {processor.py:208} INFO - Processing /home/airflow/.local/lib/python3.12/site-packages/airflow/example_dags/example_branch_python_dop_operator_3.py took 0.077 seconds
[2025-02-17T06:13:24.434+0000] {processor.py:186} INFO - Started process (PID=2959) to work on /home/airflow/.local/lib/python3.12/site-packages/airflow/example_dags/example_branch_python_dop_operator_3.py
[2025-02-17T06:13:24.436+0000] {processor.py:914} INFO - Processing file /home/airflow/.local/lib/python3.12/site-packages/airflow/example_dags/example_branch_python_dop_operator_3.py for tasks to queue
[2025-02-17T06:13:24.439+0000] {logging_mixin.py:190} INFO - [2025-02-17T06:13:24.439+0000] {dagbag.py:588} INFO - Filling up the DagBag from /home/airflow/.local/lib/python3.12/site-packages/airflow/example_dags/example_branch_python_dop_operator_3.py
[2025-02-17T06:13:24.452+0000] {processor.py:925} INFO - DAG(s) 'example_branch_dop_operator_v3' retrieved from /home/airflow/.local/lib/python3.12/site-packages/airflow/example_dags/example_branch_python_dop_operator_3.py
[2025-02-17T06:13:24.478+0000] {logging_mixin.py:190} INFO - [2025-02-17T06:13:24.478+0000] {dag.py:3239} INFO - Sync 1 DAGs
[2025-02-17T06:13:24.518+0000] {logging_mixin.py:190} INFO - [2025-02-17T06:13:24.518+0000] {dag.py:4180} INFO - Setting next_dagrun for example_branch_dop_operator_v3 to 2025-02-17 06:12:00+00:00, run_after=2025-02-17 06:13:00+00:00
[2025-02-17T06:13:24.547+0000] {processor.py:208} INFO - Processing /home/airflow/.local/lib/python3.12/site-packages/airflow/example_dags/example_branch_python_dop_operator_3.py took 0.120 seconds
[2025-02-17T06:13:55.750+0000] {processor.py:186} INFO - Started process (PID=3037) to work on /home/airflow/.local/lib/python3.12/site-packages/airflow/example_dags/example_branch_python_dop_operator_3.py
[2025-02-17T06:13:55.751+0000] {processor.py:914} INFO - Processing file /home/airflow/.local/lib/python3.12/site-packages/airflow/example_dags/example_branch_python_dop_operator_3.py for tasks to queue
[2025-02-17T06:13:55.754+0000] {logging_mixin.py:190} INFO - [2025-02-17T06:13:55.753+0000] {dagbag.py:588} INFO - Filling up the DagBag from /home/airflow/.local/lib/python3.12/site-packages/airflow/example_dags/example_branch_python_dop_operator_3.py
[2025-02-17T06:13:55.764+0000] {processor.py:925} INFO - DAG(s) 'example_branch_dop_operator_v3' retrieved from /home/airflow/.local/lib/python3.12/site-packages/airflow/example_dags/example_branch_python_dop_operator_3.py
[2025-02-17T06:13:55.785+0000] {logging_mixin.py:190} INFO - [2025-02-17T06:13:55.785+0000] {dag.py:3239} INFO - Sync 1 DAGs
[2025-02-17T06:13:55.812+0000] {logging_mixin.py:190} INFO - [2025-02-17T06:13:55.812+0000] {dag.py:4180} INFO - Setting next_dagrun for example_branch_dop_operator_v3 to 2025-02-17 06:12:00+00:00, run_after=2025-02-17 06:13:00+00:00
[2025-02-17T06:13:55.837+0000] {processor.py:208} INFO - Processing /home/airflow/.local/lib/python3.12/site-packages/airflow/example_dags/example_branch_python_dop_operator_3.py took 0.091 seconds
[2025-02-17T06:14:25.973+0000] {processor.py:186} INFO - Started process (PID=3114) to work on /home/airflow/.local/lib/python3.12/site-packages/airflow/example_dags/example_branch_python_dop_operator_3.py
[2025-02-17T06:14:25.974+0000] {processor.py:914} INFO - Processing file /home/airflow/.local/lib/python3.12/site-packages/airflow/example_dags/example_branch_python_dop_operator_3.py for tasks to queue
[2025-02-17T06:14:25.979+0000] {logging_mixin.py:190} INFO - [2025-02-17T06:14:25.978+0000] {dagbag.py:588} INFO - Filling up the DagBag from /home/airflow/.local/lib/python3.12/site-packages/airflow/example_dags/example_branch_python_dop_operator_3.py
[2025-02-17T06:14:25.995+0000] {processor.py:925} INFO - DAG(s) 'example_branch_dop_operator_v3' retrieved from /home/airflow/.local/lib/python3.12/site-packages/airflow/example_dags/example_branch_python_dop_operator_3.py
[2025-02-17T06:14:26.028+0000] {logging_mixin.py:190} INFO - [2025-02-17T06:14:26.027+0000] {dag.py:3239} INFO - Sync 1 DAGs
[2025-02-17T06:14:26.060+0000] {logging_mixin.py:190} INFO - [2025-02-17T06:14:26.060+0000] {dag.py:4180} INFO - Setting next_dagrun for example_branch_dop_operator_v3 to 2025-02-17 06:13:00+00:00, run_after=2025-02-17 06:14:00+00:00
[2025-02-17T06:14:26.086+0000] {processor.py:208} INFO - Processing /home/airflow/.local/lib/python3.12/site-packages/airflow/example_dags/example_branch_python_dop_operator_3.py took 0.122 seconds
[2025-02-17T06:14:56.724+0000] {processor.py:186} INFO - Started process (PID=3191) to work on /home/airflow/.local/lib/python3.12/site-packages/airflow/example_dags/example_branch_python_dop_operator_3.py
[2025-02-17T06:14:56.726+0000] {processor.py:914} INFO - Processing file /home/airflow/.local/lib/python3.12/site-packages/airflow/example_dags/example_branch_python_dop_operator_3.py for tasks to queue
[2025-02-17T06:14:56.729+0000] {logging_mixin.py:190} INFO - [2025-02-17T06:14:56.728+0000] {dagbag.py:588} INFO - Filling up the DagBag from /home/airflow/.local/lib/python3.12/site-packages/airflow/example_dags/example_branch_python_dop_operator_3.py
[2025-02-17T06:14:56.744+0000] {processor.py:925} INFO - DAG(s) 'example_branch_dop_operator_v3' retrieved from /home/airflow/.local/lib/python3.12/site-packages/airflow/example_dags/example_branch_python_dop_operator_3.py
[2025-02-17T06:14:56.774+0000] {logging_mixin.py:190} INFO - [2025-02-17T06:14:56.773+0000] {dag.py:3239} INFO - Sync 1 DAGs
[2025-02-17T06:14:56.807+0000] {logging_mixin.py:190} INFO - [2025-02-17T06:14:56.807+0000] {dag.py:4180} INFO - Setting next_dagrun for example_branch_dop_operator_v3 to 2025-02-17 06:13:00+00:00, run_after=2025-02-17 06:14:00+00:00
[2025-02-17T06:14:56.835+0000] {processor.py:208} INFO - Processing /home/airflow/.local/lib/python3.12/site-packages/airflow/example_dags/example_branch_python_dop_operator_3.py took 0.118 seconds
[2025-02-17T06:15:26.976+0000] {processor.py:186} INFO - Started process (PID=3268) to work on /home/airflow/.local/lib/python3.12/site-packages/airflow/example_dags/example_branch_python_dop_operator_3.py
[2025-02-17T06:15:26.977+0000] {processor.py:914} INFO - Processing file /home/airflow/.local/lib/python3.12/site-packages/airflow/example_dags/example_branch_python_dop_operator_3.py for tasks to queue
[2025-02-17T06:15:26.979+0000] {logging_mixin.py:190} INFO - [2025-02-17T06:15:26.979+0000] {dagbag.py:588} INFO - Filling up the DagBag from /home/airflow/.local/lib/python3.12/site-packages/airflow/example_dags/example_branch_python_dop_operator_3.py
[2025-02-17T06:15:26.989+0000] {processor.py:925} INFO - DAG(s) 'example_branch_dop_operator_v3' retrieved from /home/airflow/.local/lib/python3.12/site-packages/airflow/example_dags/example_branch_python_dop_operator_3.py
[2025-02-17T06:15:27.006+0000] {logging_mixin.py:190} INFO - [2025-02-17T06:15:27.006+0000] {dag.py:3239} INFO - Sync 1 DAGs
[2025-02-17T06:15:27.034+0000] {logging_mixin.py:190} INFO - [2025-02-17T06:15:27.034+0000] {dag.py:4180} INFO - Setting next_dagrun for example_branch_dop_operator_v3 to 2025-02-17 06:14:00+00:00, run_after=2025-02-17 06:15:00+00:00
[2025-02-17T06:15:27.051+0000] {processor.py:208} INFO - Processing /home/airflow/.local/lib/python3.12/site-packages/airflow/example_dags/example_branch_python_dop_operator_3.py took 0.081 seconds
[2025-02-17T06:15:57.802+0000] {processor.py:186} INFO - Started process (PID=3341) to work on /home/airflow/.local/lib/python3.12/site-packages/airflow/example_dags/example_branch_python_dop_operator_3.py
[2025-02-17T06:15:57.804+0000] {processor.py:914} INFO - Processing file /home/airflow/.local/lib/python3.12/site-packages/airflow/example_dags/example_branch_python_dop_operator_3.py for tasks to queue
[2025-02-17T06:15:57.809+0000] {logging_mixin.py:190} INFO - [2025-02-17T06:15:57.808+0000] {dagbag.py:588} INFO - Filling up the DagBag from /home/airflow/.local/lib/python3.12/site-packages/airflow/example_dags/example_branch_python_dop_operator_3.py
[2025-02-17T06:15:57.823+0000] {processor.py:925} INFO - DAG(s) 'example_branch_dop_operator_v3' retrieved from /home/airflow/.local/lib/python3.12/site-packages/airflow/example_dags/example_branch_python_dop_operator_3.py
[2025-02-17T06:15:57.849+0000] {logging_mixin.py:190} INFO - [2025-02-17T06:15:57.848+0000] {dag.py:3239} INFO - Sync 1 DAGs
[2025-02-17T06:15:57.881+0000] {logging_mixin.py:190} INFO - [2025-02-17T06:15:57.881+0000] {dag.py:4180} INFO - Setting next_dagrun for example_branch_dop_operator_v3 to 2025-02-17 06:14:00+00:00, run_after=2025-02-17 06:15:00+00:00
[2025-02-17T06:15:57.907+0000] {processor.py:208} INFO - Processing /home/airflow/.local/lib/python3.12/site-packages/airflow/example_dags/example_branch_python_dop_operator_3.py took 0.113 seconds
[2025-02-17T06:16:28.133+0000] {processor.py:186} INFO - Started process (PID=3418) to work on /home/airflow/.local/lib/python3.12/site-packages/airflow/example_dags/example_branch_python_dop_operator_3.py
[2025-02-17T06:16:28.134+0000] {processor.py:914} INFO - Processing file /home/airflow/.local/lib/python3.12/site-packages/airflow/example_dags/example_branch_python_dop_operator_3.py for tasks to queue
[2025-02-17T06:16:28.137+0000] {logging_mixin.py:190} INFO - [2025-02-17T06:16:28.137+0000] {dagbag.py:588} INFO - Filling up the DagBag from /home/airflow/.local/lib/python3.12/site-packages/airflow/example_dags/example_branch_python_dop_operator_3.py
[2025-02-17T06:16:28.148+0000] {processor.py:925} INFO - DAG(s) 'example_branch_dop_operator_v3' retrieved from /home/airflow/.local/lib/python3.12/site-packages/airflow/example_dags/example_branch_python_dop_operator_3.py
[2025-02-17T06:16:28.169+0000] {logging_mixin.py:190} INFO - [2025-02-17T06:16:28.169+0000] {dag.py:3239} INFO - Sync 1 DAGs
[2025-02-17T06:16:28.200+0000] {logging_mixin.py:190} INFO - [2025-02-17T06:16:28.200+0000] {dag.py:4180} INFO - Setting next_dagrun for example_branch_dop_operator_v3 to 2025-02-17 06:15:00+00:00, run_after=2025-02-17 06:16:00+00:00
[2025-02-17T06:16:28.229+0000] {processor.py:208} INFO - Processing /home/airflow/.local/lib/python3.12/site-packages/airflow/example_dags/example_branch_python_dop_operator_3.py took 0.102 seconds
[2025-02-17T06:16:58.546+0000] {processor.py:186} INFO - Started process (PID=3487) to work on /home/airflow/.local/lib/python3.12/site-packages/airflow/example_dags/example_branch_python_dop_operator_3.py
[2025-02-17T06:16:58.547+0000] {processor.py:914} INFO - Processing file /home/airflow/.local/lib/python3.12/site-packages/airflow/example_dags/example_branch_python_dop_operator_3.py for tasks to queue
[2025-02-17T06:16:58.549+0000] {logging_mixin.py:190} INFO - [2025-02-17T06:16:58.549+0000] {dagbag.py:588} INFO - Filling up the DagBag from /home/airflow/.local/lib/python3.12/site-packages/airflow/example_dags/example_branch_python_dop_operator_3.py
[2025-02-17T06:16:58.559+0000] {processor.py:925} INFO - DAG(s) 'example_branch_dop_operator_v3' retrieved from /home/airflow/.local/lib/python3.12/site-packages/airflow/example_dags/example_branch_python_dop_operator_3.py
[2025-02-17T06:16:58.581+0000] {logging_mixin.py:190} INFO - [2025-02-17T06:16:58.581+0000] {dag.py:3239} INFO - Sync 1 DAGs
[2025-02-17T06:16:58.605+0000] {logging_mixin.py:190} INFO - [2025-02-17T06:16:58.605+0000] {dag.py:4180} INFO - Setting next_dagrun for example_branch_dop_operator_v3 to 2025-02-17 06:15:00+00:00, run_after=2025-02-17 06:16:00+00:00
[2025-02-17T06:16:58.626+0000] {processor.py:208} INFO - Processing /home/airflow/.local/lib/python3.12/site-packages/airflow/example_dags/example_branch_python_dop_operator_3.py took 0.086 seconds
[2025-02-17T06:17:28.675+0000] {processor.py:186} INFO - Started process (PID=3561) to work on /home/airflow/.local/lib/python3.12/site-packages/airflow/example_dags/example_branch_python_dop_operator_3.py
[2025-02-17T06:17:28.676+0000] {processor.py:914} INFO - Processing file /home/airflow/.local/lib/python3.12/site-packages/airflow/example_dags/example_branch_python_dop_operator_3.py for tasks to queue
[2025-02-17T06:17:28.679+0000] {logging_mixin.py:190} INFO - [2025-02-17T06:17:28.678+0000] {dagbag.py:588} INFO - Filling up the DagBag from /home/airflow/.local/lib/python3.12/site-packages/airflow/example_dags/example_branch_python_dop_operator_3.py
[2025-02-17T06:17:28.689+0000] {processor.py:925} INFO - DAG(s) 'example_branch_dop_operator_v3' retrieved from /home/airflow/.local/lib/python3.12/site-packages/airflow/example_dags/example_branch_python_dop_operator_3.py
[2025-02-17T06:17:28.706+0000] {logging_mixin.py:190} INFO - [2025-02-17T06:17:28.706+0000] {dag.py:3239} INFO - Sync 1 DAGs
[2025-02-17T06:17:28.732+0000] {logging_mixin.py:190} INFO - [2025-02-17T06:17:28.732+0000] {dag.py:4180} INFO - Setting next_dagrun for example_branch_dop_operator_v3 to 2025-02-17 06:16:00+00:00, run_after=2025-02-17 06:17:00+00:00
[2025-02-17T06:17:28.751+0000] {processor.py:208} INFO - Processing /home/airflow/.local/lib/python3.12/site-packages/airflow/example_dags/example_branch_python_dop_operator_3.py took 0.084 seconds
[2025-02-17T06:17:59.009+0000] {processor.py:186} INFO - Started process (PID=3639) to work on /home/airflow/.local/lib/python3.12/site-packages/airflow/example_dags/example_branch_python_dop_operator_3.py
[2025-02-17T06:17:59.011+0000] {processor.py:914} INFO - Processing file /home/airflow/.local/lib/python3.12/site-packages/airflow/example_dags/example_branch_python_dop_operator_3.py for tasks to queue
[2025-02-17T06:17:59.015+0000] {logging_mixin.py:190} INFO - [2025-02-17T06:17:59.014+0000] {dagbag.py:588} INFO - Filling up the DagBag from /home/airflow/.local/lib/python3.12/site-packages/airflow/example_dags/example_branch_python_dop_operator_3.py
[2025-02-17T06:17:59.033+0000] {processor.py:925} INFO - DAG(s) 'example_branch_dop_operator_v3' retrieved from /home/airflow/.local/lib/python3.12/site-packages/airflow/example_dags/example_branch_python_dop_operator_3.py
[2025-02-17T06:17:59.068+0000] {logging_mixin.py:190} INFO - [2025-02-17T06:17:59.067+0000] {dag.py:3239} INFO - Sync 1 DAGs
[2025-02-17T06:17:59.117+0000] {logging_mixin.py:190} INFO - [2025-02-17T06:17:59.116+0000] {dag.py:4180} INFO - Setting next_dagrun for example_branch_dop_operator_v3 to 2025-02-17 06:16:00+00:00, run_after=2025-02-17 06:17:00+00:00
[2025-02-17T06:17:59.153+0000] {processor.py:208} INFO - Processing /home/airflow/.local/lib/python3.12/site-packages/airflow/example_dags/example_branch_python_dop_operator_3.py took 0.152 seconds
[2025-02-17T06:18:29.702+0000] {processor.py:186} INFO - Started process (PID=3717) to work on /home/airflow/.local/lib/python3.12/site-packages/airflow/example_dags/example_branch_python_dop_operator_3.py
[2025-02-17T06:18:29.703+0000] {processor.py:914} INFO - Processing file /home/airflow/.local/lib/python3.12/site-packages/airflow/example_dags/example_branch_python_dop_operator_3.py for tasks to queue
[2025-02-17T06:18:29.707+0000] {logging_mixin.py:190} INFO - [2025-02-17T06:18:29.706+0000] {dagbag.py:588} INFO - Filling up the DagBag from /home/airflow/.local/lib/python3.12/site-packages/airflow/example_dags/example_branch_python_dop_operator_3.py
[2025-02-17T06:18:29.722+0000] {processor.py:925} INFO - DAG(s) 'example_branch_dop_operator_v3' retrieved from /home/airflow/.local/lib/python3.12/site-packages/airflow/example_dags/example_branch_python_dop_operator_3.py
[2025-02-17T06:18:29.751+0000] {logging_mixin.py:190} INFO - [2025-02-17T06:18:29.751+0000] {dag.py:3239} INFO - Sync 1 DAGs
[2025-02-17T06:18:29.789+0000] {logging_mixin.py:190} INFO - [2025-02-17T06:18:29.788+0000] {dag.py:4180} INFO - Setting next_dagrun for example_branch_dop_operator_v3 to 2025-02-17 06:17:00+00:00, run_after=2025-02-17 06:18:00+00:00
[2025-02-17T06:18:29.821+0000] {processor.py:208} INFO - Processing /home/airflow/.local/lib/python3.12/site-packages/airflow/example_dags/example_branch_python_dop_operator_3.py took 0.127 seconds
[2025-02-17T06:19:00.512+0000] {processor.py:186} INFO - Started process (PID=3795) to work on /home/airflow/.local/lib/python3.12/site-packages/airflow/example_dags/example_branch_python_dop_operator_3.py
[2025-02-17T06:19:00.514+0000] {processor.py:914} INFO - Processing file /home/airflow/.local/lib/python3.12/site-packages/airflow/example_dags/example_branch_python_dop_operator_3.py for tasks to queue
[2025-02-17T06:19:00.521+0000] {logging_mixin.py:190} INFO - [2025-02-17T06:19:00.520+0000] {dagbag.py:588} INFO - Filling up the DagBag from /home/airflow/.local/lib/python3.12/site-packages/airflow/example_dags/example_branch_python_dop_operator_3.py
[2025-02-17T06:19:00.552+0000] {processor.py:925} INFO - DAG(s) 'example_branch_dop_operator_v3' retrieved from /home/airflow/.local/lib/python3.12/site-packages/airflow/example_dags/example_branch_python_dop_operator_3.py
[2025-02-17T06:19:00.609+0000] {logging_mixin.py:190} INFO - [2025-02-17T06:19:00.608+0000] {dag.py:3239} INFO - Sync 1 DAGs
[2025-02-17T06:19:00.654+0000] {logging_mixin.py:190} INFO - [2025-02-17T06:19:00.654+0000] {dag.py:4180} INFO - Setting next_dagrun for example_branch_dop_operator_v3 to 2025-02-17 06:18:00+00:00, run_after=2025-02-17 06:19:00+00:00
[2025-02-17T06:19:00.690+0000] {processor.py:208} INFO - Processing /home/airflow/.local/lib/python3.12/site-packages/airflow/example_dags/example_branch_python_dop_operator_3.py took 0.191 seconds
[2025-02-17T06:19:30.783+0000] {processor.py:186} INFO - Started process (PID=3873) to work on /home/airflow/.local/lib/python3.12/site-packages/airflow/example_dags/example_branch_python_dop_operator_3.py
[2025-02-17T06:19:30.785+0000] {processor.py:914} INFO - Processing file /home/airflow/.local/lib/python3.12/site-packages/airflow/example_dags/example_branch_python_dop_operator_3.py for tasks to queue
[2025-02-17T06:19:30.788+0000] {logging_mixin.py:190} INFO - [2025-02-17T06:19:30.787+0000] {dagbag.py:588} INFO - Filling up the DagBag from /home/airflow/.local/lib/python3.12/site-packages/airflow/example_dags/example_branch_python_dop_operator_3.py
[2025-02-17T06:19:30.801+0000] {processor.py:925} INFO - DAG(s) 'example_branch_dop_operator_v3' retrieved from /home/airflow/.local/lib/python3.12/site-packages/airflow/example_dags/example_branch_python_dop_operator_3.py
[2025-02-17T06:19:30.822+0000] {logging_mixin.py:190} INFO - [2025-02-17T06:19:30.822+0000] {dag.py:3239} INFO - Sync 1 DAGs
[2025-02-17T06:19:30.854+0000] {logging_mixin.py:190} INFO - [2025-02-17T06:19:30.854+0000] {dag.py:4180} INFO - Setting next_dagrun for example_branch_dop_operator_v3 to 2025-02-17 06:18:00+00:00, run_after=2025-02-17 06:19:00+00:00
[2025-02-17T06:19:30.887+0000] {processor.py:208} INFO - Processing /home/airflow/.local/lib/python3.12/site-packages/airflow/example_dags/example_branch_python_dop_operator_3.py took 0.111 seconds
[2025-02-17T06:20:01.098+0000] {processor.py:186} INFO - Started process (PID=3951) to work on /home/airflow/.local/lib/python3.12/site-packages/airflow/example_dags/example_branch_python_dop_operator_3.py
[2025-02-17T06:20:01.100+0000] {processor.py:914} INFO - Processing file /home/airflow/.local/lib/python3.12/site-packages/airflow/example_dags/example_branch_python_dop_operator_3.py for tasks to queue
[2025-02-17T06:20:01.103+0000] {logging_mixin.py:190} INFO - [2025-02-17T06:20:01.103+0000] {dagbag.py:588} INFO - Filling up the DagBag from /home/airflow/.local/lib/python3.12/site-packages/airflow/example_dags/example_branch_python_dop_operator_3.py
[2025-02-17T06:20:01.113+0000] {processor.py:925} INFO - DAG(s) 'example_branch_dop_operator_v3' retrieved from /home/airflow/.local/lib/python3.12/site-packages/airflow/example_dags/example_branch_python_dop_operator_3.py
[2025-02-17T06:20:01.135+0000] {logging_mixin.py:190} INFO - [2025-02-17T06:20:01.134+0000] {dag.py:3239} INFO - Sync 1 DAGs
[2025-02-17T06:20:01.160+0000] {logging_mixin.py:190} INFO - [2025-02-17T06:20:01.160+0000] {dag.py:4180} INFO - Setting next_dagrun for example_branch_dop_operator_v3 to 2025-02-17 06:19:00+00:00, run_after=2025-02-17 06:20:00+00:00
[2025-02-17T06:20:01.191+0000] {processor.py:208} INFO - Processing /home/airflow/.local/lib/python3.12/site-packages/airflow/example_dags/example_branch_python_dop_operator_3.py took 0.098 seconds
[2025-02-17T06:20:32.034+0000] {processor.py:186} INFO - Started process (PID=4029) to work on /home/airflow/.local/lib/python3.12/site-packages/airflow/example_dags/example_branch_python_dop_operator_3.py
[2025-02-17T06:20:32.036+0000] {processor.py:914} INFO - Processing file /home/airflow/.local/lib/python3.12/site-packages/airflow/example_dags/example_branch_python_dop_operator_3.py for tasks to queue
[2025-02-17T06:20:32.040+0000] {logging_mixin.py:190} INFO - [2025-02-17T06:20:32.040+0000] {dagbag.py:588} INFO - Filling up the DagBag from /home/airflow/.local/lib/python3.12/site-packages/airflow/example_dags/example_branch_python_dop_operator_3.py
[2025-02-17T06:20:32.055+0000] {processor.py:925} INFO - DAG(s) 'example_branch_dop_operator_v3' retrieved from /home/airflow/.local/lib/python3.12/site-packages/airflow/example_dags/example_branch_python_dop_operator_3.py
[2025-02-17T06:20:32.080+0000] {logging_mixin.py:190} INFO - [2025-02-17T06:20:32.080+0000] {dag.py:3239} INFO - Sync 1 DAGs
[2025-02-17T06:20:32.117+0000] {logging_mixin.py:190} INFO - [2025-02-17T06:20:32.117+0000] {dag.py:4180} INFO - Setting next_dagrun for example_branch_dop_operator_v3 to 2025-02-17 06:19:00+00:00, run_after=2025-02-17 06:20:00+00:00
[2025-02-17T06:20:32.141+0000] {processor.py:208} INFO - Processing /home/airflow/.local/lib/python3.12/site-packages/airflow/example_dags/example_branch_python_dop_operator_3.py took 0.115 seconds
[2025-02-17T06:21:02.918+0000] {processor.py:186} INFO - Started process (PID=4107) to work on /home/airflow/.local/lib/python3.12/site-packages/airflow/example_dags/example_branch_python_dop_operator_3.py
[2025-02-17T06:21:02.919+0000] {processor.py:914} INFO - Processing file /home/airflow/.local/lib/python3.12/site-packages/airflow/example_dags/example_branch_python_dop_operator_3.py for tasks to queue
[2025-02-17T06:21:02.923+0000] {logging_mixin.py:190} INFO - [2025-02-17T06:21:02.923+0000] {dagbag.py:588} INFO - Filling up the DagBag from /home/airflow/.local/lib/python3.12/site-packages/airflow/example_dags/example_branch_python_dop_operator_3.py
[2025-02-17T06:21:02.934+0000] {processor.py:925} INFO - DAG(s) 'example_branch_dop_operator_v3' retrieved from /home/airflow/.local/lib/python3.12/site-packages/airflow/example_dags/example_branch_python_dop_operator_3.py
[2025-02-17T06:21:02.961+0000] {logging_mixin.py:190} INFO - [2025-02-17T06:21:02.960+0000] {dag.py:3239} INFO - Sync 1 DAGs
[2025-02-17T06:21:02.991+0000] {logging_mixin.py:190} INFO - [2025-02-17T06:21:02.991+0000] {dag.py:4180} INFO - Setting next_dagrun for example_branch_dop_operator_v3 to 2025-02-17 06:20:00+00:00, run_after=2025-02-17 06:21:00+00:00
[2025-02-17T06:21:03.020+0000] {processor.py:208} INFO - Processing /home/airflow/.local/lib/python3.12/site-packages/airflow/example_dags/example_branch_python_dop_operator_3.py took 0.110 seconds
[2025-02-17T06:21:33.733+0000] {processor.py:186} INFO - Started process (PID=4185) to work on /home/airflow/.local/lib/python3.12/site-packages/airflow/example_dags/example_branch_python_dop_operator_3.py
[2025-02-17T06:21:33.734+0000] {processor.py:914} INFO - Processing file /home/airflow/.local/lib/python3.12/site-packages/airflow/example_dags/example_branch_python_dop_operator_3.py for tasks to queue
[2025-02-17T06:21:33.736+0000] {logging_mixin.py:190} INFO - [2025-02-17T06:21:33.736+0000] {dagbag.py:588} INFO - Filling up the DagBag from /home/airflow/.local/lib/python3.12/site-packages/airflow/example_dags/example_branch_python_dop_operator_3.py
[2025-02-17T06:21:33.747+0000] {processor.py:925} INFO - DAG(s) 'example_branch_dop_operator_v3' retrieved from /home/airflow/.local/lib/python3.12/site-packages/airflow/example_dags/example_branch_python_dop_operator_3.py
[2025-02-17T06:21:33.767+0000] {logging_mixin.py:190} INFO - [2025-02-17T06:21:33.767+0000] {dag.py:3239} INFO - Sync 1 DAGs
[2025-02-17T06:21:33.796+0000] {logging_mixin.py:190} INFO - [2025-02-17T06:21:33.795+0000] {dag.py:4180} INFO - Setting next_dagrun for example_branch_dop_operator_v3 to 2025-02-17 06:20:00+00:00, run_after=2025-02-17 06:21:00+00:00
[2025-02-17T06:21:33.829+0000] {processor.py:208} INFO - Processing /home/airflow/.local/lib/python3.12/site-packages/airflow/example_dags/example_branch_python_dop_operator_3.py took 0.102 seconds
[2025-02-17T06:22:04.008+0000] {processor.py:186} INFO - Started process (PID=4263) to work on /home/airflow/.local/lib/python3.12/site-packages/airflow/example_dags/example_branch_python_dop_operator_3.py
[2025-02-17T06:22:04.009+0000] {processor.py:914} INFO - Processing file /home/airflow/.local/lib/python3.12/site-packages/airflow/example_dags/example_branch_python_dop_operator_3.py for tasks to queue
[2025-02-17T06:22:04.014+0000] {logging_mixin.py:190} INFO - [2025-02-17T06:22:04.014+0000] {dagbag.py:588} INFO - Filling up the DagBag from /home/airflow/.local/lib/python3.12/site-packages/airflow/example_dags/example_branch_python_dop_operator_3.py
[2025-02-17T06:22:04.024+0000] {processor.py:925} INFO - DAG(s) 'example_branch_dop_operator_v3' retrieved from /home/airflow/.local/lib/python3.12/site-packages/airflow/example_dags/example_branch_python_dop_operator_3.py
[2025-02-17T06:22:04.046+0000] {logging_mixin.py:190} INFO - [2025-02-17T06:22:04.046+0000] {dag.py:3239} INFO - Sync 1 DAGs
[2025-02-17T06:22:04.074+0000] {logging_mixin.py:190} INFO - [2025-02-17T06:22:04.074+0000] {dag.py:4180} INFO - Setting next_dagrun for example_branch_dop_operator_v3 to 2025-02-17 06:21:00+00:00, run_after=2025-02-17 06:22:00+00:00
[2025-02-17T06:22:04.107+0000] {processor.py:208} INFO - Processing /home/airflow/.local/lib/python3.12/site-packages/airflow/example_dags/example_branch_python_dop_operator_3.py took 0.107 seconds
[2025-02-17T06:22:34.970+0000] {processor.py:186} INFO - Started process (PID=4341) to work on /home/airflow/.local/lib/python3.12/site-packages/airflow/example_dags/example_branch_python_dop_operator_3.py
[2025-02-17T06:22:34.972+0000] {processor.py:914} INFO - Processing file /home/airflow/.local/lib/python3.12/site-packages/airflow/example_dags/example_branch_python_dop_operator_3.py for tasks to queue
[2025-02-17T06:22:34.975+0000] {logging_mixin.py:190} INFO - [2025-02-17T06:22:34.975+0000] {dagbag.py:588} INFO - Filling up the DagBag from /home/airflow/.local/lib/python3.12/site-packages/airflow/example_dags/example_branch_python_dop_operator_3.py
[2025-02-17T06:22:34.984+0000] {processor.py:925} INFO - DAG(s) 'example_branch_dop_operator_v3' retrieved from /home/airflow/.local/lib/python3.12/site-packages/airflow/example_dags/example_branch_python_dop_operator_3.py
[2025-02-17T06:22:35.007+0000] {logging_mixin.py:190} INFO - [2025-02-17T06:22:35.007+0000] {dag.py:3239} INFO - Sync 1 DAGs
[2025-02-17T06:22:35.039+0000] {logging_mixin.py:190} INFO - [2025-02-17T06:22:35.039+0000] {dag.py:4180} INFO - Setting next_dagrun for example_branch_dop_operator_v3 to 2025-02-17 06:21:00+00:00, run_after=2025-02-17 06:22:00+00:00
[2025-02-17T06:22:35.074+0000] {processor.py:208} INFO - Processing /home/airflow/.local/lib/python3.12/site-packages/airflow/example_dags/example_branch_python_dop_operator_3.py took 0.111 seconds
[2025-02-17T06:23:05.448+0000] {processor.py:186} INFO - Started process (PID=4419) to work on /home/airflow/.local/lib/python3.12/site-packages/airflow/example_dags/example_branch_python_dop_operator_3.py
[2025-02-17T06:23:05.449+0000] {processor.py:914} INFO - Processing file /home/airflow/.local/lib/python3.12/site-packages/airflow/example_dags/example_branch_python_dop_operator_3.py for tasks to queue
[2025-02-17T06:23:05.452+0000] {logging_mixin.py:190} INFO - [2025-02-17T06:23:05.452+0000] {dagbag.py:588} INFO - Filling up the DagBag from /home/airflow/.local/lib/python3.12/site-packages/airflow/example_dags/example_branch_python_dop_operator_3.py
[2025-02-17T06:23:05.462+0000] {processor.py:925} INFO - DAG(s) 'example_branch_dop_operator_v3' retrieved from /home/airflow/.local/lib/python3.12/site-packages/airflow/example_dags/example_branch_python_dop_operator_3.py
[2025-02-17T06:23:05.481+0000] {logging_mixin.py:190} INFO - [2025-02-17T06:23:05.481+0000] {dag.py:3239} INFO - Sync 1 DAGs
[2025-02-17T06:23:05.505+0000] {logging_mixin.py:190} INFO - [2025-02-17T06:23:05.505+0000] {dag.py:4180} INFO - Setting next_dagrun for example_branch_dop_operator_v3 to 2025-02-17 06:22:00+00:00, run_after=2025-02-17 06:23:00+00:00
[2025-02-17T06:23:05.525+0000] {processor.py:208} INFO - Processing /home/airflow/.local/lib/python3.12/site-packages/airflow/example_dags/example_branch_python_dop_operator_3.py took 0.082 seconds
[2025-02-17T06:23:36.045+0000] {processor.py:186} INFO - Started process (PID=4497) to work on /home/airflow/.local/lib/python3.12/site-packages/airflow/example_dags/example_branch_python_dop_operator_3.py
[2025-02-17T06:23:36.047+0000] {processor.py:914} INFO - Processing file /home/airflow/.local/lib/python3.12/site-packages/airflow/example_dags/example_branch_python_dop_operator_3.py for tasks to queue
[2025-02-17T06:23:36.050+0000] {logging_mixin.py:190} INFO - [2025-02-17T06:23:36.049+0000] {dagbag.py:588} INFO - Filling up the DagBag from /home/airflow/.local/lib/python3.12/site-packages/airflow/example_dags/example_branch_python_dop_operator_3.py
[2025-02-17T06:23:36.059+0000] {processor.py:925} INFO - DAG(s) 'example_branch_dop_operator_v3' retrieved from /home/airflow/.local/lib/python3.12/site-packages/airflow/example_dags/example_branch_python_dop_operator_3.py
[2025-02-17T06:23:36.080+0000] {logging_mixin.py:190} INFO - [2025-02-17T06:23:36.080+0000] {dag.py:3239} INFO - Sync 1 DAGs
[2025-02-17T06:23:36.111+0000] {logging_mixin.py:190} INFO - [2025-02-17T06:23:36.111+0000] {dag.py:4180} INFO - Setting next_dagrun for example_branch_dop_operator_v3 to 2025-02-17 06:22:00+00:00, run_after=2025-02-17 06:23:00+00:00
[2025-02-17T06:23:36.138+0000] {processor.py:208} INFO - Processing /home/airflow/.local/lib/python3.12/site-packages/airflow/example_dags/example_branch_python_dop_operator_3.py took 0.099 seconds
[2025-02-17T12:17:21.450+0000] {processor.py:186} INFO - Started process (PID=4568) to work on /home/airflow/.local/lib/python3.12/site-packages/airflow/example_dags/example_branch_python_dop_operator_3.py
[2025-02-17T12:17:21.454+0000] {processor.py:914} INFO - Processing file /home/airflow/.local/lib/python3.12/site-packages/airflow/example_dags/example_branch_python_dop_operator_3.py for tasks to queue
[2025-02-17T12:17:21.459+0000] {logging_mixin.py:190} INFO - [2025-02-17T12:17:21.458+0000] {dagbag.py:588} INFO - Filling up the DagBag from /home/airflow/.local/lib/python3.12/site-packages/airflow/example_dags/example_branch_python_dop_operator_3.py
[2025-02-17T12:17:21.480+0000] {processor.py:925} INFO - DAG(s) 'example_branch_dop_operator_v3' retrieved from /home/airflow/.local/lib/python3.12/site-packages/airflow/example_dags/example_branch_python_dop_operator_3.py
[2025-02-17T12:17:21.519+0000] {logging_mixin.py:190} INFO - [2025-02-17T12:17:21.519+0000] {dag.py:3239} INFO - Sync 1 DAGs
[2025-02-17T12:17:21.571+0000] {logging_mixin.py:190} INFO - [2025-02-17T12:17:21.571+0000] {dag.py:4180} INFO - Setting next_dagrun for example_branch_dop_operator_v3 to 2025-02-17 12:16:00+00:00, run_after=2025-02-17 12:17:00+00:00
[2025-02-17T12:17:21.613+0000] {processor.py:208} INFO - Processing /home/airflow/.local/lib/python3.12/site-packages/airflow/example_dags/example_branch_python_dop_operator_3.py took 0.174 seconds
[2025-02-17T12:17:52.160+0000] {processor.py:186} INFO - Started process (PID=4646) to work on /home/airflow/.local/lib/python3.12/site-packages/airflow/example_dags/example_branch_python_dop_operator_3.py
[2025-02-17T12:17:52.163+0000] {processor.py:914} INFO - Processing file /home/airflow/.local/lib/python3.12/site-packages/airflow/example_dags/example_branch_python_dop_operator_3.py for tasks to queue
[2025-02-17T12:17:52.167+0000] {logging_mixin.py:190} INFO - [2025-02-17T12:17:52.166+0000] {dagbag.py:588} INFO - Filling up the DagBag from /home/airflow/.local/lib/python3.12/site-packages/airflow/example_dags/example_branch_python_dop_operator_3.py
[2025-02-17T12:17:52.184+0000] {processor.py:925} INFO - DAG(s) 'example_branch_dop_operator_v3' retrieved from /home/airflow/.local/lib/python3.12/site-packages/airflow/example_dags/example_branch_python_dop_operator_3.py
[2025-02-17T12:17:52.220+0000] {logging_mixin.py:190} INFO - [2025-02-17T12:17:52.219+0000] {dag.py:3239} INFO - Sync 1 DAGs
[2025-02-17T12:17:52.258+0000] {logging_mixin.py:190} INFO - [2025-02-17T12:17:52.257+0000] {dag.py:4180} INFO - Setting next_dagrun for example_branch_dop_operator_v3 to 2025-02-17 12:16:00+00:00, run_after=2025-02-17 12:17:00+00:00
[2025-02-17T12:17:52.291+0000] {processor.py:208} INFO - Processing /home/airflow/.local/lib/python3.12/site-packages/airflow/example_dags/example_branch_python_dop_operator_3.py took 0.141 seconds
[2025-02-17T12:18:23.801+0000] {processor.py:186} INFO - Started process (PID=4720) to work on /home/airflow/.local/lib/python3.12/site-packages/airflow/example_dags/example_branch_python_dop_operator_3.py
[2025-02-17T12:18:23.804+0000] {processor.py:914} INFO - Processing file /home/airflow/.local/lib/python3.12/site-packages/airflow/example_dags/example_branch_python_dop_operator_3.py for tasks to queue
[2025-02-17T12:18:23.809+0000] {logging_mixin.py:190} INFO - [2025-02-17T12:18:23.808+0000] {dagbag.py:588} INFO - Filling up the DagBag from /home/airflow/.local/lib/python3.12/site-packages/airflow/example_dags/example_branch_python_dop_operator_3.py
[2025-02-17T12:18:23.839+0000] {processor.py:925} INFO - DAG(s) 'example_branch_dop_operator_v3' retrieved from /home/airflow/.local/lib/python3.12/site-packages/airflow/example_dags/example_branch_python_dop_operator_3.py
[2025-02-17T12:18:23.893+0000] {logging_mixin.py:190} INFO - [2025-02-17T12:18:23.893+0000] {dag.py:3239} INFO - Sync 1 DAGs
[2025-02-17T12:18:23.945+0000] {logging_mixin.py:190} INFO - [2025-02-17T12:18:23.944+0000] {dag.py:4180} INFO - Setting next_dagrun for example_branch_dop_operator_v3 to 2025-02-17 12:17:00+00:00, run_after=2025-02-17 12:18:00+00:00
[2025-02-17T12:18:23.980+0000] {processor.py:208} INFO - Processing /home/airflow/.local/lib/python3.12/site-packages/airflow/example_dags/example_branch_python_dop_operator_3.py took 0.192 seconds
[2025-02-17T12:18:54.085+0000] {processor.py:186} INFO - Started process (PID=4784) to work on /home/airflow/.local/lib/python3.12/site-packages/airflow/example_dags/example_branch_python_dop_operator_3.py
[2025-02-17T12:18:54.087+0000] {processor.py:914} INFO - Processing file /home/airflow/.local/lib/python3.12/site-packages/airflow/example_dags/example_branch_python_dop_operator_3.py for tasks to queue
[2025-02-17T12:18:54.090+0000] {logging_mixin.py:190} INFO - [2025-02-17T12:18:54.089+0000] {dagbag.py:588} INFO - Filling up the DagBag from /home/airflow/.local/lib/python3.12/site-packages/airflow/example_dags/example_branch_python_dop_operator_3.py
[2025-02-17T12:18:54.105+0000] {processor.py:925} INFO - DAG(s) 'example_branch_dop_operator_v3' retrieved from /home/airflow/.local/lib/python3.12/site-packages/airflow/example_dags/example_branch_python_dop_operator_3.py
[2025-02-17T12:18:54.129+0000] {logging_mixin.py:190} INFO - [2025-02-17T12:18:54.128+0000] {dag.py:3239} INFO - Sync 1 DAGs
[2025-02-17T12:18:54.160+0000] {logging_mixin.py:190} INFO - [2025-02-17T12:18:54.160+0000] {dag.py:4180} INFO - Setting next_dagrun for example_branch_dop_operator_v3 to 2025-02-17 12:17:00+00:00, run_after=2025-02-17 12:18:00+00:00
[2025-02-17T12:18:54.186+0000] {processor.py:208} INFO - Processing /home/airflow/.local/lib/python3.12/site-packages/airflow/example_dags/example_branch_python_dop_operator_3.py took 0.107 seconds
[2025-02-17T12:19:24.900+0000] {processor.py:186} INFO - Started process (PID=4862) to work on /home/airflow/.local/lib/python3.12/site-packages/airflow/example_dags/example_branch_python_dop_operator_3.py
[2025-02-17T12:19:24.902+0000] {processor.py:914} INFO - Processing file /home/airflow/.local/lib/python3.12/site-packages/airflow/example_dags/example_branch_python_dop_operator_3.py for tasks to queue
[2025-02-17T12:19:24.910+0000] {logging_mixin.py:190} INFO - [2025-02-17T12:19:24.907+0000] {dagbag.py:588} INFO - Filling up the DagBag from /home/airflow/.local/lib/python3.12/site-packages/airflow/example_dags/example_branch_python_dop_operator_3.py
[2025-02-17T12:19:24.936+0000] {processor.py:925} INFO - DAG(s) 'example_branch_dop_operator_v3' retrieved from /home/airflow/.local/lib/python3.12/site-packages/airflow/example_dags/example_branch_python_dop_operator_3.py
[2025-02-17T12:19:24.975+0000] {logging_mixin.py:190} INFO - [2025-02-17T12:19:24.975+0000] {dag.py:3239} INFO - Sync 1 DAGs
[2025-02-17T12:19:25.186+0000] {logging_mixin.py:190} INFO - [2025-02-17T12:19:25.185+0000] {dag.py:4180} INFO - Setting next_dagrun for example_branch_dop_operator_v3 to 2025-02-17 12:18:00+00:00, run_after=2025-02-17 12:19:00+00:00
[2025-02-17T12:19:25.213+0000] {processor.py:208} INFO - Processing /home/airflow/.local/lib/python3.12/site-packages/airflow/example_dags/example_branch_python_dop_operator_3.py took 0.326 seconds
[2025-02-17T12:19:55.517+0000] {processor.py:186} INFO - Started process (PID=4940) to work on /home/airflow/.local/lib/python3.12/site-packages/airflow/example_dags/example_branch_python_dop_operator_3.py
[2025-02-17T12:19:55.518+0000] {processor.py:914} INFO - Processing file /home/airflow/.local/lib/python3.12/site-packages/airflow/example_dags/example_branch_python_dop_operator_3.py for tasks to queue
[2025-02-17T12:19:55.521+0000] {logging_mixin.py:190} INFO - [2025-02-17T12:19:55.521+0000] {dagbag.py:588} INFO - Filling up the DagBag from /home/airflow/.local/lib/python3.12/site-packages/airflow/example_dags/example_branch_python_dop_operator_3.py
[2025-02-17T12:19:55.534+0000] {processor.py:925} INFO - DAG(s) 'example_branch_dop_operator_v3' retrieved from /home/airflow/.local/lib/python3.12/site-packages/airflow/example_dags/example_branch_python_dop_operator_3.py
[2025-02-17T12:19:55.555+0000] {logging_mixin.py:190} INFO - [2025-02-17T12:19:55.555+0000] {dag.py:3239} INFO - Sync 1 DAGs
[2025-02-17T12:19:55.582+0000] {logging_mixin.py:190} INFO - [2025-02-17T12:19:55.582+0000] {dag.py:4180} INFO - Setting next_dagrun for example_branch_dop_operator_v3 to 2025-02-17 12:18:00+00:00, run_after=2025-02-17 12:19:00+00:00
[2025-02-17T12:19:55.765+0000] {processor.py:208} INFO - Processing /home/airflow/.local/lib/python3.12/site-packages/airflow/example_dags/example_branch_python_dop_operator_3.py took 0.257 seconds
