[2025-02-17T05:54:39.943+0000] {processor.py:186} INFO - Started process (PID=120) to work on /home/airflow/.local/lib/python3.12/site-packages/airflow/example_dags/tutorial_objectstorage.py
[2025-02-17T05:54:39.945+0000] {processor.py:914} INFO - Processing file /home/airflow/.local/lib/python3.12/site-packages/airflow/example_dags/tutorial_objectstorage.py for tasks to queue
[2025-02-17T05:54:39.948+0000] {logging_mixin.py:190} INFO - [2025-02-17T05:54:39.948+0000] {dagbag.py:588} INFO - Filling up the DagBag from /home/airflow/.local/lib/python3.12/site-packages/airflow/example_dags/tutorial_objectstorage.py
[2025-02-17T05:54:39.962+0000] {processor.py:925} INFO - DAG(s) 'tutorial_objectstorage' retrieved from /home/airflow/.local/lib/python3.12/site-packages/airflow/example_dags/tutorial_objectstorage.py
[2025-02-17T05:54:39.990+0000] {logging_mixin.py:190} INFO - [2025-02-17T05:54:39.990+0000] {dag.py:3239} INFO - Sync 1 DAGs
[2025-02-17T05:54:40.020+0000] {logging_mixin.py:190} INFO - [2025-02-17T05:54:40.019+0000] {dag.py:4180} INFO - Setting next_dagrun for tutorial_objectstorage to None, run_after=None
[2025-02-17T05:54:40.047+0000] {processor.py:208} INFO - Processing /home/airflow/.local/lib/python3.12/site-packages/airflow/example_dags/tutorial_objectstorage.py took 0.114 seconds
[2025-02-17T05:55:10.236+0000] {processor.py:186} INFO - Started process (PID=198) to work on /home/airflow/.local/lib/python3.12/site-packages/airflow/example_dags/tutorial_objectstorage.py
[2025-02-17T05:55:10.237+0000] {processor.py:914} INFO - Processing file /home/airflow/.local/lib/python3.12/site-packages/airflow/example_dags/tutorial_objectstorage.py for tasks to queue
[2025-02-17T05:55:10.239+0000] {logging_mixin.py:190} INFO - [2025-02-17T05:55:10.239+0000] {dagbag.py:588} INFO - Filling up the DagBag from /home/airflow/.local/lib/python3.12/site-packages/airflow/example_dags/tutorial_objectstorage.py
[2025-02-17T05:55:10.250+0000] {processor.py:925} INFO - DAG(s) 'tutorial_objectstorage' retrieved from /home/airflow/.local/lib/python3.12/site-packages/airflow/example_dags/tutorial_objectstorage.py
[2025-02-17T05:55:10.270+0000] {logging_mixin.py:190} INFO - [2025-02-17T05:55:10.270+0000] {dag.py:3239} INFO - Sync 1 DAGs
[2025-02-17T05:55:10.284+0000] {logging_mixin.py:190} INFO - [2025-02-17T05:55:10.283+0000] {dag.py:4180} INFO - Setting next_dagrun for tutorial_objectstorage to None, run_after=None
[2025-02-17T05:55:10.304+0000] {processor.py:208} INFO - Processing /home/airflow/.local/lib/python3.12/site-packages/airflow/example_dags/tutorial_objectstorage.py took 0.073 seconds
[2025-02-17T05:55:41.649+0000] {processor.py:186} INFO - Started process (PID=276) to work on /home/airflow/.local/lib/python3.12/site-packages/airflow/example_dags/tutorial_objectstorage.py
[2025-02-17T05:55:41.650+0000] {processor.py:914} INFO - Processing file /home/airflow/.local/lib/python3.12/site-packages/airflow/example_dags/tutorial_objectstorage.py for tasks to queue
[2025-02-17T05:55:41.653+0000] {logging_mixin.py:190} INFO - [2025-02-17T05:55:41.652+0000] {dagbag.py:588} INFO - Filling up the DagBag from /home/airflow/.local/lib/python3.12/site-packages/airflow/example_dags/tutorial_objectstorage.py
[2025-02-17T05:55:41.662+0000] {processor.py:925} INFO - DAG(s) 'tutorial_objectstorage' retrieved from /home/airflow/.local/lib/python3.12/site-packages/airflow/example_dags/tutorial_objectstorage.py
[2025-02-17T05:55:41.687+0000] {logging_mixin.py:190} INFO - [2025-02-17T05:55:41.687+0000] {dag.py:3239} INFO - Sync 1 DAGs
[2025-02-17T05:55:41.703+0000] {logging_mixin.py:190} INFO - [2025-02-17T05:55:41.702+0000] {dag.py:4180} INFO - Setting next_dagrun for tutorial_objectstorage to None, run_after=None
[2025-02-17T05:55:41.749+0000] {processor.py:208} INFO - Processing /home/airflow/.local/lib/python3.12/site-packages/airflow/example_dags/tutorial_objectstorage.py took 0.106 seconds
[2025-02-17T05:56:12.576+0000] {processor.py:186} INFO - Started process (PID=354) to work on /home/airflow/.local/lib/python3.12/site-packages/airflow/example_dags/tutorial_objectstorage.py
[2025-02-17T05:56:12.577+0000] {processor.py:914} INFO - Processing file /home/airflow/.local/lib/python3.12/site-packages/airflow/example_dags/tutorial_objectstorage.py for tasks to queue
[2025-02-17T05:56:12.580+0000] {logging_mixin.py:190} INFO - [2025-02-17T05:56:12.580+0000] {dagbag.py:588} INFO - Filling up the DagBag from /home/airflow/.local/lib/python3.12/site-packages/airflow/example_dags/tutorial_objectstorage.py
[2025-02-17T05:56:12.590+0000] {processor.py:925} INFO - DAG(s) 'tutorial_objectstorage' retrieved from /home/airflow/.local/lib/python3.12/site-packages/airflow/example_dags/tutorial_objectstorage.py
[2025-02-17T05:56:12.610+0000] {logging_mixin.py:190} INFO - [2025-02-17T05:56:12.610+0000] {dag.py:3239} INFO - Sync 1 DAGs
[2025-02-17T05:56:12.625+0000] {logging_mixin.py:190} INFO - [2025-02-17T05:56:12.625+0000] {dag.py:4180} INFO - Setting next_dagrun for tutorial_objectstorage to None, run_after=None
[2025-02-17T05:56:12.650+0000] {processor.py:208} INFO - Processing /home/airflow/.local/lib/python3.12/site-packages/airflow/example_dags/tutorial_objectstorage.py took 0.080 seconds
[2025-02-17T05:56:43.536+0000] {processor.py:186} INFO - Started process (PID=431) to work on /home/airflow/.local/lib/python3.12/site-packages/airflow/example_dags/tutorial_objectstorage.py
[2025-02-17T05:56:43.539+0000] {processor.py:914} INFO - Processing file /home/airflow/.local/lib/python3.12/site-packages/airflow/example_dags/tutorial_objectstorage.py for tasks to queue
[2025-02-17T05:56:43.542+0000] {logging_mixin.py:190} INFO - [2025-02-17T05:56:43.542+0000] {dagbag.py:588} INFO - Filling up the DagBag from /home/airflow/.local/lib/python3.12/site-packages/airflow/example_dags/tutorial_objectstorage.py
[2025-02-17T05:56:43.553+0000] {processor.py:925} INFO - DAG(s) 'tutorial_objectstorage' retrieved from /home/airflow/.local/lib/python3.12/site-packages/airflow/example_dags/tutorial_objectstorage.py
[2025-02-17T05:56:43.578+0000] {logging_mixin.py:190} INFO - [2025-02-17T05:56:43.577+0000] {dag.py:3239} INFO - Sync 1 DAGs
[2025-02-17T05:56:43.594+0000] {logging_mixin.py:190} INFO - [2025-02-17T05:56:43.594+0000] {dag.py:4180} INFO - Setting next_dagrun for tutorial_objectstorage to None, run_after=None
[2025-02-17T05:56:43.615+0000] {processor.py:208} INFO - Processing /home/airflow/.local/lib/python3.12/site-packages/airflow/example_dags/tutorial_objectstorage.py took 0.086 seconds
[2025-02-17T05:57:14.802+0000] {processor.py:186} INFO - Started process (PID=509) to work on /home/airflow/.local/lib/python3.12/site-packages/airflow/example_dags/tutorial_objectstorage.py
[2025-02-17T05:57:14.804+0000] {processor.py:914} INFO - Processing file /home/airflow/.local/lib/python3.12/site-packages/airflow/example_dags/tutorial_objectstorage.py for tasks to queue
[2025-02-17T05:57:14.807+0000] {logging_mixin.py:190} INFO - [2025-02-17T05:57:14.807+0000] {dagbag.py:588} INFO - Filling up the DagBag from /home/airflow/.local/lib/python3.12/site-packages/airflow/example_dags/tutorial_objectstorage.py
[2025-02-17T05:57:14.825+0000] {processor.py:925} INFO - DAG(s) 'tutorial_objectstorage' retrieved from /home/airflow/.local/lib/python3.12/site-packages/airflow/example_dags/tutorial_objectstorage.py
[2025-02-17T05:57:14.866+0000] {logging_mixin.py:190} INFO - [2025-02-17T05:57:14.866+0000] {dag.py:3239} INFO - Sync 1 DAGs
[2025-02-17T05:57:14.893+0000] {logging_mixin.py:190} INFO - [2025-02-17T05:57:14.893+0000] {dag.py:4180} INFO - Setting next_dagrun for tutorial_objectstorage to None, run_after=None
[2025-02-17T05:57:14.938+0000] {processor.py:208} INFO - Processing /home/airflow/.local/lib/python3.12/site-packages/airflow/example_dags/tutorial_objectstorage.py took 0.142 seconds
[2025-02-17T05:57:45.654+0000] {processor.py:186} INFO - Started process (PID=593) to work on /home/airflow/.local/lib/python3.12/site-packages/airflow/example_dags/tutorial_objectstorage.py
[2025-02-17T05:57:45.655+0000] {processor.py:914} INFO - Processing file /home/airflow/.local/lib/python3.12/site-packages/airflow/example_dags/tutorial_objectstorage.py for tasks to queue
[2025-02-17T05:57:45.657+0000] {logging_mixin.py:190} INFO - [2025-02-17T05:57:45.657+0000] {dagbag.py:588} INFO - Filling up the DagBag from /home/airflow/.local/lib/python3.12/site-packages/airflow/example_dags/tutorial_objectstorage.py
[2025-02-17T05:57:45.669+0000] {processor.py:925} INFO - DAG(s) 'tutorial_objectstorage' retrieved from /home/airflow/.local/lib/python3.12/site-packages/airflow/example_dags/tutorial_objectstorage.py
[2025-02-17T05:57:45.690+0000] {logging_mixin.py:190} INFO - [2025-02-17T05:57:45.689+0000] {dag.py:3239} INFO - Sync 1 DAGs
[2025-02-17T05:57:45.705+0000] {logging_mixin.py:190} INFO - [2025-02-17T05:57:45.705+0000] {dag.py:4180} INFO - Setting next_dagrun for tutorial_objectstorage to None, run_after=None
[2025-02-17T05:57:45.726+0000] {processor.py:208} INFO - Processing /home/airflow/.local/lib/python3.12/site-packages/airflow/example_dags/tutorial_objectstorage.py took 0.079 seconds
[2025-02-17T05:58:16.266+0000] {processor.py:186} INFO - Started process (PID=671) to work on /home/airflow/.local/lib/python3.12/site-packages/airflow/example_dags/tutorial_objectstorage.py
[2025-02-17T05:58:16.267+0000] {processor.py:914} INFO - Processing file /home/airflow/.local/lib/python3.12/site-packages/airflow/example_dags/tutorial_objectstorage.py for tasks to queue
[2025-02-17T05:58:16.270+0000] {logging_mixin.py:190} INFO - [2025-02-17T05:58:16.270+0000] {dagbag.py:588} INFO - Filling up the DagBag from /home/airflow/.local/lib/python3.12/site-packages/airflow/example_dags/tutorial_objectstorage.py
[2025-02-17T05:58:16.280+0000] {processor.py:925} INFO - DAG(s) 'tutorial_objectstorage' retrieved from /home/airflow/.local/lib/python3.12/site-packages/airflow/example_dags/tutorial_objectstorage.py
[2025-02-17T05:58:16.301+0000] {logging_mixin.py:190} INFO - [2025-02-17T05:58:16.300+0000] {dag.py:3239} INFO - Sync 1 DAGs
[2025-02-17T05:58:16.317+0000] {logging_mixin.py:190} INFO - [2025-02-17T05:58:16.317+0000] {dag.py:4180} INFO - Setting next_dagrun for tutorial_objectstorage to None, run_after=None
[2025-02-17T05:58:16.339+0000] {processor.py:208} INFO - Processing /home/airflow/.local/lib/python3.12/site-packages/airflow/example_dags/tutorial_objectstorage.py took 0.081 seconds
[2025-02-17T05:58:47.238+0000] {processor.py:186} INFO - Started process (PID=749) to work on /home/airflow/.local/lib/python3.12/site-packages/airflow/example_dags/tutorial_objectstorage.py
[2025-02-17T05:58:47.239+0000] {processor.py:914} INFO - Processing file /home/airflow/.local/lib/python3.12/site-packages/airflow/example_dags/tutorial_objectstorage.py for tasks to queue
[2025-02-17T05:58:47.241+0000] {logging_mixin.py:190} INFO - [2025-02-17T05:58:47.241+0000] {dagbag.py:588} INFO - Filling up the DagBag from /home/airflow/.local/lib/python3.12/site-packages/airflow/example_dags/tutorial_objectstorage.py
[2025-02-17T05:58:47.250+0000] {processor.py:925} INFO - DAG(s) 'tutorial_objectstorage' retrieved from /home/airflow/.local/lib/python3.12/site-packages/airflow/example_dags/tutorial_objectstorage.py
[2025-02-17T05:58:47.272+0000] {logging_mixin.py:190} INFO - [2025-02-17T05:58:47.272+0000] {dag.py:3239} INFO - Sync 1 DAGs
[2025-02-17T05:58:47.290+0000] {logging_mixin.py:190} INFO - [2025-02-17T05:58:47.290+0000] {dag.py:4180} INFO - Setting next_dagrun for tutorial_objectstorage to None, run_after=None
[2025-02-17T05:58:47.311+0000] {processor.py:208} INFO - Processing /home/airflow/.local/lib/python3.12/site-packages/airflow/example_dags/tutorial_objectstorage.py took 0.078 seconds
[2025-02-17T05:59:19.081+0000] {processor.py:186} INFO - Started process (PID=827) to work on /home/airflow/.local/lib/python3.12/site-packages/airflow/example_dags/tutorial_objectstorage.py
[2025-02-17T05:59:19.083+0000] {processor.py:914} INFO - Processing file /home/airflow/.local/lib/python3.12/site-packages/airflow/example_dags/tutorial_objectstorage.py for tasks to queue
[2025-02-17T05:59:19.087+0000] {logging_mixin.py:190} INFO - [2025-02-17T05:59:19.086+0000] {dagbag.py:588} INFO - Filling up the DagBag from /home/airflow/.local/lib/python3.12/site-packages/airflow/example_dags/tutorial_objectstorage.py
[2025-02-17T05:59:19.097+0000] {processor.py:925} INFO - DAG(s) 'tutorial_objectstorage' retrieved from /home/airflow/.local/lib/python3.12/site-packages/airflow/example_dags/tutorial_objectstorage.py
[2025-02-17T05:59:19.127+0000] {logging_mixin.py:190} INFO - [2025-02-17T05:59:19.127+0000] {dag.py:3239} INFO - Sync 1 DAGs
[2025-02-17T05:59:19.147+0000] {logging_mixin.py:190} INFO - [2025-02-17T05:59:19.146+0000] {dag.py:4180} INFO - Setting next_dagrun for tutorial_objectstorage to None, run_after=None
[2025-02-17T05:59:19.181+0000] {processor.py:208} INFO - Processing /home/airflow/.local/lib/python3.12/site-packages/airflow/example_dags/tutorial_objectstorage.py took 0.107 seconds
[2025-02-17T05:59:50.360+0000] {processor.py:186} INFO - Started process (PID=904) to work on /home/airflow/.local/lib/python3.12/site-packages/airflow/example_dags/tutorial_objectstorage.py
[2025-02-17T05:59:50.361+0000] {processor.py:914} INFO - Processing file /home/airflow/.local/lib/python3.12/site-packages/airflow/example_dags/tutorial_objectstorage.py for tasks to queue
[2025-02-17T05:59:50.364+0000] {logging_mixin.py:190} INFO - [2025-02-17T05:59:50.363+0000] {dagbag.py:588} INFO - Filling up the DagBag from /home/airflow/.local/lib/python3.12/site-packages/airflow/example_dags/tutorial_objectstorage.py
[2025-02-17T05:59:50.375+0000] {processor.py:925} INFO - DAG(s) 'tutorial_objectstorage' retrieved from /home/airflow/.local/lib/python3.12/site-packages/airflow/example_dags/tutorial_objectstorage.py
[2025-02-17T05:59:50.396+0000] {logging_mixin.py:190} INFO - [2025-02-17T05:59:50.396+0000] {dag.py:3239} INFO - Sync 1 DAGs
[2025-02-17T05:59:50.411+0000] {logging_mixin.py:190} INFO - [2025-02-17T05:59:50.411+0000] {dag.py:4180} INFO - Setting next_dagrun for tutorial_objectstorage to None, run_after=None
[2025-02-17T05:59:50.434+0000] {processor.py:208} INFO - Processing /home/airflow/.local/lib/python3.12/site-packages/airflow/example_dags/tutorial_objectstorage.py took 0.083 seconds
[2025-02-17T06:00:21.479+0000] {processor.py:186} INFO - Started process (PID=982) to work on /home/airflow/.local/lib/python3.12/site-packages/airflow/example_dags/tutorial_objectstorage.py
[2025-02-17T06:00:21.480+0000] {processor.py:914} INFO - Processing file /home/airflow/.local/lib/python3.12/site-packages/airflow/example_dags/tutorial_objectstorage.py for tasks to queue
[2025-02-17T06:00:21.482+0000] {logging_mixin.py:190} INFO - [2025-02-17T06:00:21.482+0000] {dagbag.py:588} INFO - Filling up the DagBag from /home/airflow/.local/lib/python3.12/site-packages/airflow/example_dags/tutorial_objectstorage.py
[2025-02-17T06:00:21.491+0000] {processor.py:925} INFO - DAG(s) 'tutorial_objectstorage' retrieved from /home/airflow/.local/lib/python3.12/site-packages/airflow/example_dags/tutorial_objectstorage.py
[2025-02-17T06:00:21.510+0000] {logging_mixin.py:190} INFO - [2025-02-17T06:00:21.510+0000] {dag.py:3239} INFO - Sync 1 DAGs
[2025-02-17T06:00:21.522+0000] {logging_mixin.py:190} INFO - [2025-02-17T06:00:21.522+0000] {dag.py:4180} INFO - Setting next_dagrun for tutorial_objectstorage to None, run_after=None
[2025-02-17T06:00:21.545+0000] {processor.py:208} INFO - Processing /home/airflow/.local/lib/python3.12/site-packages/airflow/example_dags/tutorial_objectstorage.py took 0.071 seconds
[2025-02-17T06:00:52.894+0000] {processor.py:186} INFO - Started process (PID=1060) to work on /home/airflow/.local/lib/python3.12/site-packages/airflow/example_dags/tutorial_objectstorage.py
[2025-02-17T06:00:52.895+0000] {processor.py:914} INFO - Processing file /home/airflow/.local/lib/python3.12/site-packages/airflow/example_dags/tutorial_objectstorage.py for tasks to queue
[2025-02-17T06:00:52.897+0000] {logging_mixin.py:190} INFO - [2025-02-17T06:00:52.897+0000] {dagbag.py:588} INFO - Filling up the DagBag from /home/airflow/.local/lib/python3.12/site-packages/airflow/example_dags/tutorial_objectstorage.py
[2025-02-17T06:00:52.912+0000] {processor.py:925} INFO - DAG(s) 'tutorial_objectstorage' retrieved from /home/airflow/.local/lib/python3.12/site-packages/airflow/example_dags/tutorial_objectstorage.py
[2025-02-17T06:00:52.937+0000] {logging_mixin.py:190} INFO - [2025-02-17T06:00:52.936+0000] {dag.py:3239} INFO - Sync 1 DAGs
[2025-02-17T06:00:52.959+0000] {logging_mixin.py:190} INFO - [2025-02-17T06:00:52.959+0000] {dag.py:4180} INFO - Setting next_dagrun for tutorial_objectstorage to None, run_after=None
[2025-02-17T06:00:52.987+0000] {processor.py:208} INFO - Processing /home/airflow/.local/lib/python3.12/site-packages/airflow/example_dags/tutorial_objectstorage.py took 0.102 seconds
[2025-02-17T06:01:23.823+0000] {processor.py:186} INFO - Started process (PID=1138) to work on /home/airflow/.local/lib/python3.12/site-packages/airflow/example_dags/tutorial_objectstorage.py
[2025-02-17T06:01:23.825+0000] {processor.py:914} INFO - Processing file /home/airflow/.local/lib/python3.12/site-packages/airflow/example_dags/tutorial_objectstorage.py for tasks to queue
[2025-02-17T06:01:23.827+0000] {logging_mixin.py:190} INFO - [2025-02-17T06:01:23.827+0000] {dagbag.py:588} INFO - Filling up the DagBag from /home/airflow/.local/lib/python3.12/site-packages/airflow/example_dags/tutorial_objectstorage.py
[2025-02-17T06:01:23.835+0000] {processor.py:925} INFO - DAG(s) 'tutorial_objectstorage' retrieved from /home/airflow/.local/lib/python3.12/site-packages/airflow/example_dags/tutorial_objectstorage.py
[2025-02-17T06:01:23.855+0000] {logging_mixin.py:190} INFO - [2025-02-17T06:01:23.854+0000] {dag.py:3239} INFO - Sync 1 DAGs
[2025-02-17T06:01:23.868+0000] {logging_mixin.py:190} INFO - [2025-02-17T06:01:23.867+0000] {dag.py:4180} INFO - Setting next_dagrun for tutorial_objectstorage to None, run_after=None
[2025-02-17T06:01:23.886+0000] {processor.py:208} INFO - Processing /home/airflow/.local/lib/python3.12/site-packages/airflow/example_dags/tutorial_objectstorage.py took 0.069 seconds
[2025-02-17T06:01:55.089+0000] {processor.py:186} INFO - Started process (PID=1215) to work on /home/airflow/.local/lib/python3.12/site-packages/airflow/example_dags/tutorial_objectstorage.py
[2025-02-17T06:01:55.091+0000] {processor.py:914} INFO - Processing file /home/airflow/.local/lib/python3.12/site-packages/airflow/example_dags/tutorial_objectstorage.py for tasks to queue
[2025-02-17T06:01:55.094+0000] {logging_mixin.py:190} INFO - [2025-02-17T06:01:55.094+0000] {dagbag.py:588} INFO - Filling up the DagBag from /home/airflow/.local/lib/python3.12/site-packages/airflow/example_dags/tutorial_objectstorage.py
[2025-02-17T06:01:55.104+0000] {processor.py:925} INFO - DAG(s) 'tutorial_objectstorage' retrieved from /home/airflow/.local/lib/python3.12/site-packages/airflow/example_dags/tutorial_objectstorage.py
[2025-02-17T06:01:55.127+0000] {logging_mixin.py:190} INFO - [2025-02-17T06:01:55.127+0000] {dag.py:3239} INFO - Sync 1 DAGs
[2025-02-17T06:01:55.145+0000] {logging_mixin.py:190} INFO - [2025-02-17T06:01:55.145+0000] {dag.py:4180} INFO - Setting next_dagrun for tutorial_objectstorage to None, run_after=None
[2025-02-17T06:01:55.172+0000] {processor.py:208} INFO - Processing /home/airflow/.local/lib/python3.12/site-packages/airflow/example_dags/tutorial_objectstorage.py took 0.088 seconds
[2025-02-17T06:02:25.263+0000] {processor.py:186} INFO - Started process (PID=1280) to work on /home/airflow/.local/lib/python3.12/site-packages/airflow/example_dags/tutorial_objectstorage.py
[2025-02-17T06:02:25.264+0000] {processor.py:914} INFO - Processing file /home/airflow/.local/lib/python3.12/site-packages/airflow/example_dags/tutorial_objectstorage.py for tasks to queue
[2025-02-17T06:02:25.267+0000] {logging_mixin.py:190} INFO - [2025-02-17T06:02:25.267+0000] {dagbag.py:588} INFO - Filling up the DagBag from /home/airflow/.local/lib/python3.12/site-packages/airflow/example_dags/tutorial_objectstorage.py
[2025-02-17T06:02:25.277+0000] {processor.py:925} INFO - DAG(s) 'tutorial_objectstorage' retrieved from /home/airflow/.local/lib/python3.12/site-packages/airflow/example_dags/tutorial_objectstorage.py
[2025-02-17T06:02:25.304+0000] {logging_mixin.py:190} INFO - [2025-02-17T06:02:25.304+0000] {dag.py:3239} INFO - Sync 1 DAGs
[2025-02-17T06:02:25.325+0000] {logging_mixin.py:190} INFO - [2025-02-17T06:02:25.324+0000] {dag.py:4180} INFO - Setting next_dagrun for tutorial_objectstorage to None, run_after=None
[2025-02-17T06:02:25.375+0000] {processor.py:208} INFO - Processing /home/airflow/.local/lib/python3.12/site-packages/airflow/example_dags/tutorial_objectstorage.py took 0.120 seconds
[2025-02-17T06:02:57.669+0000] {processor.py:186} INFO - Started process (PID=1371) to work on /home/airflow/.local/lib/python3.12/site-packages/airflow/example_dags/tutorial_objectstorage.py
[2025-02-17T06:02:57.670+0000] {processor.py:914} INFO - Processing file /home/airflow/.local/lib/python3.12/site-packages/airflow/example_dags/tutorial_objectstorage.py for tasks to queue
[2025-02-17T06:02:57.672+0000] {logging_mixin.py:190} INFO - [2025-02-17T06:02:57.671+0000] {dagbag.py:588} INFO - Filling up the DagBag from /home/airflow/.local/lib/python3.12/site-packages/airflow/example_dags/tutorial_objectstorage.py
[2025-02-17T06:02:57.682+0000] {processor.py:925} INFO - DAG(s) 'tutorial_objectstorage' retrieved from /home/airflow/.local/lib/python3.12/site-packages/airflow/example_dags/tutorial_objectstorage.py
[2025-02-17T06:02:57.701+0000] {logging_mixin.py:190} INFO - [2025-02-17T06:02:57.700+0000] {dag.py:3239} INFO - Sync 1 DAGs
[2025-02-17T06:02:57.715+0000] {logging_mixin.py:190} INFO - [2025-02-17T06:02:57.715+0000] {dag.py:4180} INFO - Setting next_dagrun for tutorial_objectstorage to None, run_after=None
[2025-02-17T06:02:57.732+0000] {processor.py:208} INFO - Processing /home/airflow/.local/lib/python3.12/site-packages/airflow/example_dags/tutorial_objectstorage.py took 0.069 seconds
[2025-02-17T06:03:28.539+0000] {processor.py:186} INFO - Started process (PID=1438) to work on /home/airflow/.local/lib/python3.12/site-packages/airflow/example_dags/tutorial_objectstorage.py
[2025-02-17T06:03:28.541+0000] {processor.py:914} INFO - Processing file /home/airflow/.local/lib/python3.12/site-packages/airflow/example_dags/tutorial_objectstorage.py for tasks to queue
[2025-02-17T06:03:28.545+0000] {logging_mixin.py:190} INFO - [2025-02-17T06:03:28.544+0000] {dagbag.py:588} INFO - Filling up the DagBag from /home/airflow/.local/lib/python3.12/site-packages/airflow/example_dags/tutorial_objectstorage.py
[2025-02-17T06:03:28.555+0000] {processor.py:925} INFO - DAG(s) 'tutorial_objectstorage' retrieved from /home/airflow/.local/lib/python3.12/site-packages/airflow/example_dags/tutorial_objectstorage.py
[2025-02-17T06:03:28.578+0000] {logging_mixin.py:190} INFO - [2025-02-17T06:03:28.577+0000] {dag.py:3239} INFO - Sync 1 DAGs
[2025-02-17T06:03:28.593+0000] {logging_mixin.py:190} INFO - [2025-02-17T06:03:28.592+0000] {dag.py:4180} INFO - Setting next_dagrun for tutorial_objectstorage to None, run_after=None
[2025-02-17T06:03:28.645+0000] {processor.py:208} INFO - Processing /home/airflow/.local/lib/python3.12/site-packages/airflow/example_dags/tutorial_objectstorage.py took 0.113 seconds
[2025-02-17T06:03:59.206+0000] {processor.py:186} INFO - Started process (PID=1515) to work on /home/airflow/.local/lib/python3.12/site-packages/airflow/example_dags/tutorial_objectstorage.py
[2025-02-17T06:03:59.208+0000] {processor.py:914} INFO - Processing file /home/airflow/.local/lib/python3.12/site-packages/airflow/example_dags/tutorial_objectstorage.py for tasks to queue
[2025-02-17T06:03:59.211+0000] {logging_mixin.py:190} INFO - [2025-02-17T06:03:59.211+0000] {dagbag.py:588} INFO - Filling up the DagBag from /home/airflow/.local/lib/python3.12/site-packages/airflow/example_dags/tutorial_objectstorage.py
[2025-02-17T06:03:59.227+0000] {processor.py:925} INFO - DAG(s) 'tutorial_objectstorage' retrieved from /home/airflow/.local/lib/python3.12/site-packages/airflow/example_dags/tutorial_objectstorage.py
[2025-02-17T06:03:59.261+0000] {logging_mixin.py:190} INFO - [2025-02-17T06:03:59.261+0000] {dag.py:3239} INFO - Sync 1 DAGs
[2025-02-17T06:03:59.280+0000] {logging_mixin.py:190} INFO - [2025-02-17T06:03:59.280+0000] {dag.py:4180} INFO - Setting next_dagrun for tutorial_objectstorage to None, run_after=None
[2025-02-17T06:03:59.311+0000] {processor.py:208} INFO - Processing /home/airflow/.local/lib/python3.12/site-packages/airflow/example_dags/tutorial_objectstorage.py took 0.113 seconds
[2025-02-17T06:04:30.278+0000] {processor.py:186} INFO - Started process (PID=1591) to work on /home/airflow/.local/lib/python3.12/site-packages/airflow/example_dags/tutorial_objectstorage.py
[2025-02-17T06:04:30.280+0000] {processor.py:914} INFO - Processing file /home/airflow/.local/lib/python3.12/site-packages/airflow/example_dags/tutorial_objectstorage.py for tasks to queue
[2025-02-17T06:04:30.283+0000] {logging_mixin.py:190} INFO - [2025-02-17T06:04:30.283+0000] {dagbag.py:588} INFO - Filling up the DagBag from /home/airflow/.local/lib/python3.12/site-packages/airflow/example_dags/tutorial_objectstorage.py
[2025-02-17T06:04:30.293+0000] {processor.py:925} INFO - DAG(s) 'tutorial_objectstorage' retrieved from /home/airflow/.local/lib/python3.12/site-packages/airflow/example_dags/tutorial_objectstorage.py
[2025-02-17T06:04:30.315+0000] {logging_mixin.py:190} INFO - [2025-02-17T06:04:30.315+0000] {dag.py:3239} INFO - Sync 1 DAGs
[2025-02-17T06:04:30.336+0000] {logging_mixin.py:190} INFO - [2025-02-17T06:04:30.335+0000] {dag.py:4180} INFO - Setting next_dagrun for tutorial_objectstorage to None, run_after=None
[2025-02-17T06:04:30.387+0000] {processor.py:208} INFO - Processing /home/airflow/.local/lib/python3.12/site-packages/airflow/example_dags/tutorial_objectstorage.py took 0.115 seconds
[2025-02-17T06:05:01.942+0000] {processor.py:186} INFO - Started process (PID=1670) to work on /home/airflow/.local/lib/python3.12/site-packages/airflow/example_dags/tutorial_objectstorage.py
[2025-02-17T06:05:01.943+0000] {processor.py:914} INFO - Processing file /home/airflow/.local/lib/python3.12/site-packages/airflow/example_dags/tutorial_objectstorage.py for tasks to queue
[2025-02-17T06:05:01.946+0000] {logging_mixin.py:190} INFO - [2025-02-17T06:05:01.945+0000] {dagbag.py:588} INFO - Filling up the DagBag from /home/airflow/.local/lib/python3.12/site-packages/airflow/example_dags/tutorial_objectstorage.py
[2025-02-17T06:05:01.955+0000] {processor.py:925} INFO - DAG(s) 'tutorial_objectstorage' retrieved from /home/airflow/.local/lib/python3.12/site-packages/airflow/example_dags/tutorial_objectstorage.py
[2025-02-17T06:05:01.980+0000] {logging_mixin.py:190} INFO - [2025-02-17T06:05:01.980+0000] {dag.py:3239} INFO - Sync 1 DAGs
[2025-02-17T06:05:01.996+0000] {logging_mixin.py:190} INFO - [2025-02-17T06:05:01.996+0000] {dag.py:4180} INFO - Setting next_dagrun for tutorial_objectstorage to None, run_after=None
[2025-02-17T06:05:02.043+0000] {processor.py:208} INFO - Processing /home/airflow/.local/lib/python3.12/site-packages/airflow/example_dags/tutorial_objectstorage.py took 0.107 seconds
[2025-02-17T06:05:33.690+0000] {processor.py:186} INFO - Started process (PID=1755) to work on /home/airflow/.local/lib/python3.12/site-packages/airflow/example_dags/tutorial_objectstorage.py
[2025-02-17T06:05:33.692+0000] {processor.py:914} INFO - Processing file /home/airflow/.local/lib/python3.12/site-packages/airflow/example_dags/tutorial_objectstorage.py for tasks to queue
[2025-02-17T06:05:33.695+0000] {logging_mixin.py:190} INFO - [2025-02-17T06:05:33.695+0000] {dagbag.py:588} INFO - Filling up the DagBag from /home/airflow/.local/lib/python3.12/site-packages/airflow/example_dags/tutorial_objectstorage.py
[2025-02-17T06:05:33.711+0000] {processor.py:925} INFO - DAG(s) 'tutorial_objectstorage' retrieved from /home/airflow/.local/lib/python3.12/site-packages/airflow/example_dags/tutorial_objectstorage.py
[2025-02-17T06:05:33.744+0000] {logging_mixin.py:190} INFO - [2025-02-17T06:05:33.744+0000] {dag.py:3239} INFO - Sync 1 DAGs
[2025-02-17T06:05:33.771+0000] {logging_mixin.py:190} INFO - [2025-02-17T06:05:33.771+0000] {dag.py:4180} INFO - Setting next_dagrun for tutorial_objectstorage to None, run_after=None
[2025-02-17T06:05:33.812+0000] {processor.py:208} INFO - Processing /home/airflow/.local/lib/python3.12/site-packages/airflow/example_dags/tutorial_objectstorage.py took 0.130 seconds
[2025-02-17T06:06:05.110+0000] {processor.py:186} INFO - Started process (PID=1833) to work on /home/airflow/.local/lib/python3.12/site-packages/airflow/example_dags/tutorial_objectstorage.py
[2025-02-17T06:06:05.111+0000] {processor.py:914} INFO - Processing file /home/airflow/.local/lib/python3.12/site-packages/airflow/example_dags/tutorial_objectstorage.py for tasks to queue
[2025-02-17T06:06:05.114+0000] {logging_mixin.py:190} INFO - [2025-02-17T06:06:05.113+0000] {dagbag.py:588} INFO - Filling up the DagBag from /home/airflow/.local/lib/python3.12/site-packages/airflow/example_dags/tutorial_objectstorage.py
[2025-02-17T06:06:05.126+0000] {processor.py:925} INFO - DAG(s) 'tutorial_objectstorage' retrieved from /home/airflow/.local/lib/python3.12/site-packages/airflow/example_dags/tutorial_objectstorage.py
[2025-02-17T06:06:05.150+0000] {logging_mixin.py:190} INFO - [2025-02-17T06:06:05.150+0000] {dag.py:3239} INFO - Sync 1 DAGs
[2025-02-17T06:06:05.169+0000] {logging_mixin.py:190} INFO - [2025-02-17T06:06:05.168+0000] {dag.py:4180} INFO - Setting next_dagrun for tutorial_objectstorage to None, run_after=None
[2025-02-17T06:06:05.191+0000] {processor.py:208} INFO - Processing /home/airflow/.local/lib/python3.12/site-packages/airflow/example_dags/tutorial_objectstorage.py took 0.087 seconds
[2025-02-17T06:06:36.311+0000] {processor.py:186} INFO - Started process (PID=1911) to work on /home/airflow/.local/lib/python3.12/site-packages/airflow/example_dags/tutorial_objectstorage.py
[2025-02-17T06:06:36.312+0000] {processor.py:914} INFO - Processing file /home/airflow/.local/lib/python3.12/site-packages/airflow/example_dags/tutorial_objectstorage.py for tasks to queue
[2025-02-17T06:06:36.315+0000] {logging_mixin.py:190} INFO - [2025-02-17T06:06:36.314+0000] {dagbag.py:588} INFO - Filling up the DagBag from /home/airflow/.local/lib/python3.12/site-packages/airflow/example_dags/tutorial_objectstorage.py
[2025-02-17T06:06:36.324+0000] {processor.py:925} INFO - DAG(s) 'tutorial_objectstorage' retrieved from /home/airflow/.local/lib/python3.12/site-packages/airflow/example_dags/tutorial_objectstorage.py
[2025-02-17T06:06:36.345+0000] {logging_mixin.py:190} INFO - [2025-02-17T06:06:36.345+0000] {dag.py:3239} INFO - Sync 1 DAGs
[2025-02-17T06:06:36.360+0000] {logging_mixin.py:190} INFO - [2025-02-17T06:06:36.360+0000] {dag.py:4180} INFO - Setting next_dagrun for tutorial_objectstorage to None, run_after=None
[2025-02-17T06:06:36.382+0000] {processor.py:208} INFO - Processing /home/airflow/.local/lib/python3.12/site-packages/airflow/example_dags/tutorial_objectstorage.py took 0.078 seconds
[2025-02-17T06:07:08.012+0000] {processor.py:186} INFO - Started process (PID=1989) to work on /home/airflow/.local/lib/python3.12/site-packages/airflow/example_dags/tutorial_objectstorage.py
[2025-02-17T06:07:08.013+0000] {processor.py:914} INFO - Processing file /home/airflow/.local/lib/python3.12/site-packages/airflow/example_dags/tutorial_objectstorage.py for tasks to queue
[2025-02-17T06:07:08.015+0000] {logging_mixin.py:190} INFO - [2025-02-17T06:07:08.015+0000] {dagbag.py:588} INFO - Filling up the DagBag from /home/airflow/.local/lib/python3.12/site-packages/airflow/example_dags/tutorial_objectstorage.py
[2025-02-17T06:07:08.025+0000] {processor.py:925} INFO - DAG(s) 'tutorial_objectstorage' retrieved from /home/airflow/.local/lib/python3.12/site-packages/airflow/example_dags/tutorial_objectstorage.py
[2025-02-17T06:07:08.044+0000] {logging_mixin.py:190} INFO - [2025-02-17T06:07:08.044+0000] {dag.py:3239} INFO - Sync 1 DAGs
[2025-02-17T06:07:08.058+0000] {logging_mixin.py:190} INFO - [2025-02-17T06:07:08.058+0000] {dag.py:4180} INFO - Setting next_dagrun for tutorial_objectstorage to None, run_after=None
[2025-02-17T06:07:08.079+0000] {processor.py:208} INFO - Processing /home/airflow/.local/lib/python3.12/site-packages/airflow/example_dags/tutorial_objectstorage.py took 0.072 seconds
[2025-02-17T06:07:38.884+0000] {processor.py:186} INFO - Started process (PID=2067) to work on /home/airflow/.local/lib/python3.12/site-packages/airflow/example_dags/tutorial_objectstorage.py
[2025-02-17T06:07:38.885+0000] {processor.py:914} INFO - Processing file /home/airflow/.local/lib/python3.12/site-packages/airflow/example_dags/tutorial_objectstorage.py for tasks to queue
[2025-02-17T06:07:38.887+0000] {logging_mixin.py:190} INFO - [2025-02-17T06:07:38.887+0000] {dagbag.py:588} INFO - Filling up the DagBag from /home/airflow/.local/lib/python3.12/site-packages/airflow/example_dags/tutorial_objectstorage.py
[2025-02-17T06:07:38.898+0000] {processor.py:925} INFO - DAG(s) 'tutorial_objectstorage' retrieved from /home/airflow/.local/lib/python3.12/site-packages/airflow/example_dags/tutorial_objectstorage.py
[2025-02-17T06:07:38.922+0000] {logging_mixin.py:190} INFO - [2025-02-17T06:07:38.922+0000] {dag.py:3239} INFO - Sync 1 DAGs
[2025-02-17T06:07:38.941+0000] {logging_mixin.py:190} INFO - [2025-02-17T06:07:38.941+0000] {dag.py:4180} INFO - Setting next_dagrun for tutorial_objectstorage to None, run_after=None
[2025-02-17T06:07:38.968+0000] {processor.py:208} INFO - Processing /home/airflow/.local/lib/python3.12/site-packages/airflow/example_dags/tutorial_objectstorage.py took 0.090 seconds
[2025-02-17T06:08:09.367+0000] {processor.py:186} INFO - Started process (PID=2144) to work on /home/airflow/.local/lib/python3.12/site-packages/airflow/example_dags/tutorial_objectstorage.py
[2025-02-17T06:08:09.368+0000] {processor.py:914} INFO - Processing file /home/airflow/.local/lib/python3.12/site-packages/airflow/example_dags/tutorial_objectstorage.py for tasks to queue
[2025-02-17T06:08:09.371+0000] {logging_mixin.py:190} INFO - [2025-02-17T06:08:09.370+0000] {dagbag.py:588} INFO - Filling up the DagBag from /home/airflow/.local/lib/python3.12/site-packages/airflow/example_dags/tutorial_objectstorage.py
[2025-02-17T06:08:09.379+0000] {processor.py:925} INFO - DAG(s) 'tutorial_objectstorage' retrieved from /home/airflow/.local/lib/python3.12/site-packages/airflow/example_dags/tutorial_objectstorage.py
[2025-02-17T06:08:09.400+0000] {logging_mixin.py:190} INFO - [2025-02-17T06:08:09.399+0000] {dag.py:3239} INFO - Sync 1 DAGs
[2025-02-17T06:08:09.414+0000] {logging_mixin.py:190} INFO - [2025-02-17T06:08:09.414+0000] {dag.py:4180} INFO - Setting next_dagrun for tutorial_objectstorage to None, run_after=None
[2025-02-17T06:08:09.434+0000] {processor.py:208} INFO - Processing /home/airflow/.local/lib/python3.12/site-packages/airflow/example_dags/tutorial_objectstorage.py took 0.073 seconds
[2025-02-17T06:08:40.256+0000] {processor.py:186} INFO - Started process (PID=2222) to work on /home/airflow/.local/lib/python3.12/site-packages/airflow/example_dags/tutorial_objectstorage.py
[2025-02-17T06:08:40.257+0000] {processor.py:914} INFO - Processing file /home/airflow/.local/lib/python3.12/site-packages/airflow/example_dags/tutorial_objectstorage.py for tasks to queue
[2025-02-17T06:08:40.259+0000] {logging_mixin.py:190} INFO - [2025-02-17T06:08:40.259+0000] {dagbag.py:588} INFO - Filling up the DagBag from /home/airflow/.local/lib/python3.12/site-packages/airflow/example_dags/tutorial_objectstorage.py
[2025-02-17T06:08:40.268+0000] {processor.py:925} INFO - DAG(s) 'tutorial_objectstorage' retrieved from /home/airflow/.local/lib/python3.12/site-packages/airflow/example_dags/tutorial_objectstorage.py
[2025-02-17T06:08:40.287+0000] {logging_mixin.py:190} INFO - [2025-02-17T06:08:40.287+0000] {dag.py:3239} INFO - Sync 1 DAGs
[2025-02-17T06:08:40.302+0000] {logging_mixin.py:190} INFO - [2025-02-17T06:08:40.301+0000] {dag.py:4180} INFO - Setting next_dagrun for tutorial_objectstorage to None, run_after=None
[2025-02-17T06:08:40.320+0000] {processor.py:208} INFO - Processing /home/airflow/.local/lib/python3.12/site-packages/airflow/example_dags/tutorial_objectstorage.py took 0.070 seconds
[2025-02-17T06:09:10.459+0000] {processor.py:186} INFO - Started process (PID=2299) to work on /home/airflow/.local/lib/python3.12/site-packages/airflow/example_dags/tutorial_objectstorage.py
[2025-02-17T06:09:10.461+0000] {processor.py:914} INFO - Processing file /home/airflow/.local/lib/python3.12/site-packages/airflow/example_dags/tutorial_objectstorage.py for tasks to queue
[2025-02-17T06:09:10.463+0000] {logging_mixin.py:190} INFO - [2025-02-17T06:09:10.462+0000] {dagbag.py:588} INFO - Filling up the DagBag from /home/airflow/.local/lib/python3.12/site-packages/airflow/example_dags/tutorial_objectstorage.py
[2025-02-17T06:09:10.472+0000] {processor.py:925} INFO - DAG(s) 'tutorial_objectstorage' retrieved from /home/airflow/.local/lib/python3.12/site-packages/airflow/example_dags/tutorial_objectstorage.py
[2025-02-17T06:09:10.497+0000] {logging_mixin.py:190} INFO - [2025-02-17T06:09:10.497+0000] {dag.py:3239} INFO - Sync 1 DAGs
[2025-02-17T06:09:10.512+0000] {logging_mixin.py:190} INFO - [2025-02-17T06:09:10.512+0000] {dag.py:4180} INFO - Setting next_dagrun for tutorial_objectstorage to None, run_after=None
[2025-02-17T06:09:10.536+0000] {processor.py:208} INFO - Processing /home/airflow/.local/lib/python3.12/site-packages/airflow/example_dags/tutorial_objectstorage.py took 0.083 seconds
[2025-02-17T06:09:41.394+0000] {processor.py:186} INFO - Started process (PID=2377) to work on /home/airflow/.local/lib/python3.12/site-packages/airflow/example_dags/tutorial_objectstorage.py
[2025-02-17T06:09:41.395+0000] {processor.py:914} INFO - Processing file /home/airflow/.local/lib/python3.12/site-packages/airflow/example_dags/tutorial_objectstorage.py for tasks to queue
[2025-02-17T06:09:41.397+0000] {logging_mixin.py:190} INFO - [2025-02-17T06:09:41.397+0000] {dagbag.py:588} INFO - Filling up the DagBag from /home/airflow/.local/lib/python3.12/site-packages/airflow/example_dags/tutorial_objectstorage.py
[2025-02-17T06:09:41.405+0000] {processor.py:925} INFO - DAG(s) 'tutorial_objectstorage' retrieved from /home/airflow/.local/lib/python3.12/site-packages/airflow/example_dags/tutorial_objectstorage.py
[2025-02-17T06:09:41.422+0000] {logging_mixin.py:190} INFO - [2025-02-17T06:09:41.422+0000] {dag.py:3239} INFO - Sync 1 DAGs
[2025-02-17T06:09:41.433+0000] {logging_mixin.py:190} INFO - [2025-02-17T06:09:41.433+0000] {dag.py:4180} INFO - Setting next_dagrun for tutorial_objectstorage to None, run_after=None
[2025-02-17T06:09:41.449+0000] {processor.py:208} INFO - Processing /home/airflow/.local/lib/python3.12/site-packages/airflow/example_dags/tutorial_objectstorage.py took 0.060 seconds
[2025-02-17T06:10:11.987+0000] {processor.py:186} INFO - Started process (PID=2455) to work on /home/airflow/.local/lib/python3.12/site-packages/airflow/example_dags/tutorial_objectstorage.py
[2025-02-17T06:10:11.989+0000] {processor.py:914} INFO - Processing file /home/airflow/.local/lib/python3.12/site-packages/airflow/example_dags/tutorial_objectstorage.py for tasks to queue
[2025-02-17T06:10:11.991+0000] {logging_mixin.py:190} INFO - [2025-02-17T06:10:11.990+0000] {dagbag.py:588} INFO - Filling up the DagBag from /home/airflow/.local/lib/python3.12/site-packages/airflow/example_dags/tutorial_objectstorage.py
[2025-02-17T06:10:11.999+0000] {processor.py:925} INFO - DAG(s) 'tutorial_objectstorage' retrieved from /home/airflow/.local/lib/python3.12/site-packages/airflow/example_dags/tutorial_objectstorage.py
[2025-02-17T06:10:12.016+0000] {logging_mixin.py:190} INFO - [2025-02-17T06:10:12.015+0000] {dag.py:3239} INFO - Sync 1 DAGs
[2025-02-17T06:10:12.031+0000] {logging_mixin.py:190} INFO - [2025-02-17T06:10:12.030+0000] {dag.py:4180} INFO - Setting next_dagrun for tutorial_objectstorage to None, run_after=None
[2025-02-17T06:10:12.051+0000] {processor.py:208} INFO - Processing /home/airflow/.local/lib/python3.12/site-packages/airflow/example_dags/tutorial_objectstorage.py took 0.068 seconds
[2025-02-17T06:10:42.983+0000] {processor.py:186} INFO - Started process (PID=2533) to work on /home/airflow/.local/lib/python3.12/site-packages/airflow/example_dags/tutorial_objectstorage.py
[2025-02-17T06:10:42.985+0000] {processor.py:914} INFO - Processing file /home/airflow/.local/lib/python3.12/site-packages/airflow/example_dags/tutorial_objectstorage.py for tasks to queue
[2025-02-17T06:10:42.988+0000] {logging_mixin.py:190} INFO - [2025-02-17T06:10:42.988+0000] {dagbag.py:588} INFO - Filling up the DagBag from /home/airflow/.local/lib/python3.12/site-packages/airflow/example_dags/tutorial_objectstorage.py
[2025-02-17T06:10:42.999+0000] {processor.py:925} INFO - DAG(s) 'tutorial_objectstorage' retrieved from /home/airflow/.local/lib/python3.12/site-packages/airflow/example_dags/tutorial_objectstorage.py
[2025-02-17T06:10:43.022+0000] {logging_mixin.py:190} INFO - [2025-02-17T06:10:43.022+0000] {dag.py:3239} INFO - Sync 1 DAGs
[2025-02-17T06:10:43.037+0000] {logging_mixin.py:190} INFO - [2025-02-17T06:10:43.037+0000] {dag.py:4180} INFO - Setting next_dagrun for tutorial_objectstorage to None, run_after=None
[2025-02-17T06:10:43.057+0000] {processor.py:208} INFO - Processing /home/airflow/.local/lib/python3.12/site-packages/airflow/example_dags/tutorial_objectstorage.py took 0.079 seconds
[2025-02-17T06:11:13.415+0000] {processor.py:186} INFO - Started process (PID=2610) to work on /home/airflow/.local/lib/python3.12/site-packages/airflow/example_dags/tutorial_objectstorage.py
[2025-02-17T06:11:13.417+0000] {processor.py:914} INFO - Processing file /home/airflow/.local/lib/python3.12/site-packages/airflow/example_dags/tutorial_objectstorage.py for tasks to queue
[2025-02-17T06:11:13.419+0000] {logging_mixin.py:190} INFO - [2025-02-17T06:11:13.419+0000] {dagbag.py:588} INFO - Filling up the DagBag from /home/airflow/.local/lib/python3.12/site-packages/airflow/example_dags/tutorial_objectstorage.py
[2025-02-17T06:11:13.432+0000] {processor.py:925} INFO - DAG(s) 'tutorial_objectstorage' retrieved from /home/airflow/.local/lib/python3.12/site-packages/airflow/example_dags/tutorial_objectstorage.py
[2025-02-17T06:11:13.456+0000] {logging_mixin.py:190} INFO - [2025-02-17T06:11:13.455+0000] {dag.py:3239} INFO - Sync 1 DAGs
[2025-02-17T06:11:13.474+0000] {logging_mixin.py:190} INFO - [2025-02-17T06:11:13.474+0000] {dag.py:4180} INFO - Setting next_dagrun for tutorial_objectstorage to None, run_after=None
[2025-02-17T06:11:13.519+0000] {processor.py:208} INFO - Processing /home/airflow/.local/lib/python3.12/site-packages/airflow/example_dags/tutorial_objectstorage.py took 0.111 seconds
[2025-02-17T06:11:44.511+0000] {processor.py:186} INFO - Started process (PID=2688) to work on /home/airflow/.local/lib/python3.12/site-packages/airflow/example_dags/tutorial_objectstorage.py
[2025-02-17T06:11:44.513+0000] {processor.py:914} INFO - Processing file /home/airflow/.local/lib/python3.12/site-packages/airflow/example_dags/tutorial_objectstorage.py for tasks to queue
[2025-02-17T06:11:44.516+0000] {logging_mixin.py:190} INFO - [2025-02-17T06:11:44.516+0000] {dagbag.py:588} INFO - Filling up the DagBag from /home/airflow/.local/lib/python3.12/site-packages/airflow/example_dags/tutorial_objectstorage.py
[2025-02-17T06:11:44.527+0000] {processor.py:925} INFO - DAG(s) 'tutorial_objectstorage' retrieved from /home/airflow/.local/lib/python3.12/site-packages/airflow/example_dags/tutorial_objectstorage.py
[2025-02-17T06:11:44.556+0000] {logging_mixin.py:190} INFO - [2025-02-17T06:11:44.556+0000] {dag.py:3239} INFO - Sync 1 DAGs
[2025-02-17T06:11:44.572+0000] {logging_mixin.py:190} INFO - [2025-02-17T06:11:44.571+0000] {dag.py:4180} INFO - Setting next_dagrun for tutorial_objectstorage to None, run_after=None
[2025-02-17T06:11:44.596+0000] {processor.py:208} INFO - Processing /home/airflow/.local/lib/python3.12/site-packages/airflow/example_dags/tutorial_objectstorage.py took 0.091 seconds
[2025-02-17T06:12:14.746+0000] {processor.py:186} INFO - Started process (PID=2766) to work on /home/airflow/.local/lib/python3.12/site-packages/airflow/example_dags/tutorial_objectstorage.py
[2025-02-17T06:12:14.748+0000] {processor.py:914} INFO - Processing file /home/airflow/.local/lib/python3.12/site-packages/airflow/example_dags/tutorial_objectstorage.py for tasks to queue
[2025-02-17T06:12:14.750+0000] {logging_mixin.py:190} INFO - [2025-02-17T06:12:14.750+0000] {dagbag.py:588} INFO - Filling up the DagBag from /home/airflow/.local/lib/python3.12/site-packages/airflow/example_dags/tutorial_objectstorage.py
[2025-02-17T06:12:14.761+0000] {processor.py:925} INFO - DAG(s) 'tutorial_objectstorage' retrieved from /home/airflow/.local/lib/python3.12/site-packages/airflow/example_dags/tutorial_objectstorage.py
[2025-02-17T06:12:14.782+0000] {logging_mixin.py:190} INFO - [2025-02-17T06:12:14.782+0000] {dag.py:3239} INFO - Sync 1 DAGs
[2025-02-17T06:12:14.797+0000] {logging_mixin.py:190} INFO - [2025-02-17T06:12:14.797+0000] {dag.py:4180} INFO - Setting next_dagrun for tutorial_objectstorage to None, run_after=None
[2025-02-17T06:12:14.848+0000] {processor.py:208} INFO - Processing /home/airflow/.local/lib/python3.12/site-packages/airflow/example_dags/tutorial_objectstorage.py took 0.109 seconds
[2025-02-17T06:12:44.924+0000] {processor.py:186} INFO - Started process (PID=2844) to work on /home/airflow/.local/lib/python3.12/site-packages/airflow/example_dags/tutorial_objectstorage.py
[2025-02-17T06:12:44.926+0000] {processor.py:914} INFO - Processing file /home/airflow/.local/lib/python3.12/site-packages/airflow/example_dags/tutorial_objectstorage.py for tasks to queue
[2025-02-17T06:12:44.929+0000] {logging_mixin.py:190} INFO - [2025-02-17T06:12:44.929+0000] {dagbag.py:588} INFO - Filling up the DagBag from /home/airflow/.local/lib/python3.12/site-packages/airflow/example_dags/tutorial_objectstorage.py
[2025-02-17T06:12:44.944+0000] {processor.py:925} INFO - DAG(s) 'tutorial_objectstorage' retrieved from /home/airflow/.local/lib/python3.12/site-packages/airflow/example_dags/tutorial_objectstorage.py
[2025-02-17T06:12:44.970+0000] {logging_mixin.py:190} INFO - [2025-02-17T06:12:44.970+0000] {dag.py:3239} INFO - Sync 1 DAGs
[2025-02-17T06:12:44.992+0000] {logging_mixin.py:190} INFO - [2025-02-17T06:12:44.992+0000] {dag.py:4180} INFO - Setting next_dagrun for tutorial_objectstorage to None, run_after=None
[2025-02-17T06:12:45.021+0000] {processor.py:208} INFO - Processing /home/airflow/.local/lib/python3.12/site-packages/airflow/example_dags/tutorial_objectstorage.py took 0.106 seconds
[2025-02-17T06:13:15.208+0000] {processor.py:186} INFO - Started process (PID=2922) to work on /home/airflow/.local/lib/python3.12/site-packages/airflow/example_dags/tutorial_objectstorage.py
[2025-02-17T06:13:15.209+0000] {processor.py:914} INFO - Processing file /home/airflow/.local/lib/python3.12/site-packages/airflow/example_dags/tutorial_objectstorage.py for tasks to queue
[2025-02-17T06:13:15.212+0000] {logging_mixin.py:190} INFO - [2025-02-17T06:13:15.211+0000] {dagbag.py:588} INFO - Filling up the DagBag from /home/airflow/.local/lib/python3.12/site-packages/airflow/example_dags/tutorial_objectstorage.py
[2025-02-17T06:13:15.220+0000] {processor.py:925} INFO - DAG(s) 'tutorial_objectstorage' retrieved from /home/airflow/.local/lib/python3.12/site-packages/airflow/example_dags/tutorial_objectstorage.py
[2025-02-17T06:13:15.236+0000] {logging_mixin.py:190} INFO - [2025-02-17T06:13:15.235+0000] {dag.py:3239} INFO - Sync 1 DAGs
[2025-02-17T06:13:15.247+0000] {logging_mixin.py:190} INFO - [2025-02-17T06:13:15.247+0000] {dag.py:4180} INFO - Setting next_dagrun for tutorial_objectstorage to None, run_after=None
[2025-02-17T06:13:15.263+0000] {processor.py:208} INFO - Processing /home/airflow/.local/lib/python3.12/site-packages/airflow/example_dags/tutorial_objectstorage.py took 0.060 seconds
[2025-02-17T06:13:45.504+0000] {processor.py:186} INFO - Started process (PID=3000) to work on /home/airflow/.local/lib/python3.12/site-packages/airflow/example_dags/tutorial_objectstorage.py
[2025-02-17T06:13:45.506+0000] {processor.py:914} INFO - Processing file /home/airflow/.local/lib/python3.12/site-packages/airflow/example_dags/tutorial_objectstorage.py for tasks to queue
[2025-02-17T06:13:45.508+0000] {logging_mixin.py:190} INFO - [2025-02-17T06:13:45.507+0000] {dagbag.py:588} INFO - Filling up the DagBag from /home/airflow/.local/lib/python3.12/site-packages/airflow/example_dags/tutorial_objectstorage.py
[2025-02-17T06:13:45.515+0000] {processor.py:925} INFO - DAG(s) 'tutorial_objectstorage' retrieved from /home/airflow/.local/lib/python3.12/site-packages/airflow/example_dags/tutorial_objectstorage.py
[2025-02-17T06:13:45.531+0000] {logging_mixin.py:190} INFO - [2025-02-17T06:13:45.531+0000] {dag.py:3239} INFO - Sync 1 DAGs
[2025-02-17T06:13:45.543+0000] {logging_mixin.py:190} INFO - [2025-02-17T06:13:45.542+0000] {dag.py:4180} INFO - Setting next_dagrun for tutorial_objectstorage to None, run_after=None
[2025-02-17T06:13:45.559+0000] {processor.py:208} INFO - Processing /home/airflow/.local/lib/python3.12/site-packages/airflow/example_dags/tutorial_objectstorage.py took 0.060 seconds
[2025-02-17T06:14:16.151+0000] {processor.py:186} INFO - Started process (PID=3078) to work on /home/airflow/.local/lib/python3.12/site-packages/airflow/example_dags/tutorial_objectstorage.py
[2025-02-17T06:14:16.153+0000] {processor.py:914} INFO - Processing file /home/airflow/.local/lib/python3.12/site-packages/airflow/example_dags/tutorial_objectstorage.py for tasks to queue
[2025-02-17T06:14:16.158+0000] {logging_mixin.py:190} INFO - [2025-02-17T06:14:16.157+0000] {dagbag.py:588} INFO - Filling up the DagBag from /home/airflow/.local/lib/python3.12/site-packages/airflow/example_dags/tutorial_objectstorage.py
[2025-02-17T06:14:16.171+0000] {processor.py:925} INFO - DAG(s) 'tutorial_objectstorage' retrieved from /home/airflow/.local/lib/python3.12/site-packages/airflow/example_dags/tutorial_objectstorage.py
[2025-02-17T06:14:16.199+0000] {logging_mixin.py:190} INFO - [2025-02-17T06:14:16.199+0000] {dag.py:3239} INFO - Sync 1 DAGs
[2025-02-17T06:14:16.219+0000] {logging_mixin.py:190} INFO - [2025-02-17T06:14:16.219+0000] {dag.py:4180} INFO - Setting next_dagrun for tutorial_objectstorage to None, run_after=None
[2025-02-17T06:14:16.249+0000] {processor.py:208} INFO - Processing /home/airflow/.local/lib/python3.12/site-packages/airflow/example_dags/tutorial_objectstorage.py took 0.106 seconds
[2025-02-17T06:14:46.707+0000] {processor.py:186} INFO - Started process (PID=3156) to work on /home/airflow/.local/lib/python3.12/site-packages/airflow/example_dags/tutorial_objectstorage.py
[2025-02-17T06:14:46.708+0000] {processor.py:914} INFO - Processing file /home/airflow/.local/lib/python3.12/site-packages/airflow/example_dags/tutorial_objectstorage.py for tasks to queue
[2025-02-17T06:14:46.710+0000] {logging_mixin.py:190} INFO - [2025-02-17T06:14:46.710+0000] {dagbag.py:588} INFO - Filling up the DagBag from /home/airflow/.local/lib/python3.12/site-packages/airflow/example_dags/tutorial_objectstorage.py
[2025-02-17T06:14:46.718+0000] {processor.py:925} INFO - DAG(s) 'tutorial_objectstorage' retrieved from /home/airflow/.local/lib/python3.12/site-packages/airflow/example_dags/tutorial_objectstorage.py
[2025-02-17T06:14:46.742+0000] {logging_mixin.py:190} INFO - [2025-02-17T06:14:46.742+0000] {dag.py:3239} INFO - Sync 1 DAGs
[2025-02-17T06:14:46.760+0000] {logging_mixin.py:190} INFO - [2025-02-17T06:14:46.759+0000] {dag.py:4180} INFO - Setting next_dagrun for tutorial_objectstorage to None, run_after=None
[2025-02-17T06:14:46.788+0000] {processor.py:208} INFO - Processing /home/airflow/.local/lib/python3.12/site-packages/airflow/example_dags/tutorial_objectstorage.py took 0.086 seconds
[2025-02-17T06:15:17.112+0000] {processor.py:186} INFO - Started process (PID=3234) to work on /home/airflow/.local/lib/python3.12/site-packages/airflow/example_dags/tutorial_objectstorage.py
[2025-02-17T06:15:17.113+0000] {processor.py:914} INFO - Processing file /home/airflow/.local/lib/python3.12/site-packages/airflow/example_dags/tutorial_objectstorage.py for tasks to queue
[2025-02-17T06:15:17.117+0000] {logging_mixin.py:190} INFO - [2025-02-17T06:15:17.116+0000] {dagbag.py:588} INFO - Filling up the DagBag from /home/airflow/.local/lib/python3.12/site-packages/airflow/example_dags/tutorial_objectstorage.py
[2025-02-17T06:15:17.128+0000] {processor.py:925} INFO - DAG(s) 'tutorial_objectstorage' retrieved from /home/airflow/.local/lib/python3.12/site-packages/airflow/example_dags/tutorial_objectstorage.py
[2025-02-17T06:15:17.151+0000] {logging_mixin.py:190} INFO - [2025-02-17T06:15:17.150+0000] {dag.py:3239} INFO - Sync 1 DAGs
[2025-02-17T06:15:17.167+0000] {logging_mixin.py:190} INFO - [2025-02-17T06:15:17.167+0000] {dag.py:4180} INFO - Setting next_dagrun for tutorial_objectstorage to None, run_after=None
[2025-02-17T06:15:17.213+0000] {processor.py:208} INFO - Processing /home/airflow/.local/lib/python3.12/site-packages/airflow/example_dags/tutorial_objectstorage.py took 0.108 seconds
[2025-02-17T06:15:47.861+0000] {processor.py:186} INFO - Started process (PID=3312) to work on /home/airflow/.local/lib/python3.12/site-packages/airflow/example_dags/tutorial_objectstorage.py
[2025-02-17T06:15:47.863+0000] {processor.py:914} INFO - Processing file /home/airflow/.local/lib/python3.12/site-packages/airflow/example_dags/tutorial_objectstorage.py for tasks to queue
[2025-02-17T06:15:47.868+0000] {logging_mixin.py:190} INFO - [2025-02-17T06:15:47.867+0000] {dagbag.py:588} INFO - Filling up the DagBag from /home/airflow/.local/lib/python3.12/site-packages/airflow/example_dags/tutorial_objectstorage.py
[2025-02-17T06:15:47.882+0000] {processor.py:925} INFO - DAG(s) 'tutorial_objectstorage' retrieved from /home/airflow/.local/lib/python3.12/site-packages/airflow/example_dags/tutorial_objectstorage.py
[2025-02-17T06:15:47.910+0000] {logging_mixin.py:190} INFO - [2025-02-17T06:15:47.910+0000] {dag.py:3239} INFO - Sync 1 DAGs
[2025-02-17T06:15:47.931+0000] {logging_mixin.py:190} INFO - [2025-02-17T06:15:47.930+0000] {dag.py:4180} INFO - Setting next_dagrun for tutorial_objectstorage to None, run_after=None
[2025-02-17T06:15:47.958+0000] {processor.py:208} INFO - Processing /home/airflow/.local/lib/python3.12/site-packages/airflow/example_dags/tutorial_objectstorage.py took 0.105 seconds
[2025-02-17T06:16:18.598+0000] {processor.py:186} INFO - Started process (PID=3390) to work on /home/airflow/.local/lib/python3.12/site-packages/airflow/example_dags/tutorial_objectstorage.py
[2025-02-17T06:16:18.600+0000] {processor.py:914} INFO - Processing file /home/airflow/.local/lib/python3.12/site-packages/airflow/example_dags/tutorial_objectstorage.py for tasks to queue
[2025-02-17T06:16:18.604+0000] {logging_mixin.py:190} INFO - [2025-02-17T06:16:18.604+0000] {dagbag.py:588} INFO - Filling up the DagBag from /home/airflow/.local/lib/python3.12/site-packages/airflow/example_dags/tutorial_objectstorage.py
[2025-02-17T06:16:18.621+0000] {processor.py:925} INFO - DAG(s) 'tutorial_objectstorage' retrieved from /home/airflow/.local/lib/python3.12/site-packages/airflow/example_dags/tutorial_objectstorage.py
[2025-02-17T06:16:18.660+0000] {logging_mixin.py:190} INFO - [2025-02-17T06:16:18.660+0000] {dag.py:3239} INFO - Sync 1 DAGs
[2025-02-17T06:16:18.680+0000] {logging_mixin.py:190} INFO - [2025-02-17T06:16:18.679+0000] {dag.py:4180} INFO - Setting next_dagrun for tutorial_objectstorage to None, run_after=None
[2025-02-17T06:16:18.712+0000] {processor.py:208} INFO - Processing /home/airflow/.local/lib/python3.12/site-packages/airflow/example_dags/tutorial_objectstorage.py took 0.124 seconds
[2025-02-17T06:16:48.938+0000] {processor.py:186} INFO - Started process (PID=3474) to work on /home/airflow/.local/lib/python3.12/site-packages/airflow/example_dags/tutorial_objectstorage.py
[2025-02-17T06:16:48.940+0000] {processor.py:914} INFO - Processing file /home/airflow/.local/lib/python3.12/site-packages/airflow/example_dags/tutorial_objectstorage.py for tasks to queue
[2025-02-17T06:16:48.943+0000] {logging_mixin.py:190} INFO - [2025-02-17T06:16:48.943+0000] {dagbag.py:588} INFO - Filling up the DagBag from /home/airflow/.local/lib/python3.12/site-packages/airflow/example_dags/tutorial_objectstorage.py
[2025-02-17T06:16:48.951+0000] {processor.py:925} INFO - DAG(s) 'tutorial_objectstorage' retrieved from /home/airflow/.local/lib/python3.12/site-packages/airflow/example_dags/tutorial_objectstorage.py
[2025-02-17T06:16:48.974+0000] {logging_mixin.py:190} INFO - [2025-02-17T06:16:48.974+0000] {dag.py:3239} INFO - Sync 1 DAGs
[2025-02-17T06:16:48.991+0000] {logging_mixin.py:190} INFO - [2025-02-17T06:16:48.990+0000] {dag.py:4180} INFO - Setting next_dagrun for tutorial_objectstorage to None, run_after=None
[2025-02-17T06:16:49.025+0000] {processor.py:208} INFO - Processing /home/airflow/.local/lib/python3.12/site-packages/airflow/example_dags/tutorial_objectstorage.py took 0.094 seconds
[2025-02-17T06:17:19.160+0000] {processor.py:186} INFO - Started process (PID=3552) to work on /home/airflow/.local/lib/python3.12/site-packages/airflow/example_dags/tutorial_objectstorage.py
[2025-02-17T06:17:19.161+0000] {processor.py:914} INFO - Processing file /home/airflow/.local/lib/python3.12/site-packages/airflow/example_dags/tutorial_objectstorage.py for tasks to queue
[2025-02-17T06:17:19.165+0000] {logging_mixin.py:190} INFO - [2025-02-17T06:17:19.164+0000] {dagbag.py:588} INFO - Filling up the DagBag from /home/airflow/.local/lib/python3.12/site-packages/airflow/example_dags/tutorial_objectstorage.py
[2025-02-17T06:17:19.174+0000] {processor.py:925} INFO - DAG(s) 'tutorial_objectstorage' retrieved from /home/airflow/.local/lib/python3.12/site-packages/airflow/example_dags/tutorial_objectstorage.py
[2025-02-17T06:17:19.193+0000] {logging_mixin.py:190} INFO - [2025-02-17T06:17:19.193+0000] {dag.py:3239} INFO - Sync 1 DAGs
[2025-02-17T06:17:19.209+0000] {logging_mixin.py:190} INFO - [2025-02-17T06:17:19.209+0000] {dag.py:4180} INFO - Setting next_dagrun for tutorial_objectstorage to None, run_after=None
[2025-02-17T06:17:19.231+0000] {processor.py:208} INFO - Processing /home/airflow/.local/lib/python3.12/site-packages/airflow/example_dags/tutorial_objectstorage.py took 0.079 seconds
[2025-02-17T06:17:49.543+0000] {processor.py:186} INFO - Started process (PID=3630) to work on /home/airflow/.local/lib/python3.12/site-packages/airflow/example_dags/tutorial_objectstorage.py
[2025-02-17T06:17:49.545+0000] {processor.py:914} INFO - Processing file /home/airflow/.local/lib/python3.12/site-packages/airflow/example_dags/tutorial_objectstorage.py for tasks to queue
[2025-02-17T06:17:49.547+0000] {logging_mixin.py:190} INFO - [2025-02-17T06:17:49.547+0000] {dagbag.py:588} INFO - Filling up the DagBag from /home/airflow/.local/lib/python3.12/site-packages/airflow/example_dags/tutorial_objectstorage.py
[2025-02-17T06:17:49.555+0000] {processor.py:925} INFO - DAG(s) 'tutorial_objectstorage' retrieved from /home/airflow/.local/lib/python3.12/site-packages/airflow/example_dags/tutorial_objectstorage.py
[2025-02-17T06:17:49.574+0000] {logging_mixin.py:190} INFO - [2025-02-17T06:17:49.573+0000] {dag.py:3239} INFO - Sync 1 DAGs
[2025-02-17T06:17:49.585+0000] {logging_mixin.py:190} INFO - [2025-02-17T06:17:49.585+0000] {dag.py:4180} INFO - Setting next_dagrun for tutorial_objectstorage to None, run_after=None
[2025-02-17T06:17:49.601+0000] {processor.py:208} INFO - Processing /home/airflow/.local/lib/python3.12/site-packages/airflow/example_dags/tutorial_objectstorage.py took 0.063 seconds
[2025-02-17T06:18:20.280+0000] {processor.py:186} INFO - Started process (PID=3708) to work on /home/airflow/.local/lib/python3.12/site-packages/airflow/example_dags/tutorial_objectstorage.py
[2025-02-17T06:18:20.282+0000] {processor.py:914} INFO - Processing file /home/airflow/.local/lib/python3.12/site-packages/airflow/example_dags/tutorial_objectstorage.py for tasks to queue
[2025-02-17T06:18:20.286+0000] {logging_mixin.py:190} INFO - [2025-02-17T06:18:20.285+0000] {dagbag.py:588} INFO - Filling up the DagBag from /home/airflow/.local/lib/python3.12/site-packages/airflow/example_dags/tutorial_objectstorage.py
[2025-02-17T06:18:20.296+0000] {processor.py:925} INFO - DAG(s) 'tutorial_objectstorage' retrieved from /home/airflow/.local/lib/python3.12/site-packages/airflow/example_dags/tutorial_objectstorage.py
[2025-02-17T06:18:20.324+0000] {logging_mixin.py:190} INFO - [2025-02-17T06:18:20.324+0000] {dag.py:3239} INFO - Sync 1 DAGs
[2025-02-17T06:18:20.341+0000] {logging_mixin.py:190} INFO - [2025-02-17T06:18:20.341+0000] {dag.py:4180} INFO - Setting next_dagrun for tutorial_objectstorage to None, run_after=None
[2025-02-17T06:18:20.366+0000] {processor.py:208} INFO - Processing /home/airflow/.local/lib/python3.12/site-packages/airflow/example_dags/tutorial_objectstorage.py took 0.092 seconds
[2025-02-17T06:18:51.097+0000] {processor.py:186} INFO - Started process (PID=3786) to work on /home/airflow/.local/lib/python3.12/site-packages/airflow/example_dags/tutorial_objectstorage.py
[2025-02-17T06:18:51.099+0000] {processor.py:914} INFO - Processing file /home/airflow/.local/lib/python3.12/site-packages/airflow/example_dags/tutorial_objectstorage.py for tasks to queue
[2025-02-17T06:18:51.102+0000] {logging_mixin.py:190} INFO - [2025-02-17T06:18:51.101+0000] {dagbag.py:588} INFO - Filling up the DagBag from /home/airflow/.local/lib/python3.12/site-packages/airflow/example_dags/tutorial_objectstorage.py
[2025-02-17T06:18:51.113+0000] {processor.py:925} INFO - DAG(s) 'tutorial_objectstorage' retrieved from /home/airflow/.local/lib/python3.12/site-packages/airflow/example_dags/tutorial_objectstorage.py
[2025-02-17T06:18:51.137+0000] {logging_mixin.py:190} INFO - [2025-02-17T06:18:51.137+0000] {dag.py:3239} INFO - Sync 1 DAGs
[2025-02-17T06:18:51.150+0000] {logging_mixin.py:190} INFO - [2025-02-17T06:18:51.150+0000] {dag.py:4180} INFO - Setting next_dagrun for tutorial_objectstorage to None, run_after=None
[2025-02-17T06:18:51.170+0000] {processor.py:208} INFO - Processing /home/airflow/.local/lib/python3.12/site-packages/airflow/example_dags/tutorial_objectstorage.py took 0.079 seconds
[2025-02-17T06:19:21.304+0000] {processor.py:186} INFO - Started process (PID=3864) to work on /home/airflow/.local/lib/python3.12/site-packages/airflow/example_dags/tutorial_objectstorage.py
[2025-02-17T06:19:21.306+0000] {processor.py:914} INFO - Processing file /home/airflow/.local/lib/python3.12/site-packages/airflow/example_dags/tutorial_objectstorage.py for tasks to queue
[2025-02-17T06:19:21.308+0000] {logging_mixin.py:190} INFO - [2025-02-17T06:19:21.308+0000] {dagbag.py:588} INFO - Filling up the DagBag from /home/airflow/.local/lib/python3.12/site-packages/airflow/example_dags/tutorial_objectstorage.py
[2025-02-17T06:19:21.318+0000] {processor.py:925} INFO - DAG(s) 'tutorial_objectstorage' retrieved from /home/airflow/.local/lib/python3.12/site-packages/airflow/example_dags/tutorial_objectstorage.py
[2025-02-17T06:19:21.337+0000] {logging_mixin.py:190} INFO - [2025-02-17T06:19:21.337+0000] {dag.py:3239} INFO - Sync 1 DAGs
[2025-02-17T06:19:21.350+0000] {logging_mixin.py:190} INFO - [2025-02-17T06:19:21.350+0000] {dag.py:4180} INFO - Setting next_dagrun for tutorial_objectstorage to None, run_after=None
[2025-02-17T06:19:21.369+0000] {processor.py:208} INFO - Processing /home/airflow/.local/lib/python3.12/site-packages/airflow/example_dags/tutorial_objectstorage.py took 0.071 seconds
[2025-02-17T06:19:51.664+0000] {processor.py:186} INFO - Started process (PID=3942) to work on /home/airflow/.local/lib/python3.12/site-packages/airflow/example_dags/tutorial_objectstorage.py
[2025-02-17T06:19:51.665+0000] {processor.py:914} INFO - Processing file /home/airflow/.local/lib/python3.12/site-packages/airflow/example_dags/tutorial_objectstorage.py for tasks to queue
[2025-02-17T06:19:51.668+0000] {logging_mixin.py:190} INFO - [2025-02-17T06:19:51.667+0000] {dagbag.py:588} INFO - Filling up the DagBag from /home/airflow/.local/lib/python3.12/site-packages/airflow/example_dags/tutorial_objectstorage.py
[2025-02-17T06:19:51.680+0000] {processor.py:925} INFO - DAG(s) 'tutorial_objectstorage' retrieved from /home/airflow/.local/lib/python3.12/site-packages/airflow/example_dags/tutorial_objectstorage.py
[2025-02-17T06:19:51.702+0000] {logging_mixin.py:190} INFO - [2025-02-17T06:19:51.702+0000] {dag.py:3239} INFO - Sync 1 DAGs
[2025-02-17T06:19:51.717+0000] {logging_mixin.py:190} INFO - [2025-02-17T06:19:51.716+0000] {dag.py:4180} INFO - Setting next_dagrun for tutorial_objectstorage to None, run_after=None
[2025-02-17T06:19:51.736+0000] {processor.py:208} INFO - Processing /home/airflow/.local/lib/python3.12/site-packages/airflow/example_dags/tutorial_objectstorage.py took 0.078 seconds
[2025-02-17T06:20:22.516+0000] {processor.py:186} INFO - Started process (PID=4020) to work on /home/airflow/.local/lib/python3.12/site-packages/airflow/example_dags/tutorial_objectstorage.py
[2025-02-17T06:20:22.518+0000] {processor.py:914} INFO - Processing file /home/airflow/.local/lib/python3.12/site-packages/airflow/example_dags/tutorial_objectstorage.py for tasks to queue
[2025-02-17T06:20:22.521+0000] {logging_mixin.py:190} INFO - [2025-02-17T06:20:22.520+0000] {dagbag.py:588} INFO - Filling up the DagBag from /home/airflow/.local/lib/python3.12/site-packages/airflow/example_dags/tutorial_objectstorage.py
[2025-02-17T06:20:22.535+0000] {processor.py:925} INFO - DAG(s) 'tutorial_objectstorage' retrieved from /home/airflow/.local/lib/python3.12/site-packages/airflow/example_dags/tutorial_objectstorage.py
[2025-02-17T06:20:22.563+0000] {logging_mixin.py:190} INFO - [2025-02-17T06:20:22.563+0000] {dag.py:3239} INFO - Sync 1 DAGs
[2025-02-17T06:20:22.582+0000] {logging_mixin.py:190} INFO - [2025-02-17T06:20:22.581+0000] {dag.py:4180} INFO - Setting next_dagrun for tutorial_objectstorage to None, run_after=None
[2025-02-17T06:20:22.606+0000] {processor.py:208} INFO - Processing /home/airflow/.local/lib/python3.12/site-packages/airflow/example_dags/tutorial_objectstorage.py took 0.097 seconds
[2025-02-17T06:20:53.462+0000] {processor.py:186} INFO - Started process (PID=4098) to work on /home/airflow/.local/lib/python3.12/site-packages/airflow/example_dags/tutorial_objectstorage.py
[2025-02-17T06:20:53.464+0000] {processor.py:914} INFO - Processing file /home/airflow/.local/lib/python3.12/site-packages/airflow/example_dags/tutorial_objectstorage.py for tasks to queue
[2025-02-17T06:20:53.466+0000] {logging_mixin.py:190} INFO - [2025-02-17T06:20:53.466+0000] {dagbag.py:588} INFO - Filling up the DagBag from /home/airflow/.local/lib/python3.12/site-packages/airflow/example_dags/tutorial_objectstorage.py
[2025-02-17T06:20:53.475+0000] {processor.py:925} INFO - DAG(s) 'tutorial_objectstorage' retrieved from /home/airflow/.local/lib/python3.12/site-packages/airflow/example_dags/tutorial_objectstorage.py
[2025-02-17T06:20:53.496+0000] {logging_mixin.py:190} INFO - [2025-02-17T06:20:53.496+0000] {dag.py:3239} INFO - Sync 1 DAGs
[2025-02-17T06:20:53.510+0000] {logging_mixin.py:190} INFO - [2025-02-17T06:20:53.510+0000] {dag.py:4180} INFO - Setting next_dagrun for tutorial_objectstorage to None, run_after=None
[2025-02-17T06:20:53.529+0000] {processor.py:208} INFO - Processing /home/airflow/.local/lib/python3.12/site-packages/airflow/example_dags/tutorial_objectstorage.py took 0.073 seconds
[2025-02-17T06:21:23.918+0000] {processor.py:186} INFO - Started process (PID=4176) to work on /home/airflow/.local/lib/python3.12/site-packages/airflow/example_dags/tutorial_objectstorage.py
[2025-02-17T06:21:23.920+0000] {processor.py:914} INFO - Processing file /home/airflow/.local/lib/python3.12/site-packages/airflow/example_dags/tutorial_objectstorage.py for tasks to queue
[2025-02-17T06:21:23.922+0000] {logging_mixin.py:190} INFO - [2025-02-17T06:21:23.922+0000] {dagbag.py:588} INFO - Filling up the DagBag from /home/airflow/.local/lib/python3.12/site-packages/airflow/example_dags/tutorial_objectstorage.py
[2025-02-17T06:21:23.931+0000] {processor.py:925} INFO - DAG(s) 'tutorial_objectstorage' retrieved from /home/airflow/.local/lib/python3.12/site-packages/airflow/example_dags/tutorial_objectstorage.py
[2025-02-17T06:21:23.953+0000] {logging_mixin.py:190} INFO - [2025-02-17T06:21:23.952+0000] {dag.py:3239} INFO - Sync 1 DAGs
[2025-02-17T06:21:23.967+0000] {logging_mixin.py:190} INFO - [2025-02-17T06:21:23.967+0000] {dag.py:4180} INFO - Setting next_dagrun for tutorial_objectstorage to None, run_after=None
[2025-02-17T06:21:23.986+0000] {processor.py:208} INFO - Processing /home/airflow/.local/lib/python3.12/site-packages/airflow/example_dags/tutorial_objectstorage.py took 0.074 seconds
[2025-02-17T06:21:54.138+0000] {processor.py:186} INFO - Started process (PID=4254) to work on /home/airflow/.local/lib/python3.12/site-packages/airflow/example_dags/tutorial_objectstorage.py
[2025-02-17T06:21:54.139+0000] {processor.py:914} INFO - Processing file /home/airflow/.local/lib/python3.12/site-packages/airflow/example_dags/tutorial_objectstorage.py for tasks to queue
[2025-02-17T06:21:54.142+0000] {logging_mixin.py:190} INFO - [2025-02-17T06:21:54.141+0000] {dagbag.py:588} INFO - Filling up the DagBag from /home/airflow/.local/lib/python3.12/site-packages/airflow/example_dags/tutorial_objectstorage.py
[2025-02-17T06:21:54.151+0000] {processor.py:925} INFO - DAG(s) 'tutorial_objectstorage' retrieved from /home/airflow/.local/lib/python3.12/site-packages/airflow/example_dags/tutorial_objectstorage.py
[2025-02-17T06:21:54.169+0000] {logging_mixin.py:190} INFO - [2025-02-17T06:21:54.169+0000] {dag.py:3239} INFO - Sync 1 DAGs
[2025-02-17T06:21:54.183+0000] {logging_mixin.py:190} INFO - [2025-02-17T06:21:54.182+0000] {dag.py:4180} INFO - Setting next_dagrun for tutorial_objectstorage to None, run_after=None
[2025-02-17T06:21:54.201+0000] {processor.py:208} INFO - Processing /home/airflow/.local/lib/python3.12/site-packages/airflow/example_dags/tutorial_objectstorage.py took 0.069 seconds
[2025-02-17T06:22:24.440+0000] {processor.py:186} INFO - Started process (PID=4332) to work on /home/airflow/.local/lib/python3.12/site-packages/airflow/example_dags/tutorial_objectstorage.py
[2025-02-17T06:22:24.441+0000] {processor.py:914} INFO - Processing file /home/airflow/.local/lib/python3.12/site-packages/airflow/example_dags/tutorial_objectstorage.py for tasks to queue
[2025-02-17T06:22:24.445+0000] {logging_mixin.py:190} INFO - [2025-02-17T06:22:24.444+0000] {dagbag.py:588} INFO - Filling up the DagBag from /home/airflow/.local/lib/python3.12/site-packages/airflow/example_dags/tutorial_objectstorage.py
[2025-02-17T06:22:24.453+0000] {processor.py:925} INFO - DAG(s) 'tutorial_objectstorage' retrieved from /home/airflow/.local/lib/python3.12/site-packages/airflow/example_dags/tutorial_objectstorage.py
[2025-02-17T06:22:24.473+0000] {logging_mixin.py:190} INFO - [2025-02-17T06:22:24.473+0000] {dag.py:3239} INFO - Sync 1 DAGs
[2025-02-17T06:22:24.487+0000] {logging_mixin.py:190} INFO - [2025-02-17T06:22:24.487+0000] {dag.py:4180} INFO - Setting next_dagrun for tutorial_objectstorage to None, run_after=None
[2025-02-17T06:22:24.507+0000] {processor.py:208} INFO - Processing /home/airflow/.local/lib/python3.12/site-packages/airflow/example_dags/tutorial_objectstorage.py took 0.072 seconds
[2025-02-17T06:22:54.959+0000] {processor.py:186} INFO - Started process (PID=4410) to work on /home/airflow/.local/lib/python3.12/site-packages/airflow/example_dags/tutorial_objectstorage.py
[2025-02-17T06:22:54.960+0000] {processor.py:914} INFO - Processing file /home/airflow/.local/lib/python3.12/site-packages/airflow/example_dags/tutorial_objectstorage.py for tasks to queue
[2025-02-17T06:22:54.963+0000] {logging_mixin.py:190} INFO - [2025-02-17T06:22:54.962+0000] {dagbag.py:588} INFO - Filling up the DagBag from /home/airflow/.local/lib/python3.12/site-packages/airflow/example_dags/tutorial_objectstorage.py
[2025-02-17T06:22:54.972+0000] {processor.py:925} INFO - DAG(s) 'tutorial_objectstorage' retrieved from /home/airflow/.local/lib/python3.12/site-packages/airflow/example_dags/tutorial_objectstorage.py
[2025-02-17T06:22:54.992+0000] {logging_mixin.py:190} INFO - [2025-02-17T06:22:54.992+0000] {dag.py:3239} INFO - Sync 1 DAGs
[2025-02-17T06:22:55.008+0000] {logging_mixin.py:190} INFO - [2025-02-17T06:22:55.008+0000] {dag.py:4180} INFO - Setting next_dagrun for tutorial_objectstorage to None, run_after=None
[2025-02-17T06:22:55.029+0000] {processor.py:208} INFO - Processing /home/airflow/.local/lib/python3.12/site-packages/airflow/example_dags/tutorial_objectstorage.py took 0.076 seconds
[2025-02-17T06:23:25.544+0000] {processor.py:186} INFO - Started process (PID=4488) to work on /home/airflow/.local/lib/python3.12/site-packages/airflow/example_dags/tutorial_objectstorage.py
[2025-02-17T06:23:25.545+0000] {processor.py:914} INFO - Processing file /home/airflow/.local/lib/python3.12/site-packages/airflow/example_dags/tutorial_objectstorage.py for tasks to queue
[2025-02-17T06:23:25.549+0000] {logging_mixin.py:190} INFO - [2025-02-17T06:23:25.548+0000] {dagbag.py:588} INFO - Filling up the DagBag from /home/airflow/.local/lib/python3.12/site-packages/airflow/example_dags/tutorial_objectstorage.py
[2025-02-17T06:23:25.559+0000] {processor.py:925} INFO - DAG(s) 'tutorial_objectstorage' retrieved from /home/airflow/.local/lib/python3.12/site-packages/airflow/example_dags/tutorial_objectstorage.py
[2025-02-17T06:23:25.582+0000] {logging_mixin.py:190} INFO - [2025-02-17T06:23:25.582+0000] {dag.py:3239} INFO - Sync 1 DAGs
[2025-02-17T06:23:25.598+0000] {logging_mixin.py:190} INFO - [2025-02-17T06:23:25.597+0000] {dag.py:4180} INFO - Setting next_dagrun for tutorial_objectstorage to None, run_after=None
[2025-02-17T06:23:25.622+0000] {processor.py:208} INFO - Processing /home/airflow/.local/lib/python3.12/site-packages/airflow/example_dags/tutorial_objectstorage.py took 0.086 seconds
[2025-02-17T12:17:21.004+0000] {processor.py:186} INFO - Started process (PID=4564) to work on /home/airflow/.local/lib/python3.12/site-packages/airflow/example_dags/tutorial_objectstorage.py
[2025-02-17T12:17:21.006+0000] {processor.py:914} INFO - Processing file /home/airflow/.local/lib/python3.12/site-packages/airflow/example_dags/tutorial_objectstorage.py for tasks to queue
[2025-02-17T12:17:21.011+0000] {logging_mixin.py:190} INFO - [2025-02-17T12:17:21.011+0000] {dagbag.py:588} INFO - Filling up the DagBag from /home/airflow/.local/lib/python3.12/site-packages/airflow/example_dags/tutorial_objectstorage.py
[2025-02-17T12:17:21.028+0000] {processor.py:925} INFO - DAG(s) 'tutorial_objectstorage' retrieved from /home/airflow/.local/lib/python3.12/site-packages/airflow/example_dags/tutorial_objectstorage.py
[2025-02-17T12:17:21.072+0000] {logging_mixin.py:190} INFO - [2025-02-17T12:17:21.071+0000] {dag.py:3239} INFO - Sync 1 DAGs
[2025-02-17T12:17:21.111+0000] {logging_mixin.py:190} INFO - [2025-02-17T12:17:21.110+0000] {dag.py:4180} INFO - Setting next_dagrun for tutorial_objectstorage to None, run_after=None
[2025-02-17T12:17:21.161+0000] {processor.py:208} INFO - Processing /home/airflow/.local/lib/python3.12/site-packages/airflow/example_dags/tutorial_objectstorage.py took 0.170 seconds
[2025-02-17T12:17:52.124+0000] {processor.py:186} INFO - Started process (PID=4645) to work on /home/airflow/.local/lib/python3.12/site-packages/airflow/example_dags/tutorial_objectstorage.py
[2025-02-17T12:17:52.125+0000] {processor.py:914} INFO - Processing file /home/airflow/.local/lib/python3.12/site-packages/airflow/example_dags/tutorial_objectstorage.py for tasks to queue
[2025-02-17T12:17:52.129+0000] {logging_mixin.py:190} INFO - [2025-02-17T12:17:52.129+0000] {dagbag.py:588} INFO - Filling up the DagBag from /home/airflow/.local/lib/python3.12/site-packages/airflow/example_dags/tutorial_objectstorage.py
[2025-02-17T12:17:52.141+0000] {processor.py:925} INFO - DAG(s) 'tutorial_objectstorage' retrieved from /home/airflow/.local/lib/python3.12/site-packages/airflow/example_dags/tutorial_objectstorage.py
[2025-02-17T12:17:52.169+0000] {logging_mixin.py:190} INFO - [2025-02-17T12:17:52.169+0000] {dag.py:3239} INFO - Sync 1 DAGs
[2025-02-17T12:17:52.196+0000] {logging_mixin.py:190} INFO - [2025-02-17T12:17:52.195+0000] {dag.py:4180} INFO - Setting next_dagrun for tutorial_objectstorage to None, run_after=None
[2025-02-17T12:17:52.232+0000] {processor.py:208} INFO - Processing /home/airflow/.local/lib/python3.12/site-packages/airflow/example_dags/tutorial_objectstorage.py took 0.116 seconds
[2025-02-17T12:18:24.737+0000] {processor.py:186} INFO - Started process (PID=4729) to work on /home/airflow/.local/lib/python3.12/site-packages/airflow/example_dags/tutorial_objectstorage.py
[2025-02-17T12:18:24.739+0000] {processor.py:914} INFO - Processing file /home/airflow/.local/lib/python3.12/site-packages/airflow/example_dags/tutorial_objectstorage.py for tasks to queue
[2025-02-17T12:18:24.744+0000] {logging_mixin.py:190} INFO - [2025-02-17T12:18:24.743+0000] {dagbag.py:588} INFO - Filling up the DagBag from /home/airflow/.local/lib/python3.12/site-packages/airflow/example_dags/tutorial_objectstorage.py
[2025-02-17T12:18:24.759+0000] {processor.py:925} INFO - DAG(s) 'tutorial_objectstorage' retrieved from /home/airflow/.local/lib/python3.12/site-packages/airflow/example_dags/tutorial_objectstorage.py
[2025-02-17T12:18:24.790+0000] {logging_mixin.py:190} INFO - [2025-02-17T12:18:24.790+0000] {dag.py:3239} INFO - Sync 1 DAGs
[2025-02-17T12:18:24.807+0000] {logging_mixin.py:190} INFO - [2025-02-17T12:18:24.807+0000] {dag.py:4180} INFO - Setting next_dagrun for tutorial_objectstorage to None, run_after=None
[2025-02-17T12:18:24.839+0000] {processor.py:208} INFO - Processing /home/airflow/.local/lib/python3.12/site-packages/airflow/example_dags/tutorial_objectstorage.py took 0.111 seconds
[2025-02-17T12:18:55.478+0000] {processor.py:186} INFO - Started process (PID=4807) to work on /home/airflow/.local/lib/python3.12/site-packages/airflow/example_dags/tutorial_objectstorage.py
[2025-02-17T12:18:55.480+0000] {processor.py:914} INFO - Processing file /home/airflow/.local/lib/python3.12/site-packages/airflow/example_dags/tutorial_objectstorage.py for tasks to queue
[2025-02-17T12:18:55.483+0000] {logging_mixin.py:190} INFO - [2025-02-17T12:18:55.483+0000] {dagbag.py:588} INFO - Filling up the DagBag from /home/airflow/.local/lib/python3.12/site-packages/airflow/example_dags/tutorial_objectstorage.py
[2025-02-17T12:18:55.494+0000] {processor.py:925} INFO - DAG(s) 'tutorial_objectstorage' retrieved from /home/airflow/.local/lib/python3.12/site-packages/airflow/example_dags/tutorial_objectstorage.py
[2025-02-17T12:18:55.518+0000] {logging_mixin.py:190} INFO - [2025-02-17T12:18:55.518+0000] {dag.py:3239} INFO - Sync 1 DAGs
[2025-02-17T12:18:55.537+0000] {logging_mixin.py:190} INFO - [2025-02-17T12:18:55.537+0000] {dag.py:4180} INFO - Setting next_dagrun for tutorial_objectstorage to None, run_after=None
[2025-02-17T12:18:55.562+0000] {processor.py:208} INFO - Processing /home/airflow/.local/lib/python3.12/site-packages/airflow/example_dags/tutorial_objectstorage.py took 0.091 seconds
[2025-02-17T12:19:27.746+0000] {processor.py:186} INFO - Started process (PID=4890) to work on /home/airflow/.local/lib/python3.12/site-packages/airflow/example_dags/tutorial_objectstorage.py
[2025-02-17T12:19:27.748+0000] {processor.py:914} INFO - Processing file /home/airflow/.local/lib/python3.12/site-packages/airflow/example_dags/tutorial_objectstorage.py for tasks to queue
[2025-02-17T12:19:27.752+0000] {logging_mixin.py:190} INFO - [2025-02-17T12:19:27.751+0000] {dagbag.py:588} INFO - Filling up the DagBag from /home/airflow/.local/lib/python3.12/site-packages/airflow/example_dags/tutorial_objectstorage.py
[2025-02-17T12:19:27.765+0000] {processor.py:925} INFO - DAG(s) 'tutorial_objectstorage' retrieved from /home/airflow/.local/lib/python3.12/site-packages/airflow/example_dags/tutorial_objectstorage.py
[2025-02-17T12:19:27.790+0000] {logging_mixin.py:190} INFO - [2025-02-17T12:19:27.789+0000] {dag.py:3239} INFO - Sync 1 DAGs
[2025-02-17T12:19:27.988+0000] {logging_mixin.py:190} INFO - [2025-02-17T12:19:27.988+0000] {dag.py:4180} INFO - Setting next_dagrun for tutorial_objectstorage to None, run_after=None
[2025-02-17T12:19:28.022+0000] {processor.py:208} INFO - Processing /home/airflow/.local/lib/python3.12/site-packages/airflow/example_dags/tutorial_objectstorage.py took 0.285 seconds
[2025-02-17T12:19:59.070+0000] {processor.py:186} INFO - Started process (PID=4969) to work on /home/airflow/.local/lib/python3.12/site-packages/airflow/example_dags/tutorial_objectstorage.py
[2025-02-17T12:19:59.071+0000] {processor.py:914} INFO - Processing file /home/airflow/.local/lib/python3.12/site-packages/airflow/example_dags/tutorial_objectstorage.py for tasks to queue
[2025-02-17T12:19:59.074+0000] {logging_mixin.py:190} INFO - [2025-02-17T12:19:59.074+0000] {dagbag.py:588} INFO - Filling up the DagBag from /home/airflow/.local/lib/python3.12/site-packages/airflow/example_dags/tutorial_objectstorage.py
[2025-02-17T12:19:59.085+0000] {processor.py:925} INFO - DAG(s) 'tutorial_objectstorage' retrieved from /home/airflow/.local/lib/python3.12/site-packages/airflow/example_dags/tutorial_objectstorage.py
[2025-02-17T12:19:59.109+0000] {logging_mixin.py:190} INFO - [2025-02-17T12:19:59.109+0000] {dag.py:3239} INFO - Sync 1 DAGs
[2025-02-17T12:19:59.131+0000] {logging_mixin.py:190} INFO - [2025-02-17T12:19:59.130+0000] {dag.py:4180} INFO - Setting next_dagrun for tutorial_objectstorage to None, run_after=None
[2025-02-17T12:19:59.320+0000] {processor.py:208} INFO - Processing /home/airflow/.local/lib/python3.12/site-packages/airflow/example_dags/tutorial_objectstorage.py took 0.256 seconds
