[2025-02-18T11:27:32.910+0000] {local_task_job_runner.py:123} INFO - ::group::Pre task execution logs
[2025-02-18T11:27:32.935+0000] {taskinstance.py:2614} INFO - Dependencies all met for dep_context=non-requeueable deps ti=<TaskInstance: google_news_scraper.save_article_data manual__2025-02-18T11:27:00.312934+00:00 [queued]>
[2025-02-18T11:27:32.948+0000] {taskinstance.py:2614} INFO - Dependencies all met for dep_context=requeueable deps ti=<TaskInstance: google_news_scraper.save_article_data manual__2025-02-18T11:27:00.312934+00:00 [queued]>
[2025-02-18T11:27:32.949+0000] {taskinstance.py:2867} INFO - Starting attempt 1 of 3
[2025-02-18T11:27:32.967+0000] {taskinstance.py:2890} INFO - Executing <Task(PythonOperator): save_article_data> on 2025-02-18 11:27:00.312934+00:00
[2025-02-18T11:27:32.980+0000] {warnings.py:112} WARNING - /home/***/.local/lib/python3.12/site-packages/***/task/task_runner/standard_task_runner.py:70: DeprecationWarning: This process (pid=2880) is multi-threaded, use of fork() may lead to deadlocks in the child.
  pid = os.fork()

[2025-02-18T11:27:32.982+0000] {standard_task_runner.py:104} INFO - Running: ['***', 'tasks', 'run', 'google_news_scraper', 'save_article_data', 'manual__2025-02-18T11:27:00.312934+00:00', '--job-id', '95', '--raw', '--subdir', 'DAGS_FOLDER/dag2.py', '--cfg-path', '/tmp/tmp3ggr9qlf']
[2025-02-18T11:27:32.984+0000] {standard_task_runner.py:72} INFO - Started process 2894 to run task
[2025-02-18T11:27:32.984+0000] {standard_task_runner.py:105} INFO - Job 95: Subtask save_article_data
[2025-02-18T11:27:33.050+0000] {task_command.py:467} INFO - Running <TaskInstance: google_news_scraper.save_article_data manual__2025-02-18T11:27:00.312934+00:00 [running]> on host 9546a27fb76d
[2025-02-18T11:27:33.168+0000] {taskinstance.py:3134} INFO - Exporting env vars: AIRFLOW_CTX_DAG_OWNER='***' AIRFLOW_CTX_DAG_ID='google_news_scraper' AIRFLOW_CTX_TASK_ID='save_article_data' AIRFLOW_CTX_EXECUTION_DATE='2025-02-18T11:27:00.312934+00:00' AIRFLOW_CTX_TRY_NUMBER='1' AIRFLOW_CTX_DAG_RUN_ID='manual__2025-02-18T11:27:00.312934+00:00'
[2025-02-18T11:27:33.170+0000] {logging_mixin.py:190} INFO - Task instance is in running state
[2025-02-18T11:27:33.171+0000] {logging_mixin.py:190} INFO -  Previous state of the Task instance: queued
[2025-02-18T11:27:33.172+0000] {logging_mixin.py:190} INFO - Current task name:save_article_data state:running start_date:2025-02-18 11:27:32.936187+00:00
[2025-02-18T11:27:33.173+0000] {logging_mixin.py:190} INFO - Dag name:google_news_scraper and current dag run status:running
[2025-02-18T11:27:33.174+0000] {taskinstance.py:732} INFO - ::endgroup::
[2025-02-18T11:27:33.197+0000] {dag2.py:43} WARNING - No articles to save.
[2025-02-18T11:27:33.198+0000] {python.py:240} INFO - Done. Returned value was: None
[2025-02-18T11:27:33.213+0000] {taskinstance.py:341} INFO - ::group::Post task execution logs
[2025-02-18T11:27:33.214+0000] {taskinstance.py:353} INFO - Marking task as SUCCESS. dag_id=google_news_scraper, task_id=save_article_data, run_id=manual__2025-02-18T11:27:00.312934+00:00, execution_date=20250218T112700, start_date=20250218T112732, end_date=20250218T112733
[2025-02-18T11:27:33.244+0000] {logging_mixin.py:190} INFO - Task instance in success state
[2025-02-18T11:27:33.245+0000] {logging_mixin.py:190} INFO -  Previous state of the Task instance: running
[2025-02-18T11:27:33.246+0000] {logging_mixin.py:190} INFO - Dag name:google_news_scraper queued_at:2025-02-18 11:27:00.332851+00:00
[2025-02-18T11:27:33.247+0000] {logging_mixin.py:190} INFO - Task hostname:9546a27fb76d operator:PythonOperator
[2025-02-18T11:27:33.287+0000] {local_task_job_runner.py:266} INFO - Task exited with return code 0
[2025-02-18T11:27:33.308+0000] {taskinstance.py:3901} INFO - 0 downstream tasks scheduled from follow-on schedule check
[2025-02-18T11:27:33.311+0000] {local_task_job_runner.py:245} INFO - ::endgroup::
