[2025-02-18T11:25:08.823+0000] {local_task_job_runner.py:123} INFO - ::group::Pre task execution logs
[2025-02-18T11:25:08.848+0000] {taskinstance.py:2614} INFO - Dependencies all met for dep_context=non-requeueable deps ti=<TaskInstance: google_news_scraper.save_article_data manual__2025-02-18T11:24:33.970964+00:00 [queued]>
[2025-02-18T11:25:08.862+0000] {taskinstance.py:2614} INFO - Dependencies all met for dep_context=requeueable deps ti=<TaskInstance: google_news_scraper.save_article_data manual__2025-02-18T11:24:33.970964+00:00 [queued]>
[2025-02-18T11:25:08.863+0000] {taskinstance.py:2867} INFO - Starting attempt 1 of 3
[2025-02-18T11:25:08.881+0000] {taskinstance.py:2890} INFO - Executing <Task(PythonOperator): save_article_data> on 2025-02-18 11:24:33.970964+00:00
[2025-02-18T11:25:08.894+0000] {warnings.py:112} WARNING - /home/***/.local/lib/python3.12/site-packages/***/task/task_runner/standard_task_runner.py:70: DeprecationWarning: This process (pid=2533) is multi-threaded, use of fork() may lead to deadlocks in the child.
  pid = os.fork()

[2025-02-18T11:25:08.895+0000] {standard_task_runner.py:104} INFO - Running: ['***', 'tasks', 'run', 'google_news_scraper', 'save_article_data', 'manual__2025-02-18T11:24:33.970964+00:00', '--job-id', '91', '--raw', '--subdir', 'DAGS_FOLDER/dag2.py', '--cfg-path', '/tmp/tmpir8cm6jm']
[2025-02-18T11:25:08.897+0000] {standard_task_runner.py:72} INFO - Started process 2547 to run task
[2025-02-18T11:25:08.897+0000] {standard_task_runner.py:105} INFO - Job 91: Subtask save_article_data
[2025-02-18T11:25:08.956+0000] {task_command.py:467} INFO - Running <TaskInstance: google_news_scraper.save_article_data manual__2025-02-18T11:24:33.970964+00:00 [running]> on host 9546a27fb76d
[2025-02-18T11:25:09.058+0000] {taskinstance.py:3134} INFO - Exporting env vars: AIRFLOW_CTX_DAG_OWNER='***' AIRFLOW_CTX_DAG_ID='google_news_scraper' AIRFLOW_CTX_TASK_ID='save_article_data' AIRFLOW_CTX_EXECUTION_DATE='2025-02-18T11:24:33.970964+00:00' AIRFLOW_CTX_TRY_NUMBER='1' AIRFLOW_CTX_DAG_RUN_ID='manual__2025-02-18T11:24:33.970964+00:00'
[2025-02-18T11:25:09.060+0000] {logging_mixin.py:190} INFO - Task instance is in running state
[2025-02-18T11:25:09.061+0000] {logging_mixin.py:190} INFO -  Previous state of the Task instance: queued
[2025-02-18T11:25:09.062+0000] {logging_mixin.py:190} INFO - Current task name:save_article_data state:running start_date:2025-02-18 11:25:08.849961+00:00
[2025-02-18T11:25:09.062+0000] {logging_mixin.py:190} INFO - Dag name:google_news_scraper and current dag run status:running
[2025-02-18T11:25:09.063+0000] {taskinstance.py:732} INFO - ::endgroup::
[2025-02-18T11:25:09.081+0000] {python.py:240} INFO - Done. Returned value was: None
[2025-02-18T11:25:09.091+0000] {taskinstance.py:341} INFO - ::group::Post task execution logs
[2025-02-18T11:25:09.092+0000] {taskinstance.py:353} INFO - Marking task as SUCCESS. dag_id=google_news_scraper, task_id=save_article_data, run_id=manual__2025-02-18T11:24:33.970964+00:00, execution_date=20250218T112433, start_date=20250218T112508, end_date=20250218T112509
[2025-02-18T11:25:09.115+0000] {logging_mixin.py:190} INFO - Task instance in success state
[2025-02-18T11:25:09.116+0000] {logging_mixin.py:190} INFO -  Previous state of the Task instance: running
[2025-02-18T11:25:09.117+0000] {logging_mixin.py:190} INFO - Dag name:google_news_scraper queued_at:2025-02-18 11:24:33.981910+00:00
[2025-02-18T11:25:09.118+0000] {logging_mixin.py:190} INFO - Task hostname:9546a27fb76d operator:PythonOperator
[2025-02-18T11:25:09.157+0000] {local_task_job_runner.py:266} INFO - Task exited with return code 0
[2025-02-18T11:25:09.175+0000] {taskinstance.py:3901} INFO - 0 downstream tasks scheduled from follow-on schedule check
[2025-02-18T11:25:09.177+0000] {local_task_job_runner.py:245} INFO - ::endgroup::
