[2025-02-21T06:28:47.609+0000] {processor.py:186} INFO - Started process (PID=8641) to work on /home/airflow/.local/lib/python3.12/site-packages/airflow/example_dags/example_branch_day_of_week_operator.py
[2025-02-21T06:28:47.610+0000] {processor.py:914} INFO - Processing file /home/airflow/.local/lib/python3.12/site-packages/airflow/example_dags/example_branch_day_of_week_operator.py for tasks to queue
[2025-02-21T06:28:47.613+0000] {logging_mixin.py:190} INFO - [2025-02-21T06:28:47.612+0000] {dagbag.py:588} INFO - Filling up the DagBag from /home/airflow/.local/lib/python3.12/site-packages/airflow/example_dags/example_branch_day_of_week_operator.py
[2025-02-21T06:28:47.627+0000] {processor.py:925} INFO - DAG(s) 'example_weekday_branch_operator' retrieved from /home/airflow/.local/lib/python3.12/site-packages/airflow/example_dags/example_branch_day_of_week_operator.py
[2025-02-21T06:28:47.655+0000] {logging_mixin.py:190} INFO - [2025-02-21T06:28:47.655+0000] {dag.py:3239} INFO - Sync 1 DAGs
[2025-02-21T06:28:47.685+0000] {logging_mixin.py:190} INFO - [2025-02-21T06:28:47.685+0000] {dag.py:4180} INFO - Setting next_dagrun for example_weekday_branch_operator to 2025-02-20 00:00:00+00:00, run_after=2025-02-21 00:00:00+00:00
[2025-02-21T06:28:47.714+0000] {processor.py:208} INFO - Processing /home/airflow/.local/lib/python3.12/site-packages/airflow/example_dags/example_branch_day_of_week_operator.py took 0.115 seconds
[2025-02-21T06:29:18.816+0000] {processor.py:186} INFO - Started process (PID=8716) to work on /home/airflow/.local/lib/python3.12/site-packages/airflow/example_dags/example_branch_day_of_week_operator.py
[2025-02-21T06:29:18.818+0000] {processor.py:914} INFO - Processing file /home/airflow/.local/lib/python3.12/site-packages/airflow/example_dags/example_branch_day_of_week_operator.py for tasks to queue
[2025-02-21T06:29:18.819+0000] {logging_mixin.py:190} INFO - [2025-02-21T06:29:18.819+0000] {dagbag.py:588} INFO - Filling up the DagBag from /home/airflow/.local/lib/python3.12/site-packages/airflow/example_dags/example_branch_day_of_week_operator.py
[2025-02-21T06:29:18.831+0000] {processor.py:925} INFO - DAG(s) 'example_weekday_branch_operator' retrieved from /home/airflow/.local/lib/python3.12/site-packages/airflow/example_dags/example_branch_day_of_week_operator.py
[2025-02-21T06:29:18.856+0000] {logging_mixin.py:190} INFO - [2025-02-21T06:29:18.855+0000] {dag.py:3239} INFO - Sync 1 DAGs
[2025-02-21T06:29:18.889+0000] {logging_mixin.py:190} INFO - [2025-02-21T06:29:18.888+0000] {dag.py:4180} INFO - Setting next_dagrun for example_weekday_branch_operator to 2025-02-20 00:00:00+00:00, run_after=2025-02-21 00:00:00+00:00
[2025-02-21T06:29:18.911+0000] {processor.py:208} INFO - Processing /home/airflow/.local/lib/python3.12/site-packages/airflow/example_dags/example_branch_day_of_week_operator.py took 0.101 seconds
[2025-02-21T06:29:49.129+0000] {processor.py:186} INFO - Started process (PID=8792) to work on /home/airflow/.local/lib/python3.12/site-packages/airflow/example_dags/example_branch_day_of_week_operator.py
[2025-02-21T06:29:49.131+0000] {processor.py:914} INFO - Processing file /home/airflow/.local/lib/python3.12/site-packages/airflow/example_dags/example_branch_day_of_week_operator.py for tasks to queue
[2025-02-21T06:29:49.133+0000] {logging_mixin.py:190} INFO - [2025-02-21T06:29:49.132+0000] {dagbag.py:588} INFO - Filling up the DagBag from /home/airflow/.local/lib/python3.12/site-packages/airflow/example_dags/example_branch_day_of_week_operator.py
[2025-02-21T06:29:49.145+0000] {processor.py:925} INFO - DAG(s) 'example_weekday_branch_operator' retrieved from /home/airflow/.local/lib/python3.12/site-packages/airflow/example_dags/example_branch_day_of_week_operator.py
[2025-02-21T06:29:49.174+0000] {logging_mixin.py:190} INFO - [2025-02-21T06:29:49.174+0000] {dag.py:3239} INFO - Sync 1 DAGs
[2025-02-21T06:29:49.208+0000] {logging_mixin.py:190} INFO - [2025-02-21T06:29:49.207+0000] {dag.py:4180} INFO - Setting next_dagrun for example_weekday_branch_operator to 2025-02-20 00:00:00+00:00, run_after=2025-02-21 00:00:00+00:00
[2025-02-21T06:29:49.235+0000] {processor.py:208} INFO - Processing /home/airflow/.local/lib/python3.12/site-packages/airflow/example_dags/example_branch_day_of_week_operator.py took 0.112 seconds
[2025-02-21T06:30:19.384+0000] {processor.py:186} INFO - Started process (PID=8868) to work on /home/airflow/.local/lib/python3.12/site-packages/airflow/example_dags/example_branch_day_of_week_operator.py
[2025-02-21T06:30:19.385+0000] {processor.py:914} INFO - Processing file /home/airflow/.local/lib/python3.12/site-packages/airflow/example_dags/example_branch_day_of_week_operator.py for tasks to queue
[2025-02-21T06:30:19.387+0000] {logging_mixin.py:190} INFO - [2025-02-21T06:30:19.387+0000] {dagbag.py:588} INFO - Filling up the DagBag from /home/airflow/.local/lib/python3.12/site-packages/airflow/example_dags/example_branch_day_of_week_operator.py
[2025-02-21T06:30:19.396+0000] {processor.py:925} INFO - DAG(s) 'example_weekday_branch_operator' retrieved from /home/airflow/.local/lib/python3.12/site-packages/airflow/example_dags/example_branch_day_of_week_operator.py
[2025-02-21T06:30:19.420+0000] {logging_mixin.py:190} INFO - [2025-02-21T06:30:19.420+0000] {dag.py:3239} INFO - Sync 1 DAGs
[2025-02-21T06:30:19.446+0000] {logging_mixin.py:190} INFO - [2025-02-21T06:30:19.446+0000] {dag.py:4180} INFO - Setting next_dagrun for example_weekday_branch_operator to 2025-02-20 00:00:00+00:00, run_after=2025-02-21 00:00:00+00:00
[2025-02-21T06:30:19.492+0000] {processor.py:208} INFO - Processing /home/airflow/.local/lib/python3.12/site-packages/airflow/example_dags/example_branch_day_of_week_operator.py took 0.114 seconds
