[2025-02-21T06:29:06.673+0000] {processor.py:186} INFO - Started process (PID=8665) to work on /home/airflow/.local/lib/python3.12/site-packages/airflow/example_dags/example_inlet_event_extra.py
[2025-02-21T06:29:06.674+0000] {processor.py:914} INFO - Processing file /home/airflow/.local/lib/python3.12/site-packages/airflow/example_dags/example_inlet_event_extra.py for tasks to queue
[2025-02-21T06:29:06.677+0000] {logging_mixin.py:190} INFO - [2025-02-21T06:29:06.676+0000] {dagbag.py:588} INFO - Filling up the DagBag from /home/airflow/.local/lib/python3.12/site-packages/airflow/example_dags/example_inlet_event_extra.py
[2025-02-21T06:29:06.557+0000] {processor.py:925} INFO - DAG(s) 'read_dataset_event', 'read_dataset_event_from_classic' retrieved from /home/airflow/.local/lib/python3.12/site-packages/airflow/example_dags/example_inlet_event_extra.py
[2025-02-21T06:29:06.583+0000] {logging_mixin.py:190} INFO - [2025-02-21T06:29:06.583+0000] {dag.py:3239} INFO - Sync 2 DAGs
[2025-02-21T06:29:06.610+0000] {logging_mixin.py:190} INFO - [2025-02-21T06:29:06.610+0000] {dag.py:4180} INFO - Setting next_dagrun for read_dataset_event to 2025-02-20 00:00:00+00:00, run_after=2025-02-21 00:00:00+00:00
[2025-02-21T06:29:06.618+0000] {logging_mixin.py:190} INFO - [2025-02-21T06:29:06.618+0000] {dag.py:4180} INFO - Setting next_dagrun for read_dataset_event_from_classic to 2025-02-20 00:00:00+00:00, run_after=2025-02-21 00:00:00+00:00
[2025-02-21T06:29:06.643+0000] {processor.py:208} INFO - Processing /home/airflow/.local/lib/python3.12/site-packages/airflow/example_dags/example_inlet_event_extra.py took 1.104 seconds
[2025-02-21T06:29:36.690+0000] {processor.py:186} INFO - Started process (PID=8754) to work on /home/airflow/.local/lib/python3.12/site-packages/airflow/example_dags/example_inlet_event_extra.py
[2025-02-21T06:29:36.691+0000] {processor.py:914} INFO - Processing file /home/airflow/.local/lib/python3.12/site-packages/airflow/example_dags/example_inlet_event_extra.py for tasks to queue
[2025-02-21T06:29:36.693+0000] {logging_mixin.py:190} INFO - [2025-02-21T06:29:36.693+0000] {dagbag.py:588} INFO - Filling up the DagBag from /home/airflow/.local/lib/python3.12/site-packages/airflow/example_dags/example_inlet_event_extra.py
[2025-02-21T06:29:37.215+0000] {processor.py:925} INFO - DAG(s) 'read_dataset_event', 'read_dataset_event_from_classic' retrieved from /home/airflow/.local/lib/python3.12/site-packages/airflow/example_dags/example_inlet_event_extra.py
[2025-02-21T06:29:37.236+0000] {logging_mixin.py:190} INFO - [2025-02-21T06:29:37.235+0000] {dag.py:3239} INFO - Sync 2 DAGs
[2025-02-21T06:29:37.256+0000] {logging_mixin.py:190} INFO - [2025-02-21T06:29:37.255+0000] {dag.py:4180} INFO - Setting next_dagrun for read_dataset_event to 2025-02-20 00:00:00+00:00, run_after=2025-02-21 00:00:00+00:00
[2025-02-21T06:29:37.261+0000] {logging_mixin.py:190} INFO - [2025-02-21T06:29:37.261+0000] {dag.py:4180} INFO - Setting next_dagrun for read_dataset_event_from_classic to 2025-02-20 00:00:00+00:00, run_after=2025-02-21 00:00:00+00:00
[2025-02-21T06:29:37.275+0000] {processor.py:208} INFO - Processing /home/airflow/.local/lib/python3.12/site-packages/airflow/example_dags/example_inlet_event_extra.py took 0.589 seconds
[2025-02-21T06:30:07.494+0000] {processor.py:186} INFO - Started process (PID=8830) to work on /home/airflow/.local/lib/python3.12/site-packages/airflow/example_dags/example_inlet_event_extra.py
[2025-02-21T06:30:07.495+0000] {processor.py:914} INFO - Processing file /home/airflow/.local/lib/python3.12/site-packages/airflow/example_dags/example_inlet_event_extra.py for tasks to queue
[2025-02-21T06:30:07.496+0000] {logging_mixin.py:190} INFO - [2025-02-21T06:30:07.496+0000] {dagbag.py:588} INFO - Filling up the DagBag from /home/airflow/.local/lib/python3.12/site-packages/airflow/example_dags/example_inlet_event_extra.py
[2025-02-21T06:30:08.155+0000] {processor.py:925} INFO - DAG(s) 'read_dataset_event', 'read_dataset_event_from_classic' retrieved from /home/airflow/.local/lib/python3.12/site-packages/airflow/example_dags/example_inlet_event_extra.py
[2025-02-21T06:30:08.184+0000] {logging_mixin.py:190} INFO - [2025-02-21T06:30:08.183+0000] {dag.py:3239} INFO - Sync 2 DAGs
[2025-02-21T06:30:08.214+0000] {logging_mixin.py:190} INFO - [2025-02-21T06:30:08.213+0000] {dag.py:4180} INFO - Setting next_dagrun for read_dataset_event to 2025-02-20 00:00:00+00:00, run_after=2025-02-21 00:00:00+00:00
[2025-02-21T06:30:08.218+0000] {logging_mixin.py:190} INFO - [2025-02-21T06:30:08.218+0000] {dag.py:4180} INFO - Setting next_dagrun for read_dataset_event_from_classic to 2025-02-20 00:00:00+00:00, run_after=2025-02-21 00:00:00+00:00
[2025-02-21T06:30:08.233+0000] {processor.py:208} INFO - Processing /home/airflow/.local/lib/python3.12/site-packages/airflow/example_dags/example_inlet_event_extra.py took 0.746 seconds
