[2025-02-21T06:28:50.063+0000] {processor.py:186} INFO - Started process (PID=8656) to work on /home/airflow/.local/lib/python3.12/site-packages/airflow/example_dags/example_kubernetes_executor.py
[2025-02-21T06:28:50.065+0000] {processor.py:914} INFO - Processing file /home/airflow/.local/lib/python3.12/site-packages/airflow/example_dags/example_kubernetes_executor.py for tasks to queue
[2025-02-21T06:28:50.067+0000] {logging_mixin.py:190} INFO - [2025-02-21T06:28:50.067+0000] {dagbag.py:588} INFO - Filling up the DagBag from /home/airflow/.local/lib/python3.12/site-packages/airflow/example_dags/example_kubernetes_executor.py
[2025-02-21T06:28:50.094+0000] {processor.py:925} INFO - DAG(s) 'example_kubernetes_executor' retrieved from /home/airflow/.local/lib/python3.12/site-packages/airflow/example_dags/example_kubernetes_executor.py
[2025-02-21T06:28:50.141+0000] {logging_mixin.py:190} INFO - [2025-02-21T06:28:50.140+0000] {dag.py:3239} INFO - Sync 1 DAGs
[2025-02-21T06:28:50.170+0000] {logging_mixin.py:190} INFO - [2025-02-21T06:28:50.170+0000] {dag.py:4180} INFO - Setting next_dagrun for example_kubernetes_executor to None, run_after=None
[2025-02-21T06:28:50.206+0000] {processor.py:208} INFO - Processing /home/airflow/.local/lib/python3.12/site-packages/airflow/example_dags/example_kubernetes_executor.py took 0.152 seconds
[2025-02-21T06:29:20.489+0000] {processor.py:186} INFO - Started process (PID=8732) to work on /home/airflow/.local/lib/python3.12/site-packages/airflow/example_dags/example_kubernetes_executor.py
[2025-02-21T06:29:20.491+0000] {processor.py:914} INFO - Processing file /home/airflow/.local/lib/python3.12/site-packages/airflow/example_dags/example_kubernetes_executor.py for tasks to queue
[2025-02-21T06:29:20.494+0000] {logging_mixin.py:190} INFO - [2025-02-21T06:29:20.494+0000] {dagbag.py:588} INFO - Filling up the DagBag from /home/airflow/.local/lib/python3.12/site-packages/airflow/example_dags/example_kubernetes_executor.py
[2025-02-21T06:29:20.529+0000] {processor.py:925} INFO - DAG(s) 'example_kubernetes_executor' retrieved from /home/airflow/.local/lib/python3.12/site-packages/airflow/example_dags/example_kubernetes_executor.py
[2025-02-21T06:29:20.567+0000] {logging_mixin.py:190} INFO - [2025-02-21T06:29:20.566+0000] {dag.py:3239} INFO - Sync 1 DAGs
[2025-02-21T06:29:20.587+0000] {logging_mixin.py:190} INFO - [2025-02-21T06:29:20.587+0000] {dag.py:4180} INFO - Setting next_dagrun for example_kubernetes_executor to None, run_after=None
[2025-02-21T06:29:20.618+0000] {processor.py:208} INFO - Processing /home/airflow/.local/lib/python3.12/site-packages/airflow/example_dags/example_kubernetes_executor.py took 0.138 seconds
[2025-02-21T06:29:51.032+0000] {processor.py:186} INFO - Started process (PID=8807) to work on /home/airflow/.local/lib/python3.12/site-packages/airflow/example_dags/example_kubernetes_executor.py
[2025-02-21T06:29:51.033+0000] {processor.py:914} INFO - Processing file /home/airflow/.local/lib/python3.12/site-packages/airflow/example_dags/example_kubernetes_executor.py for tasks to queue
[2025-02-21T06:29:51.035+0000] {logging_mixin.py:190} INFO - [2025-02-21T06:29:51.035+0000] {dagbag.py:588} INFO - Filling up the DagBag from /home/airflow/.local/lib/python3.12/site-packages/airflow/example_dags/example_kubernetes_executor.py
[2025-02-21T06:29:51.053+0000] {processor.py:925} INFO - DAG(s) 'example_kubernetes_executor' retrieved from /home/airflow/.local/lib/python3.12/site-packages/airflow/example_dags/example_kubernetes_executor.py
[2025-02-21T06:29:51.085+0000] {logging_mixin.py:190} INFO - [2025-02-21T06:29:51.085+0000] {dag.py:3239} INFO - Sync 1 DAGs
[2025-02-21T06:29:51.107+0000] {logging_mixin.py:190} INFO - [2025-02-21T06:29:51.107+0000] {dag.py:4180} INFO - Setting next_dagrun for example_kubernetes_executor to None, run_after=None
[2025-02-21T06:29:51.133+0000] {processor.py:208} INFO - Processing /home/airflow/.local/lib/python3.12/site-packages/airflow/example_dags/example_kubernetes_executor.py took 0.107 seconds
