[2025-02-21T06:28:45.451+0000] {processor.py:186} INFO - Started process (PID=8629) to work on /home/airflow/.local/lib/python3.12/site-packages/airflow/example_dags/example_python_operator.py
[2025-02-21T06:28:45.453+0000] {processor.py:914} INFO - Processing file /home/airflow/.local/lib/python3.12/site-packages/airflow/example_dags/example_python_operator.py for tasks to queue
[2025-02-21T06:28:45.459+0000] {logging_mixin.py:190} INFO - [2025-02-21T06:28:45.458+0000] {dagbag.py:588} INFO - Filling up the DagBag from /home/airflow/.local/lib/python3.12/site-packages/airflow/example_dags/example_python_operator.py
[2025-02-21T06:28:45.487+0000] {processor.py:925} INFO - DAG(s) 'example_python_operator' retrieved from /home/airflow/.local/lib/python3.12/site-packages/airflow/example_dags/example_python_operator.py
[2025-02-21T06:28:45.538+0000] {logging_mixin.py:190} INFO - [2025-02-21T06:28:45.537+0000] {dag.py:3239} INFO - Sync 1 DAGs
[2025-02-21T06:28:45.576+0000] {logging_mixin.py:190} INFO - [2025-02-21T06:28:45.576+0000] {dag.py:4180} INFO - Setting next_dagrun for example_python_operator to None, run_after=None
[2025-02-21T06:28:45.636+0000] {processor.py:208} INFO - Processing /home/airflow/.local/lib/python3.12/site-packages/airflow/example_dags/example_python_operator.py took 0.197 seconds
[2025-02-21T06:29:15.819+0000] {processor.py:186} INFO - Started process (PID=8692) to work on /home/airflow/.local/lib/python3.12/site-packages/airflow/example_dags/example_python_operator.py
[2025-02-21T06:29:15.821+0000] {processor.py:914} INFO - Processing file /home/airflow/.local/lib/python3.12/site-packages/airflow/example_dags/example_python_operator.py for tasks to queue
[2025-02-21T06:29:15.824+0000] {logging_mixin.py:190} INFO - [2025-02-21T06:29:15.823+0000] {dagbag.py:588} INFO - Filling up the DagBag from /home/airflow/.local/lib/python3.12/site-packages/airflow/example_dags/example_python_operator.py
[2025-02-21T06:29:15.847+0000] {processor.py:925} INFO - DAG(s) 'example_python_operator' retrieved from /home/airflow/.local/lib/python3.12/site-packages/airflow/example_dags/example_python_operator.py
[2025-02-21T06:29:15.890+0000] {logging_mixin.py:190} INFO - [2025-02-21T06:29:15.890+0000] {dag.py:3239} INFO - Sync 1 DAGs
[2025-02-21T06:29:15.920+0000] {logging_mixin.py:190} INFO - [2025-02-21T06:29:15.920+0000] {dag.py:4180} INFO - Setting next_dagrun for example_python_operator to None, run_after=None
[2025-02-21T06:29:15.957+0000] {processor.py:208} INFO - Processing /home/airflow/.local/lib/python3.12/site-packages/airflow/example_dags/example_python_operator.py took 0.147 seconds
[2025-02-21T06:29:46.783+0000] {processor.py:186} INFO - Started process (PID=8780) to work on /home/airflow/.local/lib/python3.12/site-packages/airflow/example_dags/example_python_operator.py
[2025-02-21T06:29:46.784+0000] {processor.py:914} INFO - Processing file /home/airflow/.local/lib/python3.12/site-packages/airflow/example_dags/example_python_operator.py for tasks to queue
[2025-02-21T06:29:46.786+0000] {logging_mixin.py:190} INFO - [2025-02-21T06:29:46.786+0000] {dagbag.py:588} INFO - Filling up the DagBag from /home/airflow/.local/lib/python3.12/site-packages/airflow/example_dags/example_python_operator.py
[2025-02-21T06:29:46.801+0000] {processor.py:925} INFO - DAG(s) 'example_python_operator' retrieved from /home/airflow/.local/lib/python3.12/site-packages/airflow/example_dags/example_python_operator.py
[2025-02-21T06:29:46.826+0000] {logging_mixin.py:190} INFO - [2025-02-21T06:29:46.825+0000] {dag.py:3239} INFO - Sync 1 DAGs
[2025-02-21T06:29:46.849+0000] {logging_mixin.py:190} INFO - [2025-02-21T06:29:46.849+0000] {dag.py:4180} INFO - Setting next_dagrun for example_python_operator to None, run_after=None
[2025-02-21T06:29:46.878+0000] {processor.py:208} INFO - Processing /home/airflow/.local/lib/python3.12/site-packages/airflow/example_dags/example_python_operator.py took 0.101 seconds
[2025-02-21T06:30:17.838+0000] {processor.py:186} INFO - Started process (PID=8856) to work on /home/airflow/.local/lib/python3.12/site-packages/airflow/example_dags/example_python_operator.py
[2025-02-21T06:30:17.840+0000] {processor.py:914} INFO - Processing file /home/airflow/.local/lib/python3.12/site-packages/airflow/example_dags/example_python_operator.py for tasks to queue
[2025-02-21T06:30:17.842+0000] {logging_mixin.py:190} INFO - [2025-02-21T06:30:17.841+0000] {dagbag.py:588} INFO - Filling up the DagBag from /home/airflow/.local/lib/python3.12/site-packages/airflow/example_dags/example_python_operator.py
[2025-02-21T06:30:17.854+0000] {processor.py:925} INFO - DAG(s) 'example_python_operator' retrieved from /home/airflow/.local/lib/python3.12/site-packages/airflow/example_dags/example_python_operator.py
[2025-02-21T06:30:17.874+0000] {logging_mixin.py:190} INFO - [2025-02-21T06:30:17.874+0000] {dag.py:3239} INFO - Sync 1 DAGs
[2025-02-21T06:30:17.890+0000] {logging_mixin.py:190} INFO - [2025-02-21T06:30:17.889+0000] {dag.py:4180} INFO - Setting next_dagrun for example_python_operator to None, run_after=None
[2025-02-21T06:30:17.917+0000] {processor.py:208} INFO - Processing /home/airflow/.local/lib/python3.12/site-packages/airflow/example_dags/example_python_operator.py took 0.086 seconds
