[2025-02-21T06:28:48.670+0000] {processor.py:186} INFO - Started process (PID=8647) to work on /home/airflow/.local/lib/python3.12/site-packages/airflow/example_dags/example_latest_only_with_trigger.py
[2025-02-21T06:28:48.671+0000] {processor.py:914} INFO - Processing file /home/airflow/.local/lib/python3.12/site-packages/airflow/example_dags/example_latest_only_with_trigger.py for tasks to queue
[2025-02-21T06:28:48.673+0000] {logging_mixin.py:190} INFO - [2025-02-21T06:28:48.673+0000] {dagbag.py:588} INFO - Filling up the DagBag from /home/airflow/.local/lib/python3.12/site-packages/airflow/example_dags/example_latest_only_with_trigger.py
[2025-02-21T06:28:48.682+0000] {processor.py:925} INFO - DAG(s) 'latest_only_with_trigger' retrieved from /home/airflow/.local/lib/python3.12/site-packages/airflow/example_dags/example_latest_only_with_trigger.py
[2025-02-21T06:28:48.708+0000] {logging_mixin.py:190} INFO - [2025-02-21T06:28:48.708+0000] {dag.py:3239} INFO - Sync 1 DAGs
[2025-02-21T06:28:48.738+0000] {logging_mixin.py:190} INFO - [2025-02-21T06:28:48.738+0000] {dag.py:4180} INFO - Setting next_dagrun for latest_only_with_trigger to 2025-02-21 00:00:00+00:00, run_after=2025-02-21 04:00:00+00:00
[2025-02-21T06:28:48.767+0000] {processor.py:208} INFO - Processing /home/airflow/.local/lib/python3.12/site-packages/airflow/example_dags/example_latest_only_with_trigger.py took 0.104 seconds
[2025-02-21T06:29:19.530+0000] {processor.py:186} INFO - Started process (PID=8723) to work on /home/airflow/.local/lib/python3.12/site-packages/airflow/example_dags/example_latest_only_with_trigger.py
[2025-02-21T06:29:19.532+0000] {processor.py:914} INFO - Processing file /home/airflow/.local/lib/python3.12/site-packages/airflow/example_dags/example_latest_only_with_trigger.py for tasks to queue
[2025-02-21T06:29:19.534+0000] {logging_mixin.py:190} INFO - [2025-02-21T06:29:19.533+0000] {dagbag.py:588} INFO - Filling up the DagBag from /home/airflow/.local/lib/python3.12/site-packages/airflow/example_dags/example_latest_only_with_trigger.py
[2025-02-21T06:29:19.546+0000] {processor.py:925} INFO - DAG(s) 'latest_only_with_trigger' retrieved from /home/airflow/.local/lib/python3.12/site-packages/airflow/example_dags/example_latest_only_with_trigger.py
[2025-02-21T06:29:19.569+0000] {logging_mixin.py:190} INFO - [2025-02-21T06:29:19.569+0000] {dag.py:3239} INFO - Sync 1 DAGs
[2025-02-21T06:29:19.596+0000] {logging_mixin.py:190} INFO - [2025-02-21T06:29:19.596+0000] {dag.py:4180} INFO - Setting next_dagrun for latest_only_with_trigger to 2025-02-21 00:00:00+00:00, run_after=2025-02-21 04:00:00+00:00
[2025-02-21T06:29:19.617+0000] {processor.py:208} INFO - Processing /home/airflow/.local/lib/python3.12/site-packages/airflow/example_dags/example_latest_only_with_trigger.py took 0.093 seconds
[2025-02-21T06:29:49.894+0000] {processor.py:186} INFO - Started process (PID=8799) to work on /home/airflow/.local/lib/python3.12/site-packages/airflow/example_dags/example_latest_only_with_trigger.py
[2025-02-21T06:29:49.895+0000] {processor.py:914} INFO - Processing file /home/airflow/.local/lib/python3.12/site-packages/airflow/example_dags/example_latest_only_with_trigger.py for tasks to queue
[2025-02-21T06:29:49.897+0000] {logging_mixin.py:190} INFO - [2025-02-21T06:29:49.897+0000] {dagbag.py:588} INFO - Filling up the DagBag from /home/airflow/.local/lib/python3.12/site-packages/airflow/example_dags/example_latest_only_with_trigger.py
[2025-02-21T06:29:49.907+0000] {processor.py:925} INFO - DAG(s) 'latest_only_with_trigger' retrieved from /home/airflow/.local/lib/python3.12/site-packages/airflow/example_dags/example_latest_only_with_trigger.py
[2025-02-21T06:29:49.937+0000] {logging_mixin.py:190} INFO - [2025-02-21T06:29:49.937+0000] {dag.py:3239} INFO - Sync 1 DAGs
[2025-02-21T06:29:49.966+0000] {logging_mixin.py:190} INFO - [2025-02-21T06:29:49.966+0000] {dag.py:4180} INFO - Setting next_dagrun for latest_only_with_trigger to 2025-02-21 00:00:00+00:00, run_after=2025-02-21 04:00:00+00:00
[2025-02-21T06:29:50.014+0000] {processor.py:208} INFO - Processing /home/airflow/.local/lib/python3.12/site-packages/airflow/example_dags/example_latest_only_with_trigger.py took 0.129 seconds
