[2025-02-21T06:28:49.002+0000] {processor.py:186} INFO - Started process (PID=8651) to work on /home/airflow/.local/lib/python3.12/site-packages/airflow/example_dags/example_dataset_alias_with_no_taskflow.py
[2025-02-21T06:28:49.004+0000] {processor.py:914} INFO - Processing file /home/airflow/.local/lib/python3.12/site-packages/airflow/example_dags/example_dataset_alias_with_no_taskflow.py for tasks to queue
[2025-02-21T06:28:49.006+0000] {logging_mixin.py:190} INFO - [2025-02-21T06:28:49.005+0000] {dagbag.py:588} INFO - Filling up the DagBag from /home/airflow/.local/lib/python3.12/site-packages/airflow/example_dags/example_dataset_alias_with_no_taskflow.py
[2025-02-21T06:28:49.822+0000] {processor.py:925} INFO - DAG(s) 'dataset_alias_example_alias_consumer_with_no_taskflow', 'dataset_alias_example_alias_producer_with_no_taskflow', 'dataset_s3_bucket_producer_with_no_taskflow', 'dataset_s3_bucket_consumer_with_no_taskflow' retrieved from /home/airflow/.local/lib/python3.12/site-packages/airflow/example_dags/example_dataset_alias_with_no_taskflow.py
[2025-02-21T06:28:50.074+0000] {logging_mixin.py:190} INFO - [2025-02-21T06:28:50.073+0000] {dag.py:3239} INFO - Sync 4 DAGs
[2025-02-21T06:28:50.110+0000] {logging_mixin.py:190} INFO - [2025-02-21T06:28:50.110+0000] {dag.py:4180} INFO - Setting next_dagrun for dataset_alias_example_alias_consumer_with_no_taskflow to None, run_after=None
[2025-02-21T06:28:50.116+0000] {logging_mixin.py:190} INFO - [2025-02-21T06:28:50.115+0000] {dag.py:4180} INFO - Setting next_dagrun for dataset_alias_example_alias_producer_with_no_taskflow to None, run_after=None
[2025-02-21T06:28:50.120+0000] {logging_mixin.py:190} INFO - [2025-02-21T06:28:50.119+0000] {dag.py:4180} INFO - Setting next_dagrun for dataset_s3_bucket_consumer_with_no_taskflow to None, run_after=None
[2025-02-21T06:28:50.123+0000] {logging_mixin.py:190} INFO - [2025-02-21T06:28:50.123+0000] {dag.py:4180} INFO - Setting next_dagrun for dataset_s3_bucket_producer_with_no_taskflow to None, run_after=None
[2025-02-21T06:28:50.185+0000] {processor.py:208} INFO - Processing /home/airflow/.local/lib/python3.12/site-packages/airflow/example_dags/example_dataset_alias_with_no_taskflow.py took 1.189 seconds
[2025-02-21T06:29:20.330+0000] {processor.py:186} INFO - Started process (PID=8731) to work on /home/airflow/.local/lib/python3.12/site-packages/airflow/example_dags/example_dataset_alias_with_no_taskflow.py
[2025-02-21T06:29:20.333+0000] {processor.py:914} INFO - Processing file /home/airflow/.local/lib/python3.12/site-packages/airflow/example_dags/example_dataset_alias_with_no_taskflow.py for tasks to queue
[2025-02-21T06:29:20.337+0000] {logging_mixin.py:190} INFO - [2025-02-21T06:29:20.336+0000] {dagbag.py:588} INFO - Filling up the DagBag from /home/airflow/.local/lib/python3.12/site-packages/airflow/example_dags/example_dataset_alias_with_no_taskflow.py
[2025-02-21T06:29:21.222+0000] {processor.py:925} INFO - DAG(s) 'dataset_alias_example_alias_producer_with_no_taskflow', 'dataset_alias_example_alias_consumer_with_no_taskflow', 'dataset_s3_bucket_consumer_with_no_taskflow', 'dataset_s3_bucket_producer_with_no_taskflow' retrieved from /home/airflow/.local/lib/python3.12/site-packages/airflow/example_dags/example_dataset_alias_with_no_taskflow.py
[2025-02-21T06:29:21.253+0000] {logging_mixin.py:190} INFO - [2025-02-21T06:29:21.252+0000] {dag.py:3239} INFO - Sync 4 DAGs
[2025-02-21T06:29:21.283+0000] {logging_mixin.py:190} INFO - [2025-02-21T06:29:21.282+0000] {dag.py:4180} INFO - Setting next_dagrun for dataset_alias_example_alias_consumer_with_no_taskflow to None, run_after=None
[2025-02-21T06:29:21.287+0000] {logging_mixin.py:190} INFO - [2025-02-21T06:29:21.287+0000] {dag.py:4180} INFO - Setting next_dagrun for dataset_alias_example_alias_producer_with_no_taskflow to None, run_after=None
[2025-02-21T06:29:21.290+0000] {logging_mixin.py:190} INFO - [2025-02-21T06:29:21.290+0000] {dag.py:4180} INFO - Setting next_dagrun for dataset_s3_bucket_consumer_with_no_taskflow to None, run_after=None
[2025-02-21T06:29:21.293+0000] {logging_mixin.py:190} INFO - [2025-02-21T06:29:21.293+0000] {dag.py:4180} INFO - Setting next_dagrun for dataset_s3_bucket_producer_with_no_taskflow to None, run_after=None
[2025-02-21T06:29:21.326+0000] {processor.py:208} INFO - Processing /home/airflow/.local/lib/python3.12/site-packages/airflow/example_dags/example_dataset_alias_with_no_taskflow.py took 1.008 seconds
[2025-02-21T06:29:52.353+0000] {processor.py:186} INFO - Started process (PID=8810) to work on /home/airflow/.local/lib/python3.12/site-packages/airflow/example_dags/example_dataset_alias_with_no_taskflow.py
[2025-02-21T06:29:52.354+0000] {processor.py:914} INFO - Processing file /home/airflow/.local/lib/python3.12/site-packages/airflow/example_dags/example_dataset_alias_with_no_taskflow.py for tasks to queue
[2025-02-21T06:29:52.355+0000] {logging_mixin.py:190} INFO - [2025-02-21T06:29:52.355+0000] {dagbag.py:588} INFO - Filling up the DagBag from /home/airflow/.local/lib/python3.12/site-packages/airflow/example_dags/example_dataset_alias_with_no_taskflow.py
[2025-02-21T06:29:52.944+0000] {processor.py:925} INFO - DAG(s) 'dataset_alias_example_alias_consumer_with_no_taskflow', 'dataset_s3_bucket_consumer_with_no_taskflow', 'dataset_s3_bucket_producer_with_no_taskflow', 'dataset_alias_example_alias_producer_with_no_taskflow' retrieved from /home/airflow/.local/lib/python3.12/site-packages/airflow/example_dags/example_dataset_alias_with_no_taskflow.py
[2025-02-21T06:29:52.982+0000] {logging_mixin.py:190} INFO - [2025-02-21T06:29:52.981+0000] {dag.py:3239} INFO - Sync 4 DAGs
[2025-02-21T06:29:53.009+0000] {logging_mixin.py:190} INFO - [2025-02-21T06:29:53.009+0000] {dag.py:4180} INFO - Setting next_dagrun for dataset_alias_example_alias_consumer_with_no_taskflow to None, run_after=None
[2025-02-21T06:29:53.015+0000] {logging_mixin.py:190} INFO - [2025-02-21T06:29:53.015+0000] {dag.py:4180} INFO - Setting next_dagrun for dataset_alias_example_alias_producer_with_no_taskflow to None, run_after=None
[2025-02-21T06:29:53.020+0000] {logging_mixin.py:190} INFO - [2025-02-21T06:29:53.019+0000] {dag.py:4180} INFO - Setting next_dagrun for dataset_s3_bucket_consumer_with_no_taskflow to None, run_after=None
[2025-02-21T06:29:53.022+0000] {logging_mixin.py:190} INFO - [2025-02-21T06:29:53.022+0000] {dag.py:4180} INFO - Setting next_dagrun for dataset_s3_bucket_producer_with_no_taskflow to None, run_after=None
[2025-02-21T06:29:53.054+0000] {processor.py:208} INFO - Processing /home/airflow/.local/lib/python3.12/site-packages/airflow/example_dags/example_dataset_alias_with_no_taskflow.py took 0.706 seconds
