[2025-02-21T06:28:36.068+0000] {processor.py:186} INFO - Started process (PID=8591) to work on /home/airflow/.local/lib/python3.12/site-packages/airflow/example_dags/example_short_circuit_operator.py
[2025-02-21T06:28:36.070+0000] {processor.py:914} INFO - Processing file /home/airflow/.local/lib/python3.12/site-packages/airflow/example_dags/example_short_circuit_operator.py for tasks to queue
[2025-02-21T06:28:36.073+0000] {logging_mixin.py:190} INFO - [2025-02-21T06:28:36.072+0000] {dagbag.py:588} INFO - Filling up the DagBag from /home/airflow/.local/lib/python3.12/site-packages/airflow/example_dags/example_short_circuit_operator.py
[2025-02-21T06:28:36.119+0000] {processor.py:925} INFO - DAG(s) 'example_short_circuit_operator' retrieved from /home/airflow/.local/lib/python3.12/site-packages/airflow/example_dags/example_short_circuit_operator.py
[2025-02-21T06:28:36.219+0000] {logging_mixin.py:190} INFO - [2025-02-21T06:28:36.219+0000] {dag.py:3239} INFO - Sync 1 DAGs
[2025-02-21T06:28:36.294+0000] {logging_mixin.py:190} INFO - [2025-02-21T06:28:36.294+0000] {dag.py:4180} INFO - Setting next_dagrun for example_short_circuit_operator to None, run_after=None
[2025-02-21T06:28:36.386+0000] {processor.py:208} INFO - Processing /home/airflow/.local/lib/python3.12/site-packages/airflow/example_dags/example_short_circuit_operator.py took 0.339 seconds
[2025-02-21T06:29:06.890+0000] {processor.py:186} INFO - Started process (PID=8667) to work on /home/airflow/.local/lib/python3.12/site-packages/airflow/example_dags/example_short_circuit_operator.py
[2025-02-21T06:29:06.892+0000] {processor.py:914} INFO - Processing file /home/airflow/.local/lib/python3.12/site-packages/airflow/example_dags/example_short_circuit_operator.py for tasks to queue
[2025-02-21T06:29:06.896+0000] {logging_mixin.py:190} INFO - [2025-02-21T06:29:06.895+0000] {dagbag.py:588} INFO - Filling up the DagBag from /home/airflow/.local/lib/python3.12/site-packages/airflow/example_dags/example_short_circuit_operator.py
[2025-02-21T06:29:06.921+0000] {processor.py:925} INFO - DAG(s) 'example_short_circuit_operator' retrieved from /home/airflow/.local/lib/python3.12/site-packages/airflow/example_dags/example_short_circuit_operator.py
[2025-02-21T06:29:06.979+0000] {logging_mixin.py:190} INFO - [2025-02-21T06:29:06.979+0000] {dag.py:3239} INFO - Sync 1 DAGs
[2025-02-21T06:29:07.006+0000] {logging_mixin.py:190} INFO - [2025-02-21T06:29:07.006+0000] {dag.py:4180} INFO - Setting next_dagrun for example_short_circuit_operator to None, run_after=None
[2025-02-21T06:29:07.044+0000] {processor.py:208} INFO - Processing /home/airflow/.local/lib/python3.12/site-packages/airflow/example_dags/example_short_circuit_operator.py took 0.165 seconds
[2025-02-21T06:29:37.325+0000] {processor.py:186} INFO - Started process (PID=8756) to work on /home/airflow/.local/lib/python3.12/site-packages/airflow/example_dags/example_short_circuit_operator.py
[2025-02-21T06:29:37.326+0000] {processor.py:914} INFO - Processing file /home/airflow/.local/lib/python3.12/site-packages/airflow/example_dags/example_short_circuit_operator.py for tasks to queue
[2025-02-21T06:29:37.327+0000] {logging_mixin.py:190} INFO - [2025-02-21T06:29:37.327+0000] {dagbag.py:588} INFO - Filling up the DagBag from /home/airflow/.local/lib/python3.12/site-packages/airflow/example_dags/example_short_circuit_operator.py
[2025-02-21T06:29:37.336+0000] {processor.py:925} INFO - DAG(s) 'example_short_circuit_operator' retrieved from /home/airflow/.local/lib/python3.12/site-packages/airflow/example_dags/example_short_circuit_operator.py
[2025-02-21T06:29:37.359+0000] {logging_mixin.py:190} INFO - [2025-02-21T06:29:37.359+0000] {dag.py:3239} INFO - Sync 1 DAGs
[2025-02-21T06:29:37.374+0000] {logging_mixin.py:190} INFO - [2025-02-21T06:29:37.374+0000] {dag.py:4180} INFO - Setting next_dagrun for example_short_circuit_operator to None, run_after=None
[2025-02-21T06:29:37.395+0000] {processor.py:208} INFO - Processing /home/airflow/.local/lib/python3.12/site-packages/airflow/example_dags/example_short_circuit_operator.py took 0.076 seconds
[2025-02-21T06:30:07.675+0000] {processor.py:186} INFO - Started process (PID=8832) to work on /home/airflow/.local/lib/python3.12/site-packages/airflow/example_dags/example_short_circuit_operator.py
[2025-02-21T06:30:07.676+0000] {processor.py:914} INFO - Processing file /home/airflow/.local/lib/python3.12/site-packages/airflow/example_dags/example_short_circuit_operator.py for tasks to queue
[2025-02-21T06:30:07.677+0000] {logging_mixin.py:190} INFO - [2025-02-21T06:30:07.677+0000] {dagbag.py:588} INFO - Filling up the DagBag from /home/airflow/.local/lib/python3.12/site-packages/airflow/example_dags/example_short_circuit_operator.py
[2025-02-21T06:30:07.687+0000] {processor.py:925} INFO - DAG(s) 'example_short_circuit_operator' retrieved from /home/airflow/.local/lib/python3.12/site-packages/airflow/example_dags/example_short_circuit_operator.py
[2025-02-21T06:30:07.712+0000] {logging_mixin.py:190} INFO - [2025-02-21T06:30:07.712+0000] {dag.py:3239} INFO - Sync 1 DAGs
[2025-02-21T06:30:07.728+0000] {logging_mixin.py:190} INFO - [2025-02-21T06:30:07.728+0000] {dag.py:4180} INFO - Setting next_dagrun for example_short_circuit_operator to None, run_after=None
[2025-02-21T06:30:07.749+0000] {processor.py:208} INFO - Processing /home/airflow/.local/lib/python3.12/site-packages/airflow/example_dags/example_short_circuit_operator.py took 0.080 seconds
