[2025-02-21T06:28:41.141+0000] {processor.py:186} INFO - Started process (PID=8606) to work on /home/airflow/.local/lib/python3.12/site-packages/airflow/example_dags/example_bash_decorator.py
[2025-02-21T06:28:41.143+0000] {processor.py:914} INFO - Processing file /home/airflow/.local/lib/python3.12/site-packages/airflow/example_dags/example_bash_decorator.py for tasks to queue
[2025-02-21T06:28:41.147+0000] {logging_mixin.py:190} INFO - [2025-02-21T06:28:41.146+0000] {dagbag.py:588} INFO - Filling up the DagBag from /home/airflow/.local/lib/python3.12/site-packages/airflow/example_dags/example_bash_decorator.py
[2025-02-21T06:28:41.199+0000] {processor.py:925} INFO - DAG(s) 'example_bash_decorator' retrieved from /home/airflow/.local/lib/python3.12/site-packages/airflow/example_dags/example_bash_decorator.py
[2025-02-21T06:28:41.258+0000] {logging_mixin.py:190} INFO - [2025-02-21T06:28:41.258+0000] {dag.py:3239} INFO - Sync 1 DAGs
[2025-02-21T06:28:41.301+0000] {logging_mixin.py:190} INFO - [2025-02-21T06:28:41.301+0000] {dag.py:4180} INFO - Setting next_dagrun for example_bash_decorator to None, run_after=None
[2025-02-21T06:28:41.364+0000] {processor.py:208} INFO - Processing /home/airflow/.local/lib/python3.12/site-packages/airflow/example_dags/example_bash_decorator.py took 0.244 seconds
[2025-02-21T06:29:11.436+0000] {processor.py:186} INFO - Started process (PID=8681) to work on /home/airflow/.local/lib/python3.12/site-packages/airflow/example_dags/example_bash_decorator.py
[2025-02-21T06:29:11.437+0000] {processor.py:914} INFO - Processing file /home/airflow/.local/lib/python3.12/site-packages/airflow/example_dags/example_bash_decorator.py for tasks to queue
[2025-02-21T06:29:11.439+0000] {logging_mixin.py:190} INFO - [2025-02-21T06:29:11.439+0000] {dagbag.py:588} INFO - Filling up the DagBag from /home/airflow/.local/lib/python3.12/site-packages/airflow/example_dags/example_bash_decorator.py
[2025-02-21T06:29:11.456+0000] {processor.py:925} INFO - DAG(s) 'example_bash_decorator' retrieved from /home/airflow/.local/lib/python3.12/site-packages/airflow/example_dags/example_bash_decorator.py
[2025-02-21T06:29:11.482+0000] {logging_mixin.py:190} INFO - [2025-02-21T06:29:11.482+0000] {dag.py:3239} INFO - Sync 1 DAGs
[2025-02-21T06:29:11.497+0000] {logging_mixin.py:190} INFO - [2025-02-21T06:29:11.497+0000] {dag.py:4180} INFO - Setting next_dagrun for example_bash_decorator to None, run_after=None
[2025-02-21T06:29:11.521+0000] {processor.py:208} INFO - Processing /home/airflow/.local/lib/python3.12/site-packages/airflow/example_dags/example_bash_decorator.py took 0.092 seconds
[2025-02-21T06:29:41.626+0000] {processor.py:186} INFO - Started process (PID=8769) to work on /home/airflow/.local/lib/python3.12/site-packages/airflow/example_dags/example_bash_decorator.py
[2025-02-21T06:29:41.628+0000] {processor.py:914} INFO - Processing file /home/airflow/.local/lib/python3.12/site-packages/airflow/example_dags/example_bash_decorator.py for tasks to queue
[2025-02-21T06:29:41.630+0000] {logging_mixin.py:190} INFO - [2025-02-21T06:29:41.630+0000] {dagbag.py:588} INFO - Filling up the DagBag from /home/airflow/.local/lib/python3.12/site-packages/airflow/example_dags/example_bash_decorator.py
[2025-02-21T06:29:41.651+0000] {processor.py:925} INFO - DAG(s) 'example_bash_decorator' retrieved from /home/airflow/.local/lib/python3.12/site-packages/airflow/example_dags/example_bash_decorator.py
[2025-02-21T06:29:41.684+0000] {logging_mixin.py:190} INFO - [2025-02-21T06:29:41.684+0000] {dag.py:3239} INFO - Sync 1 DAGs
[2025-02-21T06:29:41.704+0000] {logging_mixin.py:190} INFO - [2025-02-21T06:29:41.704+0000] {dag.py:4180} INFO - Setting next_dagrun for example_bash_decorator to None, run_after=None
[2025-02-21T06:29:41.737+0000] {processor.py:208} INFO - Processing /home/airflow/.local/lib/python3.12/site-packages/airflow/example_dags/example_bash_decorator.py took 0.118 seconds
[2025-02-21T06:30:11.834+0000] {processor.py:186} INFO - Started process (PID=8845) to work on /home/airflow/.local/lib/python3.12/site-packages/airflow/example_dags/example_bash_decorator.py
[2025-02-21T06:30:11.835+0000] {processor.py:914} INFO - Processing file /home/airflow/.local/lib/python3.12/site-packages/airflow/example_dags/example_bash_decorator.py for tasks to queue
[2025-02-21T06:30:11.836+0000] {logging_mixin.py:190} INFO - [2025-02-21T06:30:11.836+0000] {dagbag.py:588} INFO - Filling up the DagBag from /home/airflow/.local/lib/python3.12/site-packages/airflow/example_dags/example_bash_decorator.py
[2025-02-21T06:30:11.852+0000] {processor.py:925} INFO - DAG(s) 'example_bash_decorator' retrieved from /home/airflow/.local/lib/python3.12/site-packages/airflow/example_dags/example_bash_decorator.py
[2025-02-21T06:30:11.875+0000] {logging_mixin.py:190} INFO - [2025-02-21T06:30:11.875+0000] {dag.py:3239} INFO - Sync 1 DAGs
[2025-02-21T06:30:11.889+0000] {logging_mixin.py:190} INFO - [2025-02-21T06:30:11.888+0000] {dag.py:4180} INFO - Setting next_dagrun for example_bash_decorator to None, run_after=None
[2025-02-21T06:30:11.910+0000] {processor.py:208} INFO - Processing /home/airflow/.local/lib/python3.12/site-packages/airflow/example_dags/example_bash_decorator.py took 0.085 seconds
