[2025-02-21T06:28:48.832+0000] {processor.py:186} INFO - Started process (PID=8649) to work on /home/airflow/.local/lib/python3.12/site-packages/airflow/example_dags/example_branch_operator.py
[2025-02-21T06:28:48.833+0000] {processor.py:914} INFO - Processing file /home/airflow/.local/lib/python3.12/site-packages/airflow/example_dags/example_branch_operator.py for tasks to queue
[2025-02-21T06:28:48.835+0000] {logging_mixin.py:190} INFO - [2025-02-21T06:28:48.835+0000] {dagbag.py:588} INFO - Filling up the DagBag from /home/airflow/.local/lib/python3.12/site-packages/airflow/example_dags/example_branch_operator.py
[2025-02-21T06:28:48.854+0000] {processor.py:925} INFO - DAG(s) 'example_branch_operator' retrieved from /home/airflow/.local/lib/python3.12/site-packages/airflow/example_dags/example_branch_operator.py
[2025-02-21T06:28:48.892+0000] {logging_mixin.py:190} INFO - [2025-02-21T06:28:48.892+0000] {dag.py:3239} INFO - Sync 1 DAGs
[2025-02-21T06:28:48.920+0000] {logging_mixin.py:190} INFO - [2025-02-21T06:28:48.919+0000] {dag.py:4180} INFO - Setting next_dagrun for example_branch_operator to 2025-02-20 00:00:00+00:00, run_after=2025-02-21 00:00:00+00:00
[2025-02-21T06:28:48.947+0000] {processor.py:208} INFO - Processing /home/airflow/.local/lib/python3.12/site-packages/airflow/example_dags/example_branch_operator.py took 0.120 seconds
[2025-02-21T06:29:19.787+0000] {processor.py:186} INFO - Started process (PID=8725) to work on /home/airflow/.local/lib/python3.12/site-packages/airflow/example_dags/example_branch_operator.py
[2025-02-21T06:29:19.789+0000] {processor.py:914} INFO - Processing file /home/airflow/.local/lib/python3.12/site-packages/airflow/example_dags/example_branch_operator.py for tasks to queue
[2025-02-21T06:29:19.791+0000] {logging_mixin.py:190} INFO - [2025-02-21T06:29:19.790+0000] {dagbag.py:588} INFO - Filling up the DagBag from /home/airflow/.local/lib/python3.12/site-packages/airflow/example_dags/example_branch_operator.py
[2025-02-21T06:29:19.813+0000] {processor.py:925} INFO - DAG(s) 'example_branch_operator' retrieved from /home/airflow/.local/lib/python3.12/site-packages/airflow/example_dags/example_branch_operator.py
[2025-02-21T06:29:19.857+0000] {logging_mixin.py:190} INFO - [2025-02-21T06:29:19.856+0000] {dag.py:3239} INFO - Sync 1 DAGs
[2025-02-21T06:29:19.898+0000] {logging_mixin.py:190} INFO - [2025-02-21T06:29:19.898+0000] {dag.py:4180} INFO - Setting next_dagrun for example_branch_operator to 2025-02-20 00:00:00+00:00, run_after=2025-02-21 00:00:00+00:00
[2025-02-21T06:29:19.926+0000] {processor.py:208} INFO - Processing /home/airflow/.local/lib/python3.12/site-packages/airflow/example_dags/example_branch_operator.py took 0.147 seconds
[2025-02-21T06:29:50.201+0000] {processor.py:186} INFO - Started process (PID=8801) to work on /home/airflow/.local/lib/python3.12/site-packages/airflow/example_dags/example_branch_operator.py
[2025-02-21T06:29:50.202+0000] {processor.py:914} INFO - Processing file /home/airflow/.local/lib/python3.12/site-packages/airflow/example_dags/example_branch_operator.py for tasks to queue
[2025-02-21T06:29:50.205+0000] {logging_mixin.py:190} INFO - [2025-02-21T06:29:50.204+0000] {dagbag.py:588} INFO - Filling up the DagBag from /home/airflow/.local/lib/python3.12/site-packages/airflow/example_dags/example_branch_operator.py
[2025-02-21T06:29:50.231+0000] {processor.py:925} INFO - DAG(s) 'example_branch_operator' retrieved from /home/airflow/.local/lib/python3.12/site-packages/airflow/example_dags/example_branch_operator.py
[2025-02-21T06:29:50.270+0000] {logging_mixin.py:190} INFO - [2025-02-21T06:29:50.270+0000] {dag.py:3239} INFO - Sync 1 DAGs
[2025-02-21T06:29:50.303+0000] {logging_mixin.py:190} INFO - [2025-02-21T06:29:50.303+0000] {dag.py:4180} INFO - Setting next_dagrun for example_branch_operator to 2025-02-20 00:00:00+00:00, run_after=2025-02-21 00:00:00+00:00
[2025-02-21T06:29:50.330+0000] {processor.py:208} INFO - Processing /home/airflow/.local/lib/python3.12/site-packages/airflow/example_dags/example_branch_operator.py took 0.135 seconds
