[2025-02-21T06:28:37.897+0000] {processor.py:186} INFO - Started process (PID=8597) to work on /home/airflow/.local/lib/python3.12/site-packages/airflow/example_dags/example_sensor_decorator.py
[2025-02-21T06:28:37.909+0000] {processor.py:914} INFO - Processing file /home/airflow/.local/lib/python3.12/site-packages/airflow/example_dags/example_sensor_decorator.py for tasks to queue
[2025-02-21T06:28:37.912+0000] {logging_mixin.py:190} INFO - [2025-02-21T06:28:37.911+0000] {dagbag.py:588} INFO - Filling up the DagBag from /home/airflow/.local/lib/python3.12/site-packages/airflow/example_dags/example_sensor_decorator.py
[2025-02-21T06:28:37.946+0000] {processor.py:925} INFO - DAG(s) 'example_sensor_decorator' retrieved from /home/airflow/.local/lib/python3.12/site-packages/airflow/example_dags/example_sensor_decorator.py
[2025-02-21T06:28:38.016+0000] {logging_mixin.py:190} INFO - [2025-02-21T06:28:38.016+0000] {dag.py:3239} INFO - Sync 1 DAGs
[2025-02-21T06:28:38.079+0000] {logging_mixin.py:190} INFO - [2025-02-21T06:28:38.079+0000] {dag.py:4180} INFO - Setting next_dagrun for example_sensor_decorator to None, run_after=None
[2025-02-21T06:28:38.167+0000] {processor.py:208} INFO - Processing /home/airflow/.local/lib/python3.12/site-packages/airflow/example_dags/example_sensor_decorator.py took 0.286 seconds
[2025-02-21T06:29:08.709+0000] {processor.py:186} INFO - Started process (PID=8673) to work on /home/airflow/.local/lib/python3.12/site-packages/airflow/example_dags/example_sensor_decorator.py
[2025-02-21T06:29:08.711+0000] {processor.py:914} INFO - Processing file /home/airflow/.local/lib/python3.12/site-packages/airflow/example_dags/example_sensor_decorator.py for tasks to queue
[2025-02-21T06:29:08.714+0000] {logging_mixin.py:190} INFO - [2025-02-21T06:29:08.713+0000] {dagbag.py:588} INFO - Filling up the DagBag from /home/airflow/.local/lib/python3.12/site-packages/airflow/example_dags/example_sensor_decorator.py
[2025-02-21T06:29:08.730+0000] {processor.py:925} INFO - DAG(s) 'example_sensor_decorator' retrieved from /home/airflow/.local/lib/python3.12/site-packages/airflow/example_dags/example_sensor_decorator.py
[2025-02-21T06:29:08.759+0000] {logging_mixin.py:190} INFO - [2025-02-21T06:29:08.758+0000] {dag.py:3239} INFO - Sync 1 DAGs
[2025-02-21T06:29:08.780+0000] {logging_mixin.py:190} INFO - [2025-02-21T06:29:08.780+0000] {dag.py:4180} INFO - Setting next_dagrun for example_sensor_decorator to None, run_after=None
[2025-02-21T06:29:08.818+0000] {processor.py:208} INFO - Processing /home/airflow/.local/lib/python3.12/site-packages/airflow/example_dags/example_sensor_decorator.py took 0.116 seconds
[2025-02-21T06:29:38.989+0000] {processor.py:186} INFO - Started process (PID=8761) to work on /home/airflow/.local/lib/python3.12/site-packages/airflow/example_dags/example_sensor_decorator.py
[2025-02-21T06:29:38.990+0000] {processor.py:914} INFO - Processing file /home/airflow/.local/lib/python3.12/site-packages/airflow/example_dags/example_sensor_decorator.py for tasks to queue
[2025-02-21T06:29:38.992+0000] {logging_mixin.py:190} INFO - [2025-02-21T06:29:38.991+0000] {dagbag.py:588} INFO - Filling up the DagBag from /home/airflow/.local/lib/python3.12/site-packages/airflow/example_dags/example_sensor_decorator.py
[2025-02-21T06:29:39.003+0000] {processor.py:925} INFO - DAG(s) 'example_sensor_decorator' retrieved from /home/airflow/.local/lib/python3.12/site-packages/airflow/example_dags/example_sensor_decorator.py
[2025-02-21T06:29:39.022+0000] {logging_mixin.py:190} INFO - [2025-02-21T06:29:39.022+0000] {dag.py:3239} INFO - Sync 1 DAGs
[2025-02-21T06:29:39.036+0000] {logging_mixin.py:190} INFO - [2025-02-21T06:29:39.035+0000] {dag.py:4180} INFO - Setting next_dagrun for example_sensor_decorator to None, run_after=None
[2025-02-21T06:29:39.060+0000] {processor.py:208} INFO - Processing /home/airflow/.local/lib/python3.12/site-packages/airflow/example_dags/example_sensor_decorator.py took 0.076 seconds
[2025-02-21T06:30:09.211+0000] {processor.py:186} INFO - Started process (PID=8837) to work on /home/airflow/.local/lib/python3.12/site-packages/airflow/example_dags/example_sensor_decorator.py
[2025-02-21T06:30:09.212+0000] {processor.py:914} INFO - Processing file /home/airflow/.local/lib/python3.12/site-packages/airflow/example_dags/example_sensor_decorator.py for tasks to queue
[2025-02-21T06:30:09.213+0000] {logging_mixin.py:190} INFO - [2025-02-21T06:30:09.213+0000] {dagbag.py:588} INFO - Filling up the DagBag from /home/airflow/.local/lib/python3.12/site-packages/airflow/example_dags/example_sensor_decorator.py
[2025-02-21T06:30:09.221+0000] {processor.py:925} INFO - DAG(s) 'example_sensor_decorator' retrieved from /home/airflow/.local/lib/python3.12/site-packages/airflow/example_dags/example_sensor_decorator.py
[2025-02-21T06:30:09.239+0000] {logging_mixin.py:190} INFO - [2025-02-21T06:30:09.239+0000] {dag.py:3239} INFO - Sync 1 DAGs
[2025-02-21T06:30:09.252+0000] {logging_mixin.py:190} INFO - [2025-02-21T06:30:09.251+0000] {dag.py:4180} INFO - Setting next_dagrun for example_sensor_decorator to None, run_after=None
[2025-02-21T06:30:09.269+0000] {processor.py:208} INFO - Processing /home/airflow/.local/lib/python3.12/site-packages/airflow/example_dags/example_sensor_decorator.py took 0.064 seconds
