[2025-02-21T06:28:41.474+0000] {processor.py:186} INFO - Started process (PID=8607) to work on /home/airflow/.local/lib/python3.12/site-packages/airflow/example_dags/example_dag_decorator.py
[2025-02-21T06:28:41.478+0000] {processor.py:914} INFO - Processing file /home/airflow/.local/lib/python3.12/site-packages/airflow/example_dags/example_dag_decorator.py for tasks to queue
[2025-02-21T06:28:41.488+0000] {logging_mixin.py:190} INFO - [2025-02-21T06:28:41.487+0000] {dagbag.py:588} INFO - Filling up the DagBag from /home/airflow/.local/lib/python3.12/site-packages/airflow/example_dags/example_dag_decorator.py
[2025-02-21T06:28:42.170+0000] {processor.py:925} INFO - DAG(s) 'example_dag_decorator' retrieved from /home/airflow/.local/lib/python3.12/site-packages/airflow/example_dags/example_dag_decorator.py
[2025-02-21T06:28:42.564+0000] {logging_mixin.py:190} INFO - [2025-02-21T06:28:42.563+0000] {dag.py:3239} INFO - Sync 1 DAGs
[2025-02-21T06:28:42.609+0000] {logging_mixin.py:190} INFO - [2025-02-21T06:28:42.609+0000] {dag.py:4180} INFO - Setting next_dagrun for example_dag_decorator to None, run_after=None
[2025-02-21T06:28:42.756+0000] {processor.py:208} INFO - Processing /home/airflow/.local/lib/python3.12/site-packages/airflow/example_dags/example_dag_decorator.py took 1.304 seconds
[2025-02-21T06:29:13.497+0000] {processor.py:186} INFO - Started process (PID=8683) to work on /home/airflow/.local/lib/python3.12/site-packages/airflow/example_dags/example_dag_decorator.py
[2025-02-21T06:29:13.498+0000] {processor.py:914} INFO - Processing file /home/airflow/.local/lib/python3.12/site-packages/airflow/example_dags/example_dag_decorator.py for tasks to queue
[2025-02-21T06:29:13.500+0000] {logging_mixin.py:190} INFO - [2025-02-21T06:29:13.500+0000] {dagbag.py:588} INFO - Filling up the DagBag from /home/airflow/.local/lib/python3.12/site-packages/airflow/example_dags/example_dag_decorator.py
[2025-02-21T06:29:13.758+0000] {processor.py:925} INFO - DAG(s) 'example_dag_decorator' retrieved from /home/airflow/.local/lib/python3.12/site-packages/airflow/example_dags/example_dag_decorator.py
[2025-02-21T06:29:13.943+0000] {logging_mixin.py:190} INFO - [2025-02-21T06:29:13.943+0000] {dag.py:3239} INFO - Sync 1 DAGs
[2025-02-21T06:29:13.967+0000] {logging_mixin.py:190} INFO - [2025-02-21T06:29:13.967+0000] {dag.py:4180} INFO - Setting next_dagrun for example_dag_decorator to None, run_after=None
[2025-02-21T06:29:14.000+0000] {processor.py:208} INFO - Processing /home/airflow/.local/lib/python3.12/site-packages/airflow/example_dags/example_dag_decorator.py took 0.510 seconds
[2025-02-21T06:29:44.834+0000] {processor.py:186} INFO - Started process (PID=8771) to work on /home/airflow/.local/lib/python3.12/site-packages/airflow/example_dags/example_dag_decorator.py
[2025-02-21T06:29:44.836+0000] {processor.py:914} INFO - Processing file /home/airflow/.local/lib/python3.12/site-packages/airflow/example_dags/example_dag_decorator.py for tasks to queue
[2025-02-21T06:29:44.837+0000] {logging_mixin.py:190} INFO - [2025-02-21T06:29:44.837+0000] {dagbag.py:588} INFO - Filling up the DagBag from /home/airflow/.local/lib/python3.12/site-packages/airflow/example_dags/example_dag_decorator.py
[2025-02-21T06:29:45.029+0000] {processor.py:925} INFO - DAG(s) 'example_dag_decorator' retrieved from /home/airflow/.local/lib/python3.12/site-packages/airflow/example_dags/example_dag_decorator.py
[2025-02-21T06:29:45.184+0000] {logging_mixin.py:190} INFO - [2025-02-21T06:29:45.183+0000] {dag.py:3239} INFO - Sync 1 DAGs
[2025-02-21T06:29:45.198+0000] {logging_mixin.py:190} INFO - [2025-02-21T06:29:45.198+0000] {dag.py:4180} INFO - Setting next_dagrun for example_dag_decorator to None, run_after=None
[2025-02-21T06:29:45.220+0000] {processor.py:208} INFO - Processing /home/airflow/.local/lib/python3.12/site-packages/airflow/example_dags/example_dag_decorator.py took 0.392 seconds
[2025-02-21T06:30:16.010+0000] {processor.py:186} INFO - Started process (PID=8847) to work on /home/airflow/.local/lib/python3.12/site-packages/airflow/example_dags/example_dag_decorator.py
[2025-02-21T06:30:16.011+0000] {processor.py:914} INFO - Processing file /home/airflow/.local/lib/python3.12/site-packages/airflow/example_dags/example_dag_decorator.py for tasks to queue
[2025-02-21T06:30:16.012+0000] {logging_mixin.py:190} INFO - [2025-02-21T06:30:16.012+0000] {dagbag.py:588} INFO - Filling up the DagBag from /home/airflow/.local/lib/python3.12/site-packages/airflow/example_dags/example_dag_decorator.py
[2025-02-21T06:30:16.175+0000] {processor.py:925} INFO - DAG(s) 'example_dag_decorator' retrieved from /home/airflow/.local/lib/python3.12/site-packages/airflow/example_dags/example_dag_decorator.py
[2025-02-21T06:30:16.299+0000] {logging_mixin.py:190} INFO - [2025-02-21T06:30:16.298+0000] {dag.py:3239} INFO - Sync 1 DAGs
[2025-02-21T06:30:16.311+0000] {logging_mixin.py:190} INFO - [2025-02-21T06:30:16.311+0000] {dag.py:4180} INFO - Setting next_dagrun for example_dag_decorator to None, run_after=None
[2025-02-21T06:30:16.352+0000] {processor.py:208} INFO - Processing /home/airflow/.local/lib/python3.12/site-packages/airflow/example_dags/example_dag_decorator.py took 0.348 seconds
