[2025-02-21T06:28:48.337+0000] {processor.py:186} INFO - Started process (PID=8645) to work on /home/airflow/.local/lib/python3.12/site-packages/airflow/example_dags/example_setup_teardown.py
[2025-02-21T06:28:48.338+0000] {processor.py:914} INFO - Processing file /home/airflow/.local/lib/python3.12/site-packages/airflow/example_dags/example_setup_teardown.py for tasks to queue
[2025-02-21T06:28:48.341+0000] {logging_mixin.py:190} INFO - [2025-02-21T06:28:48.340+0000] {dagbag.py:588} INFO - Filling up the DagBag from /home/airflow/.local/lib/python3.12/site-packages/airflow/example_dags/example_setup_teardown.py
[2025-02-21T06:28:48.353+0000] {processor.py:925} INFO - DAG(s) 'example_setup_teardown' retrieved from /home/airflow/.local/lib/python3.12/site-packages/airflow/example_dags/example_setup_teardown.py
[2025-02-21T06:28:48.383+0000] {logging_mixin.py:190} INFO - [2025-02-21T06:28:48.382+0000] {dag.py:3239} INFO - Sync 1 DAGs
[2025-02-21T06:28:48.406+0000] {logging_mixin.py:190} INFO - [2025-02-21T06:28:48.406+0000] {dag.py:4180} INFO - Setting next_dagrun for example_setup_teardown to None, run_after=None
[2025-02-21T06:28:48.445+0000] {processor.py:208} INFO - Processing /home/airflow/.local/lib/python3.12/site-packages/airflow/example_dags/example_setup_teardown.py took 0.116 seconds
[2025-02-21T06:29:19.231+0000] {processor.py:186} INFO - Started process (PID=8721) to work on /home/airflow/.local/lib/python3.12/site-packages/airflow/example_dags/example_setup_teardown.py
[2025-02-21T06:29:19.232+0000] {processor.py:914} INFO - Processing file /home/airflow/.local/lib/python3.12/site-packages/airflow/example_dags/example_setup_teardown.py for tasks to queue
[2025-02-21T06:29:19.235+0000] {logging_mixin.py:190} INFO - [2025-02-21T06:29:19.234+0000] {dagbag.py:588} INFO - Filling up the DagBag from /home/airflow/.local/lib/python3.12/site-packages/airflow/example_dags/example_setup_teardown.py
[2025-02-21T06:29:19.250+0000] {processor.py:925} INFO - DAG(s) 'example_setup_teardown' retrieved from /home/airflow/.local/lib/python3.12/site-packages/airflow/example_dags/example_setup_teardown.py
[2025-02-21T06:29:19.277+0000] {logging_mixin.py:190} INFO - [2025-02-21T06:29:19.277+0000] {dag.py:3239} INFO - Sync 1 DAGs
[2025-02-21T06:29:19.298+0000] {logging_mixin.py:190} INFO - [2025-02-21T06:29:19.297+0000] {dag.py:4180} INFO - Setting next_dagrun for example_setup_teardown to None, run_after=None
[2025-02-21T06:29:19.328+0000] {processor.py:208} INFO - Processing /home/airflow/.local/lib/python3.12/site-packages/airflow/example_dags/example_setup_teardown.py took 0.107 seconds
[2025-02-21T06:29:49.593+0000] {processor.py:186} INFO - Started process (PID=8796) to work on /home/airflow/.local/lib/python3.12/site-packages/airflow/example_dags/example_setup_teardown.py
[2025-02-21T06:29:49.594+0000] {processor.py:914} INFO - Processing file /home/airflow/.local/lib/python3.12/site-packages/airflow/example_dags/example_setup_teardown.py for tasks to queue
[2025-02-21T06:29:49.597+0000] {logging_mixin.py:190} INFO - [2025-02-21T06:29:49.596+0000] {dagbag.py:588} INFO - Filling up the DagBag from /home/airflow/.local/lib/python3.12/site-packages/airflow/example_dags/example_setup_teardown.py
[2025-02-21T06:29:49.608+0000] {processor.py:925} INFO - DAG(s) 'example_setup_teardown' retrieved from /home/airflow/.local/lib/python3.12/site-packages/airflow/example_dags/example_setup_teardown.py
[2025-02-21T06:29:49.633+0000] {logging_mixin.py:190} INFO - [2025-02-21T06:29:49.632+0000] {dag.py:3239} INFO - Sync 1 DAGs
[2025-02-21T06:29:49.649+0000] {logging_mixin.py:190} INFO - [2025-02-21T06:29:49.649+0000] {dag.py:4180} INFO - Setting next_dagrun for example_setup_teardown to None, run_after=None
[2025-02-21T06:29:49.675+0000] {processor.py:208} INFO - Processing /home/airflow/.local/lib/python3.12/site-packages/airflow/example_dags/example_setup_teardown.py took 0.090 seconds
[2025-02-21T06:30:19.797+0000] {processor.py:186} INFO - Started process (PID=8872) to work on /home/airflow/.local/lib/python3.12/site-packages/airflow/example_dags/example_setup_teardown.py
[2025-02-21T06:30:19.798+0000] {processor.py:914} INFO - Processing file /home/airflow/.local/lib/python3.12/site-packages/airflow/example_dags/example_setup_teardown.py for tasks to queue
[2025-02-21T06:30:19.800+0000] {logging_mixin.py:190} INFO - [2025-02-21T06:30:19.799+0000] {dagbag.py:588} INFO - Filling up the DagBag from /home/airflow/.local/lib/python3.12/site-packages/airflow/example_dags/example_setup_teardown.py
[2025-02-21T06:30:19.809+0000] {processor.py:925} INFO - DAG(s) 'example_setup_teardown' retrieved from /home/airflow/.local/lib/python3.12/site-packages/airflow/example_dags/example_setup_teardown.py
[2025-02-21T06:30:19.833+0000] {logging_mixin.py:190} INFO - [2025-02-21T06:30:19.833+0000] {dag.py:3239} INFO - Sync 1 DAGs
[2025-02-21T06:30:19.850+0000] {logging_mixin.py:190} INFO - [2025-02-21T06:30:19.849+0000] {dag.py:4180} INFO - Setting next_dagrun for example_setup_teardown to None, run_after=None
[2025-02-21T06:30:19.874+0000] {processor.py:208} INFO - Processing /home/airflow/.local/lib/python3.12/site-packages/airflow/example_dags/example_setup_teardown.py took 0.083 seconds
