[2025-02-21T06:28:37.071+0000] {processor.py:186} INFO - Started process (PID=8594) to work on /home/airflow/.local/lib/python3.12/site-packages/airflow/example_dags/example_trigger_target_dag.py
[2025-02-21T06:28:37.074+0000] {processor.py:914} INFO - Processing file /home/airflow/.local/lib/python3.12/site-packages/airflow/example_dags/example_trigger_target_dag.py for tasks to queue
[2025-02-21T06:28:37.086+0000] {logging_mixin.py:190} INFO - [2025-02-21T06:28:37.086+0000] {dagbag.py:588} INFO - Filling up the DagBag from /home/airflow/.local/lib/python3.12/site-packages/airflow/example_dags/example_trigger_target_dag.py
[2025-02-21T06:28:37.137+0000] {processor.py:925} INFO - DAG(s) 'example_trigger_target_dag' retrieved from /home/airflow/.local/lib/python3.12/site-packages/airflow/example_dags/example_trigger_target_dag.py
[2025-02-21T06:28:37.207+0000] {logging_mixin.py:190} INFO - [2025-02-21T06:28:37.206+0000] {dag.py:3239} INFO - Sync 1 DAGs
[2025-02-21T06:28:37.274+0000] {logging_mixin.py:190} INFO - [2025-02-21T06:28:37.274+0000] {dag.py:4180} INFO - Setting next_dagrun for example_trigger_target_dag to None, run_after=None
[2025-02-21T06:28:37.360+0000] {processor.py:208} INFO - Processing /home/airflow/.local/lib/python3.12/site-packages/airflow/example_dags/example_trigger_target_dag.py took 0.311 seconds
[2025-02-21T06:29:07.501+0000] {processor.py:186} INFO - Started process (PID=8670) to work on /home/airflow/.local/lib/python3.12/site-packages/airflow/example_dags/example_trigger_target_dag.py
[2025-02-21T06:29:07.502+0000] {processor.py:914} INFO - Processing file /home/airflow/.local/lib/python3.12/site-packages/airflow/example_dags/example_trigger_target_dag.py for tasks to queue
[2025-02-21T06:29:07.504+0000] {logging_mixin.py:190} INFO - [2025-02-21T06:29:07.504+0000] {dagbag.py:588} INFO - Filling up the DagBag from /home/airflow/.local/lib/python3.12/site-packages/airflow/example_dags/example_trigger_target_dag.py
[2025-02-21T06:29:07.513+0000] {processor.py:925} INFO - DAG(s) 'example_trigger_target_dag' retrieved from /home/airflow/.local/lib/python3.12/site-packages/airflow/example_dags/example_trigger_target_dag.py
[2025-02-21T06:29:07.544+0000] {logging_mixin.py:190} INFO - [2025-02-21T06:29:07.544+0000] {dag.py:3239} INFO - Sync 1 DAGs
[2025-02-21T06:29:07.563+0000] {logging_mixin.py:190} INFO - [2025-02-21T06:29:07.562+0000] {dag.py:4180} INFO - Setting next_dagrun for example_trigger_target_dag to None, run_after=None
[2025-02-21T06:29:07.593+0000] {processor.py:208} INFO - Processing /home/airflow/.local/lib/python3.12/site-packages/airflow/example_dags/example_trigger_target_dag.py took 0.100 seconds
[2025-02-21T06:29:38.496+0000] {processor.py:186} INFO - Started process (PID=8758) to work on /home/airflow/.local/lib/python3.12/site-packages/airflow/example_dags/example_trigger_target_dag.py
[2025-02-21T06:29:38.497+0000] {processor.py:914} INFO - Processing file /home/airflow/.local/lib/python3.12/site-packages/airflow/example_dags/example_trigger_target_dag.py for tasks to queue
[2025-02-21T06:29:38.499+0000] {logging_mixin.py:190} INFO - [2025-02-21T06:29:38.499+0000] {dagbag.py:588} INFO - Filling up the DagBag from /home/airflow/.local/lib/python3.12/site-packages/airflow/example_dags/example_trigger_target_dag.py
[2025-02-21T06:29:38.508+0000] {processor.py:925} INFO - DAG(s) 'example_trigger_target_dag' retrieved from /home/airflow/.local/lib/python3.12/site-packages/airflow/example_dags/example_trigger_target_dag.py
[2025-02-21T06:29:38.525+0000] {logging_mixin.py:190} INFO - [2025-02-21T06:29:38.525+0000] {dag.py:3239} INFO - Sync 1 DAGs
[2025-02-21T06:29:38.541+0000] {logging_mixin.py:190} INFO - [2025-02-21T06:29:38.540+0000] {dag.py:4180} INFO - Setting next_dagrun for example_trigger_target_dag to None, run_after=None
[2025-02-21T06:29:38.558+0000] {processor.py:208} INFO - Processing /home/airflow/.local/lib/python3.12/site-packages/airflow/example_dags/example_trigger_target_dag.py took 0.067 seconds
[2025-02-21T06:30:08.968+0000] {processor.py:186} INFO - Started process (PID=8834) to work on /home/airflow/.local/lib/python3.12/site-packages/airflow/example_dags/example_trigger_target_dag.py
[2025-02-21T06:30:08.970+0000] {processor.py:914} INFO - Processing file /home/airflow/.local/lib/python3.12/site-packages/airflow/example_dags/example_trigger_target_dag.py for tasks to queue
[2025-02-21T06:30:08.971+0000] {logging_mixin.py:190} INFO - [2025-02-21T06:30:08.971+0000] {dagbag.py:588} INFO - Filling up the DagBag from /home/airflow/.local/lib/python3.12/site-packages/airflow/example_dags/example_trigger_target_dag.py
[2025-02-21T06:30:08.978+0000] {processor.py:925} INFO - DAG(s) 'example_trigger_target_dag' retrieved from /home/airflow/.local/lib/python3.12/site-packages/airflow/example_dags/example_trigger_target_dag.py
[2025-02-21T06:30:08.999+0000] {logging_mixin.py:190} INFO - [2025-02-21T06:30:08.998+0000] {dag.py:3239} INFO - Sync 1 DAGs
[2025-02-21T06:30:09.012+0000] {logging_mixin.py:190} INFO - [2025-02-21T06:30:09.012+0000] {dag.py:4180} INFO - Setting next_dagrun for example_trigger_target_dag to None, run_after=None
[2025-02-21T06:30:09.032+0000] {processor.py:208} INFO - Processing /home/airflow/.local/lib/python3.12/site-packages/airflow/example_dags/example_trigger_target_dag.py took 0.070 seconds
