[2025-02-21T06:28:40.657+0000] {processor.py:186} INFO - Started process (PID=8605) to work on /home/airflow/.local/lib/python3.12/site-packages/airflow/example_dags/example_bash_operator.py
[2025-02-21T06:28:40.659+0000] {processor.py:914} INFO - Processing file /home/airflow/.local/lib/python3.12/site-packages/airflow/example_dags/example_bash_operator.py for tasks to queue
[2025-02-21T06:28:40.673+0000] {logging_mixin.py:190} INFO - [2025-02-21T06:28:40.672+0000] {dagbag.py:588} INFO - Filling up the DagBag from /home/airflow/.local/lib/python3.12/site-packages/airflow/example_dags/example_bash_operator.py
[2025-02-21T06:28:40.725+0000] {processor.py:925} INFO - DAG(s) 'example_bash_operator' retrieved from /home/airflow/.local/lib/python3.12/site-packages/airflow/example_dags/example_bash_operator.py
[2025-02-21T06:28:40.855+0000] {logging_mixin.py:190} INFO - [2025-02-21T06:28:40.854+0000] {dag.py:3239} INFO - Sync 1 DAGs
[2025-02-21T06:28:40.971+0000] {logging_mixin.py:190} INFO - [2025-02-21T06:28:40.971+0000] {dag.py:4180} INFO - Setting next_dagrun for example_bash_operator to 2025-02-20 00:00:00+00:00, run_after=2025-02-21 00:00:00+00:00
[2025-02-21T06:28:41.045+0000] {processor.py:208} INFO - Processing /home/airflow/.local/lib/python3.12/site-packages/airflow/example_dags/example_bash_operator.py took 0.411 seconds
[2025-02-21T06:29:11.324+0000] {processor.py:186} INFO - Started process (PID=8680) to work on /home/airflow/.local/lib/python3.12/site-packages/airflow/example_dags/example_bash_operator.py
[2025-02-21T06:29:11.325+0000] {processor.py:914} INFO - Processing file /home/airflow/.local/lib/python3.12/site-packages/airflow/example_dags/example_bash_operator.py for tasks to queue
[2025-02-21T06:29:11.326+0000] {logging_mixin.py:190} INFO - [2025-02-21T06:29:11.326+0000] {dagbag.py:588} INFO - Filling up the DagBag from /home/airflow/.local/lib/python3.12/site-packages/airflow/example_dags/example_bash_operator.py
[2025-02-21T06:29:11.341+0000] {processor.py:925} INFO - DAG(s) 'example_bash_operator' retrieved from /home/airflow/.local/lib/python3.12/site-packages/airflow/example_dags/example_bash_operator.py
[2025-02-21T06:29:11.369+0000] {logging_mixin.py:190} INFO - [2025-02-21T06:29:11.369+0000] {dag.py:3239} INFO - Sync 1 DAGs
[2025-02-21T06:29:11.399+0000] {logging_mixin.py:190} INFO - [2025-02-21T06:29:11.399+0000] {dag.py:4180} INFO - Setting next_dagrun for example_bash_operator to 2025-02-20 00:00:00+00:00, run_after=2025-02-21 00:00:00+00:00
[2025-02-21T06:29:11.427+0000] {processor.py:208} INFO - Processing /home/airflow/.local/lib/python3.12/site-packages/airflow/example_dags/example_bash_operator.py took 0.109 seconds
[2025-02-21T06:29:41.626+0000] {processor.py:186} INFO - Started process (PID=8768) to work on /home/airflow/.local/lib/python3.12/site-packages/airflow/example_dags/example_bash_operator.py
[2025-02-21T06:29:41.628+0000] {processor.py:914} INFO - Processing file /home/airflow/.local/lib/python3.12/site-packages/airflow/example_dags/example_bash_operator.py for tasks to queue
[2025-02-21T06:29:41.630+0000] {logging_mixin.py:190} INFO - [2025-02-21T06:29:41.629+0000] {dagbag.py:588} INFO - Filling up the DagBag from /home/airflow/.local/lib/python3.12/site-packages/airflow/example_dags/example_bash_operator.py
[2025-02-21T06:29:41.645+0000] {processor.py:925} INFO - DAG(s) 'example_bash_operator' retrieved from /home/airflow/.local/lib/python3.12/site-packages/airflow/example_dags/example_bash_operator.py
[2025-02-21T06:29:41.683+0000] {logging_mixin.py:190} INFO - [2025-02-21T06:29:41.683+0000] {dag.py:3239} INFO - Sync 1 DAGs
[2025-02-21T06:29:41.719+0000] {logging_mixin.py:190} INFO - [2025-02-21T06:29:41.718+0000] {dag.py:4180} INFO - Setting next_dagrun for example_bash_operator to 2025-02-20 00:00:00+00:00, run_after=2025-02-21 00:00:00+00:00
[2025-02-21T06:29:41.754+0000] {processor.py:208} INFO - Processing /home/airflow/.local/lib/python3.12/site-packages/airflow/example_dags/example_bash_operator.py took 0.134 seconds
[2025-02-21T06:30:11.828+0000] {processor.py:186} INFO - Started process (PID=8844) to work on /home/airflow/.local/lib/python3.12/site-packages/airflow/example_dags/example_bash_operator.py
[2025-02-21T06:30:11.831+0000] {processor.py:914} INFO - Processing file /home/airflow/.local/lib/python3.12/site-packages/airflow/example_dags/example_bash_operator.py for tasks to queue
[2025-02-21T06:30:11.832+0000] {logging_mixin.py:190} INFO - [2025-02-21T06:30:11.832+0000] {dagbag.py:588} INFO - Filling up the DagBag from /home/airflow/.local/lib/python3.12/site-packages/airflow/example_dags/example_bash_operator.py
[2025-02-21T06:30:11.846+0000] {processor.py:925} INFO - DAG(s) 'example_bash_operator' retrieved from /home/airflow/.local/lib/python3.12/site-packages/airflow/example_dags/example_bash_operator.py
[2025-02-21T06:30:11.874+0000] {logging_mixin.py:190} INFO - [2025-02-21T06:30:11.874+0000] {dag.py:3239} INFO - Sync 1 DAGs
[2025-02-21T06:30:11.898+0000] {logging_mixin.py:190} INFO - [2025-02-21T06:30:11.897+0000] {dag.py:4180} INFO - Setting next_dagrun for example_bash_operator to 2025-02-20 00:00:00+00:00, run_after=2025-02-21 00:00:00+00:00
[2025-02-21T06:30:11.921+0000] {processor.py:208} INFO - Processing /home/airflow/.local/lib/python3.12/site-packages/airflow/example_dags/example_bash_operator.py took 0.098 seconds
