[2025-02-18T11:02:30.475+0000] {local_task_job_runner.py:123} INFO - ::group::Pre task execution logs
[2025-02-18T11:02:30.491+0000] {taskinstance.py:2614} INFO - Dependencies all met for dep_context=non-requeueable deps ti=<TaskInstance: google_news_scraper.load_config manual__2025-02-18T11:02:28.040747+00:00 [queued]>
[2025-02-18T11:02:30.498+0000] {taskinstance.py:2614} INFO - Dependencies all met for dep_context=requeueable deps ti=<TaskInstance: google_news_scraper.load_config manual__2025-02-18T11:02:28.040747+00:00 [queued]>
[2025-02-18T11:02:30.499+0000] {taskinstance.py:2867} INFO - Starting attempt 1 of 3
[2025-02-18T11:02:30.511+0000] {taskinstance.py:2890} INFO - Executing <Task(PythonOperator): load_config> on 2025-02-18 11:02:28.040747+00:00
[2025-02-18T11:02:30.520+0000] {warnings.py:112} WARNING - /home/***/.local/lib/python3.12/site-packages/***/task/task_runner/standard_task_runner.py:70: DeprecationWarning: This process (pid=444) is multi-threaded, use of fork() may lead to deadlocks in the child.
  pid = os.fork()

[2025-02-18T11:02:30.522+0000] {standard_task_runner.py:72} INFO - Started process 458 to run task
[2025-02-18T11:02:30.522+0000] {standard_task_runner.py:104} INFO - Running: ['***', 'tasks', 'run', 'google_news_scraper', 'load_config', 'manual__2025-02-18T11:02:28.040747+00:00', '--job-id', '73', '--raw', '--subdir', 'DAGS_FOLDER/dag2.py', '--cfg-path', '/tmp/tmpo8784a66']
[2025-02-18T11:02:30.524+0000] {standard_task_runner.py:105} INFO - Job 73: Subtask load_config
[2025-02-18T11:02:30.574+0000] {task_command.py:467} INFO - Running <TaskInstance: google_news_scraper.load_config manual__2025-02-18T11:02:28.040747+00:00 [running]> on host 9546a27fb76d
[2025-02-18T11:02:30.651+0000] {taskinstance.py:3134} INFO - Exporting env vars: AIRFLOW_CTX_DAG_OWNER='***' AIRFLOW_CTX_DAG_ID='google_news_scraper' AIRFLOW_CTX_TASK_ID='load_config' AIRFLOW_CTX_EXECUTION_DATE='2025-02-18T11:02:28.040747+00:00' AIRFLOW_CTX_TRY_NUMBER='1' AIRFLOW_CTX_DAG_RUN_ID='manual__2025-02-18T11:02:28.040747+00:00'
[2025-02-18T11:02:30.653+0000] {logging_mixin.py:190} INFO - Task instance is in running state
[2025-02-18T11:02:30.654+0000] {logging_mixin.py:190} INFO -  Previous state of the Task instance: queued
[2025-02-18T11:02:30.655+0000] {logging_mixin.py:190} INFO - Current task name:load_config state:running start_date:2025-02-18 11:02:30.492264+00:00
[2025-02-18T11:02:30.656+0000] {logging_mixin.py:190} INFO - Dag name:google_news_scraper and current dag run status:running
[2025-02-18T11:02:30.656+0000] {taskinstance.py:732} INFO - ::endgroup::
[2025-02-18T11:02:30.658+0000] {logging_mixin.py:190} INFO - Current Working Directory: /opt/***
[2025-02-18T11:02:30.663+0000] {logging_mixin.py:190} INFO - Config Loaded: {'google_news_url': 'https://news.google.com/', 'output_file': 'news_articles.json'}
[2025-02-18T11:02:30.664+0000] {python.py:240} INFO - Done. Returned value was: {'google_news_url': 'https://news.google.com/', 'output_file': 'news_articles.json'}
[2025-02-18T11:02:30.686+0000] {taskinstance.py:341} INFO - ::group::Post task execution logs
[2025-02-18T11:02:30.687+0000] {taskinstance.py:353} INFO - Marking task as SUCCESS. dag_id=google_news_scraper, task_id=load_config, run_id=manual__2025-02-18T11:02:28.040747+00:00, execution_date=20250218T110228, start_date=20250218T110230, end_date=20250218T110230
[2025-02-18T11:02:30.710+0000] {logging_mixin.py:190} INFO - Task instance in success state
[2025-02-18T11:02:30.711+0000] {logging_mixin.py:190} INFO -  Previous state of the Task instance: running
[2025-02-18T11:02:30.711+0000] {logging_mixin.py:190} INFO - Dag name:google_news_scraper queued_at:2025-02-18 11:02:28.053234+00:00
[2025-02-18T11:02:30.712+0000] {logging_mixin.py:190} INFO - Task hostname:9546a27fb76d operator:PythonOperator
[2025-02-18T11:02:30.750+0000] {local_task_job_runner.py:266} INFO - Task exited with return code 0
[2025-02-18T11:02:30.779+0000] {taskinstance.py:3901} INFO - 1 downstream tasks scheduled from follow-on schedule check
[2025-02-18T11:02:30.783+0000] {local_task_job_runner.py:245} INFO - ::endgroup::
