[2025-02-21T06:28:44.704+0000] {processor.py:186} INFO - Started process (PID=8617) to work on /opt/airflow/dags/dag2.py
[2025-02-21T06:28:44.706+0000] {processor.py:914} INFO - Processing file /opt/airflow/dags/dag2.py for tasks to queue
[2025-02-21T06:28:44.710+0000] {logging_mixin.py:190} INFO - [2025-02-21T06:28:44.709+0000] {dagbag.py:588} INFO - Filling up the DagBag from /opt/airflow/dags/dag2.py
[2025-02-21T06:28:46.802+0000] {processor.py:925} INFO - DAG(s) 'google_news_scraper' retrieved from /opt/airflow/dags/dag2.py
[2025-02-21T06:28:46.863+0000] {logging_mixin.py:190} INFO - [2025-02-21T06:28:46.860+0000] {dag.py:3239} INFO - Sync 1 DAGs
[2025-02-21T06:28:46.924+0000] {logging_mixin.py:190} INFO - [2025-02-21T06:28:46.923+0000] {dag.py:4180} INFO - Setting next_dagrun for google_news_scraper to 2025-02-21 00:00:00+00:00, run_after=2025-02-22 00:00:00+00:00
[2025-02-21T06:28:46.964+0000] {processor.py:208} INFO - Processing /opt/airflow/dags/dag2.py took 2.280 seconds
[2025-02-21T06:29:17.183+0000] {processor.py:186} INFO - Started process (PID=8698) to work on /opt/airflow/dags/dag2.py
[2025-02-21T06:29:17.185+0000] {processor.py:914} INFO - Processing file /opt/airflow/dags/dag2.py for tasks to queue
[2025-02-21T06:29:17.187+0000] {logging_mixin.py:190} INFO - [2025-02-21T06:29:17.187+0000] {dagbag.py:588} INFO - Filling up the DagBag from /opt/airflow/dags/dag2.py
[2025-02-21T06:29:18.546+0000] {processor.py:925} INFO - DAG(s) 'google_news_scraper' retrieved from /opt/airflow/dags/dag2.py
[2025-02-21T06:29:18.572+0000] {logging_mixin.py:190} INFO - [2025-02-21T06:29:18.571+0000] {dag.py:3239} INFO - Sync 1 DAGs
[2025-02-21T06:29:18.607+0000] {logging_mixin.py:190} INFO - [2025-02-21T06:29:18.606+0000] {dag.py:4180} INFO - Setting next_dagrun for google_news_scraper to 2025-02-21 00:00:00+00:00, run_after=2025-02-22 00:00:00+00:00
[2025-02-21T06:29:18.633+0000] {processor.py:208} INFO - Processing /opt/airflow/dags/dag2.py took 1.460 seconds
[2025-02-21T06:29:28.220+0000] {processor.py:186} INFO - Started process (PID=8735) to work on /opt/airflow/dags/dag2.py
[2025-02-21T06:29:28.221+0000] {processor.py:914} INFO - Processing file /opt/airflow/dags/dag2.py for tasks to queue
[2025-02-21T06:29:28.225+0000] {logging_mixin.py:190} INFO - [2025-02-21T06:29:28.224+0000] {dagbag.py:588} INFO - Filling up the DagBag from /opt/airflow/dags/dag2.py
[2025-02-21T06:29:29.828+0000] {processor.py:925} INFO - DAG(s) 'google_news_scraper' retrieved from /opt/airflow/dags/dag2.py
[2025-02-21T06:29:29.859+0000] {logging_mixin.py:190} INFO - [2025-02-21T06:29:29.858+0000] {dag.py:3239} INFO - Sync 1 DAGs
[2025-02-21T06:29:29.909+0000] {logging_mixin.py:190} INFO - [2025-02-21T06:29:29.908+0000] {dag.py:4180} INFO - Setting next_dagrun for google_news_scraper to 2025-02-21 00:00:00+00:00, run_after=2025-02-22 00:00:00+00:00
[2025-02-21T06:29:29.963+0000] {processor.py:208} INFO - Processing /opt/airflow/dags/dag2.py took 1.754 seconds
[2025-02-21T06:30:00.211+0000] {processor.py:186} INFO - Started process (PID=8817) to work on /opt/airflow/dags/dag2.py
[2025-02-21T06:30:00.212+0000] {processor.py:914} INFO - Processing file /opt/airflow/dags/dag2.py for tasks to queue
[2025-02-21T06:30:00.214+0000] {logging_mixin.py:190} INFO - [2025-02-21T06:30:00.213+0000] {dagbag.py:588} INFO - Filling up the DagBag from /opt/airflow/dags/dag2.py
[2025-02-21T06:30:01.040+0000] {processor.py:925} INFO - DAG(s) 'google_news_scraper' retrieved from /opt/airflow/dags/dag2.py
[2025-02-21T06:30:01.063+0000] {logging_mixin.py:190} INFO - [2025-02-21T06:30:01.063+0000] {dag.py:3239} INFO - Sync 1 DAGs
[2025-02-21T06:30:01.083+0000] {logging_mixin.py:190} INFO - [2025-02-21T06:30:01.082+0000] {dag.py:4180} INFO - Setting next_dagrun for google_news_scraper to 2025-02-21 00:00:00+00:00, run_after=2025-02-22 00:00:00+00:00
[2025-02-21T06:30:01.105+0000] {processor.py:208} INFO - Processing /opt/airflow/dags/dag2.py took 0.900 seconds
