[2025-02-16T10:49:06.192+0000] {local_task_job_runner.py:123} INFO - ::group::Pre task execution logs
[2025-02-16T10:49:06.209+0000] {taskinstance.py:2614} INFO - Dependencies all met for dep_context=non-requeueable deps ti=<TaskInstance: google_news_scraper.load_config scheduled__2025-02-15T00:00:00+00:00 [queued]>
[2025-02-16T10:49:06.219+0000] {taskinstance.py:2614} INFO - Dependencies all met for dep_context=requeueable deps ti=<TaskInstance: google_news_scraper.load_config scheduled__2025-02-15T00:00:00+00:00 [queued]>
[2025-02-16T10:49:06.220+0000] {taskinstance.py:2867} INFO - Starting attempt 1 of 4
[2025-02-16T10:49:06.233+0000] {taskinstance.py:2890} INFO - Executing <Task(PythonOperator): load_config> on 2025-02-15 00:00:00+00:00
[2025-02-16T10:49:06.241+0000] {warnings.py:112} WARNING - /home/***/.local/lib/python3.12/site-packages/***/task/task_runner/standard_task_runner.py:70: DeprecationWarning: This process (pid=117) is multi-threaded, use of fork() may lead to deadlocks in the child.
  pid = os.fork()

[2025-02-16T10:49:06.243+0000] {standard_task_runner.py:72} INFO - Started process 156 to run task
[2025-02-16T10:49:06.245+0000] {standard_task_runner.py:104} INFO - Running: ['***', 'tasks', 'run', 'google_news_scraper', 'load_config', 'scheduled__2025-02-15T00:00:00+00:00', '--job-id', '7', '--raw', '--subdir', 'DAGS_FOLDER/dag1.py', '--cfg-path', '/tmp/tmpj9v9tpew']
[2025-02-16T10:49:06.246+0000] {standard_task_runner.py:105} INFO - Job 7: Subtask load_config
[2025-02-16T10:49:06.296+0000] {task_command.py:467} INFO - Running <TaskInstance: google_news_scraper.load_config scheduled__2025-02-15T00:00:00+00:00 [running]> on host 303d3deb3770
[2025-02-16T10:49:06.367+0000] {taskinstance.py:3134} INFO - Exporting env vars: AIRFLOW_CTX_DAG_OWNER='***' AIRFLOW_CTX_DAG_ID='google_news_scraper' AIRFLOW_CTX_TASK_ID='load_config' AIRFLOW_CTX_EXECUTION_DATE='2025-02-15T00:00:00+00:00' AIRFLOW_CTX_TRY_NUMBER='1' AIRFLOW_CTX_DAG_RUN_ID='scheduled__2025-02-15T00:00:00+00:00'
[2025-02-16T10:49:06.369+0000] {logging_mixin.py:190} INFO - Task instance is in running state
[2025-02-16T10:49:06.369+0000] {logging_mixin.py:190} INFO -  Previous state of the Task instance: queued
[2025-02-16T10:49:06.370+0000] {logging_mixin.py:190} INFO - Current task name:load_config state:running start_date:2025-02-16 10:49:06.210489+00:00
[2025-02-16T10:49:06.370+0000] {logging_mixin.py:190} INFO - Dag name:google_news_scraper and current dag run status:running
[2025-02-16T10:49:06.371+0000] {taskinstance.py:732} INFO - ::endgroup::
[2025-02-16T10:49:06.372+0000] {dag1.py:12} INFO - Starting task: Load Config
[2025-02-16T10:49:06.375+0000] {dag1.py:16} INFO - Completed task: Load Config
[2025-02-16T10:49:06.375+0000] {python.py:240} INFO - Done. Returned value was: {'google_news_url': 'https://news.google.com/', 'output_file': 'news_articles.json'}
[2025-02-16T10:49:06.395+0000] {taskinstance.py:341} INFO - ::group::Post task execution logs
[2025-02-16T10:49:06.396+0000] {taskinstance.py:353} INFO - Marking task as SUCCESS. dag_id=google_news_scraper, task_id=load_config, run_id=scheduled__2025-02-15T00:00:00+00:00, execution_date=20250215T000000, start_date=20250216T104906, end_date=20250216T104906
[2025-02-16T10:49:06.416+0000] {logging_mixin.py:190} INFO - Task instance in success state
[2025-02-16T10:49:06.417+0000] {logging_mixin.py:190} INFO -  Previous state of the Task instance: running
[2025-02-16T10:49:06.417+0000] {logging_mixin.py:190} INFO - Dag name:google_news_scraper queued_at:2025-02-16 10:49:00.755552+00:00
[2025-02-16T10:49:06.418+0000] {logging_mixin.py:190} INFO - Task hostname:303d3deb3770 operator:PythonOperator
[2025-02-16T10:49:06.460+0000] {local_task_job_runner.py:266} INFO - Task exited with return code 0
[2025-02-16T10:49:06.489+0000] {taskinstance.py:3901} INFO - 1 downstream tasks scheduled from follow-on schedule check
[2025-02-16T10:49:06.491+0000] {local_task_job_runner.py:245} INFO - ::endgroup::
