[2025-02-18T11:43:40.298+0000] {local_task_job_runner.py:123} INFO - ::group::Pre task execution logs
[2025-02-18T11:43:40.320+0000] {taskinstance.py:2614} INFO - Dependencies all met for dep_context=non-requeueable deps ti=<TaskInstance: google_news_scraper.save_article_data manual__2025-02-18T11:43:00.228183+00:00 [queued]>
[2025-02-18T11:43:40.330+0000] {taskinstance.py:2614} INFO - Dependencies all met for dep_context=requeueable deps ti=<TaskInstance: google_news_scraper.save_article_data manual__2025-02-18T11:43:00.228183+00:00 [queued]>
[2025-02-18T11:43:40.331+0000] {taskinstance.py:2867} INFO - Starting attempt 1 of 3
[2025-02-18T11:43:40.345+0000] {taskinstance.py:2890} INFO - Executing <Task(PythonOperator): save_article_data> on 2025-02-18 11:43:00.228183+00:00
[2025-02-18T11:43:40.359+0000] {warnings.py:112} WARNING - /home/***/.local/lib/python3.12/site-packages/***/task/task_runner/standard_task_runner.py:70: DeprecationWarning: This process (pid=3653) is multi-threaded, use of fork() may lead to deadlocks in the child.
  pid = os.fork()

[2025-02-18T11:43:40.361+0000] {standard_task_runner.py:104} INFO - Running: ['***', 'tasks', 'run', 'google_news_scraper', 'save_article_data', 'manual__2025-02-18T11:43:00.228183+00:00', '--job-id', '101', '--raw', '--subdir', 'DAGS_FOLDER/dag2.py', '--cfg-path', '/tmp/tmp6t_ul786']
[2025-02-18T11:43:40.364+0000] {standard_task_runner.py:72} INFO - Started process 3667 to run task
[2025-02-18T11:43:40.365+0000] {standard_task_runner.py:105} INFO - Job 101: Subtask save_article_data
[2025-02-18T11:43:40.406+0000] {task_command.py:467} INFO - Running <TaskInstance: google_news_scraper.save_article_data manual__2025-02-18T11:43:00.228183+00:00 [running]> on host 9546a27fb76d
[2025-02-18T11:43:40.479+0000] {taskinstance.py:3134} INFO - Exporting env vars: AIRFLOW_CTX_DAG_OWNER='***' AIRFLOW_CTX_DAG_ID='google_news_scraper' AIRFLOW_CTX_TASK_ID='save_article_data' AIRFLOW_CTX_EXECUTION_DATE='2025-02-18T11:43:00.228183+00:00' AIRFLOW_CTX_TRY_NUMBER='1' AIRFLOW_CTX_DAG_RUN_ID='manual__2025-02-18T11:43:00.228183+00:00'
[2025-02-18T11:43:40.480+0000] {logging_mixin.py:190} INFO - Task instance is in running state
[2025-02-18T11:43:40.481+0000] {logging_mixin.py:190} INFO -  Previous state of the Task instance: queued
[2025-02-18T11:43:40.482+0000] {logging_mixin.py:190} INFO - Current task name:save_article_data state:running start_date:2025-02-18 11:43:40.320795+00:00
[2025-02-18T11:43:40.483+0000] {logging_mixin.py:190} INFO - Dag name:google_news_scraper and current dag run status:running
[2025-02-18T11:43:40.484+0000] {taskinstance.py:732} INFO - ::endgroup::
[2025-02-18T11:43:40.500+0000] {dag2.py:43} WARNING - No articles to save.
[2025-02-18T11:43:40.501+0000] {python.py:240} INFO - Done. Returned value was: None
[2025-02-18T11:43:40.510+0000] {taskinstance.py:341} INFO - ::group::Post task execution logs
[2025-02-18T11:43:40.511+0000] {taskinstance.py:353} INFO - Marking task as SUCCESS. dag_id=google_news_scraper, task_id=save_article_data, run_id=manual__2025-02-18T11:43:00.228183+00:00, execution_date=20250218T114300, start_date=20250218T114340, end_date=20250218T114340
[2025-02-18T11:43:40.533+0000] {logging_mixin.py:190} INFO - Task instance in success state
[2025-02-18T11:43:40.534+0000] {logging_mixin.py:190} INFO -  Previous state of the Task instance: running
[2025-02-18T11:43:40.534+0000] {logging_mixin.py:190} INFO - Dag name:google_news_scraper queued_at:2025-02-18 11:43:00.244441+00:00
[2025-02-18T11:43:40.535+0000] {logging_mixin.py:190} INFO - Task hostname:9546a27fb76d operator:PythonOperator
[2025-02-18T11:43:40.544+0000] {local_task_job_runner.py:266} INFO - Task exited with return code 0
[2025-02-18T11:43:40.557+0000] {taskinstance.py:3901} INFO - 0 downstream tasks scheduled from follow-on schedule check
[2025-02-18T11:43:40.559+0000] {local_task_job_runner.py:245} INFO - ::endgroup::
