[2025-02-18T10:50:14.208+0000] {local_task_job_runner.py:123} INFO - ::group::Pre task execution logs
[2025-02-18T10:50:14.221+0000] {taskinstance.py:2614} INFO - Dependencies all met for dep_context=non-requeueable deps ti=<TaskInstance: google_news_scraper.load_config manual__2025-02-18T10:50:12.159951+00:00 [queued]>
[2025-02-18T10:50:14.229+0000] {taskinstance.py:2614} INFO - Dependencies all met for dep_context=requeueable deps ti=<TaskInstance: google_news_scraper.load_config manual__2025-02-18T10:50:12.159951+00:00 [queued]>
[2025-02-18T10:50:14.229+0000] {taskinstance.py:2867} INFO - Starting attempt 1 of 3
[2025-02-18T10:50:14.241+0000] {taskinstance.py:2890} INFO - Executing <Task(PythonOperator): load_config> on 2025-02-18 10:50:12.159951+00:00
[2025-02-18T10:50:14.249+0000] {warnings.py:112} WARNING - /home/***/.local/lib/python3.12/site-packages/***/task/task_runner/standard_task_runner.py:70: DeprecationWarning: This process (pid=167) is multi-threaded, use of fork() may lead to deadlocks in the child.
  pid = os.fork()

[2025-02-18T10:50:14.252+0000] {standard_task_runner.py:72} INFO - Started process 183 to run task
[2025-02-18T10:50:14.253+0000] {standard_task_runner.py:104} INFO - Running: ['***', 'tasks', 'run', 'google_news_scraper', 'load_config', 'manual__2025-02-18T10:50:12.159951+00:00', '--job-id', '67', '--raw', '--subdir', 'DAGS_FOLDER/dag2.py', '--cfg-path', '/tmp/tmpkwdr2yzg']
[2025-02-18T10:50:14.254+0000] {standard_task_runner.py:105} INFO - Job 67: Subtask load_config
[2025-02-18T10:50:14.333+0000] {task_command.py:467} INFO - Running <TaskInstance: google_news_scraper.load_config manual__2025-02-18T10:50:12.159951+00:00 [running]> on host 9546a27fb76d
[2025-02-18T10:50:14.405+0000] {taskinstance.py:3134} INFO - Exporting env vars: AIRFLOW_CTX_DAG_OWNER='***' AIRFLOW_CTX_DAG_ID='google_news_scraper' AIRFLOW_CTX_TASK_ID='load_config' AIRFLOW_CTX_EXECUTION_DATE='2025-02-18T10:50:12.159951+00:00' AIRFLOW_CTX_TRY_NUMBER='1' AIRFLOW_CTX_DAG_RUN_ID='manual__2025-02-18T10:50:12.159951+00:00'
[2025-02-18T10:50:14.407+0000] {logging_mixin.py:190} INFO - Task instance is in running state
[2025-02-18T10:50:14.408+0000] {logging_mixin.py:190} INFO -  Previous state of the Task instance: queued
[2025-02-18T10:50:14.410+0000] {logging_mixin.py:190} INFO - Current task name:load_config state:running start_date:2025-02-18 10:50:14.222184+00:00
[2025-02-18T10:50:14.410+0000] {logging_mixin.py:190} INFO - Dag name:google_news_scraper and current dag run status:running
[2025-02-18T10:50:14.411+0000] {taskinstance.py:732} INFO - ::endgroup::
[2025-02-18T10:50:14.412+0000] {logging_mixin.py:190} INFO - Current Working Directory: /opt/***
[2025-02-18T10:50:14.435+0000] {logging_mixin.py:190} INFO - Config Loaded: {'google_news_url': 'https://news.google.com/', 'output_file': 'news_articles.json'}
[2025-02-18T10:50:14.436+0000] {python.py:240} INFO - Done. Returned value was: {'google_news_url': 'https://news.google.com/', 'output_file': 'news_articles.json'}
[2025-02-18T10:50:14.459+0000] {taskinstance.py:341} INFO - ::group::Post task execution logs
[2025-02-18T10:50:14.460+0000] {taskinstance.py:353} INFO - Marking task as SUCCESS. dag_id=google_news_scraper, task_id=load_config, run_id=manual__2025-02-18T10:50:12.159951+00:00, execution_date=20250218T105012, start_date=20250218T105014, end_date=20250218T105014
[2025-02-18T10:50:14.481+0000] {logging_mixin.py:190} INFO - Task instance in success state
[2025-02-18T10:50:14.481+0000] {logging_mixin.py:190} INFO -  Previous state of the Task instance: running
[2025-02-18T10:50:14.482+0000] {logging_mixin.py:190} INFO - Dag name:google_news_scraper queued_at:2025-02-18 10:50:12.174785+00:00
[2025-02-18T10:50:14.482+0000] {logging_mixin.py:190} INFO - Task hostname:9546a27fb76d operator:PythonOperator
[2025-02-18T10:50:14.511+0000] {local_task_job_runner.py:266} INFO - Task exited with return code 0
[2025-02-18T10:50:14.550+0000] {taskinstance.py:3901} INFO - 1 downstream tasks scheduled from follow-on schedule check
[2025-02-18T10:50:14.554+0000] {local_task_job_runner.py:245} INFO - ::endgroup::
