[2025-02-18T11:52:11.625+0000] {local_task_job_runner.py:123} INFO - ::group::Pre task execution logs
[2025-02-18T11:52:11.646+0000] {taskinstance.py:2614} INFO - Dependencies all met for dep_context=non-requeueable deps ti=<TaskInstance: google_news_scraper.get_and_parse_articles manual__2025-02-18T11:52:05.813833+00:00 [queued]>
[2025-02-18T11:52:11.655+0000] {taskinstance.py:2614} INFO - Dependencies all met for dep_context=requeueable deps ti=<TaskInstance: google_news_scraper.get_and_parse_articles manual__2025-02-18T11:52:05.813833+00:00 [queued]>
[2025-02-18T11:52:11.656+0000] {taskinstance.py:2867} INFO - Starting attempt 1 of 3
[2025-02-18T11:52:11.671+0000] {taskinstance.py:2890} INFO - Executing <Task(PythonOperator): get_and_parse_articles> on 2025-02-18 11:52:05.813833+00:00
[2025-02-18T11:52:11.681+0000] {warnings.py:112} WARNING - /home/***/.local/lib/python3.12/site-packages/***/task/task_runner/standard_task_runner.py:70: DeprecationWarning: This process (pid=4099) is multi-threaded, use of fork() may lead to deadlocks in the child.
  pid = os.fork()

[2025-02-18T11:52:11.684+0000] {standard_task_runner.py:72} INFO - Started process 4113 to run task
[2025-02-18T11:52:11.684+0000] {standard_task_runner.py:104} INFO - Running: ['***', 'tasks', 'run', 'google_news_scraper', 'get_and_parse_articles', 'manual__2025-02-18T11:52:05.813833+00:00', '--job-id', '106', '--raw', '--subdir', 'DAGS_FOLDER/dag2.py', '--cfg-path', '/tmp/tmp6ez0l0do']
[2025-02-18T11:52:11.686+0000] {standard_task_runner.py:105} INFO - Job 106: Subtask get_and_parse_articles
[2025-02-18T11:52:11.734+0000] {task_command.py:467} INFO - Running <TaskInstance: google_news_scraper.get_and_parse_articles manual__2025-02-18T11:52:05.813833+00:00 [running]> on host 9546a27fb76d
[2025-02-18T11:52:11.813+0000] {taskinstance.py:3134} INFO - Exporting env vars: AIRFLOW_CTX_DAG_OWNER='***' AIRFLOW_CTX_DAG_ID='google_news_scraper' AIRFLOW_CTX_TASK_ID='get_and_parse_articles' AIRFLOW_CTX_EXECUTION_DATE='2025-02-18T11:52:05.813833+00:00' AIRFLOW_CTX_TRY_NUMBER='1' AIRFLOW_CTX_DAG_RUN_ID='manual__2025-02-18T11:52:05.813833+00:00'
[2025-02-18T11:52:11.815+0000] {logging_mixin.py:190} INFO - Task instance is in running state
[2025-02-18T11:52:11.816+0000] {logging_mixin.py:190} INFO -  Previous state of the Task instance: queued
[2025-02-18T11:52:11.817+0000] {logging_mixin.py:190} INFO - Current task name:get_and_parse_articles state:running start_date:2025-02-18 11:52:11.647649+00:00
[2025-02-18T11:52:11.818+0000] {logging_mixin.py:190} INFO - Dag name:google_news_scraper and current dag run status:running
[2025-02-18T11:52:11.819+0000] {taskinstance.py:732} INFO - ::endgroup::
[2025-02-18T11:52:12.782+0000] {logging_mixin.py:190} INFO - https://news.google.com/read/CBMizgFBVV95cUxOSzdwcDdrRmdkR1AzYXdULXRVekxLMFFBc2MtR3FBY1lpZE1ZVEh0cUZMOHNsbmc2OUJ4aGIya2NidnhySVZmM3c4aF9fNG5nejEyQzA5emk0aWVUYjczZ3ltU1JwLWFNX2tNQVdaNTdwakVtS3pzSS13Qzd2bVI1LUxiV1pKOVFubWpFNjVFY1F3TUVFZDBpRDlsQ25lQm9lRVo3a0hCUDZ2a1NvUjFsQXI1N3MxQV9Iclpla1BsSUJxdEhDYm5yVkpzaURGZ9IB0wFBVV95cUxObEE3X1V1V29YaHUtbHo3NExLTDJGdWhGeU55VWVlU3FKRi1TNGxJaVNwTmx0ZkxPNkFtWVFRMG1VVWxYSW52TVlzRXVRSzFwanZNVUdLWG1GVXctVjlkUHhQXzBtSU00eG0tclBwLWhPel9SaTczN0RuZ3VvNXFIbFlxVmszbkJxY1hRU0lobTFJTXJjWGVfbWNzMlZWSjBadVFrLVJDS0FBdEFqTFZBVHFnQS1qLWR4VWk2RUtPMkZvcW5CWGc1VDhHemRGV0NzZXFj?hl=en-IN&gl=IN&ceid=IN%3Aen
[2025-02-18T11:52:12.783+0000] {logger.py:11} INFO - ====== WebDriver manager ======
[2025-02-18T11:52:12.798+0000] {logger.py:11} INFO - Get LATEST chromedriver version for google-chrome
[2025-02-18T11:52:13.028+0000] {logger.py:11} INFO - About to download new driver from https://chromedriver.storage.googleapis.com/114.0.5735.90/chromedriver_linux64.zip
[2025-02-18T11:52:13.227+0000] {logger.py:11} INFO - Driver downloading response is 200
[2025-02-18T11:52:15.417+0000] {logger.py:11} INFO - Get LATEST chromedriver version for google-chrome
[2025-02-18T11:52:15.699+0000] {logger.py:11} INFO - Get LATEST chromedriver version for google-chrome
[2025-02-18T11:52:15.910+0000] {logger.py:11} INFO - Driver has been saved in cache [/home/***/.wdm/drivers/chromedriver/linux64/114.0.5735.90]
[2025-02-18T11:52:15.924+0000] {logging_mixin.py:190} INFO - Error with Selenium: Message: Service /home/***/.wdm/drivers/chromedriver/linux64/114.0.5735.90/chromedriver unexpectedly exited. Status code was: 127
[2025-02-18T11:52:16.133+0000] {logging_mixin.py:190} INFO - [INFO] Downloaded thumbnail: thumbnail_19.jpg
[2025-02-18T11:52:16.144+0000] {logging_mixin.py:190} INFO - Duplicate title detected with similarity: 1.0
[2025-02-18T11:52:16.146+0000] {logging_mixin.py:190} INFO - Duplicate title found. Skipping article: Maha Kumbh has turned into ‘Mrityu Kumbh': West Bengal CM Mamata Banerjee
[2025-02-18T11:52:16.147+0000] {logging_mixin.py:190} INFO - https://news.google.com/read/CBMi2wFBVV95cUxNNzFWWXIxQzNyX282SlVXdm9FdklpX0M2Q0JwTVVCa0RiZTRZTGwxUkptRW1ZUjE5bDZqNnRFOVMtWENoa2FGeWdnVlZWQ2NBLUpOTTdCektsU0h4bi1QNUFWYW5COWRwaW1DcG5PWUQ5MDZlUnZucl9OTDB3dGs2NVpmUEp0NWJZT0haU184cTNSdVZfMVZJVG9CcVBTajhjWGN3bHFUakFDbUI2OTRRNWZLR1NsOTZRM013X3dJQVJxX2hhanZMSndKamV3RWN0Zk1KRUJxWG1ua0E?hl=en-IN&gl=IN&ceid=IN%3Aen
[2025-02-18T11:52:16.148+0000] {logger.py:11} INFO - ====== WebDriver manager ======
[2025-02-18T11:52:16.167+0000] {logger.py:11} INFO - Get LATEST chromedriver version for google-chrome
[2025-02-18T11:52:16.371+0000] {logger.py:11} INFO - About to download new driver from https://chromedriver.storage.googleapis.com/114.0.5735.90/chromedriver_linux64.zip
[2025-02-18T11:52:16.581+0000] {logger.py:11} INFO - Driver downloading response is 200
[2025-02-18T11:52:18.130+0000] {logger.py:11} INFO - Get LATEST chromedriver version for google-chrome
[2025-02-18T11:52:18.449+0000] {logger.py:11} INFO - Get LATEST chromedriver version for google-chrome
[2025-02-18T11:52:18.680+0000] {logger.py:11} INFO - Driver has been saved in cache [/home/***/.wdm/drivers/chromedriver/linux64/114.0.5735.90]
[2025-02-18T11:52:18.683+0000] {logging_mixin.py:190} INFO - Error with Selenium: Message: Service /home/***/.wdm/drivers/chromedriver/linux64/114.0.5735.90/chromedriver unexpectedly exited. Status code was: 127
[2025-02-18T11:52:18.937+0000] {logging_mixin.py:190} INFO - [INFO] Downloaded thumbnail: thumbnail_19.jpg
[2025-02-18T11:52:18.941+0000] {logging_mixin.py:190} INFO - Duplicate title detected with similarity: 1.0
[2025-02-18T11:52:18.942+0000] {logging_mixin.py:190} INFO - Duplicate title found. Skipping article: 'Maha Kumbh turning into Mrityu Kumbh': Mamata Banerjee attacks Yogi Adityanath
[2025-02-18T11:52:18.943+0000] {logging_mixin.py:190} INFO - https://news.google.com/read/CBMi0AFBVV95cUxNZ3poU2tOVlpuZWJDQmdxdHBsbVBsTTNIMzVFYkJaQ29sRDJOcDVseVRBX2Vpd2IxMnJMOWpPMXo4SjVleS1BQWUzbUJZVFZuWGdfVElLZ0tvR0M2Nm1sbXVhdGpYb2YtU3BlWDhUN052aV9LUjJNeW5TMnR2d0VDNWctUHgzOXpMMU5OQnlZM3hUU2ZuaU4waWhReFozZWNuMUFJZmdtUlYyN3FKZzA0UjE4MGM2WXhHWEpBUFlMTVFFR2NaamFaNWRmdU02TE4t0gHWAUFVX3lxTE9UVVBKODhpOU9YNnViNzJOdEZmR2pEdE03Ym1iRnhWUmNkQXVGanJ4aFhCa1BfM1E4UjFTa0s5elRYOXhld2tXUElabjJHOUxoQTlnMVk3YXNrSGlRY3BLY1pGcjluU1gwcGtTMDNkYUFiOWxhWS11dzZMT0dpTlV1NnhHaFVGcXo5UTJieS1LbEVhSHRCM3p4T2xLZktNaW9XWXBsbXNDT2hiNVNFdmtMLUlaMTJKbWctaVFXQmhmbDVRYU5COUQyY3kxTDlNNkJiVlJPR1E?hl=en-IN&gl=IN&ceid=IN%3Aen
[2025-02-18T11:52:18.944+0000] {logger.py:11} INFO - ====== WebDriver manager ======
[2025-02-18T11:52:18.961+0000] {logger.py:11} INFO - Get LATEST chromedriver version for google-chrome
[2025-02-18T11:52:19.187+0000] {logger.py:11} INFO - About to download new driver from https://chromedriver.storage.googleapis.com/114.0.5735.90/chromedriver_linux64.zip
[2025-02-18T11:52:19.405+0000] {logger.py:11} INFO - Driver downloading response is 200
[2025-02-18T11:52:21.404+0000] {logger.py:11} INFO - Get LATEST chromedriver version for google-chrome
[2025-02-18T11:52:21.731+0000] {logger.py:11} INFO - Get LATEST chromedriver version for google-chrome
[2025-02-18T11:52:22.004+0000] {logger.py:11} INFO - Driver has been saved in cache [/home/***/.wdm/drivers/chromedriver/linux64/114.0.5735.90]
[2025-02-18T11:52:22.018+0000] {logging_mixin.py:190} INFO - Error with Selenium: Message: Service /home/***/.wdm/drivers/chromedriver/linux64/114.0.5735.90/chromedriver unexpectedly exited. Status code was: 127
[2025-02-18T11:52:22.340+0000] {logging_mixin.py:190} INFO - [INFO] Downloaded thumbnail: thumbnail_19.jpg
[2025-02-18T11:52:22.345+0000] {logging_mixin.py:190} INFO - Duplicate title detected with similarity: 1.0000000000000004
[2025-02-18T11:52:22.347+0000] {logging_mixin.py:190} INFO - Duplicate title found. Skipping article: Mamata Banerjee’s big attack on Yogi govt: ‘Maha Kumbh has turned into Mrityu Kumbh’
[2025-02-18T11:52:22.349+0000] {logging_mixin.py:190} INFO - https://news.google.com/read/CBMiwgFBVV95cUxPb28wZk5BZnBsQy1jVEZZVUVnOFU1VjJ0dEItRGcwa0RqakRvNkNCdnZ1LTB2bGJoV091MHhtYkxsZzBELXl2czNSdWkzMHFrcTFuRFNzdzBvZmlOZHhrZFl5bUFrem81cDQ1MFZlZmNoeVFOT2RiZllZcTVzZm1KVjZHdFdzOTQ5czhiRjBYUkdGU2JFb29EYkJDempLdDJuRWpQcWp4cHRUS3otWk1TOHpDME9tcjd4a2Q5dmpGN19RZ9IBxwFBVV95cUxOeUZBMGNjMXJzU2VXRlV2Ui1DMm1NNWZxNXMxdE50NHRjRHBuT0NHZS1PR3Zta1ZDR0c3SXVrU0RoaTVGZm96VllsNHoxT2hVaktBMTROOGtnWS0xeXVXQ19UWXhBR3VzcEJBZWNpeUhxN3lLLTN0Y1pQWG9wdmxYZlN2a3kzdWtUb0R5U0tpNzVfNDNTb0liVFp3QWFZNk1Wam1zTWhqX0YtLWZpcjFzZWxKTmU0T2U5YTVWM2l6RWxRZDVQWl9j?hl=en-IN&gl=IN&ceid=IN%3Aen
[2025-02-18T11:52:22.350+0000] {logger.py:11} INFO - ====== WebDriver manager ======
[2025-02-18T11:52:22.368+0000] {logger.py:11} INFO - Get LATEST chromedriver version for google-chrome
[2025-02-18T11:52:22.576+0000] {logger.py:11} INFO - About to download new driver from https://chromedriver.storage.googleapis.com/114.0.5735.90/chromedriver_linux64.zip
[2025-02-18T11:52:22.772+0000] {logger.py:11} INFO - Driver downloading response is 200
[2025-02-18T11:52:26.057+0000] {logger.py:11} INFO - Get LATEST chromedriver version for google-chrome
[2025-02-18T11:52:26.375+0000] {logger.py:11} INFO - Get LATEST chromedriver version for google-chrome
[2025-02-18T11:52:26.651+0000] {logger.py:11} INFO - Driver has been saved in cache [/home/***/.wdm/drivers/chromedriver/linux64/114.0.5735.90]
[2025-02-18T11:52:26.665+0000] {logging_mixin.py:190} INFO - Error with Selenium: Message: Service /home/***/.wdm/drivers/chromedriver/linux64/114.0.5735.90/chromedriver unexpectedly exited. Status code was: 127
[2025-02-18T11:52:27.077+0000] {logging_mixin.py:190} INFO - [INFO] Downloaded thumbnail: thumbnail_19.jpg
[2025-02-18T11:52:27.085+0000] {logging_mixin.py:190} INFO - Duplicate title detected with similarity: 1.0
[2025-02-18T11:52:27.087+0000] {logging_mixin.py:190} INFO - Duplicate title found. Skipping article: 'Maha Kumbh Turned Into Mrityu Kumbh': Mamata Attacks Yogi Govt Over Prayagraj Deaths
[2025-02-18T11:52:27.089+0000] {logging_mixin.py:190} INFO - https://news.google.com/read/CBMi5wFBVV95cUxOTEtlaGV1N0dVcE5uZ1VuNXAtTHlsbzJXa1VYcGdmX21ZSVJUa1dnVjYzRmlJejk0Y0VUZ2QyVHhHT3pROHBLVEdKV3V1ZHlBTk5CZ1IyNjV0Q19mYWdIX0h5WTRtamVydE5NWTVRc0J0SE5GbTFUNEtkeDhNY2FVOWRwa1N4T2FBYlhaYmtWTk45Rjc2d05tUmhLbExiYzIxSjRGakNzX3I1U3R0bFl6bE5nU2J6V1Q2cXhiMWJST1pPQzhVMXhlRTVaekdrMS1vS09wcUZaUnNoRTd6TUM2WDBsUVNaZ0HSAewBQVVfeXFMUGt0TndKT0J5dGJ3bGpwNGFsdVp4SkhUV2hXYklPNElOMGNnSFBkZGp4Q0dNZXJ6RFoxQWRjM0pSdVZkcUp4bUwyekZ6RGR6ZWF0akNKa205bm1yeVBfU3N4a0UxNXdDSE1nMmZjMGgzVWpEVTR2bzFOZGN5QUp5clJsOHE3czdFODMtRXNkbENYWlNVZWZILWJjcDJONzZRLTF5cV9qTUk2X1ZiQkVQUlJzMlAxaTkxRFduSUp2cjZ3ckdmSXROQ1pFWWhweUoyYmE2WlRlTzA4eXliV0t2S2ZYdEk2U1F0S1Y2c2Q?hl=en-IN&gl=IN&ceid=IN%3Aen
[2025-02-18T11:52:27.090+0000] {logger.py:11} INFO - ====== WebDriver manager ======
[2025-02-18T11:52:27.111+0000] {logger.py:11} INFO - Get LATEST chromedriver version for google-chrome
[2025-02-18T11:52:27.303+0000] {logger.py:11} INFO - About to download new driver from https://chromedriver.storage.googleapis.com/114.0.5735.90/chromedriver_linux64.zip
[2025-02-18T11:52:27.501+0000] {logger.py:11} INFO - Driver downloading response is 200
[2025-02-18T11:52:30.209+0000] {logger.py:11} INFO - Get LATEST chromedriver version for google-chrome
[2025-02-18T11:52:30.500+0000] {logger.py:11} INFO - Get LATEST chromedriver version for google-chrome
[2025-02-18T11:52:30.712+0000] {logger.py:11} INFO - Driver has been saved in cache [/home/***/.wdm/drivers/chromedriver/linux64/114.0.5735.90]
[2025-02-18T11:52:30.725+0000] {logging_mixin.py:190} INFO - Error with Selenium: Message: Service /home/***/.wdm/drivers/chromedriver/linux64/114.0.5735.90/chromedriver unexpectedly exited. Status code was: 127
[2025-02-18T11:52:30.922+0000] {logging_mixin.py:190} INFO - [INFO] Downloaded thumbnail: thumbnail_19.jpg
[2025-02-18T11:52:30.927+0000] {logging_mixin.py:190} INFO - Duplicate title detected with similarity: 1.0
[2025-02-18T11:52:30.929+0000] {logging_mixin.py:190} INFO - Duplicate title found. Skipping article: BREAKING | 'Dirty Mind, Perverted' : Supreme Court Berates YouTuber Ranveer Allahabadia, Stays His Arrest ...
[2025-02-18T11:52:30.930+0000] {logging_mixin.py:190} INFO - https://news.google.com/read/CBMi3gFBVV95cUxNOEl1TEo4QTVmckZxLW5SemJEY1RnOUVXYkZZUm1BbXVoeTZCU3F2R1Q0TG11blE1THE0Sy1Zb1AwQTc1cFVQMFA0TDJHLW1pR0cwRHZMVEFTaEt1OXVTWGF1Ri1iQi1KaW9TUGxlcWNCbUxPYW9fS0tadXRBWjlVNjlwemlqLWdwWldYbGhFN18wTzM3NTRiYmpzX0JHRmZMSHo2bDAzdGgteHFqazZkYTZtYldfd2I0dDV1VVVXR01zbzQ2TElkN0hMWVplZnAza0xGc0tEdEcwbHE2QUE?hl=en-IN&gl=IN&ceid=IN%3Aen
[2025-02-18T11:52:30.931+0000] {logger.py:11} INFO - ====== WebDriver manager ======
[2025-02-18T11:52:30.951+0000] {logger.py:11} INFO - Get LATEST chromedriver version for google-chrome
[2025-02-18T11:52:31.143+0000] {logger.py:11} INFO - About to download new driver from https://chromedriver.storage.googleapis.com/114.0.5735.90/chromedriver_linux64.zip
[2025-02-18T11:52:31.324+0000] {logger.py:11} INFO - Driver downloading response is 200
[2025-02-18T11:52:33.632+0000] {logger.py:11} INFO - Get LATEST chromedriver version for google-chrome
[2025-02-18T11:52:33.900+0000] {logger.py:11} INFO - Get LATEST chromedriver version for google-chrome
[2025-02-18T11:52:34.140+0000] {logger.py:11} INFO - Driver has been saved in cache [/home/***/.wdm/drivers/chromedriver/linux64/114.0.5735.90]
[2025-02-18T11:52:34.153+0000] {logging_mixin.py:190} INFO - Error with Selenium: Message: Service /home/***/.wdm/drivers/chromedriver/linux64/114.0.5735.90/chromedriver unexpectedly exited. Status code was: 127
[2025-02-18T11:52:34.313+0000] {logging_mixin.py:190} INFO - [INFO] Downloaded thumbnail: thumbnail_19.jpg
[2025-02-18T11:52:34.316+0000] {logging_mixin.py:190} INFO - Duplicate title detected with similarity: 1.0
[2025-02-18T11:52:34.318+0000] {logging_mixin.py:190} INFO - Duplicate title found. Skipping article: "Dirt On Mind": Supreme Court Relief, Scathing Rebuke For Ranveer Allahbadia
[2025-02-18T11:52:34.319+0000] {logging_mixin.py:190} INFO - https://news.google.com/read/CBMi9gFBVV95cUxQZmFPM1JILXNJNl9haV83VnBObFk5bTNSaUlJQjdmb1BEOC1BUUdtZ29WM0F3R054T3ZLTVRoU2UxMjhxNEhncEhydW04VWttVENud2dOYkh0X21xZWtfbDZqYnFuUm5obUtwSUgwYlVPWDU1UER1LW1xMk5kMmUwWWZ6am5zVEt0RFNGQ19TQklCNnRmYWZ5ck4zU1ZnSmdqQkR3ZEF3YXI0LV9lRUxMUUZGb2RQX0otNDdhNGNBX1lGR0FTTlZxdElpblhZdG5xQ21sNmdZNGEtbWt3QlJtQzlwYkd6b3IzbnpzT2hETzFGYmFmbkE?hl=en-IN&gl=IN&ceid=IN%3Aen
[2025-02-18T11:52:34.320+0000] {logger.py:11} INFO - ====== WebDriver manager ======
[2025-02-18T11:52:34.339+0000] {logger.py:11} INFO - Get LATEST chromedriver version for google-chrome
[2025-02-18T11:52:34.544+0000] {logger.py:11} INFO - About to download new driver from https://chromedriver.storage.googleapis.com/114.0.5735.90/chromedriver_linux64.zip
[2025-02-18T11:52:34.748+0000] {logger.py:11} INFO - Driver downloading response is 200
[2025-02-18T11:52:37.479+0000] {logger.py:11} INFO - Get LATEST chromedriver version for google-chrome
[2025-02-18T11:52:37.772+0000] {logger.py:11} INFO - Get LATEST chromedriver version for google-chrome
[2025-02-18T11:52:37.994+0000] {logger.py:11} INFO - Driver has been saved in cache [/home/***/.wdm/drivers/chromedriver/linux64/114.0.5735.90]
[2025-02-18T11:52:38.009+0000] {logging_mixin.py:190} INFO - Error with Selenium: Message: Service /home/***/.wdm/drivers/chromedriver/linux64/114.0.5735.90/chromedriver unexpectedly exited. Status code was: 127
[2025-02-18T11:52:38.215+0000] {logging_mixin.py:190} INFO - [INFO] Downloaded thumbnail: thumbnail_19.jpg
[2025-02-18T11:52:38.219+0000] {logging_mixin.py:190} INFO - Duplicate title detected with similarity: 1.0000000000000002
[2025-02-18T11:52:38.220+0000] {logging_mixin.py:190} INFO - Duplicate title found. Skipping article: Samay Raina’s friend Tanmay Bhat drops video after Supreme Court slams Ranveer Allahbadia’s ‘perverted mind’
[2025-02-18T11:52:38.221+0000] {logging_mixin.py:190} INFO - https://news.google.com/read/CBMi7gFBVV95cUxOOEkyX3N6U3YyazByOXphUTRFQWY5RE5aV3I1T0Z6X3A3TDB3eXJVY1pja1RRTXJMU1RlaUNQcGVwRnFCZ3pxM1VYRHhOOGZpYnlmUlU5SjUyT05VYlFwRVdvZHFHX2RNa3ZaM0d0bW5kUHphVGI0OWFqaFVrZUhfTkNUbFRwWTVXc3VGQzFaMmd0cFZSMjZRZGhRY1hRVmhhcFBvUk1XQ2FVZHlCeDZMS0lUeHpQMmZxaDN3MXk4d0Z4Nlc5OXQwNS0wRjVsNE9NQ3cxM0NUYURXUUZqTVBrdHBDTklUS0RxTngydktn0gHzAUFVX3lxTE1vNmVRZDliRFVjN29DRXNJc2RRMVZYVk95b2FmU3lBT2hHbUw3NlBFd2VVWDZDU21qRURDQ09ocjZWSjk4Mi1sekFYT1B5bk5zbGpoV0dxV0RNbGoxQ3d4R2Q2and0UUs5U3F0dU1jRmVXck5yYXpPX3FqQUFnNzF3SDBYNUMzaUs5MVR4Y1NaczgycnhCMkx3RW9CcGc0SGVMdDRfWUR3RV9FTmY3X2pvQld3d0NzMU42dzhPMjdwTDJNVDktYkMzMEgtcDBVVF91TkZFeExkeFl0azFWUjN2VkFHUmFiNDNsMF9CX2RmR3BZWQ?hl=en-IN&gl=IN&ceid=IN%3Aen
[2025-02-18T11:52:38.222+0000] {logger.py:11} INFO - ====== WebDriver manager ======
[2025-02-18T11:52:38.239+0000] {logger.py:11} INFO - Get LATEST chromedriver version for google-chrome
[2025-02-18T11:52:38.446+0000] {logger.py:11} INFO - About to download new driver from https://chromedriver.storage.googleapis.com/114.0.5735.90/chromedriver_linux64.zip
[2025-02-18T11:52:38.653+0000] {logger.py:11} INFO - Driver downloading response is 200
[2025-02-18T11:52:41.699+0000] {logger.py:11} INFO - Get LATEST chromedriver version for google-chrome
[2025-02-18T11:52:41.997+0000] {logger.py:11} INFO - Get LATEST chromedriver version for google-chrome
[2025-02-18T11:52:42.221+0000] {logger.py:11} INFO - Driver has been saved in cache [/home/***/.wdm/drivers/chromedriver/linux64/114.0.5735.90]
[2025-02-18T11:52:42.235+0000] {logging_mixin.py:190} INFO - Error with Selenium: Message: Service /home/***/.wdm/drivers/chromedriver/linux64/114.0.5735.90/chromedriver unexpectedly exited. Status code was: 127
[2025-02-18T11:52:42.435+0000] {logging_mixin.py:190} INFO - [INFO] Downloaded thumbnail: thumbnail_19.jpg
[2025-02-18T11:52:42.439+0000] {logging_mixin.py:190} INFO - Duplicate title detected with similarity: 1.0000000000000004
[2025-02-18T11:52:42.439+0000] {logging_mixin.py:190} INFO - Duplicate title found. Skipping article: BREAKING | India's Got Latent Row : Need To Do Something To Regulate Obscene Content Online, Says Supreme ...
[2025-02-18T11:52:42.456+0000] {python.py:240} INFO - Done. Returned value was: None
[2025-02-18T11:52:42.469+0000] {taskinstance.py:341} INFO - ::group::Post task execution logs
[2025-02-18T11:52:42.470+0000] {taskinstance.py:353} INFO - Marking task as SUCCESS. dag_id=google_news_scraper, task_id=get_and_parse_articles, run_id=manual__2025-02-18T11:52:05.813833+00:00, execution_date=20250218T115205, start_date=20250218T115211, end_date=20250218T115242
[2025-02-18T11:52:42.500+0000] {logging_mixin.py:190} INFO - Task instance in success state
[2025-02-18T11:52:42.501+0000] {logging_mixin.py:190} INFO -  Previous state of the Task instance: running
[2025-02-18T11:52:42.502+0000] {logging_mixin.py:190} INFO - Dag name:google_news_scraper queued_at:2025-02-18 11:52:05.829264+00:00
[2025-02-18T11:52:42.502+0000] {logging_mixin.py:190} INFO - Task hostname:9546a27fb76d operator:PythonOperator
[2025-02-18T11:52:42.521+0000] {local_task_job_runner.py:266} INFO - Task exited with return code 0
[2025-02-18T11:52:42.544+0000] {taskinstance.py:3901} INFO - 1 downstream tasks scheduled from follow-on schedule check
[2025-02-18T11:52:42.548+0000] {local_task_job_runner.py:245} INFO - ::endgroup::
