[2025-02-20T13:41:16.037+0000] {processor.py:186} INFO - Started process (PID=4987) to work on /home/airflow/.local/lib/python3.12/site-packages/airflow/example_dags/example_setup_teardown.py
[2025-02-20T13:41:16.038+0000] {processor.py:914} INFO - Processing file /home/airflow/.local/lib/python3.12/site-packages/airflow/example_dags/example_setup_teardown.py for tasks to queue
[2025-02-20T13:41:16.042+0000] {logging_mixin.py:190} INFO - [2025-02-20T13:41:16.041+0000] {dagbag.py:588} INFO - Filling up the DagBag from /home/airflow/.local/lib/python3.12/site-packages/airflow/example_dags/example_setup_teardown.py
[2025-02-20T13:41:16.067+0000] {processor.py:925} INFO - DAG(s) 'example_setup_teardown' retrieved from /home/airflow/.local/lib/python3.12/site-packages/airflow/example_dags/example_setup_teardown.py
[2025-02-20T13:41:16.177+0000] {logging_mixin.py:190} INFO - [2025-02-20T13:41:16.175+0000] {dag.py:3239} INFO - Sync 1 DAGs
[2025-02-20T13:41:16.246+0000] {logging_mixin.py:190} INFO - [2025-02-20T13:41:16.245+0000] {dag.py:4180} INFO - Setting next_dagrun for example_setup_teardown to None, run_after=None
[2025-02-20T13:41:16.317+0000] {processor.py:208} INFO - Processing /home/airflow/.local/lib/python3.12/site-packages/airflow/example_dags/example_setup_teardown.py took 0.295 seconds
[2025-02-20T13:41:46.557+0000] {processor.py:186} INFO - Started process (PID=5063) to work on /home/airflow/.local/lib/python3.12/site-packages/airflow/example_dags/example_setup_teardown.py
[2025-02-20T13:41:46.558+0000] {processor.py:914} INFO - Processing file /home/airflow/.local/lib/python3.12/site-packages/airflow/example_dags/example_setup_teardown.py for tasks to queue
[2025-02-20T13:41:46.560+0000] {logging_mixin.py:190} INFO - [2025-02-20T13:41:46.560+0000] {dagbag.py:588} INFO - Filling up the DagBag from /home/airflow/.local/lib/python3.12/site-packages/airflow/example_dags/example_setup_teardown.py
[2025-02-20T13:41:46.569+0000] {processor.py:925} INFO - DAG(s) 'example_setup_teardown' retrieved from /home/airflow/.local/lib/python3.12/site-packages/airflow/example_dags/example_setup_teardown.py
[2025-02-20T13:41:46.596+0000] {logging_mixin.py:190} INFO - [2025-02-20T13:41:46.596+0000] {dag.py:3239} INFO - Sync 1 DAGs
[2025-02-20T13:41:46.614+0000] {logging_mixin.py:190} INFO - [2025-02-20T13:41:46.614+0000] {dag.py:4180} INFO - Setting next_dagrun for example_setup_teardown to None, run_after=None
[2025-02-20T13:41:46.640+0000] {processor.py:208} INFO - Processing /home/airflow/.local/lib/python3.12/site-packages/airflow/example_dags/example_setup_teardown.py took 0.089 seconds
[2025-02-20T13:42:16.970+0000] {processor.py:186} INFO - Started process (PID=5138) to work on /home/airflow/.local/lib/python3.12/site-packages/airflow/example_dags/example_setup_teardown.py
[2025-02-20T13:42:16.971+0000] {processor.py:914} INFO - Processing file /home/airflow/.local/lib/python3.12/site-packages/airflow/example_dags/example_setup_teardown.py for tasks to queue
[2025-02-20T13:42:16.973+0000] {logging_mixin.py:190} INFO - [2025-02-20T13:42:16.972+0000] {dagbag.py:588} INFO - Filling up the DagBag from /home/airflow/.local/lib/python3.12/site-packages/airflow/example_dags/example_setup_teardown.py
[2025-02-20T13:42:16.980+0000] {processor.py:925} INFO - DAG(s) 'example_setup_teardown' retrieved from /home/airflow/.local/lib/python3.12/site-packages/airflow/example_dags/example_setup_teardown.py
[2025-02-20T13:42:17.004+0000] {logging_mixin.py:190} INFO - [2025-02-20T13:42:17.003+0000] {dag.py:3239} INFO - Sync 1 DAGs
[2025-02-20T13:42:17.016+0000] {logging_mixin.py:190} INFO - [2025-02-20T13:42:17.016+0000] {dag.py:4180} INFO - Setting next_dagrun for example_setup_teardown to None, run_after=None
[2025-02-20T13:42:17.038+0000] {processor.py:208} INFO - Processing /home/airflow/.local/lib/python3.12/site-packages/airflow/example_dags/example_setup_teardown.py took 0.072 seconds
[2025-02-20T13:42:47.227+0000] {processor.py:186} INFO - Started process (PID=5214) to work on /home/airflow/.local/lib/python3.12/site-packages/airflow/example_dags/example_setup_teardown.py
[2025-02-20T13:42:47.228+0000] {processor.py:914} INFO - Processing file /home/airflow/.local/lib/python3.12/site-packages/airflow/example_dags/example_setup_teardown.py for tasks to queue
[2025-02-20T13:42:47.231+0000] {logging_mixin.py:190} INFO - [2025-02-20T13:42:47.230+0000] {dagbag.py:588} INFO - Filling up the DagBag from /home/airflow/.local/lib/python3.12/site-packages/airflow/example_dags/example_setup_teardown.py
[2025-02-20T13:42:47.239+0000] {processor.py:925} INFO - DAG(s) 'example_setup_teardown' retrieved from /home/airflow/.local/lib/python3.12/site-packages/airflow/example_dags/example_setup_teardown.py
[2025-02-20T13:42:47.262+0000] {logging_mixin.py:190} INFO - [2025-02-20T13:42:47.261+0000] {dag.py:3239} INFO - Sync 1 DAGs
[2025-02-20T13:42:47.278+0000] {logging_mixin.py:190} INFO - [2025-02-20T13:42:47.278+0000] {dag.py:4180} INFO - Setting next_dagrun for example_setup_teardown to None, run_after=None
[2025-02-20T13:42:47.306+0000] {processor.py:208} INFO - Processing /home/airflow/.local/lib/python3.12/site-packages/airflow/example_dags/example_setup_teardown.py took 0.084 seconds
[2025-02-20T13:43:17.723+0000] {processor.py:186} INFO - Started process (PID=5291) to work on /home/airflow/.local/lib/python3.12/site-packages/airflow/example_dags/example_setup_teardown.py
[2025-02-20T13:43:17.724+0000] {processor.py:914} INFO - Processing file /home/airflow/.local/lib/python3.12/site-packages/airflow/example_dags/example_setup_teardown.py for tasks to queue
[2025-02-20T13:43:17.726+0000] {logging_mixin.py:190} INFO - [2025-02-20T13:43:17.725+0000] {dagbag.py:588} INFO - Filling up the DagBag from /home/airflow/.local/lib/python3.12/site-packages/airflow/example_dags/example_setup_teardown.py
[2025-02-20T13:43:17.736+0000] {processor.py:925} INFO - DAG(s) 'example_setup_teardown' retrieved from /home/airflow/.local/lib/python3.12/site-packages/airflow/example_dags/example_setup_teardown.py
[2025-02-20T13:43:17.760+0000] {logging_mixin.py:190} INFO - [2025-02-20T13:43:17.760+0000] {dag.py:3239} INFO - Sync 1 DAGs
[2025-02-20T13:43:17.778+0000] {logging_mixin.py:190} INFO - [2025-02-20T13:43:17.778+0000] {dag.py:4180} INFO - Setting next_dagrun for example_setup_teardown to None, run_after=None
[2025-02-20T13:43:17.800+0000] {processor.py:208} INFO - Processing /home/airflow/.local/lib/python3.12/site-packages/airflow/example_dags/example_setup_teardown.py took 0.082 seconds
[2025-02-20T13:43:49.888+0000] {processor.py:186} INFO - Started process (PID=5366) to work on /home/airflow/.local/lib/python3.12/site-packages/airflow/example_dags/example_setup_teardown.py
[2025-02-20T13:43:49.889+0000] {processor.py:914} INFO - Processing file /home/airflow/.local/lib/python3.12/site-packages/airflow/example_dags/example_setup_teardown.py for tasks to queue
[2025-02-20T13:43:49.891+0000] {logging_mixin.py:190} INFO - [2025-02-20T13:43:49.891+0000] {dagbag.py:588} INFO - Filling up the DagBag from /home/airflow/.local/lib/python3.12/site-packages/airflow/example_dags/example_setup_teardown.py
[2025-02-20T13:43:49.899+0000] {processor.py:925} INFO - DAG(s) 'example_setup_teardown' retrieved from /home/airflow/.local/lib/python3.12/site-packages/airflow/example_dags/example_setup_teardown.py
[2025-02-20T13:43:49.921+0000] {logging_mixin.py:190} INFO - [2025-02-20T13:43:49.920+0000] {dag.py:3239} INFO - Sync 1 DAGs
[2025-02-20T13:43:49.935+0000] {logging_mixin.py:190} INFO - [2025-02-20T13:43:49.934+0000] {dag.py:4180} INFO - Setting next_dagrun for example_setup_teardown to None, run_after=None
[2025-02-20T13:43:49.956+0000] {processor.py:208} INFO - Processing /home/airflow/.local/lib/python3.12/site-packages/airflow/example_dags/example_setup_teardown.py took 0.074 seconds
[2025-02-20T13:44:20.637+0000] {processor.py:186} INFO - Started process (PID=5442) to work on /home/airflow/.local/lib/python3.12/site-packages/airflow/example_dags/example_setup_teardown.py
[2025-02-20T13:44:20.638+0000] {processor.py:914} INFO - Processing file /home/airflow/.local/lib/python3.12/site-packages/airflow/example_dags/example_setup_teardown.py for tasks to queue
[2025-02-20T13:44:20.639+0000] {logging_mixin.py:190} INFO - [2025-02-20T13:44:20.639+0000] {dagbag.py:588} INFO - Filling up the DagBag from /home/airflow/.local/lib/python3.12/site-packages/airflow/example_dags/example_setup_teardown.py
[2025-02-20T13:44:20.647+0000] {processor.py:925} INFO - DAG(s) 'example_setup_teardown' retrieved from /home/airflow/.local/lib/python3.12/site-packages/airflow/example_dags/example_setup_teardown.py
[2025-02-20T13:44:20.668+0000] {logging_mixin.py:190} INFO - [2025-02-20T13:44:20.667+0000] {dag.py:3239} INFO - Sync 1 DAGs
[2025-02-20T13:44:20.681+0000] {logging_mixin.py:190} INFO - [2025-02-20T13:44:20.680+0000] {dag.py:4180} INFO - Setting next_dagrun for example_setup_teardown to None, run_after=None
[2025-02-20T13:44:20.700+0000] {processor.py:208} INFO - Processing /home/airflow/.local/lib/python3.12/site-packages/airflow/example_dags/example_setup_teardown.py took 0.067 seconds
[2025-02-20T13:44:51.083+0000] {processor.py:186} INFO - Started process (PID=5506) to work on /home/airflow/.local/lib/python3.12/site-packages/airflow/example_dags/example_setup_teardown.py
[2025-02-20T13:44:51.084+0000] {processor.py:914} INFO - Processing file /home/airflow/.local/lib/python3.12/site-packages/airflow/example_dags/example_setup_teardown.py for tasks to queue
[2025-02-20T13:44:51.086+0000] {logging_mixin.py:190} INFO - [2025-02-20T13:44:51.085+0000] {dagbag.py:588} INFO - Filling up the DagBag from /home/airflow/.local/lib/python3.12/site-packages/airflow/example_dags/example_setup_teardown.py
[2025-02-20T13:44:51.093+0000] {processor.py:925} INFO - DAG(s) 'example_setup_teardown' retrieved from /home/airflow/.local/lib/python3.12/site-packages/airflow/example_dags/example_setup_teardown.py
[2025-02-20T13:44:51.112+0000] {logging_mixin.py:190} INFO - [2025-02-20T13:44:51.112+0000] {dag.py:3239} INFO - Sync 1 DAGs
[2025-02-20T13:44:51.124+0000] {logging_mixin.py:190} INFO - [2025-02-20T13:44:51.124+0000] {dag.py:4180} INFO - Setting next_dagrun for example_setup_teardown to None, run_after=None
[2025-02-20T13:44:51.143+0000] {processor.py:208} INFO - Processing /home/airflow/.local/lib/python3.12/site-packages/airflow/example_dags/example_setup_teardown.py took 0.066 seconds
[2025-02-20T13:45:21.589+0000] {processor.py:186} INFO - Started process (PID=5582) to work on /home/airflow/.local/lib/python3.12/site-packages/airflow/example_dags/example_setup_teardown.py
[2025-02-20T13:45:21.590+0000] {processor.py:914} INFO - Processing file /home/airflow/.local/lib/python3.12/site-packages/airflow/example_dags/example_setup_teardown.py for tasks to queue
[2025-02-20T13:45:21.591+0000] {logging_mixin.py:190} INFO - [2025-02-20T13:45:21.591+0000] {dagbag.py:588} INFO - Filling up the DagBag from /home/airflow/.local/lib/python3.12/site-packages/airflow/example_dags/example_setup_teardown.py
[2025-02-20T13:45:21.598+0000] {processor.py:925} INFO - DAG(s) 'example_setup_teardown' retrieved from /home/airflow/.local/lib/python3.12/site-packages/airflow/example_dags/example_setup_teardown.py
[2025-02-20T13:45:21.618+0000] {logging_mixin.py:190} INFO - [2025-02-20T13:45:21.617+0000] {dag.py:3239} INFO - Sync 1 DAGs
[2025-02-20T13:45:21.630+0000] {logging_mixin.py:190} INFO - [2025-02-20T13:45:21.630+0000] {dag.py:4180} INFO - Setting next_dagrun for example_setup_teardown to None, run_after=None
[2025-02-20T13:45:21.649+0000] {processor.py:208} INFO - Processing /home/airflow/.local/lib/python3.12/site-packages/airflow/example_dags/example_setup_teardown.py took 0.065 seconds
[2025-02-20T13:45:52.172+0000] {processor.py:186} INFO - Started process (PID=5659) to work on /home/airflow/.local/lib/python3.12/site-packages/airflow/example_dags/example_setup_teardown.py
[2025-02-20T13:45:52.174+0000] {processor.py:914} INFO - Processing file /home/airflow/.local/lib/python3.12/site-packages/airflow/example_dags/example_setup_teardown.py for tasks to queue
[2025-02-20T13:45:52.175+0000] {logging_mixin.py:190} INFO - [2025-02-20T13:45:52.175+0000] {dagbag.py:588} INFO - Filling up the DagBag from /home/airflow/.local/lib/python3.12/site-packages/airflow/example_dags/example_setup_teardown.py
[2025-02-20T13:45:52.183+0000] {processor.py:925} INFO - DAG(s) 'example_setup_teardown' retrieved from /home/airflow/.local/lib/python3.12/site-packages/airflow/example_dags/example_setup_teardown.py
[2025-02-20T13:45:52.205+0000] {logging_mixin.py:190} INFO - [2025-02-20T13:45:52.204+0000] {dag.py:3239} INFO - Sync 1 DAGs
[2025-02-20T13:45:52.218+0000] {logging_mixin.py:190} INFO - [2025-02-20T13:45:52.218+0000] {dag.py:4180} INFO - Setting next_dagrun for example_setup_teardown to None, run_after=None
[2025-02-20T13:45:52.238+0000] {processor.py:208} INFO - Processing /home/airflow/.local/lib/python3.12/site-packages/airflow/example_dags/example_setup_teardown.py took 0.070 seconds
[2025-02-20T13:46:22.726+0000] {processor.py:186} INFO - Started process (PID=5735) to work on /home/airflow/.local/lib/python3.12/site-packages/airflow/example_dags/example_setup_teardown.py
[2025-02-20T13:46:22.727+0000] {processor.py:914} INFO - Processing file /home/airflow/.local/lib/python3.12/site-packages/airflow/example_dags/example_setup_teardown.py for tasks to queue
[2025-02-20T13:46:22.728+0000] {logging_mixin.py:190} INFO - [2025-02-20T13:46:22.728+0000] {dagbag.py:588} INFO - Filling up the DagBag from /home/airflow/.local/lib/python3.12/site-packages/airflow/example_dags/example_setup_teardown.py
[2025-02-20T13:46:22.735+0000] {processor.py:925} INFO - DAG(s) 'example_setup_teardown' retrieved from /home/airflow/.local/lib/python3.12/site-packages/airflow/example_dags/example_setup_teardown.py
[2025-02-20T13:46:22.752+0000] {logging_mixin.py:190} INFO - [2025-02-20T13:46:22.752+0000] {dag.py:3239} INFO - Sync 1 DAGs
[2025-02-20T13:46:22.764+0000] {logging_mixin.py:190} INFO - [2025-02-20T13:46:22.764+0000] {dag.py:4180} INFO - Setting next_dagrun for example_setup_teardown to None, run_after=None
[2025-02-20T13:46:22.782+0000] {processor.py:208} INFO - Processing /home/airflow/.local/lib/python3.12/site-packages/airflow/example_dags/example_setup_teardown.py took 0.061 seconds
[2025-02-20T13:46:53.332+0000] {processor.py:186} INFO - Started process (PID=5811) to work on /home/airflow/.local/lib/python3.12/site-packages/airflow/example_dags/example_setup_teardown.py
[2025-02-20T13:46:53.333+0000] {processor.py:914} INFO - Processing file /home/airflow/.local/lib/python3.12/site-packages/airflow/example_dags/example_setup_teardown.py for tasks to queue
[2025-02-20T13:46:53.335+0000] {logging_mixin.py:190} INFO - [2025-02-20T13:46:53.335+0000] {dagbag.py:588} INFO - Filling up the DagBag from /home/airflow/.local/lib/python3.12/site-packages/airflow/example_dags/example_setup_teardown.py
[2025-02-20T13:46:53.343+0000] {processor.py:925} INFO - DAG(s) 'example_setup_teardown' retrieved from /home/airflow/.local/lib/python3.12/site-packages/airflow/example_dags/example_setup_teardown.py
[2025-02-20T13:46:53.365+0000] {logging_mixin.py:190} INFO - [2025-02-20T13:46:53.364+0000] {dag.py:3239} INFO - Sync 1 DAGs
[2025-02-20T13:46:53.380+0000] {logging_mixin.py:190} INFO - [2025-02-20T13:46:53.380+0000] {dag.py:4180} INFO - Setting next_dagrun for example_setup_teardown to None, run_after=None
[2025-02-20T13:46:53.403+0000] {processor.py:208} INFO - Processing /home/airflow/.local/lib/python3.12/site-packages/airflow/example_dags/example_setup_teardown.py took 0.075 seconds
[2025-02-20T13:47:23.624+0000] {processor.py:186} INFO - Started process (PID=5886) to work on /home/airflow/.local/lib/python3.12/site-packages/airflow/example_dags/example_setup_teardown.py
[2025-02-20T13:47:23.625+0000] {processor.py:914} INFO - Processing file /home/airflow/.local/lib/python3.12/site-packages/airflow/example_dags/example_setup_teardown.py for tasks to queue
[2025-02-20T13:47:23.626+0000] {logging_mixin.py:190} INFO - [2025-02-20T13:47:23.626+0000] {dagbag.py:588} INFO - Filling up the DagBag from /home/airflow/.local/lib/python3.12/site-packages/airflow/example_dags/example_setup_teardown.py
[2025-02-20T13:47:23.638+0000] {processor.py:925} INFO - DAG(s) 'example_setup_teardown' retrieved from /home/airflow/.local/lib/python3.12/site-packages/airflow/example_dags/example_setup_teardown.py
[2025-02-20T13:47:23.665+0000] {logging_mixin.py:190} INFO - [2025-02-20T13:47:23.665+0000] {dag.py:3239} INFO - Sync 1 DAGs
[2025-02-20T13:47:23.690+0000] {logging_mixin.py:190} INFO - [2025-02-20T13:47:23.689+0000] {dag.py:4180} INFO - Setting next_dagrun for example_setup_teardown to None, run_after=None
[2025-02-20T13:47:23.730+0000] {processor.py:208} INFO - Processing /home/airflow/.local/lib/python3.12/site-packages/airflow/example_dags/example_setup_teardown.py took 0.113 seconds
[2025-02-20T13:47:53.983+0000] {processor.py:186} INFO - Started process (PID=5962) to work on /home/airflow/.local/lib/python3.12/site-packages/airflow/example_dags/example_setup_teardown.py
[2025-02-20T13:47:53.984+0000] {processor.py:914} INFO - Processing file /home/airflow/.local/lib/python3.12/site-packages/airflow/example_dags/example_setup_teardown.py for tasks to queue
[2025-02-20T13:47:53.985+0000] {logging_mixin.py:190} INFO - [2025-02-20T13:47:53.985+0000] {dagbag.py:588} INFO - Filling up the DagBag from /home/airflow/.local/lib/python3.12/site-packages/airflow/example_dags/example_setup_teardown.py
[2025-02-20T13:47:53.993+0000] {processor.py:925} INFO - DAG(s) 'example_setup_teardown' retrieved from /home/airflow/.local/lib/python3.12/site-packages/airflow/example_dags/example_setup_teardown.py
[2025-02-20T13:47:54.013+0000] {logging_mixin.py:190} INFO - [2025-02-20T13:47:54.012+0000] {dag.py:3239} INFO - Sync 1 DAGs
[2025-02-20T13:47:54.025+0000] {logging_mixin.py:190} INFO - [2025-02-20T13:47:54.025+0000] {dag.py:4180} INFO - Setting next_dagrun for example_setup_teardown to None, run_after=None
[2025-02-20T13:47:54.044+0000] {processor.py:208} INFO - Processing /home/airflow/.local/lib/python3.12/site-packages/airflow/example_dags/example_setup_teardown.py took 0.066 seconds
[2025-02-20T13:48:24.454+0000] {processor.py:186} INFO - Started process (PID=6043) to work on /home/airflow/.local/lib/python3.12/site-packages/airflow/example_dags/example_setup_teardown.py
[2025-02-20T13:48:24.456+0000] {processor.py:914} INFO - Processing file /home/airflow/.local/lib/python3.12/site-packages/airflow/example_dags/example_setup_teardown.py for tasks to queue
[2025-02-20T13:48:24.457+0000] {logging_mixin.py:190} INFO - [2025-02-20T13:48:24.456+0000] {dagbag.py:588} INFO - Filling up the DagBag from /home/airflow/.local/lib/python3.12/site-packages/airflow/example_dags/example_setup_teardown.py
[2025-02-20T13:48:24.464+0000] {processor.py:925} INFO - DAG(s) 'example_setup_teardown' retrieved from /home/airflow/.local/lib/python3.12/site-packages/airflow/example_dags/example_setup_teardown.py
[2025-02-20T13:48:24.482+0000] {logging_mixin.py:190} INFO - [2025-02-20T13:48:24.482+0000] {dag.py:3239} INFO - Sync 1 DAGs
[2025-02-20T13:48:24.495+0000] {logging_mixin.py:190} INFO - [2025-02-20T13:48:24.495+0000] {dag.py:4180} INFO - Setting next_dagrun for example_setup_teardown to None, run_after=None
[2025-02-20T13:48:24.514+0000] {processor.py:208} INFO - Processing /home/airflow/.local/lib/python3.12/site-packages/airflow/example_dags/example_setup_teardown.py took 0.064 seconds
[2025-02-20T13:48:54.979+0000] {processor.py:186} INFO - Started process (PID=6119) to work on /home/airflow/.local/lib/python3.12/site-packages/airflow/example_dags/example_setup_teardown.py
[2025-02-20T13:48:54.980+0000] {processor.py:914} INFO - Processing file /home/airflow/.local/lib/python3.12/site-packages/airflow/example_dags/example_setup_teardown.py for tasks to queue
[2025-02-20T13:48:54.981+0000] {logging_mixin.py:190} INFO - [2025-02-20T13:48:54.981+0000] {dagbag.py:588} INFO - Filling up the DagBag from /home/airflow/.local/lib/python3.12/site-packages/airflow/example_dags/example_setup_teardown.py
[2025-02-20T13:48:54.990+0000] {processor.py:925} INFO - DAG(s) 'example_setup_teardown' retrieved from /home/airflow/.local/lib/python3.12/site-packages/airflow/example_dags/example_setup_teardown.py
[2025-02-20T13:48:55.011+0000] {logging_mixin.py:190} INFO - [2025-02-20T13:48:55.010+0000] {dag.py:3239} INFO - Sync 1 DAGs
[2025-02-20T13:48:55.023+0000] {logging_mixin.py:190} INFO - [2025-02-20T13:48:55.023+0000] {dag.py:4180} INFO - Setting next_dagrun for example_setup_teardown to None, run_after=None
[2025-02-20T13:48:55.044+0000] {processor.py:208} INFO - Processing /home/airflow/.local/lib/python3.12/site-packages/airflow/example_dags/example_setup_teardown.py took 0.070 seconds
[2025-02-20T13:49:25.166+0000] {processor.py:186} INFO - Started process (PID=6195) to work on /home/airflow/.local/lib/python3.12/site-packages/airflow/example_dags/example_setup_teardown.py
[2025-02-20T13:49:25.168+0000] {processor.py:914} INFO - Processing file /home/airflow/.local/lib/python3.12/site-packages/airflow/example_dags/example_setup_teardown.py for tasks to queue
[2025-02-20T13:49:25.170+0000] {logging_mixin.py:190} INFO - [2025-02-20T13:49:25.169+0000] {dagbag.py:588} INFO - Filling up the DagBag from /home/airflow/.local/lib/python3.12/site-packages/airflow/example_dags/example_setup_teardown.py
[2025-02-20T13:49:25.178+0000] {processor.py:925} INFO - DAG(s) 'example_setup_teardown' retrieved from /home/airflow/.local/lib/python3.12/site-packages/airflow/example_dags/example_setup_teardown.py
[2025-02-20T13:49:25.200+0000] {logging_mixin.py:190} INFO - [2025-02-20T13:49:25.199+0000] {dag.py:3239} INFO - Sync 1 DAGs
[2025-02-20T13:49:25.215+0000] {logging_mixin.py:190} INFO - [2025-02-20T13:49:25.214+0000] {dag.py:4180} INFO - Setting next_dagrun for example_setup_teardown to None, run_after=None
[2025-02-20T13:49:25.237+0000] {processor.py:208} INFO - Processing /home/airflow/.local/lib/python3.12/site-packages/airflow/example_dags/example_setup_teardown.py took 0.075 seconds
[2025-02-20T13:49:55.965+0000] {processor.py:186} INFO - Started process (PID=6271) to work on /home/airflow/.local/lib/python3.12/site-packages/airflow/example_dags/example_setup_teardown.py
[2025-02-20T13:49:55.966+0000] {processor.py:914} INFO - Processing file /home/airflow/.local/lib/python3.12/site-packages/airflow/example_dags/example_setup_teardown.py for tasks to queue
[2025-02-20T13:49:55.967+0000] {logging_mixin.py:190} INFO - [2025-02-20T13:49:55.967+0000] {dagbag.py:588} INFO - Filling up the DagBag from /home/airflow/.local/lib/python3.12/site-packages/airflow/example_dags/example_setup_teardown.py
[2025-02-20T13:49:55.974+0000] {processor.py:925} INFO - DAG(s) 'example_setup_teardown' retrieved from /home/airflow/.local/lib/python3.12/site-packages/airflow/example_dags/example_setup_teardown.py
[2025-02-20T13:49:55.994+0000] {logging_mixin.py:190} INFO - [2025-02-20T13:49:55.994+0000] {dag.py:3239} INFO - Sync 1 DAGs
[2025-02-20T13:49:56.007+0000] {logging_mixin.py:190} INFO - [2025-02-20T13:49:56.007+0000] {dag.py:4180} INFO - Setting next_dagrun for example_setup_teardown to None, run_after=None
[2025-02-20T13:49:56.030+0000] {processor.py:208} INFO - Processing /home/airflow/.local/lib/python3.12/site-packages/airflow/example_dags/example_setup_teardown.py took 0.070 seconds
[2025-02-20T13:50:26.546+0000] {processor.py:186} INFO - Started process (PID=6346) to work on /home/airflow/.local/lib/python3.12/site-packages/airflow/example_dags/example_setup_teardown.py
[2025-02-20T13:50:26.548+0000] {processor.py:914} INFO - Processing file /home/airflow/.local/lib/python3.12/site-packages/airflow/example_dags/example_setup_teardown.py for tasks to queue
[2025-02-20T13:50:26.550+0000] {logging_mixin.py:190} INFO - [2025-02-20T13:50:26.549+0000] {dagbag.py:588} INFO - Filling up the DagBag from /home/airflow/.local/lib/python3.12/site-packages/airflow/example_dags/example_setup_teardown.py
[2025-02-20T13:50:26.557+0000] {processor.py:925} INFO - DAG(s) 'example_setup_teardown' retrieved from /home/airflow/.local/lib/python3.12/site-packages/airflow/example_dags/example_setup_teardown.py
[2025-02-20T13:50:26.576+0000] {logging_mixin.py:190} INFO - [2025-02-20T13:50:26.575+0000] {dag.py:3239} INFO - Sync 1 DAGs
[2025-02-20T13:50:26.588+0000] {logging_mixin.py:190} INFO - [2025-02-20T13:50:26.588+0000] {dag.py:4180} INFO - Setting next_dagrun for example_setup_teardown to None, run_after=None
[2025-02-20T13:50:26.607+0000] {processor.py:208} INFO - Processing /home/airflow/.local/lib/python3.12/site-packages/airflow/example_dags/example_setup_teardown.py took 0.066 seconds
[2025-02-20T13:50:57.091+0000] {processor.py:186} INFO - Started process (PID=6422) to work on /home/airflow/.local/lib/python3.12/site-packages/airflow/example_dags/example_setup_teardown.py
[2025-02-20T13:50:57.092+0000] {processor.py:914} INFO - Processing file /home/airflow/.local/lib/python3.12/site-packages/airflow/example_dags/example_setup_teardown.py for tasks to queue
[2025-02-20T13:50:57.094+0000] {logging_mixin.py:190} INFO - [2025-02-20T13:50:57.094+0000] {dagbag.py:588} INFO - Filling up the DagBag from /home/airflow/.local/lib/python3.12/site-packages/airflow/example_dags/example_setup_teardown.py
[2025-02-20T13:50:57.102+0000] {processor.py:925} INFO - DAG(s) 'example_setup_teardown' retrieved from /home/airflow/.local/lib/python3.12/site-packages/airflow/example_dags/example_setup_teardown.py
[2025-02-20T13:50:57.123+0000] {logging_mixin.py:190} INFO - [2025-02-20T13:50:57.123+0000] {dag.py:3239} INFO - Sync 1 DAGs
[2025-02-20T13:50:57.136+0000] {logging_mixin.py:190} INFO - [2025-02-20T13:50:57.136+0000] {dag.py:4180} INFO - Setting next_dagrun for example_setup_teardown to None, run_after=None
[2025-02-20T13:50:57.156+0000] {processor.py:208} INFO - Processing /home/airflow/.local/lib/python3.12/site-packages/airflow/example_dags/example_setup_teardown.py took 0.070 seconds
[2025-02-20T13:51:27.402+0000] {processor.py:186} INFO - Started process (PID=6498) to work on /home/airflow/.local/lib/python3.12/site-packages/airflow/example_dags/example_setup_teardown.py
[2025-02-20T13:51:27.404+0000] {processor.py:914} INFO - Processing file /home/airflow/.local/lib/python3.12/site-packages/airflow/example_dags/example_setup_teardown.py for tasks to queue
[2025-02-20T13:51:27.406+0000] {logging_mixin.py:190} INFO - [2025-02-20T13:51:27.405+0000] {dagbag.py:588} INFO - Filling up the DagBag from /home/airflow/.local/lib/python3.12/site-packages/airflow/example_dags/example_setup_teardown.py
[2025-02-20T13:51:27.413+0000] {processor.py:925} INFO - DAG(s) 'example_setup_teardown' retrieved from /home/airflow/.local/lib/python3.12/site-packages/airflow/example_dags/example_setup_teardown.py
[2025-02-20T13:51:27.433+0000] {logging_mixin.py:190} INFO - [2025-02-20T13:51:27.433+0000] {dag.py:3239} INFO - Sync 1 DAGs
[2025-02-20T13:51:27.447+0000] {logging_mixin.py:190} INFO - [2025-02-20T13:51:27.447+0000] {dag.py:4180} INFO - Setting next_dagrun for example_setup_teardown to None, run_after=None
[2025-02-20T13:51:27.470+0000] {processor.py:208} INFO - Processing /home/airflow/.local/lib/python3.12/site-packages/airflow/example_dags/example_setup_teardown.py took 0.074 seconds
[2025-02-20T13:51:57.986+0000] {processor.py:186} INFO - Started process (PID=6574) to work on /home/airflow/.local/lib/python3.12/site-packages/airflow/example_dags/example_setup_teardown.py
[2025-02-20T13:51:57.988+0000] {processor.py:914} INFO - Processing file /home/airflow/.local/lib/python3.12/site-packages/airflow/example_dags/example_setup_teardown.py for tasks to queue
[2025-02-20T13:51:57.989+0000] {logging_mixin.py:190} INFO - [2025-02-20T13:51:57.989+0000] {dagbag.py:588} INFO - Filling up the DagBag from /home/airflow/.local/lib/python3.12/site-packages/airflow/example_dags/example_setup_teardown.py
[2025-02-20T13:51:57.997+0000] {processor.py:925} INFO - DAG(s) 'example_setup_teardown' retrieved from /home/airflow/.local/lib/python3.12/site-packages/airflow/example_dags/example_setup_teardown.py
[2025-02-20T13:51:58.019+0000] {logging_mixin.py:190} INFO - [2025-02-20T13:51:58.019+0000] {dag.py:3239} INFO - Sync 1 DAGs
[2025-02-20T13:51:58.032+0000] {logging_mixin.py:190} INFO - [2025-02-20T13:51:58.031+0000] {dag.py:4180} INFO - Setting next_dagrun for example_setup_teardown to None, run_after=None
[2025-02-20T13:51:58.054+0000] {processor.py:208} INFO - Processing /home/airflow/.local/lib/python3.12/site-packages/airflow/example_dags/example_setup_teardown.py took 0.073 seconds
[2025-02-20T13:52:28.857+0000] {processor.py:186} INFO - Started process (PID=6650) to work on /home/airflow/.local/lib/python3.12/site-packages/airflow/example_dags/example_setup_teardown.py
[2025-02-20T13:52:28.858+0000] {processor.py:914} INFO - Processing file /home/airflow/.local/lib/python3.12/site-packages/airflow/example_dags/example_setup_teardown.py for tasks to queue
[2025-02-20T13:52:28.860+0000] {logging_mixin.py:190} INFO - [2025-02-20T13:52:28.859+0000] {dagbag.py:588} INFO - Filling up the DagBag from /home/airflow/.local/lib/python3.12/site-packages/airflow/example_dags/example_setup_teardown.py
[2025-02-20T13:52:28.867+0000] {processor.py:925} INFO - DAG(s) 'example_setup_teardown' retrieved from /home/airflow/.local/lib/python3.12/site-packages/airflow/example_dags/example_setup_teardown.py
[2025-02-20T13:52:28.885+0000] {logging_mixin.py:190} INFO - [2025-02-20T13:52:28.885+0000] {dag.py:3239} INFO - Sync 1 DAGs
[2025-02-20T13:52:28.898+0000] {logging_mixin.py:190} INFO - [2025-02-20T13:52:28.898+0000] {dag.py:4180} INFO - Setting next_dagrun for example_setup_teardown to None, run_after=None
[2025-02-20T13:52:28.919+0000] {processor.py:208} INFO - Processing /home/airflow/.local/lib/python3.12/site-packages/airflow/example_dags/example_setup_teardown.py took 0.067 seconds
[2025-02-20T13:52:59.134+0000] {processor.py:186} INFO - Started process (PID=6726) to work on /home/airflow/.local/lib/python3.12/site-packages/airflow/example_dags/example_setup_teardown.py
[2025-02-20T13:52:59.136+0000] {processor.py:914} INFO - Processing file /home/airflow/.local/lib/python3.12/site-packages/airflow/example_dags/example_setup_teardown.py for tasks to queue
[2025-02-20T13:52:59.137+0000] {logging_mixin.py:190} INFO - [2025-02-20T13:52:59.137+0000] {dagbag.py:588} INFO - Filling up the DagBag from /home/airflow/.local/lib/python3.12/site-packages/airflow/example_dags/example_setup_teardown.py
[2025-02-20T13:52:59.145+0000] {processor.py:925} INFO - DAG(s) 'example_setup_teardown' retrieved from /home/airflow/.local/lib/python3.12/site-packages/airflow/example_dags/example_setup_teardown.py
[2025-02-20T13:52:59.166+0000] {logging_mixin.py:190} INFO - [2025-02-20T13:52:59.166+0000] {dag.py:3239} INFO - Sync 1 DAGs
[2025-02-20T13:52:59.181+0000] {logging_mixin.py:190} INFO - [2025-02-20T13:52:59.181+0000] {dag.py:4180} INFO - Setting next_dagrun for example_setup_teardown to None, run_after=None
[2025-02-20T13:52:59.202+0000] {processor.py:208} INFO - Processing /home/airflow/.local/lib/python3.12/site-packages/airflow/example_dags/example_setup_teardown.py took 0.074 seconds
[2025-02-20T13:53:29.449+0000] {processor.py:186} INFO - Started process (PID=6800) to work on /home/airflow/.local/lib/python3.12/site-packages/airflow/example_dags/example_setup_teardown.py
[2025-02-20T13:53:29.450+0000] {processor.py:914} INFO - Processing file /home/airflow/.local/lib/python3.12/site-packages/airflow/example_dags/example_setup_teardown.py for tasks to queue
[2025-02-20T13:53:29.451+0000] {logging_mixin.py:190} INFO - [2025-02-20T13:53:29.451+0000] {dagbag.py:588} INFO - Filling up the DagBag from /home/airflow/.local/lib/python3.12/site-packages/airflow/example_dags/example_setup_teardown.py
[2025-02-20T13:53:29.460+0000] {processor.py:925} INFO - DAG(s) 'example_setup_teardown' retrieved from /home/airflow/.local/lib/python3.12/site-packages/airflow/example_dags/example_setup_teardown.py
[2025-02-20T13:53:29.479+0000] {logging_mixin.py:190} INFO - [2025-02-20T13:53:29.479+0000] {dag.py:3239} INFO - Sync 1 DAGs
[2025-02-20T13:53:29.492+0000] {logging_mixin.py:190} INFO - [2025-02-20T13:53:29.492+0000] {dag.py:4180} INFO - Setting next_dagrun for example_setup_teardown to None, run_after=None
[2025-02-20T13:53:29.512+0000] {processor.py:208} INFO - Processing /home/airflow/.local/lib/python3.12/site-packages/airflow/example_dags/example_setup_teardown.py took 0.070 seconds
[2025-02-20T13:54:00.281+0000] {processor.py:186} INFO - Started process (PID=6871) to work on /home/airflow/.local/lib/python3.12/site-packages/airflow/example_dags/example_setup_teardown.py
[2025-02-20T13:54:00.283+0000] {processor.py:914} INFO - Processing file /home/airflow/.local/lib/python3.12/site-packages/airflow/example_dags/example_setup_teardown.py for tasks to queue
[2025-02-20T13:54:00.285+0000] {logging_mixin.py:190} INFO - [2025-02-20T13:54:00.285+0000] {dagbag.py:588} INFO - Filling up the DagBag from /home/airflow/.local/lib/python3.12/site-packages/airflow/example_dags/example_setup_teardown.py
[2025-02-20T13:54:00.292+0000] {processor.py:925} INFO - DAG(s) 'example_setup_teardown' retrieved from /home/airflow/.local/lib/python3.12/site-packages/airflow/example_dags/example_setup_teardown.py
[2025-02-20T13:54:00.313+0000] {logging_mixin.py:190} INFO - [2025-02-20T13:54:00.313+0000] {dag.py:3239} INFO - Sync 1 DAGs
[2025-02-20T13:54:00.327+0000] {logging_mixin.py:190} INFO - [2025-02-20T13:54:00.327+0000] {dag.py:4180} INFO - Setting next_dagrun for example_setup_teardown to None, run_after=None
[2025-02-20T13:54:00.362+0000] {processor.py:208} INFO - Processing /home/airflow/.local/lib/python3.12/site-packages/airflow/example_dags/example_setup_teardown.py took 0.086 seconds
[2025-02-20T13:54:31.080+0000] {processor.py:186} INFO - Started process (PID=6947) to work on /home/airflow/.local/lib/python3.12/site-packages/airflow/example_dags/example_setup_teardown.py
[2025-02-20T13:54:31.081+0000] {processor.py:914} INFO - Processing file /home/airflow/.local/lib/python3.12/site-packages/airflow/example_dags/example_setup_teardown.py for tasks to queue
[2025-02-20T13:54:31.082+0000] {logging_mixin.py:190} INFO - [2025-02-20T13:54:31.082+0000] {dagbag.py:588} INFO - Filling up the DagBag from /home/airflow/.local/lib/python3.12/site-packages/airflow/example_dags/example_setup_teardown.py
[2025-02-20T13:54:31.089+0000] {processor.py:925} INFO - DAG(s) 'example_setup_teardown' retrieved from /home/airflow/.local/lib/python3.12/site-packages/airflow/example_dags/example_setup_teardown.py
[2025-02-20T13:54:31.108+0000] {logging_mixin.py:190} INFO - [2025-02-20T13:54:31.108+0000] {dag.py:3239} INFO - Sync 1 DAGs
[2025-02-20T13:54:31.119+0000] {logging_mixin.py:190} INFO - [2025-02-20T13:54:31.119+0000] {dag.py:4180} INFO - Setting next_dagrun for example_setup_teardown to None, run_after=None
[2025-02-20T13:54:31.138+0000] {processor.py:208} INFO - Processing /home/airflow/.local/lib/python3.12/site-packages/airflow/example_dags/example_setup_teardown.py took 0.064 seconds
[2025-02-20T13:55:01.319+0000] {processor.py:186} INFO - Started process (PID=7023) to work on /home/airflow/.local/lib/python3.12/site-packages/airflow/example_dags/example_setup_teardown.py
[2025-02-20T13:55:01.320+0000] {processor.py:914} INFO - Processing file /home/airflow/.local/lib/python3.12/site-packages/airflow/example_dags/example_setup_teardown.py for tasks to queue
[2025-02-20T13:55:01.322+0000] {logging_mixin.py:190} INFO - [2025-02-20T13:55:01.322+0000] {dagbag.py:588} INFO - Filling up the DagBag from /home/airflow/.local/lib/python3.12/site-packages/airflow/example_dags/example_setup_teardown.py
[2025-02-20T13:55:01.331+0000] {processor.py:925} INFO - DAG(s) 'example_setup_teardown' retrieved from /home/airflow/.local/lib/python3.12/site-packages/airflow/example_dags/example_setup_teardown.py
[2025-02-20T13:55:01.350+0000] {logging_mixin.py:190} INFO - [2025-02-20T13:55:01.350+0000] {dag.py:3239} INFO - Sync 1 DAGs
[2025-02-20T13:55:01.365+0000] {logging_mixin.py:190} INFO - [2025-02-20T13:55:01.365+0000] {dag.py:4180} INFO - Setting next_dagrun for example_setup_teardown to None, run_after=None
[2025-02-20T13:55:01.386+0000] {processor.py:208} INFO - Processing /home/airflow/.local/lib/python3.12/site-packages/airflow/example_dags/example_setup_teardown.py took 0.072 seconds
[2025-02-20T13:55:32.249+0000] {processor.py:186} INFO - Started process (PID=7099) to work on /home/airflow/.local/lib/python3.12/site-packages/airflow/example_dags/example_setup_teardown.py
[2025-02-20T13:55:32.251+0000] {processor.py:914} INFO - Processing file /home/airflow/.local/lib/python3.12/site-packages/airflow/example_dags/example_setup_teardown.py for tasks to queue
[2025-02-20T13:55:32.252+0000] {logging_mixin.py:190} INFO - [2025-02-20T13:55:32.252+0000] {dagbag.py:588} INFO - Filling up the DagBag from /home/airflow/.local/lib/python3.12/site-packages/airflow/example_dags/example_setup_teardown.py
[2025-02-20T13:55:32.262+0000] {processor.py:925} INFO - DAG(s) 'example_setup_teardown' retrieved from /home/airflow/.local/lib/python3.12/site-packages/airflow/example_dags/example_setup_teardown.py
[2025-02-20T13:55:32.283+0000] {logging_mixin.py:190} INFO - [2025-02-20T13:55:32.283+0000] {dag.py:3239} INFO - Sync 1 DAGs
[2025-02-20T13:55:32.299+0000] {logging_mixin.py:190} INFO - [2025-02-20T13:55:32.298+0000] {dag.py:4180} INFO - Setting next_dagrun for example_setup_teardown to None, run_after=None
[2025-02-20T13:55:32.322+0000] {processor.py:208} INFO - Processing /home/airflow/.local/lib/python3.12/site-packages/airflow/example_dags/example_setup_teardown.py took 0.078 seconds
[2025-02-20T13:56:02.421+0000] {processor.py:186} INFO - Started process (PID=7175) to work on /home/airflow/.local/lib/python3.12/site-packages/airflow/example_dags/example_setup_teardown.py
[2025-02-20T13:56:02.422+0000] {processor.py:914} INFO - Processing file /home/airflow/.local/lib/python3.12/site-packages/airflow/example_dags/example_setup_teardown.py for tasks to queue
[2025-02-20T13:56:02.424+0000] {logging_mixin.py:190} INFO - [2025-02-20T13:56:02.423+0000] {dagbag.py:588} INFO - Filling up the DagBag from /home/airflow/.local/lib/python3.12/site-packages/airflow/example_dags/example_setup_teardown.py
[2025-02-20T13:56:02.431+0000] {processor.py:925} INFO - DAG(s) 'example_setup_teardown' retrieved from /home/airflow/.local/lib/python3.12/site-packages/airflow/example_dags/example_setup_teardown.py
[2025-02-20T13:56:02.449+0000] {logging_mixin.py:190} INFO - [2025-02-20T13:56:02.449+0000] {dag.py:3239} INFO - Sync 1 DAGs
[2025-02-20T13:56:02.464+0000] {logging_mixin.py:190} INFO - [2025-02-20T13:56:02.463+0000] {dag.py:4180} INFO - Setting next_dagrun for example_setup_teardown to None, run_after=None
[2025-02-20T13:56:02.485+0000] {processor.py:208} INFO - Processing /home/airflow/.local/lib/python3.12/site-packages/airflow/example_dags/example_setup_teardown.py took 0.068 seconds
[2025-02-20T13:56:32.660+0000] {processor.py:186} INFO - Started process (PID=7251) to work on /home/airflow/.local/lib/python3.12/site-packages/airflow/example_dags/example_setup_teardown.py
[2025-02-20T13:56:32.661+0000] {processor.py:914} INFO - Processing file /home/airflow/.local/lib/python3.12/site-packages/airflow/example_dags/example_setup_teardown.py for tasks to queue
[2025-02-20T13:56:32.663+0000] {logging_mixin.py:190} INFO - [2025-02-20T13:56:32.662+0000] {dagbag.py:588} INFO - Filling up the DagBag from /home/airflow/.local/lib/python3.12/site-packages/airflow/example_dags/example_setup_teardown.py
[2025-02-20T13:56:32.670+0000] {processor.py:925} INFO - DAG(s) 'example_setup_teardown' retrieved from /home/airflow/.local/lib/python3.12/site-packages/airflow/example_dags/example_setup_teardown.py
[2025-02-20T13:56:32.688+0000] {logging_mixin.py:190} INFO - [2025-02-20T13:56:32.688+0000] {dag.py:3239} INFO - Sync 1 DAGs
[2025-02-20T13:56:32.700+0000] {logging_mixin.py:190} INFO - [2025-02-20T13:56:32.700+0000] {dag.py:4180} INFO - Setting next_dagrun for example_setup_teardown to None, run_after=None
[2025-02-20T13:56:32.718+0000] {processor.py:208} INFO - Processing /home/airflow/.local/lib/python3.12/site-packages/airflow/example_dags/example_setup_teardown.py took 0.063 seconds
[2025-02-20T13:57:03.163+0000] {processor.py:186} INFO - Started process (PID=7327) to work on /home/airflow/.local/lib/python3.12/site-packages/airflow/example_dags/example_setup_teardown.py
[2025-02-20T13:57:03.164+0000] {processor.py:914} INFO - Processing file /home/airflow/.local/lib/python3.12/site-packages/airflow/example_dags/example_setup_teardown.py for tasks to queue
[2025-02-20T13:57:03.166+0000] {logging_mixin.py:190} INFO - [2025-02-20T13:57:03.165+0000] {dagbag.py:588} INFO - Filling up the DagBag from /home/airflow/.local/lib/python3.12/site-packages/airflow/example_dags/example_setup_teardown.py
[2025-02-20T13:57:03.173+0000] {processor.py:925} INFO - DAG(s) 'example_setup_teardown' retrieved from /home/airflow/.local/lib/python3.12/site-packages/airflow/example_dags/example_setup_teardown.py
[2025-02-20T13:57:03.193+0000] {logging_mixin.py:190} INFO - [2025-02-20T13:57:03.192+0000] {dag.py:3239} INFO - Sync 1 DAGs
[2025-02-20T13:57:03.206+0000] {logging_mixin.py:190} INFO - [2025-02-20T13:57:03.206+0000] {dag.py:4180} INFO - Setting next_dagrun for example_setup_teardown to None, run_after=None
[2025-02-20T13:57:03.224+0000] {processor.py:208} INFO - Processing /home/airflow/.local/lib/python3.12/site-packages/airflow/example_dags/example_setup_teardown.py took 0.066 seconds
[2025-02-20T13:57:33.948+0000] {processor.py:186} INFO - Started process (PID=7403) to work on /home/airflow/.local/lib/python3.12/site-packages/airflow/example_dags/example_setup_teardown.py
[2025-02-20T13:57:33.949+0000] {processor.py:914} INFO - Processing file /home/airflow/.local/lib/python3.12/site-packages/airflow/example_dags/example_setup_teardown.py for tasks to queue
[2025-02-20T13:57:33.951+0000] {logging_mixin.py:190} INFO - [2025-02-20T13:57:33.951+0000] {dagbag.py:588} INFO - Filling up the DagBag from /home/airflow/.local/lib/python3.12/site-packages/airflow/example_dags/example_setup_teardown.py
[2025-02-20T13:57:33.959+0000] {processor.py:925} INFO - DAG(s) 'example_setup_teardown' retrieved from /home/airflow/.local/lib/python3.12/site-packages/airflow/example_dags/example_setup_teardown.py
[2025-02-20T13:57:33.979+0000] {logging_mixin.py:190} INFO - [2025-02-20T13:57:33.979+0000] {dag.py:3239} INFO - Sync 1 DAGs
[2025-02-20T13:57:33.992+0000] {logging_mixin.py:190} INFO - [2025-02-20T13:57:33.991+0000] {dag.py:4180} INFO - Setting next_dagrun for example_setup_teardown to None, run_after=None
[2025-02-20T13:57:34.011+0000] {processor.py:208} INFO - Processing /home/airflow/.local/lib/python3.12/site-packages/airflow/example_dags/example_setup_teardown.py took 0.067 seconds
[2025-02-20T13:58:04.154+0000] {processor.py:186} INFO - Started process (PID=7480) to work on /home/airflow/.local/lib/python3.12/site-packages/airflow/example_dags/example_setup_teardown.py
[2025-02-20T13:58:04.155+0000] {processor.py:914} INFO - Processing file /home/airflow/.local/lib/python3.12/site-packages/airflow/example_dags/example_setup_teardown.py for tasks to queue
[2025-02-20T13:58:04.157+0000] {logging_mixin.py:190} INFO - [2025-02-20T13:58:04.156+0000] {dagbag.py:588} INFO - Filling up the DagBag from /home/airflow/.local/lib/python3.12/site-packages/airflow/example_dags/example_setup_teardown.py
[2025-02-20T13:58:04.164+0000] {processor.py:925} INFO - DAG(s) 'example_setup_teardown' retrieved from /home/airflow/.local/lib/python3.12/site-packages/airflow/example_dags/example_setup_teardown.py
[2025-02-20T13:58:04.181+0000] {logging_mixin.py:190} INFO - [2025-02-20T13:58:04.180+0000] {dag.py:3239} INFO - Sync 1 DAGs
[2025-02-20T13:58:04.194+0000] {logging_mixin.py:190} INFO - [2025-02-20T13:58:04.194+0000] {dag.py:4180} INFO - Setting next_dagrun for example_setup_teardown to None, run_after=None
[2025-02-20T13:58:04.213+0000] {processor.py:208} INFO - Processing /home/airflow/.local/lib/python3.12/site-packages/airflow/example_dags/example_setup_teardown.py took 0.063 seconds
[2025-02-20T13:58:34.555+0000] {processor.py:186} INFO - Started process (PID=7562) to work on /home/airflow/.local/lib/python3.12/site-packages/airflow/example_dags/example_setup_teardown.py
[2025-02-20T13:58:34.556+0000] {processor.py:914} INFO - Processing file /home/airflow/.local/lib/python3.12/site-packages/airflow/example_dags/example_setup_teardown.py for tasks to queue
[2025-02-20T13:58:34.557+0000] {logging_mixin.py:190} INFO - [2025-02-20T13:58:34.557+0000] {dagbag.py:588} INFO - Filling up the DagBag from /home/airflow/.local/lib/python3.12/site-packages/airflow/example_dags/example_setup_teardown.py
[2025-02-20T13:58:34.564+0000] {processor.py:925} INFO - DAG(s) 'example_setup_teardown' retrieved from /home/airflow/.local/lib/python3.12/site-packages/airflow/example_dags/example_setup_teardown.py
[2025-02-20T13:58:34.582+0000] {logging_mixin.py:190} INFO - [2025-02-20T13:58:34.582+0000] {dag.py:3239} INFO - Sync 1 DAGs
[2025-02-20T13:58:34.594+0000] {logging_mixin.py:190} INFO - [2025-02-20T13:58:34.594+0000] {dag.py:4180} INFO - Setting next_dagrun for example_setup_teardown to None, run_after=None
[2025-02-20T13:58:34.613+0000] {processor.py:208} INFO - Processing /home/airflow/.local/lib/python3.12/site-packages/airflow/example_dags/example_setup_teardown.py took 0.063 seconds
[2025-02-20T13:59:05.099+0000] {processor.py:186} INFO - Started process (PID=7639) to work on /home/airflow/.local/lib/python3.12/site-packages/airflow/example_dags/example_setup_teardown.py
[2025-02-20T13:59:05.101+0000] {processor.py:914} INFO - Processing file /home/airflow/.local/lib/python3.12/site-packages/airflow/example_dags/example_setup_teardown.py for tasks to queue
[2025-02-20T13:59:05.102+0000] {logging_mixin.py:190} INFO - [2025-02-20T13:59:05.102+0000] {dagbag.py:588} INFO - Filling up the DagBag from /home/airflow/.local/lib/python3.12/site-packages/airflow/example_dags/example_setup_teardown.py
[2025-02-20T13:59:05.110+0000] {processor.py:925} INFO - DAG(s) 'example_setup_teardown' retrieved from /home/airflow/.local/lib/python3.12/site-packages/airflow/example_dags/example_setup_teardown.py
[2025-02-20T13:59:05.129+0000] {logging_mixin.py:190} INFO - [2025-02-20T13:59:05.129+0000] {dag.py:3239} INFO - Sync 1 DAGs
[2025-02-20T13:59:05.141+0000] {logging_mixin.py:190} INFO - [2025-02-20T13:59:05.141+0000] {dag.py:4180} INFO - Setting next_dagrun for example_setup_teardown to None, run_after=None
[2025-02-20T13:59:05.160+0000] {processor.py:208} INFO - Processing /home/airflow/.local/lib/python3.12/site-packages/airflow/example_dags/example_setup_teardown.py took 0.065 seconds
[2025-02-20T13:59:35.631+0000] {processor.py:186} INFO - Started process (PID=7715) to work on /home/airflow/.local/lib/python3.12/site-packages/airflow/example_dags/example_setup_teardown.py
[2025-02-20T13:59:35.632+0000] {processor.py:914} INFO - Processing file /home/airflow/.local/lib/python3.12/site-packages/airflow/example_dags/example_setup_teardown.py for tasks to queue
[2025-02-20T13:59:35.633+0000] {logging_mixin.py:190} INFO - [2025-02-20T13:59:35.633+0000] {dagbag.py:588} INFO - Filling up the DagBag from /home/airflow/.local/lib/python3.12/site-packages/airflow/example_dags/example_setup_teardown.py
[2025-02-20T13:59:35.640+0000] {processor.py:925} INFO - DAG(s) 'example_setup_teardown' retrieved from /home/airflow/.local/lib/python3.12/site-packages/airflow/example_dags/example_setup_teardown.py
[2025-02-20T13:59:35.658+0000] {logging_mixin.py:190} INFO - [2025-02-20T13:59:35.657+0000] {dag.py:3239} INFO - Sync 1 DAGs
[2025-02-20T13:59:35.670+0000] {logging_mixin.py:190} INFO - [2025-02-20T13:59:35.670+0000] {dag.py:4180} INFO - Setting next_dagrun for example_setup_teardown to None, run_after=None
[2025-02-20T13:59:35.688+0000] {processor.py:208} INFO - Processing /home/airflow/.local/lib/python3.12/site-packages/airflow/example_dags/example_setup_teardown.py took 0.062 seconds
[2025-02-20T14:00:05.747+0000] {processor.py:186} INFO - Started process (PID=7791) to work on /home/airflow/.local/lib/python3.12/site-packages/airflow/example_dags/example_setup_teardown.py
[2025-02-20T14:00:05.748+0000] {processor.py:914} INFO - Processing file /home/airflow/.local/lib/python3.12/site-packages/airflow/example_dags/example_setup_teardown.py for tasks to queue
[2025-02-20T14:00:05.750+0000] {logging_mixin.py:190} INFO - [2025-02-20T14:00:05.749+0000] {dagbag.py:588} INFO - Filling up the DagBag from /home/airflow/.local/lib/python3.12/site-packages/airflow/example_dags/example_setup_teardown.py
[2025-02-20T14:00:05.757+0000] {processor.py:925} INFO - DAG(s) 'example_setup_teardown' retrieved from /home/airflow/.local/lib/python3.12/site-packages/airflow/example_dags/example_setup_teardown.py
[2025-02-20T14:00:05.775+0000] {logging_mixin.py:190} INFO - [2025-02-20T14:00:05.775+0000] {dag.py:3239} INFO - Sync 1 DAGs
[2025-02-20T14:00:05.789+0000] {logging_mixin.py:190} INFO - [2025-02-20T14:00:05.789+0000] {dag.py:4180} INFO - Setting next_dagrun for example_setup_teardown to None, run_after=None
[2025-02-20T14:00:05.811+0000] {processor.py:208} INFO - Processing /home/airflow/.local/lib/python3.12/site-packages/airflow/example_dags/example_setup_teardown.py took 0.073 seconds
[2025-02-20T14:00:35.924+0000] {processor.py:186} INFO - Started process (PID=7867) to work on /home/airflow/.local/lib/python3.12/site-packages/airflow/example_dags/example_setup_teardown.py
[2025-02-20T14:00:35.925+0000] {processor.py:914} INFO - Processing file /home/airflow/.local/lib/python3.12/site-packages/airflow/example_dags/example_setup_teardown.py for tasks to queue
[2025-02-20T14:00:35.927+0000] {logging_mixin.py:190} INFO - [2025-02-20T14:00:35.926+0000] {dagbag.py:588} INFO - Filling up the DagBag from /home/airflow/.local/lib/python3.12/site-packages/airflow/example_dags/example_setup_teardown.py
[2025-02-20T14:00:35.934+0000] {processor.py:925} INFO - DAG(s) 'example_setup_teardown' retrieved from /home/airflow/.local/lib/python3.12/site-packages/airflow/example_dags/example_setup_teardown.py
[2025-02-20T14:00:35.953+0000] {logging_mixin.py:190} INFO - [2025-02-20T14:00:35.952+0000] {dag.py:3239} INFO - Sync 1 DAGs
[2025-02-20T14:00:35.967+0000] {logging_mixin.py:190} INFO - [2025-02-20T14:00:35.967+0000] {dag.py:4180} INFO - Setting next_dagrun for example_setup_teardown to None, run_after=None
[2025-02-20T14:00:35.986+0000] {processor.py:208} INFO - Processing /home/airflow/.local/lib/python3.12/site-packages/airflow/example_dags/example_setup_teardown.py took 0.067 seconds
[2025-02-20T14:01:06.502+0000] {processor.py:186} INFO - Started process (PID=7943) to work on /home/airflow/.local/lib/python3.12/site-packages/airflow/example_dags/example_setup_teardown.py
[2025-02-20T14:01:06.503+0000] {processor.py:914} INFO - Processing file /home/airflow/.local/lib/python3.12/site-packages/airflow/example_dags/example_setup_teardown.py for tasks to queue
[2025-02-20T14:01:06.504+0000] {logging_mixin.py:190} INFO - [2025-02-20T14:01:06.504+0000] {dagbag.py:588} INFO - Filling up the DagBag from /home/airflow/.local/lib/python3.12/site-packages/airflow/example_dags/example_setup_teardown.py
[2025-02-20T14:01:06.511+0000] {processor.py:925} INFO - DAG(s) 'example_setup_teardown' retrieved from /home/airflow/.local/lib/python3.12/site-packages/airflow/example_dags/example_setup_teardown.py
[2025-02-20T14:01:06.528+0000] {logging_mixin.py:190} INFO - [2025-02-20T14:01:06.528+0000] {dag.py:3239} INFO - Sync 1 DAGs
[2025-02-20T14:01:06.541+0000] {logging_mixin.py:190} INFO - [2025-02-20T14:01:06.540+0000] {dag.py:4180} INFO - Setting next_dagrun for example_setup_teardown to None, run_after=None
[2025-02-20T14:01:06.558+0000] {processor.py:208} INFO - Processing /home/airflow/.local/lib/python3.12/site-packages/airflow/example_dags/example_setup_teardown.py took 0.061 seconds
[2025-02-20T14:01:36.922+0000] {processor.py:186} INFO - Started process (PID=8019) to work on /home/airflow/.local/lib/python3.12/site-packages/airflow/example_dags/example_setup_teardown.py
[2025-02-20T14:01:36.923+0000] {processor.py:914} INFO - Processing file /home/airflow/.local/lib/python3.12/site-packages/airflow/example_dags/example_setup_teardown.py for tasks to queue
[2025-02-20T14:01:36.925+0000] {logging_mixin.py:190} INFO - [2025-02-20T14:01:36.925+0000] {dagbag.py:588} INFO - Filling up the DagBag from /home/airflow/.local/lib/python3.12/site-packages/airflow/example_dags/example_setup_teardown.py
[2025-02-20T14:01:36.932+0000] {processor.py:925} INFO - DAG(s) 'example_setup_teardown' retrieved from /home/airflow/.local/lib/python3.12/site-packages/airflow/example_dags/example_setup_teardown.py
[2025-02-20T14:01:36.950+0000] {logging_mixin.py:190} INFO - [2025-02-20T14:01:36.950+0000] {dag.py:3239} INFO - Sync 1 DAGs
[2025-02-20T14:01:36.964+0000] {logging_mixin.py:190} INFO - [2025-02-20T14:01:36.964+0000] {dag.py:4180} INFO - Setting next_dagrun for example_setup_teardown to None, run_after=None
[2025-02-20T14:01:36.984+0000] {processor.py:208} INFO - Processing /home/airflow/.local/lib/python3.12/site-packages/airflow/example_dags/example_setup_teardown.py took 0.067 seconds
[2025-02-20T14:02:07.283+0000] {processor.py:186} INFO - Started process (PID=8095) to work on /home/airflow/.local/lib/python3.12/site-packages/airflow/example_dags/example_setup_teardown.py
[2025-02-20T14:02:07.289+0000] {processor.py:914} INFO - Processing file /home/airflow/.local/lib/python3.12/site-packages/airflow/example_dags/example_setup_teardown.py for tasks to queue
[2025-02-20T14:02:07.291+0000] {logging_mixin.py:190} INFO - [2025-02-20T14:02:07.290+0000] {dagbag.py:588} INFO - Filling up the DagBag from /home/airflow/.local/lib/python3.12/site-packages/airflow/example_dags/example_setup_teardown.py
[2025-02-20T14:02:07.305+0000] {processor.py:925} INFO - DAG(s) 'example_setup_teardown' retrieved from /home/airflow/.local/lib/python3.12/site-packages/airflow/example_dags/example_setup_teardown.py
[2025-02-20T14:02:07.321+0000] {logging_mixin.py:190} INFO - [2025-02-20T14:02:07.321+0000] {dag.py:3239} INFO - Sync 1 DAGs
[2025-02-20T14:02:07.334+0000] {logging_mixin.py:190} INFO - [2025-02-20T14:02:07.334+0000] {dag.py:4180} INFO - Setting next_dagrun for example_setup_teardown to None, run_after=None
[2025-02-20T14:02:07.356+0000] {processor.py:208} INFO - Processing /home/airflow/.local/lib/python3.12/site-packages/airflow/example_dags/example_setup_teardown.py took 0.077 seconds
[2025-02-20T14:02:37.566+0000] {processor.py:186} INFO - Started process (PID=8171) to work on /home/airflow/.local/lib/python3.12/site-packages/airflow/example_dags/example_setup_teardown.py
[2025-02-20T14:02:37.567+0000] {processor.py:914} INFO - Processing file /home/airflow/.local/lib/python3.12/site-packages/airflow/example_dags/example_setup_teardown.py for tasks to queue
[2025-02-20T14:02:37.569+0000] {logging_mixin.py:190} INFO - [2025-02-20T14:02:37.569+0000] {dagbag.py:588} INFO - Filling up the DagBag from /home/airflow/.local/lib/python3.12/site-packages/airflow/example_dags/example_setup_teardown.py
[2025-02-20T14:02:37.576+0000] {processor.py:925} INFO - DAG(s) 'example_setup_teardown' retrieved from /home/airflow/.local/lib/python3.12/site-packages/airflow/example_dags/example_setup_teardown.py
[2025-02-20T14:02:37.596+0000] {logging_mixin.py:190} INFO - [2025-02-20T14:02:37.596+0000] {dag.py:3239} INFO - Sync 1 DAGs
[2025-02-20T14:02:37.612+0000] {logging_mixin.py:190} INFO - [2025-02-20T14:02:37.611+0000] {dag.py:4180} INFO - Setting next_dagrun for example_setup_teardown to None, run_after=None
[2025-02-20T14:02:37.636+0000] {processor.py:208} INFO - Processing /home/airflow/.local/lib/python3.12/site-packages/airflow/example_dags/example_setup_teardown.py took 0.075 seconds
[2025-02-20T14:03:08.614+0000] {processor.py:186} INFO - Started process (PID=8247) to work on /home/airflow/.local/lib/python3.12/site-packages/airflow/example_dags/example_setup_teardown.py
[2025-02-20T14:03:08.615+0000] {processor.py:914} INFO - Processing file /home/airflow/.local/lib/python3.12/site-packages/airflow/example_dags/example_setup_teardown.py for tasks to queue
[2025-02-20T14:03:08.617+0000] {logging_mixin.py:190} INFO - [2025-02-20T14:03:08.617+0000] {dagbag.py:588} INFO - Filling up the DagBag from /home/airflow/.local/lib/python3.12/site-packages/airflow/example_dags/example_setup_teardown.py
[2025-02-20T14:03:08.626+0000] {processor.py:925} INFO - DAG(s) 'example_setup_teardown' retrieved from /home/airflow/.local/lib/python3.12/site-packages/airflow/example_dags/example_setup_teardown.py
[2025-02-20T14:03:08.657+0000] {logging_mixin.py:190} INFO - [2025-02-20T14:03:08.656+0000] {dag.py:3239} INFO - Sync 1 DAGs
[2025-02-20T14:03:08.694+0000] {logging_mixin.py:190} INFO - [2025-02-20T14:03:08.694+0000] {dag.py:4180} INFO - Setting next_dagrun for example_setup_teardown to None, run_after=None
[2025-02-20T14:03:08.744+0000] {processor.py:208} INFO - Processing /home/airflow/.local/lib/python3.12/site-packages/airflow/example_dags/example_setup_teardown.py took 0.134 seconds
[2025-02-20T14:44:19.300+0000] {processor.py:186} INFO - Started process (PID=8346) to work on /home/airflow/.local/lib/python3.12/site-packages/airflow/example_dags/example_setup_teardown.py
[2025-02-20T14:44:19.301+0000] {processor.py:914} INFO - Processing file /home/airflow/.local/lib/python3.12/site-packages/airflow/example_dags/example_setup_teardown.py for tasks to queue
[2025-02-20T14:44:19.303+0000] {logging_mixin.py:190} INFO - [2025-02-20T14:44:19.303+0000] {dagbag.py:588} INFO - Filling up the DagBag from /home/airflow/.local/lib/python3.12/site-packages/airflow/example_dags/example_setup_teardown.py
[2025-02-20T14:44:19.310+0000] {processor.py:925} INFO - DAG(s) 'example_setup_teardown' retrieved from /home/airflow/.local/lib/python3.12/site-packages/airflow/example_dags/example_setup_teardown.py
[2025-02-20T14:44:19.331+0000] {logging_mixin.py:190} INFO - [2025-02-20T14:44:19.331+0000] {dag.py:3239} INFO - Sync 1 DAGs
[2025-02-20T14:44:19.346+0000] {logging_mixin.py:190} INFO - [2025-02-20T14:44:19.346+0000] {dag.py:4180} INFO - Setting next_dagrun for example_setup_teardown to None, run_after=None
[2025-02-20T14:44:19.373+0000] {processor.py:208} INFO - Processing /home/airflow/.local/lib/python3.12/site-packages/airflow/example_dags/example_setup_teardown.py took 0.078 seconds
[2025-02-20T14:44:50.231+0000] {processor.py:186} INFO - Started process (PID=8422) to work on /home/airflow/.local/lib/python3.12/site-packages/airflow/example_dags/example_setup_teardown.py
[2025-02-20T14:44:50.232+0000] {processor.py:914} INFO - Processing file /home/airflow/.local/lib/python3.12/site-packages/airflow/example_dags/example_setup_teardown.py for tasks to queue
[2025-02-20T14:44:50.234+0000] {logging_mixin.py:190} INFO - [2025-02-20T14:44:50.233+0000] {dagbag.py:588} INFO - Filling up the DagBag from /home/airflow/.local/lib/python3.12/site-packages/airflow/example_dags/example_setup_teardown.py
[2025-02-20T14:44:50.240+0000] {processor.py:925} INFO - DAG(s) 'example_setup_teardown' retrieved from /home/airflow/.local/lib/python3.12/site-packages/airflow/example_dags/example_setup_teardown.py
[2025-02-20T14:44:50.255+0000] {logging_mixin.py:190} INFO - [2025-02-20T14:44:50.255+0000] {dag.py:3239} INFO - Sync 1 DAGs
[2025-02-20T14:44:50.266+0000] {logging_mixin.py:190} INFO - [2025-02-20T14:44:50.266+0000] {dag.py:4180} INFO - Setting next_dagrun for example_setup_teardown to None, run_after=None
[2025-02-20T14:44:50.289+0000] {processor.py:208} INFO - Processing /home/airflow/.local/lib/python3.12/site-packages/airflow/example_dags/example_setup_teardown.py took 0.062 seconds
[2025-02-20T14:45:21.008+0000] {processor.py:186} INFO - Started process (PID=8499) to work on /home/airflow/.local/lib/python3.12/site-packages/airflow/example_dags/example_setup_teardown.py
[2025-02-20T14:45:21.009+0000] {processor.py:914} INFO - Processing file /home/airflow/.local/lib/python3.12/site-packages/airflow/example_dags/example_setup_teardown.py for tasks to queue
[2025-02-20T14:45:21.010+0000] {logging_mixin.py:190} INFO - [2025-02-20T14:45:21.010+0000] {dagbag.py:588} INFO - Filling up the DagBag from /home/airflow/.local/lib/python3.12/site-packages/airflow/example_dags/example_setup_teardown.py
[2025-02-20T14:45:21.020+0000] {processor.py:925} INFO - DAG(s) 'example_setup_teardown' retrieved from /home/airflow/.local/lib/python3.12/site-packages/airflow/example_dags/example_setup_teardown.py
[2025-02-20T14:45:21.035+0000] {logging_mixin.py:190} INFO - [2025-02-20T14:45:21.035+0000] {dag.py:3239} INFO - Sync 1 DAGs
[2025-02-20T14:45:21.049+0000] {logging_mixin.py:190} INFO - [2025-02-20T14:45:21.049+0000] {dag.py:4180} INFO - Setting next_dagrun for example_setup_teardown to None, run_after=None
[2025-02-20T14:45:21.067+0000] {processor.py:208} INFO - Processing /home/airflow/.local/lib/python3.12/site-packages/airflow/example_dags/example_setup_teardown.py took 0.063 seconds
[2025-02-20T18:44:24.701+0000] {processor.py:186} INFO - Started process (PID=8569) to work on /home/airflow/.local/lib/python3.12/site-packages/airflow/example_dags/example_setup_teardown.py
[2025-02-20T18:44:24.702+0000] {processor.py:914} INFO - Processing file /home/airflow/.local/lib/python3.12/site-packages/airflow/example_dags/example_setup_teardown.py for tasks to queue
[2025-02-20T18:44:24.704+0000] {logging_mixin.py:190} INFO - [2025-02-20T18:44:24.704+0000] {dagbag.py:588} INFO - Filling up the DagBag from /home/airflow/.local/lib/python3.12/site-packages/airflow/example_dags/example_setup_teardown.py
[2025-02-20T18:44:24.713+0000] {processor.py:925} INFO - DAG(s) 'example_setup_teardown' retrieved from /home/airflow/.local/lib/python3.12/site-packages/airflow/example_dags/example_setup_teardown.py
[2025-02-20T18:44:24.742+0000] {logging_mixin.py:190} INFO - [2025-02-20T18:44:24.741+0000] {dag.py:3239} INFO - Sync 1 DAGs
[2025-02-20T18:44:24.760+0000] {logging_mixin.py:190} INFO - [2025-02-20T18:44:24.760+0000] {dag.py:4180} INFO - Setting next_dagrun for example_setup_teardown to None, run_after=None
[2025-02-20T18:44:24.787+0000] {processor.py:208} INFO - Processing /home/airflow/.local/lib/python3.12/site-packages/airflow/example_dags/example_setup_teardown.py took 0.094 seconds
