[2025-02-20T13:41:21.224+0000] {processor.py:186} INFO - Started process (PID=5011) to work on /home/airflow/.local/lib/python3.12/site-packages/airflow/example_dags/example_xcomargs.py
[2025-02-20T13:41:21.226+0000] {processor.py:914} INFO - Processing file /home/airflow/.local/lib/python3.12/site-packages/airflow/example_dags/example_xcomargs.py for tasks to queue
[2025-02-20T13:41:21.230+0000] {logging_mixin.py:190} INFO - [2025-02-20T13:41:21.229+0000] {dagbag.py:588} INFO - Filling up the DagBag from /home/airflow/.local/lib/python3.12/site-packages/airflow/example_dags/example_xcomargs.py
[2025-02-20T13:41:21.257+0000] {processor.py:925} INFO - DAG(s) 'example_xcom_args_with_operators', 'example_xcom_args' retrieved from /home/airflow/.local/lib/python3.12/site-packages/airflow/example_dags/example_xcomargs.py
[2025-02-20T13:41:21.299+0000] {logging_mixin.py:190} INFO - [2025-02-20T13:41:21.299+0000] {dag.py:3239} INFO - Sync 2 DAGs
[2025-02-20T13:41:21.323+0000] {logging_mixin.py:190} INFO - [2025-02-20T13:41:21.322+0000] {dag.py:4180} INFO - Setting next_dagrun for example_xcom_args to None, run_after=None
[2025-02-20T13:41:21.330+0000] {logging_mixin.py:190} INFO - [2025-02-20T13:41:21.329+0000] {dag.py:4180} INFO - Setting next_dagrun for example_xcom_args_with_operators to None, run_after=None
[2025-02-20T13:41:21.363+0000] {processor.py:208} INFO - Processing /home/airflow/.local/lib/python3.12/site-packages/airflow/example_dags/example_xcomargs.py took 0.150 seconds
[2025-02-20T13:41:52.461+0000] {processor.py:186} INFO - Started process (PID=5087) to work on /home/airflow/.local/lib/python3.12/site-packages/airflow/example_dags/example_xcomargs.py
[2025-02-20T13:41:52.462+0000] {processor.py:914} INFO - Processing file /home/airflow/.local/lib/python3.12/site-packages/airflow/example_dags/example_xcomargs.py for tasks to queue
[2025-02-20T13:41:52.464+0000] {logging_mixin.py:190} INFO - [2025-02-20T13:41:52.464+0000] {dagbag.py:588} INFO - Filling up the DagBag from /home/airflow/.local/lib/python3.12/site-packages/airflow/example_dags/example_xcomargs.py
[2025-02-20T13:41:52.475+0000] {processor.py:925} INFO - DAG(s) 'example_xcom_args_with_operators', 'example_xcom_args' retrieved from /home/airflow/.local/lib/python3.12/site-packages/airflow/example_dags/example_xcomargs.py
[2025-02-20T13:41:52.504+0000] {logging_mixin.py:190} INFO - [2025-02-20T13:41:52.503+0000] {dag.py:3239} INFO - Sync 2 DAGs
[2025-02-20T13:41:52.519+0000] {logging_mixin.py:190} INFO - [2025-02-20T13:41:52.519+0000] {dag.py:4180} INFO - Setting next_dagrun for example_xcom_args to None, run_after=None
[2025-02-20T13:41:52.525+0000] {logging_mixin.py:190} INFO - [2025-02-20T13:41:52.525+0000] {dag.py:4180} INFO - Setting next_dagrun for example_xcom_args_with_operators to None, run_after=None
[2025-02-20T13:41:52.557+0000] {processor.py:208} INFO - Processing /home/airflow/.local/lib/python3.12/site-packages/airflow/example_dags/example_xcomargs.py took 0.101 seconds
[2025-02-20T13:42:22.934+0000] {processor.py:186} INFO - Started process (PID=5163) to work on /home/airflow/.local/lib/python3.12/site-packages/airflow/example_dags/example_xcomargs.py
[2025-02-20T13:42:22.935+0000] {processor.py:914} INFO - Processing file /home/airflow/.local/lib/python3.12/site-packages/airflow/example_dags/example_xcomargs.py for tasks to queue
[2025-02-20T13:42:22.938+0000] {logging_mixin.py:190} INFO - [2025-02-20T13:42:22.938+0000] {dagbag.py:588} INFO - Filling up the DagBag from /home/airflow/.local/lib/python3.12/site-packages/airflow/example_dags/example_xcomargs.py
[2025-02-20T13:42:22.956+0000] {processor.py:925} INFO - DAG(s) 'example_xcom_args', 'example_xcom_args_with_operators' retrieved from /home/airflow/.local/lib/python3.12/site-packages/airflow/example_dags/example_xcomargs.py
[2025-02-20T13:42:22.993+0000] {logging_mixin.py:190} INFO - [2025-02-20T13:42:22.992+0000] {dag.py:3239} INFO - Sync 2 DAGs
[2025-02-20T13:42:23.020+0000] {logging_mixin.py:190} INFO - [2025-02-20T13:42:23.020+0000] {dag.py:4180} INFO - Setting next_dagrun for example_xcom_args to None, run_after=None
[2025-02-20T13:42:23.026+0000] {logging_mixin.py:190} INFO - [2025-02-20T13:42:23.026+0000] {dag.py:4180} INFO - Setting next_dagrun for example_xcom_args_with_operators to None, run_after=None
[2025-02-20T13:42:23.056+0000] {processor.py:208} INFO - Processing /home/airflow/.local/lib/python3.12/site-packages/airflow/example_dags/example_xcomargs.py took 0.132 seconds
[2025-02-20T13:42:53.888+0000] {processor.py:186} INFO - Started process (PID=5239) to work on /home/airflow/.local/lib/python3.12/site-packages/airflow/example_dags/example_xcomargs.py
[2025-02-20T13:42:53.890+0000] {processor.py:914} INFO - Processing file /home/airflow/.local/lib/python3.12/site-packages/airflow/example_dags/example_xcomargs.py for tasks to queue
[2025-02-20T13:42:53.893+0000] {logging_mixin.py:190} INFO - [2025-02-20T13:42:53.892+0000] {dagbag.py:588} INFO - Filling up the DagBag from /home/airflow/.local/lib/python3.12/site-packages/airflow/example_dags/example_xcomargs.py
[2025-02-20T13:42:53.915+0000] {processor.py:925} INFO - DAG(s) 'example_xcom_args', 'example_xcom_args_with_operators' retrieved from /home/airflow/.local/lib/python3.12/site-packages/airflow/example_dags/example_xcomargs.py
[2025-02-20T13:42:53.956+0000] {logging_mixin.py:190} INFO - [2025-02-20T13:42:53.955+0000] {dag.py:3239} INFO - Sync 2 DAGs
[2025-02-20T13:42:53.983+0000] {logging_mixin.py:190} INFO - [2025-02-20T13:42:53.982+0000] {dag.py:4180} INFO - Setting next_dagrun for example_xcom_args to None, run_after=None
[2025-02-20T13:42:53.992+0000] {logging_mixin.py:190} INFO - [2025-02-20T13:42:53.991+0000] {dag.py:4180} INFO - Setting next_dagrun for example_xcom_args_with_operators to None, run_after=None
[2025-02-20T13:42:54.024+0000] {processor.py:208} INFO - Processing /home/airflow/.local/lib/python3.12/site-packages/airflow/example_dags/example_xcomargs.py took 0.145 seconds
[2025-02-20T13:43:24.966+0000] {processor.py:186} INFO - Started process (PID=5316) to work on /home/airflow/.local/lib/python3.12/site-packages/airflow/example_dags/example_xcomargs.py
[2025-02-20T13:43:24.967+0000] {processor.py:914} INFO - Processing file /home/airflow/.local/lib/python3.12/site-packages/airflow/example_dags/example_xcomargs.py for tasks to queue
[2025-02-20T13:43:24.969+0000] {logging_mixin.py:190} INFO - [2025-02-20T13:43:24.969+0000] {dagbag.py:588} INFO - Filling up the DagBag from /home/airflow/.local/lib/python3.12/site-packages/airflow/example_dags/example_xcomargs.py
[2025-02-20T13:43:24.981+0000] {processor.py:925} INFO - DAG(s) 'example_xcom_args', 'example_xcom_args_with_operators' retrieved from /home/airflow/.local/lib/python3.12/site-packages/airflow/example_dags/example_xcomargs.py
[2025-02-20T13:43:25.005+0000] {logging_mixin.py:190} INFO - [2025-02-20T13:43:25.005+0000] {dag.py:3239} INFO - Sync 2 DAGs
[2025-02-20T13:43:25.021+0000] {logging_mixin.py:190} INFO - [2025-02-20T13:43:25.020+0000] {dag.py:4180} INFO - Setting next_dagrun for example_xcom_args to None, run_after=None
[2025-02-20T13:43:25.025+0000] {logging_mixin.py:190} INFO - [2025-02-20T13:43:25.025+0000] {dag.py:4180} INFO - Setting next_dagrun for example_xcom_args_with_operators to None, run_after=None
[2025-02-20T13:43:25.046+0000] {processor.py:208} INFO - Processing /home/airflow/.local/lib/python3.12/site-packages/airflow/example_dags/example_xcomargs.py took 0.084 seconds
[2025-02-20T13:43:55.511+0000] {processor.py:186} INFO - Started process (PID=5391) to work on /home/airflow/.local/lib/python3.12/site-packages/airflow/example_dags/example_xcomargs.py
[2025-02-20T13:43:55.512+0000] {processor.py:914} INFO - Processing file /home/airflow/.local/lib/python3.12/site-packages/airflow/example_dags/example_xcomargs.py for tasks to queue
[2025-02-20T13:43:55.515+0000] {logging_mixin.py:190} INFO - [2025-02-20T13:43:55.514+0000] {dagbag.py:588} INFO - Filling up the DagBag from /home/airflow/.local/lib/python3.12/site-packages/airflow/example_dags/example_xcomargs.py
[2025-02-20T13:43:55.527+0000] {processor.py:925} INFO - DAG(s) 'example_xcom_args', 'example_xcom_args_with_operators' retrieved from /home/airflow/.local/lib/python3.12/site-packages/airflow/example_dags/example_xcomargs.py
[2025-02-20T13:43:55.559+0000] {logging_mixin.py:190} INFO - [2025-02-20T13:43:55.559+0000] {dag.py:3239} INFO - Sync 2 DAGs
[2025-02-20T13:43:55.576+0000] {logging_mixin.py:190} INFO - [2025-02-20T13:43:55.576+0000] {dag.py:4180} INFO - Setting next_dagrun for example_xcom_args to None, run_after=None
[2025-02-20T13:43:55.582+0000] {logging_mixin.py:190} INFO - [2025-02-20T13:43:55.582+0000] {dag.py:4180} INFO - Setting next_dagrun for example_xcom_args_with_operators to None, run_after=None
[2025-02-20T13:43:55.607+0000] {processor.py:208} INFO - Processing /home/airflow/.local/lib/python3.12/site-packages/airflow/example_dags/example_xcomargs.py took 0.103 seconds
[2025-02-20T13:44:26.186+0000] {processor.py:186} INFO - Started process (PID=5467) to work on /home/airflow/.local/lib/python3.12/site-packages/airflow/example_dags/example_xcomargs.py
[2025-02-20T13:44:26.187+0000] {processor.py:914} INFO - Processing file /home/airflow/.local/lib/python3.12/site-packages/airflow/example_dags/example_xcomargs.py for tasks to queue
[2025-02-20T13:44:26.189+0000] {logging_mixin.py:190} INFO - [2025-02-20T13:44:26.188+0000] {dagbag.py:588} INFO - Filling up the DagBag from /home/airflow/.local/lib/python3.12/site-packages/airflow/example_dags/example_xcomargs.py
[2025-02-20T13:44:26.197+0000] {processor.py:925} INFO - DAG(s) 'example_xcom_args', 'example_xcom_args_with_operators' retrieved from /home/airflow/.local/lib/python3.12/site-packages/airflow/example_dags/example_xcomargs.py
[2025-02-20T13:44:26.221+0000] {logging_mixin.py:190} INFO - [2025-02-20T13:44:26.220+0000] {dag.py:3239} INFO - Sync 2 DAGs
[2025-02-20T13:44:26.234+0000] {logging_mixin.py:190} INFO - [2025-02-20T13:44:26.234+0000] {dag.py:4180} INFO - Setting next_dagrun for example_xcom_args to None, run_after=None
[2025-02-20T13:44:26.242+0000] {logging_mixin.py:190} INFO - [2025-02-20T13:44:26.242+0000] {dag.py:4180} INFO - Setting next_dagrun for example_xcom_args_with_operators to None, run_after=None
[2025-02-20T13:44:26.275+0000] {processor.py:208} INFO - Processing /home/airflow/.local/lib/python3.12/site-packages/airflow/example_dags/example_xcomargs.py took 0.093 seconds
[2025-02-20T13:44:56.851+0000] {processor.py:186} INFO - Started process (PID=5543) to work on /home/airflow/.local/lib/python3.12/site-packages/airflow/example_dags/example_xcomargs.py
[2025-02-20T13:44:56.855+0000] {processor.py:914} INFO - Processing file /home/airflow/.local/lib/python3.12/site-packages/airflow/example_dags/example_xcomargs.py for tasks to queue
[2025-02-20T13:44:56.861+0000] {logging_mixin.py:190} INFO - [2025-02-20T13:44:56.860+0000] {dagbag.py:588} INFO - Filling up the DagBag from /home/airflow/.local/lib/python3.12/site-packages/airflow/example_dags/example_xcomargs.py
[2025-02-20T13:44:56.876+0000] {processor.py:925} INFO - DAG(s) 'example_xcom_args_with_operators', 'example_xcom_args' retrieved from /home/airflow/.local/lib/python3.12/site-packages/airflow/example_dags/example_xcomargs.py
[2025-02-20T13:44:56.913+0000] {logging_mixin.py:190} INFO - [2025-02-20T13:44:56.912+0000] {dag.py:3239} INFO - Sync 2 DAGs
[2025-02-20T13:44:56.935+0000] {logging_mixin.py:190} INFO - [2025-02-20T13:44:56.935+0000] {dag.py:4180} INFO - Setting next_dagrun for example_xcom_args to None, run_after=None
[2025-02-20T13:44:56.941+0000] {logging_mixin.py:190} INFO - [2025-02-20T13:44:56.941+0000] {dag.py:4180} INFO - Setting next_dagrun for example_xcom_args_with_operators to None, run_after=None
[2025-02-20T13:44:56.968+0000] {processor.py:208} INFO - Processing /home/airflow/.local/lib/python3.12/site-packages/airflow/example_dags/example_xcomargs.py took 0.130 seconds
[2025-02-20T13:45:27.119+0000] {processor.py:186} INFO - Started process (PID=5618) to work on /home/airflow/.local/lib/python3.12/site-packages/airflow/example_dags/example_xcomargs.py
[2025-02-20T13:45:27.120+0000] {processor.py:914} INFO - Processing file /home/airflow/.local/lib/python3.12/site-packages/airflow/example_dags/example_xcomargs.py for tasks to queue
[2025-02-20T13:45:27.122+0000] {logging_mixin.py:190} INFO - [2025-02-20T13:45:27.121+0000] {dagbag.py:588} INFO - Filling up the DagBag from /home/airflow/.local/lib/python3.12/site-packages/airflow/example_dags/example_xcomargs.py
[2025-02-20T13:45:27.130+0000] {processor.py:925} INFO - DAG(s) 'example_xcom_args_with_operators', 'example_xcom_args' retrieved from /home/airflow/.local/lib/python3.12/site-packages/airflow/example_dags/example_xcomargs.py
[2025-02-20T13:45:27.152+0000] {logging_mixin.py:190} INFO - [2025-02-20T13:45:27.151+0000] {dag.py:3239} INFO - Sync 2 DAGs
[2025-02-20T13:45:27.163+0000] {logging_mixin.py:190} INFO - [2025-02-20T13:45:27.163+0000] {dag.py:4180} INFO - Setting next_dagrun for example_xcom_args to None, run_after=None
[2025-02-20T13:45:27.167+0000] {logging_mixin.py:190} INFO - [2025-02-20T13:45:27.167+0000] {dag.py:4180} INFO - Setting next_dagrun for example_xcom_args_with_operators to None, run_after=None
[2025-02-20T13:45:27.181+0000] {processor.py:208} INFO - Processing /home/airflow/.local/lib/python3.12/site-packages/airflow/example_dags/example_xcomargs.py took 0.068 seconds
[2025-02-20T13:45:57.308+0000] {processor.py:186} INFO - Started process (PID=5695) to work on /home/airflow/.local/lib/python3.12/site-packages/airflow/example_dags/example_xcomargs.py
[2025-02-20T13:45:57.310+0000] {processor.py:914} INFO - Processing file /home/airflow/.local/lib/python3.12/site-packages/airflow/example_dags/example_xcomargs.py for tasks to queue
[2025-02-20T13:45:57.312+0000] {logging_mixin.py:190} INFO - [2025-02-20T13:45:57.311+0000] {dagbag.py:588} INFO - Filling up the DagBag from /home/airflow/.local/lib/python3.12/site-packages/airflow/example_dags/example_xcomargs.py
[2025-02-20T13:45:57.320+0000] {processor.py:925} INFO - DAG(s) 'example_xcom_args_with_operators', 'example_xcom_args' retrieved from /home/airflow/.local/lib/python3.12/site-packages/airflow/example_dags/example_xcomargs.py
[2025-02-20T13:45:57.342+0000] {logging_mixin.py:190} INFO - [2025-02-20T13:45:57.342+0000] {dag.py:3239} INFO - Sync 2 DAGs
[2025-02-20T13:45:57.355+0000] {logging_mixin.py:190} INFO - [2025-02-20T13:45:57.355+0000] {dag.py:4180} INFO - Setting next_dagrun for example_xcom_args to None, run_after=None
[2025-02-20T13:45:57.359+0000] {logging_mixin.py:190} INFO - [2025-02-20T13:45:57.358+0000] {dag.py:4180} INFO - Setting next_dagrun for example_xcom_args_with_operators to None, run_after=None
[2025-02-20T13:45:57.377+0000] {processor.py:208} INFO - Processing /home/airflow/.local/lib/python3.12/site-packages/airflow/example_dags/example_xcomargs.py took 0.073 seconds
[2025-02-20T13:46:27.798+0000] {processor.py:186} INFO - Started process (PID=5771) to work on /home/airflow/.local/lib/python3.12/site-packages/airflow/example_dags/example_xcomargs.py
[2025-02-20T13:46:27.800+0000] {processor.py:914} INFO - Processing file /home/airflow/.local/lib/python3.12/site-packages/airflow/example_dags/example_xcomargs.py for tasks to queue
[2025-02-20T13:46:27.801+0000] {logging_mixin.py:190} INFO - [2025-02-20T13:46:27.801+0000] {dagbag.py:588} INFO - Filling up the DagBag from /home/airflow/.local/lib/python3.12/site-packages/airflow/example_dags/example_xcomargs.py
[2025-02-20T13:46:27.810+0000] {processor.py:925} INFO - DAG(s) 'example_xcom_args', 'example_xcom_args_with_operators' retrieved from /home/airflow/.local/lib/python3.12/site-packages/airflow/example_dags/example_xcomargs.py
[2025-02-20T13:46:27.833+0000] {logging_mixin.py:190} INFO - [2025-02-20T13:46:27.833+0000] {dag.py:3239} INFO - Sync 2 DAGs
[2025-02-20T13:46:27.846+0000] {logging_mixin.py:190} INFO - [2025-02-20T13:46:27.846+0000] {dag.py:4180} INFO - Setting next_dagrun for example_xcom_args to None, run_after=None
[2025-02-20T13:46:27.851+0000] {logging_mixin.py:190} INFO - [2025-02-20T13:46:27.851+0000] {dag.py:4180} INFO - Setting next_dagrun for example_xcom_args_with_operators to None, run_after=None
[2025-02-20T13:46:27.868+0000] {processor.py:208} INFO - Processing /home/airflow/.local/lib/python3.12/site-packages/airflow/example_dags/example_xcomargs.py took 0.074 seconds
[2025-02-20T13:46:58.077+0000] {processor.py:186} INFO - Started process (PID=5852) to work on /home/airflow/.local/lib/python3.12/site-packages/airflow/example_dags/example_xcomargs.py
[2025-02-20T13:46:58.078+0000] {processor.py:914} INFO - Processing file /home/airflow/.local/lib/python3.12/site-packages/airflow/example_dags/example_xcomargs.py for tasks to queue
[2025-02-20T13:46:58.080+0000] {logging_mixin.py:190} INFO - [2025-02-20T13:46:58.079+0000] {dagbag.py:588} INFO - Filling up the DagBag from /home/airflow/.local/lib/python3.12/site-packages/airflow/example_dags/example_xcomargs.py
[2025-02-20T13:46:58.088+0000] {processor.py:925} INFO - DAG(s) 'example_xcom_args', 'example_xcom_args_with_operators' retrieved from /home/airflow/.local/lib/python3.12/site-packages/airflow/example_dags/example_xcomargs.py
[2025-02-20T13:46:58.110+0000] {logging_mixin.py:190} INFO - [2025-02-20T13:46:58.109+0000] {dag.py:3239} INFO - Sync 2 DAGs
[2025-02-20T13:46:58.125+0000] {logging_mixin.py:190} INFO - [2025-02-20T13:46:58.125+0000] {dag.py:4180} INFO - Setting next_dagrun for example_xcom_args to None, run_after=None
[2025-02-20T13:46:58.129+0000] {logging_mixin.py:190} INFO - [2025-02-20T13:46:58.129+0000] {dag.py:4180} INFO - Setting next_dagrun for example_xcom_args_with_operators to None, run_after=None
[2025-02-20T13:46:58.145+0000] {processor.py:208} INFO - Processing /home/airflow/.local/lib/python3.12/site-packages/airflow/example_dags/example_xcomargs.py took 0.072 seconds
[2025-02-20T13:47:28.339+0000] {processor.py:186} INFO - Started process (PID=5927) to work on /home/airflow/.local/lib/python3.12/site-packages/airflow/example_dags/example_xcomargs.py
[2025-02-20T13:47:28.341+0000] {processor.py:914} INFO - Processing file /home/airflow/.local/lib/python3.12/site-packages/airflow/example_dags/example_xcomargs.py for tasks to queue
[2025-02-20T13:47:28.343+0000] {logging_mixin.py:190} INFO - [2025-02-20T13:47:28.343+0000] {dagbag.py:588} INFO - Filling up the DagBag from /home/airflow/.local/lib/python3.12/site-packages/airflow/example_dags/example_xcomargs.py
[2025-02-20T13:47:28.359+0000] {processor.py:925} INFO - DAG(s) 'example_xcom_args_with_operators', 'example_xcom_args' retrieved from /home/airflow/.local/lib/python3.12/site-packages/airflow/example_dags/example_xcomargs.py
[2025-02-20T13:47:28.397+0000] {logging_mixin.py:190} INFO - [2025-02-20T13:47:28.396+0000] {dag.py:3239} INFO - Sync 2 DAGs
[2025-02-20T13:47:28.420+0000] {logging_mixin.py:190} INFO - [2025-02-20T13:47:28.419+0000] {dag.py:4180} INFO - Setting next_dagrun for example_xcom_args to None, run_after=None
[2025-02-20T13:47:28.426+0000] {logging_mixin.py:190} INFO - [2025-02-20T13:47:28.425+0000] {dag.py:4180} INFO - Setting next_dagrun for example_xcom_args_with_operators to None, run_after=None
[2025-02-20T13:47:28.450+0000] {processor.py:208} INFO - Processing /home/airflow/.local/lib/python3.12/site-packages/airflow/example_dags/example_xcomargs.py took 0.119 seconds
[2025-02-20T13:47:59.517+0000] {processor.py:186} INFO - Started process (PID=6003) to work on /home/airflow/.local/lib/python3.12/site-packages/airflow/example_dags/example_xcomargs.py
[2025-02-20T13:47:59.518+0000] {processor.py:914} INFO - Processing file /home/airflow/.local/lib/python3.12/site-packages/airflow/example_dags/example_xcomargs.py for tasks to queue
[2025-02-20T13:47:59.520+0000] {logging_mixin.py:190} INFO - [2025-02-20T13:47:59.520+0000] {dagbag.py:588} INFO - Filling up the DagBag from /home/airflow/.local/lib/python3.12/site-packages/airflow/example_dags/example_xcomargs.py
[2025-02-20T13:47:59.537+0000] {processor.py:925} INFO - DAG(s) 'example_xcom_args', 'example_xcom_args_with_operators' retrieved from /home/airflow/.local/lib/python3.12/site-packages/airflow/example_dags/example_xcomargs.py
[2025-02-20T13:47:59.573+0000] {logging_mixin.py:190} INFO - [2025-02-20T13:47:59.573+0000] {dag.py:3239} INFO - Sync 2 DAGs
[2025-02-20T13:47:59.596+0000] {logging_mixin.py:190} INFO - [2025-02-20T13:47:59.596+0000] {dag.py:4180} INFO - Setting next_dagrun for example_xcom_args to None, run_after=None
[2025-02-20T13:47:59.603+0000] {logging_mixin.py:190} INFO - [2025-02-20T13:47:59.603+0000] {dag.py:4180} INFO - Setting next_dagrun for example_xcom_args_with_operators to None, run_after=None
[2025-02-20T13:47:59.629+0000] {processor.py:208} INFO - Processing /home/airflow/.local/lib/python3.12/site-packages/airflow/example_dags/example_xcomargs.py took 0.120 seconds
[2025-02-20T13:48:30.376+0000] {processor.py:186} INFO - Started process (PID=6078) to work on /home/airflow/.local/lib/python3.12/site-packages/airflow/example_dags/example_xcomargs.py
[2025-02-20T13:48:30.377+0000] {processor.py:914} INFO - Processing file /home/airflow/.local/lib/python3.12/site-packages/airflow/example_dags/example_xcomargs.py for tasks to queue
[2025-02-20T13:48:30.379+0000] {logging_mixin.py:190} INFO - [2025-02-20T13:48:30.378+0000] {dagbag.py:588} INFO - Filling up the DagBag from /home/airflow/.local/lib/python3.12/site-packages/airflow/example_dags/example_xcomargs.py
[2025-02-20T13:48:30.388+0000] {processor.py:925} INFO - DAG(s) 'example_xcom_args', 'example_xcom_args_with_operators' retrieved from /home/airflow/.local/lib/python3.12/site-packages/airflow/example_dags/example_xcomargs.py
[2025-02-20T13:48:30.415+0000] {logging_mixin.py:190} INFO - [2025-02-20T13:48:30.415+0000] {dag.py:3239} INFO - Sync 2 DAGs
[2025-02-20T13:48:30.430+0000] {logging_mixin.py:190} INFO - [2025-02-20T13:48:30.430+0000] {dag.py:4180} INFO - Setting next_dagrun for example_xcom_args to None, run_after=None
[2025-02-20T13:48:30.436+0000] {logging_mixin.py:190} INFO - [2025-02-20T13:48:30.435+0000] {dag.py:4180} INFO - Setting next_dagrun for example_xcom_args_with_operators to None, run_after=None
[2025-02-20T13:48:30.457+0000] {processor.py:208} INFO - Processing /home/airflow/.local/lib/python3.12/site-packages/airflow/example_dags/example_xcomargs.py took 0.086 seconds
[2025-02-20T13:49:00.610+0000] {processor.py:186} INFO - Started process (PID=6142) to work on /home/airflow/.local/lib/python3.12/site-packages/airflow/example_dags/example_xcomargs.py
[2025-02-20T13:49:00.611+0000] {processor.py:914} INFO - Processing file /home/airflow/.local/lib/python3.12/site-packages/airflow/example_dags/example_xcomargs.py for tasks to queue
[2025-02-20T13:49:00.612+0000] {logging_mixin.py:190} INFO - [2025-02-20T13:49:00.612+0000] {dagbag.py:588} INFO - Filling up the DagBag from /home/airflow/.local/lib/python3.12/site-packages/airflow/example_dags/example_xcomargs.py
[2025-02-20T13:49:00.621+0000] {processor.py:925} INFO - DAG(s) 'example_xcom_args_with_operators', 'example_xcom_args' retrieved from /home/airflow/.local/lib/python3.12/site-packages/airflow/example_dags/example_xcomargs.py
[2025-02-20T13:49:00.641+0000] {logging_mixin.py:190} INFO - [2025-02-20T13:49:00.641+0000] {dag.py:3239} INFO - Sync 2 DAGs
[2025-02-20T13:49:00.655+0000] {logging_mixin.py:190} INFO - [2025-02-20T13:49:00.654+0000] {dag.py:4180} INFO - Setting next_dagrun for example_xcom_args to None, run_after=None
[2025-02-20T13:49:00.658+0000] {logging_mixin.py:190} INFO - [2025-02-20T13:49:00.658+0000] {dag.py:4180} INFO - Setting next_dagrun for example_xcom_args_with_operators to None, run_after=None
[2025-02-20T13:49:00.671+0000] {processor.py:208} INFO - Processing /home/airflow/.local/lib/python3.12/site-packages/airflow/example_dags/example_xcomargs.py took 0.066 seconds
[2025-02-20T13:49:30.777+0000] {processor.py:186} INFO - Started process (PID=6218) to work on /home/airflow/.local/lib/python3.12/site-packages/airflow/example_dags/example_xcomargs.py
[2025-02-20T13:49:30.780+0000] {processor.py:914} INFO - Processing file /home/airflow/.local/lib/python3.12/site-packages/airflow/example_dags/example_xcomargs.py for tasks to queue
[2025-02-20T13:49:30.781+0000] {logging_mixin.py:190} INFO - [2025-02-20T13:49:30.781+0000] {dagbag.py:588} INFO - Filling up the DagBag from /home/airflow/.local/lib/python3.12/site-packages/airflow/example_dags/example_xcomargs.py
[2025-02-20T13:49:30.790+0000] {processor.py:925} INFO - DAG(s) 'example_xcom_args', 'example_xcom_args_with_operators' retrieved from /home/airflow/.local/lib/python3.12/site-packages/airflow/example_dags/example_xcomargs.py
[2025-02-20T13:49:30.812+0000] {logging_mixin.py:190} INFO - [2025-02-20T13:49:30.812+0000] {dag.py:3239} INFO - Sync 2 DAGs
[2025-02-20T13:49:30.826+0000] {logging_mixin.py:190} INFO - [2025-02-20T13:49:30.825+0000] {dag.py:4180} INFO - Setting next_dagrun for example_xcom_args to None, run_after=None
[2025-02-20T13:49:30.830+0000] {logging_mixin.py:190} INFO - [2025-02-20T13:49:30.830+0000] {dag.py:4180} INFO - Setting next_dagrun for example_xcom_args_with_operators to None, run_after=None
[2025-02-20T13:49:30.847+0000] {processor.py:208} INFO - Processing /home/airflow/.local/lib/python3.12/site-packages/airflow/example_dags/example_xcomargs.py took 0.074 seconds
[2025-02-20T13:50:01.349+0000] {processor.py:186} INFO - Started process (PID=6294) to work on /home/airflow/.local/lib/python3.12/site-packages/airflow/example_dags/example_xcomargs.py
[2025-02-20T13:50:01.350+0000] {processor.py:914} INFO - Processing file /home/airflow/.local/lib/python3.12/site-packages/airflow/example_dags/example_xcomargs.py for tasks to queue
[2025-02-20T13:50:01.352+0000] {logging_mixin.py:190} INFO - [2025-02-20T13:50:01.351+0000] {dagbag.py:588} INFO - Filling up the DagBag from /home/airflow/.local/lib/python3.12/site-packages/airflow/example_dags/example_xcomargs.py
[2025-02-20T13:50:01.364+0000] {processor.py:925} INFO - DAG(s) 'example_xcom_args_with_operators', 'example_xcom_args' retrieved from /home/airflow/.local/lib/python3.12/site-packages/airflow/example_dags/example_xcomargs.py
[2025-02-20T13:50:01.388+0000] {logging_mixin.py:190} INFO - [2025-02-20T13:50:01.388+0000] {dag.py:3239} INFO - Sync 2 DAGs
[2025-02-20T13:50:01.402+0000] {logging_mixin.py:190} INFO - [2025-02-20T13:50:01.401+0000] {dag.py:4180} INFO - Setting next_dagrun for example_xcom_args to None, run_after=None
[2025-02-20T13:50:01.405+0000] {logging_mixin.py:190} INFO - [2025-02-20T13:50:01.405+0000] {dag.py:4180} INFO - Setting next_dagrun for example_xcom_args_with_operators to None, run_after=None
[2025-02-20T13:50:01.423+0000] {processor.py:208} INFO - Processing /home/airflow/.local/lib/python3.12/site-packages/airflow/example_dags/example_xcomargs.py took 0.079 seconds
[2025-02-20T13:50:31.660+0000] {processor.py:186} INFO - Started process (PID=6370) to work on /home/airflow/.local/lib/python3.12/site-packages/airflow/example_dags/example_xcomargs.py
[2025-02-20T13:50:31.661+0000] {processor.py:914} INFO - Processing file /home/airflow/.local/lib/python3.12/site-packages/airflow/example_dags/example_xcomargs.py for tasks to queue
[2025-02-20T13:50:31.662+0000] {logging_mixin.py:190} INFO - [2025-02-20T13:50:31.662+0000] {dagbag.py:588} INFO - Filling up the DagBag from /home/airflow/.local/lib/python3.12/site-packages/airflow/example_dags/example_xcomargs.py
[2025-02-20T13:50:31.672+0000] {processor.py:925} INFO - DAG(s) 'example_xcom_args_with_operators', 'example_xcom_args' retrieved from /home/airflow/.local/lib/python3.12/site-packages/airflow/example_dags/example_xcomargs.py
[2025-02-20T13:50:31.693+0000] {logging_mixin.py:190} INFO - [2025-02-20T13:50:31.693+0000] {dag.py:3239} INFO - Sync 2 DAGs
[2025-02-20T13:50:31.706+0000] {logging_mixin.py:190} INFO - [2025-02-20T13:50:31.706+0000] {dag.py:4180} INFO - Setting next_dagrun for example_xcom_args to None, run_after=None
[2025-02-20T13:50:31.710+0000] {logging_mixin.py:190} INFO - [2025-02-20T13:50:31.710+0000] {dag.py:4180} INFO - Setting next_dagrun for example_xcom_args_with_operators to None, run_after=None
[2025-02-20T13:50:31.728+0000] {processor.py:208} INFO - Processing /home/airflow/.local/lib/python3.12/site-packages/airflow/example_dags/example_xcomargs.py took 0.073 seconds
[2025-02-20T13:51:02.037+0000] {processor.py:186} INFO - Started process (PID=6446) to work on /home/airflow/.local/lib/python3.12/site-packages/airflow/example_dags/example_xcomargs.py
[2025-02-20T13:51:02.039+0000] {processor.py:914} INFO - Processing file /home/airflow/.local/lib/python3.12/site-packages/airflow/example_dags/example_xcomargs.py for tasks to queue
[2025-02-20T13:51:02.040+0000] {logging_mixin.py:190} INFO - [2025-02-20T13:51:02.040+0000] {dagbag.py:588} INFO - Filling up the DagBag from /home/airflow/.local/lib/python3.12/site-packages/airflow/example_dags/example_xcomargs.py
[2025-02-20T13:51:02.049+0000] {processor.py:925} INFO - DAG(s) 'example_xcom_args_with_operators', 'example_xcom_args' retrieved from /home/airflow/.local/lib/python3.12/site-packages/airflow/example_dags/example_xcomargs.py
[2025-02-20T13:51:02.069+0000] {logging_mixin.py:190} INFO - [2025-02-20T13:51:02.069+0000] {dag.py:3239} INFO - Sync 2 DAGs
[2025-02-20T13:51:02.084+0000] {logging_mixin.py:190} INFO - [2025-02-20T13:51:02.084+0000] {dag.py:4180} INFO - Setting next_dagrun for example_xcom_args to None, run_after=None
[2025-02-20T13:51:02.089+0000] {logging_mixin.py:190} INFO - [2025-02-20T13:51:02.089+0000] {dag.py:4180} INFO - Setting next_dagrun for example_xcom_args_with_operators to None, run_after=None
[2025-02-20T13:51:02.104+0000] {processor.py:208} INFO - Processing /home/airflow/.local/lib/python3.12/site-packages/airflow/example_dags/example_xcomargs.py took 0.072 seconds
[2025-02-20T13:51:32.356+0000] {processor.py:186} INFO - Started process (PID=6522) to work on /home/airflow/.local/lib/python3.12/site-packages/airflow/example_dags/example_xcomargs.py
[2025-02-20T13:51:32.358+0000] {processor.py:914} INFO - Processing file /home/airflow/.local/lib/python3.12/site-packages/airflow/example_dags/example_xcomargs.py for tasks to queue
[2025-02-20T13:51:32.360+0000] {logging_mixin.py:190} INFO - [2025-02-20T13:51:32.359+0000] {dagbag.py:588} INFO - Filling up the DagBag from /home/airflow/.local/lib/python3.12/site-packages/airflow/example_dags/example_xcomargs.py
[2025-02-20T13:51:32.369+0000] {processor.py:925} INFO - DAG(s) 'example_xcom_args', 'example_xcom_args_with_operators' retrieved from /home/airflow/.local/lib/python3.12/site-packages/airflow/example_dags/example_xcomargs.py
[2025-02-20T13:51:32.393+0000] {logging_mixin.py:190} INFO - [2025-02-20T13:51:32.392+0000] {dag.py:3239} INFO - Sync 2 DAGs
[2025-02-20T13:51:32.406+0000] {logging_mixin.py:190} INFO - [2025-02-20T13:51:32.406+0000] {dag.py:4180} INFO - Setting next_dagrun for example_xcom_args to None, run_after=None
[2025-02-20T13:51:32.411+0000] {logging_mixin.py:190} INFO - [2025-02-20T13:51:32.411+0000] {dag.py:4180} INFO - Setting next_dagrun for example_xcom_args_with_operators to None, run_after=None
[2025-02-20T13:51:32.427+0000] {processor.py:208} INFO - Processing /home/airflow/.local/lib/python3.12/site-packages/airflow/example_dags/example_xcomargs.py took 0.076 seconds
[2025-02-20T13:52:02.741+0000] {processor.py:186} INFO - Started process (PID=6597) to work on /home/airflow/.local/lib/python3.12/site-packages/airflow/example_dags/example_xcomargs.py
[2025-02-20T13:52:02.741+0000] {processor.py:914} INFO - Processing file /home/airflow/.local/lib/python3.12/site-packages/airflow/example_dags/example_xcomargs.py for tasks to queue
[2025-02-20T13:52:02.743+0000] {logging_mixin.py:190} INFO - [2025-02-20T13:52:02.742+0000] {dagbag.py:588} INFO - Filling up the DagBag from /home/airflow/.local/lib/python3.12/site-packages/airflow/example_dags/example_xcomargs.py
[2025-02-20T13:52:02.776+0000] {processor.py:925} INFO - DAG(s) 'example_xcom_args', 'example_xcom_args_with_operators' retrieved from /home/airflow/.local/lib/python3.12/site-packages/airflow/example_dags/example_xcomargs.py
[2025-02-20T13:52:02.797+0000] {logging_mixin.py:190} INFO - [2025-02-20T13:52:02.797+0000] {dag.py:3239} INFO - Sync 2 DAGs
[2025-02-20T13:52:02.811+0000] {logging_mixin.py:190} INFO - [2025-02-20T13:52:02.811+0000] {dag.py:4180} INFO - Setting next_dagrun for example_xcom_args to None, run_after=None
[2025-02-20T13:52:02.815+0000] {logging_mixin.py:190} INFO - [2025-02-20T13:52:02.815+0000] {dag.py:4180} INFO - Setting next_dagrun for example_xcom_args_with_operators to None, run_after=None
[2025-02-20T13:52:02.833+0000] {processor.py:208} INFO - Processing /home/airflow/.local/lib/python3.12/site-packages/airflow/example_dags/example_xcomargs.py took 0.097 seconds
[2025-02-20T13:52:34.049+0000] {processor.py:186} INFO - Started process (PID=6674) to work on /home/airflow/.local/lib/python3.12/site-packages/airflow/example_dags/example_xcomargs.py
[2025-02-20T13:52:34.050+0000] {processor.py:914} INFO - Processing file /home/airflow/.local/lib/python3.12/site-packages/airflow/example_dags/example_xcomargs.py for tasks to queue
[2025-02-20T13:52:34.051+0000] {logging_mixin.py:190} INFO - [2025-02-20T13:52:34.051+0000] {dagbag.py:588} INFO - Filling up the DagBag from /home/airflow/.local/lib/python3.12/site-packages/airflow/example_dags/example_xcomargs.py
[2025-02-20T13:52:34.059+0000] {processor.py:925} INFO - DAG(s) 'example_xcom_args', 'example_xcom_args_with_operators' retrieved from /home/airflow/.local/lib/python3.12/site-packages/airflow/example_dags/example_xcomargs.py
[2025-02-20T13:52:34.081+0000] {logging_mixin.py:190} INFO - [2025-02-20T13:52:34.081+0000] {dag.py:3239} INFO - Sync 2 DAGs
[2025-02-20T13:52:34.102+0000] {logging_mixin.py:190} INFO - [2025-02-20T13:52:34.102+0000] {dag.py:4180} INFO - Setting next_dagrun for example_xcom_args to None, run_after=None
[2025-02-20T13:52:34.106+0000] {logging_mixin.py:190} INFO - [2025-02-20T13:52:34.106+0000] {dag.py:4180} INFO - Setting next_dagrun for example_xcom_args_with_operators to None, run_after=None
[2025-02-20T13:52:34.123+0000] {processor.py:208} INFO - Processing /home/airflow/.local/lib/python3.12/site-packages/airflow/example_dags/example_xcomargs.py took 0.078 seconds
[2025-02-20T13:53:04.373+0000] {processor.py:186} INFO - Started process (PID=6749) to work on /home/airflow/.local/lib/python3.12/site-packages/airflow/example_dags/example_xcomargs.py
[2025-02-20T13:53:04.374+0000] {processor.py:914} INFO - Processing file /home/airflow/.local/lib/python3.12/site-packages/airflow/example_dags/example_xcomargs.py for tasks to queue
[2025-02-20T13:53:04.376+0000] {logging_mixin.py:190} INFO - [2025-02-20T13:53:04.376+0000] {dagbag.py:588} INFO - Filling up the DagBag from /home/airflow/.local/lib/python3.12/site-packages/airflow/example_dags/example_xcomargs.py
[2025-02-20T13:53:04.385+0000] {processor.py:925} INFO - DAG(s) 'example_xcom_args_with_operators', 'example_xcom_args' retrieved from /home/airflow/.local/lib/python3.12/site-packages/airflow/example_dags/example_xcomargs.py
[2025-02-20T13:53:04.409+0000] {logging_mixin.py:190} INFO - [2025-02-20T13:53:04.408+0000] {dag.py:3239} INFO - Sync 2 DAGs
[2025-02-20T13:53:04.421+0000] {logging_mixin.py:190} INFO - [2025-02-20T13:53:04.421+0000] {dag.py:4180} INFO - Setting next_dagrun for example_xcom_args to None, run_after=None
[2025-02-20T13:53:04.425+0000] {logging_mixin.py:190} INFO - [2025-02-20T13:53:04.425+0000] {dag.py:4180} INFO - Setting next_dagrun for example_xcom_args_with_operators to None, run_after=None
[2025-02-20T13:53:04.440+0000] {processor.py:208} INFO - Processing /home/airflow/.local/lib/python3.12/site-packages/airflow/example_dags/example_xcomargs.py took 0.072 seconds
[2025-02-20T13:53:34.920+0000] {processor.py:186} INFO - Started process (PID=6824) to work on /home/airflow/.local/lib/python3.12/site-packages/airflow/example_dags/example_xcomargs.py
[2025-02-20T13:53:34.921+0000] {processor.py:914} INFO - Processing file /home/airflow/.local/lib/python3.12/site-packages/airflow/example_dags/example_xcomargs.py for tasks to queue
[2025-02-20T13:53:34.922+0000] {logging_mixin.py:190} INFO - [2025-02-20T13:53:34.922+0000] {dagbag.py:588} INFO - Filling up the DagBag from /home/airflow/.local/lib/python3.12/site-packages/airflow/example_dags/example_xcomargs.py
[2025-02-20T13:53:34.935+0000] {processor.py:925} INFO - DAG(s) 'example_xcom_args', 'example_xcom_args_with_operators' retrieved from /home/airflow/.local/lib/python3.12/site-packages/airflow/example_dags/example_xcomargs.py
[2025-02-20T13:53:34.957+0000] {logging_mixin.py:190} INFO - [2025-02-20T13:53:34.957+0000] {dag.py:3239} INFO - Sync 2 DAGs
[2025-02-20T13:53:34.972+0000] {logging_mixin.py:190} INFO - [2025-02-20T13:53:34.972+0000] {dag.py:4180} INFO - Setting next_dagrun for example_xcom_args to None, run_after=None
[2025-02-20T13:53:34.976+0000] {logging_mixin.py:190} INFO - [2025-02-20T13:53:34.976+0000] {dag.py:4180} INFO - Setting next_dagrun for example_xcom_args_with_operators to None, run_after=None
[2025-02-20T13:53:34.993+0000] {processor.py:208} INFO - Processing /home/airflow/.local/lib/python3.12/site-packages/airflow/example_dags/example_xcomargs.py took 0.078 seconds
[2025-02-20T13:54:05.423+0000] {processor.py:186} INFO - Started process (PID=6900) to work on /home/airflow/.local/lib/python3.12/site-packages/airflow/example_dags/example_xcomargs.py
[2025-02-20T13:54:05.424+0000] {processor.py:914} INFO - Processing file /home/airflow/.local/lib/python3.12/site-packages/airflow/example_dags/example_xcomargs.py for tasks to queue
[2025-02-20T13:54:05.425+0000] {logging_mixin.py:190} INFO - [2025-02-20T13:54:05.425+0000] {dagbag.py:588} INFO - Filling up the DagBag from /home/airflow/.local/lib/python3.12/site-packages/airflow/example_dags/example_xcomargs.py
[2025-02-20T13:54:05.434+0000] {processor.py:925} INFO - DAG(s) 'example_xcom_args', 'example_xcom_args_with_operators' retrieved from /home/airflow/.local/lib/python3.12/site-packages/airflow/example_dags/example_xcomargs.py
[2025-02-20T13:54:05.455+0000] {logging_mixin.py:190} INFO - [2025-02-20T13:54:05.454+0000] {dag.py:3239} INFO - Sync 2 DAGs
[2025-02-20T13:54:05.468+0000] {logging_mixin.py:190} INFO - [2025-02-20T13:54:05.468+0000] {dag.py:4180} INFO - Setting next_dagrun for example_xcom_args to None, run_after=None
[2025-02-20T13:54:05.472+0000] {logging_mixin.py:190} INFO - [2025-02-20T13:54:05.471+0000] {dag.py:4180} INFO - Setting next_dagrun for example_xcom_args_with_operators to None, run_after=None
[2025-02-20T13:54:05.488+0000] {processor.py:208} INFO - Processing /home/airflow/.local/lib/python3.12/site-packages/airflow/example_dags/example_xcomargs.py took 0.069 seconds
[2025-02-20T13:54:35.922+0000] {processor.py:186} INFO - Started process (PID=6976) to work on /home/airflow/.local/lib/python3.12/site-packages/airflow/example_dags/example_xcomargs.py
[2025-02-20T13:54:35.923+0000] {processor.py:914} INFO - Processing file /home/airflow/.local/lib/python3.12/site-packages/airflow/example_dags/example_xcomargs.py for tasks to queue
[2025-02-20T13:54:35.925+0000] {logging_mixin.py:190} INFO - [2025-02-20T13:54:35.924+0000] {dagbag.py:588} INFO - Filling up the DagBag from /home/airflow/.local/lib/python3.12/site-packages/airflow/example_dags/example_xcomargs.py
[2025-02-20T13:54:35.933+0000] {processor.py:925} INFO - DAG(s) 'example_xcom_args_with_operators', 'example_xcom_args' retrieved from /home/airflow/.local/lib/python3.12/site-packages/airflow/example_dags/example_xcomargs.py
[2025-02-20T13:54:35.953+0000] {logging_mixin.py:190} INFO - [2025-02-20T13:54:35.953+0000] {dag.py:3239} INFO - Sync 2 DAGs
[2025-02-20T13:54:35.966+0000] {logging_mixin.py:190} INFO - [2025-02-20T13:54:35.966+0000] {dag.py:4180} INFO - Setting next_dagrun for example_xcom_args to None, run_after=None
[2025-02-20T13:54:35.970+0000] {logging_mixin.py:190} INFO - [2025-02-20T13:54:35.970+0000] {dag.py:4180} INFO - Setting next_dagrun for example_xcom_args_with_operators to None, run_after=None
[2025-02-20T13:54:35.985+0000] {processor.py:208} INFO - Processing /home/airflow/.local/lib/python3.12/site-packages/airflow/example_dags/example_xcomargs.py took 0.068 seconds
[2025-02-20T13:55:06.758+0000] {processor.py:186} INFO - Started process (PID=7052) to work on /home/airflow/.local/lib/python3.12/site-packages/airflow/example_dags/example_xcomargs.py
[2025-02-20T13:55:06.759+0000] {processor.py:914} INFO - Processing file /home/airflow/.local/lib/python3.12/site-packages/airflow/example_dags/example_xcomargs.py for tasks to queue
[2025-02-20T13:55:06.760+0000] {logging_mixin.py:190} INFO - [2025-02-20T13:55:06.760+0000] {dagbag.py:588} INFO - Filling up the DagBag from /home/airflow/.local/lib/python3.12/site-packages/airflow/example_dags/example_xcomargs.py
[2025-02-20T13:55:06.770+0000] {processor.py:925} INFO - DAG(s) 'example_xcom_args', 'example_xcom_args_with_operators' retrieved from /home/airflow/.local/lib/python3.12/site-packages/airflow/example_dags/example_xcomargs.py
[2025-02-20T13:55:06.789+0000] {logging_mixin.py:190} INFO - [2025-02-20T13:55:06.789+0000] {dag.py:3239} INFO - Sync 2 DAGs
[2025-02-20T13:55:06.845+0000] {logging_mixin.py:190} INFO - [2025-02-20T13:55:06.845+0000] {dag.py:4180} INFO - Setting next_dagrun for example_xcom_args to None, run_after=None
[2025-02-20T13:55:06.848+0000] {logging_mixin.py:190} INFO - [2025-02-20T13:55:06.848+0000] {dag.py:4180} INFO - Setting next_dagrun for example_xcom_args_with_operators to None, run_after=None
[2025-02-20T13:55:06.862+0000] {processor.py:208} INFO - Processing /home/airflow/.local/lib/python3.12/site-packages/airflow/example_dags/example_xcomargs.py took 0.108 seconds
[2025-02-20T13:55:37.615+0000] {processor.py:186} INFO - Started process (PID=7128) to work on /home/airflow/.local/lib/python3.12/site-packages/airflow/example_dags/example_xcomargs.py
[2025-02-20T13:55:37.616+0000] {processor.py:914} INFO - Processing file /home/airflow/.local/lib/python3.12/site-packages/airflow/example_dags/example_xcomargs.py for tasks to queue
[2025-02-20T13:55:37.618+0000] {logging_mixin.py:190} INFO - [2025-02-20T13:55:37.617+0000] {dagbag.py:588} INFO - Filling up the DagBag from /home/airflow/.local/lib/python3.12/site-packages/airflow/example_dags/example_xcomargs.py
[2025-02-20T13:55:37.627+0000] {processor.py:925} INFO - DAG(s) 'example_xcom_args', 'example_xcom_args_with_operators' retrieved from /home/airflow/.local/lib/python3.12/site-packages/airflow/example_dags/example_xcomargs.py
[2025-02-20T13:55:37.646+0000] {logging_mixin.py:190} INFO - [2025-02-20T13:55:37.646+0000] {dag.py:3239} INFO - Sync 2 DAGs
[2025-02-20T13:55:37.708+0000] {logging_mixin.py:190} INFO - [2025-02-20T13:55:37.708+0000] {dag.py:4180} INFO - Setting next_dagrun for example_xcom_args to None, run_after=None
[2025-02-20T13:55:37.711+0000] {logging_mixin.py:190} INFO - [2025-02-20T13:55:37.711+0000] {dag.py:4180} INFO - Setting next_dagrun for example_xcom_args_with_operators to None, run_after=None
[2025-02-20T13:55:37.724+0000] {processor.py:208} INFO - Processing /home/airflow/.local/lib/python3.12/site-packages/airflow/example_dags/example_xcomargs.py took 0.113 seconds
[2025-02-20T13:56:08.425+0000] {processor.py:186} INFO - Started process (PID=7204) to work on /home/airflow/.local/lib/python3.12/site-packages/airflow/example_dags/example_xcomargs.py
[2025-02-20T13:56:08.426+0000] {processor.py:914} INFO - Processing file /home/airflow/.local/lib/python3.12/site-packages/airflow/example_dags/example_xcomargs.py for tasks to queue
[2025-02-20T13:56:08.428+0000] {logging_mixin.py:190} INFO - [2025-02-20T13:56:08.427+0000] {dagbag.py:588} INFO - Filling up the DagBag from /home/airflow/.local/lib/python3.12/site-packages/airflow/example_dags/example_xcomargs.py
[2025-02-20T13:56:08.437+0000] {processor.py:925} INFO - DAG(s) 'example_xcom_args', 'example_xcom_args_with_operators' retrieved from /home/airflow/.local/lib/python3.12/site-packages/airflow/example_dags/example_xcomargs.py
[2025-02-20T13:56:08.459+0000] {logging_mixin.py:190} INFO - [2025-02-20T13:56:08.459+0000] {dag.py:3239} INFO - Sync 2 DAGs
[2025-02-20T13:56:08.473+0000] {logging_mixin.py:190} INFO - [2025-02-20T13:56:08.473+0000] {dag.py:4180} INFO - Setting next_dagrun for example_xcom_args to None, run_after=None
[2025-02-20T13:56:08.477+0000] {logging_mixin.py:190} INFO - [2025-02-20T13:56:08.477+0000] {dag.py:4180} INFO - Setting next_dagrun for example_xcom_args_with_operators to None, run_after=None
[2025-02-20T13:56:08.495+0000] {processor.py:208} INFO - Processing /home/airflow/.local/lib/python3.12/site-packages/airflow/example_dags/example_xcomargs.py took 0.075 seconds
[2025-02-20T13:56:39.267+0000] {processor.py:186} INFO - Started process (PID=7285) to work on /home/airflow/.local/lib/python3.12/site-packages/airflow/example_dags/example_xcomargs.py
[2025-02-20T13:56:39.269+0000] {processor.py:914} INFO - Processing file /home/airflow/.local/lib/python3.12/site-packages/airflow/example_dags/example_xcomargs.py for tasks to queue
[2025-02-20T13:56:39.270+0000] {logging_mixin.py:190} INFO - [2025-02-20T13:56:39.270+0000] {dagbag.py:588} INFO - Filling up the DagBag from /home/airflow/.local/lib/python3.12/site-packages/airflow/example_dags/example_xcomargs.py
[2025-02-20T13:56:39.280+0000] {processor.py:925} INFO - DAG(s) 'example_xcom_args_with_operators', 'example_xcom_args' retrieved from /home/airflow/.local/lib/python3.12/site-packages/airflow/example_dags/example_xcomargs.py
[2025-02-20T13:56:39.310+0000] {logging_mixin.py:190} INFO - [2025-02-20T13:56:39.309+0000] {dag.py:3239} INFO - Sync 2 DAGs
[2025-02-20T13:56:39.329+0000] {logging_mixin.py:190} INFO - [2025-02-20T13:56:39.328+0000] {dag.py:4180} INFO - Setting next_dagrun for example_xcom_args to None, run_after=None
[2025-02-20T13:56:39.333+0000] {logging_mixin.py:190} INFO - [2025-02-20T13:56:39.333+0000] {dag.py:4180} INFO - Setting next_dagrun for example_xcom_args_with_operators to None, run_after=None
[2025-02-20T13:56:39.352+0000] {processor.py:208} INFO - Processing /home/airflow/.local/lib/python3.12/site-packages/airflow/example_dags/example_xcomargs.py took 0.089 seconds
[2025-02-20T13:57:09.654+0000] {processor.py:186} INFO - Started process (PID=7361) to work on /home/airflow/.local/lib/python3.12/site-packages/airflow/example_dags/example_xcomargs.py
[2025-02-20T13:57:09.655+0000] {processor.py:914} INFO - Processing file /home/airflow/.local/lib/python3.12/site-packages/airflow/example_dags/example_xcomargs.py for tasks to queue
[2025-02-20T13:57:09.656+0000] {logging_mixin.py:190} INFO - [2025-02-20T13:57:09.656+0000] {dagbag.py:588} INFO - Filling up the DagBag from /home/airflow/.local/lib/python3.12/site-packages/airflow/example_dags/example_xcomargs.py
[2025-02-20T13:57:09.665+0000] {processor.py:925} INFO - DAG(s) 'example_xcom_args', 'example_xcom_args_with_operators' retrieved from /home/airflow/.local/lib/python3.12/site-packages/airflow/example_dags/example_xcomargs.py
[2025-02-20T13:57:09.688+0000] {logging_mixin.py:190} INFO - [2025-02-20T13:57:09.688+0000] {dag.py:3239} INFO - Sync 2 DAGs
[2025-02-20T13:57:09.702+0000] {logging_mixin.py:190} INFO - [2025-02-20T13:57:09.701+0000] {dag.py:4180} INFO - Setting next_dagrun for example_xcom_args to None, run_after=None
[2025-02-20T13:57:09.706+0000] {logging_mixin.py:190} INFO - [2025-02-20T13:57:09.706+0000] {dag.py:4180} INFO - Setting next_dagrun for example_xcom_args_with_operators to None, run_after=None
[2025-02-20T13:57:09.721+0000] {processor.py:208} INFO - Processing /home/airflow/.local/lib/python3.12/site-packages/airflow/example_dags/example_xcomargs.py took 0.071 seconds
[2025-02-20T13:57:39.957+0000] {processor.py:186} INFO - Started process (PID=7438) to work on /home/airflow/.local/lib/python3.12/site-packages/airflow/example_dags/example_xcomargs.py
[2025-02-20T13:57:39.958+0000] {processor.py:914} INFO - Processing file /home/airflow/.local/lib/python3.12/site-packages/airflow/example_dags/example_xcomargs.py for tasks to queue
[2025-02-20T13:57:39.960+0000] {logging_mixin.py:190} INFO - [2025-02-20T13:57:39.960+0000] {dagbag.py:588} INFO - Filling up the DagBag from /home/airflow/.local/lib/python3.12/site-packages/airflow/example_dags/example_xcomargs.py
[2025-02-20T13:57:39.969+0000] {processor.py:925} INFO - DAG(s) 'example_xcom_args', 'example_xcom_args_with_operators' retrieved from /home/airflow/.local/lib/python3.12/site-packages/airflow/example_dags/example_xcomargs.py
[2025-02-20T13:57:39.991+0000] {logging_mixin.py:190} INFO - [2025-02-20T13:57:39.991+0000] {dag.py:3239} INFO - Sync 2 DAGs
[2025-02-20T13:57:40.004+0000] {logging_mixin.py:190} INFO - [2025-02-20T13:57:40.004+0000] {dag.py:4180} INFO - Setting next_dagrun for example_xcom_args to None, run_after=None
[2025-02-20T13:57:40.008+0000] {logging_mixin.py:190} INFO - [2025-02-20T13:57:40.008+0000] {dag.py:4180} INFO - Setting next_dagrun for example_xcom_args_with_operators to None, run_after=None
[2025-02-20T13:57:40.025+0000] {processor.py:208} INFO - Processing /home/airflow/.local/lib/python3.12/site-packages/airflow/example_dags/example_xcomargs.py took 0.072 seconds
[2025-02-20T13:58:10.461+0000] {processor.py:186} INFO - Started process (PID=7514) to work on /home/airflow/.local/lib/python3.12/site-packages/airflow/example_dags/example_xcomargs.py
[2025-02-20T13:58:10.462+0000] {processor.py:914} INFO - Processing file /home/airflow/.local/lib/python3.12/site-packages/airflow/example_dags/example_xcomargs.py for tasks to queue
[2025-02-20T13:58:10.464+0000] {logging_mixin.py:190} INFO - [2025-02-20T13:58:10.464+0000] {dagbag.py:588} INFO - Filling up the DagBag from /home/airflow/.local/lib/python3.12/site-packages/airflow/example_dags/example_xcomargs.py
[2025-02-20T13:58:10.475+0000] {processor.py:925} INFO - DAG(s) 'example_xcom_args', 'example_xcom_args_with_operators' retrieved from /home/airflow/.local/lib/python3.12/site-packages/airflow/example_dags/example_xcomargs.py
[2025-02-20T13:58:10.498+0000] {logging_mixin.py:190} INFO - [2025-02-20T13:58:10.498+0000] {dag.py:3239} INFO - Sync 2 DAGs
[2025-02-20T13:58:10.513+0000] {logging_mixin.py:190} INFO - [2025-02-20T13:58:10.513+0000] {dag.py:4180} INFO - Setting next_dagrun for example_xcom_args to None, run_after=None
[2025-02-20T13:58:10.518+0000] {logging_mixin.py:190} INFO - [2025-02-20T13:58:10.518+0000] {dag.py:4180} INFO - Setting next_dagrun for example_xcom_args_with_operators to None, run_after=None
[2025-02-20T13:58:10.535+0000] {processor.py:208} INFO - Processing /home/airflow/.local/lib/python3.12/site-packages/airflow/example_dags/example_xcomargs.py took 0.080 seconds
[2025-02-20T13:58:40.934+0000] {processor.py:186} INFO - Started process (PID=7589) to work on /home/airflow/.local/lib/python3.12/site-packages/airflow/example_dags/example_xcomargs.py
[2025-02-20T13:58:40.936+0000] {processor.py:914} INFO - Processing file /home/airflow/.local/lib/python3.12/site-packages/airflow/example_dags/example_xcomargs.py for tasks to queue
[2025-02-20T13:58:40.937+0000] {logging_mixin.py:190} INFO - [2025-02-20T13:58:40.937+0000] {dagbag.py:588} INFO - Filling up the DagBag from /home/airflow/.local/lib/python3.12/site-packages/airflow/example_dags/example_xcomargs.py
[2025-02-20T13:58:40.948+0000] {processor.py:925} INFO - DAG(s) 'example_xcom_args', 'example_xcom_args_with_operators' retrieved from /home/airflow/.local/lib/python3.12/site-packages/airflow/example_dags/example_xcomargs.py
[2025-02-20T13:58:40.970+0000] {logging_mixin.py:190} INFO - [2025-02-20T13:58:40.969+0000] {dag.py:3239} INFO - Sync 2 DAGs
[2025-02-20T13:58:40.984+0000] {logging_mixin.py:190} INFO - [2025-02-20T13:58:40.984+0000] {dag.py:4180} INFO - Setting next_dagrun for example_xcom_args to None, run_after=None
[2025-02-20T13:58:40.989+0000] {logging_mixin.py:190} INFO - [2025-02-20T13:58:40.989+0000] {dag.py:4180} INFO - Setting next_dagrun for example_xcom_args_with_operators to None, run_after=None
[2025-02-20T13:58:41.005+0000] {processor.py:208} INFO - Processing /home/airflow/.local/lib/python3.12/site-packages/airflow/example_dags/example_xcomargs.py took 0.076 seconds
[2025-02-20T13:59:11.528+0000] {processor.py:186} INFO - Started process (PID=7666) to work on /home/airflow/.local/lib/python3.12/site-packages/airflow/example_dags/example_xcomargs.py
[2025-02-20T13:59:11.530+0000] {processor.py:914} INFO - Processing file /home/airflow/.local/lib/python3.12/site-packages/airflow/example_dags/example_xcomargs.py for tasks to queue
[2025-02-20T13:59:11.531+0000] {logging_mixin.py:190} INFO - [2025-02-20T13:59:11.531+0000] {dagbag.py:588} INFO - Filling up the DagBag from /home/airflow/.local/lib/python3.12/site-packages/airflow/example_dags/example_xcomargs.py
[2025-02-20T13:59:11.542+0000] {processor.py:925} INFO - DAG(s) 'example_xcom_args_with_operators', 'example_xcom_args' retrieved from /home/airflow/.local/lib/python3.12/site-packages/airflow/example_dags/example_xcomargs.py
[2025-02-20T13:59:11.565+0000] {logging_mixin.py:190} INFO - [2025-02-20T13:59:11.565+0000] {dag.py:3239} INFO - Sync 2 DAGs
[2025-02-20T13:59:11.578+0000] {logging_mixin.py:190} INFO - [2025-02-20T13:59:11.578+0000] {dag.py:4180} INFO - Setting next_dagrun for example_xcom_args to None, run_after=None
[2025-02-20T13:59:11.582+0000] {logging_mixin.py:190} INFO - [2025-02-20T13:59:11.582+0000] {dag.py:4180} INFO - Setting next_dagrun for example_xcom_args_with_operators to None, run_after=None
[2025-02-20T13:59:11.599+0000] {processor.py:208} INFO - Processing /home/airflow/.local/lib/python3.12/site-packages/airflow/example_dags/example_xcomargs.py took 0.076 seconds
[2025-02-20T13:59:41.896+0000] {processor.py:186} INFO - Started process (PID=7742) to work on /home/airflow/.local/lib/python3.12/site-packages/airflow/example_dags/example_xcomargs.py
[2025-02-20T13:59:41.897+0000] {processor.py:914} INFO - Processing file /home/airflow/.local/lib/python3.12/site-packages/airflow/example_dags/example_xcomargs.py for tasks to queue
[2025-02-20T13:59:41.898+0000] {logging_mixin.py:190} INFO - [2025-02-20T13:59:41.898+0000] {dagbag.py:588} INFO - Filling up the DagBag from /home/airflow/.local/lib/python3.12/site-packages/airflow/example_dags/example_xcomargs.py
[2025-02-20T13:59:41.907+0000] {processor.py:925} INFO - DAG(s) 'example_xcom_args', 'example_xcom_args_with_operators' retrieved from /home/airflow/.local/lib/python3.12/site-packages/airflow/example_dags/example_xcomargs.py
[2025-02-20T13:59:41.926+0000] {logging_mixin.py:190} INFO - [2025-02-20T13:59:41.926+0000] {dag.py:3239} INFO - Sync 2 DAGs
[2025-02-20T13:59:41.938+0000] {logging_mixin.py:190} INFO - [2025-02-20T13:59:41.938+0000] {dag.py:4180} INFO - Setting next_dagrun for example_xcom_args to None, run_after=None
[2025-02-20T13:59:41.943+0000] {logging_mixin.py:190} INFO - [2025-02-20T13:59:41.943+0000] {dag.py:4180} INFO - Setting next_dagrun for example_xcom_args_with_operators to None, run_after=None
[2025-02-20T13:59:41.961+0000] {processor.py:208} INFO - Processing /home/airflow/.local/lib/python3.12/site-packages/airflow/example_dags/example_xcomargs.py took 0.070 seconds
[2025-02-20T14:00:12.189+0000] {processor.py:186} INFO - Started process (PID=7818) to work on /home/airflow/.local/lib/python3.12/site-packages/airflow/example_dags/example_xcomargs.py
[2025-02-20T14:00:12.190+0000] {processor.py:914} INFO - Processing file /home/airflow/.local/lib/python3.12/site-packages/airflow/example_dags/example_xcomargs.py for tasks to queue
[2025-02-20T14:00:12.191+0000] {logging_mixin.py:190} INFO - [2025-02-20T14:00:12.190+0000] {dagbag.py:588} INFO - Filling up the DagBag from /home/airflow/.local/lib/python3.12/site-packages/airflow/example_dags/example_xcomargs.py
[2025-02-20T14:00:12.200+0000] {processor.py:925} INFO - DAG(s) 'example_xcom_args', 'example_xcom_args_with_operators' retrieved from /home/airflow/.local/lib/python3.12/site-packages/airflow/example_dags/example_xcomargs.py
[2025-02-20T14:00:12.221+0000] {logging_mixin.py:190} INFO - [2025-02-20T14:00:12.220+0000] {dag.py:3239} INFO - Sync 2 DAGs
[2025-02-20T14:00:12.233+0000] {logging_mixin.py:190} INFO - [2025-02-20T14:00:12.233+0000] {dag.py:4180} INFO - Setting next_dagrun for example_xcom_args to None, run_after=None
[2025-02-20T14:00:12.237+0000] {logging_mixin.py:190} INFO - [2025-02-20T14:00:12.236+0000] {dag.py:4180} INFO - Setting next_dagrun for example_xcom_args_with_operators to None, run_after=None
[2025-02-20T14:00:12.252+0000] {processor.py:208} INFO - Processing /home/airflow/.local/lib/python3.12/site-packages/airflow/example_dags/example_xcomargs.py took 0.067 seconds
[2025-02-20T14:00:42.461+0000] {processor.py:186} INFO - Started process (PID=7894) to work on /home/airflow/.local/lib/python3.12/site-packages/airflow/example_dags/example_xcomargs.py
[2025-02-20T14:00:42.462+0000] {processor.py:914} INFO - Processing file /home/airflow/.local/lib/python3.12/site-packages/airflow/example_dags/example_xcomargs.py for tasks to queue
[2025-02-20T14:00:42.463+0000] {logging_mixin.py:190} INFO - [2025-02-20T14:00:42.463+0000] {dagbag.py:588} INFO - Filling up the DagBag from /home/airflow/.local/lib/python3.12/site-packages/airflow/example_dags/example_xcomargs.py
[2025-02-20T14:00:42.471+0000] {processor.py:925} INFO - DAG(s) 'example_xcom_args', 'example_xcom_args_with_operators' retrieved from /home/airflow/.local/lib/python3.12/site-packages/airflow/example_dags/example_xcomargs.py
[2025-02-20T14:00:42.491+0000] {logging_mixin.py:190} INFO - [2025-02-20T14:00:42.491+0000] {dag.py:3239} INFO - Sync 2 DAGs
[2025-02-20T14:00:42.504+0000] {logging_mixin.py:190} INFO - [2025-02-20T14:00:42.504+0000] {dag.py:4180} INFO - Setting next_dagrun for example_xcom_args to None, run_after=None
[2025-02-20T14:00:42.507+0000] {logging_mixin.py:190} INFO - [2025-02-20T14:00:42.507+0000] {dag.py:4180} INFO - Setting next_dagrun for example_xcom_args_with_operators to None, run_after=None
[2025-02-20T14:00:42.523+0000] {processor.py:208} INFO - Processing /home/airflow/.local/lib/python3.12/site-packages/airflow/example_dags/example_xcomargs.py took 0.066 seconds
[2025-02-20T14:01:13.139+0000] {processor.py:186} INFO - Started process (PID=7970) to work on /home/airflow/.local/lib/python3.12/site-packages/airflow/example_dags/example_xcomargs.py
[2025-02-20T14:01:13.140+0000] {processor.py:914} INFO - Processing file /home/airflow/.local/lib/python3.12/site-packages/airflow/example_dags/example_xcomargs.py for tasks to queue
[2025-02-20T14:01:13.142+0000] {logging_mixin.py:190} INFO - [2025-02-20T14:01:13.142+0000] {dagbag.py:588} INFO - Filling up the DagBag from /home/airflow/.local/lib/python3.12/site-packages/airflow/example_dags/example_xcomargs.py
[2025-02-20T14:01:13.150+0000] {processor.py:925} INFO - DAG(s) 'example_xcom_args', 'example_xcom_args_with_operators' retrieved from /home/airflow/.local/lib/python3.12/site-packages/airflow/example_dags/example_xcomargs.py
[2025-02-20T14:01:13.170+0000] {logging_mixin.py:190} INFO - [2025-02-20T14:01:13.170+0000] {dag.py:3239} INFO - Sync 2 DAGs
[2025-02-20T14:01:13.183+0000] {logging_mixin.py:190} INFO - [2025-02-20T14:01:13.183+0000] {dag.py:4180} INFO - Setting next_dagrun for example_xcom_args to None, run_after=None
[2025-02-20T14:01:13.187+0000] {logging_mixin.py:190} INFO - [2025-02-20T14:01:13.187+0000] {dag.py:4180} INFO - Setting next_dagrun for example_xcom_args_with_operators to None, run_after=None
[2025-02-20T14:01:13.202+0000] {processor.py:208} INFO - Processing /home/airflow/.local/lib/python3.12/site-packages/airflow/example_dags/example_xcomargs.py took 0.068 seconds
[2025-02-20T14:01:43.365+0000] {processor.py:186} INFO - Started process (PID=8046) to work on /home/airflow/.local/lib/python3.12/site-packages/airflow/example_dags/example_xcomargs.py
[2025-02-20T14:01:43.366+0000] {processor.py:914} INFO - Processing file /home/airflow/.local/lib/python3.12/site-packages/airflow/example_dags/example_xcomargs.py for tasks to queue
[2025-02-20T14:01:43.368+0000] {logging_mixin.py:190} INFO - [2025-02-20T14:01:43.367+0000] {dagbag.py:588} INFO - Filling up the DagBag from /home/airflow/.local/lib/python3.12/site-packages/airflow/example_dags/example_xcomargs.py
[2025-02-20T14:01:43.376+0000] {processor.py:925} INFO - DAG(s) 'example_xcom_args', 'example_xcom_args_with_operators' retrieved from /home/airflow/.local/lib/python3.12/site-packages/airflow/example_dags/example_xcomargs.py
[2025-02-20T14:01:43.396+0000] {logging_mixin.py:190} INFO - [2025-02-20T14:01:43.396+0000] {dag.py:3239} INFO - Sync 2 DAGs
[2025-02-20T14:01:43.409+0000] {logging_mixin.py:190} INFO - [2025-02-20T14:01:43.408+0000] {dag.py:4180} INFO - Setting next_dagrun for example_xcom_args to None, run_after=None
[2025-02-20T14:01:43.412+0000] {logging_mixin.py:190} INFO - [2025-02-20T14:01:43.412+0000] {dag.py:4180} INFO - Setting next_dagrun for example_xcom_args_with_operators to None, run_after=None
[2025-02-20T14:01:43.427+0000] {processor.py:208} INFO - Processing /home/airflow/.local/lib/python3.12/site-packages/airflow/example_dags/example_xcomargs.py took 0.066 seconds
[2025-02-20T14:02:13.722+0000] {processor.py:186} INFO - Started process (PID=8120) to work on /home/airflow/.local/lib/python3.12/site-packages/airflow/example_dags/example_xcomargs.py
[2025-02-20T14:02:13.723+0000] {processor.py:914} INFO - Processing file /home/airflow/.local/lib/python3.12/site-packages/airflow/example_dags/example_xcomargs.py for tasks to queue
[2025-02-20T14:02:13.725+0000] {logging_mixin.py:190} INFO - [2025-02-20T14:02:13.725+0000] {dagbag.py:588} INFO - Filling up the DagBag from /home/airflow/.local/lib/python3.12/site-packages/airflow/example_dags/example_xcomargs.py
[2025-02-20T14:02:13.736+0000] {processor.py:925} INFO - DAG(s) 'example_xcom_args_with_operators', 'example_xcom_args' retrieved from /home/airflow/.local/lib/python3.12/site-packages/airflow/example_dags/example_xcomargs.py
[2025-02-20T14:02:13.762+0000] {logging_mixin.py:190} INFO - [2025-02-20T14:02:13.762+0000] {dag.py:3239} INFO - Sync 2 DAGs
[2025-02-20T14:02:13.775+0000] {logging_mixin.py:190} INFO - [2025-02-20T14:02:13.775+0000] {dag.py:4180} INFO - Setting next_dagrun for example_xcom_args to None, run_after=None
[2025-02-20T14:02:13.780+0000] {logging_mixin.py:190} INFO - [2025-02-20T14:02:13.780+0000] {dag.py:4180} INFO - Setting next_dagrun for example_xcom_args_with_operators to None, run_after=None
[2025-02-20T14:02:13.802+0000] {processor.py:208} INFO - Processing /home/airflow/.local/lib/python3.12/site-packages/airflow/example_dags/example_xcomargs.py took 0.085 seconds
[2025-02-20T14:02:43.929+0000] {processor.py:186} INFO - Started process (PID=8196) to work on /home/airflow/.local/lib/python3.12/site-packages/airflow/example_dags/example_xcomargs.py
[2025-02-20T14:02:43.930+0000] {processor.py:914} INFO - Processing file /home/airflow/.local/lib/python3.12/site-packages/airflow/example_dags/example_xcomargs.py for tasks to queue
[2025-02-20T14:02:43.932+0000] {logging_mixin.py:190} INFO - [2025-02-20T14:02:43.932+0000] {dagbag.py:588} INFO - Filling up the DagBag from /home/airflow/.local/lib/python3.12/site-packages/airflow/example_dags/example_xcomargs.py
[2025-02-20T14:02:43.941+0000] {processor.py:925} INFO - DAG(s) 'example_xcom_args_with_operators', 'example_xcom_args' retrieved from /home/airflow/.local/lib/python3.12/site-packages/airflow/example_dags/example_xcomargs.py
[2025-02-20T14:02:43.962+0000] {logging_mixin.py:190} INFO - [2025-02-20T14:02:43.961+0000] {dag.py:3239} INFO - Sync 2 DAGs
[2025-02-20T14:02:43.974+0000] {logging_mixin.py:190} INFO - [2025-02-20T14:02:43.974+0000] {dag.py:4180} INFO - Setting next_dagrun for example_xcom_args to None, run_after=None
[2025-02-20T14:02:43.978+0000] {logging_mixin.py:190} INFO - [2025-02-20T14:02:43.978+0000] {dag.py:4180} INFO - Setting next_dagrun for example_xcom_args_with_operators to None, run_after=None
[2025-02-20T14:02:43.994+0000] {processor.py:208} INFO - Processing /home/airflow/.local/lib/python3.12/site-packages/airflow/example_dags/example_xcomargs.py took 0.070 seconds
[2025-02-20T14:03:14.223+0000] {processor.py:186} INFO - Started process (PID=8272) to work on /home/airflow/.local/lib/python3.12/site-packages/airflow/example_dags/example_xcomargs.py
[2025-02-20T14:03:14.224+0000] {processor.py:914} INFO - Processing file /home/airflow/.local/lib/python3.12/site-packages/airflow/example_dags/example_xcomargs.py for tasks to queue
[2025-02-20T14:03:14.226+0000] {logging_mixin.py:190} INFO - [2025-02-20T14:03:14.225+0000] {dagbag.py:588} INFO - Filling up the DagBag from /home/airflow/.local/lib/python3.12/site-packages/airflow/example_dags/example_xcomargs.py
[2025-02-20T14:03:14.234+0000] {processor.py:925} INFO - DAG(s) 'example_xcom_args', 'example_xcom_args_with_operators' retrieved from /home/airflow/.local/lib/python3.12/site-packages/airflow/example_dags/example_xcomargs.py
[2025-02-20T14:03:14.256+0000] {logging_mixin.py:190} INFO - [2025-02-20T14:03:14.255+0000] {dag.py:3239} INFO - Sync 2 DAGs
[2025-02-20T14:03:14.268+0000] {logging_mixin.py:190} INFO - [2025-02-20T14:03:14.268+0000] {dag.py:4180} INFO - Setting next_dagrun for example_xcom_args to None, run_after=None
[2025-02-20T14:03:14.272+0000] {logging_mixin.py:190} INFO - [2025-02-20T14:03:14.272+0000] {dag.py:4180} INFO - Setting next_dagrun for example_xcom_args_with_operators to None, run_after=None
[2025-02-20T14:03:14.288+0000] {processor.py:208} INFO - Processing /home/airflow/.local/lib/python3.12/site-packages/airflow/example_dags/example_xcomargs.py took 0.070 seconds
[2025-02-20T14:44:21.343+0000] {processor.py:186} INFO - Started process (PID=8370) to work on /home/airflow/.local/lib/python3.12/site-packages/airflow/example_dags/example_xcomargs.py
[2025-02-20T14:44:21.344+0000] {processor.py:914} INFO - Processing file /home/airflow/.local/lib/python3.12/site-packages/airflow/example_dags/example_xcomargs.py for tasks to queue
[2025-02-20T14:44:21.346+0000] {logging_mixin.py:190} INFO - [2025-02-20T14:44:21.346+0000] {dagbag.py:588} INFO - Filling up the DagBag from /home/airflow/.local/lib/python3.12/site-packages/airflow/example_dags/example_xcomargs.py
[2025-02-20T14:44:21.357+0000] {processor.py:925} INFO - DAG(s) 'example_xcom_args', 'example_xcom_args_with_operators' retrieved from /home/airflow/.local/lib/python3.12/site-packages/airflow/example_dags/example_xcomargs.py
[2025-02-20T14:44:21.381+0000] {logging_mixin.py:190} INFO - [2025-02-20T14:44:21.381+0000] {dag.py:3239} INFO - Sync 2 DAGs
[2025-02-20T14:44:21.396+0000] {logging_mixin.py:190} INFO - [2025-02-20T14:44:21.396+0000] {dag.py:4180} INFO - Setting next_dagrun for example_xcom_args to None, run_after=None
[2025-02-20T14:44:21.401+0000] {logging_mixin.py:190} INFO - [2025-02-20T14:44:21.401+0000] {dag.py:4180} INFO - Setting next_dagrun for example_xcom_args_with_operators to None, run_after=None
[2025-02-20T14:44:21.420+0000] {processor.py:208} INFO - Processing /home/airflow/.local/lib/python3.12/site-packages/airflow/example_dags/example_xcomargs.py took 0.083 seconds
[2025-02-20T14:44:52.326+0000] {processor.py:186} INFO - Started process (PID=8446) to work on /home/airflow/.local/lib/python3.12/site-packages/airflow/example_dags/example_xcomargs.py
[2025-02-20T14:44:52.327+0000] {processor.py:914} INFO - Processing file /home/airflow/.local/lib/python3.12/site-packages/airflow/example_dags/example_xcomargs.py for tasks to queue
[2025-02-20T14:44:52.328+0000] {logging_mixin.py:190} INFO - [2025-02-20T14:44:52.328+0000] {dagbag.py:588} INFO - Filling up the DagBag from /home/airflow/.local/lib/python3.12/site-packages/airflow/example_dags/example_xcomargs.py
[2025-02-20T14:44:52.337+0000] {processor.py:925} INFO - DAG(s) 'example_xcom_args_with_operators', 'example_xcom_args' retrieved from /home/airflow/.local/lib/python3.12/site-packages/airflow/example_dags/example_xcomargs.py
[2025-02-20T14:44:52.357+0000] {logging_mixin.py:190} INFO - [2025-02-20T14:44:52.357+0000] {dag.py:3239} INFO - Sync 2 DAGs
[2025-02-20T14:44:52.370+0000] {logging_mixin.py:190} INFO - [2025-02-20T14:44:52.370+0000] {dag.py:4180} INFO - Setting next_dagrun for example_xcom_args to None, run_after=None
[2025-02-20T14:44:52.373+0000] {logging_mixin.py:190} INFO - [2025-02-20T14:44:52.373+0000] {dag.py:4180} INFO - Setting next_dagrun for example_xcom_args_with_operators to None, run_after=None
[2025-02-20T14:44:52.387+0000] {processor.py:208} INFO - Processing /home/airflow/.local/lib/python3.12/site-packages/airflow/example_dags/example_xcomargs.py took 0.066 seconds
[2025-02-20T14:45:22.707+0000] {processor.py:186} INFO - Started process (PID=8523) to work on /home/airflow/.local/lib/python3.12/site-packages/airflow/example_dags/example_xcomargs.py
[2025-02-20T14:45:22.708+0000] {processor.py:914} INFO - Processing file /home/airflow/.local/lib/python3.12/site-packages/airflow/example_dags/example_xcomargs.py for tasks to queue
[2025-02-20T14:45:22.709+0000] {logging_mixin.py:190} INFO - [2025-02-20T14:45:22.709+0000] {dagbag.py:588} INFO - Filling up the DagBag from /home/airflow/.local/lib/python3.12/site-packages/airflow/example_dags/example_xcomargs.py
[2025-02-20T14:45:22.719+0000] {processor.py:925} INFO - DAG(s) 'example_xcom_args_with_operators', 'example_xcom_args' retrieved from /home/airflow/.local/lib/python3.12/site-packages/airflow/example_dags/example_xcomargs.py
[2025-02-20T14:45:22.738+0000] {logging_mixin.py:190} INFO - [2025-02-20T14:45:22.738+0000] {dag.py:3239} INFO - Sync 2 DAGs
[2025-02-20T14:45:22.754+0000] {logging_mixin.py:190} INFO - [2025-02-20T14:45:22.753+0000] {dag.py:4180} INFO - Setting next_dagrun for example_xcom_args to None, run_after=None
[2025-02-20T14:45:22.757+0000] {logging_mixin.py:190} INFO - [2025-02-20T14:45:22.757+0000] {dag.py:4180} INFO - Setting next_dagrun for example_xcom_args_with_operators to None, run_after=None
[2025-02-20T14:45:22.772+0000] {processor.py:208} INFO - Processing /home/airflow/.local/lib/python3.12/site-packages/airflow/example_dags/example_xcomargs.py took 0.071 seconds
