[2025-02-20T13:41:15.296+0000] {processor.py:186} INFO - Started process (PID=4984) to work on /home/airflow/.local/lib/python3.12/site-packages/airflow/example_dags/example_sensors.py
[2025-02-20T13:41:15.298+0000] {processor.py:914} INFO - Processing file /home/airflow/.local/lib/python3.12/site-packages/airflow/example_dags/example_sensors.py for tasks to queue
[2025-02-20T13:41:15.301+0000] {logging_mixin.py:190} INFO - [2025-02-20T13:41:15.300+0000] {dagbag.py:588} INFO - Filling up the DagBag from /home/airflow/.local/lib/python3.12/site-packages/airflow/example_dags/example_sensors.py
[2025-02-20T13:41:15.332+0000] {processor.py:925} INFO - DAG(s) 'example_sensors' retrieved from /home/airflow/.local/lib/python3.12/site-packages/airflow/example_dags/example_sensors.py
[2025-02-20T13:41:15.381+0000] {logging_mixin.py:190} INFO - [2025-02-20T13:41:15.380+0000] {dag.py:3239} INFO - Sync 1 DAGs
[2025-02-20T13:41:15.419+0000] {logging_mixin.py:190} INFO - [2025-02-20T13:41:15.418+0000] {dag.py:4180} INFO - Setting next_dagrun for example_sensors to None, run_after=None
[2025-02-20T13:41:15.467+0000] {processor.py:208} INFO - Processing /home/airflow/.local/lib/python3.12/site-packages/airflow/example_dags/example_sensors.py took 0.184 seconds
[2025-02-20T13:41:46.129+0000] {processor.py:186} INFO - Started process (PID=5059) to work on /home/airflow/.local/lib/python3.12/site-packages/airflow/example_dags/example_sensors.py
[2025-02-20T13:41:46.131+0000] {processor.py:914} INFO - Processing file /home/airflow/.local/lib/python3.12/site-packages/airflow/example_dags/example_sensors.py for tasks to queue
[2025-02-20T13:41:46.133+0000] {logging_mixin.py:190} INFO - [2025-02-20T13:41:46.132+0000] {dagbag.py:588} INFO - Filling up the DagBag from /home/airflow/.local/lib/python3.12/site-packages/airflow/example_dags/example_sensors.py
[2025-02-20T13:41:46.143+0000] {processor.py:925} INFO - DAG(s) 'example_sensors' retrieved from /home/airflow/.local/lib/python3.12/site-packages/airflow/example_dags/example_sensors.py
[2025-02-20T13:41:46.171+0000] {logging_mixin.py:190} INFO - [2025-02-20T13:41:46.170+0000] {dag.py:3239} INFO - Sync 1 DAGs
[2025-02-20T13:41:46.185+0000] {logging_mixin.py:190} INFO - [2025-02-20T13:41:46.184+0000] {dag.py:4180} INFO - Setting next_dagrun for example_sensors to None, run_after=None
[2025-02-20T13:41:46.211+0000] {processor.py:208} INFO - Processing /home/airflow/.local/lib/python3.12/site-packages/airflow/example_dags/example_sensors.py took 0.087 seconds
[2025-02-20T13:42:16.615+0000] {processor.py:186} INFO - Started process (PID=5135) to work on /home/airflow/.local/lib/python3.12/site-packages/airflow/example_dags/example_sensors.py
[2025-02-20T13:42:16.617+0000] {processor.py:914} INFO - Processing file /home/airflow/.local/lib/python3.12/site-packages/airflow/example_dags/example_sensors.py for tasks to queue
[2025-02-20T13:42:16.619+0000] {logging_mixin.py:190} INFO - [2025-02-20T13:42:16.619+0000] {dagbag.py:588} INFO - Filling up the DagBag from /home/airflow/.local/lib/python3.12/site-packages/airflow/example_dags/example_sensors.py
[2025-02-20T13:42:16.630+0000] {processor.py:925} INFO - DAG(s) 'example_sensors' retrieved from /home/airflow/.local/lib/python3.12/site-packages/airflow/example_dags/example_sensors.py
[2025-02-20T13:42:16.665+0000] {logging_mixin.py:190} INFO - [2025-02-20T13:42:16.664+0000] {dag.py:3239} INFO - Sync 1 DAGs
[2025-02-20T13:42:16.679+0000] {logging_mixin.py:190} INFO - [2025-02-20T13:42:16.678+0000] {dag.py:4180} INFO - Setting next_dagrun for example_sensors to None, run_after=None
[2025-02-20T13:42:16.702+0000] {processor.py:208} INFO - Processing /home/airflow/.local/lib/python3.12/site-packages/airflow/example_dags/example_sensors.py took 0.092 seconds
[2025-02-20T13:42:46.946+0000] {processor.py:186} INFO - Started process (PID=5211) to work on /home/airflow/.local/lib/python3.12/site-packages/airflow/example_dags/example_sensors.py
[2025-02-20T13:42:46.948+0000] {processor.py:914} INFO - Processing file /home/airflow/.local/lib/python3.12/site-packages/airflow/example_dags/example_sensors.py for tasks to queue
[2025-02-20T13:42:46.950+0000] {logging_mixin.py:190} INFO - [2025-02-20T13:42:46.950+0000] {dagbag.py:588} INFO - Filling up the DagBag from /home/airflow/.local/lib/python3.12/site-packages/airflow/example_dags/example_sensors.py
[2025-02-20T13:42:46.963+0000] {processor.py:925} INFO - DAG(s) 'example_sensors' retrieved from /home/airflow/.local/lib/python3.12/site-packages/airflow/example_dags/example_sensors.py
[2025-02-20T13:42:46.993+0000] {logging_mixin.py:190} INFO - [2025-02-20T13:42:46.992+0000] {dag.py:3239} INFO - Sync 1 DAGs
[2025-02-20T13:42:47.010+0000] {logging_mixin.py:190} INFO - [2025-02-20T13:42:47.010+0000] {dag.py:4180} INFO - Setting next_dagrun for example_sensors to None, run_after=None
[2025-02-20T13:42:47.031+0000] {processor.py:208} INFO - Processing /home/airflow/.local/lib/python3.12/site-packages/airflow/example_dags/example_sensors.py took 0.091 seconds
[2025-02-20T13:43:17.472+0000] {processor.py:186} INFO - Started process (PID=5288) to work on /home/airflow/.local/lib/python3.12/site-packages/airflow/example_dags/example_sensors.py
[2025-02-20T13:43:17.473+0000] {processor.py:914} INFO - Processing file /home/airflow/.local/lib/python3.12/site-packages/airflow/example_dags/example_sensors.py for tasks to queue
[2025-02-20T13:43:17.474+0000] {logging_mixin.py:190} INFO - [2025-02-20T13:43:17.474+0000] {dagbag.py:588} INFO - Filling up the DagBag from /home/airflow/.local/lib/python3.12/site-packages/airflow/example_dags/example_sensors.py
[2025-02-20T13:43:17.486+0000] {processor.py:925} INFO - DAG(s) 'example_sensors' retrieved from /home/airflow/.local/lib/python3.12/site-packages/airflow/example_dags/example_sensors.py
[2025-02-20T13:43:17.512+0000] {logging_mixin.py:190} INFO - [2025-02-20T13:43:17.512+0000] {dag.py:3239} INFO - Sync 1 DAGs
[2025-02-20T13:43:17.526+0000] {logging_mixin.py:190} INFO - [2025-02-20T13:43:17.526+0000] {dag.py:4180} INFO - Setting next_dagrun for example_sensors to None, run_after=None
[2025-02-20T13:43:17.550+0000] {processor.py:208} INFO - Processing /home/airflow/.local/lib/python3.12/site-packages/airflow/example_dags/example_sensors.py took 0.083 seconds
[2025-02-20T13:43:49.610+0000] {processor.py:186} INFO - Started process (PID=5363) to work on /home/airflow/.local/lib/python3.12/site-packages/airflow/example_dags/example_sensors.py
[2025-02-20T13:43:49.611+0000] {processor.py:914} INFO - Processing file /home/airflow/.local/lib/python3.12/site-packages/airflow/example_dags/example_sensors.py for tasks to queue
[2025-02-20T13:43:49.613+0000] {logging_mixin.py:190} INFO - [2025-02-20T13:43:49.613+0000] {dagbag.py:588} INFO - Filling up the DagBag from /home/airflow/.local/lib/python3.12/site-packages/airflow/example_dags/example_sensors.py
[2025-02-20T13:43:49.625+0000] {processor.py:925} INFO - DAG(s) 'example_sensors' retrieved from /home/airflow/.local/lib/python3.12/site-packages/airflow/example_dags/example_sensors.py
[2025-02-20T13:43:49.652+0000] {logging_mixin.py:190} INFO - [2025-02-20T13:43:49.651+0000] {dag.py:3239} INFO - Sync 1 DAGs
[2025-02-20T13:43:49.667+0000] {logging_mixin.py:190} INFO - [2025-02-20T13:43:49.667+0000] {dag.py:4180} INFO - Setting next_dagrun for example_sensors to None, run_after=None
[2025-02-20T13:43:49.692+0000] {processor.py:208} INFO - Processing /home/airflow/.local/lib/python3.12/site-packages/airflow/example_dags/example_sensors.py took 0.087 seconds
[2025-02-20T13:44:20.257+0000] {processor.py:186} INFO - Started process (PID=5428) to work on /home/airflow/.local/lib/python3.12/site-packages/airflow/example_dags/example_sensors.py
[2025-02-20T13:44:20.259+0000] {processor.py:914} INFO - Processing file /home/airflow/.local/lib/python3.12/site-packages/airflow/example_dags/example_sensors.py for tasks to queue
[2025-02-20T13:44:20.260+0000] {logging_mixin.py:190} INFO - [2025-02-20T13:44:20.260+0000] {dagbag.py:588} INFO - Filling up the DagBag from /home/airflow/.local/lib/python3.12/site-packages/airflow/example_dags/example_sensors.py
[2025-02-20T13:44:20.271+0000] {processor.py:925} INFO - DAG(s) 'example_sensors' retrieved from /home/airflow/.local/lib/python3.12/site-packages/airflow/example_dags/example_sensors.py
[2025-02-20T13:44:20.295+0000] {logging_mixin.py:190} INFO - [2025-02-20T13:44:20.294+0000] {dag.py:3239} INFO - Sync 1 DAGs
[2025-02-20T13:44:20.307+0000] {logging_mixin.py:190} INFO - [2025-02-20T13:44:20.307+0000] {dag.py:4180} INFO - Setting next_dagrun for example_sensors to None, run_after=None
[2025-02-20T13:44:20.327+0000] {processor.py:208} INFO - Processing /home/airflow/.local/lib/python3.12/site-packages/airflow/example_dags/example_sensors.py took 0.074 seconds
[2025-02-20T13:44:50.856+0000] {processor.py:186} INFO - Started process (PID=5503) to work on /home/airflow/.local/lib/python3.12/site-packages/airflow/example_dags/example_sensors.py
[2025-02-20T13:44:50.857+0000] {processor.py:914} INFO - Processing file /home/airflow/.local/lib/python3.12/site-packages/airflow/example_dags/example_sensors.py for tasks to queue
[2025-02-20T13:44:50.859+0000] {logging_mixin.py:190} INFO - [2025-02-20T13:44:50.859+0000] {dagbag.py:588} INFO - Filling up the DagBag from /home/airflow/.local/lib/python3.12/site-packages/airflow/example_dags/example_sensors.py
[2025-02-20T13:44:50.869+0000] {processor.py:925} INFO - DAG(s) 'example_sensors' retrieved from /home/airflow/.local/lib/python3.12/site-packages/airflow/example_dags/example_sensors.py
[2025-02-20T13:44:50.891+0000] {logging_mixin.py:190} INFO - [2025-02-20T13:44:50.890+0000] {dag.py:3239} INFO - Sync 1 DAGs
[2025-02-20T13:44:50.902+0000] {logging_mixin.py:190} INFO - [2025-02-20T13:44:50.902+0000] {dag.py:4180} INFO - Setting next_dagrun for example_sensors to None, run_after=None
[2025-02-20T13:44:50.921+0000] {processor.py:208} INFO - Processing /home/airflow/.local/lib/python3.12/site-packages/airflow/example_dags/example_sensors.py took 0.070 seconds
[2025-02-20T13:45:21.371+0000] {processor.py:186} INFO - Started process (PID=5579) to work on /home/airflow/.local/lib/python3.12/site-packages/airflow/example_dags/example_sensors.py
[2025-02-20T13:45:21.372+0000] {processor.py:914} INFO - Processing file /home/airflow/.local/lib/python3.12/site-packages/airflow/example_dags/example_sensors.py for tasks to queue
[2025-02-20T13:45:21.374+0000] {logging_mixin.py:190} INFO - [2025-02-20T13:45:21.373+0000] {dagbag.py:588} INFO - Filling up the DagBag from /home/airflow/.local/lib/python3.12/site-packages/airflow/example_dags/example_sensors.py
[2025-02-20T13:45:21.385+0000] {processor.py:925} INFO - DAG(s) 'example_sensors' retrieved from /home/airflow/.local/lib/python3.12/site-packages/airflow/example_dags/example_sensors.py
[2025-02-20T13:45:21.411+0000] {logging_mixin.py:190} INFO - [2025-02-20T13:45:21.411+0000] {dag.py:3239} INFO - Sync 1 DAGs
[2025-02-20T13:45:21.425+0000] {logging_mixin.py:190} INFO - [2025-02-20T13:45:21.424+0000] {dag.py:4180} INFO - Setting next_dagrun for example_sensors to None, run_after=None
[2025-02-20T13:45:21.446+0000] {processor.py:208} INFO - Processing /home/airflow/.local/lib/python3.12/site-packages/airflow/example_dags/example_sensors.py took 0.081 seconds
[2025-02-20T13:45:51.920+0000] {processor.py:186} INFO - Started process (PID=5656) to work on /home/airflow/.local/lib/python3.12/site-packages/airflow/example_dags/example_sensors.py
[2025-02-20T13:45:51.922+0000] {processor.py:914} INFO - Processing file /home/airflow/.local/lib/python3.12/site-packages/airflow/example_dags/example_sensors.py for tasks to queue
[2025-02-20T13:45:51.924+0000] {logging_mixin.py:190} INFO - [2025-02-20T13:45:51.923+0000] {dagbag.py:588} INFO - Filling up the DagBag from /home/airflow/.local/lib/python3.12/site-packages/airflow/example_dags/example_sensors.py
[2025-02-20T13:45:51.932+0000] {processor.py:925} INFO - DAG(s) 'example_sensors' retrieved from /home/airflow/.local/lib/python3.12/site-packages/airflow/example_dags/example_sensors.py
[2025-02-20T13:45:51.954+0000] {logging_mixin.py:190} INFO - [2025-02-20T13:45:51.954+0000] {dag.py:3239} INFO - Sync 1 DAGs
[2025-02-20T13:45:51.966+0000] {logging_mixin.py:190} INFO - [2025-02-20T13:45:51.965+0000] {dag.py:4180} INFO - Setting next_dagrun for example_sensors to None, run_after=None
[2025-02-20T13:45:51.984+0000] {processor.py:208} INFO - Processing /home/airflow/.local/lib/python3.12/site-packages/airflow/example_dags/example_sensors.py took 0.069 seconds
[2025-02-20T13:46:22.488+0000] {processor.py:186} INFO - Started process (PID=5732) to work on /home/airflow/.local/lib/python3.12/site-packages/airflow/example_dags/example_sensors.py
[2025-02-20T13:46:22.489+0000] {processor.py:914} INFO - Processing file /home/airflow/.local/lib/python3.12/site-packages/airflow/example_dags/example_sensors.py for tasks to queue
[2025-02-20T13:46:22.491+0000] {logging_mixin.py:190} INFO - [2025-02-20T13:46:22.490+0000] {dagbag.py:588} INFO - Filling up the DagBag from /home/airflow/.local/lib/python3.12/site-packages/airflow/example_dags/example_sensors.py
[2025-02-20T13:46:22.500+0000] {processor.py:925} INFO - DAG(s) 'example_sensors' retrieved from /home/airflow/.local/lib/python3.12/site-packages/airflow/example_dags/example_sensors.py
[2025-02-20T13:46:22.523+0000] {logging_mixin.py:190} INFO - [2025-02-20T13:46:22.523+0000] {dag.py:3239} INFO - Sync 1 DAGs
[2025-02-20T13:46:22.533+0000] {logging_mixin.py:190} INFO - [2025-02-20T13:46:22.533+0000] {dag.py:4180} INFO - Setting next_dagrun for example_sensors to None, run_after=None
[2025-02-20T13:46:22.551+0000] {processor.py:208} INFO - Processing /home/airflow/.local/lib/python3.12/site-packages/airflow/example_dags/example_sensors.py took 0.068 seconds
[2025-02-20T13:46:53.105+0000] {processor.py:186} INFO - Started process (PID=5808) to work on /home/airflow/.local/lib/python3.12/site-packages/airflow/example_dags/example_sensors.py
[2025-02-20T13:46:53.106+0000] {processor.py:914} INFO - Processing file /home/airflow/.local/lib/python3.12/site-packages/airflow/example_dags/example_sensors.py for tasks to queue
[2025-02-20T13:46:53.107+0000] {logging_mixin.py:190} INFO - [2025-02-20T13:46:53.107+0000] {dagbag.py:588} INFO - Filling up the DagBag from /home/airflow/.local/lib/python3.12/site-packages/airflow/example_dags/example_sensors.py
[2025-02-20T13:46:53.118+0000] {processor.py:925} INFO - DAG(s) 'example_sensors' retrieved from /home/airflow/.local/lib/python3.12/site-packages/airflow/example_dags/example_sensors.py
[2025-02-20T13:46:53.143+0000] {logging_mixin.py:190} INFO - [2025-02-20T13:46:53.142+0000] {dag.py:3239} INFO - Sync 1 DAGs
[2025-02-20T13:46:53.154+0000] {logging_mixin.py:190} INFO - [2025-02-20T13:46:53.154+0000] {dag.py:4180} INFO - Setting next_dagrun for example_sensors to None, run_after=None
[2025-02-20T13:46:53.173+0000] {processor.py:208} INFO - Processing /home/airflow/.local/lib/python3.12/site-packages/airflow/example_dags/example_sensors.py took 0.072 seconds
[2025-02-20T13:47:23.351+0000] {processor.py:186} INFO - Started process (PID=5883) to work on /home/airflow/.local/lib/python3.12/site-packages/airflow/example_dags/example_sensors.py
[2025-02-20T13:47:23.352+0000] {processor.py:914} INFO - Processing file /home/airflow/.local/lib/python3.12/site-packages/airflow/example_dags/example_sensors.py for tasks to queue
[2025-02-20T13:47:23.354+0000] {logging_mixin.py:190} INFO - [2025-02-20T13:47:23.354+0000] {dagbag.py:588} INFO - Filling up the DagBag from /home/airflow/.local/lib/python3.12/site-packages/airflow/example_dags/example_sensors.py
[2025-02-20T13:47:23.365+0000] {processor.py:925} INFO - DAG(s) 'example_sensors' retrieved from /home/airflow/.local/lib/python3.12/site-packages/airflow/example_dags/example_sensors.py
[2025-02-20T13:47:23.400+0000] {logging_mixin.py:190} INFO - [2025-02-20T13:47:23.400+0000] {dag.py:3239} INFO - Sync 1 DAGs
[2025-02-20T13:47:23.418+0000] {logging_mixin.py:190} INFO - [2025-02-20T13:47:23.418+0000] {dag.py:4180} INFO - Setting next_dagrun for example_sensors to None, run_after=None
[2025-02-20T13:47:23.440+0000] {processor.py:208} INFO - Processing /home/airflow/.local/lib/python3.12/site-packages/airflow/example_dags/example_sensors.py took 0.094 seconds
[2025-02-20T13:47:53.870+0000] {processor.py:186} INFO - Started process (PID=5959) to work on /home/airflow/.local/lib/python3.12/site-packages/airflow/example_dags/example_sensors.py
[2025-02-20T13:47:53.872+0000] {processor.py:914} INFO - Processing file /home/airflow/.local/lib/python3.12/site-packages/airflow/example_dags/example_sensors.py for tasks to queue
[2025-02-20T13:47:53.873+0000] {logging_mixin.py:190} INFO - [2025-02-20T13:47:53.873+0000] {dagbag.py:588} INFO - Filling up the DagBag from /home/airflow/.local/lib/python3.12/site-packages/airflow/example_dags/example_sensors.py
[2025-02-20T13:47:53.884+0000] {processor.py:925} INFO - DAG(s) 'example_sensors' retrieved from /home/airflow/.local/lib/python3.12/site-packages/airflow/example_dags/example_sensors.py
[2025-02-20T13:47:53.910+0000] {logging_mixin.py:190} INFO - [2025-02-20T13:47:53.910+0000] {dag.py:3239} INFO - Sync 1 DAGs
[2025-02-20T13:47:53.925+0000] {logging_mixin.py:190} INFO - [2025-02-20T13:47:53.925+0000] {dag.py:4180} INFO - Setting next_dagrun for example_sensors to None, run_after=None
[2025-02-20T13:47:53.946+0000] {processor.py:208} INFO - Processing /home/airflow/.local/lib/python3.12/site-packages/airflow/example_dags/example_sensors.py took 0.081 seconds
[2025-02-20T13:48:24.327+0000] {processor.py:186} INFO - Started process (PID=6040) to work on /home/airflow/.local/lib/python3.12/site-packages/airflow/example_dags/example_sensors.py
[2025-02-20T13:48:24.329+0000] {processor.py:914} INFO - Processing file /home/airflow/.local/lib/python3.12/site-packages/airflow/example_dags/example_sensors.py for tasks to queue
[2025-02-20T13:48:24.330+0000] {logging_mixin.py:190} INFO - [2025-02-20T13:48:24.330+0000] {dagbag.py:588} INFO - Filling up the DagBag from /home/airflow/.local/lib/python3.12/site-packages/airflow/example_dags/example_sensors.py
[2025-02-20T13:48:24.344+0000] {processor.py:925} INFO - DAG(s) 'example_sensors' retrieved from /home/airflow/.local/lib/python3.12/site-packages/airflow/example_dags/example_sensors.py
[2025-02-20T13:48:24.373+0000] {logging_mixin.py:190} INFO - [2025-02-20T13:48:24.373+0000] {dag.py:3239} INFO - Sync 1 DAGs
[2025-02-20T13:48:24.386+0000] {logging_mixin.py:190} INFO - [2025-02-20T13:48:24.386+0000] {dag.py:4180} INFO - Setting next_dagrun for example_sensors to None, run_after=None
[2025-02-20T13:48:24.406+0000] {processor.py:208} INFO - Processing /home/airflow/.local/lib/python3.12/site-packages/airflow/example_dags/example_sensors.py took 0.083 seconds
[2025-02-20T13:48:54.731+0000] {processor.py:186} INFO - Started process (PID=6116) to work on /home/airflow/.local/lib/python3.12/site-packages/airflow/example_dags/example_sensors.py
[2025-02-20T13:48:54.732+0000] {processor.py:914} INFO - Processing file /home/airflow/.local/lib/python3.12/site-packages/airflow/example_dags/example_sensors.py for tasks to queue
[2025-02-20T13:48:54.734+0000] {logging_mixin.py:190} INFO - [2025-02-20T13:48:54.733+0000] {dagbag.py:588} INFO - Filling up the DagBag from /home/airflow/.local/lib/python3.12/site-packages/airflow/example_dags/example_sensors.py
[2025-02-20T13:48:54.745+0000] {processor.py:925} INFO - DAG(s) 'example_sensors' retrieved from /home/airflow/.local/lib/python3.12/site-packages/airflow/example_dags/example_sensors.py
[2025-02-20T13:48:54.774+0000] {logging_mixin.py:190} INFO - [2025-02-20T13:48:54.773+0000] {dag.py:3239} INFO - Sync 1 DAGs
[2025-02-20T13:48:54.790+0000] {logging_mixin.py:190} INFO - [2025-02-20T13:48:54.789+0000] {dag.py:4180} INFO - Setting next_dagrun for example_sensors to None, run_after=None
[2025-02-20T13:48:54.811+0000] {processor.py:208} INFO - Processing /home/airflow/.local/lib/python3.12/site-packages/airflow/example_dags/example_sensors.py took 0.087 seconds
[2025-02-20T13:49:24.902+0000] {processor.py:186} INFO - Started process (PID=6192) to work on /home/airflow/.local/lib/python3.12/site-packages/airflow/example_dags/example_sensors.py
[2025-02-20T13:49:24.903+0000] {processor.py:914} INFO - Processing file /home/airflow/.local/lib/python3.12/site-packages/airflow/example_dags/example_sensors.py for tasks to queue
[2025-02-20T13:49:24.905+0000] {logging_mixin.py:190} INFO - [2025-02-20T13:49:24.904+0000] {dagbag.py:588} INFO - Filling up the DagBag from /home/airflow/.local/lib/python3.12/site-packages/airflow/example_dags/example_sensors.py
[2025-02-20T13:49:24.916+0000] {processor.py:925} INFO - DAG(s) 'example_sensors' retrieved from /home/airflow/.local/lib/python3.12/site-packages/airflow/example_dags/example_sensors.py
[2025-02-20T13:49:24.941+0000] {logging_mixin.py:190} INFO - [2025-02-20T13:49:24.941+0000] {dag.py:3239} INFO - Sync 1 DAGs
[2025-02-20T13:49:24.954+0000] {logging_mixin.py:190} INFO - [2025-02-20T13:49:24.954+0000] {dag.py:4180} INFO - Setting next_dagrun for example_sensors to None, run_after=None
[2025-02-20T13:49:24.974+0000] {processor.py:208} INFO - Processing /home/airflow/.local/lib/python3.12/site-packages/airflow/example_dags/example_sensors.py took 0.077 seconds
[2025-02-20T13:49:55.199+0000] {processor.py:186} INFO - Started process (PID=6267) to work on /home/airflow/.local/lib/python3.12/site-packages/airflow/example_dags/example_sensors.py
[2025-02-20T13:49:55.200+0000] {processor.py:914} INFO - Processing file /home/airflow/.local/lib/python3.12/site-packages/airflow/example_dags/example_sensors.py for tasks to queue
[2025-02-20T13:49:55.250+0000] {logging_mixin.py:190} INFO - [2025-02-20T13:49:55.249+0000] {dagbag.py:588} INFO - Filling up the DagBag from /home/airflow/.local/lib/python3.12/site-packages/airflow/example_dags/example_sensors.py
[2025-02-20T13:49:55.259+0000] {processor.py:925} INFO - DAG(s) 'example_sensors' retrieved from /home/airflow/.local/lib/python3.12/site-packages/airflow/example_dags/example_sensors.py
[2025-02-20T13:49:55.281+0000] {logging_mixin.py:190} INFO - [2025-02-20T13:49:55.281+0000] {dag.py:3239} INFO - Sync 1 DAGs
[2025-02-20T13:49:55.293+0000] {logging_mixin.py:190} INFO - [2025-02-20T13:49:55.293+0000] {dag.py:4180} INFO - Setting next_dagrun for example_sensors to None, run_after=None
[2025-02-20T13:49:55.311+0000] {processor.py:208} INFO - Processing /home/airflow/.local/lib/python3.12/site-packages/airflow/example_dags/example_sensors.py took 0.117 seconds
[2025-02-20T13:50:25.401+0000] {processor.py:186} INFO - Started process (PID=6343) to work on /home/airflow/.local/lib/python3.12/site-packages/airflow/example_dags/example_sensors.py
[2025-02-20T13:50:25.402+0000] {processor.py:914} INFO - Processing file /home/airflow/.local/lib/python3.12/site-packages/airflow/example_dags/example_sensors.py for tasks to queue
[2025-02-20T13:50:25.404+0000] {logging_mixin.py:190} INFO - [2025-02-20T13:50:25.403+0000] {dagbag.py:588} INFO - Filling up the DagBag from /home/airflow/.local/lib/python3.12/site-packages/airflow/example_dags/example_sensors.py
[2025-02-20T13:50:25.414+0000] {processor.py:925} INFO - DAG(s) 'example_sensors' retrieved from /home/airflow/.local/lib/python3.12/site-packages/airflow/example_dags/example_sensors.py
[2025-02-20T13:50:25.436+0000] {logging_mixin.py:190} INFO - [2025-02-20T13:50:25.436+0000] {dag.py:3239} INFO - Sync 1 DAGs
[2025-02-20T13:50:25.447+0000] {logging_mixin.py:190} INFO - [2025-02-20T13:50:25.447+0000] {dag.py:4180} INFO - Setting next_dagrun for example_sensors to None, run_after=None
[2025-02-20T13:50:25.465+0000] {processor.py:208} INFO - Processing /home/airflow/.local/lib/python3.12/site-packages/airflow/example_dags/example_sensors.py took 0.068 seconds
[2025-02-20T13:50:55.816+0000] {processor.py:186} INFO - Started process (PID=6419) to work on /home/airflow/.local/lib/python3.12/site-packages/airflow/example_dags/example_sensors.py
[2025-02-20T13:50:55.817+0000] {processor.py:914} INFO - Processing file /home/airflow/.local/lib/python3.12/site-packages/airflow/example_dags/example_sensors.py for tasks to queue
[2025-02-20T13:50:55.819+0000] {logging_mixin.py:190} INFO - [2025-02-20T13:50:55.819+0000] {dagbag.py:588} INFO - Filling up the DagBag from /home/airflow/.local/lib/python3.12/site-packages/airflow/example_dags/example_sensors.py
[2025-02-20T13:50:55.829+0000] {processor.py:925} INFO - DAG(s) 'example_sensors' retrieved from /home/airflow/.local/lib/python3.12/site-packages/airflow/example_dags/example_sensors.py
[2025-02-20T13:50:55.851+0000] {logging_mixin.py:190} INFO - [2025-02-20T13:50:55.851+0000] {dag.py:3239} INFO - Sync 1 DAGs
[2025-02-20T13:50:55.865+0000] {logging_mixin.py:190} INFO - [2025-02-20T13:50:55.864+0000] {dag.py:4180} INFO - Setting next_dagrun for example_sensors to None, run_after=None
[2025-02-20T13:50:55.885+0000] {processor.py:208} INFO - Processing /home/airflow/.local/lib/python3.12/site-packages/airflow/example_dags/example_sensors.py took 0.073 seconds
[2025-02-20T13:51:26.098+0000] {processor.py:186} INFO - Started process (PID=6495) to work on /home/airflow/.local/lib/python3.12/site-packages/airflow/example_dags/example_sensors.py
[2025-02-20T13:51:26.099+0000] {processor.py:914} INFO - Processing file /home/airflow/.local/lib/python3.12/site-packages/airflow/example_dags/example_sensors.py for tasks to queue
[2025-02-20T13:51:26.100+0000] {logging_mixin.py:190} INFO - [2025-02-20T13:51:26.100+0000] {dagbag.py:588} INFO - Filling up the DagBag from /home/airflow/.local/lib/python3.12/site-packages/airflow/example_dags/example_sensors.py
[2025-02-20T13:51:26.111+0000] {processor.py:925} INFO - DAG(s) 'example_sensors' retrieved from /home/airflow/.local/lib/python3.12/site-packages/airflow/example_dags/example_sensors.py
[2025-02-20T13:51:26.133+0000] {logging_mixin.py:190} INFO - [2025-02-20T13:51:26.132+0000] {dag.py:3239} INFO - Sync 1 DAGs
[2025-02-20T13:51:26.165+0000] {logging_mixin.py:190} INFO - [2025-02-20T13:51:26.165+0000] {dag.py:4180} INFO - Setting next_dagrun for example_sensors to None, run_after=None
[2025-02-20T13:51:26.182+0000] {processor.py:208} INFO - Processing /home/airflow/.local/lib/python3.12/site-packages/airflow/example_dags/example_sensors.py took 0.089 seconds
[2025-02-20T13:51:56.711+0000] {processor.py:186} INFO - Started process (PID=6571) to work on /home/airflow/.local/lib/python3.12/site-packages/airflow/example_dags/example_sensors.py
[2025-02-20T13:51:56.713+0000] {processor.py:914} INFO - Processing file /home/airflow/.local/lib/python3.12/site-packages/airflow/example_dags/example_sensors.py for tasks to queue
[2025-02-20T13:51:56.714+0000] {logging_mixin.py:190} INFO - [2025-02-20T13:51:56.714+0000] {dagbag.py:588} INFO - Filling up the DagBag from /home/airflow/.local/lib/python3.12/site-packages/airflow/example_dags/example_sensors.py
[2025-02-20T13:51:56.723+0000] {processor.py:925} INFO - DAG(s) 'example_sensors' retrieved from /home/airflow/.local/lib/python3.12/site-packages/airflow/example_dags/example_sensors.py
[2025-02-20T13:51:56.744+0000] {logging_mixin.py:190} INFO - [2025-02-20T13:51:56.744+0000] {dag.py:3239} INFO - Sync 1 DAGs
[2025-02-20T13:51:56.756+0000] {logging_mixin.py:190} INFO - [2025-02-20T13:51:56.756+0000] {dag.py:4180} INFO - Setting next_dagrun for example_sensors to None, run_after=None
[2025-02-20T13:51:56.775+0000] {processor.py:208} INFO - Processing /home/airflow/.local/lib/python3.12/site-packages/airflow/example_dags/example_sensors.py took 0.069 seconds
[2025-02-20T13:52:27.650+0000] {processor.py:186} INFO - Started process (PID=6647) to work on /home/airflow/.local/lib/python3.12/site-packages/airflow/example_dags/example_sensors.py
[2025-02-20T13:52:27.651+0000] {processor.py:914} INFO - Processing file /home/airflow/.local/lib/python3.12/site-packages/airflow/example_dags/example_sensors.py for tasks to queue
[2025-02-20T13:52:27.653+0000] {logging_mixin.py:190} INFO - [2025-02-20T13:52:27.653+0000] {dagbag.py:588} INFO - Filling up the DagBag from /home/airflow/.local/lib/python3.12/site-packages/airflow/example_dags/example_sensors.py
[2025-02-20T13:52:27.663+0000] {processor.py:925} INFO - DAG(s) 'example_sensors' retrieved from /home/airflow/.local/lib/python3.12/site-packages/airflow/example_dags/example_sensors.py
[2025-02-20T13:52:27.687+0000] {logging_mixin.py:190} INFO - [2025-02-20T13:52:27.686+0000] {dag.py:3239} INFO - Sync 1 DAGs
[2025-02-20T13:52:27.699+0000] {logging_mixin.py:190} INFO - [2025-02-20T13:52:27.699+0000] {dag.py:4180} INFO - Setting next_dagrun for example_sensors to None, run_after=None
[2025-02-20T13:52:27.718+0000] {processor.py:208} INFO - Processing /home/airflow/.local/lib/python3.12/site-packages/airflow/example_dags/example_sensors.py took 0.073 seconds
[2025-02-20T13:52:58.172+0000] {processor.py:186} INFO - Started process (PID=6715) to work on /home/airflow/.local/lib/python3.12/site-packages/airflow/example_dags/example_sensors.py
[2025-02-20T13:52:58.173+0000] {processor.py:914} INFO - Processing file /home/airflow/.local/lib/python3.12/site-packages/airflow/example_dags/example_sensors.py for tasks to queue
[2025-02-20T13:52:58.175+0000] {logging_mixin.py:190} INFO - [2025-02-20T13:52:58.175+0000] {dagbag.py:588} INFO - Filling up the DagBag from /home/airflow/.local/lib/python3.12/site-packages/airflow/example_dags/example_sensors.py
[2025-02-20T13:52:58.185+0000] {processor.py:925} INFO - DAG(s) 'example_sensors' retrieved from /home/airflow/.local/lib/python3.12/site-packages/airflow/example_dags/example_sensors.py
[2025-02-20T13:52:58.209+0000] {logging_mixin.py:190} INFO - [2025-02-20T13:52:58.209+0000] {dag.py:3239} INFO - Sync 1 DAGs
[2025-02-20T13:52:58.221+0000] {logging_mixin.py:190} INFO - [2025-02-20T13:52:58.221+0000] {dag.py:4180} INFO - Setting next_dagrun for example_sensors to None, run_after=None
[2025-02-20T13:52:58.241+0000] {processor.py:208} INFO - Processing /home/airflow/.local/lib/python3.12/site-packages/airflow/example_dags/example_sensors.py took 0.074 seconds
[2025-02-20T13:53:28.583+0000] {processor.py:186} INFO - Started process (PID=6790) to work on /home/airflow/.local/lib/python3.12/site-packages/airflow/example_dags/example_sensors.py
[2025-02-20T13:53:28.584+0000] {processor.py:914} INFO - Processing file /home/airflow/.local/lib/python3.12/site-packages/airflow/example_dags/example_sensors.py for tasks to queue
[2025-02-20T13:53:28.585+0000] {logging_mixin.py:190} INFO - [2025-02-20T13:53:28.585+0000] {dagbag.py:588} INFO - Filling up the DagBag from /home/airflow/.local/lib/python3.12/site-packages/airflow/example_dags/example_sensors.py
[2025-02-20T13:53:28.593+0000] {processor.py:925} INFO - DAG(s) 'example_sensors' retrieved from /home/airflow/.local/lib/python3.12/site-packages/airflow/example_dags/example_sensors.py
[2025-02-20T13:53:28.616+0000] {logging_mixin.py:190} INFO - [2025-02-20T13:53:28.616+0000] {dag.py:3239} INFO - Sync 1 DAGs
[2025-02-20T13:53:28.630+0000] {logging_mixin.py:190} INFO - [2025-02-20T13:53:28.629+0000] {dag.py:4180} INFO - Setting next_dagrun for example_sensors to None, run_after=None
[2025-02-20T13:53:28.650+0000] {processor.py:208} INFO - Processing /home/airflow/.local/lib/python3.12/site-packages/airflow/example_dags/example_sensors.py took 0.071 seconds
[2025-02-20T13:53:58.903+0000] {processor.py:186} INFO - Started process (PID=6866) to work on /home/airflow/.local/lib/python3.12/site-packages/airflow/example_dags/example_sensors.py
[2025-02-20T13:53:58.904+0000] {processor.py:914} INFO - Processing file /home/airflow/.local/lib/python3.12/site-packages/airflow/example_dags/example_sensors.py for tasks to queue
[2025-02-20T13:53:58.905+0000] {logging_mixin.py:190} INFO - [2025-02-20T13:53:58.905+0000] {dagbag.py:588} INFO - Filling up the DagBag from /home/airflow/.local/lib/python3.12/site-packages/airflow/example_dags/example_sensors.py
[2025-02-20T13:53:58.915+0000] {processor.py:925} INFO - DAG(s) 'example_sensors' retrieved from /home/airflow/.local/lib/python3.12/site-packages/airflow/example_dags/example_sensors.py
[2025-02-20T13:53:58.940+0000] {logging_mixin.py:190} INFO - [2025-02-20T13:53:58.939+0000] {dag.py:3239} INFO - Sync 1 DAGs
[2025-02-20T13:53:58.952+0000] {logging_mixin.py:190} INFO - [2025-02-20T13:53:58.952+0000] {dag.py:4180} INFO - Setting next_dagrun for example_sensors to None, run_after=None
[2025-02-20T13:53:58.973+0000] {processor.py:208} INFO - Processing /home/airflow/.local/lib/python3.12/site-packages/airflow/example_dags/example_sensors.py took 0.075 seconds
[2025-02-20T13:54:29.701+0000] {processor.py:186} INFO - Started process (PID=6942) to work on /home/airflow/.local/lib/python3.12/site-packages/airflow/example_dags/example_sensors.py
[2025-02-20T13:54:29.702+0000] {processor.py:914} INFO - Processing file /home/airflow/.local/lib/python3.12/site-packages/airflow/example_dags/example_sensors.py for tasks to queue
[2025-02-20T13:54:29.703+0000] {logging_mixin.py:190} INFO - [2025-02-20T13:54:29.703+0000] {dagbag.py:588} INFO - Filling up the DagBag from /home/airflow/.local/lib/python3.12/site-packages/airflow/example_dags/example_sensors.py
[2025-02-20T13:54:29.714+0000] {processor.py:925} INFO - DAG(s) 'example_sensors' retrieved from /home/airflow/.local/lib/python3.12/site-packages/airflow/example_dags/example_sensors.py
[2025-02-20T13:54:29.739+0000] {logging_mixin.py:190} INFO - [2025-02-20T13:54:29.739+0000] {dag.py:3239} INFO - Sync 1 DAGs
[2025-02-20T13:54:29.752+0000] {logging_mixin.py:190} INFO - [2025-02-20T13:54:29.751+0000] {dag.py:4180} INFO - Setting next_dagrun for example_sensors to None, run_after=None
[2025-02-20T13:54:29.773+0000] {processor.py:208} INFO - Processing /home/airflow/.local/lib/python3.12/site-packages/airflow/example_dags/example_sensors.py took 0.079 seconds
[2025-02-20T13:54:59.973+0000] {processor.py:186} INFO - Started process (PID=7018) to work on /home/airflow/.local/lib/python3.12/site-packages/airflow/example_dags/example_sensors.py
[2025-02-20T13:54:59.975+0000] {processor.py:914} INFO - Processing file /home/airflow/.local/lib/python3.12/site-packages/airflow/example_dags/example_sensors.py for tasks to queue
[2025-02-20T13:54:59.976+0000] {logging_mixin.py:190} INFO - [2025-02-20T13:54:59.976+0000] {dagbag.py:588} INFO - Filling up the DagBag from /home/airflow/.local/lib/python3.12/site-packages/airflow/example_dags/example_sensors.py
[2025-02-20T13:54:59.985+0000] {processor.py:925} INFO - DAG(s) 'example_sensors' retrieved from /home/airflow/.local/lib/python3.12/site-packages/airflow/example_dags/example_sensors.py
[2025-02-20T13:55:00.008+0000] {logging_mixin.py:190} INFO - [2025-02-20T13:55:00.008+0000] {dag.py:3239} INFO - Sync 1 DAGs
[2025-02-20T13:55:00.022+0000] {logging_mixin.py:190} INFO - [2025-02-20T13:55:00.022+0000] {dag.py:4180} INFO - Setting next_dagrun for example_sensors to None, run_after=None
[2025-02-20T13:55:00.041+0000] {processor.py:208} INFO - Processing /home/airflow/.local/lib/python3.12/site-packages/airflow/example_dags/example_sensors.py took 0.072 seconds
[2025-02-20T13:55:30.888+0000] {processor.py:186} INFO - Started process (PID=7094) to work on /home/airflow/.local/lib/python3.12/site-packages/airflow/example_dags/example_sensors.py
[2025-02-20T13:55:30.889+0000] {processor.py:914} INFO - Processing file /home/airflow/.local/lib/python3.12/site-packages/airflow/example_dags/example_sensors.py for tasks to queue
[2025-02-20T13:55:30.890+0000] {logging_mixin.py:190} INFO - [2025-02-20T13:55:30.890+0000] {dagbag.py:588} INFO - Filling up the DagBag from /home/airflow/.local/lib/python3.12/site-packages/airflow/example_dags/example_sensors.py
[2025-02-20T13:55:30.899+0000] {processor.py:925} INFO - DAG(s) 'example_sensors' retrieved from /home/airflow/.local/lib/python3.12/site-packages/airflow/example_dags/example_sensors.py
[2025-02-20T13:55:30.922+0000] {logging_mixin.py:190} INFO - [2025-02-20T13:55:30.922+0000] {dag.py:3239} INFO - Sync 1 DAGs
[2025-02-20T13:55:30.936+0000] {logging_mixin.py:190} INFO - [2025-02-20T13:55:30.936+0000] {dag.py:4180} INFO - Setting next_dagrun for example_sensors to None, run_after=None
[2025-02-20T13:55:30.956+0000] {processor.py:208} INFO - Processing /home/airflow/.local/lib/python3.12/site-packages/airflow/example_dags/example_sensors.py took 0.074 seconds
[2025-02-20T13:56:01.116+0000] {processor.py:186} INFO - Started process (PID=7170) to work on /home/airflow/.local/lib/python3.12/site-packages/airflow/example_dags/example_sensors.py
[2025-02-20T13:56:01.117+0000] {processor.py:914} INFO - Processing file /home/airflow/.local/lib/python3.12/site-packages/airflow/example_dags/example_sensors.py for tasks to queue
[2025-02-20T13:56:01.119+0000] {logging_mixin.py:190} INFO - [2025-02-20T13:56:01.118+0000] {dagbag.py:588} INFO - Filling up the DagBag from /home/airflow/.local/lib/python3.12/site-packages/airflow/example_dags/example_sensors.py
[2025-02-20T13:56:01.128+0000] {processor.py:925} INFO - DAG(s) 'example_sensors' retrieved from /home/airflow/.local/lib/python3.12/site-packages/airflow/example_dags/example_sensors.py
[2025-02-20T13:56:01.177+0000] {logging_mixin.py:190} INFO - [2025-02-20T13:56:01.177+0000] {dag.py:3239} INFO - Sync 1 DAGs
[2025-02-20T13:56:01.193+0000] {logging_mixin.py:190} INFO - [2025-02-20T13:56:01.192+0000] {dag.py:4180} INFO - Setting next_dagrun for example_sensors to None, run_after=None
[2025-02-20T13:56:01.214+0000] {processor.py:208} INFO - Processing /home/airflow/.local/lib/python3.12/site-packages/airflow/example_dags/example_sensors.py took 0.102 seconds
[2025-02-20T13:56:31.414+0000] {processor.py:186} INFO - Started process (PID=7246) to work on /home/airflow/.local/lib/python3.12/site-packages/airflow/example_dags/example_sensors.py
[2025-02-20T13:56:31.416+0000] {processor.py:914} INFO - Processing file /home/airflow/.local/lib/python3.12/site-packages/airflow/example_dags/example_sensors.py for tasks to queue
[2025-02-20T13:56:31.417+0000] {logging_mixin.py:190} INFO - [2025-02-20T13:56:31.417+0000] {dagbag.py:588} INFO - Filling up the DagBag from /home/airflow/.local/lib/python3.12/site-packages/airflow/example_dags/example_sensors.py
[2025-02-20T13:56:31.427+0000] {processor.py:925} INFO - DAG(s) 'example_sensors' retrieved from /home/airflow/.local/lib/python3.12/site-packages/airflow/example_dags/example_sensors.py
[2025-02-20T13:56:31.452+0000] {logging_mixin.py:190} INFO - [2025-02-20T13:56:31.452+0000] {dag.py:3239} INFO - Sync 1 DAGs
[2025-02-20T13:56:31.464+0000] {logging_mixin.py:190} INFO - [2025-02-20T13:56:31.464+0000] {dag.py:4180} INFO - Setting next_dagrun for example_sensors to None, run_after=None
[2025-02-20T13:56:31.484+0000] {processor.py:208} INFO - Processing /home/airflow/.local/lib/python3.12/site-packages/airflow/example_dags/example_sensors.py took 0.074 seconds
[2025-02-20T13:57:01.802+0000] {processor.py:186} INFO - Started process (PID=7322) to work on /home/airflow/.local/lib/python3.12/site-packages/airflow/example_dags/example_sensors.py
[2025-02-20T13:57:01.804+0000] {processor.py:914} INFO - Processing file /home/airflow/.local/lib/python3.12/site-packages/airflow/example_dags/example_sensors.py for tasks to queue
[2025-02-20T13:57:01.806+0000] {logging_mixin.py:190} INFO - [2025-02-20T13:57:01.806+0000] {dagbag.py:588} INFO - Filling up the DagBag from /home/airflow/.local/lib/python3.12/site-packages/airflow/example_dags/example_sensors.py
[2025-02-20T13:57:01.816+0000] {processor.py:925} INFO - DAG(s) 'example_sensors' retrieved from /home/airflow/.local/lib/python3.12/site-packages/airflow/example_dags/example_sensors.py
[2025-02-20T13:57:01.838+0000] {logging_mixin.py:190} INFO - [2025-02-20T13:57:01.837+0000] {dag.py:3239} INFO - Sync 1 DAGs
[2025-02-20T13:57:01.849+0000] {logging_mixin.py:190} INFO - [2025-02-20T13:57:01.849+0000] {dag.py:4180} INFO - Setting next_dagrun for example_sensors to None, run_after=None
[2025-02-20T13:57:01.870+0000] {processor.py:208} INFO - Processing /home/airflow/.local/lib/python3.12/site-packages/airflow/example_dags/example_sensors.py took 0.072 seconds
[2025-02-20T13:57:32.515+0000] {processor.py:186} INFO - Started process (PID=7398) to work on /home/airflow/.local/lib/python3.12/site-packages/airflow/example_dags/example_sensors.py
[2025-02-20T13:57:32.517+0000] {processor.py:914} INFO - Processing file /home/airflow/.local/lib/python3.12/site-packages/airflow/example_dags/example_sensors.py for tasks to queue
[2025-02-20T13:57:32.518+0000] {logging_mixin.py:190} INFO - [2025-02-20T13:57:32.518+0000] {dagbag.py:588} INFO - Filling up the DagBag from /home/airflow/.local/lib/python3.12/site-packages/airflow/example_dags/example_sensors.py
[2025-02-20T13:57:32.536+0000] {processor.py:925} INFO - DAG(s) 'example_sensors' retrieved from /home/airflow/.local/lib/python3.12/site-packages/airflow/example_dags/example_sensors.py
[2025-02-20T13:57:32.559+0000] {logging_mixin.py:190} INFO - [2025-02-20T13:57:32.559+0000] {dag.py:3239} INFO - Sync 1 DAGs
[2025-02-20T13:57:32.570+0000] {logging_mixin.py:190} INFO - [2025-02-20T13:57:32.570+0000] {dag.py:4180} INFO - Setting next_dagrun for example_sensors to None, run_after=None
[2025-02-20T13:57:32.587+0000] {processor.py:208} INFO - Processing /home/airflow/.local/lib/python3.12/site-packages/airflow/example_dags/example_sensors.py took 0.076 seconds
[2025-02-20T13:58:02.744+0000] {processor.py:186} INFO - Started process (PID=7475) to work on /home/airflow/.local/lib/python3.12/site-packages/airflow/example_dags/example_sensors.py
[2025-02-20T13:58:02.745+0000] {processor.py:914} INFO - Processing file /home/airflow/.local/lib/python3.12/site-packages/airflow/example_dags/example_sensors.py for tasks to queue
[2025-02-20T13:58:02.746+0000] {logging_mixin.py:190} INFO - [2025-02-20T13:58:02.746+0000] {dagbag.py:588} INFO - Filling up the DagBag from /home/airflow/.local/lib/python3.12/site-packages/airflow/example_dags/example_sensors.py
[2025-02-20T13:58:02.755+0000] {processor.py:925} INFO - DAG(s) 'example_sensors' retrieved from /home/airflow/.local/lib/python3.12/site-packages/airflow/example_dags/example_sensors.py
[2025-02-20T13:58:02.776+0000] {logging_mixin.py:190} INFO - [2025-02-20T13:58:02.776+0000] {dag.py:3239} INFO - Sync 1 DAGs
[2025-02-20T13:58:02.788+0000] {logging_mixin.py:190} INFO - [2025-02-20T13:58:02.787+0000] {dag.py:4180} INFO - Setting next_dagrun for example_sensors to None, run_after=None
[2025-02-20T13:58:02.805+0000] {processor.py:208} INFO - Processing /home/airflow/.local/lib/python3.12/site-packages/airflow/example_dags/example_sensors.py took 0.066 seconds
[2025-02-20T13:58:33.250+0000] {processor.py:186} INFO - Started process (PID=7551) to work on /home/airflow/.local/lib/python3.12/site-packages/airflow/example_dags/example_sensors.py
[2025-02-20T13:58:33.251+0000] {processor.py:914} INFO - Processing file /home/airflow/.local/lib/python3.12/site-packages/airflow/example_dags/example_sensors.py for tasks to queue
[2025-02-20T13:58:33.253+0000] {logging_mixin.py:190} INFO - [2025-02-20T13:58:33.253+0000] {dagbag.py:588} INFO - Filling up the DagBag from /home/airflow/.local/lib/python3.12/site-packages/airflow/example_dags/example_sensors.py
[2025-02-20T13:58:33.265+0000] {processor.py:925} INFO - DAG(s) 'example_sensors' retrieved from /home/airflow/.local/lib/python3.12/site-packages/airflow/example_dags/example_sensors.py
[2025-02-20T13:58:33.289+0000] {logging_mixin.py:190} INFO - [2025-02-20T13:58:33.289+0000] {dag.py:3239} INFO - Sync 1 DAGs
[2025-02-20T13:58:33.302+0000] {logging_mixin.py:190} INFO - [2025-02-20T13:58:33.302+0000] {dag.py:4180} INFO - Setting next_dagrun for example_sensors to None, run_after=None
[2025-02-20T13:58:33.322+0000] {processor.py:208} INFO - Processing /home/airflow/.local/lib/python3.12/site-packages/airflow/example_dags/example_sensors.py took 0.077 seconds
[2025-02-20T13:59:03.778+0000] {processor.py:186} INFO - Started process (PID=7627) to work on /home/airflow/.local/lib/python3.12/site-packages/airflow/example_dags/example_sensors.py
[2025-02-20T13:59:03.779+0000] {processor.py:914} INFO - Processing file /home/airflow/.local/lib/python3.12/site-packages/airflow/example_dags/example_sensors.py for tasks to queue
[2025-02-20T13:59:03.781+0000] {logging_mixin.py:190} INFO - [2025-02-20T13:59:03.780+0000] {dagbag.py:588} INFO - Filling up the DagBag from /home/airflow/.local/lib/python3.12/site-packages/airflow/example_dags/example_sensors.py
[2025-02-20T13:59:03.792+0000] {processor.py:925} INFO - DAG(s) 'example_sensors' retrieved from /home/airflow/.local/lib/python3.12/site-packages/airflow/example_dags/example_sensors.py
[2025-02-20T13:59:03.819+0000] {logging_mixin.py:190} INFO - [2025-02-20T13:59:03.819+0000] {dag.py:3239} INFO - Sync 1 DAGs
[2025-02-20T13:59:03.831+0000] {logging_mixin.py:190} INFO - [2025-02-20T13:59:03.831+0000] {dag.py:4180} INFO - Setting next_dagrun for example_sensors to None, run_after=None
[2025-02-20T13:59:03.849+0000] {processor.py:208} INFO - Processing /home/airflow/.local/lib/python3.12/site-packages/airflow/example_dags/example_sensors.py took 0.078 seconds
[2025-02-20T13:59:34.256+0000] {processor.py:186} INFO - Started process (PID=7710) to work on /home/airflow/.local/lib/python3.12/site-packages/airflow/example_dags/example_sensors.py
[2025-02-20T13:59:34.257+0000] {processor.py:914} INFO - Processing file /home/airflow/.local/lib/python3.12/site-packages/airflow/example_dags/example_sensors.py for tasks to queue
[2025-02-20T13:59:34.259+0000] {logging_mixin.py:190} INFO - [2025-02-20T13:59:34.258+0000] {dagbag.py:588} INFO - Filling up the DagBag from /home/airflow/.local/lib/python3.12/site-packages/airflow/example_dags/example_sensors.py
[2025-02-20T13:59:34.270+0000] {processor.py:925} INFO - DAG(s) 'example_sensors' retrieved from /home/airflow/.local/lib/python3.12/site-packages/airflow/example_dags/example_sensors.py
[2025-02-20T13:59:34.298+0000] {logging_mixin.py:190} INFO - [2025-02-20T13:59:34.298+0000] {dag.py:3239} INFO - Sync 1 DAGs
[2025-02-20T13:59:34.309+0000] {logging_mixin.py:190} INFO - [2025-02-20T13:59:34.309+0000] {dag.py:4180} INFO - Setting next_dagrun for example_sensors to None, run_after=None
[2025-02-20T13:59:34.328+0000] {processor.py:208} INFO - Processing /home/airflow/.local/lib/python3.12/site-packages/airflow/example_dags/example_sensors.py took 0.077 seconds
[2025-02-20T14:00:04.405+0000] {processor.py:186} INFO - Started process (PID=7786) to work on /home/airflow/.local/lib/python3.12/site-packages/airflow/example_dags/example_sensors.py
[2025-02-20T14:00:04.406+0000] {processor.py:914} INFO - Processing file /home/airflow/.local/lib/python3.12/site-packages/airflow/example_dags/example_sensors.py for tasks to queue
[2025-02-20T14:00:04.407+0000] {logging_mixin.py:190} INFO - [2025-02-20T14:00:04.407+0000] {dagbag.py:588} INFO - Filling up the DagBag from /home/airflow/.local/lib/python3.12/site-packages/airflow/example_dags/example_sensors.py
[2025-02-20T14:00:04.416+0000] {processor.py:925} INFO - DAG(s) 'example_sensors' retrieved from /home/airflow/.local/lib/python3.12/site-packages/airflow/example_dags/example_sensors.py
[2025-02-20T14:00:04.438+0000] {logging_mixin.py:190} INFO - [2025-02-20T14:00:04.438+0000] {dag.py:3239} INFO - Sync 1 DAGs
[2025-02-20T14:00:04.450+0000] {logging_mixin.py:190} INFO - [2025-02-20T14:00:04.449+0000] {dag.py:4180} INFO - Setting next_dagrun for example_sensors to None, run_after=None
[2025-02-20T14:00:04.470+0000] {processor.py:208} INFO - Processing /home/airflow/.local/lib/python3.12/site-packages/airflow/example_dags/example_sensors.py took 0.071 seconds
[2025-02-20T14:00:34.581+0000] {processor.py:186} INFO - Started process (PID=7862) to work on /home/airflow/.local/lib/python3.12/site-packages/airflow/example_dags/example_sensors.py
[2025-02-20T14:00:34.582+0000] {processor.py:914} INFO - Processing file /home/airflow/.local/lib/python3.12/site-packages/airflow/example_dags/example_sensors.py for tasks to queue
[2025-02-20T14:00:34.583+0000] {logging_mixin.py:190} INFO - [2025-02-20T14:00:34.583+0000] {dagbag.py:588} INFO - Filling up the DagBag from /home/airflow/.local/lib/python3.12/site-packages/airflow/example_dags/example_sensors.py
[2025-02-20T14:00:34.593+0000] {processor.py:925} INFO - DAG(s) 'example_sensors' retrieved from /home/airflow/.local/lib/python3.12/site-packages/airflow/example_dags/example_sensors.py
[2025-02-20T14:00:34.614+0000] {logging_mixin.py:190} INFO - [2025-02-20T14:00:34.614+0000] {dag.py:3239} INFO - Sync 1 DAGs
[2025-02-20T14:00:34.625+0000] {logging_mixin.py:190} INFO - [2025-02-20T14:00:34.625+0000] {dag.py:4180} INFO - Setting next_dagrun for example_sensors to None, run_after=None
[2025-02-20T14:00:34.670+0000] {processor.py:208} INFO - Processing /home/airflow/.local/lib/python3.12/site-packages/airflow/example_dags/example_sensors.py took 0.094 seconds
[2025-02-20T14:01:05.267+0000] {processor.py:186} INFO - Started process (PID=7938) to work on /home/airflow/.local/lib/python3.12/site-packages/airflow/example_dags/example_sensors.py
[2025-02-20T14:01:05.268+0000] {processor.py:914} INFO - Processing file /home/airflow/.local/lib/python3.12/site-packages/airflow/example_dags/example_sensors.py for tasks to queue
[2025-02-20T14:01:05.269+0000] {logging_mixin.py:190} INFO - [2025-02-20T14:01:05.269+0000] {dagbag.py:588} INFO - Filling up the DagBag from /home/airflow/.local/lib/python3.12/site-packages/airflow/example_dags/example_sensors.py
[2025-02-20T14:01:05.279+0000] {processor.py:925} INFO - DAG(s) 'example_sensors' retrieved from /home/airflow/.local/lib/python3.12/site-packages/airflow/example_dags/example_sensors.py
[2025-02-20T14:01:05.301+0000] {logging_mixin.py:190} INFO - [2025-02-20T14:01:05.301+0000] {dag.py:3239} INFO - Sync 1 DAGs
[2025-02-20T14:01:05.313+0000] {logging_mixin.py:190} INFO - [2025-02-20T14:01:05.313+0000] {dag.py:4180} INFO - Setting next_dagrun for example_sensors to None, run_after=None
[2025-02-20T14:01:05.331+0000] {processor.py:208} INFO - Processing /home/airflow/.local/lib/python3.12/site-packages/airflow/example_dags/example_sensors.py took 0.069 seconds
[2025-02-20T14:01:35.513+0000] {processor.py:186} INFO - Started process (PID=8014) to work on /home/airflow/.local/lib/python3.12/site-packages/airflow/example_dags/example_sensors.py
[2025-02-20T14:01:35.515+0000] {processor.py:914} INFO - Processing file /home/airflow/.local/lib/python3.12/site-packages/airflow/example_dags/example_sensors.py for tasks to queue
[2025-02-20T14:01:35.518+0000] {logging_mixin.py:190} INFO - [2025-02-20T14:01:35.518+0000] {dagbag.py:588} INFO - Filling up the DagBag from /home/airflow/.local/lib/python3.12/site-packages/airflow/example_dags/example_sensors.py
[2025-02-20T14:01:35.536+0000] {processor.py:925} INFO - DAG(s) 'example_sensors' retrieved from /home/airflow/.local/lib/python3.12/site-packages/airflow/example_dags/example_sensors.py
[2025-02-20T14:01:35.565+0000] {logging_mixin.py:190} INFO - [2025-02-20T14:01:35.565+0000] {dag.py:3239} INFO - Sync 1 DAGs
[2025-02-20T14:01:35.577+0000] {logging_mixin.py:190} INFO - [2025-02-20T14:01:35.577+0000] {dag.py:4180} INFO - Setting next_dagrun for example_sensors to None, run_after=None
[2025-02-20T14:01:35.597+0000] {processor.py:208} INFO - Processing /home/airflow/.local/lib/python3.12/site-packages/airflow/example_dags/example_sensors.py took 0.095 seconds
[2025-02-20T14:02:05.787+0000] {processor.py:186} INFO - Started process (PID=8090) to work on /home/airflow/.local/lib/python3.12/site-packages/airflow/example_dags/example_sensors.py
[2025-02-20T14:02:05.795+0000] {processor.py:914} INFO - Processing file /home/airflow/.local/lib/python3.12/site-packages/airflow/example_dags/example_sensors.py for tasks to queue
[2025-02-20T14:02:05.798+0000] {logging_mixin.py:190} INFO - [2025-02-20T14:02:05.798+0000] {dagbag.py:588} INFO - Filling up the DagBag from /home/airflow/.local/lib/python3.12/site-packages/airflow/example_dags/example_sensors.py
[2025-02-20T14:02:05.824+0000] {processor.py:925} INFO - DAG(s) 'example_sensors' retrieved from /home/airflow/.local/lib/python3.12/site-packages/airflow/example_dags/example_sensors.py
[2025-02-20T14:02:05.846+0000] {logging_mixin.py:190} INFO - [2025-02-20T14:02:05.846+0000] {dag.py:3239} INFO - Sync 1 DAGs
[2025-02-20T14:02:05.857+0000] {logging_mixin.py:190} INFO - [2025-02-20T14:02:05.857+0000] {dag.py:4180} INFO - Setting next_dagrun for example_sensors to None, run_after=None
[2025-02-20T14:02:05.875+0000] {processor.py:208} INFO - Processing /home/airflow/.local/lib/python3.12/site-packages/airflow/example_dags/example_sensors.py took 0.092 seconds
[2025-02-20T14:02:36.104+0000] {processor.py:186} INFO - Started process (PID=8166) to work on /home/airflow/.local/lib/python3.12/site-packages/airflow/example_dags/example_sensors.py
[2025-02-20T14:02:36.105+0000] {processor.py:914} INFO - Processing file /home/airflow/.local/lib/python3.12/site-packages/airflow/example_dags/example_sensors.py for tasks to queue
[2025-02-20T14:02:36.106+0000] {logging_mixin.py:190} INFO - [2025-02-20T14:02:36.106+0000] {dagbag.py:588} INFO - Filling up the DagBag from /home/airflow/.local/lib/python3.12/site-packages/airflow/example_dags/example_sensors.py
[2025-02-20T14:02:36.116+0000] {processor.py:925} INFO - DAG(s) 'example_sensors' retrieved from /home/airflow/.local/lib/python3.12/site-packages/airflow/example_dags/example_sensors.py
[2025-02-20T14:02:36.145+0000] {logging_mixin.py:190} INFO - [2025-02-20T14:02:36.145+0000] {dag.py:3239} INFO - Sync 1 DAGs
[2025-02-20T14:02:36.156+0000] {logging_mixin.py:190} INFO - [2025-02-20T14:02:36.156+0000] {dag.py:4180} INFO - Setting next_dagrun for example_sensors to None, run_after=None
[2025-02-20T14:02:36.174+0000] {processor.py:208} INFO - Processing /home/airflow/.local/lib/python3.12/site-packages/airflow/example_dags/example_sensors.py took 0.074 seconds
[2025-02-20T14:03:06.269+0000] {processor.py:186} INFO - Started process (PID=8242) to work on /home/airflow/.local/lib/python3.12/site-packages/airflow/example_dags/example_sensors.py
[2025-02-20T14:03:06.270+0000] {processor.py:914} INFO - Processing file /home/airflow/.local/lib/python3.12/site-packages/airflow/example_dags/example_sensors.py for tasks to queue
[2025-02-20T14:03:06.272+0000] {logging_mixin.py:190} INFO - [2025-02-20T14:03:06.272+0000] {dagbag.py:588} INFO - Filling up the DagBag from /home/airflow/.local/lib/python3.12/site-packages/airflow/example_dags/example_sensors.py
[2025-02-20T14:03:06.281+0000] {processor.py:925} INFO - DAG(s) 'example_sensors' retrieved from /home/airflow/.local/lib/python3.12/site-packages/airflow/example_dags/example_sensors.py
[2025-02-20T14:03:06.303+0000] {logging_mixin.py:190} INFO - [2025-02-20T14:03:06.302+0000] {dag.py:3239} INFO - Sync 1 DAGs
[2025-02-20T14:03:06.314+0000] {logging_mixin.py:190} INFO - [2025-02-20T14:03:06.314+0000] {dag.py:4180} INFO - Setting next_dagrun for example_sensors to None, run_after=None
[2025-02-20T14:03:06.331+0000] {processor.py:208} INFO - Processing /home/airflow/.local/lib/python3.12/site-packages/airflow/example_dags/example_sensors.py took 0.066 seconds
[2025-02-20T14:44:18.986+0000] {processor.py:186} INFO - Started process (PID=8343) to work on /home/airflow/.local/lib/python3.12/site-packages/airflow/example_dags/example_sensors.py
[2025-02-20T14:44:18.988+0000] {processor.py:914} INFO - Processing file /home/airflow/.local/lib/python3.12/site-packages/airflow/example_dags/example_sensors.py for tasks to queue
[2025-02-20T14:44:18.989+0000] {logging_mixin.py:190} INFO - [2025-02-20T14:44:18.989+0000] {dagbag.py:588} INFO - Filling up the DagBag from /home/airflow/.local/lib/python3.12/site-packages/airflow/example_dags/example_sensors.py
[2025-02-20T14:44:19.004+0000] {processor.py:925} INFO - DAG(s) 'example_sensors' retrieved from /home/airflow/.local/lib/python3.12/site-packages/airflow/example_dags/example_sensors.py
[2025-02-20T14:44:19.034+0000] {logging_mixin.py:190} INFO - [2025-02-20T14:44:19.033+0000] {dag.py:3239} INFO - Sync 1 DAGs
[2025-02-20T14:44:19.046+0000] {logging_mixin.py:190} INFO - [2025-02-20T14:44:19.046+0000] {dag.py:4180} INFO - Setting next_dagrun for example_sensors to None, run_after=None
[2025-02-20T14:44:19.067+0000] {processor.py:208} INFO - Processing /home/airflow/.local/lib/python3.12/site-packages/airflow/example_dags/example_sensors.py took 0.086 seconds
[2025-02-20T14:44:49.865+0000] {processor.py:186} INFO - Started process (PID=8419) to work on /home/airflow/.local/lib/python3.12/site-packages/airflow/example_dags/example_sensors.py
[2025-02-20T14:44:49.866+0000] {processor.py:914} INFO - Processing file /home/airflow/.local/lib/python3.12/site-packages/airflow/example_dags/example_sensors.py for tasks to queue
[2025-02-20T14:44:49.868+0000] {logging_mixin.py:190} INFO - [2025-02-20T14:44:49.867+0000] {dagbag.py:588} INFO - Filling up the DagBag from /home/airflow/.local/lib/python3.12/site-packages/airflow/example_dags/example_sensors.py
[2025-02-20T14:44:49.876+0000] {processor.py:925} INFO - DAG(s) 'example_sensors' retrieved from /home/airflow/.local/lib/python3.12/site-packages/airflow/example_dags/example_sensors.py
[2025-02-20T14:44:49.897+0000] {logging_mixin.py:190} INFO - [2025-02-20T14:44:49.896+0000] {dag.py:3239} INFO - Sync 1 DAGs
[2025-02-20T14:44:49.909+0000] {logging_mixin.py:190} INFO - [2025-02-20T14:44:49.909+0000] {dag.py:4180} INFO - Setting next_dagrun for example_sensors to None, run_after=None
[2025-02-20T14:44:49.926+0000] {processor.py:208} INFO - Processing /home/airflow/.local/lib/python3.12/site-packages/airflow/example_dags/example_sensors.py took 0.065 seconds
[2025-02-20T14:45:20.175+0000] {processor.py:186} INFO - Started process (PID=8495) to work on /home/airflow/.local/lib/python3.12/site-packages/airflow/example_dags/example_sensors.py
[2025-02-20T14:45:20.176+0000] {processor.py:914} INFO - Processing file /home/airflow/.local/lib/python3.12/site-packages/airflow/example_dags/example_sensors.py for tasks to queue
[2025-02-20T14:45:20.177+0000] {logging_mixin.py:190} INFO - [2025-02-20T14:45:20.177+0000] {dagbag.py:588} INFO - Filling up the DagBag from /home/airflow/.local/lib/python3.12/site-packages/airflow/example_dags/example_sensors.py
[2025-02-20T14:45:20.186+0000] {processor.py:925} INFO - DAG(s) 'example_sensors' retrieved from /home/airflow/.local/lib/python3.12/site-packages/airflow/example_dags/example_sensors.py
[2025-02-20T14:45:20.206+0000] {logging_mixin.py:190} INFO - [2025-02-20T14:45:20.206+0000] {dag.py:3239} INFO - Sync 1 DAGs
[2025-02-20T14:45:20.223+0000] {logging_mixin.py:190} INFO - [2025-02-20T14:45:20.222+0000] {dag.py:4180} INFO - Setting next_dagrun for example_sensors to None, run_after=None
[2025-02-20T14:45:20.244+0000] {processor.py:208} INFO - Processing /home/airflow/.local/lib/python3.12/site-packages/airflow/example_dags/example_sensors.py took 0.074 seconds
[2025-02-20T18:44:24.342+0000] {processor.py:186} INFO - Started process (PID=8566) to work on /home/airflow/.local/lib/python3.12/site-packages/airflow/example_dags/example_sensors.py
[2025-02-20T18:44:24.344+0000] {processor.py:914} INFO - Processing file /home/airflow/.local/lib/python3.12/site-packages/airflow/example_dags/example_sensors.py for tasks to queue
[2025-02-20T18:44:24.346+0000] {logging_mixin.py:190} INFO - [2025-02-20T18:44:24.346+0000] {dagbag.py:588} INFO - Filling up the DagBag from /home/airflow/.local/lib/python3.12/site-packages/airflow/example_dags/example_sensors.py
[2025-02-20T18:44:24.356+0000] {processor.py:925} INFO - DAG(s) 'example_sensors' retrieved from /home/airflow/.local/lib/python3.12/site-packages/airflow/example_dags/example_sensors.py
[2025-02-20T18:44:24.382+0000] {logging_mixin.py:190} INFO - [2025-02-20T18:44:24.382+0000] {dag.py:3239} INFO - Sync 1 DAGs
[2025-02-20T18:44:24.396+0000] {logging_mixin.py:190} INFO - [2025-02-20T18:44:24.396+0000] {dag.py:4180} INFO - Setting next_dagrun for example_sensors to None, run_after=None
[2025-02-20T18:44:24.421+0000] {processor.py:208} INFO - Processing /home/airflow/.local/lib/python3.12/site-packages/airflow/example_dags/example_sensors.py took 0.085 seconds
