[2025-02-20T13:41:11.335+0000] {processor.py:186} INFO - Started process (PID=4971) to work on /home/airflow/.local/lib/python3.12/site-packages/airflow/example_dags/example_python_operator.py
[2025-02-20T13:41:11.337+0000] {processor.py:914} INFO - Processing file /home/airflow/.local/lib/python3.12/site-packages/airflow/example_dags/example_python_operator.py for tasks to queue
[2025-02-20T13:41:11.339+0000] {logging_mixin.py:190} INFO - [2025-02-20T13:41:11.339+0000] {dagbag.py:588} INFO - Filling up the DagBag from /home/airflow/.local/lib/python3.12/site-packages/airflow/example_dags/example_python_operator.py
[2025-02-20T13:41:11.390+0000] {processor.py:925} INFO - DAG(s) 'example_python_operator' retrieved from /home/airflow/.local/lib/python3.12/site-packages/airflow/example_dags/example_python_operator.py
[2025-02-20T13:41:11.465+0000] {logging_mixin.py:190} INFO - [2025-02-20T13:41:11.464+0000] {dag.py:3239} INFO - Sync 1 DAGs
[2025-02-20T13:41:11.521+0000] {logging_mixin.py:190} INFO - [2025-02-20T13:41:11.521+0000] {dag.py:4180} INFO - Setting next_dagrun for example_python_operator to None, run_after=None
[2025-02-20T13:41:11.579+0000] {processor.py:208} INFO - Processing /home/airflow/.local/lib/python3.12/site-packages/airflow/example_dags/example_python_operator.py took 0.277 seconds
[2025-02-20T13:41:41.809+0000] {processor.py:186} INFO - Started process (PID=5034) to work on /home/airflow/.local/lib/python3.12/site-packages/airflow/example_dags/example_python_operator.py
[2025-02-20T13:41:41.811+0000] {processor.py:914} INFO - Processing file /home/airflow/.local/lib/python3.12/site-packages/airflow/example_dags/example_python_operator.py for tasks to queue
[2025-02-20T13:41:41.813+0000] {logging_mixin.py:190} INFO - [2025-02-20T13:41:41.812+0000] {dagbag.py:588} INFO - Filling up the DagBag from /home/airflow/.local/lib/python3.12/site-packages/airflow/example_dags/example_python_operator.py
[2025-02-20T13:41:41.825+0000] {processor.py:925} INFO - DAG(s) 'example_python_operator' retrieved from /home/airflow/.local/lib/python3.12/site-packages/airflow/example_dags/example_python_operator.py
[2025-02-20T13:41:41.855+0000] {logging_mixin.py:190} INFO - [2025-02-20T13:41:41.855+0000] {dag.py:3239} INFO - Sync 1 DAGs
[2025-02-20T13:41:41.875+0000] {logging_mixin.py:190} INFO - [2025-02-20T13:41:41.874+0000] {dag.py:4180} INFO - Setting next_dagrun for example_python_operator to None, run_after=None
[2025-02-20T13:41:41.899+0000] {processor.py:208} INFO - Processing /home/airflow/.local/lib/python3.12/site-packages/airflow/example_dags/example_python_operator.py took 0.096 seconds
[2025-02-20T13:42:11.995+0000] {processor.py:186} INFO - Started process (PID=5110) to work on /home/airflow/.local/lib/python3.12/site-packages/airflow/example_dags/example_python_operator.py
[2025-02-20T13:42:11.996+0000] {processor.py:914} INFO - Processing file /home/airflow/.local/lib/python3.12/site-packages/airflow/example_dags/example_python_operator.py for tasks to queue
[2025-02-20T13:42:11.998+0000] {logging_mixin.py:190} INFO - [2025-02-20T13:42:11.998+0000] {dagbag.py:588} INFO - Filling up the DagBag from /home/airflow/.local/lib/python3.12/site-packages/airflow/example_dags/example_python_operator.py
[2025-02-20T13:42:12.011+0000] {processor.py:925} INFO - DAG(s) 'example_python_operator' retrieved from /home/airflow/.local/lib/python3.12/site-packages/airflow/example_dags/example_python_operator.py
[2025-02-20T13:42:12.041+0000] {logging_mixin.py:190} INFO - [2025-02-20T13:42:12.041+0000] {dag.py:3239} INFO - Sync 1 DAGs
[2025-02-20T13:42:12.058+0000] {logging_mixin.py:190} INFO - [2025-02-20T13:42:12.058+0000] {dag.py:4180} INFO - Setting next_dagrun for example_python_operator to None, run_after=None
[2025-02-20T13:42:12.084+0000] {processor.py:208} INFO - Processing /home/airflow/.local/lib/python3.12/site-packages/airflow/example_dags/example_python_operator.py took 0.095 seconds
[2025-02-20T13:42:42.399+0000] {processor.py:186} INFO - Started process (PID=5186) to work on /home/airflow/.local/lib/python3.12/site-packages/airflow/example_dags/example_python_operator.py
[2025-02-20T13:42:42.400+0000] {processor.py:914} INFO - Processing file /home/airflow/.local/lib/python3.12/site-packages/airflow/example_dags/example_python_operator.py for tasks to queue
[2025-02-20T13:42:42.402+0000] {logging_mixin.py:190} INFO - [2025-02-20T13:42:42.401+0000] {dagbag.py:588} INFO - Filling up the DagBag from /home/airflow/.local/lib/python3.12/site-packages/airflow/example_dags/example_python_operator.py
[2025-02-20T13:42:42.413+0000] {processor.py:925} INFO - DAG(s) 'example_python_operator' retrieved from /home/airflow/.local/lib/python3.12/site-packages/airflow/example_dags/example_python_operator.py
[2025-02-20T13:42:42.436+0000] {logging_mixin.py:190} INFO - [2025-02-20T13:42:42.436+0000] {dag.py:3239} INFO - Sync 1 DAGs
[2025-02-20T13:42:42.453+0000] {logging_mixin.py:190} INFO - [2025-02-20T13:42:42.453+0000] {dag.py:4180} INFO - Setting next_dagrun for example_python_operator to None, run_after=None
[2025-02-20T13:42:42.474+0000] {processor.py:208} INFO - Processing /home/airflow/.local/lib/python3.12/site-packages/airflow/example_dags/example_python_operator.py took 0.080 seconds
[2025-02-20T13:43:13.256+0000] {processor.py:186} INFO - Started process (PID=5263) to work on /home/airflow/.local/lib/python3.12/site-packages/airflow/example_dags/example_python_operator.py
[2025-02-20T13:43:13.257+0000] {processor.py:914} INFO - Processing file /home/airflow/.local/lib/python3.12/site-packages/airflow/example_dags/example_python_operator.py for tasks to queue
[2025-02-20T13:43:13.259+0000] {logging_mixin.py:190} INFO - [2025-02-20T13:43:13.258+0000] {dagbag.py:588} INFO - Filling up the DagBag from /home/airflow/.local/lib/python3.12/site-packages/airflow/example_dags/example_python_operator.py
[2025-02-20T13:43:13.269+0000] {processor.py:925} INFO - DAG(s) 'example_python_operator' retrieved from /home/airflow/.local/lib/python3.12/site-packages/airflow/example_dags/example_python_operator.py
[2025-02-20T13:43:13.287+0000] {logging_mixin.py:190} INFO - [2025-02-20T13:43:13.287+0000] {dag.py:3239} INFO - Sync 1 DAGs
[2025-02-20T13:43:13.301+0000] {logging_mixin.py:190} INFO - [2025-02-20T13:43:13.301+0000] {dag.py:4180} INFO - Setting next_dagrun for example_python_operator to None, run_after=None
[2025-02-20T13:43:13.317+0000] {processor.py:208} INFO - Processing /home/airflow/.local/lib/python3.12/site-packages/airflow/example_dags/example_python_operator.py took 0.066 seconds
[2025-02-20T13:43:43.392+0000] {processor.py:186} INFO - Started process (PID=5338) to work on /home/airflow/.local/lib/python3.12/site-packages/airflow/example_dags/example_python_operator.py
[2025-02-20T13:43:43.393+0000] {processor.py:914} INFO - Processing file /home/airflow/.local/lib/python3.12/site-packages/airflow/example_dags/example_python_operator.py for tasks to queue
[2025-02-20T13:43:43.395+0000] {logging_mixin.py:190} INFO - [2025-02-20T13:43:43.395+0000] {dagbag.py:588} INFO - Filling up the DagBag from /home/airflow/.local/lib/python3.12/site-packages/airflow/example_dags/example_python_operator.py
[2025-02-20T13:43:43.407+0000] {processor.py:925} INFO - DAG(s) 'example_python_operator' retrieved from /home/airflow/.local/lib/python3.12/site-packages/airflow/example_dags/example_python_operator.py
[2025-02-20T13:43:43.430+0000] {logging_mixin.py:190} INFO - [2025-02-20T13:43:43.429+0000] {dag.py:3239} INFO - Sync 1 DAGs
[2025-02-20T13:43:43.443+0000] {logging_mixin.py:190} INFO - [2025-02-20T13:43:43.442+0000] {dag.py:4180} INFO - Setting next_dagrun for example_python_operator to None, run_after=None
[2025-02-20T13:43:43.463+0000] {processor.py:208} INFO - Processing /home/airflow/.local/lib/python3.12/site-packages/airflow/example_dags/example_python_operator.py took 0.076 seconds
[2025-02-20T13:44:14.085+0000] {processor.py:186} INFO - Started process (PID=5412) to work on /home/airflow/.local/lib/python3.12/site-packages/airflow/example_dags/example_python_operator.py
[2025-02-20T13:44:14.086+0000] {processor.py:914} INFO - Processing file /home/airflow/.local/lib/python3.12/site-packages/airflow/example_dags/example_python_operator.py for tasks to queue
[2025-02-20T13:44:14.088+0000] {logging_mixin.py:190} INFO - [2025-02-20T13:44:14.087+0000] {dagbag.py:588} INFO - Filling up the DagBag from /home/airflow/.local/lib/python3.12/site-packages/airflow/example_dags/example_python_operator.py
[2025-02-20T13:44:14.100+0000] {processor.py:925} INFO - DAG(s) 'example_python_operator' retrieved from /home/airflow/.local/lib/python3.12/site-packages/airflow/example_dags/example_python_operator.py
[2025-02-20T13:44:14.121+0000] {logging_mixin.py:190} INFO - [2025-02-20T13:44:14.121+0000] {dag.py:3239} INFO - Sync 1 DAGs
[2025-02-20T13:44:14.136+0000] {logging_mixin.py:190} INFO - [2025-02-20T13:44:14.135+0000] {dag.py:4180} INFO - Setting next_dagrun for example_python_operator to None, run_after=None
[2025-02-20T13:44:14.155+0000] {processor.py:208} INFO - Processing /home/airflow/.local/lib/python3.12/site-packages/airflow/example_dags/example_python_operator.py took 0.076 seconds
[2025-02-20T13:44:44.374+0000] {processor.py:186} INFO - Started process (PID=5484) to work on /home/airflow/.local/lib/python3.12/site-packages/airflow/example_dags/example_python_operator.py
[2025-02-20T13:44:44.376+0000] {processor.py:914} INFO - Processing file /home/airflow/.local/lib/python3.12/site-packages/airflow/example_dags/example_python_operator.py for tasks to queue
[2025-02-20T13:44:44.378+0000] {logging_mixin.py:190} INFO - [2025-02-20T13:44:44.377+0000] {dagbag.py:588} INFO - Filling up the DagBag from /home/airflow/.local/lib/python3.12/site-packages/airflow/example_dags/example_python_operator.py
[2025-02-20T13:44:44.391+0000] {processor.py:925} INFO - DAG(s) 'example_python_operator' retrieved from /home/airflow/.local/lib/python3.12/site-packages/airflow/example_dags/example_python_operator.py
[2025-02-20T13:44:44.418+0000] {logging_mixin.py:190} INFO - [2025-02-20T13:44:44.417+0000] {dag.py:3239} INFO - Sync 1 DAGs
[2025-02-20T13:44:44.431+0000] {logging_mixin.py:190} INFO - [2025-02-20T13:44:44.431+0000] {dag.py:4180} INFO - Setting next_dagrun for example_python_operator to None, run_after=None
[2025-02-20T13:44:44.453+0000] {processor.py:208} INFO - Processing /home/airflow/.local/lib/python3.12/site-packages/airflow/example_dags/example_python_operator.py took 0.084 seconds
[2025-02-20T13:45:14.932+0000] {processor.py:186} INFO - Started process (PID=5560) to work on /home/airflow/.local/lib/python3.12/site-packages/airflow/example_dags/example_python_operator.py
[2025-02-20T13:45:14.933+0000] {processor.py:914} INFO - Processing file /home/airflow/.local/lib/python3.12/site-packages/airflow/example_dags/example_python_operator.py for tasks to queue
[2025-02-20T13:45:14.934+0000] {logging_mixin.py:190} INFO - [2025-02-20T13:45:14.934+0000] {dagbag.py:588} INFO - Filling up the DagBag from /home/airflow/.local/lib/python3.12/site-packages/airflow/example_dags/example_python_operator.py
[2025-02-20T13:45:14.944+0000] {processor.py:925} INFO - DAG(s) 'example_python_operator' retrieved from /home/airflow/.local/lib/python3.12/site-packages/airflow/example_dags/example_python_operator.py
[2025-02-20T13:45:14.964+0000] {logging_mixin.py:190} INFO - [2025-02-20T13:45:14.964+0000] {dag.py:3239} INFO - Sync 1 DAGs
[2025-02-20T13:45:14.977+0000] {logging_mixin.py:190} INFO - [2025-02-20T13:45:14.977+0000] {dag.py:4180} INFO - Setting next_dagrun for example_python_operator to None, run_after=None
[2025-02-20T13:45:14.995+0000] {processor.py:208} INFO - Processing /home/airflow/.local/lib/python3.12/site-packages/airflow/example_dags/example_python_operator.py took 0.068 seconds
[2025-02-20T13:45:45.071+0000] {processor.py:186} INFO - Started process (PID=5633) to work on /home/airflow/.local/lib/python3.12/site-packages/airflow/example_dags/example_python_operator.py
[2025-02-20T13:45:45.072+0000] {processor.py:914} INFO - Processing file /home/airflow/.local/lib/python3.12/site-packages/airflow/example_dags/example_python_operator.py for tasks to queue
[2025-02-20T13:45:45.074+0000] {logging_mixin.py:190} INFO - [2025-02-20T13:45:45.074+0000] {dagbag.py:588} INFO - Filling up the DagBag from /home/airflow/.local/lib/python3.12/site-packages/airflow/example_dags/example_python_operator.py
[2025-02-20T13:45:45.085+0000] {processor.py:925} INFO - DAG(s) 'example_python_operator' retrieved from /home/airflow/.local/lib/python3.12/site-packages/airflow/example_dags/example_python_operator.py
[2025-02-20T13:45:45.110+0000] {logging_mixin.py:190} INFO - [2025-02-20T13:45:45.110+0000] {dag.py:3239} INFO - Sync 1 DAGs
[2025-02-20T13:45:45.124+0000] {logging_mixin.py:190} INFO - [2025-02-20T13:45:45.124+0000] {dag.py:4180} INFO - Setting next_dagrun for example_python_operator to None, run_after=None
[2025-02-20T13:45:45.147+0000] {processor.py:208} INFO - Processing /home/airflow/.local/lib/python3.12/site-packages/airflow/example_dags/example_python_operator.py took 0.082 seconds
[2025-02-20T13:46:15.240+0000] {processor.py:186} INFO - Started process (PID=5709) to work on /home/airflow/.local/lib/python3.12/site-packages/airflow/example_dags/example_python_operator.py
[2025-02-20T13:46:15.241+0000] {processor.py:914} INFO - Processing file /home/airflow/.local/lib/python3.12/site-packages/airflow/example_dags/example_python_operator.py for tasks to queue
[2025-02-20T13:46:15.243+0000] {logging_mixin.py:190} INFO - [2025-02-20T13:46:15.243+0000] {dagbag.py:588} INFO - Filling up the DagBag from /home/airflow/.local/lib/python3.12/site-packages/airflow/example_dags/example_python_operator.py
[2025-02-20T13:46:15.252+0000] {processor.py:925} INFO - DAG(s) 'example_python_operator' retrieved from /home/airflow/.local/lib/python3.12/site-packages/airflow/example_dags/example_python_operator.py
[2025-02-20T13:46:15.271+0000] {logging_mixin.py:190} INFO - [2025-02-20T13:46:15.271+0000] {dag.py:3239} INFO - Sync 1 DAGs
[2025-02-20T13:46:15.283+0000] {logging_mixin.py:190} INFO - [2025-02-20T13:46:15.283+0000] {dag.py:4180} INFO - Setting next_dagrun for example_python_operator to None, run_after=None
[2025-02-20T13:46:15.301+0000] {processor.py:208} INFO - Processing /home/airflow/.local/lib/python3.12/site-packages/airflow/example_dags/example_python_operator.py took 0.067 seconds
[2025-02-20T13:46:45.435+0000] {processor.py:186} INFO - Started process (PID=5785) to work on /home/airflow/.local/lib/python3.12/site-packages/airflow/example_dags/example_python_operator.py
[2025-02-20T13:46:45.436+0000] {processor.py:914} INFO - Processing file /home/airflow/.local/lib/python3.12/site-packages/airflow/example_dags/example_python_operator.py for tasks to queue
[2025-02-20T13:46:45.438+0000] {logging_mixin.py:190} INFO - [2025-02-20T13:46:45.438+0000] {dagbag.py:588} INFO - Filling up the DagBag from /home/airflow/.local/lib/python3.12/site-packages/airflow/example_dags/example_python_operator.py
[2025-02-20T13:46:45.452+0000] {processor.py:925} INFO - DAG(s) 'example_python_operator' retrieved from /home/airflow/.local/lib/python3.12/site-packages/airflow/example_dags/example_python_operator.py
[2025-02-20T13:46:45.475+0000] {logging_mixin.py:190} INFO - [2025-02-20T13:46:45.475+0000] {dag.py:3239} INFO - Sync 1 DAGs
[2025-02-20T13:46:45.489+0000] {logging_mixin.py:190} INFO - [2025-02-20T13:46:45.489+0000] {dag.py:4180} INFO - Setting next_dagrun for example_python_operator to None, run_after=None
[2025-02-20T13:46:45.508+0000] {processor.py:208} INFO - Processing /home/airflow/.local/lib/python3.12/site-packages/airflow/example_dags/example_python_operator.py took 0.079 seconds
[2025-02-20T13:47:15.659+0000] {processor.py:186} INFO - Started process (PID=5860) to work on /home/airflow/.local/lib/python3.12/site-packages/airflow/example_dags/example_python_operator.py
[2025-02-20T13:47:15.660+0000] {processor.py:914} INFO - Processing file /home/airflow/.local/lib/python3.12/site-packages/airflow/example_dags/example_python_operator.py for tasks to queue
[2025-02-20T13:47:15.662+0000] {logging_mixin.py:190} INFO - [2025-02-20T13:47:15.661+0000] {dagbag.py:588} INFO - Filling up the DagBag from /home/airflow/.local/lib/python3.12/site-packages/airflow/example_dags/example_python_operator.py
[2025-02-20T13:47:15.672+0000] {processor.py:925} INFO - DAG(s) 'example_python_operator' retrieved from /home/airflow/.local/lib/python3.12/site-packages/airflow/example_dags/example_python_operator.py
[2025-02-20T13:47:15.693+0000] {logging_mixin.py:190} INFO - [2025-02-20T13:47:15.692+0000] {dag.py:3239} INFO - Sync 1 DAGs
[2025-02-20T13:47:15.706+0000] {logging_mixin.py:190} INFO - [2025-02-20T13:47:15.705+0000] {dag.py:4180} INFO - Setting next_dagrun for example_python_operator to None, run_after=None
[2025-02-20T13:47:15.726+0000] {processor.py:208} INFO - Processing /home/airflow/.local/lib/python3.12/site-packages/airflow/example_dags/example_python_operator.py took 0.072 seconds
[2025-02-20T13:47:46.479+0000] {processor.py:186} INFO - Started process (PID=5936) to work on /home/airflow/.local/lib/python3.12/site-packages/airflow/example_dags/example_python_operator.py
[2025-02-20T13:47:46.481+0000] {processor.py:914} INFO - Processing file /home/airflow/.local/lib/python3.12/site-packages/airflow/example_dags/example_python_operator.py for tasks to queue
[2025-02-20T13:47:46.482+0000] {logging_mixin.py:190} INFO - [2025-02-20T13:47:46.482+0000] {dagbag.py:588} INFO - Filling up the DagBag from /home/airflow/.local/lib/python3.12/site-packages/airflow/example_dags/example_python_operator.py
[2025-02-20T13:47:46.494+0000] {processor.py:925} INFO - DAG(s) 'example_python_operator' retrieved from /home/airflow/.local/lib/python3.12/site-packages/airflow/example_dags/example_python_operator.py
[2025-02-20T13:47:46.517+0000] {logging_mixin.py:190} INFO - [2025-02-20T13:47:46.516+0000] {dag.py:3239} INFO - Sync 1 DAGs
[2025-02-20T13:47:46.529+0000] {logging_mixin.py:190} INFO - [2025-02-20T13:47:46.529+0000] {dag.py:4180} INFO - Setting next_dagrun for example_python_operator to None, run_after=None
[2025-02-20T13:47:46.551+0000] {processor.py:208} INFO - Processing /home/airflow/.local/lib/python3.12/site-packages/airflow/example_dags/example_python_operator.py took 0.078 seconds
[2025-02-20T13:48:16.854+0000] {processor.py:186} INFO - Started process (PID=6012) to work on /home/airflow/.local/lib/python3.12/site-packages/airflow/example_dags/example_python_operator.py
[2025-02-20T13:48:16.855+0000] {processor.py:914} INFO - Processing file /home/airflow/.local/lib/python3.12/site-packages/airflow/example_dags/example_python_operator.py for tasks to queue
[2025-02-20T13:48:16.857+0000] {logging_mixin.py:190} INFO - [2025-02-20T13:48:16.857+0000] {dagbag.py:588} INFO - Filling up the DagBag from /home/airflow/.local/lib/python3.12/site-packages/airflow/example_dags/example_python_operator.py
[2025-02-20T13:48:16.871+0000] {processor.py:925} INFO - DAG(s) 'example_python_operator' retrieved from /home/airflow/.local/lib/python3.12/site-packages/airflow/example_dags/example_python_operator.py
[2025-02-20T13:48:16.889+0000] {logging_mixin.py:190} INFO - [2025-02-20T13:48:16.889+0000] {dag.py:3239} INFO - Sync 1 DAGs
[2025-02-20T13:48:16.900+0000] {logging_mixin.py:190} INFO - [2025-02-20T13:48:16.900+0000] {dag.py:4180} INFO - Setting next_dagrun for example_python_operator to None, run_after=None
[2025-02-20T13:48:16.918+0000] {processor.py:208} INFO - Processing /home/airflow/.local/lib/python3.12/site-packages/airflow/example_dags/example_python_operator.py took 0.068 seconds
[2025-02-20T13:48:47.600+0000] {processor.py:186} INFO - Started process (PID=6087) to work on /home/airflow/.local/lib/python3.12/site-packages/airflow/example_dags/example_python_operator.py
[2025-02-20T13:48:47.601+0000] {processor.py:914} INFO - Processing file /home/airflow/.local/lib/python3.12/site-packages/airflow/example_dags/example_python_operator.py for tasks to queue
[2025-02-20T13:48:47.602+0000] {logging_mixin.py:190} INFO - [2025-02-20T13:48:47.602+0000] {dagbag.py:588} INFO - Filling up the DagBag from /home/airflow/.local/lib/python3.12/site-packages/airflow/example_dags/example_python_operator.py
[2025-02-20T13:48:47.611+0000] {processor.py:925} INFO - DAG(s) 'example_python_operator' retrieved from /home/airflow/.local/lib/python3.12/site-packages/airflow/example_dags/example_python_operator.py
[2025-02-20T13:48:47.629+0000] {logging_mixin.py:190} INFO - [2025-02-20T13:48:47.629+0000] {dag.py:3239} INFO - Sync 1 DAGs
[2025-02-20T13:48:47.640+0000] {logging_mixin.py:190} INFO - [2025-02-20T13:48:47.639+0000] {dag.py:4180} INFO - Setting next_dagrun for example_python_operator to None, run_after=None
[2025-02-20T13:48:47.656+0000] {processor.py:208} INFO - Processing /home/airflow/.local/lib/python3.12/site-packages/airflow/example_dags/example_python_operator.py took 0.060 seconds
[2025-02-20T13:49:17.997+0000] {processor.py:186} INFO - Started process (PID=6163) to work on /home/airflow/.local/lib/python3.12/site-packages/airflow/example_dags/example_python_operator.py
[2025-02-20T13:49:17.999+0000] {processor.py:914} INFO - Processing file /home/airflow/.local/lib/python3.12/site-packages/airflow/example_dags/example_python_operator.py for tasks to queue
[2025-02-20T13:49:18.000+0000] {logging_mixin.py:190} INFO - [2025-02-20T13:49:18.000+0000] {dagbag.py:588} INFO - Filling up the DagBag from /home/airflow/.local/lib/python3.12/site-packages/airflow/example_dags/example_python_operator.py
[2025-02-20T13:49:18.009+0000] {processor.py:925} INFO - DAG(s) 'example_python_operator' retrieved from /home/airflow/.local/lib/python3.12/site-packages/airflow/example_dags/example_python_operator.py
[2025-02-20T13:49:18.027+0000] {logging_mixin.py:190} INFO - [2025-02-20T13:49:18.027+0000] {dag.py:3239} INFO - Sync 1 DAGs
[2025-02-20T13:49:18.038+0000] {logging_mixin.py:190} INFO - [2025-02-20T13:49:18.038+0000] {dag.py:4180} INFO - Setting next_dagrun for example_python_operator to None, run_after=None
[2025-02-20T13:49:18.056+0000] {processor.py:208} INFO - Processing /home/airflow/.local/lib/python3.12/site-packages/airflow/example_dags/example_python_operator.py took 0.062 seconds
[2025-02-20T13:49:48.408+0000] {processor.py:186} INFO - Started process (PID=6239) to work on /home/airflow/.local/lib/python3.12/site-packages/airflow/example_dags/example_python_operator.py
[2025-02-20T13:49:48.409+0000] {processor.py:914} INFO - Processing file /home/airflow/.local/lib/python3.12/site-packages/airflow/example_dags/example_python_operator.py for tasks to queue
[2025-02-20T13:49:48.410+0000] {logging_mixin.py:190} INFO - [2025-02-20T13:49:48.410+0000] {dagbag.py:588} INFO - Filling up the DagBag from /home/airflow/.local/lib/python3.12/site-packages/airflow/example_dags/example_python_operator.py
[2025-02-20T13:49:48.421+0000] {processor.py:925} INFO - DAG(s) 'example_python_operator' retrieved from /home/airflow/.local/lib/python3.12/site-packages/airflow/example_dags/example_python_operator.py
[2025-02-20T13:49:48.443+0000] {logging_mixin.py:190} INFO - [2025-02-20T13:49:48.443+0000] {dag.py:3239} INFO - Sync 1 DAGs
[2025-02-20T13:49:48.458+0000] {logging_mixin.py:190} INFO - [2025-02-20T13:49:48.458+0000] {dag.py:4180} INFO - Setting next_dagrun for example_python_operator to None, run_after=None
[2025-02-20T13:49:48.479+0000] {processor.py:208} INFO - Processing /home/airflow/.local/lib/python3.12/site-packages/airflow/example_dags/example_python_operator.py took 0.077 seconds
[2025-02-20T13:50:18.737+0000] {processor.py:186} INFO - Started process (PID=6315) to work on /home/airflow/.local/lib/python3.12/site-packages/airflow/example_dags/example_python_operator.py
[2025-02-20T13:50:18.738+0000] {processor.py:914} INFO - Processing file /home/airflow/.local/lib/python3.12/site-packages/airflow/example_dags/example_python_operator.py for tasks to queue
[2025-02-20T13:50:18.739+0000] {logging_mixin.py:190} INFO - [2025-02-20T13:50:18.739+0000] {dagbag.py:588} INFO - Filling up the DagBag from /home/airflow/.local/lib/python3.12/site-packages/airflow/example_dags/example_python_operator.py
[2025-02-20T13:50:18.751+0000] {processor.py:925} INFO - DAG(s) 'example_python_operator' retrieved from /home/airflow/.local/lib/python3.12/site-packages/airflow/example_dags/example_python_operator.py
[2025-02-20T13:50:18.772+0000] {logging_mixin.py:190} INFO - [2025-02-20T13:50:18.771+0000] {dag.py:3239} INFO - Sync 1 DAGs
[2025-02-20T13:50:18.784+0000] {logging_mixin.py:190} INFO - [2025-02-20T13:50:18.784+0000] {dag.py:4180} INFO - Setting next_dagrun for example_python_operator to None, run_after=None
[2025-02-20T13:50:18.802+0000] {processor.py:208} INFO - Processing /home/airflow/.local/lib/python3.12/site-packages/airflow/example_dags/example_python_operator.py took 0.071 seconds
[2025-02-20T13:50:49.296+0000] {processor.py:186} INFO - Started process (PID=6397) to work on /home/airflow/.local/lib/python3.12/site-packages/airflow/example_dags/example_python_operator.py
[2025-02-20T13:50:49.297+0000] {processor.py:914} INFO - Processing file /home/airflow/.local/lib/python3.12/site-packages/airflow/example_dags/example_python_operator.py for tasks to queue
[2025-02-20T13:50:49.299+0000] {logging_mixin.py:190} INFO - [2025-02-20T13:50:49.299+0000] {dagbag.py:588} INFO - Filling up the DagBag from /home/airflow/.local/lib/python3.12/site-packages/airflow/example_dags/example_python_operator.py
[2025-02-20T13:50:49.309+0000] {processor.py:925} INFO - DAG(s) 'example_python_operator' retrieved from /home/airflow/.local/lib/python3.12/site-packages/airflow/example_dags/example_python_operator.py
[2025-02-20T13:50:49.329+0000] {logging_mixin.py:190} INFO - [2025-02-20T13:50:49.329+0000] {dag.py:3239} INFO - Sync 1 DAGs
[2025-02-20T13:50:49.344+0000] {logging_mixin.py:190} INFO - [2025-02-20T13:50:49.344+0000] {dag.py:4180} INFO - Setting next_dagrun for example_python_operator to None, run_after=None
[2025-02-20T13:50:49.364+0000] {processor.py:208} INFO - Processing /home/airflow/.local/lib/python3.12/site-packages/airflow/example_dags/example_python_operator.py took 0.071 seconds
[2025-02-20T13:51:19.572+0000] {processor.py:186} INFO - Started process (PID=6473) to work on /home/airflow/.local/lib/python3.12/site-packages/airflow/example_dags/example_python_operator.py
[2025-02-20T13:51:19.573+0000] {processor.py:914} INFO - Processing file /home/airflow/.local/lib/python3.12/site-packages/airflow/example_dags/example_python_operator.py for tasks to queue
[2025-02-20T13:51:19.574+0000] {logging_mixin.py:190} INFO - [2025-02-20T13:51:19.574+0000] {dagbag.py:588} INFO - Filling up the DagBag from /home/airflow/.local/lib/python3.12/site-packages/airflow/example_dags/example_python_operator.py
[2025-02-20T13:51:19.584+0000] {processor.py:925} INFO - DAG(s) 'example_python_operator' retrieved from /home/airflow/.local/lib/python3.12/site-packages/airflow/example_dags/example_python_operator.py
[2025-02-20T13:51:19.605+0000] {logging_mixin.py:190} INFO - [2025-02-20T13:51:19.605+0000] {dag.py:3239} INFO - Sync 1 DAGs
[2025-02-20T13:51:19.623+0000] {logging_mixin.py:190} INFO - [2025-02-20T13:51:19.623+0000] {dag.py:4180} INFO - Setting next_dagrun for example_python_operator to None, run_after=None
[2025-02-20T13:51:19.643+0000] {processor.py:208} INFO - Processing /home/airflow/.local/lib/python3.12/site-packages/airflow/example_dags/example_python_operator.py took 0.076 seconds
[2025-02-20T13:51:49.896+0000] {processor.py:186} INFO - Started process (PID=6549) to work on /home/airflow/.local/lib/python3.12/site-packages/airflow/example_dags/example_python_operator.py
[2025-02-20T13:51:49.898+0000] {processor.py:914} INFO - Processing file /home/airflow/.local/lib/python3.12/site-packages/airflow/example_dags/example_python_operator.py for tasks to queue
[2025-02-20T13:51:49.899+0000] {logging_mixin.py:190} INFO - [2025-02-20T13:51:49.899+0000] {dagbag.py:588} INFO - Filling up the DagBag from /home/airflow/.local/lib/python3.12/site-packages/airflow/example_dags/example_python_operator.py
[2025-02-20T13:51:49.909+0000] {processor.py:925} INFO - DAG(s) 'example_python_operator' retrieved from /home/airflow/.local/lib/python3.12/site-packages/airflow/example_dags/example_python_operator.py
[2025-02-20T13:51:49.926+0000] {logging_mixin.py:190} INFO - [2025-02-20T13:51:49.926+0000] {dag.py:3239} INFO - Sync 1 DAGs
[2025-02-20T13:51:49.937+0000] {logging_mixin.py:190} INFO - [2025-02-20T13:51:49.937+0000] {dag.py:4180} INFO - Setting next_dagrun for example_python_operator to None, run_after=None
[2025-02-20T13:51:49.954+0000] {processor.py:208} INFO - Processing /home/airflow/.local/lib/python3.12/site-packages/airflow/example_dags/example_python_operator.py took 0.062 seconds
[2025-02-20T13:52:20.185+0000] {processor.py:186} INFO - Started process (PID=6625) to work on /home/airflow/.local/lib/python3.12/site-packages/airflow/example_dags/example_python_operator.py
[2025-02-20T13:52:20.186+0000] {processor.py:914} INFO - Processing file /home/airflow/.local/lib/python3.12/site-packages/airflow/example_dags/example_python_operator.py for tasks to queue
[2025-02-20T13:52:20.187+0000] {logging_mixin.py:190} INFO - [2025-02-20T13:52:20.187+0000] {dagbag.py:588} INFO - Filling up the DagBag from /home/airflow/.local/lib/python3.12/site-packages/airflow/example_dags/example_python_operator.py
[2025-02-20T13:52:20.196+0000] {processor.py:925} INFO - DAG(s) 'example_python_operator' retrieved from /home/airflow/.local/lib/python3.12/site-packages/airflow/example_dags/example_python_operator.py
[2025-02-20T13:52:20.213+0000] {logging_mixin.py:190} INFO - [2025-02-20T13:52:20.213+0000] {dag.py:3239} INFO - Sync 1 DAGs
[2025-02-20T13:52:20.224+0000] {logging_mixin.py:190} INFO - [2025-02-20T13:52:20.223+0000] {dag.py:4180} INFO - Setting next_dagrun for example_python_operator to None, run_after=None
[2025-02-20T13:52:20.239+0000] {processor.py:208} INFO - Processing /home/airflow/.local/lib/python3.12/site-packages/airflow/example_dags/example_python_operator.py took 0.059 seconds
[2025-02-20T13:52:50.425+0000] {processor.py:186} INFO - Started process (PID=6701) to work on /home/airflow/.local/lib/python3.12/site-packages/airflow/example_dags/example_python_operator.py
[2025-02-20T13:52:50.427+0000] {processor.py:914} INFO - Processing file /home/airflow/.local/lib/python3.12/site-packages/airflow/example_dags/example_python_operator.py for tasks to queue
[2025-02-20T13:52:50.429+0000] {logging_mixin.py:190} INFO - [2025-02-20T13:52:50.428+0000] {dagbag.py:588} INFO - Filling up the DagBag from /home/airflow/.local/lib/python3.12/site-packages/airflow/example_dags/example_python_operator.py
[2025-02-20T13:52:50.439+0000] {processor.py:925} INFO - DAG(s) 'example_python_operator' retrieved from /home/airflow/.local/lib/python3.12/site-packages/airflow/example_dags/example_python_operator.py
[2025-02-20T13:52:50.459+0000] {logging_mixin.py:190} INFO - [2025-02-20T13:52:50.459+0000] {dag.py:3239} INFO - Sync 1 DAGs
[2025-02-20T13:52:50.472+0000] {logging_mixin.py:190} INFO - [2025-02-20T13:52:50.472+0000] {dag.py:4180} INFO - Setting next_dagrun for example_python_operator to None, run_after=None
[2025-02-20T13:52:50.495+0000] {processor.py:208} INFO - Processing /home/airflow/.local/lib/python3.12/site-packages/airflow/example_dags/example_python_operator.py took 0.074 seconds
[2025-02-20T13:53:20.918+0000] {processor.py:186} INFO - Started process (PID=6776) to work on /home/airflow/.local/lib/python3.12/site-packages/airflow/example_dags/example_python_operator.py
[2025-02-20T13:53:20.919+0000] {processor.py:914} INFO - Processing file /home/airflow/.local/lib/python3.12/site-packages/airflow/example_dags/example_python_operator.py for tasks to queue
[2025-02-20T13:53:20.921+0000] {logging_mixin.py:190} INFO - [2025-02-20T13:53:20.921+0000] {dagbag.py:588} INFO - Filling up the DagBag from /home/airflow/.local/lib/python3.12/site-packages/airflow/example_dags/example_python_operator.py
[2025-02-20T13:53:20.938+0000] {processor.py:925} INFO - DAG(s) 'example_python_operator' retrieved from /home/airflow/.local/lib/python3.12/site-packages/airflow/example_dags/example_python_operator.py
[2025-02-20T13:53:20.960+0000] {logging_mixin.py:190} INFO - [2025-02-20T13:53:20.960+0000] {dag.py:3239} INFO - Sync 1 DAGs
[2025-02-20T13:53:20.975+0000] {logging_mixin.py:190} INFO - [2025-02-20T13:53:20.975+0000] {dag.py:4180} INFO - Setting next_dagrun for example_python_operator to None, run_after=None
[2025-02-20T13:53:20.997+0000] {processor.py:208} INFO - Processing /home/airflow/.local/lib/python3.12/site-packages/airflow/example_dags/example_python_operator.py took 0.088 seconds
[2025-02-20T13:53:51.168+0000] {processor.py:186} INFO - Started process (PID=6852) to work on /home/airflow/.local/lib/python3.12/site-packages/airflow/example_dags/example_python_operator.py
[2025-02-20T13:53:51.169+0000] {processor.py:914} INFO - Processing file /home/airflow/.local/lib/python3.12/site-packages/airflow/example_dags/example_python_operator.py for tasks to queue
[2025-02-20T13:53:51.171+0000] {logging_mixin.py:190} INFO - [2025-02-20T13:53:51.170+0000] {dagbag.py:588} INFO - Filling up the DagBag from /home/airflow/.local/lib/python3.12/site-packages/airflow/example_dags/example_python_operator.py
[2025-02-20T13:53:51.179+0000] {processor.py:925} INFO - DAG(s) 'example_python_operator' retrieved from /home/airflow/.local/lib/python3.12/site-packages/airflow/example_dags/example_python_operator.py
[2025-02-20T13:53:51.196+0000] {logging_mixin.py:190} INFO - [2025-02-20T13:53:51.196+0000] {dag.py:3239} INFO - Sync 1 DAGs
[2025-02-20T13:53:51.206+0000] {logging_mixin.py:190} INFO - [2025-02-20T13:53:51.206+0000] {dag.py:4180} INFO - Setting next_dagrun for example_python_operator to None, run_after=None
[2025-02-20T13:53:51.223+0000] {processor.py:208} INFO - Processing /home/airflow/.local/lib/python3.12/site-packages/airflow/example_dags/example_python_operator.py took 0.058 seconds
[2025-02-20T13:54:21.957+0000] {processor.py:186} INFO - Started process (PID=6928) to work on /home/airflow/.local/lib/python3.12/site-packages/airflow/example_dags/example_python_operator.py
[2025-02-20T13:54:21.958+0000] {processor.py:914} INFO - Processing file /home/airflow/.local/lib/python3.12/site-packages/airflow/example_dags/example_python_operator.py for tasks to queue
[2025-02-20T13:54:21.959+0000] {logging_mixin.py:190} INFO - [2025-02-20T13:54:21.959+0000] {dagbag.py:588} INFO - Filling up the DagBag from /home/airflow/.local/lib/python3.12/site-packages/airflow/example_dags/example_python_operator.py
[2025-02-20T13:54:21.968+0000] {processor.py:925} INFO - DAG(s) 'example_python_operator' retrieved from /home/airflow/.local/lib/python3.12/site-packages/airflow/example_dags/example_python_operator.py
[2025-02-20T13:54:21.986+0000] {logging_mixin.py:190} INFO - [2025-02-20T13:54:21.986+0000] {dag.py:3239} INFO - Sync 1 DAGs
[2025-02-20T13:54:21.997+0000] {logging_mixin.py:190} INFO - [2025-02-20T13:54:21.997+0000] {dag.py:4180} INFO - Setting next_dagrun for example_python_operator to None, run_after=None
[2025-02-20T13:54:22.012+0000] {processor.py:208} INFO - Processing /home/airflow/.local/lib/python3.12/site-packages/airflow/example_dags/example_python_operator.py took 0.059 seconds
[2025-02-20T13:54:52.490+0000] {processor.py:186} INFO - Started process (PID=7004) to work on /home/airflow/.local/lib/python3.12/site-packages/airflow/example_dags/example_python_operator.py
[2025-02-20T13:54:52.491+0000] {processor.py:914} INFO - Processing file /home/airflow/.local/lib/python3.12/site-packages/airflow/example_dags/example_python_operator.py for tasks to queue
[2025-02-20T13:54:52.492+0000] {logging_mixin.py:190} INFO - [2025-02-20T13:54:52.492+0000] {dagbag.py:588} INFO - Filling up the DagBag from /home/airflow/.local/lib/python3.12/site-packages/airflow/example_dags/example_python_operator.py
[2025-02-20T13:54:52.503+0000] {processor.py:925} INFO - DAG(s) 'example_python_operator' retrieved from /home/airflow/.local/lib/python3.12/site-packages/airflow/example_dags/example_python_operator.py
[2025-02-20T13:54:52.520+0000] {logging_mixin.py:190} INFO - [2025-02-20T13:54:52.520+0000] {dag.py:3239} INFO - Sync 1 DAGs
[2025-02-20T13:54:52.531+0000] {logging_mixin.py:190} INFO - [2025-02-20T13:54:52.530+0000] {dag.py:4180} INFO - Setting next_dagrun for example_python_operator to None, run_after=None
[2025-02-20T13:54:52.548+0000] {processor.py:208} INFO - Processing /home/airflow/.local/lib/python3.12/site-packages/airflow/example_dags/example_python_operator.py took 0.062 seconds
[2025-02-20T13:55:23.142+0000] {processor.py:186} INFO - Started process (PID=7080) to work on /home/airflow/.local/lib/python3.12/site-packages/airflow/example_dags/example_python_operator.py
[2025-02-20T13:55:23.143+0000] {processor.py:914} INFO - Processing file /home/airflow/.local/lib/python3.12/site-packages/airflow/example_dags/example_python_operator.py for tasks to queue
[2025-02-20T13:55:23.145+0000] {logging_mixin.py:190} INFO - [2025-02-20T13:55:23.145+0000] {dagbag.py:588} INFO - Filling up the DagBag from /home/airflow/.local/lib/python3.12/site-packages/airflow/example_dags/example_python_operator.py
[2025-02-20T13:55:23.154+0000] {processor.py:925} INFO - DAG(s) 'example_python_operator' retrieved from /home/airflow/.local/lib/python3.12/site-packages/airflow/example_dags/example_python_operator.py
[2025-02-20T13:55:23.173+0000] {logging_mixin.py:190} INFO - [2025-02-20T13:55:23.173+0000] {dag.py:3239} INFO - Sync 1 DAGs
[2025-02-20T13:55:23.183+0000] {logging_mixin.py:190} INFO - [2025-02-20T13:55:23.183+0000] {dag.py:4180} INFO - Setting next_dagrun for example_python_operator to None, run_after=None
[2025-02-20T13:55:23.201+0000] {processor.py:208} INFO - Processing /home/airflow/.local/lib/python3.12/site-packages/airflow/example_dags/example_python_operator.py took 0.063 seconds
[2025-02-20T13:55:53.467+0000] {processor.py:186} INFO - Started process (PID=7156) to work on /home/airflow/.local/lib/python3.12/site-packages/airflow/example_dags/example_python_operator.py
[2025-02-20T13:55:53.468+0000] {processor.py:914} INFO - Processing file /home/airflow/.local/lib/python3.12/site-packages/airflow/example_dags/example_python_operator.py for tasks to queue
[2025-02-20T13:55:53.473+0000] {logging_mixin.py:190} INFO - [2025-02-20T13:55:53.472+0000] {dagbag.py:588} INFO - Filling up the DagBag from /home/airflow/.local/lib/python3.12/site-packages/airflow/example_dags/example_python_operator.py
[2025-02-20T13:55:53.486+0000] {processor.py:925} INFO - DAG(s) 'example_python_operator' retrieved from /home/airflow/.local/lib/python3.12/site-packages/airflow/example_dags/example_python_operator.py
[2025-02-20T13:55:53.506+0000] {logging_mixin.py:190} INFO - [2025-02-20T13:55:53.505+0000] {dag.py:3239} INFO - Sync 1 DAGs
[2025-02-20T13:55:53.517+0000] {logging_mixin.py:190} INFO - [2025-02-20T13:55:53.517+0000] {dag.py:4180} INFO - Setting next_dagrun for example_python_operator to None, run_after=None
[2025-02-20T13:55:53.533+0000] {processor.py:208} INFO - Processing /home/airflow/.local/lib/python3.12/site-packages/airflow/example_dags/example_python_operator.py took 0.070 seconds
[2025-02-20T13:56:24.511+0000] {processor.py:186} INFO - Started process (PID=7232) to work on /home/airflow/.local/lib/python3.12/site-packages/airflow/example_dags/example_python_operator.py
[2025-02-20T13:56:24.512+0000] {processor.py:914} INFO - Processing file /home/airflow/.local/lib/python3.12/site-packages/airflow/example_dags/example_python_operator.py for tasks to queue
[2025-02-20T13:56:24.514+0000] {logging_mixin.py:190} INFO - [2025-02-20T13:56:24.513+0000] {dagbag.py:588} INFO - Filling up the DagBag from /home/airflow/.local/lib/python3.12/site-packages/airflow/example_dags/example_python_operator.py
[2025-02-20T13:56:24.522+0000] {processor.py:925} INFO - DAG(s) 'example_python_operator' retrieved from /home/airflow/.local/lib/python3.12/site-packages/airflow/example_dags/example_python_operator.py
[2025-02-20T13:56:24.540+0000] {logging_mixin.py:190} INFO - [2025-02-20T13:56:24.540+0000] {dag.py:3239} INFO - Sync 1 DAGs
[2025-02-20T13:56:24.551+0000] {logging_mixin.py:190} INFO - [2025-02-20T13:56:24.550+0000] {dag.py:4180} INFO - Setting next_dagrun for example_python_operator to None, run_after=None
[2025-02-20T13:56:24.567+0000] {processor.py:208} INFO - Processing /home/airflow/.local/lib/python3.12/site-packages/airflow/example_dags/example_python_operator.py took 0.060 seconds
[2025-02-20T13:56:55.015+0000] {processor.py:186} INFO - Started process (PID=7308) to work on /home/airflow/.local/lib/python3.12/site-packages/airflow/example_dags/example_python_operator.py
[2025-02-20T13:56:55.017+0000] {processor.py:914} INFO - Processing file /home/airflow/.local/lib/python3.12/site-packages/airflow/example_dags/example_python_operator.py for tasks to queue
[2025-02-20T13:56:55.019+0000] {logging_mixin.py:190} INFO - [2025-02-20T13:56:55.018+0000] {dagbag.py:588} INFO - Filling up the DagBag from /home/airflow/.local/lib/python3.12/site-packages/airflow/example_dags/example_python_operator.py
[2025-02-20T13:56:55.030+0000] {processor.py:925} INFO - DAG(s) 'example_python_operator' retrieved from /home/airflow/.local/lib/python3.12/site-packages/airflow/example_dags/example_python_operator.py
[2025-02-20T13:56:55.048+0000] {logging_mixin.py:190} INFO - [2025-02-20T13:56:55.048+0000] {dag.py:3239} INFO - Sync 1 DAGs
[2025-02-20T13:56:55.058+0000] {logging_mixin.py:190} INFO - [2025-02-20T13:56:55.058+0000] {dag.py:4180} INFO - Setting next_dagrun for example_python_operator to None, run_after=None
[2025-02-20T13:56:55.074+0000] {processor.py:208} INFO - Processing /home/airflow/.local/lib/python3.12/site-packages/airflow/example_dags/example_python_operator.py took 0.065 seconds
[2025-02-20T13:57:25.681+0000] {processor.py:186} INFO - Started process (PID=7384) to work on /home/airflow/.local/lib/python3.12/site-packages/airflow/example_dags/example_python_operator.py
[2025-02-20T13:57:25.683+0000] {processor.py:914} INFO - Processing file /home/airflow/.local/lib/python3.12/site-packages/airflow/example_dags/example_python_operator.py for tasks to queue
[2025-02-20T13:57:25.685+0000] {logging_mixin.py:190} INFO - [2025-02-20T13:57:25.685+0000] {dagbag.py:588} INFO - Filling up the DagBag from /home/airflow/.local/lib/python3.12/site-packages/airflow/example_dags/example_python_operator.py
[2025-02-20T13:57:25.700+0000] {processor.py:925} INFO - DAG(s) 'example_python_operator' retrieved from /home/airflow/.local/lib/python3.12/site-packages/airflow/example_dags/example_python_operator.py
[2025-02-20T13:57:25.733+0000] {logging_mixin.py:190} INFO - [2025-02-20T13:57:25.733+0000] {dag.py:3239} INFO - Sync 1 DAGs
[2025-02-20T13:57:25.750+0000] {logging_mixin.py:190} INFO - [2025-02-20T13:57:25.749+0000] {dag.py:4180} INFO - Setting next_dagrun for example_python_operator to None, run_after=None
[2025-02-20T13:57:25.773+0000] {processor.py:208} INFO - Processing /home/airflow/.local/lib/python3.12/site-packages/airflow/example_dags/example_python_operator.py took 0.099 seconds
[2025-02-20T13:57:56.069+0000] {processor.py:186} INFO - Started process (PID=7461) to work on /home/airflow/.local/lib/python3.12/site-packages/airflow/example_dags/example_python_operator.py
[2025-02-20T13:57:56.071+0000] {processor.py:914} INFO - Processing file /home/airflow/.local/lib/python3.12/site-packages/airflow/example_dags/example_python_operator.py for tasks to queue
[2025-02-20T13:57:56.073+0000] {logging_mixin.py:190} INFO - [2025-02-20T13:57:56.072+0000] {dagbag.py:588} INFO - Filling up the DagBag from /home/airflow/.local/lib/python3.12/site-packages/airflow/example_dags/example_python_operator.py
[2025-02-20T13:57:56.082+0000] {processor.py:925} INFO - DAG(s) 'example_python_operator' retrieved from /home/airflow/.local/lib/python3.12/site-packages/airflow/example_dags/example_python_operator.py
[2025-02-20T13:57:56.099+0000] {logging_mixin.py:190} INFO - [2025-02-20T13:57:56.099+0000] {dag.py:3239} INFO - Sync 1 DAGs
[2025-02-20T13:57:56.110+0000] {logging_mixin.py:190} INFO - [2025-02-20T13:57:56.109+0000] {dag.py:4180} INFO - Setting next_dagrun for example_python_operator to None, run_after=None
[2025-02-20T13:57:56.127+0000] {processor.py:208} INFO - Processing /home/airflow/.local/lib/python3.12/site-packages/airflow/example_dags/example_python_operator.py took 0.063 seconds
[2025-02-20T13:58:26.358+0000] {processor.py:186} INFO - Started process (PID=7537) to work on /home/airflow/.local/lib/python3.12/site-packages/airflow/example_dags/example_python_operator.py
[2025-02-20T13:58:26.359+0000] {processor.py:914} INFO - Processing file /home/airflow/.local/lib/python3.12/site-packages/airflow/example_dags/example_python_operator.py for tasks to queue
[2025-02-20T13:58:26.361+0000] {logging_mixin.py:190} INFO - [2025-02-20T13:58:26.360+0000] {dagbag.py:588} INFO - Filling up the DagBag from /home/airflow/.local/lib/python3.12/site-packages/airflow/example_dags/example_python_operator.py
[2025-02-20T13:58:26.369+0000] {processor.py:925} INFO - DAG(s) 'example_python_operator' retrieved from /home/airflow/.local/lib/python3.12/site-packages/airflow/example_dags/example_python_operator.py
[2025-02-20T13:58:26.386+0000] {logging_mixin.py:190} INFO - [2025-02-20T13:58:26.386+0000] {dag.py:3239} INFO - Sync 1 DAGs
[2025-02-20T13:58:26.397+0000] {logging_mixin.py:190} INFO - [2025-02-20T13:58:26.397+0000] {dag.py:4180} INFO - Setting next_dagrun for example_python_operator to None, run_after=None
[2025-02-20T13:58:26.412+0000] {processor.py:208} INFO - Processing /home/airflow/.local/lib/python3.12/site-packages/airflow/example_dags/example_python_operator.py took 0.060 seconds
[2025-02-20T13:58:57.057+0000] {processor.py:186} INFO - Started process (PID=7613) to work on /home/airflow/.local/lib/python3.12/site-packages/airflow/example_dags/example_python_operator.py
[2025-02-20T13:58:57.058+0000] {processor.py:914} INFO - Processing file /home/airflow/.local/lib/python3.12/site-packages/airflow/example_dags/example_python_operator.py for tasks to queue
[2025-02-20T13:58:57.059+0000] {logging_mixin.py:190} INFO - [2025-02-20T13:58:57.058+0000] {dagbag.py:588} INFO - Filling up the DagBag from /home/airflow/.local/lib/python3.12/site-packages/airflow/example_dags/example_python_operator.py
[2025-02-20T13:58:57.068+0000] {processor.py:925} INFO - DAG(s) 'example_python_operator' retrieved from /home/airflow/.local/lib/python3.12/site-packages/airflow/example_dags/example_python_operator.py
[2025-02-20T13:58:57.085+0000] {logging_mixin.py:190} INFO - [2025-02-20T13:58:57.085+0000] {dag.py:3239} INFO - Sync 1 DAGs
[2025-02-20T13:58:57.096+0000] {logging_mixin.py:190} INFO - [2025-02-20T13:58:57.096+0000] {dag.py:4180} INFO - Setting next_dagrun for example_python_operator to None, run_after=None
[2025-02-20T13:58:57.110+0000] {processor.py:208} INFO - Processing /home/airflow/.local/lib/python3.12/site-packages/airflow/example_dags/example_python_operator.py took 0.058 seconds
[2025-02-20T13:59:27.489+0000] {processor.py:186} INFO - Started process (PID=7690) to work on /home/airflow/.local/lib/python3.12/site-packages/airflow/example_dags/example_python_operator.py
[2025-02-20T13:59:27.490+0000] {processor.py:914} INFO - Processing file /home/airflow/.local/lib/python3.12/site-packages/airflow/example_dags/example_python_operator.py for tasks to queue
[2025-02-20T13:59:27.492+0000] {logging_mixin.py:190} INFO - [2025-02-20T13:59:27.492+0000] {dagbag.py:588} INFO - Filling up the DagBag from /home/airflow/.local/lib/python3.12/site-packages/airflow/example_dags/example_python_operator.py
[2025-02-20T13:59:27.500+0000] {processor.py:925} INFO - DAG(s) 'example_python_operator' retrieved from /home/airflow/.local/lib/python3.12/site-packages/airflow/example_dags/example_python_operator.py
[2025-02-20T13:59:27.518+0000] {logging_mixin.py:190} INFO - [2025-02-20T13:59:27.518+0000] {dag.py:3239} INFO - Sync 1 DAGs
[2025-02-20T13:59:27.528+0000] {logging_mixin.py:190} INFO - [2025-02-20T13:59:27.528+0000] {dag.py:4180} INFO - Setting next_dagrun for example_python_operator to None, run_after=None
[2025-02-20T13:59:27.545+0000] {processor.py:208} INFO - Processing /home/airflow/.local/lib/python3.12/site-packages/airflow/example_dags/example_python_operator.py took 0.060 seconds
[2025-02-20T13:59:57.763+0000] {processor.py:186} INFO - Started process (PID=7766) to work on /home/airflow/.local/lib/python3.12/site-packages/airflow/example_dags/example_python_operator.py
[2025-02-20T13:59:57.764+0000] {processor.py:914} INFO - Processing file /home/airflow/.local/lib/python3.12/site-packages/airflow/example_dags/example_python_operator.py for tasks to queue
[2025-02-20T13:59:57.766+0000] {logging_mixin.py:190} INFO - [2025-02-20T13:59:57.766+0000] {dagbag.py:588} INFO - Filling up the DagBag from /home/airflow/.local/lib/python3.12/site-packages/airflow/example_dags/example_python_operator.py
[2025-02-20T13:59:57.776+0000] {processor.py:925} INFO - DAG(s) 'example_python_operator' retrieved from /home/airflow/.local/lib/python3.12/site-packages/airflow/example_dags/example_python_operator.py
[2025-02-20T13:59:57.793+0000] {logging_mixin.py:190} INFO - [2025-02-20T13:59:57.793+0000] {dag.py:3239} INFO - Sync 1 DAGs
[2025-02-20T13:59:57.804+0000] {logging_mixin.py:190} INFO - [2025-02-20T13:59:57.803+0000] {dag.py:4180} INFO - Setting next_dagrun for example_python_operator to None, run_after=None
[2025-02-20T13:59:57.821+0000] {processor.py:208} INFO - Processing /home/airflow/.local/lib/python3.12/site-packages/airflow/example_dags/example_python_operator.py took 0.064 seconds
[2025-02-20T14:00:27.856+0000] {processor.py:186} INFO - Started process (PID=7831) to work on /home/airflow/.local/lib/python3.12/site-packages/airflow/example_dags/example_python_operator.py
[2025-02-20T14:00:27.857+0000] {processor.py:914} INFO - Processing file /home/airflow/.local/lib/python3.12/site-packages/airflow/example_dags/example_python_operator.py for tasks to queue
[2025-02-20T14:00:27.858+0000] {logging_mixin.py:190} INFO - [2025-02-20T14:00:27.858+0000] {dagbag.py:588} INFO - Filling up the DagBag from /home/airflow/.local/lib/python3.12/site-packages/airflow/example_dags/example_python_operator.py
[2025-02-20T14:00:27.868+0000] {processor.py:925} INFO - DAG(s) 'example_python_operator' retrieved from /home/airflow/.local/lib/python3.12/site-packages/airflow/example_dags/example_python_operator.py
[2025-02-20T14:00:27.888+0000] {logging_mixin.py:190} INFO - [2025-02-20T14:00:27.887+0000] {dag.py:3239} INFO - Sync 1 DAGs
[2025-02-20T14:00:27.899+0000] {logging_mixin.py:190} INFO - [2025-02-20T14:00:27.899+0000] {dag.py:4180} INFO - Setting next_dagrun for example_python_operator to None, run_after=None
[2025-02-20T14:00:27.918+0000] {processor.py:208} INFO - Processing /home/airflow/.local/lib/python3.12/site-packages/airflow/example_dags/example_python_operator.py took 0.067 seconds
[2025-02-20T14:00:58.574+0000] {processor.py:186} INFO - Started process (PID=7906) to work on /home/airflow/.local/lib/python3.12/site-packages/airflow/example_dags/example_python_operator.py
[2025-02-20T14:00:58.575+0000] {processor.py:914} INFO - Processing file /home/airflow/.local/lib/python3.12/site-packages/airflow/example_dags/example_python_operator.py for tasks to queue
[2025-02-20T14:00:58.577+0000] {logging_mixin.py:190} INFO - [2025-02-20T14:00:58.576+0000] {dagbag.py:588} INFO - Filling up the DagBag from /home/airflow/.local/lib/python3.12/site-packages/airflow/example_dags/example_python_operator.py
[2025-02-20T14:00:58.586+0000] {processor.py:925} INFO - DAG(s) 'example_python_operator' retrieved from /home/airflow/.local/lib/python3.12/site-packages/airflow/example_dags/example_python_operator.py
[2025-02-20T14:00:58.605+0000] {logging_mixin.py:190} INFO - [2025-02-20T14:00:58.605+0000] {dag.py:3239} INFO - Sync 1 DAGs
[2025-02-20T14:00:58.615+0000] {logging_mixin.py:190} INFO - [2025-02-20T14:00:58.615+0000] {dag.py:4180} INFO - Setting next_dagrun for example_python_operator to None, run_after=None
[2025-02-20T14:00:58.632+0000] {processor.py:208} INFO - Processing /home/airflow/.local/lib/python3.12/site-packages/airflow/example_dags/example_python_operator.py took 0.062 seconds
[2025-02-20T14:01:28.859+0000] {processor.py:186} INFO - Started process (PID=7982) to work on /home/airflow/.local/lib/python3.12/site-packages/airflow/example_dags/example_python_operator.py
[2025-02-20T14:01:28.860+0000] {processor.py:914} INFO - Processing file /home/airflow/.local/lib/python3.12/site-packages/airflow/example_dags/example_python_operator.py for tasks to queue
[2025-02-20T14:01:28.862+0000] {logging_mixin.py:190} INFO - [2025-02-20T14:01:28.861+0000] {dagbag.py:588} INFO - Filling up the DagBag from /home/airflow/.local/lib/python3.12/site-packages/airflow/example_dags/example_python_operator.py
[2025-02-20T14:01:28.873+0000] {processor.py:925} INFO - DAG(s) 'example_python_operator' retrieved from /home/airflow/.local/lib/python3.12/site-packages/airflow/example_dags/example_python_operator.py
[2025-02-20T14:01:28.892+0000] {logging_mixin.py:190} INFO - [2025-02-20T14:01:28.891+0000] {dag.py:3239} INFO - Sync 1 DAGs
[2025-02-20T14:01:28.903+0000] {logging_mixin.py:190} INFO - [2025-02-20T14:01:28.903+0000] {dag.py:4180} INFO - Setting next_dagrun for example_python_operator to None, run_after=None
[2025-02-20T14:01:28.942+0000] {processor.py:208} INFO - Processing /home/airflow/.local/lib/python3.12/site-packages/airflow/example_dags/example_python_operator.py took 0.086 seconds
[2025-02-20T14:01:59.808+0000] {processor.py:186} INFO - Started process (PID=8064) to work on /home/airflow/.local/lib/python3.12/site-packages/airflow/example_dags/example_python_operator.py
[2025-02-20T14:01:59.809+0000] {processor.py:914} INFO - Processing file /home/airflow/.local/lib/python3.12/site-packages/airflow/example_dags/example_python_operator.py for tasks to queue
[2025-02-20T14:01:59.810+0000] {logging_mixin.py:190} INFO - [2025-02-20T14:01:59.810+0000] {dagbag.py:588} INFO - Filling up the DagBag from /home/airflow/.local/lib/python3.12/site-packages/airflow/example_dags/example_python_operator.py
[2025-02-20T14:01:59.820+0000] {processor.py:925} INFO - DAG(s) 'example_python_operator' retrieved from /home/airflow/.local/lib/python3.12/site-packages/airflow/example_dags/example_python_operator.py
[2025-02-20T14:01:59.846+0000] {logging_mixin.py:190} INFO - [2025-02-20T14:01:59.846+0000] {dag.py:3239} INFO - Sync 1 DAGs
[2025-02-20T14:01:59.861+0000] {logging_mixin.py:190} INFO - [2025-02-20T14:01:59.861+0000] {dag.py:4180} INFO - Setting next_dagrun for example_python_operator to None, run_after=None
[2025-02-20T14:01:59.883+0000] {processor.py:208} INFO - Processing /home/airflow/.local/lib/python3.12/site-packages/airflow/example_dags/example_python_operator.py took 0.080 seconds
[2025-02-20T14:02:30.881+0000] {processor.py:186} INFO - Started process (PID=8140) to work on /home/airflow/.local/lib/python3.12/site-packages/airflow/example_dags/example_python_operator.py
[2025-02-20T14:02:30.882+0000] {processor.py:914} INFO - Processing file /home/airflow/.local/lib/python3.12/site-packages/airflow/example_dags/example_python_operator.py for tasks to queue
[2025-02-20T14:02:30.883+0000] {logging_mixin.py:190} INFO - [2025-02-20T14:02:30.883+0000] {dagbag.py:588} INFO - Filling up the DagBag from /home/airflow/.local/lib/python3.12/site-packages/airflow/example_dags/example_python_operator.py
[2025-02-20T14:02:30.893+0000] {processor.py:925} INFO - DAG(s) 'example_python_operator' retrieved from /home/airflow/.local/lib/python3.12/site-packages/airflow/example_dags/example_python_operator.py
[2025-02-20T14:02:30.912+0000] {logging_mixin.py:190} INFO - [2025-02-20T14:02:30.912+0000] {dag.py:3239} INFO - Sync 1 DAGs
[2025-02-20T14:02:30.923+0000] {logging_mixin.py:190} INFO - [2025-02-20T14:02:30.923+0000] {dag.py:4180} INFO - Setting next_dagrun for example_python_operator to None, run_after=None
[2025-02-20T14:02:30.943+0000] {processor.py:208} INFO - Processing /home/airflow/.local/lib/python3.12/site-packages/airflow/example_dags/example_python_operator.py took 0.067 seconds
[2025-02-20T14:03:01.976+0000] {processor.py:186} INFO - Started process (PID=8216) to work on /home/airflow/.local/lib/python3.12/site-packages/airflow/example_dags/example_python_operator.py
[2025-02-20T14:03:01.977+0000] {processor.py:914} INFO - Processing file /home/airflow/.local/lib/python3.12/site-packages/airflow/example_dags/example_python_operator.py for tasks to queue
[2025-02-20T14:03:01.978+0000] {logging_mixin.py:190} INFO - [2025-02-20T14:03:01.977+0000] {dagbag.py:588} INFO - Filling up the DagBag from /home/airflow/.local/lib/python3.12/site-packages/airflow/example_dags/example_python_operator.py
[2025-02-20T14:03:01.987+0000] {processor.py:925} INFO - DAG(s) 'example_python_operator' retrieved from /home/airflow/.local/lib/python3.12/site-packages/airflow/example_dags/example_python_operator.py
[2025-02-20T14:03:02.003+0000] {logging_mixin.py:190} INFO - [2025-02-20T14:03:02.003+0000] {dag.py:3239} INFO - Sync 1 DAGs
[2025-02-20T14:03:02.023+0000] {logging_mixin.py:190} INFO - [2025-02-20T14:03:02.023+0000] {dag.py:4180} INFO - Setting next_dagrun for example_python_operator to None, run_after=None
[2025-02-20T14:03:02.038+0000] {processor.py:208} INFO - Processing /home/airflow/.local/lib/python3.12/site-packages/airflow/example_dags/example_python_operator.py took 0.066 seconds
[2025-02-20T14:03:32.446+0000] {processor.py:186} INFO - Started process (PID=8293) to work on /home/airflow/.local/lib/python3.12/site-packages/airflow/example_dags/example_python_operator.py
[2025-02-20T14:03:32.447+0000] {processor.py:914} INFO - Processing file /home/airflow/.local/lib/python3.12/site-packages/airflow/example_dags/example_python_operator.py for tasks to queue
[2025-02-20T14:03:32.448+0000] {logging_mixin.py:190} INFO - [2025-02-20T14:03:32.448+0000] {dagbag.py:588} INFO - Filling up the DagBag from /home/airflow/.local/lib/python3.12/site-packages/airflow/example_dags/example_python_operator.py
[2025-02-20T14:03:32.457+0000] {processor.py:925} INFO - DAG(s) 'example_python_operator' retrieved from /home/airflow/.local/lib/python3.12/site-packages/airflow/example_dags/example_python_operator.py
[2025-02-20T14:03:32.475+0000] {logging_mixin.py:190} INFO - [2025-02-20T14:03:32.475+0000] {dag.py:3239} INFO - Sync 1 DAGs
[2025-02-20T14:03:32.488+0000] {logging_mixin.py:190} INFO - [2025-02-20T14:03:32.488+0000] {dag.py:4180} INFO - Setting next_dagrun for example_python_operator to None, run_after=None
[2025-02-20T14:03:32.507+0000] {processor.py:208} INFO - Processing /home/airflow/.local/lib/python3.12/site-packages/airflow/example_dags/example_python_operator.py took 0.065 seconds
[2025-02-20T14:44:17.068+0000] {processor.py:186} INFO - Started process (PID=8319) to work on /home/airflow/.local/lib/python3.12/site-packages/airflow/example_dags/example_python_operator.py
[2025-02-20T14:44:17.070+0000] {processor.py:914} INFO - Processing file /home/airflow/.local/lib/python3.12/site-packages/airflow/example_dags/example_python_operator.py for tasks to queue
[2025-02-20T14:44:17.072+0000] {logging_mixin.py:190} INFO - [2025-02-20T14:44:17.071+0000] {dagbag.py:588} INFO - Filling up the DagBag from /home/airflow/.local/lib/python3.12/site-packages/airflow/example_dags/example_python_operator.py
[2025-02-20T14:44:17.095+0000] {processor.py:925} INFO - DAG(s) 'example_python_operator' retrieved from /home/airflow/.local/lib/python3.12/site-packages/airflow/example_dags/example_python_operator.py
[2025-02-20T14:44:17.132+0000] {logging_mixin.py:190} INFO - [2025-02-20T14:44:17.131+0000] {dag.py:3239} INFO - Sync 1 DAGs
[2025-02-20T14:44:17.164+0000] {logging_mixin.py:190} INFO - [2025-02-20T14:44:17.164+0000] {dag.py:4180} INFO - Setting next_dagrun for example_python_operator to None, run_after=None
[2025-02-20T14:44:17.215+0000] {processor.py:208} INFO - Processing /home/airflow/.local/lib/python3.12/site-packages/airflow/example_dags/example_python_operator.py took 0.154 seconds
[2025-02-20T14:44:47.358+0000] {processor.py:186} INFO - Started process (PID=8394) to work on /home/airflow/.local/lib/python3.12/site-packages/airflow/example_dags/example_python_operator.py
[2025-02-20T14:44:47.359+0000] {processor.py:914} INFO - Processing file /home/airflow/.local/lib/python3.12/site-packages/airflow/example_dags/example_python_operator.py for tasks to queue
[2025-02-20T14:44:47.360+0000] {logging_mixin.py:190} INFO - [2025-02-20T14:44:47.360+0000] {dagbag.py:588} INFO - Filling up the DagBag from /home/airflow/.local/lib/python3.12/site-packages/airflow/example_dags/example_python_operator.py
[2025-02-20T14:44:47.368+0000] {processor.py:925} INFO - DAG(s) 'example_python_operator' retrieved from /home/airflow/.local/lib/python3.12/site-packages/airflow/example_dags/example_python_operator.py
[2025-02-20T14:44:47.385+0000] {logging_mixin.py:190} INFO - [2025-02-20T14:44:47.385+0000] {dag.py:3239} INFO - Sync 1 DAGs
[2025-02-20T14:44:47.395+0000] {logging_mixin.py:190} INFO - [2025-02-20T14:44:47.395+0000] {dag.py:4180} INFO - Setting next_dagrun for example_python_operator to None, run_after=None
[2025-02-20T14:44:47.411+0000] {processor.py:208} INFO - Processing /home/airflow/.local/lib/python3.12/site-packages/airflow/example_dags/example_python_operator.py took 0.058 seconds
[2025-02-20T14:45:18.150+0000] {processor.py:186} INFO - Started process (PID=8471) to work on /home/airflow/.local/lib/python3.12/site-packages/airflow/example_dags/example_python_operator.py
[2025-02-20T14:45:18.152+0000] {processor.py:914} INFO - Processing file /home/airflow/.local/lib/python3.12/site-packages/airflow/example_dags/example_python_operator.py for tasks to queue
[2025-02-20T14:45:18.154+0000] {logging_mixin.py:190} INFO - [2025-02-20T14:45:18.154+0000] {dagbag.py:588} INFO - Filling up the DagBag from /home/airflow/.local/lib/python3.12/site-packages/airflow/example_dags/example_python_operator.py
[2025-02-20T14:45:18.174+0000] {processor.py:925} INFO - DAG(s) 'example_python_operator' retrieved from /home/airflow/.local/lib/python3.12/site-packages/airflow/example_dags/example_python_operator.py
[2025-02-20T14:45:18.212+0000] {logging_mixin.py:190} INFO - [2025-02-20T14:45:18.211+0000] {dag.py:3239} INFO - Sync 1 DAGs
[2025-02-20T14:45:18.226+0000] {logging_mixin.py:190} INFO - [2025-02-20T14:45:18.226+0000] {dag.py:4180} INFO - Setting next_dagrun for example_python_operator to None, run_after=None
[2025-02-20T14:45:18.253+0000] {processor.py:208} INFO - Processing /home/airflow/.local/lib/python3.12/site-packages/airflow/example_dags/example_python_operator.py took 0.110 seconds
[2025-02-20T18:44:21.599+0000] {processor.py:186} INFO - Started process (PID=8542) to work on /home/airflow/.local/lib/python3.12/site-packages/airflow/example_dags/example_python_operator.py
[2025-02-20T18:44:21.608+0000] {processor.py:914} INFO - Processing file /home/airflow/.local/lib/python3.12/site-packages/airflow/example_dags/example_python_operator.py for tasks to queue
[2025-02-20T18:44:21.611+0000] {logging_mixin.py:190} INFO - [2025-02-20T18:44:21.610+0000] {dagbag.py:588} INFO - Filling up the DagBag from /home/airflow/.local/lib/python3.12/site-packages/airflow/example_dags/example_python_operator.py
[2025-02-20T18:44:21.747+0000] {processor.py:925} INFO - DAG(s) 'example_python_operator' retrieved from /home/airflow/.local/lib/python3.12/site-packages/airflow/example_dags/example_python_operator.py
[2025-02-20T18:44:21.826+0000] {logging_mixin.py:190} INFO - [2025-02-20T18:44:21.825+0000] {dag.py:3239} INFO - Sync 1 DAGs
[2025-02-20T18:44:21.863+0000] {logging_mixin.py:190} INFO - [2025-02-20T18:44:21.863+0000] {dag.py:4180} INFO - Setting next_dagrun for example_python_operator to None, run_after=None
[2025-02-20T18:44:21.912+0000] {processor.py:208} INFO - Processing /home/airflow/.local/lib/python3.12/site-packages/airflow/example_dags/example_python_operator.py took 0.322 seconds
