[2025-02-20T13:41:17.053+0000] {processor.py:186} INFO - Started process (PID=4992) to work on /home/airflow/.local/lib/python3.12/site-packages/airflow/example_dags/example_display_name.py
[2025-02-20T13:41:17.055+0000] {processor.py:914} INFO - Processing file /home/airflow/.local/lib/python3.12/site-packages/airflow/example_dags/example_display_name.py for tasks to queue
[2025-02-20T13:41:17.058+0000] {logging_mixin.py:190} INFO - [2025-02-20T13:41:17.058+0000] {dagbag.py:588} INFO - Filling up the DagBag from /home/airflow/.local/lib/python3.12/site-packages/airflow/example_dags/example_display_name.py
[2025-02-20T13:41:17.082+0000] {processor.py:925} INFO - DAG(s) 'example_display_name' retrieved from /home/airflow/.local/lib/python3.12/site-packages/airflow/example_dags/example_display_name.py
[2025-02-20T13:41:17.136+0000] {logging_mixin.py:190} INFO - [2025-02-20T13:41:17.135+0000] {dag.py:3239} INFO - Sync 1 DAGs
[2025-02-20T13:41:17.180+0000] {logging_mixin.py:190} INFO - [2025-02-20T13:41:17.180+0000] {dag.py:4180} INFO - Setting next_dagrun for example_display_name to None, run_after=None
[2025-02-20T13:41:17.227+0000] {processor.py:208} INFO - Processing /home/airflow/.local/lib/python3.12/site-packages/airflow/example_dags/example_display_name.py took 0.190 seconds
[2025-02-20T13:41:47.334+0000] {processor.py:186} INFO - Started process (PID=5068) to work on /home/airflow/.local/lib/python3.12/site-packages/airflow/example_dags/example_display_name.py
[2025-02-20T13:41:47.335+0000] {processor.py:914} INFO - Processing file /home/airflow/.local/lib/python3.12/site-packages/airflow/example_dags/example_display_name.py for tasks to queue
[2025-02-20T13:41:47.338+0000] {logging_mixin.py:190} INFO - [2025-02-20T13:41:47.338+0000] {dagbag.py:588} INFO - Filling up the DagBag from /home/airflow/.local/lib/python3.12/site-packages/airflow/example_dags/example_display_name.py
[2025-02-20T13:41:47.347+0000] {processor.py:925} INFO - DAG(s) 'example_display_name' retrieved from /home/airflow/.local/lib/python3.12/site-packages/airflow/example_dags/example_display_name.py
[2025-02-20T13:41:47.380+0000] {logging_mixin.py:190} INFO - [2025-02-20T13:41:47.380+0000] {dag.py:3239} INFO - Sync 1 DAGs
[2025-02-20T13:41:47.396+0000] {logging_mixin.py:190} INFO - [2025-02-20T13:41:47.396+0000] {dag.py:4180} INFO - Setting next_dagrun for example_display_name to None, run_after=None
[2025-02-20T13:41:47.425+0000] {processor.py:208} INFO - Processing /home/airflow/.local/lib/python3.12/site-packages/airflow/example_dags/example_display_name.py took 0.099 seconds
[2025-02-20T13:42:17.836+0000] {processor.py:186} INFO - Started process (PID=5144) to work on /home/airflow/.local/lib/python3.12/site-packages/airflow/example_dags/example_display_name.py
[2025-02-20T13:42:17.838+0000] {processor.py:914} INFO - Processing file /home/airflow/.local/lib/python3.12/site-packages/airflow/example_dags/example_display_name.py for tasks to queue
[2025-02-20T13:42:17.840+0000] {logging_mixin.py:190} INFO - [2025-02-20T13:42:17.840+0000] {dagbag.py:588} INFO - Filling up the DagBag from /home/airflow/.local/lib/python3.12/site-packages/airflow/example_dags/example_display_name.py
[2025-02-20T13:42:17.848+0000] {processor.py:925} INFO - DAG(s) 'example_display_name' retrieved from /home/airflow/.local/lib/python3.12/site-packages/airflow/example_dags/example_display_name.py
[2025-02-20T13:42:17.873+0000] {logging_mixin.py:190} INFO - [2025-02-20T13:42:17.873+0000] {dag.py:3239} INFO - Sync 1 DAGs
[2025-02-20T13:42:17.888+0000] {logging_mixin.py:190} INFO - [2025-02-20T13:42:17.888+0000] {dag.py:4180} INFO - Setting next_dagrun for example_display_name to None, run_after=None
[2025-02-20T13:42:17.915+0000] {processor.py:208} INFO - Processing /home/airflow/.local/lib/python3.12/site-packages/airflow/example_dags/example_display_name.py took 0.084 seconds
[2025-02-20T13:42:48.849+0000] {processor.py:186} INFO - Started process (PID=5220) to work on /home/airflow/.local/lib/python3.12/site-packages/airflow/example_dags/example_display_name.py
[2025-02-20T13:42:48.851+0000] {processor.py:914} INFO - Processing file /home/airflow/.local/lib/python3.12/site-packages/airflow/example_dags/example_display_name.py for tasks to queue
[2025-02-20T13:42:48.853+0000] {logging_mixin.py:190} INFO - [2025-02-20T13:42:48.853+0000] {dagbag.py:588} INFO - Filling up the DagBag from /home/airflow/.local/lib/python3.12/site-packages/airflow/example_dags/example_display_name.py
[2025-02-20T13:42:48.862+0000] {processor.py:925} INFO - DAG(s) 'example_display_name' retrieved from /home/airflow/.local/lib/python3.12/site-packages/airflow/example_dags/example_display_name.py
[2025-02-20T13:42:48.887+0000] {logging_mixin.py:190} INFO - [2025-02-20T13:42:48.887+0000] {dag.py:3239} INFO - Sync 1 DAGs
[2025-02-20T13:42:48.906+0000] {logging_mixin.py:190} INFO - [2025-02-20T13:42:48.906+0000] {dag.py:4180} INFO - Setting next_dagrun for example_display_name to None, run_after=None
[2025-02-20T13:42:48.933+0000] {processor.py:208} INFO - Processing /home/airflow/.local/lib/python3.12/site-packages/airflow/example_dags/example_display_name.py took 0.092 seconds
[2025-02-20T13:43:19.212+0000] {processor.py:186} INFO - Started process (PID=5297) to work on /home/airflow/.local/lib/python3.12/site-packages/airflow/example_dags/example_display_name.py
[2025-02-20T13:43:19.214+0000] {processor.py:914} INFO - Processing file /home/airflow/.local/lib/python3.12/site-packages/airflow/example_dags/example_display_name.py for tasks to queue
[2025-02-20T13:43:19.215+0000] {logging_mixin.py:190} INFO - [2025-02-20T13:43:19.215+0000] {dagbag.py:588} INFO - Filling up the DagBag from /home/airflow/.local/lib/python3.12/site-packages/airflow/example_dags/example_display_name.py
[2025-02-20T13:43:19.222+0000] {processor.py:925} INFO - DAG(s) 'example_display_name' retrieved from /home/airflow/.local/lib/python3.12/site-packages/airflow/example_dags/example_display_name.py
[2025-02-20T13:43:19.241+0000] {logging_mixin.py:190} INFO - [2025-02-20T13:43:19.240+0000] {dag.py:3239} INFO - Sync 1 DAGs
[2025-02-20T13:43:19.254+0000] {logging_mixin.py:190} INFO - [2025-02-20T13:43:19.254+0000] {dag.py:4180} INFO - Setting next_dagrun for example_display_name to None, run_after=None
[2025-02-20T13:43:19.274+0000] {processor.py:208} INFO - Processing /home/airflow/.local/lib/python3.12/site-packages/airflow/example_dags/example_display_name.py took 0.068 seconds
[2025-02-20T13:43:50.642+0000] {processor.py:186} INFO - Started process (PID=5372) to work on /home/airflow/.local/lib/python3.12/site-packages/airflow/example_dags/example_display_name.py
[2025-02-20T13:43:50.643+0000] {processor.py:914} INFO - Processing file /home/airflow/.local/lib/python3.12/site-packages/airflow/example_dags/example_display_name.py for tasks to queue
[2025-02-20T13:43:50.646+0000] {logging_mixin.py:190} INFO - [2025-02-20T13:43:50.645+0000] {dagbag.py:588} INFO - Filling up the DagBag from /home/airflow/.local/lib/python3.12/site-packages/airflow/example_dags/example_display_name.py
[2025-02-20T13:43:50.656+0000] {processor.py:925} INFO - DAG(s) 'example_display_name' retrieved from /home/airflow/.local/lib/python3.12/site-packages/airflow/example_dags/example_display_name.py
[2025-02-20T13:43:50.684+0000] {logging_mixin.py:190} INFO - [2025-02-20T13:43:50.684+0000] {dag.py:3239} INFO - Sync 1 DAGs
[2025-02-20T13:43:50.706+0000] {logging_mixin.py:190} INFO - [2025-02-20T13:43:50.705+0000] {dag.py:4180} INFO - Setting next_dagrun for example_display_name to None, run_after=None
[2025-02-20T13:43:50.734+0000] {processor.py:208} INFO - Processing /home/airflow/.local/lib/python3.12/site-packages/airflow/example_dags/example_display_name.py took 0.098 seconds
[2025-02-20T13:44:21.310+0000] {processor.py:186} INFO - Started process (PID=5448) to work on /home/airflow/.local/lib/python3.12/site-packages/airflow/example_dags/example_display_name.py
[2025-02-20T13:44:21.311+0000] {processor.py:914} INFO - Processing file /home/airflow/.local/lib/python3.12/site-packages/airflow/example_dags/example_display_name.py for tasks to queue
[2025-02-20T13:44:21.313+0000] {logging_mixin.py:190} INFO - [2025-02-20T13:44:21.312+0000] {dagbag.py:588} INFO - Filling up the DagBag from /home/airflow/.local/lib/python3.12/site-packages/airflow/example_dags/example_display_name.py
[2025-02-20T13:44:21.321+0000] {processor.py:925} INFO - DAG(s) 'example_display_name' retrieved from /home/airflow/.local/lib/python3.12/site-packages/airflow/example_dags/example_display_name.py
[2025-02-20T13:44:21.339+0000] {logging_mixin.py:190} INFO - [2025-02-20T13:44:21.339+0000] {dag.py:3239} INFO - Sync 1 DAGs
[2025-02-20T13:44:21.353+0000] {logging_mixin.py:190} INFO - [2025-02-20T13:44:21.353+0000] {dag.py:4180} INFO - Setting next_dagrun for example_display_name to None, run_after=None
[2025-02-20T13:44:21.374+0000] {processor.py:208} INFO - Processing /home/airflow/.local/lib/python3.12/site-packages/airflow/example_dags/example_display_name.py took 0.070 seconds
[2025-02-20T13:44:52.269+0000] {processor.py:186} INFO - Started process (PID=5524) to work on /home/airflow/.local/lib/python3.12/site-packages/airflow/example_dags/example_display_name.py
[2025-02-20T13:44:52.271+0000] {processor.py:914} INFO - Processing file /home/airflow/.local/lib/python3.12/site-packages/airflow/example_dags/example_display_name.py for tasks to queue
[2025-02-20T13:44:52.272+0000] {logging_mixin.py:190} INFO - [2025-02-20T13:44:52.272+0000] {dagbag.py:588} INFO - Filling up the DagBag from /home/airflow/.local/lib/python3.12/site-packages/airflow/example_dags/example_display_name.py
[2025-02-20T13:44:52.281+0000] {processor.py:925} INFO - DAG(s) 'example_display_name' retrieved from /home/airflow/.local/lib/python3.12/site-packages/airflow/example_dags/example_display_name.py
[2025-02-20T13:44:52.302+0000] {logging_mixin.py:190} INFO - [2025-02-20T13:44:52.302+0000] {dag.py:3239} INFO - Sync 1 DAGs
[2025-02-20T13:44:52.317+0000] {logging_mixin.py:190} INFO - [2025-02-20T13:44:52.317+0000] {dag.py:4180} INFO - Setting next_dagrun for example_display_name to None, run_after=None
[2025-02-20T13:44:52.340+0000] {processor.py:208} INFO - Processing /home/airflow/.local/lib/python3.12/site-packages/airflow/example_dags/example_display_name.py took 0.077 seconds
[2025-02-20T13:45:23.489+0000] {processor.py:186} INFO - Started process (PID=5600) to work on /home/airflow/.local/lib/python3.12/site-packages/airflow/example_dags/example_display_name.py
[2025-02-20T13:45:23.490+0000] {processor.py:914} INFO - Processing file /home/airflow/.local/lib/python3.12/site-packages/airflow/example_dags/example_display_name.py for tasks to queue
[2025-02-20T13:45:23.492+0000] {logging_mixin.py:190} INFO - [2025-02-20T13:45:23.492+0000] {dagbag.py:588} INFO - Filling up the DagBag from /home/airflow/.local/lib/python3.12/site-packages/airflow/example_dags/example_display_name.py
[2025-02-20T13:45:23.499+0000] {processor.py:925} INFO - DAG(s) 'example_display_name' retrieved from /home/airflow/.local/lib/python3.12/site-packages/airflow/example_dags/example_display_name.py
[2025-02-20T13:45:23.515+0000] {logging_mixin.py:190} INFO - [2025-02-20T13:45:23.515+0000] {dag.py:3239} INFO - Sync 1 DAGs
[2025-02-20T13:45:23.529+0000] {logging_mixin.py:190} INFO - [2025-02-20T13:45:23.529+0000] {dag.py:4180} INFO - Setting next_dagrun for example_display_name to None, run_after=None
[2025-02-20T13:45:23.546+0000] {processor.py:208} INFO - Processing /home/airflow/.local/lib/python3.12/site-packages/airflow/example_dags/example_display_name.py took 0.063 seconds
[2025-02-20T13:45:53.977+0000] {processor.py:186} INFO - Started process (PID=5677) to work on /home/airflow/.local/lib/python3.12/site-packages/airflow/example_dags/example_display_name.py
[2025-02-20T13:45:53.978+0000] {processor.py:914} INFO - Processing file /home/airflow/.local/lib/python3.12/site-packages/airflow/example_dags/example_display_name.py for tasks to queue
[2025-02-20T13:45:53.979+0000] {logging_mixin.py:190} INFO - [2025-02-20T13:45:53.979+0000] {dagbag.py:588} INFO - Filling up the DagBag from /home/airflow/.local/lib/python3.12/site-packages/airflow/example_dags/example_display_name.py
[2025-02-20T13:45:53.986+0000] {processor.py:925} INFO - DAG(s) 'example_display_name' retrieved from /home/airflow/.local/lib/python3.12/site-packages/airflow/example_dags/example_display_name.py
[2025-02-20T13:45:54.004+0000] {logging_mixin.py:190} INFO - [2025-02-20T13:45:54.003+0000] {dag.py:3239} INFO - Sync 1 DAGs
[2025-02-20T13:45:54.016+0000] {logging_mixin.py:190} INFO - [2025-02-20T13:45:54.015+0000] {dag.py:4180} INFO - Setting next_dagrun for example_display_name to None, run_after=None
[2025-02-20T13:45:54.034+0000] {processor.py:208} INFO - Processing /home/airflow/.local/lib/python3.12/site-packages/airflow/example_dags/example_display_name.py took 0.062 seconds
[2025-02-20T13:46:24.329+0000] {processor.py:186} INFO - Started process (PID=5741) to work on /home/airflow/.local/lib/python3.12/site-packages/airflow/example_dags/example_display_name.py
[2025-02-20T13:46:24.330+0000] {processor.py:914} INFO - Processing file /home/airflow/.local/lib/python3.12/site-packages/airflow/example_dags/example_display_name.py for tasks to queue
[2025-02-20T13:46:24.332+0000] {logging_mixin.py:190} INFO - [2025-02-20T13:46:24.332+0000] {dagbag.py:588} INFO - Filling up the DagBag from /home/airflow/.local/lib/python3.12/site-packages/airflow/example_dags/example_display_name.py
[2025-02-20T13:46:24.338+0000] {processor.py:925} INFO - DAG(s) 'example_display_name' retrieved from /home/airflow/.local/lib/python3.12/site-packages/airflow/example_dags/example_display_name.py
[2025-02-20T13:46:24.359+0000] {logging_mixin.py:190} INFO - [2025-02-20T13:46:24.359+0000] {dag.py:3239} INFO - Sync 1 DAGs
[2025-02-20T13:46:24.371+0000] {logging_mixin.py:190} INFO - [2025-02-20T13:46:24.371+0000] {dag.py:4180} INFO - Setting next_dagrun for example_display_name to None, run_after=None
[2025-02-20T13:46:24.389+0000] {processor.py:208} INFO - Processing /home/airflow/.local/lib/python3.12/site-packages/airflow/example_dags/example_display_name.py took 0.064 seconds
[2025-02-20T13:46:54.718+0000] {processor.py:186} INFO - Started process (PID=5817) to work on /home/airflow/.local/lib/python3.12/site-packages/airflow/example_dags/example_display_name.py
[2025-02-20T13:46:54.719+0000] {processor.py:914} INFO - Processing file /home/airflow/.local/lib/python3.12/site-packages/airflow/example_dags/example_display_name.py for tasks to queue
[2025-02-20T13:46:54.720+0000] {logging_mixin.py:190} INFO - [2025-02-20T13:46:54.720+0000] {dagbag.py:588} INFO - Filling up the DagBag from /home/airflow/.local/lib/python3.12/site-packages/airflow/example_dags/example_display_name.py
[2025-02-20T13:46:54.726+0000] {processor.py:925} INFO - DAG(s) 'example_display_name' retrieved from /home/airflow/.local/lib/python3.12/site-packages/airflow/example_dags/example_display_name.py
[2025-02-20T13:46:54.743+0000] {logging_mixin.py:190} INFO - [2025-02-20T13:46:54.743+0000] {dag.py:3239} INFO - Sync 1 DAGs
[2025-02-20T13:46:54.758+0000] {logging_mixin.py:190} INFO - [2025-02-20T13:46:54.757+0000] {dag.py:4180} INFO - Setting next_dagrun for example_display_name to None, run_after=None
[2025-02-20T13:46:54.776+0000] {processor.py:208} INFO - Processing /home/airflow/.local/lib/python3.12/site-packages/airflow/example_dags/example_display_name.py took 0.064 seconds
[2025-02-20T13:47:25.034+0000] {processor.py:186} INFO - Started process (PID=5892) to work on /home/airflow/.local/lib/python3.12/site-packages/airflow/example_dags/example_display_name.py
[2025-02-20T13:47:25.036+0000] {processor.py:914} INFO - Processing file /home/airflow/.local/lib/python3.12/site-packages/airflow/example_dags/example_display_name.py for tasks to queue
[2025-02-20T13:47:25.039+0000] {logging_mixin.py:190} INFO - [2025-02-20T13:47:25.038+0000] {dagbag.py:588} INFO - Filling up the DagBag from /home/airflow/.local/lib/python3.12/site-packages/airflow/example_dags/example_display_name.py
[2025-02-20T13:47:25.049+0000] {processor.py:925} INFO - DAG(s) 'example_display_name' retrieved from /home/airflow/.local/lib/python3.12/site-packages/airflow/example_dags/example_display_name.py
[2025-02-20T13:47:25.079+0000] {logging_mixin.py:190} INFO - [2025-02-20T13:47:25.079+0000] {dag.py:3239} INFO - Sync 1 DAGs
[2025-02-20T13:47:25.108+0000] {logging_mixin.py:190} INFO - [2025-02-20T13:47:25.107+0000] {dag.py:4180} INFO - Setting next_dagrun for example_display_name to None, run_after=None
[2025-02-20T13:47:25.147+0000] {processor.py:208} INFO - Processing /home/airflow/.local/lib/python3.12/site-packages/airflow/example_dags/example_display_name.py took 0.119 seconds
[2025-02-20T13:47:55.295+0000] {processor.py:186} INFO - Started process (PID=5973) to work on /home/airflow/.local/lib/python3.12/site-packages/airflow/example_dags/example_display_name.py
[2025-02-20T13:47:55.296+0000] {processor.py:914} INFO - Processing file /home/airflow/.local/lib/python3.12/site-packages/airflow/example_dags/example_display_name.py for tasks to queue
[2025-02-20T13:47:55.298+0000] {logging_mixin.py:190} INFO - [2025-02-20T13:47:55.297+0000] {dagbag.py:588} INFO - Filling up the DagBag from /home/airflow/.local/lib/python3.12/site-packages/airflow/example_dags/example_display_name.py
[2025-02-20T13:47:55.305+0000] {processor.py:925} INFO - DAG(s) 'example_display_name' retrieved from /home/airflow/.local/lib/python3.12/site-packages/airflow/example_dags/example_display_name.py
[2025-02-20T13:47:55.319+0000] {logging_mixin.py:190} INFO - [2025-02-20T13:47:55.319+0000] {dag.py:3239} INFO - Sync 1 DAGs
[2025-02-20T13:47:55.331+0000] {logging_mixin.py:190} INFO - [2025-02-20T13:47:55.331+0000] {dag.py:4180} INFO - Setting next_dagrun for example_display_name to None, run_after=None
[2025-02-20T13:47:55.345+0000] {processor.py:208} INFO - Processing /home/airflow/.local/lib/python3.12/site-packages/airflow/example_dags/example_display_name.py took 0.055 seconds
[2025-02-20T13:48:25.836+0000] {processor.py:186} INFO - Started process (PID=6048) to work on /home/airflow/.local/lib/python3.12/site-packages/airflow/example_dags/example_display_name.py
[2025-02-20T13:48:25.837+0000] {processor.py:914} INFO - Processing file /home/airflow/.local/lib/python3.12/site-packages/airflow/example_dags/example_display_name.py for tasks to queue
[2025-02-20T13:48:25.838+0000] {logging_mixin.py:190} INFO - [2025-02-20T13:48:25.838+0000] {dagbag.py:588} INFO - Filling up the DagBag from /home/airflow/.local/lib/python3.12/site-packages/airflow/example_dags/example_display_name.py
[2025-02-20T13:48:25.844+0000] {processor.py:925} INFO - DAG(s) 'example_display_name' retrieved from /home/airflow/.local/lib/python3.12/site-packages/airflow/example_dags/example_display_name.py
[2025-02-20T13:48:25.858+0000] {logging_mixin.py:190} INFO - [2025-02-20T13:48:25.858+0000] {dag.py:3239} INFO - Sync 1 DAGs
[2025-02-20T13:48:25.869+0000] {logging_mixin.py:190} INFO - [2025-02-20T13:48:25.869+0000] {dag.py:4180} INFO - Setting next_dagrun for example_display_name to None, run_after=None
[2025-02-20T13:48:25.886+0000] {processor.py:208} INFO - Processing /home/airflow/.local/lib/python3.12/site-packages/airflow/example_dags/example_display_name.py took 0.055 seconds
[2025-02-20T13:48:56.252+0000] {processor.py:186} INFO - Started process (PID=6124) to work on /home/airflow/.local/lib/python3.12/site-packages/airflow/example_dags/example_display_name.py
[2025-02-20T13:48:56.253+0000] {processor.py:914} INFO - Processing file /home/airflow/.local/lib/python3.12/site-packages/airflow/example_dags/example_display_name.py for tasks to queue
[2025-02-20T13:48:56.255+0000] {logging_mixin.py:190} INFO - [2025-02-20T13:48:56.255+0000] {dagbag.py:588} INFO - Filling up the DagBag from /home/airflow/.local/lib/python3.12/site-packages/airflow/example_dags/example_display_name.py
[2025-02-20T13:48:56.261+0000] {processor.py:925} INFO - DAG(s) 'example_display_name' retrieved from /home/airflow/.local/lib/python3.12/site-packages/airflow/example_dags/example_display_name.py
[2025-02-20T13:48:56.277+0000] {logging_mixin.py:190} INFO - [2025-02-20T13:48:56.277+0000] {dag.py:3239} INFO - Sync 1 DAGs
[2025-02-20T13:48:56.289+0000] {logging_mixin.py:190} INFO - [2025-02-20T13:48:56.289+0000] {dag.py:4180} INFO - Setting next_dagrun for example_display_name to None, run_after=None
[2025-02-20T13:48:56.305+0000] {processor.py:208} INFO - Processing /home/airflow/.local/lib/python3.12/site-packages/airflow/example_dags/example_display_name.py took 0.058 seconds
[2025-02-20T13:49:26.434+0000] {processor.py:186} INFO - Started process (PID=6200) to work on /home/airflow/.local/lib/python3.12/site-packages/airflow/example_dags/example_display_name.py
[2025-02-20T13:49:26.435+0000] {processor.py:914} INFO - Processing file /home/airflow/.local/lib/python3.12/site-packages/airflow/example_dags/example_display_name.py for tasks to queue
[2025-02-20T13:49:26.437+0000] {logging_mixin.py:190} INFO - [2025-02-20T13:49:26.437+0000] {dagbag.py:588} INFO - Filling up the DagBag from /home/airflow/.local/lib/python3.12/site-packages/airflow/example_dags/example_display_name.py
[2025-02-20T13:49:26.444+0000] {processor.py:925} INFO - DAG(s) 'example_display_name' retrieved from /home/airflow/.local/lib/python3.12/site-packages/airflow/example_dags/example_display_name.py
[2025-02-20T13:49:26.459+0000] {logging_mixin.py:190} INFO - [2025-02-20T13:49:26.459+0000] {dag.py:3239} INFO - Sync 1 DAGs
[2025-02-20T13:49:26.472+0000] {logging_mixin.py:190} INFO - [2025-02-20T13:49:26.472+0000] {dag.py:4180} INFO - Setting next_dagrun for example_display_name to None, run_after=None
[2025-02-20T13:49:26.490+0000] {processor.py:208} INFO - Processing /home/airflow/.local/lib/python3.12/site-packages/airflow/example_dags/example_display_name.py took 0.061 seconds
[2025-02-20T13:49:57.191+0000] {processor.py:186} INFO - Started process (PID=6276) to work on /home/airflow/.local/lib/python3.12/site-packages/airflow/example_dags/example_display_name.py
[2025-02-20T13:49:57.192+0000] {processor.py:914} INFO - Processing file /home/airflow/.local/lib/python3.12/site-packages/airflow/example_dags/example_display_name.py for tasks to queue
[2025-02-20T13:49:57.193+0000] {logging_mixin.py:190} INFO - [2025-02-20T13:49:57.193+0000] {dagbag.py:588} INFO - Filling up the DagBag from /home/airflow/.local/lib/python3.12/site-packages/airflow/example_dags/example_display_name.py
[2025-02-20T13:49:57.200+0000] {processor.py:925} INFO - DAG(s) 'example_display_name' retrieved from /home/airflow/.local/lib/python3.12/site-packages/airflow/example_dags/example_display_name.py
[2025-02-20T13:49:57.215+0000] {logging_mixin.py:190} INFO - [2025-02-20T13:49:57.215+0000] {dag.py:3239} INFO - Sync 1 DAGs
[2025-02-20T13:49:57.226+0000] {logging_mixin.py:190} INFO - [2025-02-20T13:49:57.226+0000] {dag.py:4180} INFO - Setting next_dagrun for example_display_name to None, run_after=None
[2025-02-20T13:49:57.242+0000] {processor.py:208} INFO - Processing /home/airflow/.local/lib/python3.12/site-packages/airflow/example_dags/example_display_name.py took 0.056 seconds
[2025-02-20T13:50:27.355+0000] {processor.py:186} INFO - Started process (PID=6352) to work on /home/airflow/.local/lib/python3.12/site-packages/airflow/example_dags/example_display_name.py
[2025-02-20T13:50:27.356+0000] {processor.py:914} INFO - Processing file /home/airflow/.local/lib/python3.12/site-packages/airflow/example_dags/example_display_name.py for tasks to queue
[2025-02-20T13:50:27.357+0000] {logging_mixin.py:190} INFO - [2025-02-20T13:50:27.357+0000] {dagbag.py:588} INFO - Filling up the DagBag from /home/airflow/.local/lib/python3.12/site-packages/airflow/example_dags/example_display_name.py
[2025-02-20T13:50:27.365+0000] {processor.py:925} INFO - DAG(s) 'example_display_name' retrieved from /home/airflow/.local/lib/python3.12/site-packages/airflow/example_dags/example_display_name.py
[2025-02-20T13:50:27.381+0000] {logging_mixin.py:190} INFO - [2025-02-20T13:50:27.381+0000] {dag.py:3239} INFO - Sync 1 DAGs
[2025-02-20T13:50:27.393+0000] {logging_mixin.py:190} INFO - [2025-02-20T13:50:27.393+0000] {dag.py:4180} INFO - Setting next_dagrun for example_display_name to None, run_after=None
[2025-02-20T13:50:27.411+0000] {processor.py:208} INFO - Processing /home/airflow/.local/lib/python3.12/site-packages/airflow/example_dags/example_display_name.py took 0.063 seconds
[2025-02-20T13:50:57.972+0000] {processor.py:186} INFO - Started process (PID=6428) to work on /home/airflow/.local/lib/python3.12/site-packages/airflow/example_dags/example_display_name.py
[2025-02-20T13:50:57.974+0000] {processor.py:914} INFO - Processing file /home/airflow/.local/lib/python3.12/site-packages/airflow/example_dags/example_display_name.py for tasks to queue
[2025-02-20T13:50:57.975+0000] {logging_mixin.py:190} INFO - [2025-02-20T13:50:57.975+0000] {dagbag.py:588} INFO - Filling up the DagBag from /home/airflow/.local/lib/python3.12/site-packages/airflow/example_dags/example_display_name.py
[2025-02-20T13:50:57.981+0000] {processor.py:925} INFO - DAG(s) 'example_display_name' retrieved from /home/airflow/.local/lib/python3.12/site-packages/airflow/example_dags/example_display_name.py
[2025-02-20T13:50:57.996+0000] {logging_mixin.py:190} INFO - [2025-02-20T13:50:57.996+0000] {dag.py:3239} INFO - Sync 1 DAGs
[2025-02-20T13:50:58.008+0000] {logging_mixin.py:190} INFO - [2025-02-20T13:50:58.008+0000] {dag.py:4180} INFO - Setting next_dagrun for example_display_name to None, run_after=None
[2025-02-20T13:50:58.023+0000] {processor.py:208} INFO - Processing /home/airflow/.local/lib/python3.12/site-packages/airflow/example_dags/example_display_name.py took 0.055 seconds
[2025-02-20T13:51:28.660+0000] {processor.py:186} INFO - Started process (PID=6503) to work on /home/airflow/.local/lib/python3.12/site-packages/airflow/example_dags/example_display_name.py
[2025-02-20T13:51:28.662+0000] {processor.py:914} INFO - Processing file /home/airflow/.local/lib/python3.12/site-packages/airflow/example_dags/example_display_name.py for tasks to queue
[2025-02-20T13:51:28.663+0000] {logging_mixin.py:190} INFO - [2025-02-20T13:51:28.663+0000] {dagbag.py:588} INFO - Filling up the DagBag from /home/airflow/.local/lib/python3.12/site-packages/airflow/example_dags/example_display_name.py
[2025-02-20T13:51:28.670+0000] {processor.py:925} INFO - DAG(s) 'example_display_name' retrieved from /home/airflow/.local/lib/python3.12/site-packages/airflow/example_dags/example_display_name.py
[2025-02-20T13:51:28.687+0000] {logging_mixin.py:190} INFO - [2025-02-20T13:51:28.687+0000] {dag.py:3239} INFO - Sync 1 DAGs
[2025-02-20T13:51:28.701+0000] {logging_mixin.py:190} INFO - [2025-02-20T13:51:28.701+0000] {dag.py:4180} INFO - Setting next_dagrun for example_display_name to None, run_after=None
[2025-02-20T13:51:28.721+0000] {processor.py:208} INFO - Processing /home/airflow/.local/lib/python3.12/site-packages/airflow/example_dags/example_display_name.py took 0.066 seconds
[2025-02-20T13:51:59.241+0000] {processor.py:186} INFO - Started process (PID=6579) to work on /home/airflow/.local/lib/python3.12/site-packages/airflow/example_dags/example_display_name.py
[2025-02-20T13:51:59.242+0000] {processor.py:914} INFO - Processing file /home/airflow/.local/lib/python3.12/site-packages/airflow/example_dags/example_display_name.py for tasks to queue
[2025-02-20T13:51:59.244+0000] {logging_mixin.py:190} INFO - [2025-02-20T13:51:59.244+0000] {dagbag.py:588} INFO - Filling up the DagBag from /home/airflow/.local/lib/python3.12/site-packages/airflow/example_dags/example_display_name.py
[2025-02-20T13:51:59.250+0000] {processor.py:925} INFO - DAG(s) 'example_display_name' retrieved from /home/airflow/.local/lib/python3.12/site-packages/airflow/example_dags/example_display_name.py
[2025-02-20T13:51:59.265+0000] {logging_mixin.py:190} INFO - [2025-02-20T13:51:59.265+0000] {dag.py:3239} INFO - Sync 1 DAGs
[2025-02-20T13:51:59.278+0000] {logging_mixin.py:190} INFO - [2025-02-20T13:51:59.277+0000] {dag.py:4180} INFO - Setting next_dagrun for example_display_name to None, run_after=None
[2025-02-20T13:51:59.297+0000] {processor.py:208} INFO - Processing /home/airflow/.local/lib/python3.12/site-packages/airflow/example_dags/example_display_name.py took 0.060 seconds
[2025-02-20T13:52:30.107+0000] {processor.py:186} INFO - Started process (PID=6655) to work on /home/airflow/.local/lib/python3.12/site-packages/airflow/example_dags/example_display_name.py
[2025-02-20T13:52:30.109+0000] {processor.py:914} INFO - Processing file /home/airflow/.local/lib/python3.12/site-packages/airflow/example_dags/example_display_name.py for tasks to queue
[2025-02-20T13:52:30.110+0000] {logging_mixin.py:190} INFO - [2025-02-20T13:52:30.110+0000] {dagbag.py:588} INFO - Filling up the DagBag from /home/airflow/.local/lib/python3.12/site-packages/airflow/example_dags/example_display_name.py
[2025-02-20T13:52:30.117+0000] {processor.py:925} INFO - DAG(s) 'example_display_name' retrieved from /home/airflow/.local/lib/python3.12/site-packages/airflow/example_dags/example_display_name.py
[2025-02-20T13:52:30.133+0000] {logging_mixin.py:190} INFO - [2025-02-20T13:52:30.133+0000] {dag.py:3239} INFO - Sync 1 DAGs
[2025-02-20T13:52:30.144+0000] {logging_mixin.py:190} INFO - [2025-02-20T13:52:30.144+0000] {dag.py:4180} INFO - Setting next_dagrun for example_display_name to None, run_after=None
[2025-02-20T13:52:30.161+0000] {processor.py:208} INFO - Processing /home/airflow/.local/lib/python3.12/site-packages/airflow/example_dags/example_display_name.py took 0.058 seconds
[2025-02-20T13:53:00.433+0000] {processor.py:186} INFO - Started process (PID=6731) to work on /home/airflow/.local/lib/python3.12/site-packages/airflow/example_dags/example_display_name.py
[2025-02-20T13:53:00.434+0000] {processor.py:914} INFO - Processing file /home/airflow/.local/lib/python3.12/site-packages/airflow/example_dags/example_display_name.py for tasks to queue
[2025-02-20T13:53:00.435+0000] {logging_mixin.py:190} INFO - [2025-02-20T13:53:00.435+0000] {dagbag.py:588} INFO - Filling up the DagBag from /home/airflow/.local/lib/python3.12/site-packages/airflow/example_dags/example_display_name.py
[2025-02-20T13:53:00.441+0000] {processor.py:925} INFO - DAG(s) 'example_display_name' retrieved from /home/airflow/.local/lib/python3.12/site-packages/airflow/example_dags/example_display_name.py
[2025-02-20T13:53:00.459+0000] {logging_mixin.py:190} INFO - [2025-02-20T13:53:00.459+0000] {dag.py:3239} INFO - Sync 1 DAGs
[2025-02-20T13:53:00.472+0000] {logging_mixin.py:190} INFO - [2025-02-20T13:53:00.472+0000] {dag.py:4180} INFO - Setting next_dagrun for example_display_name to None, run_after=None
[2025-02-20T13:53:00.490+0000] {processor.py:208} INFO - Processing /home/airflow/.local/lib/python3.12/site-packages/airflow/example_dags/example_display_name.py took 0.062 seconds
[2025-02-20T13:53:30.971+0000] {processor.py:186} INFO - Started process (PID=6806) to work on /home/airflow/.local/lib/python3.12/site-packages/airflow/example_dags/example_display_name.py
[2025-02-20T13:53:30.972+0000] {processor.py:914} INFO - Processing file /home/airflow/.local/lib/python3.12/site-packages/airflow/example_dags/example_display_name.py for tasks to queue
[2025-02-20T13:53:30.973+0000] {logging_mixin.py:190} INFO - [2025-02-20T13:53:30.973+0000] {dagbag.py:588} INFO - Filling up the DagBag from /home/airflow/.local/lib/python3.12/site-packages/airflow/example_dags/example_display_name.py
[2025-02-20T13:53:30.980+0000] {processor.py:925} INFO - DAG(s) 'example_display_name' retrieved from /home/airflow/.local/lib/python3.12/site-packages/airflow/example_dags/example_display_name.py
[2025-02-20T13:53:30.997+0000] {logging_mixin.py:190} INFO - [2025-02-20T13:53:30.997+0000] {dag.py:3239} INFO - Sync 1 DAGs
[2025-02-20T13:53:31.010+0000] {logging_mixin.py:190} INFO - [2025-02-20T13:53:31.010+0000] {dag.py:4180} INFO - Setting next_dagrun for example_display_name to None, run_after=None
[2025-02-20T13:53:31.029+0000] {processor.py:208} INFO - Processing /home/airflow/.local/lib/python3.12/site-packages/airflow/example_dags/example_display_name.py took 0.062 seconds
[2025-02-20T13:54:01.221+0000] {processor.py:186} INFO - Started process (PID=6882) to work on /home/airflow/.local/lib/python3.12/site-packages/airflow/example_dags/example_display_name.py
[2025-02-20T13:54:01.222+0000] {processor.py:914} INFO - Processing file /home/airflow/.local/lib/python3.12/site-packages/airflow/example_dags/example_display_name.py for tasks to queue
[2025-02-20T13:54:01.223+0000] {logging_mixin.py:190} INFO - [2025-02-20T13:54:01.223+0000] {dagbag.py:588} INFO - Filling up the DagBag from /home/airflow/.local/lib/python3.12/site-packages/airflow/example_dags/example_display_name.py
[2025-02-20T13:54:01.229+0000] {processor.py:925} INFO - DAG(s) 'example_display_name' retrieved from /home/airflow/.local/lib/python3.12/site-packages/airflow/example_dags/example_display_name.py
[2025-02-20T13:54:01.245+0000] {logging_mixin.py:190} INFO - [2025-02-20T13:54:01.245+0000] {dag.py:3239} INFO - Sync 1 DAGs
[2025-02-20T13:54:01.257+0000] {logging_mixin.py:190} INFO - [2025-02-20T13:54:01.257+0000] {dag.py:4180} INFO - Setting next_dagrun for example_display_name to None, run_after=None
[2025-02-20T13:54:01.273+0000] {processor.py:208} INFO - Processing /home/airflow/.local/lib/python3.12/site-packages/airflow/example_dags/example_display_name.py took 0.057 seconds
[2025-02-20T13:54:31.795+0000] {processor.py:186} INFO - Started process (PID=6957) to work on /home/airflow/.local/lib/python3.12/site-packages/airflow/example_dags/example_display_name.py
[2025-02-20T13:54:31.796+0000] {processor.py:914} INFO - Processing file /home/airflow/.local/lib/python3.12/site-packages/airflow/example_dags/example_display_name.py for tasks to queue
[2025-02-20T13:54:31.797+0000] {logging_mixin.py:190} INFO - [2025-02-20T13:54:31.797+0000] {dagbag.py:588} INFO - Filling up the DagBag from /home/airflow/.local/lib/python3.12/site-packages/airflow/example_dags/example_display_name.py
[2025-02-20T13:54:31.805+0000] {processor.py:925} INFO - DAG(s) 'example_display_name' retrieved from /home/airflow/.local/lib/python3.12/site-packages/airflow/example_dags/example_display_name.py
[2025-02-20T13:54:31.822+0000] {logging_mixin.py:190} INFO - [2025-02-20T13:54:31.822+0000] {dag.py:3239} INFO - Sync 1 DAGs
[2025-02-20T13:54:31.834+0000] {logging_mixin.py:190} INFO - [2025-02-20T13:54:31.834+0000] {dag.py:4180} INFO - Setting next_dagrun for example_display_name to None, run_after=None
[2025-02-20T13:54:31.853+0000] {processor.py:208} INFO - Processing /home/airflow/.local/lib/python3.12/site-packages/airflow/example_dags/example_display_name.py took 0.064 seconds
[2025-02-20T13:55:02.714+0000] {processor.py:186} INFO - Started process (PID=7031) to work on /home/airflow/.local/lib/python3.12/site-packages/airflow/example_dags/example_display_name.py
[2025-02-20T13:55:02.715+0000] {processor.py:914} INFO - Processing file /home/airflow/.local/lib/python3.12/site-packages/airflow/example_dags/example_display_name.py for tasks to queue
[2025-02-20T13:55:02.717+0000] {logging_mixin.py:190} INFO - [2025-02-20T13:55:02.716+0000] {dagbag.py:588} INFO - Filling up the DagBag from /home/airflow/.local/lib/python3.12/site-packages/airflow/example_dags/example_display_name.py
[2025-02-20T13:55:02.723+0000] {processor.py:925} INFO - DAG(s) 'example_display_name' retrieved from /home/airflow/.local/lib/python3.12/site-packages/airflow/example_dags/example_display_name.py
[2025-02-20T13:55:02.738+0000] {logging_mixin.py:190} INFO - [2025-02-20T13:55:02.738+0000] {dag.py:3239} INFO - Sync 1 DAGs
[2025-02-20T13:55:02.750+0000] {logging_mixin.py:190} INFO - [2025-02-20T13:55:02.750+0000] {dag.py:4180} INFO - Setting next_dagrun for example_display_name to None, run_after=None
[2025-02-20T13:55:02.766+0000] {processor.py:208} INFO - Processing /home/airflow/.local/lib/python3.12/site-packages/airflow/example_dags/example_display_name.py took 0.056 seconds
[2025-02-20T13:55:33.646+0000] {processor.py:186} INFO - Started process (PID=7107) to work on /home/airflow/.local/lib/python3.12/site-packages/airflow/example_dags/example_display_name.py
[2025-02-20T13:55:33.647+0000] {processor.py:914} INFO - Processing file /home/airflow/.local/lib/python3.12/site-packages/airflow/example_dags/example_display_name.py for tasks to queue
[2025-02-20T13:55:33.649+0000] {logging_mixin.py:190} INFO - [2025-02-20T13:55:33.649+0000] {dagbag.py:588} INFO - Filling up the DagBag from /home/airflow/.local/lib/python3.12/site-packages/airflow/example_dags/example_display_name.py
[2025-02-20T13:55:33.656+0000] {processor.py:925} INFO - DAG(s) 'example_display_name' retrieved from /home/airflow/.local/lib/python3.12/site-packages/airflow/example_dags/example_display_name.py
[2025-02-20T13:55:33.671+0000] {logging_mixin.py:190} INFO - [2025-02-20T13:55:33.671+0000] {dag.py:3239} INFO - Sync 1 DAGs
[2025-02-20T13:55:33.682+0000] {logging_mixin.py:190} INFO - [2025-02-20T13:55:33.682+0000] {dag.py:4180} INFO - Setting next_dagrun for example_display_name to None, run_after=None
[2025-02-20T13:55:33.698+0000] {processor.py:208} INFO - Processing /home/airflow/.local/lib/python3.12/site-packages/airflow/example_dags/example_display_name.py took 0.056 seconds
[2025-02-20T13:56:03.798+0000] {processor.py:186} INFO - Started process (PID=7183) to work on /home/airflow/.local/lib/python3.12/site-packages/airflow/example_dags/example_display_name.py
[2025-02-20T13:56:03.800+0000] {processor.py:914} INFO - Processing file /home/airflow/.local/lib/python3.12/site-packages/airflow/example_dags/example_display_name.py for tasks to queue
[2025-02-20T13:56:03.801+0000] {logging_mixin.py:190} INFO - [2025-02-20T13:56:03.801+0000] {dagbag.py:588} INFO - Filling up the DagBag from /home/airflow/.local/lib/python3.12/site-packages/airflow/example_dags/example_display_name.py
[2025-02-20T13:56:03.809+0000] {processor.py:925} INFO - DAG(s) 'example_display_name' retrieved from /home/airflow/.local/lib/python3.12/site-packages/airflow/example_dags/example_display_name.py
[2025-02-20T13:56:03.828+0000] {logging_mixin.py:190} INFO - [2025-02-20T13:56:03.828+0000] {dag.py:3239} INFO - Sync 1 DAGs
[2025-02-20T13:56:03.841+0000] {logging_mixin.py:190} INFO - [2025-02-20T13:56:03.841+0000] {dag.py:4180} INFO - Setting next_dagrun for example_display_name to None, run_after=None
[2025-02-20T13:56:03.861+0000] {processor.py:208} INFO - Processing /home/airflow/.local/lib/python3.12/site-packages/airflow/example_dags/example_display_name.py took 0.068 seconds
[2025-02-20T13:56:34.021+0000] {processor.py:186} INFO - Started process (PID=7259) to work on /home/airflow/.local/lib/python3.12/site-packages/airflow/example_dags/example_display_name.py
[2025-02-20T13:56:34.022+0000] {processor.py:914} INFO - Processing file /home/airflow/.local/lib/python3.12/site-packages/airflow/example_dags/example_display_name.py for tasks to queue
[2025-02-20T13:56:34.024+0000] {logging_mixin.py:190} INFO - [2025-02-20T13:56:34.024+0000] {dagbag.py:588} INFO - Filling up the DagBag from /home/airflow/.local/lib/python3.12/site-packages/airflow/example_dags/example_display_name.py
[2025-02-20T13:56:34.030+0000] {processor.py:925} INFO - DAG(s) 'example_display_name' retrieved from /home/airflow/.local/lib/python3.12/site-packages/airflow/example_dags/example_display_name.py
[2025-02-20T13:56:34.049+0000] {logging_mixin.py:190} INFO - [2025-02-20T13:56:34.049+0000] {dag.py:3239} INFO - Sync 1 DAGs
[2025-02-20T13:56:34.062+0000] {logging_mixin.py:190} INFO - [2025-02-20T13:56:34.062+0000] {dag.py:4180} INFO - Setting next_dagrun for example_display_name to None, run_after=None
[2025-02-20T13:56:34.083+0000] {processor.py:208} INFO - Processing /home/airflow/.local/lib/python3.12/site-packages/airflow/example_dags/example_display_name.py took 0.067 seconds
[2025-02-20T13:57:04.551+0000] {processor.py:186} INFO - Started process (PID=7335) to work on /home/airflow/.local/lib/python3.12/site-packages/airflow/example_dags/example_display_name.py
[2025-02-20T13:57:04.553+0000] {processor.py:914} INFO - Processing file /home/airflow/.local/lib/python3.12/site-packages/airflow/example_dags/example_display_name.py for tasks to queue
[2025-02-20T13:57:04.554+0000] {logging_mixin.py:190} INFO - [2025-02-20T13:57:04.554+0000] {dagbag.py:588} INFO - Filling up the DagBag from /home/airflow/.local/lib/python3.12/site-packages/airflow/example_dags/example_display_name.py
[2025-02-20T13:57:04.562+0000] {processor.py:925} INFO - DAG(s) 'example_display_name' retrieved from /home/airflow/.local/lib/python3.12/site-packages/airflow/example_dags/example_display_name.py
[2025-02-20T13:57:04.581+0000] {logging_mixin.py:190} INFO - [2025-02-20T13:57:04.580+0000] {dag.py:3239} INFO - Sync 1 DAGs
[2025-02-20T13:57:04.595+0000] {logging_mixin.py:190} INFO - [2025-02-20T13:57:04.595+0000] {dag.py:4180} INFO - Setting next_dagrun for example_display_name to None, run_after=None
[2025-02-20T13:57:04.614+0000] {processor.py:208} INFO - Processing /home/airflow/.local/lib/python3.12/site-packages/airflow/example_dags/example_display_name.py took 0.068 seconds
[2025-02-20T13:57:35.406+0000] {processor.py:186} INFO - Started process (PID=7411) to work on /home/airflow/.local/lib/python3.12/site-packages/airflow/example_dags/example_display_name.py
[2025-02-20T13:57:35.407+0000] {processor.py:914} INFO - Processing file /home/airflow/.local/lib/python3.12/site-packages/airflow/example_dags/example_display_name.py for tasks to queue
[2025-02-20T13:57:35.408+0000] {logging_mixin.py:190} INFO - [2025-02-20T13:57:35.408+0000] {dagbag.py:588} INFO - Filling up the DagBag from /home/airflow/.local/lib/python3.12/site-packages/airflow/example_dags/example_display_name.py
[2025-02-20T13:57:35.414+0000] {processor.py:925} INFO - DAG(s) 'example_display_name' retrieved from /home/airflow/.local/lib/python3.12/site-packages/airflow/example_dags/example_display_name.py
[2025-02-20T13:57:35.430+0000] {logging_mixin.py:190} INFO - [2025-02-20T13:57:35.430+0000] {dag.py:3239} INFO - Sync 1 DAGs
[2025-02-20T13:57:35.442+0000] {logging_mixin.py:190} INFO - [2025-02-20T13:57:35.442+0000] {dag.py:4180} INFO - Setting next_dagrun for example_display_name to None, run_after=None
[2025-02-20T13:57:35.460+0000] {processor.py:208} INFO - Processing /home/airflow/.local/lib/python3.12/site-packages/airflow/example_dags/example_display_name.py took 0.059 seconds
[2025-02-20T13:58:05.644+0000] {processor.py:186} INFO - Started process (PID=7494) to work on /home/airflow/.local/lib/python3.12/site-packages/airflow/example_dags/example_display_name.py
[2025-02-20T13:58:05.645+0000] {processor.py:914} INFO - Processing file /home/airflow/.local/lib/python3.12/site-packages/airflow/example_dags/example_display_name.py for tasks to queue
[2025-02-20T13:58:05.646+0000] {logging_mixin.py:190} INFO - [2025-02-20T13:58:05.646+0000] {dagbag.py:588} INFO - Filling up the DagBag from /home/airflow/.local/lib/python3.12/site-packages/airflow/example_dags/example_display_name.py
[2025-02-20T13:58:05.653+0000] {processor.py:925} INFO - DAG(s) 'example_display_name' retrieved from /home/airflow/.local/lib/python3.12/site-packages/airflow/example_dags/example_display_name.py
[2025-02-20T13:58:05.668+0000] {logging_mixin.py:190} INFO - [2025-02-20T13:58:05.668+0000] {dag.py:3239} INFO - Sync 1 DAGs
[2025-02-20T13:58:05.679+0000] {logging_mixin.py:190} INFO - [2025-02-20T13:58:05.679+0000] {dag.py:4180} INFO - Setting next_dagrun for example_display_name to None, run_after=None
[2025-02-20T13:58:05.696+0000] {processor.py:208} INFO - Processing /home/airflow/.local/lib/python3.12/site-packages/airflow/example_dags/example_display_name.py took 0.056 seconds
[2025-02-20T13:58:35.925+0000] {processor.py:186} INFO - Started process (PID=7570) to work on /home/airflow/.local/lib/python3.12/site-packages/airflow/example_dags/example_display_name.py
[2025-02-20T13:58:35.926+0000] {processor.py:914} INFO - Processing file /home/airflow/.local/lib/python3.12/site-packages/airflow/example_dags/example_display_name.py for tasks to queue
[2025-02-20T13:58:35.927+0000] {logging_mixin.py:190} INFO - [2025-02-20T13:58:35.927+0000] {dagbag.py:588} INFO - Filling up the DagBag from /home/airflow/.local/lib/python3.12/site-packages/airflow/example_dags/example_display_name.py
[2025-02-20T13:58:35.933+0000] {processor.py:925} INFO - DAG(s) 'example_display_name' retrieved from /home/airflow/.local/lib/python3.12/site-packages/airflow/example_dags/example_display_name.py
[2025-02-20T13:58:35.949+0000] {logging_mixin.py:190} INFO - [2025-02-20T13:58:35.948+0000] {dag.py:3239} INFO - Sync 1 DAGs
[2025-02-20T13:58:35.962+0000] {logging_mixin.py:190} INFO - [2025-02-20T13:58:35.962+0000] {dag.py:4180} INFO - Setting next_dagrun for example_display_name to None, run_after=None
[2025-02-20T13:58:35.986+0000] {processor.py:208} INFO - Processing /home/airflow/.local/lib/python3.12/site-packages/airflow/example_dags/example_display_name.py took 0.066 seconds
[2025-02-20T13:59:06.569+0000] {processor.py:186} INFO - Started process (PID=7647) to work on /home/airflow/.local/lib/python3.12/site-packages/airflow/example_dags/example_display_name.py
[2025-02-20T13:59:06.570+0000] {processor.py:914} INFO - Processing file /home/airflow/.local/lib/python3.12/site-packages/airflow/example_dags/example_display_name.py for tasks to queue
[2025-02-20T13:59:06.572+0000] {logging_mixin.py:190} INFO - [2025-02-20T13:59:06.572+0000] {dagbag.py:588} INFO - Filling up the DagBag from /home/airflow/.local/lib/python3.12/site-packages/airflow/example_dags/example_display_name.py
[2025-02-20T13:59:06.578+0000] {processor.py:925} INFO - DAG(s) 'example_display_name' retrieved from /home/airflow/.local/lib/python3.12/site-packages/airflow/example_dags/example_display_name.py
[2025-02-20T13:59:06.594+0000] {logging_mixin.py:190} INFO - [2025-02-20T13:59:06.594+0000] {dag.py:3239} INFO - Sync 1 DAGs
[2025-02-20T13:59:06.606+0000] {logging_mixin.py:190} INFO - [2025-02-20T13:59:06.606+0000] {dag.py:4180} INFO - Setting next_dagrun for example_display_name to None, run_after=None
[2025-02-20T13:59:06.623+0000] {processor.py:208} INFO - Processing /home/airflow/.local/lib/python3.12/site-packages/airflow/example_dags/example_display_name.py took 0.058 seconds
[2025-02-20T13:59:37.008+0000] {processor.py:186} INFO - Started process (PID=7723) to work on /home/airflow/.local/lib/python3.12/site-packages/airflow/example_dags/example_display_name.py
[2025-02-20T13:59:37.009+0000] {processor.py:914} INFO - Processing file /home/airflow/.local/lib/python3.12/site-packages/airflow/example_dags/example_display_name.py for tasks to queue
[2025-02-20T13:59:37.011+0000] {logging_mixin.py:190} INFO - [2025-02-20T13:59:37.010+0000] {dagbag.py:588} INFO - Filling up the DagBag from /home/airflow/.local/lib/python3.12/site-packages/airflow/example_dags/example_display_name.py
[2025-02-20T13:59:37.017+0000] {processor.py:925} INFO - DAG(s) 'example_display_name' retrieved from /home/airflow/.local/lib/python3.12/site-packages/airflow/example_dags/example_display_name.py
[2025-02-20T13:59:37.034+0000] {logging_mixin.py:190} INFO - [2025-02-20T13:59:37.034+0000] {dag.py:3239} INFO - Sync 1 DAGs
[2025-02-20T13:59:37.047+0000] {logging_mixin.py:190} INFO - [2025-02-20T13:59:37.047+0000] {dag.py:4180} INFO - Setting next_dagrun for example_display_name to None, run_after=None
[2025-02-20T13:59:37.064+0000] {processor.py:208} INFO - Processing /home/airflow/.local/lib/python3.12/site-packages/airflow/example_dags/example_display_name.py took 0.061 seconds
[2025-02-20T14:00:07.156+0000] {processor.py:186} INFO - Started process (PID=7799) to work on /home/airflow/.local/lib/python3.12/site-packages/airflow/example_dags/example_display_name.py
[2025-02-20T14:00:07.157+0000] {processor.py:914} INFO - Processing file /home/airflow/.local/lib/python3.12/site-packages/airflow/example_dags/example_display_name.py for tasks to queue
[2025-02-20T14:00:07.158+0000] {logging_mixin.py:190} INFO - [2025-02-20T14:00:07.158+0000] {dagbag.py:588} INFO - Filling up the DagBag from /home/airflow/.local/lib/python3.12/site-packages/airflow/example_dags/example_display_name.py
[2025-02-20T14:00:07.164+0000] {processor.py:925} INFO - DAG(s) 'example_display_name' retrieved from /home/airflow/.local/lib/python3.12/site-packages/airflow/example_dags/example_display_name.py
[2025-02-20T14:00:07.179+0000] {logging_mixin.py:190} INFO - [2025-02-20T14:00:07.179+0000] {dag.py:3239} INFO - Sync 1 DAGs
[2025-02-20T14:00:07.192+0000] {logging_mixin.py:190} INFO - [2025-02-20T14:00:07.191+0000] {dag.py:4180} INFO - Setting next_dagrun for example_display_name to None, run_after=None
[2025-02-20T14:00:07.209+0000] {processor.py:208} INFO - Processing /home/airflow/.local/lib/python3.12/site-packages/airflow/example_dags/example_display_name.py took 0.057 seconds
[2025-02-20T14:00:37.313+0000] {processor.py:186} INFO - Started process (PID=7875) to work on /home/airflow/.local/lib/python3.12/site-packages/airflow/example_dags/example_display_name.py
[2025-02-20T14:00:37.314+0000] {processor.py:914} INFO - Processing file /home/airflow/.local/lib/python3.12/site-packages/airflow/example_dags/example_display_name.py for tasks to queue
[2025-02-20T14:00:37.316+0000] {logging_mixin.py:190} INFO - [2025-02-20T14:00:37.316+0000] {dagbag.py:588} INFO - Filling up the DagBag from /home/airflow/.local/lib/python3.12/site-packages/airflow/example_dags/example_display_name.py
[2025-02-20T14:00:37.322+0000] {processor.py:925} INFO - DAG(s) 'example_display_name' retrieved from /home/airflow/.local/lib/python3.12/site-packages/airflow/example_dags/example_display_name.py
[2025-02-20T14:00:37.339+0000] {logging_mixin.py:190} INFO - [2025-02-20T14:00:37.339+0000] {dag.py:3239} INFO - Sync 1 DAGs
[2025-02-20T14:00:37.351+0000] {logging_mixin.py:190} INFO - [2025-02-20T14:00:37.351+0000] {dag.py:4180} INFO - Setting next_dagrun for example_display_name to None, run_after=None
[2025-02-20T14:00:37.368+0000] {processor.py:208} INFO - Processing /home/airflow/.local/lib/python3.12/site-packages/airflow/example_dags/example_display_name.py took 0.059 seconds
[2025-02-20T14:01:08.169+0000] {processor.py:186} INFO - Started process (PID=7951) to work on /home/airflow/.local/lib/python3.12/site-packages/airflow/example_dags/example_display_name.py
[2025-02-20T14:01:08.170+0000] {processor.py:914} INFO - Processing file /home/airflow/.local/lib/python3.12/site-packages/airflow/example_dags/example_display_name.py for tasks to queue
[2025-02-20T14:01:08.171+0000] {logging_mixin.py:190} INFO - [2025-02-20T14:01:08.171+0000] {dagbag.py:588} INFO - Filling up the DagBag from /home/airflow/.local/lib/python3.12/site-packages/airflow/example_dags/example_display_name.py
[2025-02-20T14:01:08.178+0000] {processor.py:925} INFO - DAG(s) 'example_display_name' retrieved from /home/airflow/.local/lib/python3.12/site-packages/airflow/example_dags/example_display_name.py
[2025-02-20T14:01:08.195+0000] {logging_mixin.py:190} INFO - [2025-02-20T14:01:08.195+0000] {dag.py:3239} INFO - Sync 1 DAGs
[2025-02-20T14:01:08.208+0000] {logging_mixin.py:190} INFO - [2025-02-20T14:01:08.208+0000] {dag.py:4180} INFO - Setting next_dagrun for example_display_name to None, run_after=None
[2025-02-20T14:01:08.230+0000] {processor.py:208} INFO - Processing /home/airflow/.local/lib/python3.12/site-packages/airflow/example_dags/example_display_name.py took 0.067 seconds
[2025-02-20T14:01:38.340+0000] {processor.py:186} INFO - Started process (PID=8027) to work on /home/airflow/.local/lib/python3.12/site-packages/airflow/example_dags/example_display_name.py
[2025-02-20T14:01:38.341+0000] {processor.py:914} INFO - Processing file /home/airflow/.local/lib/python3.12/site-packages/airflow/example_dags/example_display_name.py for tasks to queue
[2025-02-20T14:01:38.343+0000] {logging_mixin.py:190} INFO - [2025-02-20T14:01:38.342+0000] {dagbag.py:588} INFO - Filling up the DagBag from /home/airflow/.local/lib/python3.12/site-packages/airflow/example_dags/example_display_name.py
[2025-02-20T14:01:38.351+0000] {processor.py:925} INFO - DAG(s) 'example_display_name' retrieved from /home/airflow/.local/lib/python3.12/site-packages/airflow/example_dags/example_display_name.py
[2025-02-20T14:01:38.369+0000] {logging_mixin.py:190} INFO - [2025-02-20T14:01:38.368+0000] {dag.py:3239} INFO - Sync 1 DAGs
[2025-02-20T14:01:38.382+0000] {logging_mixin.py:190} INFO - [2025-02-20T14:01:38.382+0000] {dag.py:4180} INFO - Setting next_dagrun for example_display_name to None, run_after=None
[2025-02-20T14:01:38.401+0000] {processor.py:208} INFO - Processing /home/airflow/.local/lib/python3.12/site-packages/airflow/example_dags/example_display_name.py took 0.067 seconds
[2025-02-20T14:02:08.851+0000] {processor.py:186} INFO - Started process (PID=8103) to work on /home/airflow/.local/lib/python3.12/site-packages/airflow/example_dags/example_display_name.py
[2025-02-20T14:02:08.852+0000] {processor.py:914} INFO - Processing file /home/airflow/.local/lib/python3.12/site-packages/airflow/example_dags/example_display_name.py for tasks to queue
[2025-02-20T14:02:08.853+0000] {logging_mixin.py:190} INFO - [2025-02-20T14:02:08.853+0000] {dagbag.py:588} INFO - Filling up the DagBag from /home/airflow/.local/lib/python3.12/site-packages/airflow/example_dags/example_display_name.py
[2025-02-20T14:02:08.861+0000] {processor.py:925} INFO - DAG(s) 'example_display_name' retrieved from /home/airflow/.local/lib/python3.12/site-packages/airflow/example_dags/example_display_name.py
[2025-02-20T14:02:08.875+0000] {logging_mixin.py:190} INFO - [2025-02-20T14:02:08.875+0000] {dag.py:3239} INFO - Sync 1 DAGs
[2025-02-20T14:02:08.887+0000] {logging_mixin.py:190} INFO - [2025-02-20T14:02:08.887+0000] {dag.py:4180} INFO - Setting next_dagrun for example_display_name to None, run_after=None
[2025-02-20T14:02:08.904+0000] {processor.py:208} INFO - Processing /home/airflow/.local/lib/python3.12/site-packages/airflow/example_dags/example_display_name.py took 0.058 seconds
[2025-02-20T14:02:39.060+0000] {processor.py:186} INFO - Started process (PID=8179) to work on /home/airflow/.local/lib/python3.12/site-packages/airflow/example_dags/example_display_name.py
[2025-02-20T14:02:39.062+0000] {processor.py:914} INFO - Processing file /home/airflow/.local/lib/python3.12/site-packages/airflow/example_dags/example_display_name.py for tasks to queue
[2025-02-20T14:02:39.063+0000] {logging_mixin.py:190} INFO - [2025-02-20T14:02:39.063+0000] {dagbag.py:588} INFO - Filling up the DagBag from /home/airflow/.local/lib/python3.12/site-packages/airflow/example_dags/example_display_name.py
[2025-02-20T14:02:39.069+0000] {processor.py:925} INFO - DAG(s) 'example_display_name' retrieved from /home/airflow/.local/lib/python3.12/site-packages/airflow/example_dags/example_display_name.py
[2025-02-20T14:02:39.088+0000] {logging_mixin.py:190} INFO - [2025-02-20T14:02:39.088+0000] {dag.py:3239} INFO - Sync 1 DAGs
[2025-02-20T14:02:39.099+0000] {logging_mixin.py:190} INFO - [2025-02-20T14:02:39.099+0000] {dag.py:4180} INFO - Setting next_dagrun for example_display_name to None, run_after=None
[2025-02-20T14:02:39.118+0000] {processor.py:208} INFO - Processing /home/airflow/.local/lib/python3.12/site-packages/airflow/example_dags/example_display_name.py took 0.062 seconds
[2025-02-20T14:03:09.272+0000] {processor.py:186} INFO - Started process (PID=8255) to work on /home/airflow/.local/lib/python3.12/site-packages/airflow/example_dags/example_display_name.py
[2025-02-20T14:03:09.273+0000] {processor.py:914} INFO - Processing file /home/airflow/.local/lib/python3.12/site-packages/airflow/example_dags/example_display_name.py for tasks to queue
[2025-02-20T14:03:09.275+0000] {logging_mixin.py:190} INFO - [2025-02-20T14:03:09.274+0000] {dagbag.py:588} INFO - Filling up the DagBag from /home/airflow/.local/lib/python3.12/site-packages/airflow/example_dags/example_display_name.py
[2025-02-20T14:03:09.284+0000] {processor.py:925} INFO - DAG(s) 'example_display_name' retrieved from /home/airflow/.local/lib/python3.12/site-packages/airflow/example_dags/example_display_name.py
[2025-02-20T14:03:09.307+0000] {logging_mixin.py:190} INFO - [2025-02-20T14:03:09.306+0000] {dag.py:3239} INFO - Sync 1 DAGs
[2025-02-20T14:03:09.320+0000] {logging_mixin.py:190} INFO - [2025-02-20T14:03:09.319+0000] {dag.py:4180} INFO - Setting next_dagrun for example_display_name to None, run_after=None
[2025-02-20T14:03:09.343+0000] {processor.py:208} INFO - Processing /home/airflow/.local/lib/python3.12/site-packages/airflow/example_dags/example_display_name.py took 0.078 seconds
[2025-02-20T14:44:19.801+0000] {processor.py:186} INFO - Started process (PID=8351) to work on /home/airflow/.local/lib/python3.12/site-packages/airflow/example_dags/example_display_name.py
[2025-02-20T14:44:19.802+0000] {processor.py:914} INFO - Processing file /home/airflow/.local/lib/python3.12/site-packages/airflow/example_dags/example_display_name.py for tasks to queue
[2025-02-20T14:44:19.804+0000] {logging_mixin.py:190} INFO - [2025-02-20T14:44:19.803+0000] {dagbag.py:588} INFO - Filling up the DagBag from /home/airflow/.local/lib/python3.12/site-packages/airflow/example_dags/example_display_name.py
[2025-02-20T14:44:19.810+0000] {processor.py:925} INFO - DAG(s) 'example_display_name' retrieved from /home/airflow/.local/lib/python3.12/site-packages/airflow/example_dags/example_display_name.py
[2025-02-20T14:44:19.827+0000] {logging_mixin.py:190} INFO - [2025-02-20T14:44:19.826+0000] {dag.py:3239} INFO - Sync 1 DAGs
[2025-02-20T14:44:19.840+0000] {logging_mixin.py:190} INFO - [2025-02-20T14:44:19.840+0000] {dag.py:4180} INFO - Setting next_dagrun for example_display_name to None, run_after=None
[2025-02-20T14:44:19.859+0000] {processor.py:208} INFO - Processing /home/airflow/.local/lib/python3.12/site-packages/airflow/example_dags/example_display_name.py took 0.063 seconds
[2025-02-20T14:44:50.709+0000] {processor.py:186} INFO - Started process (PID=8427) to work on /home/airflow/.local/lib/python3.12/site-packages/airflow/example_dags/example_display_name.py
[2025-02-20T14:44:50.710+0000] {processor.py:914} INFO - Processing file /home/airflow/.local/lib/python3.12/site-packages/airflow/example_dags/example_display_name.py for tasks to queue
[2025-02-20T14:44:50.711+0000] {logging_mixin.py:190} INFO - [2025-02-20T14:44:50.711+0000] {dagbag.py:588} INFO - Filling up the DagBag from /home/airflow/.local/lib/python3.12/site-packages/airflow/example_dags/example_display_name.py
[2025-02-20T14:44:50.718+0000] {processor.py:925} INFO - DAG(s) 'example_display_name' retrieved from /home/airflow/.local/lib/python3.12/site-packages/airflow/example_dags/example_display_name.py
[2025-02-20T14:44:50.735+0000] {logging_mixin.py:190} INFO - [2025-02-20T14:44:50.735+0000] {dag.py:3239} INFO - Sync 1 DAGs
[2025-02-20T14:44:50.747+0000] {logging_mixin.py:190} INFO - [2025-02-20T14:44:50.746+0000] {dag.py:4180} INFO - Setting next_dagrun for example_display_name to None, run_after=None
[2025-02-20T14:44:50.764+0000] {processor.py:208} INFO - Processing /home/airflow/.local/lib/python3.12/site-packages/airflow/example_dags/example_display_name.py took 0.060 seconds
[2025-02-20T14:45:21.209+0000] {processor.py:186} INFO - Started process (PID=8504) to work on /home/airflow/.local/lib/python3.12/site-packages/airflow/example_dags/example_display_name.py
[2025-02-20T14:45:21.210+0000] {processor.py:914} INFO - Processing file /home/airflow/.local/lib/python3.12/site-packages/airflow/example_dags/example_display_name.py for tasks to queue
[2025-02-20T14:45:21.212+0000] {logging_mixin.py:190} INFO - [2025-02-20T14:45:21.211+0000] {dagbag.py:588} INFO - Filling up the DagBag from /home/airflow/.local/lib/python3.12/site-packages/airflow/example_dags/example_display_name.py
[2025-02-20T14:45:21.218+0000] {processor.py:925} INFO - DAG(s) 'example_display_name' retrieved from /home/airflow/.local/lib/python3.12/site-packages/airflow/example_dags/example_display_name.py
[2025-02-20T14:45:21.234+0000] {logging_mixin.py:190} INFO - [2025-02-20T14:45:21.234+0000] {dag.py:3239} INFO - Sync 1 DAGs
[2025-02-20T14:45:21.246+0000] {logging_mixin.py:190} INFO - [2025-02-20T14:45:21.246+0000] {dag.py:4180} INFO - Setting next_dagrun for example_display_name to None, run_after=None
[2025-02-20T14:45:21.263+0000] {processor.py:208} INFO - Processing /home/airflow/.local/lib/python3.12/site-packages/airflow/example_dags/example_display_name.py took 0.058 seconds
[2025-02-20T18:44:25.135+0000] {processor.py:186} INFO - Started process (PID=8574) to work on /home/airflow/.local/lib/python3.12/site-packages/airflow/example_dags/example_display_name.py
[2025-02-20T18:44:25.136+0000] {processor.py:914} INFO - Processing file /home/airflow/.local/lib/python3.12/site-packages/airflow/example_dags/example_display_name.py for tasks to queue
[2025-02-20T18:44:25.138+0000] {logging_mixin.py:190} INFO - [2025-02-20T18:44:25.137+0000] {dagbag.py:588} INFO - Filling up the DagBag from /home/airflow/.local/lib/python3.12/site-packages/airflow/example_dags/example_display_name.py
[2025-02-20T18:44:25.145+0000] {processor.py:925} INFO - DAG(s) 'example_display_name' retrieved from /home/airflow/.local/lib/python3.12/site-packages/airflow/example_dags/example_display_name.py
[2025-02-20T18:44:25.169+0000] {logging_mixin.py:190} INFO - [2025-02-20T18:44:25.168+0000] {dag.py:3239} INFO - Sync 1 DAGs
[2025-02-20T18:44:25.184+0000] {logging_mixin.py:190} INFO - [2025-02-20T18:44:25.184+0000] {dag.py:4180} INFO - Setting next_dagrun for example_display_name to None, run_after=None
[2025-02-20T18:44:25.214+0000] {processor.py:208} INFO - Processing /home/airflow/.local/lib/python3.12/site-packages/airflow/example_dags/example_display_name.py took 0.084 seconds
