[2025-02-20T13:41:16.843+0000] {processor.py:186} INFO - Started process (PID=4991) to work on /home/airflow/.local/lib/python3.12/site-packages/airflow/example_dags/example_branch_operator.py
[2025-02-20T13:41:16.847+0000] {processor.py:914} INFO - Processing file /home/airflow/.local/lib/python3.12/site-packages/airflow/example_dags/example_branch_operator.py for tasks to queue
[2025-02-20T13:41:16.857+0000] {logging_mixin.py:190} INFO - [2025-02-20T13:41:16.856+0000] {dagbag.py:588} INFO - Filling up the DagBag from /home/airflow/.local/lib/python3.12/site-packages/airflow/example_dags/example_branch_operator.py
[2025-02-20T13:41:16.909+0000] {processor.py:925} INFO - DAG(s) 'example_branch_operator' retrieved from /home/airflow/.local/lib/python3.12/site-packages/airflow/example_dags/example_branch_operator.py
[2025-02-20T13:41:16.983+0000] {logging_mixin.py:190} INFO - [2025-02-20T13:41:16.982+0000] {dag.py:3239} INFO - Sync 1 DAGs
[2025-02-20T13:41:17.061+0000] {logging_mixin.py:190} INFO - [2025-02-20T13:41:17.061+0000] {dag.py:4180} INFO - Setting next_dagrun for example_branch_operator to 2025-02-19 00:00:00+00:00, run_after=2025-02-20 00:00:00+00:00
[2025-02-20T13:41:17.118+0000] {processor.py:208} INFO - Processing /home/airflow/.local/lib/python3.12/site-packages/airflow/example_dags/example_branch_operator.py took 0.299 seconds
[2025-02-20T13:41:47.336+0000] {processor.py:186} INFO - Started process (PID=5067) to work on /home/airflow/.local/lib/python3.12/site-packages/airflow/example_dags/example_branch_operator.py
[2025-02-20T13:41:47.338+0000] {processor.py:914} INFO - Processing file /home/airflow/.local/lib/python3.12/site-packages/airflow/example_dags/example_branch_operator.py for tasks to queue
[2025-02-20T13:41:47.340+0000] {logging_mixin.py:190} INFO - [2025-02-20T13:41:47.340+0000] {dagbag.py:588} INFO - Filling up the DagBag from /home/airflow/.local/lib/python3.12/site-packages/airflow/example_dags/example_branch_operator.py
[2025-02-20T13:41:47.363+0000] {processor.py:925} INFO - DAG(s) 'example_branch_operator' retrieved from /home/airflow/.local/lib/python3.12/site-packages/airflow/example_dags/example_branch_operator.py
[2025-02-20T13:41:47.401+0000] {logging_mixin.py:190} INFO - [2025-02-20T13:41:47.401+0000] {dag.py:3239} INFO - Sync 1 DAGs
[2025-02-20T13:41:47.431+0000] {logging_mixin.py:190} INFO - [2025-02-20T13:41:47.431+0000] {dag.py:4180} INFO - Setting next_dagrun for example_branch_operator to 2025-02-19 00:00:00+00:00, run_after=2025-02-20 00:00:00+00:00
[2025-02-20T13:41:47.462+0000] {processor.py:208} INFO - Processing /home/airflow/.local/lib/python3.12/site-packages/airflow/example_dags/example_branch_operator.py took 0.135 seconds
[2025-02-20T13:42:17.836+0000] {processor.py:186} INFO - Started process (PID=5143) to work on /home/airflow/.local/lib/python3.12/site-packages/airflow/example_dags/example_branch_operator.py
[2025-02-20T13:42:17.838+0000] {processor.py:914} INFO - Processing file /home/airflow/.local/lib/python3.12/site-packages/airflow/example_dags/example_branch_operator.py for tasks to queue
[2025-02-20T13:42:17.840+0000] {logging_mixin.py:190} INFO - [2025-02-20T13:42:17.840+0000] {dagbag.py:588} INFO - Filling up the DagBag from /home/airflow/.local/lib/python3.12/site-packages/airflow/example_dags/example_branch_operator.py
[2025-02-20T13:42:17.857+0000] {processor.py:925} INFO - DAG(s) 'example_branch_operator' retrieved from /home/airflow/.local/lib/python3.12/site-packages/airflow/example_dags/example_branch_operator.py
[2025-02-20T13:42:17.891+0000] {logging_mixin.py:190} INFO - [2025-02-20T13:42:17.891+0000] {dag.py:3239} INFO - Sync 1 DAGs
[2025-02-20T13:42:17.917+0000] {logging_mixin.py:190} INFO - [2025-02-20T13:42:17.917+0000] {dag.py:4180} INFO - Setting next_dagrun for example_branch_operator to 2025-02-19 00:00:00+00:00, run_after=2025-02-20 00:00:00+00:00
[2025-02-20T13:42:17.942+0000] {processor.py:208} INFO - Processing /home/airflow/.local/lib/python3.12/site-packages/airflow/example_dags/example_branch_operator.py took 0.110 seconds
[2025-02-20T13:42:48.675+0000] {processor.py:186} INFO - Started process (PID=5219) to work on /home/airflow/.local/lib/python3.12/site-packages/airflow/example_dags/example_branch_operator.py
[2025-02-20T13:42:48.676+0000] {processor.py:914} INFO - Processing file /home/airflow/.local/lib/python3.12/site-packages/airflow/example_dags/example_branch_operator.py for tasks to queue
[2025-02-20T13:42:48.679+0000] {logging_mixin.py:190} INFO - [2025-02-20T13:42:48.678+0000] {dagbag.py:588} INFO - Filling up the DagBag from /home/airflow/.local/lib/python3.12/site-packages/airflow/example_dags/example_branch_operator.py
[2025-02-20T13:42:48.702+0000] {processor.py:925} INFO - DAG(s) 'example_branch_operator' retrieved from /home/airflow/.local/lib/python3.12/site-packages/airflow/example_dags/example_branch_operator.py
[2025-02-20T13:42:48.744+0000] {logging_mixin.py:190} INFO - [2025-02-20T13:42:48.744+0000] {dag.py:3239} INFO - Sync 1 DAGs
[2025-02-20T13:42:48.774+0000] {logging_mixin.py:190} INFO - [2025-02-20T13:42:48.774+0000] {dag.py:4180} INFO - Setting next_dagrun for example_branch_operator to 2025-02-19 00:00:00+00:00, run_after=2025-02-20 00:00:00+00:00
[2025-02-20T13:42:48.802+0000] {processor.py:208} INFO - Processing /home/airflow/.local/lib/python3.12/site-packages/airflow/example_dags/example_branch_operator.py took 0.135 seconds
[2025-02-20T13:43:19.082+0000] {processor.py:186} INFO - Started process (PID=5296) to work on /home/airflow/.local/lib/python3.12/site-packages/airflow/example_dags/example_branch_operator.py
[2025-02-20T13:43:19.083+0000] {processor.py:914} INFO - Processing file /home/airflow/.local/lib/python3.12/site-packages/airflow/example_dags/example_branch_operator.py for tasks to queue
[2025-02-20T13:43:19.085+0000] {logging_mixin.py:190} INFO - [2025-02-20T13:43:19.085+0000] {dagbag.py:588} INFO - Filling up the DagBag from /home/airflow/.local/lib/python3.12/site-packages/airflow/example_dags/example_branch_operator.py
[2025-02-20T13:43:19.099+0000] {processor.py:925} INFO - DAG(s) 'example_branch_operator' retrieved from /home/airflow/.local/lib/python3.12/site-packages/airflow/example_dags/example_branch_operator.py
[2025-02-20T13:43:19.126+0000] {logging_mixin.py:190} INFO - [2025-02-20T13:43:19.126+0000] {dag.py:3239} INFO - Sync 1 DAGs
[2025-02-20T13:43:19.152+0000] {logging_mixin.py:190} INFO - [2025-02-20T13:43:19.151+0000] {dag.py:4180} INFO - Setting next_dagrun for example_branch_operator to 2025-02-19 00:00:00+00:00, run_after=2025-02-20 00:00:00+00:00
[2025-02-20T13:43:19.173+0000] {processor.py:208} INFO - Processing /home/airflow/.local/lib/python3.12/site-packages/airflow/example_dags/example_branch_operator.py took 0.095 seconds
[2025-02-20T13:43:50.447+0000] {processor.py:186} INFO - Started process (PID=5371) to work on /home/airflow/.local/lib/python3.12/site-packages/airflow/example_dags/example_branch_operator.py
[2025-02-20T13:43:50.448+0000] {processor.py:914} INFO - Processing file /home/airflow/.local/lib/python3.12/site-packages/airflow/example_dags/example_branch_operator.py for tasks to queue
[2025-02-20T13:43:50.451+0000] {logging_mixin.py:190} INFO - [2025-02-20T13:43:50.450+0000] {dagbag.py:588} INFO - Filling up the DagBag from /home/airflow/.local/lib/python3.12/site-packages/airflow/example_dags/example_branch_operator.py
[2025-02-20T13:43:50.475+0000] {processor.py:925} INFO - DAG(s) 'example_branch_operator' retrieved from /home/airflow/.local/lib/python3.12/site-packages/airflow/example_dags/example_branch_operator.py
[2025-02-20T13:43:50.512+0000] {logging_mixin.py:190} INFO - [2025-02-20T13:43:50.512+0000] {dag.py:3239} INFO - Sync 1 DAGs
[2025-02-20T13:43:50.543+0000] {logging_mixin.py:190} INFO - [2025-02-20T13:43:50.542+0000] {dag.py:4180} INFO - Setting next_dagrun for example_branch_operator to 2025-02-19 00:00:00+00:00, run_after=2025-02-20 00:00:00+00:00
[2025-02-20T13:43:50.571+0000] {processor.py:208} INFO - Processing /home/airflow/.local/lib/python3.12/site-packages/airflow/example_dags/example_branch_operator.py took 0.132 seconds
[2025-02-20T13:44:21.198+0000] {processor.py:186} INFO - Started process (PID=5447) to work on /home/airflow/.local/lib/python3.12/site-packages/airflow/example_dags/example_branch_operator.py
[2025-02-20T13:44:21.199+0000] {processor.py:914} INFO - Processing file /home/airflow/.local/lib/python3.12/site-packages/airflow/example_dags/example_branch_operator.py for tasks to queue
[2025-02-20T13:44:21.201+0000] {logging_mixin.py:190} INFO - [2025-02-20T13:44:21.201+0000] {dagbag.py:588} INFO - Filling up the DagBag from /home/airflow/.local/lib/python3.12/site-packages/airflow/example_dags/example_branch_operator.py
[2025-02-20T13:44:21.216+0000] {processor.py:925} INFO - DAG(s) 'example_branch_operator' retrieved from /home/airflow/.local/lib/python3.12/site-packages/airflow/example_dags/example_branch_operator.py
[2025-02-20T13:44:21.243+0000] {logging_mixin.py:190} INFO - [2025-02-20T13:44:21.242+0000] {dag.py:3239} INFO - Sync 1 DAGs
[2025-02-20T13:44:21.265+0000] {logging_mixin.py:190} INFO - [2025-02-20T13:44:21.265+0000] {dag.py:4180} INFO - Setting next_dagrun for example_branch_operator to 2025-02-19 00:00:00+00:00, run_after=2025-02-20 00:00:00+00:00
[2025-02-20T13:44:21.291+0000] {processor.py:208} INFO - Processing /home/airflow/.local/lib/python3.12/site-packages/airflow/example_dags/example_branch_operator.py took 0.097 seconds
[2025-02-20T13:44:52.221+0000] {processor.py:186} INFO - Started process (PID=5523) to work on /home/airflow/.local/lib/python3.12/site-packages/airflow/example_dags/example_branch_operator.py
[2025-02-20T13:44:52.222+0000] {processor.py:914} INFO - Processing file /home/airflow/.local/lib/python3.12/site-packages/airflow/example_dags/example_branch_operator.py for tasks to queue
[2025-02-20T13:44:52.224+0000] {logging_mixin.py:190} INFO - [2025-02-20T13:44:52.224+0000] {dagbag.py:588} INFO - Filling up the DagBag from /home/airflow/.local/lib/python3.12/site-packages/airflow/example_dags/example_branch_operator.py
[2025-02-20T13:44:52.243+0000] {processor.py:925} INFO - DAG(s) 'example_branch_operator' retrieved from /home/airflow/.local/lib/python3.12/site-packages/airflow/example_dags/example_branch_operator.py
[2025-02-20T13:44:52.273+0000] {logging_mixin.py:190} INFO - [2025-02-20T13:44:52.273+0000] {dag.py:3239} INFO - Sync 1 DAGs
[2025-02-20T13:44:52.299+0000] {logging_mixin.py:190} INFO - [2025-02-20T13:44:52.299+0000] {dag.py:4180} INFO - Setting next_dagrun for example_branch_operator to 2025-02-19 00:00:00+00:00, run_after=2025-02-20 00:00:00+00:00
[2025-02-20T13:44:52.322+0000] {processor.py:208} INFO - Processing /home/airflow/.local/lib/python3.12/site-packages/airflow/example_dags/example_branch_operator.py took 0.106 seconds
[2025-02-20T13:45:23.357+0000] {processor.py:186} INFO - Started process (PID=5599) to work on /home/airflow/.local/lib/python3.12/site-packages/airflow/example_dags/example_branch_operator.py
[2025-02-20T13:45:23.358+0000] {processor.py:914} INFO - Processing file /home/airflow/.local/lib/python3.12/site-packages/airflow/example_dags/example_branch_operator.py for tasks to queue
[2025-02-20T13:45:23.360+0000] {logging_mixin.py:190} INFO - [2025-02-20T13:45:23.359+0000] {dagbag.py:588} INFO - Filling up the DagBag from /home/airflow/.local/lib/python3.12/site-packages/airflow/example_dags/example_branch_operator.py
[2025-02-20T13:45:23.376+0000] {processor.py:925} INFO - DAG(s) 'example_branch_operator' retrieved from /home/airflow/.local/lib/python3.12/site-packages/airflow/example_dags/example_branch_operator.py
[2025-02-20T13:45:23.400+0000] {logging_mixin.py:190} INFO - [2025-02-20T13:45:23.400+0000] {dag.py:3239} INFO - Sync 1 DAGs
[2025-02-20T13:45:23.424+0000] {logging_mixin.py:190} INFO - [2025-02-20T13:45:23.424+0000] {dag.py:4180} INFO - Setting next_dagrun for example_branch_operator to 2025-02-19 00:00:00+00:00, run_after=2025-02-20 00:00:00+00:00
[2025-02-20T13:45:23.444+0000] {processor.py:208} INFO - Processing /home/airflow/.local/lib/python3.12/site-packages/airflow/example_dags/example_branch_operator.py took 0.092 seconds
[2025-02-20T13:45:53.858+0000] {processor.py:186} INFO - Started process (PID=5676) to work on /home/airflow/.local/lib/python3.12/site-packages/airflow/example_dags/example_branch_operator.py
[2025-02-20T13:45:53.859+0000] {processor.py:914} INFO - Processing file /home/airflow/.local/lib/python3.12/site-packages/airflow/example_dags/example_branch_operator.py for tasks to queue
[2025-02-20T13:45:53.861+0000] {logging_mixin.py:190} INFO - [2025-02-20T13:45:53.860+0000] {dagbag.py:588} INFO - Filling up the DagBag from /home/airflow/.local/lib/python3.12/site-packages/airflow/example_dags/example_branch_operator.py
[2025-02-20T13:45:53.875+0000] {processor.py:925} INFO - DAG(s) 'example_branch_operator' retrieved from /home/airflow/.local/lib/python3.12/site-packages/airflow/example_dags/example_branch_operator.py
[2025-02-20T13:45:53.899+0000] {logging_mixin.py:190} INFO - [2025-02-20T13:45:53.899+0000] {dag.py:3239} INFO - Sync 1 DAGs
[2025-02-20T13:45:53.918+0000] {logging_mixin.py:190} INFO - [2025-02-20T13:45:53.918+0000] {dag.py:4180} INFO - Setting next_dagrun for example_branch_operator to 2025-02-19 00:00:00+00:00, run_after=2025-02-20 00:00:00+00:00
[2025-02-20T13:45:53.935+0000] {processor.py:208} INFO - Processing /home/airflow/.local/lib/python3.12/site-packages/airflow/example_dags/example_branch_operator.py took 0.082 seconds
[2025-02-20T13:46:24.329+0000] {processor.py:186} INFO - Started process (PID=5740) to work on /home/airflow/.local/lib/python3.12/site-packages/airflow/example_dags/example_branch_operator.py
[2025-02-20T13:46:24.330+0000] {processor.py:914} INFO - Processing file /home/airflow/.local/lib/python3.12/site-packages/airflow/example_dags/example_branch_operator.py for tasks to queue
[2025-02-20T13:46:24.332+0000] {logging_mixin.py:190} INFO - [2025-02-20T13:46:24.332+0000] {dagbag.py:588} INFO - Filling up the DagBag from /home/airflow/.local/lib/python3.12/site-packages/airflow/example_dags/example_branch_operator.py
[2025-02-20T13:46:24.348+0000] {processor.py:925} INFO - DAG(s) 'example_branch_operator' retrieved from /home/airflow/.local/lib/python3.12/site-packages/airflow/example_dags/example_branch_operator.py
[2025-02-20T13:46:24.374+0000] {logging_mixin.py:190} INFO - [2025-02-20T13:46:24.374+0000] {dag.py:3239} INFO - Sync 1 DAGs
[2025-02-20T13:46:24.396+0000] {logging_mixin.py:190} INFO - [2025-02-20T13:46:24.395+0000] {dag.py:4180} INFO - Setting next_dagrun for example_branch_operator to 2025-02-19 00:00:00+00:00, run_after=2025-02-20 00:00:00+00:00
[2025-02-20T13:46:24.415+0000] {processor.py:208} INFO - Processing /home/airflow/.local/lib/python3.12/site-packages/airflow/example_dags/example_branch_operator.py took 0.090 seconds
[2025-02-20T13:46:54.596+0000] {processor.py:186} INFO - Started process (PID=5816) to work on /home/airflow/.local/lib/python3.12/site-packages/airflow/example_dags/example_branch_operator.py
[2025-02-20T13:46:54.598+0000] {processor.py:914} INFO - Processing file /home/airflow/.local/lib/python3.12/site-packages/airflow/example_dags/example_branch_operator.py for tasks to queue
[2025-02-20T13:46:54.600+0000] {logging_mixin.py:190} INFO - [2025-02-20T13:46:54.599+0000] {dagbag.py:588} INFO - Filling up the DagBag from /home/airflow/.local/lib/python3.12/site-packages/airflow/example_dags/example_branch_operator.py
[2025-02-20T13:46:54.614+0000] {processor.py:925} INFO - DAG(s) 'example_branch_operator' retrieved from /home/airflow/.local/lib/python3.12/site-packages/airflow/example_dags/example_branch_operator.py
[2025-02-20T13:46:54.639+0000] {logging_mixin.py:190} INFO - [2025-02-20T13:46:54.639+0000] {dag.py:3239} INFO - Sync 1 DAGs
[2025-02-20T13:46:54.661+0000] {logging_mixin.py:190} INFO - [2025-02-20T13:46:54.661+0000] {dag.py:4180} INFO - Setting next_dagrun for example_branch_operator to 2025-02-19 00:00:00+00:00, run_after=2025-02-20 00:00:00+00:00
[2025-02-20T13:46:54.680+0000] {processor.py:208} INFO - Processing /home/airflow/.local/lib/python3.12/site-packages/airflow/example_dags/example_branch_operator.py took 0.088 seconds
[2025-02-20T13:47:24.818+0000] {processor.py:186} INFO - Started process (PID=5890) to work on /home/airflow/.local/lib/python3.12/site-packages/airflow/example_dags/example_branch_operator.py
[2025-02-20T13:47:24.819+0000] {processor.py:914} INFO - Processing file /home/airflow/.local/lib/python3.12/site-packages/airflow/example_dags/example_branch_operator.py for tasks to queue
[2025-02-20T13:47:24.821+0000] {logging_mixin.py:190} INFO - [2025-02-20T13:47:24.821+0000] {dagbag.py:588} INFO - Filling up the DagBag from /home/airflow/.local/lib/python3.12/site-packages/airflow/example_dags/example_branch_operator.py
[2025-02-20T13:47:24.849+0000] {processor.py:925} INFO - DAG(s) 'example_branch_operator' retrieved from /home/airflow/.local/lib/python3.12/site-packages/airflow/example_dags/example_branch_operator.py
[2025-02-20T13:47:24.902+0000] {logging_mixin.py:190} INFO - [2025-02-20T13:47:24.902+0000] {dag.py:3239} INFO - Sync 1 DAGs
[2025-02-20T13:47:24.945+0000] {logging_mixin.py:190} INFO - [2025-02-20T13:47:24.945+0000] {dag.py:4180} INFO - Setting next_dagrun for example_branch_operator to 2025-02-19 00:00:00+00:00, run_after=2025-02-20 00:00:00+00:00
[2025-02-20T13:47:24.978+0000] {processor.py:208} INFO - Processing /home/airflow/.local/lib/python3.12/site-packages/airflow/example_dags/example_branch_operator.py took 0.167 seconds
[2025-02-20T13:47:55.201+0000] {processor.py:186} INFO - Started process (PID=5972) to work on /home/airflow/.local/lib/python3.12/site-packages/airflow/example_dags/example_branch_operator.py
[2025-02-20T13:47:55.202+0000] {processor.py:914} INFO - Processing file /home/airflow/.local/lib/python3.12/site-packages/airflow/example_dags/example_branch_operator.py for tasks to queue
[2025-02-20T13:47:55.205+0000] {logging_mixin.py:190} INFO - [2025-02-20T13:47:55.204+0000] {dagbag.py:588} INFO - Filling up the DagBag from /home/airflow/.local/lib/python3.12/site-packages/airflow/example_dags/example_branch_operator.py
[2025-02-20T13:47:55.219+0000] {processor.py:925} INFO - DAG(s) 'example_branch_operator' retrieved from /home/airflow/.local/lib/python3.12/site-packages/airflow/example_dags/example_branch_operator.py
[2025-02-20T13:47:55.244+0000] {logging_mixin.py:190} INFO - [2025-02-20T13:47:55.243+0000] {dag.py:3239} INFO - Sync 1 DAGs
[2025-02-20T13:47:55.263+0000] {logging_mixin.py:190} INFO - [2025-02-20T13:47:55.263+0000] {dag.py:4180} INFO - Setting next_dagrun for example_branch_operator to 2025-02-19 00:00:00+00:00, run_after=2025-02-20 00:00:00+00:00
[2025-02-20T13:47:55.283+0000] {processor.py:208} INFO - Processing /home/airflow/.local/lib/python3.12/site-packages/airflow/example_dags/example_branch_operator.py took 0.086 seconds
[2025-02-20T13:48:25.716+0000] {processor.py:186} INFO - Started process (PID=6047) to work on /home/airflow/.local/lib/python3.12/site-packages/airflow/example_dags/example_branch_operator.py
[2025-02-20T13:48:25.717+0000] {processor.py:914} INFO - Processing file /home/airflow/.local/lib/python3.12/site-packages/airflow/example_dags/example_branch_operator.py for tasks to queue
[2025-02-20T13:48:25.719+0000] {logging_mixin.py:190} INFO - [2025-02-20T13:48:25.718+0000] {dagbag.py:588} INFO - Filling up the DagBag from /home/airflow/.local/lib/python3.12/site-packages/airflow/example_dags/example_branch_operator.py
[2025-02-20T13:48:25.733+0000] {processor.py:925} INFO - DAG(s) 'example_branch_operator' retrieved from /home/airflow/.local/lib/python3.12/site-packages/airflow/example_dags/example_branch_operator.py
[2025-02-20T13:48:25.759+0000] {logging_mixin.py:190} INFO - [2025-02-20T13:48:25.758+0000] {dag.py:3239} INFO - Sync 1 DAGs
[2025-02-20T13:48:25.785+0000] {logging_mixin.py:190} INFO - [2025-02-20T13:48:25.785+0000] {dag.py:4180} INFO - Setting next_dagrun for example_branch_operator to 2025-02-19 00:00:00+00:00, run_after=2025-02-20 00:00:00+00:00
[2025-02-20T13:48:25.805+0000] {processor.py:208} INFO - Processing /home/airflow/.local/lib/python3.12/site-packages/airflow/example_dags/example_branch_operator.py took 0.094 seconds
[2025-02-20T13:48:56.122+0000] {processor.py:186} INFO - Started process (PID=6123) to work on /home/airflow/.local/lib/python3.12/site-packages/airflow/example_dags/example_branch_operator.py
[2025-02-20T13:48:56.124+0000] {processor.py:914} INFO - Processing file /home/airflow/.local/lib/python3.12/site-packages/airflow/example_dags/example_branch_operator.py for tasks to queue
[2025-02-20T13:48:56.129+0000] {logging_mixin.py:190} INFO - [2025-02-20T13:48:56.128+0000] {dagbag.py:588} INFO - Filling up the DagBag from /home/airflow/.local/lib/python3.12/site-packages/airflow/example_dags/example_branch_operator.py
[2025-02-20T13:48:56.151+0000] {processor.py:925} INFO - DAG(s) 'example_branch_operator' retrieved from /home/airflow/.local/lib/python3.12/site-packages/airflow/example_dags/example_branch_operator.py
[2025-02-20T13:48:56.180+0000] {logging_mixin.py:190} INFO - [2025-02-20T13:48:56.180+0000] {dag.py:3239} INFO - Sync 1 DAGs
[2025-02-20T13:48:56.202+0000] {logging_mixin.py:190} INFO - [2025-02-20T13:48:56.202+0000] {dag.py:4180} INFO - Setting next_dagrun for example_branch_operator to 2025-02-19 00:00:00+00:00, run_after=2025-02-20 00:00:00+00:00
[2025-02-20T13:48:56.221+0000] {processor.py:208} INFO - Processing /home/airflow/.local/lib/python3.12/site-packages/airflow/example_dags/example_branch_operator.py took 0.104 seconds
[2025-02-20T13:49:26.324+0000] {processor.py:186} INFO - Started process (PID=6199) to work on /home/airflow/.local/lib/python3.12/site-packages/airflow/example_dags/example_branch_operator.py
[2025-02-20T13:49:26.326+0000] {processor.py:914} INFO - Processing file /home/airflow/.local/lib/python3.12/site-packages/airflow/example_dags/example_branch_operator.py for tasks to queue
[2025-02-20T13:49:26.328+0000] {logging_mixin.py:190} INFO - [2025-02-20T13:49:26.328+0000] {dagbag.py:588} INFO - Filling up the DagBag from /home/airflow/.local/lib/python3.12/site-packages/airflow/example_dags/example_branch_operator.py
[2025-02-20T13:49:26.344+0000] {processor.py:925} INFO - DAG(s) 'example_branch_operator' retrieved from /home/airflow/.local/lib/python3.12/site-packages/airflow/example_dags/example_branch_operator.py
[2025-02-20T13:49:26.372+0000] {logging_mixin.py:190} INFO - [2025-02-20T13:49:26.371+0000] {dag.py:3239} INFO - Sync 1 DAGs
[2025-02-20T13:49:26.395+0000] {logging_mixin.py:190} INFO - [2025-02-20T13:49:26.395+0000] {dag.py:4180} INFO - Setting next_dagrun for example_branch_operator to 2025-02-19 00:00:00+00:00, run_after=2025-02-20 00:00:00+00:00
[2025-02-20T13:49:26.416+0000] {processor.py:208} INFO - Processing /home/airflow/.local/lib/python3.12/site-packages/airflow/example_dags/example_branch_operator.py took 0.098 seconds
[2025-02-20T13:49:57.087+0000] {processor.py:186} INFO - Started process (PID=6275) to work on /home/airflow/.local/lib/python3.12/site-packages/airflow/example_dags/example_branch_operator.py
[2025-02-20T13:49:57.088+0000] {processor.py:914} INFO - Processing file /home/airflow/.local/lib/python3.12/site-packages/airflow/example_dags/example_branch_operator.py for tasks to queue
[2025-02-20T13:49:57.090+0000] {logging_mixin.py:190} INFO - [2025-02-20T13:49:57.089+0000] {dagbag.py:588} INFO - Filling up the DagBag from /home/airflow/.local/lib/python3.12/site-packages/airflow/example_dags/example_branch_operator.py
[2025-02-20T13:49:57.104+0000] {processor.py:925} INFO - DAG(s) 'example_branch_operator' retrieved from /home/airflow/.local/lib/python3.12/site-packages/airflow/example_dags/example_branch_operator.py
[2025-02-20T13:49:57.134+0000] {logging_mixin.py:190} INFO - [2025-02-20T13:49:57.134+0000] {dag.py:3239} INFO - Sync 1 DAGs
[2025-02-20T13:49:57.156+0000] {logging_mixin.py:190} INFO - [2025-02-20T13:49:57.156+0000] {dag.py:4180} INFO - Setting next_dagrun for example_branch_operator to 2025-02-19 00:00:00+00:00, run_after=2025-02-20 00:00:00+00:00
[2025-02-20T13:49:57.179+0000] {processor.py:208} INFO - Processing /home/airflow/.local/lib/python3.12/site-packages/airflow/example_dags/example_branch_operator.py took 0.096 seconds
[2025-02-20T13:50:27.349+0000] {processor.py:186} INFO - Started process (PID=6351) to work on /home/airflow/.local/lib/python3.12/site-packages/airflow/example_dags/example_branch_operator.py
[2025-02-20T13:50:27.350+0000] {processor.py:914} INFO - Processing file /home/airflow/.local/lib/python3.12/site-packages/airflow/example_dags/example_branch_operator.py for tasks to queue
[2025-02-20T13:50:27.352+0000] {logging_mixin.py:190} INFO - [2025-02-20T13:50:27.351+0000] {dagbag.py:588} INFO - Filling up the DagBag from /home/airflow/.local/lib/python3.12/site-packages/airflow/example_dags/example_branch_operator.py
[2025-02-20T13:50:27.370+0000] {processor.py:925} INFO - DAG(s) 'example_branch_operator' retrieved from /home/airflow/.local/lib/python3.12/site-packages/airflow/example_dags/example_branch_operator.py
[2025-02-20T13:50:27.394+0000] {logging_mixin.py:190} INFO - [2025-02-20T13:50:27.394+0000] {dag.py:3239} INFO - Sync 1 DAGs
[2025-02-20T13:50:27.412+0000] {logging_mixin.py:190} INFO - [2025-02-20T13:50:27.412+0000] {dag.py:4180} INFO - Setting next_dagrun for example_branch_operator to 2025-02-19 00:00:00+00:00, run_after=2025-02-20 00:00:00+00:00
[2025-02-20T13:50:27.429+0000] {processor.py:208} INFO - Processing /home/airflow/.local/lib/python3.12/site-packages/airflow/example_dags/example_branch_operator.py took 0.085 seconds
[2025-02-20T13:50:57.868+0000] {processor.py:186} INFO - Started process (PID=6427) to work on /home/airflow/.local/lib/python3.12/site-packages/airflow/example_dags/example_branch_operator.py
[2025-02-20T13:50:57.869+0000] {processor.py:914} INFO - Processing file /home/airflow/.local/lib/python3.12/site-packages/airflow/example_dags/example_branch_operator.py for tasks to queue
[2025-02-20T13:50:57.871+0000] {logging_mixin.py:190} INFO - [2025-02-20T13:50:57.870+0000] {dagbag.py:588} INFO - Filling up the DagBag from /home/airflow/.local/lib/python3.12/site-packages/airflow/example_dags/example_branch_operator.py
[2025-02-20T13:50:57.885+0000] {processor.py:925} INFO - DAG(s) 'example_branch_operator' retrieved from /home/airflow/.local/lib/python3.12/site-packages/airflow/example_dags/example_branch_operator.py
[2025-02-20T13:50:57.910+0000] {logging_mixin.py:190} INFO - [2025-02-20T13:50:57.910+0000] {dag.py:3239} INFO - Sync 1 DAGs
[2025-02-20T13:50:57.930+0000] {logging_mixin.py:190} INFO - [2025-02-20T13:50:57.930+0000] {dag.py:4180} INFO - Setting next_dagrun for example_branch_operator to 2025-02-19 00:00:00+00:00, run_after=2025-02-20 00:00:00+00:00
[2025-02-20T13:50:57.948+0000] {processor.py:208} INFO - Processing /home/airflow/.local/lib/python3.12/site-packages/airflow/example_dags/example_branch_operator.py took 0.086 seconds
[2025-02-20T13:51:28.552+0000] {processor.py:186} INFO - Started process (PID=6502) to work on /home/airflow/.local/lib/python3.12/site-packages/airflow/example_dags/example_branch_operator.py
[2025-02-20T13:51:28.554+0000] {processor.py:914} INFO - Processing file /home/airflow/.local/lib/python3.12/site-packages/airflow/example_dags/example_branch_operator.py for tasks to queue
[2025-02-20T13:51:28.555+0000] {logging_mixin.py:190} INFO - [2025-02-20T13:51:28.555+0000] {dagbag.py:588} INFO - Filling up the DagBag from /home/airflow/.local/lib/python3.12/site-packages/airflow/example_dags/example_branch_operator.py
[2025-02-20T13:51:28.573+0000] {processor.py:925} INFO - DAG(s) 'example_branch_operator' retrieved from /home/airflow/.local/lib/python3.12/site-packages/airflow/example_dags/example_branch_operator.py
[2025-02-20T13:51:28.599+0000] {logging_mixin.py:190} INFO - [2025-02-20T13:51:28.599+0000] {dag.py:3239} INFO - Sync 1 DAGs
[2025-02-20T13:51:28.623+0000] {logging_mixin.py:190} INFO - [2025-02-20T13:51:28.622+0000] {dag.py:4180} INFO - Setting next_dagrun for example_branch_operator to 2025-02-19 00:00:00+00:00, run_after=2025-02-20 00:00:00+00:00
[2025-02-20T13:51:28.643+0000] {processor.py:208} INFO - Processing /home/airflow/.local/lib/python3.12/site-packages/airflow/example_dags/example_branch_operator.py took 0.097 seconds
[2025-02-20T13:51:59.132+0000] {processor.py:186} INFO - Started process (PID=6578) to work on /home/airflow/.local/lib/python3.12/site-packages/airflow/example_dags/example_branch_operator.py
[2025-02-20T13:51:59.134+0000] {processor.py:914} INFO - Processing file /home/airflow/.local/lib/python3.12/site-packages/airflow/example_dags/example_branch_operator.py for tasks to queue
[2025-02-20T13:51:59.135+0000] {logging_mixin.py:190} INFO - [2025-02-20T13:51:59.135+0000] {dagbag.py:588} INFO - Filling up the DagBag from /home/airflow/.local/lib/python3.12/site-packages/airflow/example_dags/example_branch_operator.py
[2025-02-20T13:51:59.152+0000] {processor.py:925} INFO - DAG(s) 'example_branch_operator' retrieved from /home/airflow/.local/lib/python3.12/site-packages/airflow/example_dags/example_branch_operator.py
[2025-02-20T13:51:59.177+0000] {logging_mixin.py:190} INFO - [2025-02-20T13:51:59.176+0000] {dag.py:3239} INFO - Sync 1 DAGs
[2025-02-20T13:51:59.198+0000] {logging_mixin.py:190} INFO - [2025-02-20T13:51:59.198+0000] {dag.py:4180} INFO - Setting next_dagrun for example_branch_operator to 2025-02-19 00:00:00+00:00, run_after=2025-02-20 00:00:00+00:00
[2025-02-20T13:51:59.220+0000] {processor.py:208} INFO - Processing /home/airflow/.local/lib/python3.12/site-packages/airflow/example_dags/example_branch_operator.py took 0.093 seconds
[2025-02-20T13:52:29.980+0000] {processor.py:186} INFO - Started process (PID=6654) to work on /home/airflow/.local/lib/python3.12/site-packages/airflow/example_dags/example_branch_operator.py
[2025-02-20T13:52:29.981+0000] {processor.py:914} INFO - Processing file /home/airflow/.local/lib/python3.12/site-packages/airflow/example_dags/example_branch_operator.py for tasks to queue
[2025-02-20T13:52:29.983+0000] {logging_mixin.py:190} INFO - [2025-02-20T13:52:29.982+0000] {dagbag.py:588} INFO - Filling up the DagBag from /home/airflow/.local/lib/python3.12/site-packages/airflow/example_dags/example_branch_operator.py
[2025-02-20T13:52:29.997+0000] {processor.py:925} INFO - DAG(s) 'example_branch_operator' retrieved from /home/airflow/.local/lib/python3.12/site-packages/airflow/example_dags/example_branch_operator.py
[2025-02-20T13:52:30.021+0000] {logging_mixin.py:190} INFO - [2025-02-20T13:52:30.021+0000] {dag.py:3239} INFO - Sync 1 DAGs
[2025-02-20T13:52:30.040+0000] {logging_mixin.py:190} INFO - [2025-02-20T13:52:30.039+0000] {dag.py:4180} INFO - Setting next_dagrun for example_branch_operator to 2025-02-19 00:00:00+00:00, run_after=2025-02-20 00:00:00+00:00
[2025-02-20T13:52:30.057+0000] {processor.py:208} INFO - Processing /home/airflow/.local/lib/python3.12/site-packages/airflow/example_dags/example_branch_operator.py took 0.082 seconds
[2025-02-20T13:53:00.335+0000] {processor.py:186} INFO - Started process (PID=6730) to work on /home/airflow/.local/lib/python3.12/site-packages/airflow/example_dags/example_branch_operator.py
[2025-02-20T13:53:00.335+0000] {processor.py:914} INFO - Processing file /home/airflow/.local/lib/python3.12/site-packages/airflow/example_dags/example_branch_operator.py for tasks to queue
[2025-02-20T13:53:00.337+0000] {logging_mixin.py:190} INFO - [2025-02-20T13:53:00.336+0000] {dagbag.py:588} INFO - Filling up the DagBag from /home/airflow/.local/lib/python3.12/site-packages/airflow/example_dags/example_branch_operator.py
[2025-02-20T13:53:00.350+0000] {processor.py:925} INFO - DAG(s) 'example_branch_operator' retrieved from /home/airflow/.local/lib/python3.12/site-packages/airflow/example_dags/example_branch_operator.py
[2025-02-20T13:53:00.374+0000] {logging_mixin.py:190} INFO - [2025-02-20T13:53:00.374+0000] {dag.py:3239} INFO - Sync 1 DAGs
[2025-02-20T13:53:00.394+0000] {logging_mixin.py:190} INFO - [2025-02-20T13:53:00.394+0000] {dag.py:4180} INFO - Setting next_dagrun for example_branch_operator to 2025-02-19 00:00:00+00:00, run_after=2025-02-20 00:00:00+00:00
[2025-02-20T13:53:00.413+0000] {processor.py:208} INFO - Processing /home/airflow/.local/lib/python3.12/site-packages/airflow/example_dags/example_branch_operator.py took 0.082 seconds
[2025-02-20T13:53:30.817+0000] {processor.py:186} INFO - Started process (PID=6805) to work on /home/airflow/.local/lib/python3.12/site-packages/airflow/example_dags/example_branch_operator.py
[2025-02-20T13:53:30.818+0000] {processor.py:914} INFO - Processing file /home/airflow/.local/lib/python3.12/site-packages/airflow/example_dags/example_branch_operator.py for tasks to queue
[2025-02-20T13:53:30.820+0000] {logging_mixin.py:190} INFO - [2025-02-20T13:53:30.819+0000] {dagbag.py:588} INFO - Filling up the DagBag from /home/airflow/.local/lib/python3.12/site-packages/airflow/example_dags/example_branch_operator.py
[2025-02-20T13:53:30.834+0000] {processor.py:925} INFO - DAG(s) 'example_branch_operator' retrieved from /home/airflow/.local/lib/python3.12/site-packages/airflow/example_dags/example_branch_operator.py
[2025-02-20T13:53:30.894+0000] {logging_mixin.py:190} INFO - [2025-02-20T13:53:30.893+0000] {dag.py:3239} INFO - Sync 1 DAGs
[2025-02-20T13:53:30.915+0000] {logging_mixin.py:190} INFO - [2025-02-20T13:53:30.915+0000] {dag.py:4180} INFO - Setting next_dagrun for example_branch_operator to 2025-02-19 00:00:00+00:00, run_after=2025-02-20 00:00:00+00:00
[2025-02-20T13:53:30.932+0000] {processor.py:208} INFO - Processing /home/airflow/.local/lib/python3.12/site-packages/airflow/example_dags/example_branch_operator.py took 0.120 seconds
[2025-02-20T13:54:01.209+0000] {processor.py:186} INFO - Started process (PID=6881) to work on /home/airflow/.local/lib/python3.12/site-packages/airflow/example_dags/example_branch_operator.py
[2025-02-20T13:54:01.210+0000] {processor.py:914} INFO - Processing file /home/airflow/.local/lib/python3.12/site-packages/airflow/example_dags/example_branch_operator.py for tasks to queue
[2025-02-20T13:54:01.211+0000] {logging_mixin.py:190} INFO - [2025-02-20T13:54:01.211+0000] {dagbag.py:588} INFO - Filling up the DagBag from /home/airflow/.local/lib/python3.12/site-packages/airflow/example_dags/example_branch_operator.py
[2025-02-20T13:54:01.225+0000] {processor.py:925} INFO - DAG(s) 'example_branch_operator' retrieved from /home/airflow/.local/lib/python3.12/site-packages/airflow/example_dags/example_branch_operator.py
[2025-02-20T13:54:01.249+0000] {logging_mixin.py:190} INFO - [2025-02-20T13:54:01.248+0000] {dag.py:3239} INFO - Sync 1 DAGs
[2025-02-20T13:54:01.269+0000] {logging_mixin.py:190} INFO - [2025-02-20T13:54:01.269+0000] {dag.py:4180} INFO - Setting next_dagrun for example_branch_operator to 2025-02-19 00:00:00+00:00, run_after=2025-02-20 00:00:00+00:00
[2025-02-20T13:54:01.287+0000] {processor.py:208} INFO - Processing /home/airflow/.local/lib/python3.12/site-packages/airflow/example_dags/example_branch_operator.py took 0.082 seconds
[2025-02-20T13:54:31.674+0000] {processor.py:186} INFO - Started process (PID=6956) to work on /home/airflow/.local/lib/python3.12/site-packages/airflow/example_dags/example_branch_operator.py
[2025-02-20T13:54:31.675+0000] {processor.py:914} INFO - Processing file /home/airflow/.local/lib/python3.12/site-packages/airflow/example_dags/example_branch_operator.py for tasks to queue
[2025-02-20T13:54:31.677+0000] {logging_mixin.py:190} INFO - [2025-02-20T13:54:31.676+0000] {dagbag.py:588} INFO - Filling up the DagBag from /home/airflow/.local/lib/python3.12/site-packages/airflow/example_dags/example_branch_operator.py
[2025-02-20T13:54:31.690+0000] {processor.py:925} INFO - DAG(s) 'example_branch_operator' retrieved from /home/airflow/.local/lib/python3.12/site-packages/airflow/example_dags/example_branch_operator.py
[2025-02-20T13:54:31.712+0000] {logging_mixin.py:190} INFO - [2025-02-20T13:54:31.712+0000] {dag.py:3239} INFO - Sync 1 DAGs
[2025-02-20T13:54:31.731+0000] {logging_mixin.py:190} INFO - [2025-02-20T13:54:31.731+0000] {dag.py:4180} INFO - Setting next_dagrun for example_branch_operator to 2025-02-19 00:00:00+00:00, run_after=2025-02-20 00:00:00+00:00
[2025-02-20T13:54:31.745+0000] {processor.py:208} INFO - Processing /home/airflow/.local/lib/python3.12/site-packages/airflow/example_dags/example_branch_operator.py took 0.075 seconds
[2025-02-20T13:55:02.615+0000] {processor.py:186} INFO - Started process (PID=7030) to work on /home/airflow/.local/lib/python3.12/site-packages/airflow/example_dags/example_branch_operator.py
[2025-02-20T13:55:02.616+0000] {processor.py:914} INFO - Processing file /home/airflow/.local/lib/python3.12/site-packages/airflow/example_dags/example_branch_operator.py for tasks to queue
[2025-02-20T13:55:02.617+0000] {logging_mixin.py:190} INFO - [2025-02-20T13:55:02.616+0000] {dagbag.py:588} INFO - Filling up the DagBag from /home/airflow/.local/lib/python3.12/site-packages/airflow/example_dags/example_branch_operator.py
[2025-02-20T13:55:02.632+0000] {processor.py:925} INFO - DAG(s) 'example_branch_operator' retrieved from /home/airflow/.local/lib/python3.12/site-packages/airflow/example_dags/example_branch_operator.py
[2025-02-20T13:55:02.654+0000] {logging_mixin.py:190} INFO - [2025-02-20T13:55:02.654+0000] {dag.py:3239} INFO - Sync 1 DAGs
[2025-02-20T13:55:02.674+0000] {logging_mixin.py:190} INFO - [2025-02-20T13:55:02.674+0000] {dag.py:4180} INFO - Setting next_dagrun for example_branch_operator to 2025-02-19 00:00:00+00:00, run_after=2025-02-20 00:00:00+00:00
[2025-02-20T13:55:02.695+0000] {processor.py:208} INFO - Processing /home/airflow/.local/lib/python3.12/site-packages/airflow/example_dags/example_branch_operator.py took 0.085 seconds
[2025-02-20T13:55:33.552+0000] {processor.py:186} INFO - Started process (PID=7106) to work on /home/airflow/.local/lib/python3.12/site-packages/airflow/example_dags/example_branch_operator.py
[2025-02-20T13:55:33.553+0000] {processor.py:914} INFO - Processing file /home/airflow/.local/lib/python3.12/site-packages/airflow/example_dags/example_branch_operator.py for tasks to queue
[2025-02-20T13:55:33.555+0000] {logging_mixin.py:190} INFO - [2025-02-20T13:55:33.555+0000] {dagbag.py:588} INFO - Filling up the DagBag from /home/airflow/.local/lib/python3.12/site-packages/airflow/example_dags/example_branch_operator.py
[2025-02-20T13:55:33.570+0000] {processor.py:925} INFO - DAG(s) 'example_branch_operator' retrieved from /home/airflow/.local/lib/python3.12/site-packages/airflow/example_dags/example_branch_operator.py
[2025-02-20T13:55:33.593+0000] {logging_mixin.py:190} INFO - [2025-02-20T13:55:33.593+0000] {dag.py:3239} INFO - Sync 1 DAGs
[2025-02-20T13:55:33.611+0000] {logging_mixin.py:190} INFO - [2025-02-20T13:55:33.611+0000] {dag.py:4180} INFO - Setting next_dagrun for example_branch_operator to 2025-02-19 00:00:00+00:00, run_after=2025-02-20 00:00:00+00:00
[2025-02-20T13:55:33.630+0000] {processor.py:208} INFO - Processing /home/airflow/.local/lib/python3.12/site-packages/airflow/example_dags/example_branch_operator.py took 0.082 seconds
[2025-02-20T13:56:03.686+0000] {processor.py:186} INFO - Started process (PID=7182) to work on /home/airflow/.local/lib/python3.12/site-packages/airflow/example_dags/example_branch_operator.py
[2025-02-20T13:56:03.687+0000] {processor.py:914} INFO - Processing file /home/airflow/.local/lib/python3.12/site-packages/airflow/example_dags/example_branch_operator.py for tasks to queue
[2025-02-20T13:56:03.688+0000] {logging_mixin.py:190} INFO - [2025-02-20T13:56:03.688+0000] {dagbag.py:588} INFO - Filling up the DagBag from /home/airflow/.local/lib/python3.12/site-packages/airflow/example_dags/example_branch_operator.py
[2025-02-20T13:56:03.705+0000] {processor.py:925} INFO - DAG(s) 'example_branch_operator' retrieved from /home/airflow/.local/lib/python3.12/site-packages/airflow/example_dags/example_branch_operator.py
[2025-02-20T13:56:03.731+0000] {logging_mixin.py:190} INFO - [2025-02-20T13:56:03.730+0000] {dag.py:3239} INFO - Sync 1 DAGs
[2025-02-20T13:56:03.754+0000] {logging_mixin.py:190} INFO - [2025-02-20T13:56:03.753+0000] {dag.py:4180} INFO - Setting next_dagrun for example_branch_operator to 2025-02-19 00:00:00+00:00, run_after=2025-02-20 00:00:00+00:00
[2025-02-20T13:56:03.774+0000] {processor.py:208} INFO - Processing /home/airflow/.local/lib/python3.12/site-packages/airflow/example_dags/example_branch_operator.py took 0.093 seconds
[2025-02-20T13:56:33.908+0000] {processor.py:186} INFO - Started process (PID=7258) to work on /home/airflow/.local/lib/python3.12/site-packages/airflow/example_dags/example_branch_operator.py
[2025-02-20T13:56:33.909+0000] {processor.py:914} INFO - Processing file /home/airflow/.local/lib/python3.12/site-packages/airflow/example_dags/example_branch_operator.py for tasks to queue
[2025-02-20T13:56:33.910+0000] {logging_mixin.py:190} INFO - [2025-02-20T13:56:33.910+0000] {dagbag.py:588} INFO - Filling up the DagBag from /home/airflow/.local/lib/python3.12/site-packages/airflow/example_dags/example_branch_operator.py
[2025-02-20T13:56:33.931+0000] {processor.py:925} INFO - DAG(s) 'example_branch_operator' retrieved from /home/airflow/.local/lib/python3.12/site-packages/airflow/example_dags/example_branch_operator.py
[2025-02-20T13:56:33.956+0000] {logging_mixin.py:190} INFO - [2025-02-20T13:56:33.956+0000] {dag.py:3239} INFO - Sync 1 DAGs
[2025-02-20T13:56:33.978+0000] {logging_mixin.py:190} INFO - [2025-02-20T13:56:33.978+0000] {dag.py:4180} INFO - Setting next_dagrun for example_branch_operator to 2025-02-19 00:00:00+00:00, run_after=2025-02-20 00:00:00+00:00
[2025-02-20T13:56:33.998+0000] {processor.py:208} INFO - Processing /home/airflow/.local/lib/python3.12/site-packages/airflow/example_dags/example_branch_operator.py took 0.095 seconds
[2025-02-20T13:57:04.453+0000] {processor.py:186} INFO - Started process (PID=7334) to work on /home/airflow/.local/lib/python3.12/site-packages/airflow/example_dags/example_branch_operator.py
[2025-02-20T13:57:04.455+0000] {processor.py:914} INFO - Processing file /home/airflow/.local/lib/python3.12/site-packages/airflow/example_dags/example_branch_operator.py for tasks to queue
[2025-02-20T13:57:04.456+0000] {logging_mixin.py:190} INFO - [2025-02-20T13:57:04.456+0000] {dagbag.py:588} INFO - Filling up the DagBag from /home/airflow/.local/lib/python3.12/site-packages/airflow/example_dags/example_branch_operator.py
[2025-02-20T13:57:04.470+0000] {processor.py:925} INFO - DAG(s) 'example_branch_operator' retrieved from /home/airflow/.local/lib/python3.12/site-packages/airflow/example_dags/example_branch_operator.py
[2025-02-20T13:57:04.497+0000] {logging_mixin.py:190} INFO - [2025-02-20T13:57:04.497+0000] {dag.py:3239} INFO - Sync 1 DAGs
[2025-02-20T13:57:04.519+0000] {logging_mixin.py:190} INFO - [2025-02-20T13:57:04.518+0000] {dag.py:4180} INFO - Setting next_dagrun for example_branch_operator to 2025-02-19 00:00:00+00:00, run_after=2025-02-20 00:00:00+00:00
[2025-02-20T13:57:04.542+0000] {processor.py:208} INFO - Processing /home/airflow/.local/lib/python3.12/site-packages/airflow/example_dags/example_branch_operator.py took 0.094 seconds
[2025-02-20T13:57:35.299+0000] {processor.py:186} INFO - Started process (PID=7410) to work on /home/airflow/.local/lib/python3.12/site-packages/airflow/example_dags/example_branch_operator.py
[2025-02-20T13:57:35.301+0000] {processor.py:914} INFO - Processing file /home/airflow/.local/lib/python3.12/site-packages/airflow/example_dags/example_branch_operator.py for tasks to queue
[2025-02-20T13:57:35.302+0000] {logging_mixin.py:190} INFO - [2025-02-20T13:57:35.302+0000] {dagbag.py:588} INFO - Filling up the DagBag from /home/airflow/.local/lib/python3.12/site-packages/airflow/example_dags/example_branch_operator.py
[2025-02-20T13:57:35.318+0000] {processor.py:925} INFO - DAG(s) 'example_branch_operator' retrieved from /home/airflow/.local/lib/python3.12/site-packages/airflow/example_dags/example_branch_operator.py
[2025-02-20T13:57:35.341+0000] {logging_mixin.py:190} INFO - [2025-02-20T13:57:35.341+0000] {dag.py:3239} INFO - Sync 1 DAGs
[2025-02-20T13:57:35.361+0000] {logging_mixin.py:190} INFO - [2025-02-20T13:57:35.360+0000] {dag.py:4180} INFO - Setting next_dagrun for example_branch_operator to 2025-02-19 00:00:00+00:00, run_after=2025-02-20 00:00:00+00:00
[2025-02-20T13:57:35.379+0000] {processor.py:208} INFO - Processing /home/airflow/.local/lib/python3.12/site-packages/airflow/example_dags/example_branch_operator.py took 0.084 seconds
[2025-02-20T13:58:05.532+0000] {processor.py:186} INFO - Started process (PID=7493) to work on /home/airflow/.local/lib/python3.12/site-packages/airflow/example_dags/example_branch_operator.py
[2025-02-20T13:58:05.533+0000] {processor.py:914} INFO - Processing file /home/airflow/.local/lib/python3.12/site-packages/airflow/example_dags/example_branch_operator.py for tasks to queue
[2025-02-20T13:58:05.534+0000] {logging_mixin.py:190} INFO - [2025-02-20T13:58:05.534+0000] {dagbag.py:588} INFO - Filling up the DagBag from /home/airflow/.local/lib/python3.12/site-packages/airflow/example_dags/example_branch_operator.py
[2025-02-20T13:58:05.547+0000] {processor.py:925} INFO - DAG(s) 'example_branch_operator' retrieved from /home/airflow/.local/lib/python3.12/site-packages/airflow/example_dags/example_branch_operator.py
[2025-02-20T13:58:05.571+0000] {logging_mixin.py:190} INFO - [2025-02-20T13:58:05.571+0000] {dag.py:3239} INFO - Sync 1 DAGs
[2025-02-20T13:58:05.590+0000] {logging_mixin.py:190} INFO - [2025-02-20T13:58:05.590+0000] {dag.py:4180} INFO - Setting next_dagrun for example_branch_operator to 2025-02-19 00:00:00+00:00, run_after=2025-02-20 00:00:00+00:00
[2025-02-20T13:58:05.607+0000] {processor.py:208} INFO - Processing /home/airflow/.local/lib/python3.12/site-packages/airflow/example_dags/example_branch_operator.py took 0.079 seconds
[2025-02-20T13:58:35.805+0000] {processor.py:186} INFO - Started process (PID=7569) to work on /home/airflow/.local/lib/python3.12/site-packages/airflow/example_dags/example_branch_operator.py
[2025-02-20T13:58:35.806+0000] {processor.py:914} INFO - Processing file /home/airflow/.local/lib/python3.12/site-packages/airflow/example_dags/example_branch_operator.py for tasks to queue
[2025-02-20T13:58:35.808+0000] {logging_mixin.py:190} INFO - [2025-02-20T13:58:35.807+0000] {dagbag.py:588} INFO - Filling up the DagBag from /home/airflow/.local/lib/python3.12/site-packages/airflow/example_dags/example_branch_operator.py
[2025-02-20T13:58:35.822+0000] {processor.py:925} INFO - DAG(s) 'example_branch_operator' retrieved from /home/airflow/.local/lib/python3.12/site-packages/airflow/example_dags/example_branch_operator.py
[2025-02-20T13:58:35.844+0000] {logging_mixin.py:190} INFO - [2025-02-20T13:58:35.843+0000] {dag.py:3239} INFO - Sync 1 DAGs
[2025-02-20T13:58:35.863+0000] {logging_mixin.py:190} INFO - [2025-02-20T13:58:35.863+0000] {dag.py:4180} INFO - Setting next_dagrun for example_branch_operator to 2025-02-19 00:00:00+00:00, run_after=2025-02-20 00:00:00+00:00
[2025-02-20T13:58:35.880+0000] {processor.py:208} INFO - Processing /home/airflow/.local/lib/python3.12/site-packages/airflow/example_dags/example_branch_operator.py took 0.079 seconds
[2025-02-20T13:59:06.462+0000] {processor.py:186} INFO - Started process (PID=7646) to work on /home/airflow/.local/lib/python3.12/site-packages/airflow/example_dags/example_branch_operator.py
[2025-02-20T13:59:06.463+0000] {processor.py:914} INFO - Processing file /home/airflow/.local/lib/python3.12/site-packages/airflow/example_dags/example_branch_operator.py for tasks to queue
[2025-02-20T13:59:06.465+0000] {logging_mixin.py:190} INFO - [2025-02-20T13:59:06.464+0000] {dagbag.py:588} INFO - Filling up the DagBag from /home/airflow/.local/lib/python3.12/site-packages/airflow/example_dags/example_branch_operator.py
[2025-02-20T13:59:06.479+0000] {processor.py:925} INFO - DAG(s) 'example_branch_operator' retrieved from /home/airflow/.local/lib/python3.12/site-packages/airflow/example_dags/example_branch_operator.py
[2025-02-20T13:59:06.502+0000] {logging_mixin.py:190} INFO - [2025-02-20T13:59:06.502+0000] {dag.py:3239} INFO - Sync 1 DAGs
[2025-02-20T13:59:06.522+0000] {logging_mixin.py:190} INFO - [2025-02-20T13:59:06.522+0000] {dag.py:4180} INFO - Setting next_dagrun for example_branch_operator to 2025-02-19 00:00:00+00:00, run_after=2025-02-20 00:00:00+00:00
[2025-02-20T13:59:06.540+0000] {processor.py:208} INFO - Processing /home/airflow/.local/lib/python3.12/site-packages/airflow/example_dags/example_branch_operator.py took 0.082 seconds
[2025-02-20T13:59:36.914+0000] {processor.py:186} INFO - Started process (PID=7722) to work on /home/airflow/.local/lib/python3.12/site-packages/airflow/example_dags/example_branch_operator.py
[2025-02-20T13:59:36.914+0000] {processor.py:914} INFO - Processing file /home/airflow/.local/lib/python3.12/site-packages/airflow/example_dags/example_branch_operator.py for tasks to queue
[2025-02-20T13:59:36.916+0000] {logging_mixin.py:190} INFO - [2025-02-20T13:59:36.915+0000] {dagbag.py:588} INFO - Filling up the DagBag from /home/airflow/.local/lib/python3.12/site-packages/airflow/example_dags/example_branch_operator.py
[2025-02-20T13:59:36.929+0000] {processor.py:925} INFO - DAG(s) 'example_branch_operator' retrieved from /home/airflow/.local/lib/python3.12/site-packages/airflow/example_dags/example_branch_operator.py
[2025-02-20T13:59:36.952+0000] {logging_mixin.py:190} INFO - [2025-02-20T13:59:36.952+0000] {dag.py:3239} INFO - Sync 1 DAGs
[2025-02-20T13:59:36.972+0000] {logging_mixin.py:190} INFO - [2025-02-20T13:59:36.971+0000] {dag.py:4180} INFO - Setting next_dagrun for example_branch_operator to 2025-02-19 00:00:00+00:00, run_after=2025-02-20 00:00:00+00:00
[2025-02-20T13:59:36.990+0000] {processor.py:208} INFO - Processing /home/airflow/.local/lib/python3.12/site-packages/airflow/example_dags/example_branch_operator.py took 0.081 seconds
[2025-02-20T14:00:07.055+0000] {processor.py:186} INFO - Started process (PID=7798) to work on /home/airflow/.local/lib/python3.12/site-packages/airflow/example_dags/example_branch_operator.py
[2025-02-20T14:00:07.056+0000] {processor.py:914} INFO - Processing file /home/airflow/.local/lib/python3.12/site-packages/airflow/example_dags/example_branch_operator.py for tasks to queue
[2025-02-20T14:00:07.057+0000] {logging_mixin.py:190} INFO - [2025-02-20T14:00:07.056+0000] {dagbag.py:588} INFO - Filling up the DagBag from /home/airflow/.local/lib/python3.12/site-packages/airflow/example_dags/example_branch_operator.py
[2025-02-20T14:00:07.070+0000] {processor.py:925} INFO - DAG(s) 'example_branch_operator' retrieved from /home/airflow/.local/lib/python3.12/site-packages/airflow/example_dags/example_branch_operator.py
[2025-02-20T14:00:07.092+0000] {logging_mixin.py:190} INFO - [2025-02-20T14:00:07.092+0000] {dag.py:3239} INFO - Sync 1 DAGs
[2025-02-20T14:00:07.112+0000] {logging_mixin.py:190} INFO - [2025-02-20T14:00:07.112+0000] {dag.py:4180} INFO - Setting next_dagrun for example_branch_operator to 2025-02-19 00:00:00+00:00, run_after=2025-02-20 00:00:00+00:00
[2025-02-20T14:00:07.129+0000] {processor.py:208} INFO - Processing /home/airflow/.local/lib/python3.12/site-packages/airflow/example_dags/example_branch_operator.py took 0.079 seconds
[2025-02-20T14:00:37.189+0000] {processor.py:186} INFO - Started process (PID=7874) to work on /home/airflow/.local/lib/python3.12/site-packages/airflow/example_dags/example_branch_operator.py
[2025-02-20T14:00:37.189+0000] {processor.py:914} INFO - Processing file /home/airflow/.local/lib/python3.12/site-packages/airflow/example_dags/example_branch_operator.py for tasks to queue
[2025-02-20T14:00:37.191+0000] {logging_mixin.py:190} INFO - [2025-02-20T14:00:37.190+0000] {dagbag.py:588} INFO - Filling up the DagBag from /home/airflow/.local/lib/python3.12/site-packages/airflow/example_dags/example_branch_operator.py
[2025-02-20T14:00:37.205+0000] {processor.py:925} INFO - DAG(s) 'example_branch_operator' retrieved from /home/airflow/.local/lib/python3.12/site-packages/airflow/example_dags/example_branch_operator.py
[2025-02-20T14:00:37.228+0000] {logging_mixin.py:190} INFO - [2025-02-20T14:00:37.228+0000] {dag.py:3239} INFO - Sync 1 DAGs
[2025-02-20T14:00:37.249+0000] {logging_mixin.py:190} INFO - [2025-02-20T14:00:37.249+0000] {dag.py:4180} INFO - Setting next_dagrun for example_branch_operator to 2025-02-19 00:00:00+00:00, run_after=2025-02-20 00:00:00+00:00
[2025-02-20T14:00:37.269+0000] {processor.py:208} INFO - Processing /home/airflow/.local/lib/python3.12/site-packages/airflow/example_dags/example_branch_operator.py took 0.085 seconds
[2025-02-20T14:01:08.062+0000] {processor.py:186} INFO - Started process (PID=7950) to work on /home/airflow/.local/lib/python3.12/site-packages/airflow/example_dags/example_branch_operator.py
[2025-02-20T14:01:08.064+0000] {processor.py:914} INFO - Processing file /home/airflow/.local/lib/python3.12/site-packages/airflow/example_dags/example_branch_operator.py for tasks to queue
[2025-02-20T14:01:08.065+0000] {logging_mixin.py:190} INFO - [2025-02-20T14:01:08.065+0000] {dagbag.py:588} INFO - Filling up the DagBag from /home/airflow/.local/lib/python3.12/site-packages/airflow/example_dags/example_branch_operator.py
[2025-02-20T14:01:08.079+0000] {processor.py:925} INFO - DAG(s) 'example_branch_operator' retrieved from /home/airflow/.local/lib/python3.12/site-packages/airflow/example_dags/example_branch_operator.py
[2025-02-20T14:01:08.106+0000] {logging_mixin.py:190} INFO - [2025-02-20T14:01:08.105+0000] {dag.py:3239} INFO - Sync 1 DAGs
[2025-02-20T14:01:08.127+0000] {logging_mixin.py:190} INFO - [2025-02-20T14:01:08.127+0000] {dag.py:4180} INFO - Setting next_dagrun for example_branch_operator to 2025-02-19 00:00:00+00:00, run_after=2025-02-20 00:00:00+00:00
[2025-02-20T14:01:08.147+0000] {processor.py:208} INFO - Processing /home/airflow/.local/lib/python3.12/site-packages/airflow/example_dags/example_branch_operator.py took 0.089 seconds
[2025-02-20T14:01:38.234+0000] {processor.py:186} INFO - Started process (PID=8026) to work on /home/airflow/.local/lib/python3.12/site-packages/airflow/example_dags/example_branch_operator.py
[2025-02-20T14:01:38.235+0000] {processor.py:914} INFO - Processing file /home/airflow/.local/lib/python3.12/site-packages/airflow/example_dags/example_branch_operator.py for tasks to queue
[2025-02-20T14:01:38.237+0000] {logging_mixin.py:190} INFO - [2025-02-20T14:01:38.237+0000] {dagbag.py:588} INFO - Filling up the DagBag from /home/airflow/.local/lib/python3.12/site-packages/airflow/example_dags/example_branch_operator.py
[2025-02-20T14:01:38.255+0000] {processor.py:925} INFO - DAG(s) 'example_branch_operator' retrieved from /home/airflow/.local/lib/python3.12/site-packages/airflow/example_dags/example_branch_operator.py
[2025-02-20T14:01:38.280+0000] {logging_mixin.py:190} INFO - [2025-02-20T14:01:38.280+0000] {dag.py:3239} INFO - Sync 1 DAGs
[2025-02-20T14:01:38.302+0000] {logging_mixin.py:190} INFO - [2025-02-20T14:01:38.301+0000] {dag.py:4180} INFO - Setting next_dagrun for example_branch_operator to 2025-02-19 00:00:00+00:00, run_after=2025-02-20 00:00:00+00:00
[2025-02-20T14:01:38.327+0000] {processor.py:208} INFO - Processing /home/airflow/.local/lib/python3.12/site-packages/airflow/example_dags/example_branch_operator.py took 0.099 seconds
[2025-02-20T14:02:08.744+0000] {processor.py:186} INFO - Started process (PID=8102) to work on /home/airflow/.local/lib/python3.12/site-packages/airflow/example_dags/example_branch_operator.py
[2025-02-20T14:02:08.748+0000] {processor.py:914} INFO - Processing file /home/airflow/.local/lib/python3.12/site-packages/airflow/example_dags/example_branch_operator.py for tasks to queue
[2025-02-20T14:02:08.752+0000] {logging_mixin.py:190} INFO - [2025-02-20T14:02:08.752+0000] {dagbag.py:588} INFO - Filling up the DagBag from /home/airflow/.local/lib/python3.12/site-packages/airflow/example_dags/example_branch_operator.py
[2025-02-20T14:02:08.767+0000] {processor.py:925} INFO - DAG(s) 'example_branch_operator' retrieved from /home/airflow/.local/lib/python3.12/site-packages/airflow/example_dags/example_branch_operator.py
[2025-02-20T14:02:08.793+0000] {logging_mixin.py:190} INFO - [2025-02-20T14:02:08.793+0000] {dag.py:3239} INFO - Sync 1 DAGs
[2025-02-20T14:02:08.813+0000] {logging_mixin.py:190} INFO - [2025-02-20T14:02:08.813+0000] {dag.py:4180} INFO - Setting next_dagrun for example_branch_operator to 2025-02-19 00:00:00+00:00, run_after=2025-02-20 00:00:00+00:00
[2025-02-20T14:02:08.832+0000] {processor.py:208} INFO - Processing /home/airflow/.local/lib/python3.12/site-packages/airflow/example_dags/example_branch_operator.py took 0.094 seconds
[2025-02-20T14:02:39.061+0000] {processor.py:186} INFO - Started process (PID=8178) to work on /home/airflow/.local/lib/python3.12/site-packages/airflow/example_dags/example_branch_operator.py
[2025-02-20T14:02:39.062+0000] {processor.py:914} INFO - Processing file /home/airflow/.local/lib/python3.12/site-packages/airflow/example_dags/example_branch_operator.py for tasks to queue
[2025-02-20T14:02:39.063+0000] {logging_mixin.py:190} INFO - [2025-02-20T14:02:39.063+0000] {dagbag.py:588} INFO - Filling up the DagBag from /home/airflow/.local/lib/python3.12/site-packages/airflow/example_dags/example_branch_operator.py
[2025-02-20T14:02:39.078+0000] {processor.py:925} INFO - DAG(s) 'example_branch_operator' retrieved from /home/airflow/.local/lib/python3.12/site-packages/airflow/example_dags/example_branch_operator.py
[2025-02-20T14:02:39.106+0000] {logging_mixin.py:190} INFO - [2025-02-20T14:02:39.105+0000] {dag.py:3239} INFO - Sync 1 DAGs
[2025-02-20T14:02:39.127+0000] {logging_mixin.py:190} INFO - [2025-02-20T14:02:39.127+0000] {dag.py:4180} INFO - Setting next_dagrun for example_branch_operator to 2025-02-19 00:00:00+00:00, run_after=2025-02-20 00:00:00+00:00
[2025-02-20T14:02:39.144+0000] {processor.py:208} INFO - Processing /home/airflow/.local/lib/python3.12/site-packages/airflow/example_dags/example_branch_operator.py took 0.088 seconds
[2025-02-20T14:03:09.271+0000] {processor.py:186} INFO - Started process (PID=8254) to work on /home/airflow/.local/lib/python3.12/site-packages/airflow/example_dags/example_branch_operator.py
[2025-02-20T14:03:09.272+0000] {processor.py:914} INFO - Processing file /home/airflow/.local/lib/python3.12/site-packages/airflow/example_dags/example_branch_operator.py for tasks to queue
[2025-02-20T14:03:09.274+0000] {logging_mixin.py:190} INFO - [2025-02-20T14:03:09.274+0000] {dagbag.py:588} INFO - Filling up the DagBag from /home/airflow/.local/lib/python3.12/site-packages/airflow/example_dags/example_branch_operator.py
[2025-02-20T14:03:09.294+0000] {processor.py:925} INFO - DAG(s) 'example_branch_operator' retrieved from /home/airflow/.local/lib/python3.12/site-packages/airflow/example_dags/example_branch_operator.py
[2025-02-20T14:03:09.339+0000] {logging_mixin.py:190} INFO - [2025-02-20T14:03:09.339+0000] {dag.py:3239} INFO - Sync 1 DAGs
[2025-02-20T14:03:09.371+0000] {logging_mixin.py:190} INFO - [2025-02-20T14:03:09.371+0000] {dag.py:4180} INFO - Setting next_dagrun for example_branch_operator to 2025-02-19 00:00:00+00:00, run_after=2025-02-20 00:00:00+00:00
[2025-02-20T14:03:09.398+0000] {processor.py:208} INFO - Processing /home/airflow/.local/lib/python3.12/site-packages/airflow/example_dags/example_branch_operator.py took 0.133 seconds
[2025-02-20T14:44:19.672+0000] {processor.py:186} INFO - Started process (PID=8350) to work on /home/airflow/.local/lib/python3.12/site-packages/airflow/example_dags/example_branch_operator.py
[2025-02-20T14:44:19.673+0000] {processor.py:914} INFO - Processing file /home/airflow/.local/lib/python3.12/site-packages/airflow/example_dags/example_branch_operator.py for tasks to queue
[2025-02-20T14:44:19.675+0000] {logging_mixin.py:190} INFO - [2025-02-20T14:44:19.674+0000] {dagbag.py:588} INFO - Filling up the DagBag from /home/airflow/.local/lib/python3.12/site-packages/airflow/example_dags/example_branch_operator.py
[2025-02-20T14:44:19.697+0000] {processor.py:925} INFO - DAG(s) 'example_branch_operator' retrieved from /home/airflow/.local/lib/python3.12/site-packages/airflow/example_dags/example_branch_operator.py
[2025-02-20T14:44:19.735+0000] {logging_mixin.py:190} INFO - [2025-02-20T14:44:19.734+0000] {dag.py:3239} INFO - Sync 1 DAGs
[2025-02-20T14:44:19.762+0000] {logging_mixin.py:190} INFO - [2025-02-20T14:44:19.761+0000] {dag.py:4180} INFO - Setting next_dagrun for example_branch_operator to 2025-02-19 00:00:00+00:00, run_after=2025-02-20 00:00:00+00:00
[2025-02-20T14:44:19.782+0000] {processor.py:208} INFO - Processing /home/airflow/.local/lib/python3.12/site-packages/airflow/example_dags/example_branch_operator.py took 0.115 seconds
[2025-02-20T14:44:50.591+0000] {processor.py:186} INFO - Started process (PID=8426) to work on /home/airflow/.local/lib/python3.12/site-packages/airflow/example_dags/example_branch_operator.py
[2025-02-20T14:44:50.593+0000] {processor.py:914} INFO - Processing file /home/airflow/.local/lib/python3.12/site-packages/airflow/example_dags/example_branch_operator.py for tasks to queue
[2025-02-20T14:44:50.594+0000] {logging_mixin.py:190} INFO - [2025-02-20T14:44:50.594+0000] {dagbag.py:588} INFO - Filling up the DagBag from /home/airflow/.local/lib/python3.12/site-packages/airflow/example_dags/example_branch_operator.py
[2025-02-20T14:44:50.607+0000] {processor.py:925} INFO - DAG(s) 'example_branch_operator' retrieved from /home/airflow/.local/lib/python3.12/site-packages/airflow/example_dags/example_branch_operator.py
[2025-02-20T14:44:50.628+0000] {logging_mixin.py:190} INFO - [2025-02-20T14:44:50.628+0000] {dag.py:3239} INFO - Sync 1 DAGs
[2025-02-20T14:44:50.645+0000] {logging_mixin.py:190} INFO - [2025-02-20T14:44:50.645+0000] {dag.py:4180} INFO - Setting next_dagrun for example_branch_operator to 2025-02-19 00:00:00+00:00, run_after=2025-02-20 00:00:00+00:00
[2025-02-20T14:44:50.660+0000] {processor.py:208} INFO - Processing /home/airflow/.local/lib/python3.12/site-packages/airflow/example_dags/example_branch_operator.py took 0.073 seconds
[2025-02-20T14:45:21.201+0000] {processor.py:186} INFO - Started process (PID=8503) to work on /home/airflow/.local/lib/python3.12/site-packages/airflow/example_dags/example_branch_operator.py
[2025-02-20T14:45:21.202+0000] {processor.py:914} INFO - Processing file /home/airflow/.local/lib/python3.12/site-packages/airflow/example_dags/example_branch_operator.py for tasks to queue
[2025-02-20T14:45:21.203+0000] {logging_mixin.py:190} INFO - [2025-02-20T14:45:21.203+0000] {dagbag.py:588} INFO - Filling up the DagBag from /home/airflow/.local/lib/python3.12/site-packages/airflow/example_dags/example_branch_operator.py
[2025-02-20T14:45:21.216+0000] {processor.py:925} INFO - DAG(s) 'example_branch_operator' retrieved from /home/airflow/.local/lib/python3.12/site-packages/airflow/example_dags/example_branch_operator.py
[2025-02-20T14:45:21.239+0000] {logging_mixin.py:190} INFO - [2025-02-20T14:45:21.239+0000] {dag.py:3239} INFO - Sync 1 DAGs
[2025-02-20T14:45:21.258+0000] {logging_mixin.py:190} INFO - [2025-02-20T14:45:21.258+0000] {dag.py:4180} INFO - Setting next_dagrun for example_branch_operator to 2025-02-19 00:00:00+00:00, run_after=2025-02-20 00:00:00+00:00
[2025-02-20T14:45:21.277+0000] {processor.py:208} INFO - Processing /home/airflow/.local/lib/python3.12/site-packages/airflow/example_dags/example_branch_operator.py took 0.081 seconds
[2025-02-20T18:44:25.079+0000] {processor.py:186} INFO - Started process (PID=8573) to work on /home/airflow/.local/lib/python3.12/site-packages/airflow/example_dags/example_branch_operator.py
[2025-02-20T18:44:25.081+0000] {processor.py:914} INFO - Processing file /home/airflow/.local/lib/python3.12/site-packages/airflow/example_dags/example_branch_operator.py for tasks to queue
[2025-02-20T18:44:25.083+0000] {logging_mixin.py:190} INFO - [2025-02-20T18:44:25.082+0000] {dagbag.py:588} INFO - Filling up the DagBag from /home/airflow/.local/lib/python3.12/site-packages/airflow/example_dags/example_branch_operator.py
[2025-02-20T18:44:25.100+0000] {processor.py:925} INFO - DAG(s) 'example_branch_operator' retrieved from /home/airflow/.local/lib/python3.12/site-packages/airflow/example_dags/example_branch_operator.py
[2025-02-20T18:44:25.133+0000] {logging_mixin.py:190} INFO - [2025-02-20T18:44:25.132+0000] {dag.py:3239} INFO - Sync 1 DAGs
[2025-02-20T18:44:25.160+0000] {logging_mixin.py:190} INFO - [2025-02-20T18:44:25.160+0000] {dag.py:4180} INFO - Setting next_dagrun for example_branch_operator to 2025-02-19 00:00:00+00:00, run_after=2025-02-20 00:00:00+00:00
[2025-02-20T18:44:25.187+0000] {processor.py:208} INFO - Processing /home/airflow/.local/lib/python3.12/site-packages/airflow/example_dags/example_branch_operator.py took 0.113 seconds
