[2025-02-20T13:41:08.759+0000] {processor.py:186} INFO - Started process (PID=4947) to work on /home/airflow/.local/lib/python3.12/site-packages/airflow/example_dags/example_dataset_alias.py
[2025-02-20T13:41:08.771+0000] {processor.py:914} INFO - Processing file /home/airflow/.local/lib/python3.12/site-packages/airflow/example_dags/example_dataset_alias.py for tasks to queue
[2025-02-20T13:41:08.779+0000] {logging_mixin.py:190} INFO - [2025-02-20T13:41:08.779+0000] {dagbag.py:588} INFO - Filling up the DagBag from /home/airflow/.local/lib/python3.12/site-packages/airflow/example_dags/example_dataset_alias.py
[2025-02-20T13:41:10.715+0000] {processor.py:925} INFO - DAG(s) 'dataset_s3_bucket_consumer', 'dataset_alias_example_alias_producer', 'dataset_s3_bucket_producer', 'dataset_alias_example_alias_consumer' retrieved from /home/airflow/.local/lib/python3.12/site-packages/airflow/example_dags/example_dataset_alias.py
[2025-02-20T13:41:10.807+0000] {logging_mixin.py:190} INFO - [2025-02-20T13:41:10.806+0000] {dag.py:3239} INFO - Sync 4 DAGs
[2025-02-20T13:41:10.982+0000] {logging_mixin.py:190} INFO - [2025-02-20T13:41:10.981+0000] {dag.py:4180} INFO - Setting next_dagrun for dataset_alias_example_alias_consumer to None, run_after=None
[2025-02-20T13:41:11.000+0000] {logging_mixin.py:190} INFO - [2025-02-20T13:41:10.999+0000] {dag.py:4180} INFO - Setting next_dagrun for dataset_alias_example_alias_producer to None, run_after=None
[2025-02-20T13:41:11.015+0000] {logging_mixin.py:190} INFO - [2025-02-20T13:41:11.014+0000] {dag.py:4180} INFO - Setting next_dagrun for dataset_s3_bucket_consumer to None, run_after=None
[2025-02-20T13:41:11.029+0000] {logging_mixin.py:190} INFO - [2025-02-20T13:41:11.028+0000] {dag.py:4180} INFO - Setting next_dagrun for dataset_s3_bucket_producer to None, run_after=None
[2025-02-20T13:41:11.154+0000] {processor.py:208} INFO - Processing /home/airflow/.local/lib/python3.12/site-packages/airflow/example_dags/example_dataset_alias.py took 2.416 seconds
[2025-02-20T13:41:41.811+0000] {processor.py:186} INFO - Started process (PID=5035) to work on /home/airflow/.local/lib/python3.12/site-packages/airflow/example_dags/example_dataset_alias.py
[2025-02-20T13:41:41.812+0000] {processor.py:914} INFO - Processing file /home/airflow/.local/lib/python3.12/site-packages/airflow/example_dags/example_dataset_alias.py for tasks to queue
[2025-02-20T13:41:41.814+0000] {logging_mixin.py:190} INFO - [2025-02-20T13:41:41.814+0000] {dagbag.py:588} INFO - Filling up the DagBag from /home/airflow/.local/lib/python3.12/site-packages/airflow/example_dags/example_dataset_alias.py
[2025-02-20T13:41:42.183+0000] {processor.py:925} INFO - DAG(s) 'dataset_s3_bucket_producer', 'dataset_s3_bucket_consumer', 'dataset_alias_example_alias_producer', 'dataset_alias_example_alias_consumer' retrieved from /home/airflow/.local/lib/python3.12/site-packages/airflow/example_dags/example_dataset_alias.py
[2025-02-20T13:41:42.203+0000] {logging_mixin.py:190} INFO - [2025-02-20T13:41:42.202+0000] {dag.py:3239} INFO - Sync 4 DAGs
[2025-02-20T13:41:42.222+0000] {logging_mixin.py:190} INFO - [2025-02-20T13:41:42.222+0000] {dag.py:4180} INFO - Setting next_dagrun for dataset_alias_example_alias_consumer to None, run_after=None
[2025-02-20T13:41:42.225+0000] {logging_mixin.py:190} INFO - [2025-02-20T13:41:42.225+0000] {dag.py:4180} INFO - Setting next_dagrun for dataset_alias_example_alias_producer to None, run_after=None
[2025-02-20T13:41:42.227+0000] {logging_mixin.py:190} INFO - [2025-02-20T13:41:42.227+0000] {dag.py:4180} INFO - Setting next_dagrun for dataset_s3_bucket_consumer to None, run_after=None
[2025-02-20T13:41:42.229+0000] {logging_mixin.py:190} INFO - [2025-02-20T13:41:42.229+0000] {dag.py:4180} INFO - Setting next_dagrun for dataset_s3_bucket_producer to None, run_after=None
[2025-02-20T13:41:42.275+0000] {processor.py:208} INFO - Processing /home/airflow/.local/lib/python3.12/site-packages/airflow/example_dags/example_dataset_alias.py took 0.470 seconds
[2025-02-20T13:42:13.045+0000] {processor.py:186} INFO - Started process (PID=5112) to work on /home/airflow/.local/lib/python3.12/site-packages/airflow/example_dags/example_dataset_alias.py
[2025-02-20T13:42:13.046+0000] {processor.py:914} INFO - Processing file /home/airflow/.local/lib/python3.12/site-packages/airflow/example_dags/example_dataset_alias.py for tasks to queue
[2025-02-20T13:42:13.049+0000] {logging_mixin.py:190} INFO - [2025-02-20T13:42:13.048+0000] {dagbag.py:588} INFO - Filling up the DagBag from /home/airflow/.local/lib/python3.12/site-packages/airflow/example_dags/example_dataset_alias.py
[2025-02-20T13:42:13.387+0000] {processor.py:925} INFO - DAG(s) 'dataset_s3_bucket_producer', 'dataset_alias_example_alias_consumer', 'dataset_s3_bucket_consumer', 'dataset_alias_example_alias_producer' retrieved from /home/airflow/.local/lib/python3.12/site-packages/airflow/example_dags/example_dataset_alias.py
[2025-02-20T13:42:13.407+0000] {logging_mixin.py:190} INFO - [2025-02-20T13:42:13.406+0000] {dag.py:3239} INFO - Sync 4 DAGs
[2025-02-20T13:42:13.431+0000] {logging_mixin.py:190} INFO - [2025-02-20T13:42:13.430+0000] {dag.py:4180} INFO - Setting next_dagrun for dataset_alias_example_alias_consumer to None, run_after=None
[2025-02-20T13:42:13.435+0000] {logging_mixin.py:190} INFO - [2025-02-20T13:42:13.434+0000] {dag.py:4180} INFO - Setting next_dagrun for dataset_alias_example_alias_producer to None, run_after=None
[2025-02-20T13:42:13.437+0000] {logging_mixin.py:190} INFO - [2025-02-20T13:42:13.437+0000] {dag.py:4180} INFO - Setting next_dagrun for dataset_s3_bucket_consumer to None, run_after=None
[2025-02-20T13:42:13.438+0000] {logging_mixin.py:190} INFO - [2025-02-20T13:42:13.438+0000] {dag.py:4180} INFO - Setting next_dagrun for dataset_s3_bucket_producer to None, run_after=None
[2025-02-20T13:42:13.459+0000] {processor.py:208} INFO - Processing /home/airflow/.local/lib/python3.12/site-packages/airflow/example_dags/example_dataset_alias.py took 0.419 seconds
[2025-02-20T13:42:43.529+0000] {processor.py:186} INFO - Started process (PID=5188) to work on /home/airflow/.local/lib/python3.12/site-packages/airflow/example_dags/example_dataset_alias.py
[2025-02-20T13:42:43.530+0000] {processor.py:914} INFO - Processing file /home/airflow/.local/lib/python3.12/site-packages/airflow/example_dags/example_dataset_alias.py for tasks to queue
[2025-02-20T13:42:43.531+0000] {logging_mixin.py:190} INFO - [2025-02-20T13:42:43.531+0000] {dagbag.py:588} INFO - Filling up the DagBag from /home/airflow/.local/lib/python3.12/site-packages/airflow/example_dags/example_dataset_alias.py
[2025-02-20T13:42:43.946+0000] {processor.py:925} INFO - DAG(s) 'dataset_s3_bucket_producer', 'dataset_s3_bucket_consumer', 'dataset_alias_example_alias_consumer', 'dataset_alias_example_alias_producer' retrieved from /home/airflow/.local/lib/python3.12/site-packages/airflow/example_dags/example_dataset_alias.py
[2025-02-20T13:42:43.972+0000] {logging_mixin.py:190} INFO - [2025-02-20T13:42:43.972+0000] {dag.py:3239} INFO - Sync 4 DAGs
[2025-02-20T13:42:44.001+0000] {logging_mixin.py:190} INFO - [2025-02-20T13:42:44.000+0000] {dag.py:4180} INFO - Setting next_dagrun for dataset_alias_example_alias_consumer to None, run_after=None
[2025-02-20T13:42:44.004+0000] {logging_mixin.py:190} INFO - [2025-02-20T13:42:44.004+0000] {dag.py:4180} INFO - Setting next_dagrun for dataset_alias_example_alias_producer to None, run_after=None
[2025-02-20T13:42:44.006+0000] {logging_mixin.py:190} INFO - [2025-02-20T13:42:44.006+0000] {dag.py:4180} INFO - Setting next_dagrun for dataset_s3_bucket_consumer to None, run_after=None
[2025-02-20T13:42:44.008+0000] {logging_mixin.py:190} INFO - [2025-02-20T13:42:44.008+0000] {dag.py:4180} INFO - Setting next_dagrun for dataset_s3_bucket_producer to None, run_after=None
[2025-02-20T13:42:44.037+0000] {processor.py:208} INFO - Processing /home/airflow/.local/lib/python3.12/site-packages/airflow/example_dags/example_dataset_alias.py took 0.514 seconds
[2025-02-20T13:43:14.431+0000] {processor.py:186} INFO - Started process (PID=5266) to work on /home/airflow/.local/lib/python3.12/site-packages/airflow/example_dags/example_dataset_alias.py
[2025-02-20T13:43:14.432+0000] {processor.py:914} INFO - Processing file /home/airflow/.local/lib/python3.12/site-packages/airflow/example_dags/example_dataset_alias.py for tasks to queue
[2025-02-20T13:43:14.434+0000] {logging_mixin.py:190} INFO - [2025-02-20T13:43:14.434+0000] {dagbag.py:588} INFO - Filling up the DagBag from /home/airflow/.local/lib/python3.12/site-packages/airflow/example_dags/example_dataset_alias.py
[2025-02-20T13:43:14.772+0000] {processor.py:925} INFO - DAG(s) 'dataset_s3_bucket_producer', 'dataset_alias_example_alias_producer', 'dataset_s3_bucket_consumer', 'dataset_alias_example_alias_consumer' retrieved from /home/airflow/.local/lib/python3.12/site-packages/airflow/example_dags/example_dataset_alias.py
[2025-02-20T13:43:14.791+0000] {logging_mixin.py:190} INFO - [2025-02-20T13:43:14.790+0000] {dag.py:3239} INFO - Sync 4 DAGs
[2025-02-20T13:43:14.814+0000] {logging_mixin.py:190} INFO - [2025-02-20T13:43:14.813+0000] {dag.py:4180} INFO - Setting next_dagrun for dataset_alias_example_alias_consumer to None, run_after=None
[2025-02-20T13:43:14.816+0000] {logging_mixin.py:190} INFO - [2025-02-20T13:43:14.816+0000] {dag.py:4180} INFO - Setting next_dagrun for dataset_alias_example_alias_producer to None, run_after=None
[2025-02-20T13:43:14.818+0000] {logging_mixin.py:190} INFO - [2025-02-20T13:43:14.817+0000] {dag.py:4180} INFO - Setting next_dagrun for dataset_s3_bucket_consumer to None, run_after=None
[2025-02-20T13:43:14.819+0000] {logging_mixin.py:190} INFO - [2025-02-20T13:43:14.819+0000] {dag.py:4180} INFO - Setting next_dagrun for dataset_s3_bucket_producer to None, run_after=None
[2025-02-20T13:43:14.843+0000] {processor.py:208} INFO - Processing /home/airflow/.local/lib/python3.12/site-packages/airflow/example_dags/example_dataset_alias.py took 0.417 seconds
[2025-02-20T13:43:45.833+0000] {processor.py:186} INFO - Started process (PID=5343) to work on /home/airflow/.local/lib/python3.12/site-packages/airflow/example_dags/example_dataset_alias.py
[2025-02-20T13:43:45.834+0000] {processor.py:914} INFO - Processing file /home/airflow/.local/lib/python3.12/site-packages/airflow/example_dags/example_dataset_alias.py for tasks to queue
[2025-02-20T13:43:45.836+0000] {logging_mixin.py:190} INFO - [2025-02-20T13:43:45.836+0000] {dagbag.py:588} INFO - Filling up the DagBag from /home/airflow/.local/lib/python3.12/site-packages/airflow/example_dags/example_dataset_alias.py
[2025-02-20T13:43:46.196+0000] {processor.py:925} INFO - DAG(s) 'dataset_s3_bucket_consumer', 'dataset_alias_example_alias_consumer', 'dataset_s3_bucket_producer', 'dataset_alias_example_alias_producer' retrieved from /home/airflow/.local/lib/python3.12/site-packages/airflow/example_dags/example_dataset_alias.py
[2025-02-20T13:43:46.219+0000] {logging_mixin.py:190} INFO - [2025-02-20T13:43:46.218+0000] {dag.py:3239} INFO - Sync 4 DAGs
[2025-02-20T13:43:46.242+0000] {logging_mixin.py:190} INFO - [2025-02-20T13:43:46.241+0000] {dag.py:4180} INFO - Setting next_dagrun for dataset_alias_example_alias_consumer to None, run_after=None
[2025-02-20T13:43:46.245+0000] {logging_mixin.py:190} INFO - [2025-02-20T13:43:46.245+0000] {dag.py:4180} INFO - Setting next_dagrun for dataset_alias_example_alias_producer to None, run_after=None
[2025-02-20T13:43:46.248+0000] {logging_mixin.py:190} INFO - [2025-02-20T13:43:46.247+0000] {dag.py:4180} INFO - Setting next_dagrun for dataset_s3_bucket_consumer to None, run_after=None
[2025-02-20T13:43:46.249+0000] {logging_mixin.py:190} INFO - [2025-02-20T13:43:46.249+0000] {dag.py:4180} INFO - Setting next_dagrun for dataset_s3_bucket_producer to None, run_after=None
[2025-02-20T13:43:46.274+0000] {processor.py:208} INFO - Processing /home/airflow/.local/lib/python3.12/site-packages/airflow/example_dags/example_dataset_alias.py took 0.446 seconds
[2025-02-20T13:44:16.365+0000] {processor.py:186} INFO - Started process (PID=5419) to work on /home/airflow/.local/lib/python3.12/site-packages/airflow/example_dags/example_dataset_alias.py
[2025-02-20T13:44:16.366+0000] {processor.py:914} INFO - Processing file /home/airflow/.local/lib/python3.12/site-packages/airflow/example_dags/example_dataset_alias.py for tasks to queue
[2025-02-20T13:44:16.368+0000] {logging_mixin.py:190} INFO - [2025-02-20T13:44:16.367+0000] {dagbag.py:588} INFO - Filling up the DagBag from /home/airflow/.local/lib/python3.12/site-packages/airflow/example_dags/example_dataset_alias.py
[2025-02-20T13:44:16.721+0000] {processor.py:925} INFO - DAG(s) 'dataset_s3_bucket_producer', 'dataset_alias_example_alias_producer', 'dataset_s3_bucket_consumer', 'dataset_alias_example_alias_consumer' retrieved from /home/airflow/.local/lib/python3.12/site-packages/airflow/example_dags/example_dataset_alias.py
[2025-02-20T13:44:16.749+0000] {logging_mixin.py:190} INFO - [2025-02-20T13:44:16.749+0000] {dag.py:3239} INFO - Sync 4 DAGs
[2025-02-20T13:44:16.770+0000] {logging_mixin.py:190} INFO - [2025-02-20T13:44:16.769+0000] {dag.py:4180} INFO - Setting next_dagrun for dataset_alias_example_alias_consumer to None, run_after=None
[2025-02-20T13:44:16.773+0000] {logging_mixin.py:190} INFO - [2025-02-20T13:44:16.773+0000] {dag.py:4180} INFO - Setting next_dagrun for dataset_alias_example_alias_producer to None, run_after=None
[2025-02-20T13:44:16.775+0000] {logging_mixin.py:190} INFO - [2025-02-20T13:44:16.775+0000] {dag.py:4180} INFO - Setting next_dagrun for dataset_s3_bucket_consumer to None, run_after=None
[2025-02-20T13:44:16.778+0000] {logging_mixin.py:190} INFO - [2025-02-20T13:44:16.778+0000] {dag.py:4180} INFO - Setting next_dagrun for dataset_s3_bucket_producer to None, run_after=None
[2025-02-20T13:44:16.803+0000] {processor.py:208} INFO - Processing /home/airflow/.local/lib/python3.12/site-packages/airflow/example_dags/example_dataset_alias.py took 0.442 seconds
[2025-02-20T13:44:46.979+0000] {processor.py:186} INFO - Started process (PID=5495) to work on /home/airflow/.local/lib/python3.12/site-packages/airflow/example_dags/example_dataset_alias.py
[2025-02-20T13:44:46.980+0000] {processor.py:914} INFO - Processing file /home/airflow/.local/lib/python3.12/site-packages/airflow/example_dags/example_dataset_alias.py for tasks to queue
[2025-02-20T13:44:46.982+0000] {logging_mixin.py:190} INFO - [2025-02-20T13:44:46.982+0000] {dagbag.py:588} INFO - Filling up the DagBag from /home/airflow/.local/lib/python3.12/site-packages/airflow/example_dags/example_dataset_alias.py
[2025-02-20T13:44:47.357+0000] {processor.py:925} INFO - DAG(s) 'dataset_s3_bucket_consumer', 'dataset_alias_example_alias_consumer', 'dataset_s3_bucket_producer', 'dataset_alias_example_alias_producer' retrieved from /home/airflow/.local/lib/python3.12/site-packages/airflow/example_dags/example_dataset_alias.py
[2025-02-20T13:44:47.388+0000] {logging_mixin.py:190} INFO - [2025-02-20T13:44:47.388+0000] {dag.py:3239} INFO - Sync 4 DAGs
[2025-02-20T13:44:47.413+0000] {logging_mixin.py:190} INFO - [2025-02-20T13:44:47.413+0000] {dag.py:4180} INFO - Setting next_dagrun for dataset_alias_example_alias_consumer to None, run_after=None
[2025-02-20T13:44:47.417+0000] {logging_mixin.py:190} INFO - [2025-02-20T13:44:47.417+0000] {dag.py:4180} INFO - Setting next_dagrun for dataset_alias_example_alias_producer to None, run_after=None
[2025-02-20T13:44:47.419+0000] {logging_mixin.py:190} INFO - [2025-02-20T13:44:47.419+0000] {dag.py:4180} INFO - Setting next_dagrun for dataset_s3_bucket_consumer to None, run_after=None
[2025-02-20T13:44:47.422+0000] {logging_mixin.py:190} INFO - [2025-02-20T13:44:47.421+0000] {dag.py:4180} INFO - Setting next_dagrun for dataset_s3_bucket_producer to None, run_after=None
[2025-02-20T13:44:47.451+0000] {processor.py:208} INFO - Processing /home/airflow/.local/lib/python3.12/site-packages/airflow/example_dags/example_dataset_alias.py took 0.478 seconds
[2025-02-20T13:45:17.613+0000] {processor.py:186} INFO - Started process (PID=5571) to work on /home/airflow/.local/lib/python3.12/site-packages/airflow/example_dags/example_dataset_alias.py
[2025-02-20T13:45:17.614+0000] {processor.py:914} INFO - Processing file /home/airflow/.local/lib/python3.12/site-packages/airflow/example_dags/example_dataset_alias.py for tasks to queue
[2025-02-20T13:45:17.616+0000] {logging_mixin.py:190} INFO - [2025-02-20T13:45:17.615+0000] {dagbag.py:588} INFO - Filling up the DagBag from /home/airflow/.local/lib/python3.12/site-packages/airflow/example_dags/example_dataset_alias.py
[2025-02-20T13:45:17.955+0000] {processor.py:925} INFO - DAG(s) 'dataset_alias_example_alias_producer', 'dataset_s3_bucket_producer', 'dataset_alias_example_alias_consumer', 'dataset_s3_bucket_consumer' retrieved from /home/airflow/.local/lib/python3.12/site-packages/airflow/example_dags/example_dataset_alias.py
[2025-02-20T13:45:17.979+0000] {logging_mixin.py:190} INFO - [2025-02-20T13:45:17.978+0000] {dag.py:3239} INFO - Sync 4 DAGs
[2025-02-20T13:45:18.005+0000] {logging_mixin.py:190} INFO - [2025-02-20T13:45:18.005+0000] {dag.py:4180} INFO - Setting next_dagrun for dataset_alias_example_alias_consumer to None, run_after=None
[2025-02-20T13:45:18.008+0000] {logging_mixin.py:190} INFO - [2025-02-20T13:45:18.008+0000] {dag.py:4180} INFO - Setting next_dagrun for dataset_alias_example_alias_producer to None, run_after=None
[2025-02-20T13:45:18.010+0000] {logging_mixin.py:190} INFO - [2025-02-20T13:45:18.010+0000] {dag.py:4180} INFO - Setting next_dagrun for dataset_s3_bucket_consumer to None, run_after=None
[2025-02-20T13:45:18.012+0000] {logging_mixin.py:190} INFO - [2025-02-20T13:45:18.011+0000] {dag.py:4180} INFO - Setting next_dagrun for dataset_s3_bucket_producer to None, run_after=None
[2025-02-20T13:45:18.035+0000] {processor.py:208} INFO - Processing /home/airflow/.local/lib/python3.12/site-packages/airflow/example_dags/example_dataset_alias.py took 0.427 seconds
[2025-02-20T13:45:48.104+0000] {processor.py:186} INFO - Started process (PID=5648) to work on /home/airflow/.local/lib/python3.12/site-packages/airflow/example_dags/example_dataset_alias.py
[2025-02-20T13:45:48.106+0000] {processor.py:914} INFO - Processing file /home/airflow/.local/lib/python3.12/site-packages/airflow/example_dags/example_dataset_alias.py for tasks to queue
[2025-02-20T13:45:48.108+0000] {logging_mixin.py:190} INFO - [2025-02-20T13:45:48.107+0000] {dagbag.py:588} INFO - Filling up the DagBag from /home/airflow/.local/lib/python3.12/site-packages/airflow/example_dags/example_dataset_alias.py
[2025-02-20T13:45:48.457+0000] {processor.py:925} INFO - DAG(s) 'dataset_s3_bucket_consumer', 'dataset_s3_bucket_producer', 'dataset_alias_example_alias_consumer', 'dataset_alias_example_alias_producer' retrieved from /home/airflow/.local/lib/python3.12/site-packages/airflow/example_dags/example_dataset_alias.py
[2025-02-20T13:45:48.480+0000] {logging_mixin.py:190} INFO - [2025-02-20T13:45:48.480+0000] {dag.py:3239} INFO - Sync 4 DAGs
[2025-02-20T13:45:48.506+0000] {logging_mixin.py:190} INFO - [2025-02-20T13:45:48.505+0000] {dag.py:4180} INFO - Setting next_dagrun for dataset_alias_example_alias_consumer to None, run_after=None
[2025-02-20T13:45:48.509+0000] {logging_mixin.py:190} INFO - [2025-02-20T13:45:48.508+0000] {dag.py:4180} INFO - Setting next_dagrun for dataset_alias_example_alias_producer to None, run_after=None
[2025-02-20T13:45:48.510+0000] {logging_mixin.py:190} INFO - [2025-02-20T13:45:48.510+0000] {dag.py:4180} INFO - Setting next_dagrun for dataset_s3_bucket_consumer to None, run_after=None
[2025-02-20T13:45:48.512+0000] {logging_mixin.py:190} INFO - [2025-02-20T13:45:48.512+0000] {dag.py:4180} INFO - Setting next_dagrun for dataset_s3_bucket_producer to None, run_after=None
[2025-02-20T13:45:48.538+0000] {processor.py:208} INFO - Processing /home/airflow/.local/lib/python3.12/site-packages/airflow/example_dags/example_dataset_alias.py took 0.438 seconds
[2025-02-20T13:46:19.334+0000] {processor.py:186} INFO - Started process (PID=5727) to work on /home/airflow/.local/lib/python3.12/site-packages/airflow/example_dags/example_dataset_alias.py
[2025-02-20T13:46:19.335+0000] {processor.py:914} INFO - Processing file /home/airflow/.local/lib/python3.12/site-packages/airflow/example_dags/example_dataset_alias.py for tasks to queue
[2025-02-20T13:46:19.337+0000] {logging_mixin.py:190} INFO - [2025-02-20T13:46:19.337+0000] {dagbag.py:588} INFO - Filling up the DagBag from /home/airflow/.local/lib/python3.12/site-packages/airflow/example_dags/example_dataset_alias.py
[2025-02-20T13:46:19.615+0000] {processor.py:925} INFO - DAG(s) 'dataset_s3_bucket_consumer', 'dataset_alias_example_alias_producer', 'dataset_s3_bucket_producer', 'dataset_alias_example_alias_consumer' retrieved from /home/airflow/.local/lib/python3.12/site-packages/airflow/example_dags/example_dataset_alias.py
[2025-02-20T13:46:19.631+0000] {logging_mixin.py:190} INFO - [2025-02-20T13:46:19.631+0000] {dag.py:3239} INFO - Sync 4 DAGs
[2025-02-20T13:46:19.651+0000] {logging_mixin.py:190} INFO - [2025-02-20T13:46:19.650+0000] {dag.py:4180} INFO - Setting next_dagrun for dataset_alias_example_alias_consumer to None, run_after=None
[2025-02-20T13:46:19.653+0000] {logging_mixin.py:190} INFO - [2025-02-20T13:46:19.653+0000] {dag.py:4180} INFO - Setting next_dagrun for dataset_alias_example_alias_producer to None, run_after=None
[2025-02-20T13:46:19.654+0000] {logging_mixin.py:190} INFO - [2025-02-20T13:46:19.654+0000] {dag.py:4180} INFO - Setting next_dagrun for dataset_s3_bucket_consumer to None, run_after=None
[2025-02-20T13:46:19.656+0000] {logging_mixin.py:190} INFO - [2025-02-20T13:46:19.656+0000] {dag.py:4180} INFO - Setting next_dagrun for dataset_s3_bucket_producer to None, run_after=None
[2025-02-20T13:46:19.673+0000] {processor.py:208} INFO - Processing /home/airflow/.local/lib/python3.12/site-packages/airflow/example_dags/example_dataset_alias.py took 0.344 seconds
[2025-02-20T13:46:49.848+0000] {processor.py:186} INFO - Started process (PID=5803) to work on /home/airflow/.local/lib/python3.12/site-packages/airflow/example_dags/example_dataset_alias.py
[2025-02-20T13:46:49.849+0000] {processor.py:914} INFO - Processing file /home/airflow/.local/lib/python3.12/site-packages/airflow/example_dags/example_dataset_alias.py for tasks to queue
[2025-02-20T13:46:49.851+0000] {logging_mixin.py:190} INFO - [2025-02-20T13:46:49.851+0000] {dagbag.py:588} INFO - Filling up the DagBag from /home/airflow/.local/lib/python3.12/site-packages/airflow/example_dags/example_dataset_alias.py
[2025-02-20T13:46:50.163+0000] {processor.py:925} INFO - DAG(s) 'dataset_alias_example_alias_producer', 'dataset_s3_bucket_consumer', 'dataset_alias_example_alias_consumer', 'dataset_s3_bucket_producer' retrieved from /home/airflow/.local/lib/python3.12/site-packages/airflow/example_dags/example_dataset_alias.py
[2025-02-20T13:46:50.179+0000] {logging_mixin.py:190} INFO - [2025-02-20T13:46:50.179+0000] {dag.py:3239} INFO - Sync 4 DAGs
[2025-02-20T13:46:50.206+0000] {logging_mixin.py:190} INFO - [2025-02-20T13:46:50.206+0000] {dag.py:4180} INFO - Setting next_dagrun for dataset_alias_example_alias_consumer to None, run_after=None
[2025-02-20T13:46:50.209+0000] {logging_mixin.py:190} INFO - [2025-02-20T13:46:50.208+0000] {dag.py:4180} INFO - Setting next_dagrun for dataset_alias_example_alias_producer to None, run_after=None
[2025-02-20T13:46:50.210+0000] {logging_mixin.py:190} INFO - [2025-02-20T13:46:50.210+0000] {dag.py:4180} INFO - Setting next_dagrun for dataset_s3_bucket_consumer to None, run_after=None
[2025-02-20T13:46:50.211+0000] {logging_mixin.py:190} INFO - [2025-02-20T13:46:50.211+0000] {dag.py:4180} INFO - Setting next_dagrun for dataset_s3_bucket_producer to None, run_after=None
[2025-02-20T13:46:50.228+0000] {processor.py:208} INFO - Processing /home/airflow/.local/lib/python3.12/site-packages/airflow/example_dags/example_dataset_alias.py took 0.385 seconds
[2025-02-20T13:47:20.357+0000] {processor.py:186} INFO - Started process (PID=5878) to work on /home/airflow/.local/lib/python3.12/site-packages/airflow/example_dags/example_dataset_alias.py
[2025-02-20T13:47:20.359+0000] {processor.py:914} INFO - Processing file /home/airflow/.local/lib/python3.12/site-packages/airflow/example_dags/example_dataset_alias.py for tasks to queue
[2025-02-20T13:47:20.360+0000] {logging_mixin.py:190} INFO - [2025-02-20T13:47:20.360+0000] {dagbag.py:588} INFO - Filling up the DagBag from /home/airflow/.local/lib/python3.12/site-packages/airflow/example_dags/example_dataset_alias.py
[2025-02-20T13:47:20.764+0000] {processor.py:925} INFO - DAG(s) 'dataset_s3_bucket_consumer', 'dataset_alias_example_alias_consumer', 'dataset_s3_bucket_producer', 'dataset_alias_example_alias_producer' retrieved from /home/airflow/.local/lib/python3.12/site-packages/airflow/example_dags/example_dataset_alias.py
[2025-02-20T13:47:20.791+0000] {logging_mixin.py:190} INFO - [2025-02-20T13:47:20.790+0000] {dag.py:3239} INFO - Sync 4 DAGs
[2025-02-20T13:47:20.814+0000] {logging_mixin.py:190} INFO - [2025-02-20T13:47:20.814+0000] {dag.py:4180} INFO - Setting next_dagrun for dataset_alias_example_alias_consumer to None, run_after=None
[2025-02-20T13:47:20.818+0000] {logging_mixin.py:190} INFO - [2025-02-20T13:47:20.817+0000] {dag.py:4180} INFO - Setting next_dagrun for dataset_alias_example_alias_producer to None, run_after=None
[2025-02-20T13:47:20.820+0000] {logging_mixin.py:190} INFO - [2025-02-20T13:47:20.820+0000] {dag.py:4180} INFO - Setting next_dagrun for dataset_s3_bucket_consumer to None, run_after=None
[2025-02-20T13:47:20.822+0000] {logging_mixin.py:190} INFO - [2025-02-20T13:47:20.822+0000] {dag.py:4180} INFO - Setting next_dagrun for dataset_s3_bucket_producer to None, run_after=None
[2025-02-20T13:47:21.006+0000] {processor.py:208} INFO - Processing /home/airflow/.local/lib/python3.12/site-packages/airflow/example_dags/example_dataset_alias.py took 0.657 seconds
[2025-02-20T13:47:51.811+0000] {processor.py:186} INFO - Started process (PID=5956) to work on /home/airflow/.local/lib/python3.12/site-packages/airflow/example_dags/example_dataset_alias.py
[2025-02-20T13:47:51.812+0000] {processor.py:914} INFO - Processing file /home/airflow/.local/lib/python3.12/site-packages/airflow/example_dags/example_dataset_alias.py for tasks to queue
[2025-02-20T13:47:51.813+0000] {logging_mixin.py:190} INFO - [2025-02-20T13:47:51.813+0000] {dagbag.py:588} INFO - Filling up the DagBag from /home/airflow/.local/lib/python3.12/site-packages/airflow/example_dags/example_dataset_alias.py
[2025-02-20T13:47:52.127+0000] {processor.py:925} INFO - DAG(s) 'dataset_alias_example_alias_consumer', 'dataset_s3_bucket_consumer', 'dataset_alias_example_alias_producer', 'dataset_s3_bucket_producer' retrieved from /home/airflow/.local/lib/python3.12/site-packages/airflow/example_dags/example_dataset_alias.py
[2025-02-20T13:47:52.148+0000] {logging_mixin.py:190} INFO - [2025-02-20T13:47:52.147+0000] {dag.py:3239} INFO - Sync 4 DAGs
[2025-02-20T13:47:52.168+0000] {logging_mixin.py:190} INFO - [2025-02-20T13:47:52.168+0000] {dag.py:4180} INFO - Setting next_dagrun for dataset_alias_example_alias_consumer to None, run_after=None
[2025-02-20T13:47:52.171+0000] {logging_mixin.py:190} INFO - [2025-02-20T13:47:52.171+0000] {dag.py:4180} INFO - Setting next_dagrun for dataset_alias_example_alias_producer to None, run_after=None
[2025-02-20T13:47:52.173+0000] {logging_mixin.py:190} INFO - [2025-02-20T13:47:52.173+0000] {dag.py:4180} INFO - Setting next_dagrun for dataset_s3_bucket_consumer to None, run_after=None
[2025-02-20T13:47:52.174+0000] {logging_mixin.py:190} INFO - [2025-02-20T13:47:52.174+0000] {dag.py:4180} INFO - Setting next_dagrun for dataset_s3_bucket_producer to None, run_after=None
[2025-02-20T13:47:52.194+0000] {processor.py:208} INFO - Processing /home/airflow/.local/lib/python3.12/site-packages/airflow/example_dags/example_dataset_alias.py took 0.387 seconds
[2025-02-20T13:48:22.275+0000] {processor.py:186} INFO - Started process (PID=6032) to work on /home/airflow/.local/lib/python3.12/site-packages/airflow/example_dags/example_dataset_alias.py
[2025-02-20T13:48:22.276+0000] {processor.py:914} INFO - Processing file /home/airflow/.local/lib/python3.12/site-packages/airflow/example_dags/example_dataset_alias.py for tasks to queue
[2025-02-20T13:48:22.278+0000] {logging_mixin.py:190} INFO - [2025-02-20T13:48:22.278+0000] {dagbag.py:588} INFO - Filling up the DagBag from /home/airflow/.local/lib/python3.12/site-packages/airflow/example_dags/example_dataset_alias.py
[2025-02-20T13:48:22.595+0000] {processor.py:925} INFO - DAG(s) 'dataset_s3_bucket_consumer', 'dataset_s3_bucket_producer', 'dataset_alias_example_alias_producer', 'dataset_alias_example_alias_consumer' retrieved from /home/airflow/.local/lib/python3.12/site-packages/airflow/example_dags/example_dataset_alias.py
[2025-02-20T13:48:22.616+0000] {logging_mixin.py:190} INFO - [2025-02-20T13:48:22.615+0000] {dag.py:3239} INFO - Sync 4 DAGs
[2025-02-20T13:48:22.635+0000] {logging_mixin.py:190} INFO - [2025-02-20T13:48:22.634+0000] {dag.py:4180} INFO - Setting next_dagrun for dataset_alias_example_alias_consumer to None, run_after=None
[2025-02-20T13:48:22.638+0000] {logging_mixin.py:190} INFO - [2025-02-20T13:48:22.637+0000] {dag.py:4180} INFO - Setting next_dagrun for dataset_alias_example_alias_producer to None, run_after=None
[2025-02-20T13:48:22.639+0000] {logging_mixin.py:190} INFO - [2025-02-20T13:48:22.639+0000] {dag.py:4180} INFO - Setting next_dagrun for dataset_s3_bucket_consumer to None, run_after=None
[2025-02-20T13:48:22.641+0000] {logging_mixin.py:190} INFO - [2025-02-20T13:48:22.641+0000] {dag.py:4180} INFO - Setting next_dagrun for dataset_s3_bucket_producer to None, run_after=None
[2025-02-20T13:48:22.661+0000] {processor.py:208} INFO - Processing /home/airflow/.local/lib/python3.12/site-packages/airflow/example_dags/example_dataset_alias.py took 0.391 seconds
[2025-02-20T13:48:53.269+0000] {processor.py:186} INFO - Started process (PID=6113) to work on /home/airflow/.local/lib/python3.12/site-packages/airflow/example_dags/example_dataset_alias.py
[2025-02-20T13:48:53.270+0000] {processor.py:914} INFO - Processing file /home/airflow/.local/lib/python3.12/site-packages/airflow/example_dags/example_dataset_alias.py for tasks to queue
[2025-02-20T13:48:53.272+0000] {logging_mixin.py:190} INFO - [2025-02-20T13:48:53.272+0000] {dagbag.py:588} INFO - Filling up the DagBag from /home/airflow/.local/lib/python3.12/site-packages/airflow/example_dags/example_dataset_alias.py
[2025-02-20T13:48:53.579+0000] {processor.py:925} INFO - DAG(s) 'dataset_alias_example_alias_consumer', 'dataset_s3_bucket_consumer', 'dataset_s3_bucket_producer', 'dataset_alias_example_alias_producer' retrieved from /home/airflow/.local/lib/python3.12/site-packages/airflow/example_dags/example_dataset_alias.py
[2025-02-20T13:48:53.595+0000] {logging_mixin.py:190} INFO - [2025-02-20T13:48:53.595+0000] {dag.py:3239} INFO - Sync 4 DAGs
[2025-02-20T13:48:53.612+0000] {logging_mixin.py:190} INFO - [2025-02-20T13:48:53.612+0000] {dag.py:4180} INFO - Setting next_dagrun for dataset_alias_example_alias_consumer to None, run_after=None
[2025-02-20T13:48:53.614+0000] {logging_mixin.py:190} INFO - [2025-02-20T13:48:53.614+0000] {dag.py:4180} INFO - Setting next_dagrun for dataset_alias_example_alias_producer to None, run_after=None
[2025-02-20T13:48:53.616+0000] {logging_mixin.py:190} INFO - [2025-02-20T13:48:53.615+0000] {dag.py:4180} INFO - Setting next_dagrun for dataset_s3_bucket_consumer to None, run_after=None
[2025-02-20T13:48:53.617+0000] {logging_mixin.py:190} INFO - [2025-02-20T13:48:53.617+0000] {dag.py:4180} INFO - Setting next_dagrun for dataset_s3_bucket_producer to None, run_after=None
[2025-02-20T13:48:53.634+0000] {processor.py:208} INFO - Processing /home/airflow/.local/lib/python3.12/site-packages/airflow/example_dags/example_dataset_alias.py took 0.370 seconds
[2025-02-20T13:49:24.403+0000] {processor.py:186} INFO - Started process (PID=6191) to work on /home/airflow/.local/lib/python3.12/site-packages/airflow/example_dags/example_dataset_alias.py
[2025-02-20T13:49:24.404+0000] {processor.py:914} INFO - Processing file /home/airflow/.local/lib/python3.12/site-packages/airflow/example_dags/example_dataset_alias.py for tasks to queue
[2025-02-20T13:49:24.406+0000] {logging_mixin.py:190} INFO - [2025-02-20T13:49:24.405+0000] {dagbag.py:588} INFO - Filling up the DagBag from /home/airflow/.local/lib/python3.12/site-packages/airflow/example_dags/example_dataset_alias.py
[2025-02-20T13:49:24.759+0000] {processor.py:925} INFO - DAG(s) 'dataset_alias_example_alias_producer', 'dataset_s3_bucket_consumer', 'dataset_s3_bucket_producer', 'dataset_alias_example_alias_consumer' retrieved from /home/airflow/.local/lib/python3.12/site-packages/airflow/example_dags/example_dataset_alias.py
[2025-02-20T13:49:24.788+0000] {logging_mixin.py:190} INFO - [2025-02-20T13:49:24.787+0000] {dag.py:3239} INFO - Sync 4 DAGs
[2025-02-20T13:49:24.810+0000] {logging_mixin.py:190} INFO - [2025-02-20T13:49:24.809+0000] {dag.py:4180} INFO - Setting next_dagrun for dataset_alias_example_alias_consumer to None, run_after=None
[2025-02-20T13:49:24.813+0000] {logging_mixin.py:190} INFO - [2025-02-20T13:49:24.813+0000] {dag.py:4180} INFO - Setting next_dagrun for dataset_alias_example_alias_producer to None, run_after=None
[2025-02-20T13:49:24.815+0000] {logging_mixin.py:190} INFO - [2025-02-20T13:49:24.815+0000] {dag.py:4180} INFO - Setting next_dagrun for dataset_s3_bucket_consumer to None, run_after=None
[2025-02-20T13:49:24.816+0000] {logging_mixin.py:190} INFO - [2025-02-20T13:49:24.816+0000] {dag.py:4180} INFO - Setting next_dagrun for dataset_s3_bucket_producer to None, run_after=None
[2025-02-20T13:49:24.842+0000] {processor.py:208} INFO - Processing /home/airflow/.local/lib/python3.12/site-packages/airflow/example_dags/example_dataset_alias.py took 0.444 seconds
[2025-02-20T13:49:55.505+0000] {processor.py:186} INFO - Started process (PID=6270) to work on /home/airflow/.local/lib/python3.12/site-packages/airflow/example_dags/example_dataset_alias.py
[2025-02-20T13:49:55.506+0000] {processor.py:914} INFO - Processing file /home/airflow/.local/lib/python3.12/site-packages/airflow/example_dags/example_dataset_alias.py for tasks to queue
[2025-02-20T13:49:55.508+0000] {logging_mixin.py:190} INFO - [2025-02-20T13:49:55.508+0000] {dagbag.py:588} INFO - Filling up the DagBag from /home/airflow/.local/lib/python3.12/site-packages/airflow/example_dags/example_dataset_alias.py
[2025-02-20T13:49:55.837+0000] {processor.py:925} INFO - DAG(s) 'dataset_alias_example_alias_producer', 'dataset_s3_bucket_producer', 'dataset_s3_bucket_consumer', 'dataset_alias_example_alias_consumer' retrieved from /home/airflow/.local/lib/python3.12/site-packages/airflow/example_dags/example_dataset_alias.py
[2025-02-20T13:49:55.858+0000] {logging_mixin.py:190} INFO - [2025-02-20T13:49:55.857+0000] {dag.py:3239} INFO - Sync 4 DAGs
[2025-02-20T13:49:55.877+0000] {logging_mixin.py:190} INFO - [2025-02-20T13:49:55.876+0000] {dag.py:4180} INFO - Setting next_dagrun for dataset_alias_example_alias_consumer to None, run_after=None
[2025-02-20T13:49:55.885+0000] {logging_mixin.py:190} INFO - [2025-02-20T13:49:55.884+0000] {dag.py:4180} INFO - Setting next_dagrun for dataset_alias_example_alias_producer to None, run_after=None
[2025-02-20T13:49:55.886+0000] {logging_mixin.py:190} INFO - [2025-02-20T13:49:55.886+0000] {dag.py:4180} INFO - Setting next_dagrun for dataset_s3_bucket_consumer to None, run_after=None
[2025-02-20T13:49:55.887+0000] {logging_mixin.py:190} INFO - [2025-02-20T13:49:55.887+0000] {dag.py:4180} INFO - Setting next_dagrun for dataset_s3_bucket_producer to None, run_after=None
[2025-02-20T13:49:55.908+0000] {processor.py:208} INFO - Processing /home/airflow/.local/lib/python3.12/site-packages/airflow/example_dags/example_dataset_alias.py took 0.407 seconds
[2025-02-20T13:50:26.665+0000] {processor.py:186} INFO - Started process (PID=6349) to work on /home/airflow/.local/lib/python3.12/site-packages/airflow/example_dags/example_dataset_alias.py
[2025-02-20T13:50:26.666+0000] {processor.py:914} INFO - Processing file /home/airflow/.local/lib/python3.12/site-packages/airflow/example_dags/example_dataset_alias.py for tasks to queue
[2025-02-20T13:50:26.668+0000] {logging_mixin.py:190} INFO - [2025-02-20T13:50:26.667+0000] {dagbag.py:588} INFO - Filling up the DagBag from /home/airflow/.local/lib/python3.12/site-packages/airflow/example_dags/example_dataset_alias.py
[2025-02-20T13:50:26.977+0000] {processor.py:925} INFO - DAG(s) 'dataset_alias_example_alias_consumer', 'dataset_s3_bucket_producer', 'dataset_s3_bucket_consumer', 'dataset_alias_example_alias_producer' retrieved from /home/airflow/.local/lib/python3.12/site-packages/airflow/example_dags/example_dataset_alias.py
[2025-02-20T13:50:27.131+0000] {logging_mixin.py:190} INFO - [2025-02-20T13:50:26.996+0000] {dag.py:3239} INFO - Sync 4 DAGs
[2025-02-20T13:50:27.147+0000] {logging_mixin.py:190} INFO - [2025-02-20T13:50:27.147+0000] {dag.py:4180} INFO - Setting next_dagrun for dataset_alias_example_alias_consumer to None, run_after=None
[2025-02-20T13:50:27.150+0000] {logging_mixin.py:190} INFO - [2025-02-20T13:50:27.149+0000] {dag.py:4180} INFO - Setting next_dagrun for dataset_alias_example_alias_producer to None, run_after=None
[2025-02-20T13:50:27.151+0000] {logging_mixin.py:190} INFO - [2025-02-20T13:50:27.151+0000] {dag.py:4180} INFO - Setting next_dagrun for dataset_s3_bucket_consumer to None, run_after=None
[2025-02-20T13:50:27.152+0000] {logging_mixin.py:190} INFO - [2025-02-20T13:50:27.152+0000] {dag.py:4180} INFO - Setting next_dagrun for dataset_s3_bucket_producer to None, run_after=None
[2025-02-20T13:50:27.168+0000] {processor.py:208} INFO - Processing /home/airflow/.local/lib/python3.12/site-packages/airflow/example_dags/example_dataset_alias.py took 0.508 seconds
[2025-02-20T13:50:57.217+0000] {processor.py:186} INFO - Started process (PID=6425) to work on /home/airflow/.local/lib/python3.12/site-packages/airflow/example_dags/example_dataset_alias.py
[2025-02-20T13:50:57.218+0000] {processor.py:914} INFO - Processing file /home/airflow/.local/lib/python3.12/site-packages/airflow/example_dags/example_dataset_alias.py for tasks to queue
[2025-02-20T13:50:57.220+0000] {logging_mixin.py:190} INFO - [2025-02-20T13:50:57.220+0000] {dagbag.py:588} INFO - Filling up the DagBag from /home/airflow/.local/lib/python3.12/site-packages/airflow/example_dags/example_dataset_alias.py
[2025-02-20T13:50:57.597+0000] {processor.py:925} INFO - DAG(s) 'dataset_s3_bucket_producer', 'dataset_alias_example_alias_consumer', 'dataset_s3_bucket_consumer', 'dataset_alias_example_alias_producer' retrieved from /home/airflow/.local/lib/python3.12/site-packages/airflow/example_dags/example_dataset_alias.py
[2025-02-20T13:50:57.624+0000] {logging_mixin.py:190} INFO - [2025-02-20T13:50:57.622+0000] {dag.py:3239} INFO - Sync 4 DAGs
[2025-02-20T13:50:57.789+0000] {logging_mixin.py:190} INFO - [2025-02-20T13:50:57.788+0000] {dag.py:4180} INFO - Setting next_dagrun for dataset_alias_example_alias_consumer to None, run_after=None
[2025-02-20T13:50:57.791+0000] {logging_mixin.py:190} INFO - [2025-02-20T13:50:57.791+0000] {dag.py:4180} INFO - Setting next_dagrun for dataset_alias_example_alias_producer to None, run_after=None
[2025-02-20T13:50:57.793+0000] {logging_mixin.py:190} INFO - [2025-02-20T13:50:57.793+0000] {dag.py:4180} INFO - Setting next_dagrun for dataset_s3_bucket_consumer to None, run_after=None
[2025-02-20T13:50:57.795+0000] {logging_mixin.py:190} INFO - [2025-02-20T13:50:57.795+0000] {dag.py:4180} INFO - Setting next_dagrun for dataset_s3_bucket_producer to None, run_after=None
[2025-02-20T13:50:57.814+0000] {processor.py:208} INFO - Processing /home/airflow/.local/lib/python3.12/site-packages/airflow/example_dags/example_dataset_alias.py took 0.601 seconds
[2025-02-20T13:51:28.684+0000] {processor.py:186} INFO - Started process (PID=6504) to work on /home/airflow/.local/lib/python3.12/site-packages/airflow/example_dags/example_dataset_alias.py
[2025-02-20T13:51:28.685+0000] {processor.py:914} INFO - Processing file /home/airflow/.local/lib/python3.12/site-packages/airflow/example_dags/example_dataset_alias.py for tasks to queue
[2025-02-20T13:51:28.686+0000] {logging_mixin.py:190} INFO - [2025-02-20T13:51:28.686+0000] {dagbag.py:588} INFO - Filling up the DagBag from /home/airflow/.local/lib/python3.12/site-packages/airflow/example_dags/example_dataset_alias.py
[2025-02-20T13:51:29.022+0000] {processor.py:925} INFO - DAG(s) 'dataset_s3_bucket_consumer', 'dataset_alias_example_alias_consumer', 'dataset_s3_bucket_producer', 'dataset_alias_example_alias_producer' retrieved from /home/airflow/.local/lib/python3.12/site-packages/airflow/example_dags/example_dataset_alias.py
[2025-02-20T13:51:29.039+0000] {logging_mixin.py:190} INFO - [2025-02-20T13:51:29.038+0000] {dag.py:3239} INFO - Sync 4 DAGs
[2025-02-20T13:51:29.197+0000] {logging_mixin.py:190} INFO - [2025-02-20T13:51:29.197+0000] {dag.py:4180} INFO - Setting next_dagrun for dataset_alias_example_alias_consumer to None, run_after=None
[2025-02-20T13:51:29.200+0000] {logging_mixin.py:190} INFO - [2025-02-20T13:51:29.199+0000] {dag.py:4180} INFO - Setting next_dagrun for dataset_alias_example_alias_producer to None, run_after=None
[2025-02-20T13:51:29.201+0000] {logging_mixin.py:190} INFO - [2025-02-20T13:51:29.201+0000] {dag.py:4180} INFO - Setting next_dagrun for dataset_s3_bucket_consumer to None, run_after=None
[2025-02-20T13:51:29.202+0000] {logging_mixin.py:190} INFO - [2025-02-20T13:51:29.202+0000] {dag.py:4180} INFO - Setting next_dagrun for dataset_s3_bucket_producer to None, run_after=None
[2025-02-20T13:51:29.219+0000] {processor.py:208} INFO - Processing /home/airflow/.local/lib/python3.12/site-packages/airflow/example_dags/example_dataset_alias.py took 0.540 seconds
[2025-02-20T13:51:59.264+0000] {processor.py:186} INFO - Started process (PID=6580) to work on /home/airflow/.local/lib/python3.12/site-packages/airflow/example_dags/example_dataset_alias.py
[2025-02-20T13:51:59.265+0000] {processor.py:914} INFO - Processing file /home/airflow/.local/lib/python3.12/site-packages/airflow/example_dags/example_dataset_alias.py for tasks to queue
[2025-02-20T13:51:59.267+0000] {logging_mixin.py:190} INFO - [2025-02-20T13:51:59.266+0000] {dagbag.py:588} INFO - Filling up the DagBag from /home/airflow/.local/lib/python3.12/site-packages/airflow/example_dags/example_dataset_alias.py
[2025-02-20T13:51:59.588+0000] {processor.py:925} INFO - DAG(s) 'dataset_s3_bucket_producer', 'dataset_s3_bucket_consumer', 'dataset_alias_example_alias_producer', 'dataset_alias_example_alias_consumer' retrieved from /home/airflow/.local/lib/python3.12/site-packages/airflow/example_dags/example_dataset_alias.py
[2025-02-20T13:51:59.605+0000] {logging_mixin.py:190} INFO - [2025-02-20T13:51:59.604+0000] {dag.py:3239} INFO - Sync 4 DAGs
[2025-02-20T13:51:59.748+0000] {logging_mixin.py:190} INFO - [2025-02-20T13:51:59.747+0000] {dag.py:4180} INFO - Setting next_dagrun for dataset_alias_example_alias_consumer to None, run_after=None
[2025-02-20T13:51:59.750+0000] {logging_mixin.py:190} INFO - [2025-02-20T13:51:59.750+0000] {dag.py:4180} INFO - Setting next_dagrun for dataset_alias_example_alias_producer to None, run_after=None
[2025-02-20T13:51:59.752+0000] {logging_mixin.py:190} INFO - [2025-02-20T13:51:59.752+0000] {dag.py:4180} INFO - Setting next_dagrun for dataset_s3_bucket_consumer to None, run_after=None
[2025-02-20T13:51:59.753+0000] {logging_mixin.py:190} INFO - [2025-02-20T13:51:59.753+0000] {dag.py:4180} INFO - Setting next_dagrun for dataset_s3_bucket_producer to None, run_after=None
[2025-02-20T13:51:59.772+0000] {processor.py:208} INFO - Processing /home/airflow/.local/lib/python3.12/site-packages/airflow/example_dags/example_dataset_alias.py took 0.513 seconds
[2025-02-20T13:52:30.336+0000] {processor.py:186} INFO - Started process (PID=6658) to work on /home/airflow/.local/lib/python3.12/site-packages/airflow/example_dags/example_dataset_alias.py
[2025-02-20T13:52:30.337+0000] {processor.py:914} INFO - Processing file /home/airflow/.local/lib/python3.12/site-packages/airflow/example_dags/example_dataset_alias.py for tasks to queue
[2025-02-20T13:52:30.338+0000] {logging_mixin.py:190} INFO - [2025-02-20T13:52:30.338+0000] {dagbag.py:588} INFO - Filling up the DagBag from /home/airflow/.local/lib/python3.12/site-packages/airflow/example_dags/example_dataset_alias.py
[2025-02-20T13:52:30.638+0000] {processor.py:925} INFO - DAG(s) 'dataset_s3_bucket_producer', 'dataset_alias_example_alias_consumer', 'dataset_s3_bucket_consumer', 'dataset_alias_example_alias_producer' retrieved from /home/airflow/.local/lib/python3.12/site-packages/airflow/example_dags/example_dataset_alias.py
[2025-02-20T13:52:30.656+0000] {logging_mixin.py:190} INFO - [2025-02-20T13:52:30.655+0000] {dag.py:3239} INFO - Sync 4 DAGs
[2025-02-20T13:52:30.674+0000] {logging_mixin.py:190} INFO - [2025-02-20T13:52:30.674+0000] {dag.py:4180} INFO - Setting next_dagrun for dataset_alias_example_alias_consumer to None, run_after=None
[2025-02-20T13:52:30.676+0000] {logging_mixin.py:190} INFO - [2025-02-20T13:52:30.676+0000] {dag.py:4180} INFO - Setting next_dagrun for dataset_alias_example_alias_producer to None, run_after=None
[2025-02-20T13:52:30.810+0000] {logging_mixin.py:190} INFO - [2025-02-20T13:52:30.810+0000] {dag.py:4180} INFO - Setting next_dagrun for dataset_s3_bucket_consumer to None, run_after=None
[2025-02-20T13:52:30.812+0000] {logging_mixin.py:190} INFO - [2025-02-20T13:52:30.812+0000] {dag.py:4180} INFO - Setting next_dagrun for dataset_s3_bucket_producer to None, run_after=None
[2025-02-20T13:52:30.830+0000] {processor.py:208} INFO - Processing /home/airflow/.local/lib/python3.12/site-packages/airflow/example_dags/example_dataset_alias.py took 0.499 seconds
[2025-02-20T13:53:01.848+0000] {processor.py:186} INFO - Started process (PID=6739) to work on /home/airflow/.local/lib/python3.12/site-packages/airflow/example_dags/example_dataset_alias.py
[2025-02-20T13:53:01.849+0000] {processor.py:914} INFO - Processing file /home/airflow/.local/lib/python3.12/site-packages/airflow/example_dags/example_dataset_alias.py for tasks to queue
[2025-02-20T13:53:01.851+0000] {logging_mixin.py:190} INFO - [2025-02-20T13:53:01.850+0000] {dagbag.py:588} INFO - Filling up the DagBag from /home/airflow/.local/lib/python3.12/site-packages/airflow/example_dags/example_dataset_alias.py
[2025-02-20T13:53:02.171+0000] {processor.py:925} INFO - DAG(s) 'dataset_s3_bucket_consumer', 'dataset_alias_example_alias_producer', 'dataset_alias_example_alias_consumer', 'dataset_s3_bucket_producer' retrieved from /home/airflow/.local/lib/python3.12/site-packages/airflow/example_dags/example_dataset_alias.py
[2025-02-20T13:53:02.189+0000] {logging_mixin.py:190} INFO - [2025-02-20T13:53:02.189+0000] {dag.py:3239} INFO - Sync 4 DAGs
[2025-02-20T13:53:02.207+0000] {logging_mixin.py:190} INFO - [2025-02-20T13:53:02.207+0000] {dag.py:4180} INFO - Setting next_dagrun for dataset_alias_example_alias_consumer to None, run_after=None
[2025-02-20T13:53:02.210+0000] {logging_mixin.py:190} INFO - [2025-02-20T13:53:02.210+0000] {dag.py:4180} INFO - Setting next_dagrun for dataset_alias_example_alias_producer to None, run_after=None
[2025-02-20T13:53:02.346+0000] {logging_mixin.py:190} INFO - [2025-02-20T13:53:02.346+0000] {dag.py:4180} INFO - Setting next_dagrun for dataset_s3_bucket_consumer to None, run_after=None
[2025-02-20T13:53:02.349+0000] {logging_mixin.py:190} INFO - [2025-02-20T13:53:02.349+0000] {dag.py:4180} INFO - Setting next_dagrun for dataset_s3_bucket_producer to None, run_after=None
[2025-02-20T13:53:02.366+0000] {processor.py:208} INFO - Processing /home/airflow/.local/lib/python3.12/site-packages/airflow/example_dags/example_dataset_alias.py took 0.522 seconds
[2025-02-20T13:53:32.434+0000] {processor.py:186} INFO - Started process (PID=6814) to work on /home/airflow/.local/lib/python3.12/site-packages/airflow/example_dags/example_dataset_alias.py
[2025-02-20T13:53:32.435+0000] {processor.py:914} INFO - Processing file /home/airflow/.local/lib/python3.12/site-packages/airflow/example_dags/example_dataset_alias.py for tasks to queue
[2025-02-20T13:53:32.436+0000] {logging_mixin.py:190} INFO - [2025-02-20T13:53:32.436+0000] {dagbag.py:588} INFO - Filling up the DagBag from /home/airflow/.local/lib/python3.12/site-packages/airflow/example_dags/example_dataset_alias.py
[2025-02-20T13:53:32.898+0000] {processor.py:925} INFO - DAG(s) 'dataset_alias_example_alias_producer', 'dataset_s3_bucket_consumer', 'dataset_s3_bucket_producer', 'dataset_alias_example_alias_consumer' retrieved from /home/airflow/.local/lib/python3.12/site-packages/airflow/example_dags/example_dataset_alias.py
[2025-02-20T13:53:32.916+0000] {logging_mixin.py:190} INFO - [2025-02-20T13:53:32.916+0000] {dag.py:3239} INFO - Sync 4 DAGs
[2025-02-20T13:53:32.933+0000] {logging_mixin.py:190} INFO - [2025-02-20T13:53:32.933+0000] {dag.py:4180} INFO - Setting next_dagrun for dataset_alias_example_alias_consumer to None, run_after=None
[2025-02-20T13:53:32.936+0000] {logging_mixin.py:190} INFO - [2025-02-20T13:53:32.936+0000] {dag.py:4180} INFO - Setting next_dagrun for dataset_alias_example_alias_producer to None, run_after=None
[2025-02-20T13:53:32.938+0000] {logging_mixin.py:190} INFO - [2025-02-20T13:53:32.937+0000] {dag.py:4180} INFO - Setting next_dagrun for dataset_s3_bucket_consumer to None, run_after=None
[2025-02-20T13:53:32.939+0000] {logging_mixin.py:190} INFO - [2025-02-20T13:53:32.939+0000] {dag.py:4180} INFO - Setting next_dagrun for dataset_s3_bucket_producer to None, run_after=None
[2025-02-20T13:53:32.960+0000] {processor.py:208} INFO - Processing /home/airflow/.local/lib/python3.12/site-packages/airflow/example_dags/example_dataset_alias.py took 0.531 seconds
[2025-02-20T13:54:03.833+0000] {processor.py:186} INFO - Started process (PID=6893) to work on /home/airflow/.local/lib/python3.12/site-packages/airflow/example_dags/example_dataset_alias.py
[2025-02-20T13:54:03.835+0000] {processor.py:914} INFO - Processing file /home/airflow/.local/lib/python3.12/site-packages/airflow/example_dags/example_dataset_alias.py for tasks to queue
[2025-02-20T13:54:03.836+0000] {logging_mixin.py:190} INFO - [2025-02-20T13:54:03.836+0000] {dagbag.py:588} INFO - Filling up the DagBag from /home/airflow/.local/lib/python3.12/site-packages/airflow/example_dags/example_dataset_alias.py
[2025-02-20T13:54:04.365+0000] {processor.py:925} INFO - DAG(s) 'dataset_s3_bucket_consumer', 'dataset_s3_bucket_producer', 'dataset_alias_example_alias_producer', 'dataset_alias_example_alias_consumer' retrieved from /home/airflow/.local/lib/python3.12/site-packages/airflow/example_dags/example_dataset_alias.py
[2025-02-20T13:54:04.387+0000] {logging_mixin.py:190} INFO - [2025-02-20T13:54:04.387+0000] {dag.py:3239} INFO - Sync 4 DAGs
[2025-02-20T13:54:04.406+0000] {logging_mixin.py:190} INFO - [2025-02-20T13:54:04.406+0000] {dag.py:4180} INFO - Setting next_dagrun for dataset_alias_example_alias_consumer to None, run_after=None
[2025-02-20T13:54:04.410+0000] {logging_mixin.py:190} INFO - [2025-02-20T13:54:04.410+0000] {dag.py:4180} INFO - Setting next_dagrun for dataset_alias_example_alias_producer to None, run_after=None
[2025-02-20T13:54:04.412+0000] {logging_mixin.py:190} INFO - [2025-02-20T13:54:04.412+0000] {dag.py:4180} INFO - Setting next_dagrun for dataset_s3_bucket_consumer to None, run_after=None
[2025-02-20T13:54:04.414+0000] {logging_mixin.py:190} INFO - [2025-02-20T13:54:04.413+0000] {dag.py:4180} INFO - Setting next_dagrun for dataset_s3_bucket_producer to None, run_after=None
[2025-02-20T13:54:04.436+0000] {processor.py:208} INFO - Processing /home/airflow/.local/lib/python3.12/site-packages/airflow/example_dags/example_dataset_alias.py took 0.607 seconds
[2025-02-20T13:54:35.345+0000] {processor.py:186} INFO - Started process (PID=6974) to work on /home/airflow/.local/lib/python3.12/site-packages/airflow/example_dags/example_dataset_alias.py
[2025-02-20T13:54:35.346+0000] {processor.py:914} INFO - Processing file /home/airflow/.local/lib/python3.12/site-packages/airflow/example_dags/example_dataset_alias.py for tasks to queue
[2025-02-20T13:54:35.348+0000] {logging_mixin.py:190} INFO - [2025-02-20T13:54:35.347+0000] {dagbag.py:588} INFO - Filling up the DagBag from /home/airflow/.local/lib/python3.12/site-packages/airflow/example_dags/example_dataset_alias.py
[2025-02-20T13:54:35.795+0000] {processor.py:925} INFO - DAG(s) 'dataset_alias_example_alias_producer', 'dataset_s3_bucket_consumer', 'dataset_s3_bucket_producer', 'dataset_alias_example_alias_consumer' retrieved from /home/airflow/.local/lib/python3.12/site-packages/airflow/example_dags/example_dataset_alias.py
[2025-02-20T13:54:35.812+0000] {logging_mixin.py:190} INFO - [2025-02-20T13:54:35.812+0000] {dag.py:3239} INFO - Sync 4 DAGs
[2025-02-20T13:54:35.828+0000] {logging_mixin.py:190} INFO - [2025-02-20T13:54:35.827+0000] {dag.py:4180} INFO - Setting next_dagrun for dataset_alias_example_alias_consumer to None, run_after=None
[2025-02-20T13:54:35.830+0000] {logging_mixin.py:190} INFO - [2025-02-20T13:54:35.830+0000] {dag.py:4180} INFO - Setting next_dagrun for dataset_alias_example_alias_producer to None, run_after=None
[2025-02-20T13:54:35.831+0000] {logging_mixin.py:190} INFO - [2025-02-20T13:54:35.831+0000] {dag.py:4180} INFO - Setting next_dagrun for dataset_s3_bucket_consumer to None, run_after=None
[2025-02-20T13:54:35.833+0000] {logging_mixin.py:190} INFO - [2025-02-20T13:54:35.832+0000] {dag.py:4180} INFO - Setting next_dagrun for dataset_s3_bucket_producer to None, run_after=None
[2025-02-20T13:54:35.853+0000] {processor.py:208} INFO - Processing /home/airflow/.local/lib/python3.12/site-packages/airflow/example_dags/example_dataset_alias.py took 0.512 seconds
[2025-02-20T13:55:06.236+0000] {processor.py:186} INFO - Started process (PID=7050) to work on /home/airflow/.local/lib/python3.12/site-packages/airflow/example_dags/example_dataset_alias.py
[2025-02-20T13:55:06.238+0000] {processor.py:914} INFO - Processing file /home/airflow/.local/lib/python3.12/site-packages/airflow/example_dags/example_dataset_alias.py for tasks to queue
[2025-02-20T13:55:06.239+0000] {logging_mixin.py:190} INFO - [2025-02-20T13:55:06.238+0000] {dagbag.py:588} INFO - Filling up the DagBag from /home/airflow/.local/lib/python3.12/site-packages/airflow/example_dags/example_dataset_alias.py
[2025-02-20T13:55:06.647+0000] {processor.py:925} INFO - DAG(s) 'dataset_s3_bucket_producer', 'dataset_s3_bucket_consumer', 'dataset_alias_example_alias_producer', 'dataset_alias_example_alias_consumer' retrieved from /home/airflow/.local/lib/python3.12/site-packages/airflow/example_dags/example_dataset_alias.py
[2025-02-20T13:55:06.665+0000] {logging_mixin.py:190} INFO - [2025-02-20T13:55:06.665+0000] {dag.py:3239} INFO - Sync 4 DAGs
[2025-02-20T13:55:06.682+0000] {logging_mixin.py:190} INFO - [2025-02-20T13:55:06.682+0000] {dag.py:4180} INFO - Setting next_dagrun for dataset_alias_example_alias_consumer to None, run_after=None
[2025-02-20T13:55:06.685+0000] {logging_mixin.py:190} INFO - [2025-02-20T13:55:06.685+0000] {dag.py:4180} INFO - Setting next_dagrun for dataset_alias_example_alias_producer to None, run_after=None
[2025-02-20T13:55:06.686+0000] {logging_mixin.py:190} INFO - [2025-02-20T13:55:06.686+0000] {dag.py:4180} INFO - Setting next_dagrun for dataset_s3_bucket_consumer to None, run_after=None
[2025-02-20T13:55:06.687+0000] {logging_mixin.py:190} INFO - [2025-02-20T13:55:06.687+0000] {dag.py:4180} INFO - Setting next_dagrun for dataset_s3_bucket_producer to None, run_after=None
[2025-02-20T13:55:06.707+0000] {processor.py:208} INFO - Processing /home/airflow/.local/lib/python3.12/site-packages/airflow/example_dags/example_dataset_alias.py took 0.474 seconds
[2025-02-20T13:55:37.098+0000] {processor.py:186} INFO - Started process (PID=7126) to work on /home/airflow/.local/lib/python3.12/site-packages/airflow/example_dags/example_dataset_alias.py
[2025-02-20T13:55:37.100+0000] {processor.py:914} INFO - Processing file /home/airflow/.local/lib/python3.12/site-packages/airflow/example_dags/example_dataset_alias.py for tasks to queue
[2025-02-20T13:55:37.101+0000] {logging_mixin.py:190} INFO - [2025-02-20T13:55:37.101+0000] {dagbag.py:588} INFO - Filling up the DagBag from /home/airflow/.local/lib/python3.12/site-packages/airflow/example_dags/example_dataset_alias.py
[2025-02-20T13:55:37.512+0000] {processor.py:925} INFO - DAG(s) 'dataset_s3_bucket_producer', 'dataset_s3_bucket_consumer', 'dataset_alias_example_alias_consumer', 'dataset_alias_example_alias_producer' retrieved from /home/airflow/.local/lib/python3.12/site-packages/airflow/example_dags/example_dataset_alias.py
[2025-02-20T13:55:37.528+0000] {logging_mixin.py:190} INFO - [2025-02-20T13:55:37.527+0000] {dag.py:3239} INFO - Sync 4 DAGs
[2025-02-20T13:55:37.545+0000] {logging_mixin.py:190} INFO - [2025-02-20T13:55:37.545+0000] {dag.py:4180} INFO - Setting next_dagrun for dataset_alias_example_alias_consumer to None, run_after=None
[2025-02-20T13:55:37.548+0000] {logging_mixin.py:190} INFO - [2025-02-20T13:55:37.548+0000] {dag.py:4180} INFO - Setting next_dagrun for dataset_alias_example_alias_producer to None, run_after=None
[2025-02-20T13:55:37.549+0000] {logging_mixin.py:190} INFO - [2025-02-20T13:55:37.549+0000] {dag.py:4180} INFO - Setting next_dagrun for dataset_s3_bucket_consumer to None, run_after=None
[2025-02-20T13:55:37.551+0000] {logging_mixin.py:190} INFO - [2025-02-20T13:55:37.550+0000] {dag.py:4180} INFO - Setting next_dagrun for dataset_s3_bucket_producer to None, run_after=None
[2025-02-20T13:55:37.568+0000] {processor.py:208} INFO - Processing /home/airflow/.local/lib/python3.12/site-packages/airflow/example_dags/example_dataset_alias.py took 0.474 seconds
[2025-02-20T13:56:07.815+0000] {processor.py:186} INFO - Started process (PID=7202) to work on /home/airflow/.local/lib/python3.12/site-packages/airflow/example_dags/example_dataset_alias.py
[2025-02-20T13:56:07.816+0000] {processor.py:914} INFO - Processing file /home/airflow/.local/lib/python3.12/site-packages/airflow/example_dags/example_dataset_alias.py for tasks to queue
[2025-02-20T13:56:07.817+0000] {logging_mixin.py:190} INFO - [2025-02-20T13:56:07.817+0000] {dagbag.py:588} INFO - Filling up the DagBag from /home/airflow/.local/lib/python3.12/site-packages/airflow/example_dags/example_dataset_alias.py
[2025-02-20T13:56:08.300+0000] {processor.py:925} INFO - DAG(s) 'dataset_alias_example_alias_consumer', 'dataset_s3_bucket_producer', 'dataset_alias_example_alias_producer', 'dataset_s3_bucket_consumer' retrieved from /home/airflow/.local/lib/python3.12/site-packages/airflow/example_dags/example_dataset_alias.py
[2025-02-20T13:56:08.319+0000] {logging_mixin.py:190} INFO - [2025-02-20T13:56:08.319+0000] {dag.py:3239} INFO - Sync 4 DAGs
[2025-02-20T13:56:08.338+0000] {logging_mixin.py:190} INFO - [2025-02-20T13:56:08.338+0000] {dag.py:4180} INFO - Setting next_dagrun for dataset_alias_example_alias_consumer to None, run_after=None
[2025-02-20T13:56:08.342+0000] {logging_mixin.py:190} INFO - [2025-02-20T13:56:08.341+0000] {dag.py:4180} INFO - Setting next_dagrun for dataset_alias_example_alias_producer to None, run_after=None
[2025-02-20T13:56:08.344+0000] {logging_mixin.py:190} INFO - [2025-02-20T13:56:08.344+0000] {dag.py:4180} INFO - Setting next_dagrun for dataset_s3_bucket_consumer to None, run_after=None
[2025-02-20T13:56:08.346+0000] {logging_mixin.py:190} INFO - [2025-02-20T13:56:08.345+0000] {dag.py:4180} INFO - Setting next_dagrun for dataset_s3_bucket_producer to None, run_after=None
[2025-02-20T13:56:08.368+0000] {processor.py:208} INFO - Processing /home/airflow/.local/lib/python3.12/site-packages/airflow/example_dags/example_dataset_alias.py took 0.557 seconds
[2025-02-20T13:56:39.511+0000] {processor.py:186} INFO - Started process (PID=7287) to work on /home/airflow/.local/lib/python3.12/site-packages/airflow/example_dags/example_dataset_alias.py
[2025-02-20T13:56:39.512+0000] {processor.py:914} INFO - Processing file /home/airflow/.local/lib/python3.12/site-packages/airflow/example_dags/example_dataset_alias.py for tasks to queue
[2025-02-20T13:56:39.514+0000] {logging_mixin.py:190} INFO - [2025-02-20T13:56:39.513+0000] {dagbag.py:588} INFO - Filling up the DagBag from /home/airflow/.local/lib/python3.12/site-packages/airflow/example_dags/example_dataset_alias.py
[2025-02-20T13:56:39.995+0000] {processor.py:925} INFO - DAG(s) 'dataset_alias_example_alias_producer', 'dataset_s3_bucket_producer', 'dataset_alias_example_alias_consumer', 'dataset_s3_bucket_consumer' retrieved from /home/airflow/.local/lib/python3.12/site-packages/airflow/example_dags/example_dataset_alias.py
[2025-02-20T13:56:40.011+0000] {logging_mixin.py:190} INFO - [2025-02-20T13:56:40.011+0000] {dag.py:3239} INFO - Sync 4 DAGs
[2025-02-20T13:56:40.027+0000] {logging_mixin.py:190} INFO - [2025-02-20T13:56:40.027+0000] {dag.py:4180} INFO - Setting next_dagrun for dataset_alias_example_alias_consumer to None, run_after=None
[2025-02-20T13:56:40.030+0000] {logging_mixin.py:190} INFO - [2025-02-20T13:56:40.029+0000] {dag.py:4180} INFO - Setting next_dagrun for dataset_alias_example_alias_producer to None, run_after=None
[2025-02-20T13:56:40.031+0000] {logging_mixin.py:190} INFO - [2025-02-20T13:56:40.031+0000] {dag.py:4180} INFO - Setting next_dagrun for dataset_s3_bucket_consumer to None, run_after=None
[2025-02-20T13:56:40.033+0000] {logging_mixin.py:190} INFO - [2025-02-20T13:56:40.032+0000] {dag.py:4180} INFO - Setting next_dagrun for dataset_s3_bucket_producer to None, run_after=None
[2025-02-20T13:56:40.049+0000] {processor.py:208} INFO - Processing /home/airflow/.local/lib/python3.12/site-packages/airflow/example_dags/example_dataset_alias.py took 0.543 seconds
[2025-02-20T13:57:10.947+0000] {processor.py:186} INFO - Started process (PID=7365) to work on /home/airflow/.local/lib/python3.12/site-packages/airflow/example_dags/example_dataset_alias.py
[2025-02-20T13:57:10.948+0000] {processor.py:914} INFO - Processing file /home/airflow/.local/lib/python3.12/site-packages/airflow/example_dags/example_dataset_alias.py for tasks to queue
[2025-02-20T13:57:10.949+0000] {logging_mixin.py:190} INFO - [2025-02-20T13:57:10.949+0000] {dagbag.py:588} INFO - Filling up the DagBag from /home/airflow/.local/lib/python3.12/site-packages/airflow/example_dags/example_dataset_alias.py
[2025-02-20T13:57:11.393+0000] {processor.py:925} INFO - DAG(s) 'dataset_alias_example_alias_producer', 'dataset_s3_bucket_producer', 'dataset_s3_bucket_consumer', 'dataset_alias_example_alias_consumer' retrieved from /home/airflow/.local/lib/python3.12/site-packages/airflow/example_dags/example_dataset_alias.py
[2025-02-20T13:57:11.410+0000] {logging_mixin.py:190} INFO - [2025-02-20T13:57:11.410+0000] {dag.py:3239} INFO - Sync 4 DAGs
[2025-02-20T13:57:11.426+0000] {logging_mixin.py:190} INFO - [2025-02-20T13:57:11.426+0000] {dag.py:4180} INFO - Setting next_dagrun for dataset_alias_example_alias_consumer to None, run_after=None
[2025-02-20T13:57:11.429+0000] {logging_mixin.py:190} INFO - [2025-02-20T13:57:11.429+0000] {dag.py:4180} INFO - Setting next_dagrun for dataset_alias_example_alias_producer to None, run_after=None
[2025-02-20T13:57:11.430+0000] {logging_mixin.py:190} INFO - [2025-02-20T13:57:11.430+0000] {dag.py:4180} INFO - Setting next_dagrun for dataset_s3_bucket_consumer to None, run_after=None
[2025-02-20T13:57:11.432+0000] {logging_mixin.py:190} INFO - [2025-02-20T13:57:11.432+0000] {dag.py:4180} INFO - Setting next_dagrun for dataset_s3_bucket_producer to None, run_after=None
[2025-02-20T13:57:11.448+0000] {processor.py:208} INFO - Processing /home/airflow/.local/lib/python3.12/site-packages/airflow/example_dags/example_dataset_alias.py took 0.505 seconds
[2025-02-20T13:57:42.244+0000] {processor.py:186} INFO - Started process (PID=7442) to work on /home/airflow/.local/lib/python3.12/site-packages/airflow/example_dags/example_dataset_alias.py
[2025-02-20T13:57:42.246+0000] {processor.py:914} INFO - Processing file /home/airflow/.local/lib/python3.12/site-packages/airflow/example_dags/example_dataset_alias.py for tasks to queue
[2025-02-20T13:57:42.247+0000] {logging_mixin.py:190} INFO - [2025-02-20T13:57:42.247+0000] {dagbag.py:588} INFO - Filling up the DagBag from /home/airflow/.local/lib/python3.12/site-packages/airflow/example_dags/example_dataset_alias.py
[2025-02-20T13:57:42.731+0000] {processor.py:925} INFO - DAG(s) 'dataset_alias_example_alias_consumer', 'dataset_s3_bucket_consumer', 'dataset_alias_example_alias_producer', 'dataset_s3_bucket_producer' retrieved from /home/airflow/.local/lib/python3.12/site-packages/airflow/example_dags/example_dataset_alias.py
[2025-02-20T13:57:42.753+0000] {logging_mixin.py:190} INFO - [2025-02-20T13:57:42.753+0000] {dag.py:3239} INFO - Sync 4 DAGs
[2025-02-20T13:57:42.771+0000] {logging_mixin.py:190} INFO - [2025-02-20T13:57:42.771+0000] {dag.py:4180} INFO - Setting next_dagrun for dataset_alias_example_alias_consumer to None, run_after=None
[2025-02-20T13:57:42.774+0000] {logging_mixin.py:190} INFO - [2025-02-20T13:57:42.774+0000] {dag.py:4180} INFO - Setting next_dagrun for dataset_alias_example_alias_producer to None, run_after=None
[2025-02-20T13:57:42.776+0000] {logging_mixin.py:190} INFO - [2025-02-20T13:57:42.776+0000] {dag.py:4180} INFO - Setting next_dagrun for dataset_s3_bucket_consumer to None, run_after=None
[2025-02-20T13:57:42.778+0000] {logging_mixin.py:190} INFO - [2025-02-20T13:57:42.778+0000] {dag.py:4180} INFO - Setting next_dagrun for dataset_s3_bucket_producer to None, run_after=None
[2025-02-20T13:57:42.798+0000] {processor.py:208} INFO - Processing /home/airflow/.local/lib/python3.12/site-packages/airflow/example_dags/example_dataset_alias.py took 0.558 seconds
[2025-02-20T13:58:13.729+0000] {processor.py:186} INFO - Started process (PID=7518) to work on /home/airflow/.local/lib/python3.12/site-packages/airflow/example_dags/example_dataset_alias.py
[2025-02-20T13:58:13.730+0000] {processor.py:914} INFO - Processing file /home/airflow/.local/lib/python3.12/site-packages/airflow/example_dags/example_dataset_alias.py for tasks to queue
[2025-02-20T13:58:13.732+0000] {logging_mixin.py:190} INFO - [2025-02-20T13:58:13.731+0000] {dagbag.py:588} INFO - Filling up the DagBag from /home/airflow/.local/lib/python3.12/site-packages/airflow/example_dags/example_dataset_alias.py
[2025-02-20T13:58:14.197+0000] {processor.py:925} INFO - DAG(s) 'dataset_alias_example_alias_consumer', 'dataset_s3_bucket_producer', 'dataset_alias_example_alias_producer', 'dataset_s3_bucket_consumer' retrieved from /home/airflow/.local/lib/python3.12/site-packages/airflow/example_dags/example_dataset_alias.py
[2025-02-20T13:58:14.217+0000] {logging_mixin.py:190} INFO - [2025-02-20T13:58:14.215+0000] {dag.py:3239} INFO - Sync 4 DAGs
[2025-02-20T13:58:14.235+0000] {logging_mixin.py:190} INFO - [2025-02-20T13:58:14.235+0000] {dag.py:4180} INFO - Setting next_dagrun for dataset_alias_example_alias_consumer to None, run_after=None
[2025-02-20T13:58:14.238+0000] {logging_mixin.py:190} INFO - [2025-02-20T13:58:14.238+0000] {dag.py:4180} INFO - Setting next_dagrun for dataset_alias_example_alias_producer to None, run_after=None
[2025-02-20T13:58:14.240+0000] {logging_mixin.py:190} INFO - [2025-02-20T13:58:14.239+0000] {dag.py:4180} INFO - Setting next_dagrun for dataset_s3_bucket_consumer to None, run_after=None
[2025-02-20T13:58:14.241+0000] {logging_mixin.py:190} INFO - [2025-02-20T13:58:14.241+0000] {dag.py:4180} INFO - Setting next_dagrun for dataset_s3_bucket_producer to None, run_after=None
[2025-02-20T13:58:14.259+0000] {processor.py:208} INFO - Processing /home/airflow/.local/lib/python3.12/site-packages/airflow/example_dags/example_dataset_alias.py took 0.534 seconds
[2025-02-20T13:58:44.843+0000] {processor.py:186} INFO - Started process (PID=7594) to work on /home/airflow/.local/lib/python3.12/site-packages/airflow/example_dags/example_dataset_alias.py
[2025-02-20T13:58:44.844+0000] {processor.py:914} INFO - Processing file /home/airflow/.local/lib/python3.12/site-packages/airflow/example_dags/example_dataset_alias.py for tasks to queue
[2025-02-20T13:58:44.845+0000] {logging_mixin.py:190} INFO - [2025-02-20T13:58:44.845+0000] {dagbag.py:588} INFO - Filling up the DagBag from /home/airflow/.local/lib/python3.12/site-packages/airflow/example_dags/example_dataset_alias.py
[2025-02-20T13:58:45.297+0000] {processor.py:925} INFO - DAG(s) 'dataset_s3_bucket_consumer', 'dataset_alias_example_alias_consumer', 'dataset_alias_example_alias_producer', 'dataset_s3_bucket_producer' retrieved from /home/airflow/.local/lib/python3.12/site-packages/airflow/example_dags/example_dataset_alias.py
[2025-02-20T13:58:45.318+0000] {logging_mixin.py:190} INFO - [2025-02-20T13:58:45.317+0000] {dag.py:3239} INFO - Sync 4 DAGs
[2025-02-20T13:58:45.336+0000] {logging_mixin.py:190} INFO - [2025-02-20T13:58:45.336+0000] {dag.py:4180} INFO - Setting next_dagrun for dataset_alias_example_alias_consumer to None, run_after=None
[2025-02-20T13:58:45.339+0000] {logging_mixin.py:190} INFO - [2025-02-20T13:58:45.339+0000] {dag.py:4180} INFO - Setting next_dagrun for dataset_alias_example_alias_producer to None, run_after=None
[2025-02-20T13:58:45.341+0000] {logging_mixin.py:190} INFO - [2025-02-20T13:58:45.341+0000] {dag.py:4180} INFO - Setting next_dagrun for dataset_s3_bucket_consumer to None, run_after=None
[2025-02-20T13:58:45.343+0000] {logging_mixin.py:190} INFO - [2025-02-20T13:58:45.343+0000] {dag.py:4180} INFO - Setting next_dagrun for dataset_s3_bucket_producer to None, run_after=None
[2025-02-20T13:58:45.359+0000] {processor.py:208} INFO - Processing /home/airflow/.local/lib/python3.12/site-packages/airflow/example_dags/example_dataset_alias.py took 0.521 seconds
[2025-02-20T13:59:15.838+0000] {processor.py:186} INFO - Started process (PID=7671) to work on /home/airflow/.local/lib/python3.12/site-packages/airflow/example_dags/example_dataset_alias.py
[2025-02-20T13:59:15.839+0000] {processor.py:914} INFO - Processing file /home/airflow/.local/lib/python3.12/site-packages/airflow/example_dags/example_dataset_alias.py for tasks to queue
[2025-02-20T13:59:15.841+0000] {logging_mixin.py:190} INFO - [2025-02-20T13:59:15.840+0000] {dagbag.py:588} INFO - Filling up the DagBag from /home/airflow/.local/lib/python3.12/site-packages/airflow/example_dags/example_dataset_alias.py
[2025-02-20T13:59:16.290+0000] {processor.py:925} INFO - DAG(s) 'dataset_s3_bucket_producer', 'dataset_alias_example_alias_producer', 'dataset_alias_example_alias_consumer', 'dataset_s3_bucket_consumer' retrieved from /home/airflow/.local/lib/python3.12/site-packages/airflow/example_dags/example_dataset_alias.py
[2025-02-20T13:59:16.308+0000] {logging_mixin.py:190} INFO - [2025-02-20T13:59:16.308+0000] {dag.py:3239} INFO - Sync 4 DAGs
[2025-02-20T13:59:16.327+0000] {logging_mixin.py:190} INFO - [2025-02-20T13:59:16.327+0000] {dag.py:4180} INFO - Setting next_dagrun for dataset_alias_example_alias_consumer to None, run_after=None
[2025-02-20T13:59:16.331+0000] {logging_mixin.py:190} INFO - [2025-02-20T13:59:16.330+0000] {dag.py:4180} INFO - Setting next_dagrun for dataset_alias_example_alias_producer to None, run_after=None
[2025-02-20T13:59:16.333+0000] {logging_mixin.py:190} INFO - [2025-02-20T13:59:16.332+0000] {dag.py:4180} INFO - Setting next_dagrun for dataset_s3_bucket_consumer to None, run_after=None
[2025-02-20T13:59:16.334+0000] {logging_mixin.py:190} INFO - [2025-02-20T13:59:16.334+0000] {dag.py:4180} INFO - Setting next_dagrun for dataset_s3_bucket_producer to None, run_after=None
[2025-02-20T13:59:16.356+0000] {processor.py:208} INFO - Processing /home/airflow/.local/lib/python3.12/site-packages/airflow/example_dags/example_dataset_alias.py took 0.522 seconds
[2025-02-20T13:59:46.834+0000] {processor.py:186} INFO - Started process (PID=7747) to work on /home/airflow/.local/lib/python3.12/site-packages/airflow/example_dags/example_dataset_alias.py
[2025-02-20T13:59:46.835+0000] {processor.py:914} INFO - Processing file /home/airflow/.local/lib/python3.12/site-packages/airflow/example_dags/example_dataset_alias.py for tasks to queue
[2025-02-20T13:59:46.836+0000] {logging_mixin.py:190} INFO - [2025-02-20T13:59:46.836+0000] {dagbag.py:588} INFO - Filling up the DagBag from /home/airflow/.local/lib/python3.12/site-packages/airflow/example_dags/example_dataset_alias.py
[2025-02-20T13:59:47.319+0000] {processor.py:925} INFO - DAG(s) 'dataset_alias_example_alias_consumer', 'dataset_alias_example_alias_producer', 'dataset_s3_bucket_producer', 'dataset_s3_bucket_consumer' retrieved from /home/airflow/.local/lib/python3.12/site-packages/airflow/example_dags/example_dataset_alias.py
[2025-02-20T13:59:47.336+0000] {logging_mixin.py:190} INFO - [2025-02-20T13:59:47.336+0000] {dag.py:3239} INFO - Sync 4 DAGs
[2025-02-20T13:59:47.353+0000] {logging_mixin.py:190} INFO - [2025-02-20T13:59:47.353+0000] {dag.py:4180} INFO - Setting next_dagrun for dataset_alias_example_alias_consumer to None, run_after=None
[2025-02-20T13:59:47.356+0000] {logging_mixin.py:190} INFO - [2025-02-20T13:59:47.356+0000] {dag.py:4180} INFO - Setting next_dagrun for dataset_alias_example_alias_producer to None, run_after=None
[2025-02-20T13:59:47.357+0000] {logging_mixin.py:190} INFO - [2025-02-20T13:59:47.357+0000] {dag.py:4180} INFO - Setting next_dagrun for dataset_s3_bucket_consumer to None, run_after=None
[2025-02-20T13:59:47.359+0000] {logging_mixin.py:190} INFO - [2025-02-20T13:59:47.359+0000] {dag.py:4180} INFO - Setting next_dagrun for dataset_s3_bucket_producer to None, run_after=None
[2025-02-20T13:59:47.377+0000] {processor.py:208} INFO - Processing /home/airflow/.local/lib/python3.12/site-packages/airflow/example_dags/example_dataset_alias.py took 0.548 seconds
[2025-02-20T14:00:17.537+0000] {processor.py:186} INFO - Started process (PID=7823) to work on /home/airflow/.local/lib/python3.12/site-packages/airflow/example_dags/example_dataset_alias.py
[2025-02-20T14:00:17.538+0000] {processor.py:914} INFO - Processing file /home/airflow/.local/lib/python3.12/site-packages/airflow/example_dags/example_dataset_alias.py for tasks to queue
[2025-02-20T14:00:17.539+0000] {logging_mixin.py:190} INFO - [2025-02-20T14:00:17.539+0000] {dagbag.py:588} INFO - Filling up the DagBag from /home/airflow/.local/lib/python3.12/site-packages/airflow/example_dags/example_dataset_alias.py
[2025-02-20T14:00:17.981+0000] {processor.py:925} INFO - DAG(s) 'dataset_s3_bucket_producer', 'dataset_s3_bucket_consumer', 'dataset_alias_example_alias_consumer', 'dataset_alias_example_alias_producer' retrieved from /home/airflow/.local/lib/python3.12/site-packages/airflow/example_dags/example_dataset_alias.py
[2025-02-20T14:00:17.999+0000] {logging_mixin.py:190} INFO - [2025-02-20T14:00:17.998+0000] {dag.py:3239} INFO - Sync 4 DAGs
[2025-02-20T14:00:18.017+0000] {logging_mixin.py:190} INFO - [2025-02-20T14:00:18.017+0000] {dag.py:4180} INFO - Setting next_dagrun for dataset_alias_example_alias_consumer to None, run_after=None
[2025-02-20T14:00:18.019+0000] {logging_mixin.py:190} INFO - [2025-02-20T14:00:18.019+0000] {dag.py:4180} INFO - Setting next_dagrun for dataset_alias_example_alias_producer to None, run_after=None
[2025-02-20T14:00:18.021+0000] {logging_mixin.py:190} INFO - [2025-02-20T14:00:18.021+0000] {dag.py:4180} INFO - Setting next_dagrun for dataset_s3_bucket_consumer to None, run_after=None
[2025-02-20T14:00:18.022+0000] {logging_mixin.py:190} INFO - [2025-02-20T14:00:18.022+0000] {dag.py:4180} INFO - Setting next_dagrun for dataset_s3_bucket_producer to None, run_after=None
[2025-02-20T14:00:18.039+0000] {processor.py:208} INFO - Processing /home/airflow/.local/lib/python3.12/site-packages/airflow/example_dags/example_dataset_alias.py took 0.507 seconds
[2025-02-20T14:00:48.320+0000] {processor.py:186} INFO - Started process (PID=7899) to work on /home/airflow/.local/lib/python3.12/site-packages/airflow/example_dags/example_dataset_alias.py
[2025-02-20T14:00:48.321+0000] {processor.py:914} INFO - Processing file /home/airflow/.local/lib/python3.12/site-packages/airflow/example_dags/example_dataset_alias.py for tasks to queue
[2025-02-20T14:00:48.322+0000] {logging_mixin.py:190} INFO - [2025-02-20T14:00:48.322+0000] {dagbag.py:588} INFO - Filling up the DagBag from /home/airflow/.local/lib/python3.12/site-packages/airflow/example_dags/example_dataset_alias.py
[2025-02-20T14:00:48.753+0000] {processor.py:925} INFO - DAG(s) 'dataset_alias_example_alias_consumer', 'dataset_s3_bucket_producer', 'dataset_s3_bucket_consumer', 'dataset_alias_example_alias_producer' retrieved from /home/airflow/.local/lib/python3.12/site-packages/airflow/example_dags/example_dataset_alias.py
[2025-02-20T14:00:48.770+0000] {logging_mixin.py:190} INFO - [2025-02-20T14:00:48.769+0000] {dag.py:3239} INFO - Sync 4 DAGs
[2025-02-20T14:00:48.787+0000] {logging_mixin.py:190} INFO - [2025-02-20T14:00:48.787+0000] {dag.py:4180} INFO - Setting next_dagrun for dataset_alias_example_alias_consumer to None, run_after=None
[2025-02-20T14:00:48.790+0000] {logging_mixin.py:190} INFO - [2025-02-20T14:00:48.790+0000] {dag.py:4180} INFO - Setting next_dagrun for dataset_alias_example_alias_producer to None, run_after=None
[2025-02-20T14:00:48.793+0000] {logging_mixin.py:190} INFO - [2025-02-20T14:00:48.793+0000] {dag.py:4180} INFO - Setting next_dagrun for dataset_s3_bucket_consumer to None, run_after=None
[2025-02-20T14:00:48.795+0000] {logging_mixin.py:190} INFO - [2025-02-20T14:00:48.794+0000] {dag.py:4180} INFO - Setting next_dagrun for dataset_s3_bucket_producer to None, run_after=None
[2025-02-20T14:00:48.813+0000] {processor.py:208} INFO - Processing /home/airflow/.local/lib/python3.12/site-packages/airflow/example_dags/example_dataset_alias.py took 0.497 seconds
[2025-02-20T14:01:18.980+0000] {processor.py:186} INFO - Started process (PID=7975) to work on /home/airflow/.local/lib/python3.12/site-packages/airflow/example_dags/example_dataset_alias.py
[2025-02-20T14:01:18.982+0000] {processor.py:914} INFO - Processing file /home/airflow/.local/lib/python3.12/site-packages/airflow/example_dags/example_dataset_alias.py for tasks to queue
[2025-02-20T14:01:18.984+0000] {logging_mixin.py:190} INFO - [2025-02-20T14:01:18.983+0000] {dagbag.py:588} INFO - Filling up the DagBag from /home/airflow/.local/lib/python3.12/site-packages/airflow/example_dags/example_dataset_alias.py
[2025-02-20T14:01:19.920+0000] {processor.py:925} INFO - DAG(s) 'dataset_s3_bucket_consumer', 'dataset_alias_example_alias_consumer', 'dataset_alias_example_alias_producer', 'dataset_s3_bucket_producer' retrieved from /home/airflow/.local/lib/python3.12/site-packages/airflow/example_dags/example_dataset_alias.py
[2025-02-20T14:01:19.939+0000] {logging_mixin.py:190} INFO - [2025-02-20T14:01:19.939+0000] {dag.py:3239} INFO - Sync 4 DAGs
[2025-02-20T14:01:19.957+0000] {logging_mixin.py:190} INFO - [2025-02-20T14:01:19.957+0000] {dag.py:4180} INFO - Setting next_dagrun for dataset_alias_example_alias_consumer to None, run_after=None
[2025-02-20T14:01:19.960+0000] {logging_mixin.py:190} INFO - [2025-02-20T14:01:19.960+0000] {dag.py:4180} INFO - Setting next_dagrun for dataset_alias_example_alias_producer to None, run_after=None
[2025-02-20T14:01:19.962+0000] {logging_mixin.py:190} INFO - [2025-02-20T14:01:19.962+0000] {dag.py:4180} INFO - Setting next_dagrun for dataset_s3_bucket_consumer to None, run_after=None
[2025-02-20T14:01:19.963+0000] {logging_mixin.py:190} INFO - [2025-02-20T14:01:19.963+0000] {dag.py:4180} INFO - Setting next_dagrun for dataset_s3_bucket_producer to None, run_after=None
[2025-02-20T14:01:19.984+0000] {processor.py:208} INFO - Processing /home/airflow/.local/lib/python3.12/site-packages/airflow/example_dags/example_dataset_alias.py took 1.019 seconds
[2025-02-20T14:01:50.290+0000] {processor.py:186} INFO - Started process (PID=8051) to work on /home/airflow/.local/lib/python3.12/site-packages/airflow/example_dags/example_dataset_alias.py
[2025-02-20T14:01:50.292+0000] {processor.py:914} INFO - Processing file /home/airflow/.local/lib/python3.12/site-packages/airflow/example_dags/example_dataset_alias.py for tasks to queue
[2025-02-20T14:01:50.293+0000] {logging_mixin.py:190} INFO - [2025-02-20T14:01:50.293+0000] {dagbag.py:588} INFO - Filling up the DagBag from /home/airflow/.local/lib/python3.12/site-packages/airflow/example_dags/example_dataset_alias.py
[2025-02-20T14:01:50.808+0000] {processor.py:925} INFO - DAG(s) 'dataset_s3_bucket_consumer', 'dataset_alias_example_alias_producer', 'dataset_s3_bucket_producer', 'dataset_alias_example_alias_consumer' retrieved from /home/airflow/.local/lib/python3.12/site-packages/airflow/example_dags/example_dataset_alias.py
[2025-02-20T14:01:50.827+0000] {logging_mixin.py:190} INFO - [2025-02-20T14:01:50.827+0000] {dag.py:3239} INFO - Sync 4 DAGs
[2025-02-20T14:01:50.846+0000] {logging_mixin.py:190} INFO - [2025-02-20T14:01:50.845+0000] {dag.py:4180} INFO - Setting next_dagrun for dataset_alias_example_alias_consumer to None, run_after=None
[2025-02-20T14:01:50.849+0000] {logging_mixin.py:190} INFO - [2025-02-20T14:01:50.849+0000] {dag.py:4180} INFO - Setting next_dagrun for dataset_alias_example_alias_producer to None, run_after=None
[2025-02-20T14:01:50.851+0000] {logging_mixin.py:190} INFO - [2025-02-20T14:01:50.851+0000] {dag.py:4180} INFO - Setting next_dagrun for dataset_s3_bucket_consumer to None, run_after=None
[2025-02-20T14:01:50.853+0000] {logging_mixin.py:190} INFO - [2025-02-20T14:01:50.853+0000] {dag.py:4180} INFO - Setting next_dagrun for dataset_s3_bucket_producer to None, run_after=None
[2025-02-20T14:01:50.873+0000] {processor.py:208} INFO - Processing /home/airflow/.local/lib/python3.12/site-packages/airflow/example_dags/example_dataset_alias.py took 0.587 seconds
[2025-02-20T14:02:21.151+0000] {processor.py:186} INFO - Started process (PID=8127) to work on /home/airflow/.local/lib/python3.12/site-packages/airflow/example_dags/example_dataset_alias.py
[2025-02-20T14:02:21.152+0000] {processor.py:914} INFO - Processing file /home/airflow/.local/lib/python3.12/site-packages/airflow/example_dags/example_dataset_alias.py for tasks to queue
[2025-02-20T14:02:21.154+0000] {logging_mixin.py:190} INFO - [2025-02-20T14:02:21.153+0000] {dagbag.py:588} INFO - Filling up the DagBag from /home/airflow/.local/lib/python3.12/site-packages/airflow/example_dags/example_dataset_alias.py
[2025-02-20T14:02:21.702+0000] {processor.py:925} INFO - DAG(s) 'dataset_s3_bucket_producer', 'dataset_alias_example_alias_consumer', 'dataset_s3_bucket_consumer', 'dataset_alias_example_alias_producer' retrieved from /home/airflow/.local/lib/python3.12/site-packages/airflow/example_dags/example_dataset_alias.py
[2025-02-20T14:02:21.724+0000] {logging_mixin.py:190} INFO - [2025-02-20T14:02:21.724+0000] {dag.py:3239} INFO - Sync 4 DAGs
[2025-02-20T14:02:21.742+0000] {logging_mixin.py:190} INFO - [2025-02-20T14:02:21.741+0000] {dag.py:4180} INFO - Setting next_dagrun for dataset_alias_example_alias_consumer to None, run_after=None
[2025-02-20T14:02:21.745+0000] {logging_mixin.py:190} INFO - [2025-02-20T14:02:21.744+0000] {dag.py:4180} INFO - Setting next_dagrun for dataset_alias_example_alias_producer to None, run_after=None
[2025-02-20T14:02:21.746+0000] {logging_mixin.py:190} INFO - [2025-02-20T14:02:21.746+0000] {dag.py:4180} INFO - Setting next_dagrun for dataset_s3_bucket_consumer to None, run_after=None
[2025-02-20T14:02:21.747+0000] {logging_mixin.py:190} INFO - [2025-02-20T14:02:21.747+0000] {dag.py:4180} INFO - Setting next_dagrun for dataset_s3_bucket_producer to None, run_after=None
[2025-02-20T14:02:21.766+0000] {processor.py:208} INFO - Processing /home/airflow/.local/lib/python3.12/site-packages/airflow/example_dags/example_dataset_alias.py took 0.621 seconds
[2025-02-20T14:02:52.168+0000] {processor.py:186} INFO - Started process (PID=8203) to work on /home/airflow/.local/lib/python3.12/site-packages/airflow/example_dags/example_dataset_alias.py
[2025-02-20T14:02:52.169+0000] {processor.py:914} INFO - Processing file /home/airflow/.local/lib/python3.12/site-packages/airflow/example_dags/example_dataset_alias.py for tasks to queue
[2025-02-20T14:02:52.171+0000] {logging_mixin.py:190} INFO - [2025-02-20T14:02:52.171+0000] {dagbag.py:588} INFO - Filling up the DagBag from /home/airflow/.local/lib/python3.12/site-packages/airflow/example_dags/example_dataset_alias.py
[2025-02-20T14:02:52.727+0000] {processor.py:925} INFO - DAG(s) 'dataset_alias_example_alias_consumer', 'dataset_s3_bucket_consumer', 'dataset_s3_bucket_producer', 'dataset_alias_example_alias_producer' retrieved from /home/airflow/.local/lib/python3.12/site-packages/airflow/example_dags/example_dataset_alias.py
[2025-02-20T14:02:52.751+0000] {logging_mixin.py:190} INFO - [2025-02-20T14:02:52.750+0000] {dag.py:3239} INFO - Sync 4 DAGs
[2025-02-20T14:02:52.772+0000] {logging_mixin.py:190} INFO - [2025-02-20T14:02:52.771+0000] {dag.py:4180} INFO - Setting next_dagrun for dataset_alias_example_alias_consumer to None, run_after=None
[2025-02-20T14:02:52.775+0000] {logging_mixin.py:190} INFO - [2025-02-20T14:02:52.775+0000] {dag.py:4180} INFO - Setting next_dagrun for dataset_alias_example_alias_producer to None, run_after=None
[2025-02-20T14:02:52.777+0000] {logging_mixin.py:190} INFO - [2025-02-20T14:02:52.777+0000] {dag.py:4180} INFO - Setting next_dagrun for dataset_s3_bucket_consumer to None, run_after=None
[2025-02-20T14:02:52.779+0000] {logging_mixin.py:190} INFO - [2025-02-20T14:02:52.779+0000] {dag.py:4180} INFO - Setting next_dagrun for dataset_s3_bucket_producer to None, run_after=None
[2025-02-20T14:02:52.799+0000] {processor.py:208} INFO - Processing /home/airflow/.local/lib/python3.12/site-packages/airflow/example_dags/example_dataset_alias.py took 0.635 seconds
[2025-02-20T14:03:23.052+0000] {processor.py:186} INFO - Started process (PID=8279) to work on /home/airflow/.local/lib/python3.12/site-packages/airflow/example_dags/example_dataset_alias.py
[2025-02-20T14:03:23.053+0000] {processor.py:914} INFO - Processing file /home/airflow/.local/lib/python3.12/site-packages/airflow/example_dags/example_dataset_alias.py for tasks to queue
[2025-02-20T14:03:23.055+0000] {logging_mixin.py:190} INFO - [2025-02-20T14:03:23.054+0000] {dagbag.py:588} INFO - Filling up the DagBag from /home/airflow/.local/lib/python3.12/site-packages/airflow/example_dags/example_dataset_alias.py
[2025-02-20T14:03:23.544+0000] {processor.py:925} INFO - DAG(s) 'dataset_alias_example_alias_consumer', 'dataset_s3_bucket_producer', 'dataset_alias_example_alias_producer', 'dataset_s3_bucket_consumer' retrieved from /home/airflow/.local/lib/python3.12/site-packages/airflow/example_dags/example_dataset_alias.py
[2025-02-20T14:03:23.568+0000] {logging_mixin.py:190} INFO - [2025-02-20T14:03:23.566+0000] {dag.py:3239} INFO - Sync 4 DAGs
[2025-02-20T14:03:23.586+0000] {logging_mixin.py:190} INFO - [2025-02-20T14:03:23.586+0000] {dag.py:4180} INFO - Setting next_dagrun for dataset_alias_example_alias_consumer to None, run_after=None
[2025-02-20T14:03:23.589+0000] {logging_mixin.py:190} INFO - [2025-02-20T14:03:23.588+0000] {dag.py:4180} INFO - Setting next_dagrun for dataset_alias_example_alias_producer to None, run_after=None
[2025-02-20T14:03:23.591+0000] {logging_mixin.py:190} INFO - [2025-02-20T14:03:23.590+0000] {dag.py:4180} INFO - Setting next_dagrun for dataset_s3_bucket_consumer to None, run_after=None
[2025-02-20T14:03:23.593+0000] {logging_mixin.py:190} INFO - [2025-02-20T14:03:23.592+0000] {dag.py:4180} INFO - Setting next_dagrun for dataset_s3_bucket_producer to None, run_after=None
[2025-02-20T14:03:23.615+0000] {processor.py:208} INFO - Processing /home/airflow/.local/lib/python3.12/site-packages/airflow/example_dags/example_dataset_alias.py took 0.567 seconds
[2025-02-20T14:44:22.437+0000] {processor.py:186} INFO - Started process (PID=8382) to work on /home/airflow/.local/lib/python3.12/site-packages/airflow/example_dags/example_dataset_alias.py
[2025-02-20T14:44:22.438+0000] {processor.py:914} INFO - Processing file /home/airflow/.local/lib/python3.12/site-packages/airflow/example_dags/example_dataset_alias.py for tasks to queue
[2025-02-20T14:44:22.440+0000] {logging_mixin.py:190} INFO - [2025-02-20T14:44:22.439+0000] {dagbag.py:588} INFO - Filling up the DagBag from /home/airflow/.local/lib/python3.12/site-packages/airflow/example_dags/example_dataset_alias.py
[2025-02-20T14:44:22.919+0000] {processor.py:925} INFO - DAG(s) 'dataset_alias_example_alias_consumer', 'dataset_alias_example_alias_producer', 'dataset_s3_bucket_consumer', 'dataset_s3_bucket_producer' retrieved from /home/airflow/.local/lib/python3.12/site-packages/airflow/example_dags/example_dataset_alias.py
[2025-02-20T14:44:22.938+0000] {logging_mixin.py:190} INFO - [2025-02-20T14:44:22.937+0000] {dag.py:3239} INFO - Sync 4 DAGs
[2025-02-20T14:44:22.955+0000] {logging_mixin.py:190} INFO - [2025-02-20T14:44:22.955+0000] {dag.py:4180} INFO - Setting next_dagrun for dataset_alias_example_alias_consumer to None, run_after=None
[2025-02-20T14:44:22.958+0000] {logging_mixin.py:190} INFO - [2025-02-20T14:44:22.958+0000] {dag.py:4180} INFO - Setting next_dagrun for dataset_alias_example_alias_producer to None, run_after=None
[2025-02-20T14:44:22.959+0000] {logging_mixin.py:190} INFO - [2025-02-20T14:44:22.959+0000] {dag.py:4180} INFO - Setting next_dagrun for dataset_s3_bucket_consumer to None, run_after=None
[2025-02-20T14:44:22.961+0000] {logging_mixin.py:190} INFO - [2025-02-20T14:44:22.961+0000] {dag.py:4180} INFO - Setting next_dagrun for dataset_s3_bucket_producer to None, run_after=None
[2025-02-20T14:44:22.981+0000] {processor.py:208} INFO - Processing /home/airflow/.local/lib/python3.12/site-packages/airflow/example_dags/example_dataset_alias.py took 0.548 seconds
[2025-02-20T14:44:53.480+0000] {processor.py:186} INFO - Started process (PID=8458) to work on /home/airflow/.local/lib/python3.12/site-packages/airflow/example_dags/example_dataset_alias.py
[2025-02-20T14:44:53.481+0000] {processor.py:914} INFO - Processing file /home/airflow/.local/lib/python3.12/site-packages/airflow/example_dags/example_dataset_alias.py for tasks to queue
[2025-02-20T14:44:53.483+0000] {logging_mixin.py:190} INFO - [2025-02-20T14:44:53.482+0000] {dagbag.py:588} INFO - Filling up the DagBag from /home/airflow/.local/lib/python3.12/site-packages/airflow/example_dags/example_dataset_alias.py
[2025-02-20T14:44:53.977+0000] {processor.py:925} INFO - DAG(s) 'dataset_alias_example_alias_producer', 'dataset_s3_bucket_consumer', 'dataset_s3_bucket_producer', 'dataset_alias_example_alias_consumer' retrieved from /home/airflow/.local/lib/python3.12/site-packages/airflow/example_dags/example_dataset_alias.py
[2025-02-20T14:44:53.998+0000] {logging_mixin.py:190} INFO - [2025-02-20T14:44:53.997+0000] {dag.py:3239} INFO - Sync 4 DAGs
[2025-02-20T14:44:54.016+0000] {logging_mixin.py:190} INFO - [2025-02-20T14:44:54.016+0000] {dag.py:4180} INFO - Setting next_dagrun for dataset_alias_example_alias_consumer to None, run_after=None
[2025-02-20T14:44:54.019+0000] {logging_mixin.py:190} INFO - [2025-02-20T14:44:54.019+0000] {dag.py:4180} INFO - Setting next_dagrun for dataset_alias_example_alias_producer to None, run_after=None
[2025-02-20T14:44:54.021+0000] {logging_mixin.py:190} INFO - [2025-02-20T14:44:54.021+0000] {dag.py:4180} INFO - Setting next_dagrun for dataset_s3_bucket_consumer to None, run_after=None
[2025-02-20T14:44:54.022+0000] {logging_mixin.py:190} INFO - [2025-02-20T14:44:54.022+0000] {dag.py:4180} INFO - Setting next_dagrun for dataset_s3_bucket_producer to None, run_after=None
[2025-02-20T14:44:54.044+0000] {processor.py:208} INFO - Processing /home/airflow/.local/lib/python3.12/site-packages/airflow/example_dags/example_dataset_alias.py took 0.568 seconds
[2025-02-20T14:45:25.022+0000] {processor.py:186} INFO - Started process (PID=8540) to work on /home/airflow/.local/lib/python3.12/site-packages/airflow/example_dags/example_dataset_alias.py
[2025-02-20T14:45:25.023+0000] {processor.py:914} INFO - Processing file /home/airflow/.local/lib/python3.12/site-packages/airflow/example_dags/example_dataset_alias.py for tasks to queue
[2025-02-20T14:45:25.024+0000] {logging_mixin.py:190} INFO - [2025-02-20T14:45:25.024+0000] {dagbag.py:588} INFO - Filling up the DagBag from /home/airflow/.local/lib/python3.12/site-packages/airflow/example_dags/example_dataset_alias.py
[2025-02-20T14:45:25.483+0000] {processor.py:925} INFO - DAG(s) 'dataset_alias_example_alias_producer', 'dataset_s3_bucket_producer', 'dataset_alias_example_alias_consumer', 'dataset_s3_bucket_consumer' retrieved from /home/airflow/.local/lib/python3.12/site-packages/airflow/example_dags/example_dataset_alias.py
[2025-02-20T14:45:25.501+0000] {logging_mixin.py:190} INFO - [2025-02-20T14:45:25.500+0000] {dag.py:3239} INFO - Sync 4 DAGs
[2025-02-20T14:45:25.521+0000] {logging_mixin.py:190} INFO - [2025-02-20T14:45:25.521+0000] {dag.py:4180} INFO - Setting next_dagrun for dataset_alias_example_alias_consumer to None, run_after=None
[2025-02-20T14:45:25.524+0000] {logging_mixin.py:190} INFO - [2025-02-20T14:45:25.523+0000] {dag.py:4180} INFO - Setting next_dagrun for dataset_alias_example_alias_producer to None, run_after=None
[2025-02-20T14:45:25.526+0000] {logging_mixin.py:190} INFO - [2025-02-20T14:45:25.526+0000] {dag.py:4180} INFO - Setting next_dagrun for dataset_s3_bucket_consumer to None, run_after=None
[2025-02-20T14:45:25.527+0000] {logging_mixin.py:190} INFO - [2025-02-20T14:45:25.527+0000] {dag.py:4180} INFO - Setting next_dagrun for dataset_s3_bucket_producer to None, run_after=None
[2025-02-20T14:45:25.547+0000] {processor.py:208} INFO - Processing /home/airflow/.local/lib/python3.12/site-packages/airflow/example_dags/example_dataset_alias.py took 0.529 seconds
