[2025-02-20T13:41:08.403+0000] {processor.py:186} INFO - Started process (PID=4945) to work on /home/airflow/.local/lib/python3.12/site-packages/airflow/example_dags/example_complex.py
[2025-02-20T13:41:08.408+0000] {processor.py:914} INFO - Processing file /home/airflow/.local/lib/python3.12/site-packages/airflow/example_dags/example_complex.py for tasks to queue
[2025-02-20T13:41:08.415+0000] {logging_mixin.py:190} INFO - [2025-02-20T13:41:08.412+0000] {dagbag.py:588} INFO - Filling up the DagBag from /home/airflow/.local/lib/python3.12/site-packages/airflow/example_dags/example_complex.py
[2025-02-20T13:41:08.477+0000] {processor.py:925} INFO - DAG(s) 'example_complex' retrieved from /home/airflow/.local/lib/python3.12/site-packages/airflow/example_dags/example_complex.py
[2025-02-20T13:41:08.594+0000] {logging_mixin.py:190} INFO - [2025-02-20T13:41:08.594+0000] {dag.py:3239} INFO - Sync 1 DAGs
[2025-02-20T13:41:08.637+0000] {logging_mixin.py:190} INFO - [2025-02-20T13:41:08.636+0000] {dag.py:4180} INFO - Setting next_dagrun for example_complex to None, run_after=None
[2025-02-20T13:41:08.675+0000] {processor.py:208} INFO - Processing /home/airflow/.local/lib/python3.12/site-packages/airflow/example_dags/example_complex.py took 0.288 seconds
[2025-02-20T13:41:39.183+0000] {processor.py:186} INFO - Started process (PID=5027) to work on /home/airflow/.local/lib/python3.12/site-packages/airflow/example_dags/example_complex.py
[2025-02-20T13:41:39.185+0000] {processor.py:914} INFO - Processing file /home/airflow/.local/lib/python3.12/site-packages/airflow/example_dags/example_complex.py for tasks to queue
[2025-02-20T13:41:39.187+0000] {logging_mixin.py:190} INFO - [2025-02-20T13:41:39.187+0000] {dagbag.py:588} INFO - Filling up the DagBag from /home/airflow/.local/lib/python3.12/site-packages/airflow/example_dags/example_complex.py
[2025-02-20T13:41:39.200+0000] {processor.py:925} INFO - DAG(s) 'example_complex' retrieved from /home/airflow/.local/lib/python3.12/site-packages/airflow/example_dags/example_complex.py
[2025-02-20T13:41:39.241+0000] {logging_mixin.py:190} INFO - [2025-02-20T13:41:39.241+0000] {dag.py:3239} INFO - Sync 1 DAGs
[2025-02-20T13:41:39.261+0000] {logging_mixin.py:190} INFO - [2025-02-20T13:41:39.260+0000] {dag.py:4180} INFO - Setting next_dagrun for example_complex to None, run_after=None
[2025-02-20T13:41:39.290+0000] {processor.py:208} INFO - Processing /home/airflow/.local/lib/python3.12/site-packages/airflow/example_dags/example_complex.py took 0.114 seconds
[2025-02-20T13:42:10.446+0000] {processor.py:186} INFO - Started process (PID=5103) to work on /home/airflow/.local/lib/python3.12/site-packages/airflow/example_dags/example_complex.py
[2025-02-20T13:42:10.448+0000] {processor.py:914} INFO - Processing file /home/airflow/.local/lib/python3.12/site-packages/airflow/example_dags/example_complex.py for tasks to queue
[2025-02-20T13:42:10.451+0000] {logging_mixin.py:190} INFO - [2025-02-20T13:42:10.450+0000] {dagbag.py:588} INFO - Filling up the DagBag from /home/airflow/.local/lib/python3.12/site-packages/airflow/example_dags/example_complex.py
[2025-02-20T13:42:10.468+0000] {processor.py:925} INFO - DAG(s) 'example_complex' retrieved from /home/airflow/.local/lib/python3.12/site-packages/airflow/example_dags/example_complex.py
[2025-02-20T13:42:10.509+0000] {logging_mixin.py:190} INFO - [2025-02-20T13:42:10.508+0000] {dag.py:3239} INFO - Sync 1 DAGs
[2025-02-20T13:42:10.529+0000] {logging_mixin.py:190} INFO - [2025-02-20T13:42:10.528+0000] {dag.py:4180} INFO - Setting next_dagrun for example_complex to None, run_after=None
[2025-02-20T13:42:10.554+0000] {processor.py:208} INFO - Processing /home/airflow/.local/lib/python3.12/site-packages/airflow/example_dags/example_complex.py took 0.115 seconds
[2025-02-20T13:42:40.792+0000] {processor.py:186} INFO - Started process (PID=5179) to work on /home/airflow/.local/lib/python3.12/site-packages/airflow/example_dags/example_complex.py
[2025-02-20T13:42:40.793+0000] {processor.py:914} INFO - Processing file /home/airflow/.local/lib/python3.12/site-packages/airflow/example_dags/example_complex.py for tasks to queue
[2025-02-20T13:42:40.795+0000] {logging_mixin.py:190} INFO - [2025-02-20T13:42:40.794+0000] {dagbag.py:588} INFO - Filling up the DagBag from /home/airflow/.local/lib/python3.12/site-packages/airflow/example_dags/example_complex.py
[2025-02-20T13:42:40.811+0000] {processor.py:925} INFO - DAG(s) 'example_complex' retrieved from /home/airflow/.local/lib/python3.12/site-packages/airflow/example_dags/example_complex.py
[2025-02-20T13:42:40.848+0000] {logging_mixin.py:190} INFO - [2025-02-20T13:42:40.848+0000] {dag.py:3239} INFO - Sync 1 DAGs
[2025-02-20T13:42:40.865+0000] {logging_mixin.py:190} INFO - [2025-02-20T13:42:40.865+0000] {dag.py:4180} INFO - Setting next_dagrun for example_complex to None, run_after=None
[2025-02-20T13:42:40.893+0000] {processor.py:208} INFO - Processing /home/airflow/.local/lib/python3.12/site-packages/airflow/example_dags/example_complex.py took 0.107 seconds
[2025-02-20T13:43:11.776+0000] {processor.py:186} INFO - Started process (PID=5256) to work on /home/airflow/.local/lib/python3.12/site-packages/airflow/example_dags/example_complex.py
[2025-02-20T13:43:11.778+0000] {processor.py:914} INFO - Processing file /home/airflow/.local/lib/python3.12/site-packages/airflow/example_dags/example_complex.py for tasks to queue
[2025-02-20T13:43:11.779+0000] {logging_mixin.py:190} INFO - [2025-02-20T13:43:11.779+0000] {dagbag.py:588} INFO - Filling up the DagBag from /home/airflow/.local/lib/python3.12/site-packages/airflow/example_dags/example_complex.py
[2025-02-20T13:43:11.791+0000] {processor.py:925} INFO - DAG(s) 'example_complex' retrieved from /home/airflow/.local/lib/python3.12/site-packages/airflow/example_dags/example_complex.py
[2025-02-20T13:43:11.827+0000] {logging_mixin.py:190} INFO - [2025-02-20T13:43:11.827+0000] {dag.py:3239} INFO - Sync 1 DAGs
[2025-02-20T13:43:11.842+0000] {logging_mixin.py:190} INFO - [2025-02-20T13:43:11.842+0000] {dag.py:4180} INFO - Setting next_dagrun for example_complex to None, run_after=None
[2025-02-20T13:43:11.861+0000] {processor.py:208} INFO - Processing /home/airflow/.local/lib/python3.12/site-packages/airflow/example_dags/example_complex.py took 0.091 seconds
[2025-02-20T13:43:42.860+0000] {processor.py:186} INFO - Started process (PID=5331) to work on /home/airflow/.local/lib/python3.12/site-packages/airflow/example_dags/example_complex.py
[2025-02-20T13:43:42.861+0000] {processor.py:914} INFO - Processing file /home/airflow/.local/lib/python3.12/site-packages/airflow/example_dags/example_complex.py for tasks to queue
[2025-02-20T13:43:42.863+0000] {logging_mixin.py:190} INFO - [2025-02-20T13:43:42.863+0000] {dagbag.py:588} INFO - Filling up the DagBag from /home/airflow/.local/lib/python3.12/site-packages/airflow/example_dags/example_complex.py
[2025-02-20T13:43:42.878+0000] {processor.py:925} INFO - DAG(s) 'example_complex' retrieved from /home/airflow/.local/lib/python3.12/site-packages/airflow/example_dags/example_complex.py
[2025-02-20T13:43:42.925+0000] {logging_mixin.py:190} INFO - [2025-02-20T13:43:42.925+0000] {dag.py:3239} INFO - Sync 1 DAGs
[2025-02-20T13:43:42.942+0000] {logging_mixin.py:190} INFO - [2025-02-20T13:43:42.941+0000] {dag.py:4180} INFO - Setting next_dagrun for example_complex to None, run_after=None
[2025-02-20T13:43:42.970+0000] {processor.py:208} INFO - Processing /home/airflow/.local/lib/python3.12/site-packages/airflow/example_dags/example_complex.py took 0.117 seconds
[2025-02-20T13:44:13.710+0000] {processor.py:186} INFO - Started process (PID=5407) to work on /home/airflow/.local/lib/python3.12/site-packages/airflow/example_dags/example_complex.py
[2025-02-20T13:44:13.711+0000] {processor.py:914} INFO - Processing file /home/airflow/.local/lib/python3.12/site-packages/airflow/example_dags/example_complex.py for tasks to queue
[2025-02-20T13:44:13.713+0000] {logging_mixin.py:190} INFO - [2025-02-20T13:44:13.712+0000] {dagbag.py:588} INFO - Filling up the DagBag from /home/airflow/.local/lib/python3.12/site-packages/airflow/example_dags/example_complex.py
[2025-02-20T13:44:13.722+0000] {processor.py:925} INFO - DAG(s) 'example_complex' retrieved from /home/airflow/.local/lib/python3.12/site-packages/airflow/example_dags/example_complex.py
[2025-02-20T13:44:13.751+0000] {logging_mixin.py:190} INFO - [2025-02-20T13:44:13.751+0000] {dag.py:3239} INFO - Sync 1 DAGs
[2025-02-20T13:44:13.765+0000] {logging_mixin.py:190} INFO - [2025-02-20T13:44:13.764+0000] {dag.py:4180} INFO - Setting next_dagrun for example_complex to None, run_after=None
[2025-02-20T13:44:13.785+0000] {processor.py:208} INFO - Processing /home/airflow/.local/lib/python3.12/site-packages/airflow/example_dags/example_complex.py took 0.079 seconds
[2025-02-20T13:44:44.254+0000] {processor.py:186} INFO - Started process (PID=5483) to work on /home/airflow/.local/lib/python3.12/site-packages/airflow/example_dags/example_complex.py
[2025-02-20T13:44:44.255+0000] {processor.py:914} INFO - Processing file /home/airflow/.local/lib/python3.12/site-packages/airflow/example_dags/example_complex.py for tasks to queue
[2025-02-20T13:44:44.257+0000] {logging_mixin.py:190} INFO - [2025-02-20T13:44:44.257+0000] {dagbag.py:588} INFO - Filling up the DagBag from /home/airflow/.local/lib/python3.12/site-packages/airflow/example_dags/example_complex.py
[2025-02-20T13:44:44.267+0000] {processor.py:925} INFO - DAG(s) 'example_complex' retrieved from /home/airflow/.local/lib/python3.12/site-packages/airflow/example_dags/example_complex.py
[2025-02-20T13:44:44.300+0000] {logging_mixin.py:190} INFO - [2025-02-20T13:44:44.300+0000] {dag.py:3239} INFO - Sync 1 DAGs
[2025-02-20T13:44:44.314+0000] {logging_mixin.py:190} INFO - [2025-02-20T13:44:44.314+0000] {dag.py:4180} INFO - Setting next_dagrun for example_complex to None, run_after=None
[2025-02-20T13:44:44.334+0000] {processor.py:208} INFO - Processing /home/airflow/.local/lib/python3.12/site-packages/airflow/example_dags/example_complex.py took 0.087 seconds
[2025-02-20T13:45:14.822+0000] {processor.py:186} INFO - Started process (PID=5559) to work on /home/airflow/.local/lib/python3.12/site-packages/airflow/example_dags/example_complex.py
[2025-02-20T13:45:14.824+0000] {processor.py:914} INFO - Processing file /home/airflow/.local/lib/python3.12/site-packages/airflow/example_dags/example_complex.py for tasks to queue
[2025-02-20T13:45:14.825+0000] {logging_mixin.py:190} INFO - [2025-02-20T13:45:14.825+0000] {dagbag.py:588} INFO - Filling up the DagBag from /home/airflow/.local/lib/python3.12/site-packages/airflow/example_dags/example_complex.py
[2025-02-20T13:45:14.835+0000] {processor.py:925} INFO - DAG(s) 'example_complex' retrieved from /home/airflow/.local/lib/python3.12/site-packages/airflow/example_dags/example_complex.py
[2025-02-20T13:45:14.863+0000] {logging_mixin.py:190} INFO - [2025-02-20T13:45:14.863+0000] {dag.py:3239} INFO - Sync 1 DAGs
[2025-02-20T13:45:14.876+0000] {logging_mixin.py:190} INFO - [2025-02-20T13:45:14.876+0000] {dag.py:4180} INFO - Setting next_dagrun for example_complex to None, run_after=None
[2025-02-20T13:45:14.894+0000] {processor.py:208} INFO - Processing /home/airflow/.local/lib/python3.12/site-packages/airflow/example_dags/example_complex.py took 0.077 seconds
[2025-02-20T13:45:45.475+0000] {processor.py:186} INFO - Started process (PID=5637) to work on /home/airflow/.local/lib/python3.12/site-packages/airflow/example_dags/example_complex.py
[2025-02-20T13:45:45.476+0000] {processor.py:914} INFO - Processing file /home/airflow/.local/lib/python3.12/site-packages/airflow/example_dags/example_complex.py for tasks to queue
[2025-02-20T13:45:45.477+0000] {logging_mixin.py:190} INFO - [2025-02-20T13:45:45.477+0000] {dagbag.py:588} INFO - Filling up the DagBag from /home/airflow/.local/lib/python3.12/site-packages/airflow/example_dags/example_complex.py
[2025-02-20T13:45:45.487+0000] {processor.py:925} INFO - DAG(s) 'example_complex' retrieved from /home/airflow/.local/lib/python3.12/site-packages/airflow/example_dags/example_complex.py
[2025-02-20T13:45:45.512+0000] {logging_mixin.py:190} INFO - [2025-02-20T13:45:45.512+0000] {dag.py:3239} INFO - Sync 1 DAGs
[2025-02-20T13:45:45.526+0000] {logging_mixin.py:190} INFO - [2025-02-20T13:45:45.526+0000] {dag.py:4180} INFO - Setting next_dagrun for example_complex to None, run_after=None
[2025-02-20T13:45:45.543+0000] {processor.py:208} INFO - Processing /home/airflow/.local/lib/python3.12/site-packages/airflow/example_dags/example_complex.py took 0.073 seconds
[2025-02-20T13:46:16.520+0000] {processor.py:186} INFO - Started process (PID=5713) to work on /home/airflow/.local/lib/python3.12/site-packages/airflow/example_dags/example_complex.py
[2025-02-20T13:46:16.521+0000] {processor.py:914} INFO - Processing file /home/airflow/.local/lib/python3.12/site-packages/airflow/example_dags/example_complex.py for tasks to queue
[2025-02-20T13:46:16.523+0000] {logging_mixin.py:190} INFO - [2025-02-20T13:46:16.522+0000] {dagbag.py:588} INFO - Filling up the DagBag from /home/airflow/.local/lib/python3.12/site-packages/airflow/example_dags/example_complex.py
[2025-02-20T13:46:16.534+0000] {processor.py:925} INFO - DAG(s) 'example_complex' retrieved from /home/airflow/.local/lib/python3.12/site-packages/airflow/example_dags/example_complex.py
[2025-02-20T13:46:16.563+0000] {logging_mixin.py:190} INFO - [2025-02-20T13:46:16.562+0000] {dag.py:3239} INFO - Sync 1 DAGs
[2025-02-20T13:46:16.576+0000] {logging_mixin.py:190} INFO - [2025-02-20T13:46:16.575+0000] {dag.py:4180} INFO - Setting next_dagrun for example_complex to None, run_after=None
[2025-02-20T13:46:16.594+0000] {processor.py:208} INFO - Processing /home/airflow/.local/lib/python3.12/site-packages/airflow/example_dags/example_complex.py took 0.078 seconds
[2025-02-20T13:46:46.902+0000] {processor.py:186} INFO - Started process (PID=5789) to work on /home/airflow/.local/lib/python3.12/site-packages/airflow/example_dags/example_complex.py
[2025-02-20T13:46:46.903+0000] {processor.py:914} INFO - Processing file /home/airflow/.local/lib/python3.12/site-packages/airflow/example_dags/example_complex.py for tasks to queue
[2025-02-20T13:46:46.905+0000] {logging_mixin.py:190} INFO - [2025-02-20T13:46:46.904+0000] {dagbag.py:588} INFO - Filling up the DagBag from /home/airflow/.local/lib/python3.12/site-packages/airflow/example_dags/example_complex.py
[2025-02-20T13:46:46.917+0000] {processor.py:925} INFO - DAG(s) 'example_complex' retrieved from /home/airflow/.local/lib/python3.12/site-packages/airflow/example_dags/example_complex.py
[2025-02-20T13:46:46.948+0000] {logging_mixin.py:190} INFO - [2025-02-20T13:46:46.948+0000] {dag.py:3239} INFO - Sync 1 DAGs
[2025-02-20T13:46:46.962+0000] {logging_mixin.py:190} INFO - [2025-02-20T13:46:46.961+0000] {dag.py:4180} INFO - Setting next_dagrun for example_complex to None, run_after=None
[2025-02-20T13:46:46.982+0000] {processor.py:208} INFO - Processing /home/airflow/.local/lib/python3.12/site-packages/airflow/example_dags/example_complex.py took 0.085 seconds
[2025-02-20T13:47:18.299+0000] {processor.py:186} INFO - Started process (PID=5865) to work on /home/airflow/.local/lib/python3.12/site-packages/airflow/example_dags/example_complex.py
[2025-02-20T13:47:18.300+0000] {processor.py:914} INFO - Processing file /home/airflow/.local/lib/python3.12/site-packages/airflow/example_dags/example_complex.py for tasks to queue
[2025-02-20T13:47:18.301+0000] {logging_mixin.py:190} INFO - [2025-02-20T13:47:18.301+0000] {dagbag.py:588} INFO - Filling up the DagBag from /home/airflow/.local/lib/python3.12/site-packages/airflow/example_dags/example_complex.py
[2025-02-20T13:47:18.312+0000] {processor.py:925} INFO - DAG(s) 'example_complex' retrieved from /home/airflow/.local/lib/python3.12/site-packages/airflow/example_dags/example_complex.py
[2025-02-20T13:47:18.342+0000] {logging_mixin.py:190} INFO - [2025-02-20T13:47:18.341+0000] {dag.py:3239} INFO - Sync 1 DAGs
[2025-02-20T13:47:18.357+0000] {logging_mixin.py:190} INFO - [2025-02-20T13:47:18.356+0000] {dag.py:4180} INFO - Setting next_dagrun for example_complex to None, run_after=None
[2025-02-20T13:47:18.382+0000] {processor.py:208} INFO - Processing /home/airflow/.local/lib/python3.12/site-packages/airflow/example_dags/example_complex.py took 0.088 seconds
[2025-02-20T13:47:48.632+0000] {processor.py:186} INFO - Started process (PID=5940) to work on /home/airflow/.local/lib/python3.12/site-packages/airflow/example_dags/example_complex.py
[2025-02-20T13:47:48.633+0000] {processor.py:914} INFO - Processing file /home/airflow/.local/lib/python3.12/site-packages/airflow/example_dags/example_complex.py for tasks to queue
[2025-02-20T13:47:48.635+0000] {logging_mixin.py:190} INFO - [2025-02-20T13:47:48.635+0000] {dagbag.py:588} INFO - Filling up the DagBag from /home/airflow/.local/lib/python3.12/site-packages/airflow/example_dags/example_complex.py
[2025-02-20T13:47:48.644+0000] {processor.py:925} INFO - DAG(s) 'example_complex' retrieved from /home/airflow/.local/lib/python3.12/site-packages/airflow/example_dags/example_complex.py
[2025-02-20T13:47:48.674+0000] {logging_mixin.py:190} INFO - [2025-02-20T13:47:48.674+0000] {dag.py:3239} INFO - Sync 1 DAGs
[2025-02-20T13:47:48.687+0000] {logging_mixin.py:190} INFO - [2025-02-20T13:47:48.687+0000] {dag.py:4180} INFO - Setting next_dagrun for example_complex to None, run_after=None
[2025-02-20T13:47:48.708+0000] {processor.py:208} INFO - Processing /home/airflow/.local/lib/python3.12/site-packages/airflow/example_dags/example_complex.py took 0.080 seconds
[2025-02-20T13:48:19.000+0000] {processor.py:186} INFO - Started process (PID=6015) to work on /home/airflow/.local/lib/python3.12/site-packages/airflow/example_dags/example_complex.py
[2025-02-20T13:48:19.001+0000] {processor.py:914} INFO - Processing file /home/airflow/.local/lib/python3.12/site-packages/airflow/example_dags/example_complex.py for tasks to queue
[2025-02-20T13:48:19.002+0000] {logging_mixin.py:190} INFO - [2025-02-20T13:48:19.002+0000] {dagbag.py:588} INFO - Filling up the DagBag from /home/airflow/.local/lib/python3.12/site-packages/airflow/example_dags/example_complex.py
[2025-02-20T13:48:19.013+0000] {processor.py:925} INFO - DAG(s) 'example_complex' retrieved from /home/airflow/.local/lib/python3.12/site-packages/airflow/example_dags/example_complex.py
[2025-02-20T13:48:19.040+0000] {logging_mixin.py:190} INFO - [2025-02-20T13:48:19.040+0000] {dag.py:3239} INFO - Sync 1 DAGs
[2025-02-20T13:48:19.052+0000] {logging_mixin.py:190} INFO - [2025-02-20T13:48:19.052+0000] {dag.py:4180} INFO - Setting next_dagrun for example_complex to None, run_after=None
[2025-02-20T13:48:19.069+0000] {processor.py:208} INFO - Processing /home/airflow/.local/lib/python3.12/site-packages/airflow/example_dags/example_complex.py took 0.075 seconds
[2025-02-20T13:48:50.296+0000] {processor.py:186} INFO - Started process (PID=6092) to work on /home/airflow/.local/lib/python3.12/site-packages/airflow/example_dags/example_complex.py
[2025-02-20T13:48:50.297+0000] {processor.py:914} INFO - Processing file /home/airflow/.local/lib/python3.12/site-packages/airflow/example_dags/example_complex.py for tasks to queue
[2025-02-20T13:48:50.299+0000] {logging_mixin.py:190} INFO - [2025-02-20T13:48:50.299+0000] {dagbag.py:588} INFO - Filling up the DagBag from /home/airflow/.local/lib/python3.12/site-packages/airflow/example_dags/example_complex.py
[2025-02-20T13:48:50.315+0000] {processor.py:925} INFO - DAG(s) 'example_complex' retrieved from /home/airflow/.local/lib/python3.12/site-packages/airflow/example_dags/example_complex.py
[2025-02-20T13:48:50.346+0000] {logging_mixin.py:190} INFO - [2025-02-20T13:48:50.346+0000] {dag.py:3239} INFO - Sync 1 DAGs
[2025-02-20T13:48:50.360+0000] {logging_mixin.py:190} INFO - [2025-02-20T13:48:50.360+0000] {dag.py:4180} INFO - Setting next_dagrun for example_complex to None, run_after=None
[2025-02-20T13:48:50.380+0000] {processor.py:208} INFO - Processing /home/airflow/.local/lib/python3.12/site-packages/airflow/example_dags/example_complex.py took 0.090 seconds
[2025-02-20T13:49:21.442+0000] {processor.py:186} INFO - Started process (PID=6169) to work on /home/airflow/.local/lib/python3.12/site-packages/airflow/example_dags/example_complex.py
[2025-02-20T13:49:21.444+0000] {processor.py:914} INFO - Processing file /home/airflow/.local/lib/python3.12/site-packages/airflow/example_dags/example_complex.py for tasks to queue
[2025-02-20T13:49:21.446+0000] {logging_mixin.py:190} INFO - [2025-02-20T13:49:21.445+0000] {dagbag.py:588} INFO - Filling up the DagBag from /home/airflow/.local/lib/python3.12/site-packages/airflow/example_dags/example_complex.py
[2025-02-20T13:49:21.455+0000] {processor.py:925} INFO - DAG(s) 'example_complex' retrieved from /home/airflow/.local/lib/python3.12/site-packages/airflow/example_dags/example_complex.py
[2025-02-20T13:49:21.482+0000] {logging_mixin.py:190} INFO - [2025-02-20T13:49:21.481+0000] {dag.py:3239} INFO - Sync 1 DAGs
[2025-02-20T13:49:21.494+0000] {logging_mixin.py:190} INFO - [2025-02-20T13:49:21.494+0000] {dag.py:4180} INFO - Setting next_dagrun for example_complex to None, run_after=None
[2025-02-20T13:49:21.511+0000] {processor.py:208} INFO - Processing /home/airflow/.local/lib/python3.12/site-packages/airflow/example_dags/example_complex.py took 0.073 seconds
[2025-02-20T13:49:51.953+0000] {processor.py:186} INFO - Started process (PID=6251) to work on /home/airflow/.local/lib/python3.12/site-packages/airflow/example_dags/example_complex.py
[2025-02-20T13:49:51.955+0000] {processor.py:914} INFO - Processing file /home/airflow/.local/lib/python3.12/site-packages/airflow/example_dags/example_complex.py for tasks to queue
[2025-02-20T13:49:51.956+0000] {logging_mixin.py:190} INFO - [2025-02-20T13:49:51.956+0000] {dagbag.py:588} INFO - Filling up the DagBag from /home/airflow/.local/lib/python3.12/site-packages/airflow/example_dags/example_complex.py
[2025-02-20T13:49:51.967+0000] {processor.py:925} INFO - DAG(s) 'example_complex' retrieved from /home/airflow/.local/lib/python3.12/site-packages/airflow/example_dags/example_complex.py
[2025-02-20T13:49:52.003+0000] {logging_mixin.py:190} INFO - [2025-02-20T13:49:52.003+0000] {dag.py:3239} INFO - Sync 1 DAGs
[2025-02-20T13:49:52.015+0000] {logging_mixin.py:190} INFO - [2025-02-20T13:49:52.015+0000] {dag.py:4180} INFO - Setting next_dagrun for example_complex to None, run_after=None
[2025-02-20T13:49:52.034+0000] {processor.py:208} INFO - Processing /home/airflow/.local/lib/python3.12/site-packages/airflow/example_dags/example_complex.py took 0.085 seconds
[2025-02-20T13:50:23.281+0000] {processor.py:186} INFO - Started process (PID=6327) to work on /home/airflow/.local/lib/python3.12/site-packages/airflow/example_dags/example_complex.py
[2025-02-20T13:50:23.282+0000] {processor.py:914} INFO - Processing file /home/airflow/.local/lib/python3.12/site-packages/airflow/example_dags/example_complex.py for tasks to queue
[2025-02-20T13:50:23.284+0000] {logging_mixin.py:190} INFO - [2025-02-20T13:50:23.284+0000] {dagbag.py:588} INFO - Filling up the DagBag from /home/airflow/.local/lib/python3.12/site-packages/airflow/example_dags/example_complex.py
[2025-02-20T13:50:23.295+0000] {processor.py:925} INFO - DAG(s) 'example_complex' retrieved from /home/airflow/.local/lib/python3.12/site-packages/airflow/example_dags/example_complex.py
[2025-02-20T13:50:23.324+0000] {logging_mixin.py:190} INFO - [2025-02-20T13:50:23.323+0000] {dag.py:3239} INFO - Sync 1 DAGs
[2025-02-20T13:50:23.336+0000] {logging_mixin.py:190} INFO - [2025-02-20T13:50:23.336+0000] {dag.py:4180} INFO - Setting next_dagrun for example_complex to None, run_after=None
[2025-02-20T13:50:23.353+0000] {processor.py:208} INFO - Processing /home/airflow/.local/lib/python3.12/site-packages/airflow/example_dags/example_complex.py took 0.076 seconds
[2025-02-20T13:50:53.487+0000] {processor.py:186} INFO - Started process (PID=6401) to work on /home/airflow/.local/lib/python3.12/site-packages/airflow/example_dags/example_complex.py
[2025-02-20T13:50:53.489+0000] {processor.py:914} INFO - Processing file /home/airflow/.local/lib/python3.12/site-packages/airflow/example_dags/example_complex.py for tasks to queue
[2025-02-20T13:50:53.490+0000] {logging_mixin.py:190} INFO - [2025-02-20T13:50:53.490+0000] {dagbag.py:588} INFO - Filling up the DagBag from /home/airflow/.local/lib/python3.12/site-packages/airflow/example_dags/example_complex.py
[2025-02-20T13:50:53.503+0000] {processor.py:925} INFO - DAG(s) 'example_complex' retrieved from /home/airflow/.local/lib/python3.12/site-packages/airflow/example_dags/example_complex.py
[2025-02-20T13:50:53.531+0000] {logging_mixin.py:190} INFO - [2025-02-20T13:50:53.531+0000] {dag.py:3239} INFO - Sync 1 DAGs
[2025-02-20T13:50:53.545+0000] {logging_mixin.py:190} INFO - [2025-02-20T13:50:53.545+0000] {dag.py:4180} INFO - Setting next_dagrun for example_complex to None, run_after=None
[2025-02-20T13:50:53.568+0000] {processor.py:208} INFO - Processing /home/airflow/.local/lib/python3.12/site-packages/airflow/example_dags/example_complex.py took 0.085 seconds
[2025-02-20T13:51:23.762+0000] {processor.py:186} INFO - Started process (PID=6476) to work on /home/airflow/.local/lib/python3.12/site-packages/airflow/example_dags/example_complex.py
[2025-02-20T13:51:23.763+0000] {processor.py:914} INFO - Processing file /home/airflow/.local/lib/python3.12/site-packages/airflow/example_dags/example_complex.py for tasks to queue
[2025-02-20T13:51:23.765+0000] {logging_mixin.py:190} INFO - [2025-02-20T13:51:23.765+0000] {dagbag.py:588} INFO - Filling up the DagBag from /home/airflow/.local/lib/python3.12/site-packages/airflow/example_dags/example_complex.py
[2025-02-20T13:51:23.777+0000] {processor.py:925} INFO - DAG(s) 'example_complex' retrieved from /home/airflow/.local/lib/python3.12/site-packages/airflow/example_dags/example_complex.py
[2025-02-20T13:51:23.805+0000] {logging_mixin.py:190} INFO - [2025-02-20T13:51:23.805+0000] {dag.py:3239} INFO - Sync 1 DAGs
[2025-02-20T13:51:23.818+0000] {logging_mixin.py:190} INFO - [2025-02-20T13:51:23.818+0000] {dag.py:4180} INFO - Setting next_dagrun for example_complex to None, run_after=None
[2025-02-20T13:51:23.838+0000] {processor.py:208} INFO - Processing /home/airflow/.local/lib/python3.12/site-packages/airflow/example_dags/example_complex.py took 0.083 seconds
[2025-02-20T13:51:54.045+0000] {processor.py:186} INFO - Started process (PID=6552) to work on /home/airflow/.local/lib/python3.12/site-packages/airflow/example_dags/example_complex.py
[2025-02-20T13:51:54.047+0000] {processor.py:914} INFO - Processing file /home/airflow/.local/lib/python3.12/site-packages/airflow/example_dags/example_complex.py for tasks to queue
[2025-02-20T13:51:54.048+0000] {logging_mixin.py:190} INFO - [2025-02-20T13:51:54.048+0000] {dagbag.py:588} INFO - Filling up the DagBag from /home/airflow/.local/lib/python3.12/site-packages/airflow/example_dags/example_complex.py
[2025-02-20T13:51:54.059+0000] {processor.py:925} INFO - DAG(s) 'example_complex' retrieved from /home/airflow/.local/lib/python3.12/site-packages/airflow/example_dags/example_complex.py
[2025-02-20T13:51:54.089+0000] {logging_mixin.py:190} INFO - [2025-02-20T13:51:54.089+0000] {dag.py:3239} INFO - Sync 1 DAGs
[2025-02-20T13:51:54.102+0000] {logging_mixin.py:190} INFO - [2025-02-20T13:51:54.102+0000] {dag.py:4180} INFO - Setting next_dagrun for example_complex to None, run_after=None
[2025-02-20T13:51:54.121+0000] {processor.py:208} INFO - Processing /home/airflow/.local/lib/python3.12/site-packages/airflow/example_dags/example_complex.py took 0.080 seconds
[2025-02-20T13:52:24.345+0000] {processor.py:186} INFO - Started process (PID=6628) to work on /home/airflow/.local/lib/python3.12/site-packages/airflow/example_dags/example_complex.py
[2025-02-20T13:52:24.346+0000] {processor.py:914} INFO - Processing file /home/airflow/.local/lib/python3.12/site-packages/airflow/example_dags/example_complex.py for tasks to queue
[2025-02-20T13:52:24.350+0000] {logging_mixin.py:190} INFO - [2025-02-20T13:52:24.350+0000] {dagbag.py:588} INFO - Filling up the DagBag from /home/airflow/.local/lib/python3.12/site-packages/airflow/example_dags/example_complex.py
[2025-02-20T13:52:24.360+0000] {processor.py:925} INFO - DAG(s) 'example_complex' retrieved from /home/airflow/.local/lib/python3.12/site-packages/airflow/example_dags/example_complex.py
[2025-02-20T13:52:24.390+0000] {logging_mixin.py:190} INFO - [2025-02-20T13:52:24.390+0000] {dag.py:3239} INFO - Sync 1 DAGs
[2025-02-20T13:52:24.405+0000] {logging_mixin.py:190} INFO - [2025-02-20T13:52:24.404+0000] {dag.py:4180} INFO - Setting next_dagrun for example_complex to None, run_after=None
[2025-02-20T13:52:24.424+0000] {processor.py:208} INFO - Processing /home/airflow/.local/lib/python3.12/site-packages/airflow/example_dags/example_complex.py took 0.083 seconds
[2025-02-20T13:52:54.521+0000] {processor.py:186} INFO - Started process (PID=6704) to work on /home/airflow/.local/lib/python3.12/site-packages/airflow/example_dags/example_complex.py
[2025-02-20T13:52:54.523+0000] {processor.py:914} INFO - Processing file /home/airflow/.local/lib/python3.12/site-packages/airflow/example_dags/example_complex.py for tasks to queue
[2025-02-20T13:52:54.524+0000] {logging_mixin.py:190} INFO - [2025-02-20T13:52:54.524+0000] {dagbag.py:588} INFO - Filling up the DagBag from /home/airflow/.local/lib/python3.12/site-packages/airflow/example_dags/example_complex.py
[2025-02-20T13:52:54.534+0000] {processor.py:925} INFO - DAG(s) 'example_complex' retrieved from /home/airflow/.local/lib/python3.12/site-packages/airflow/example_dags/example_complex.py
[2025-02-20T13:52:54.567+0000] {logging_mixin.py:190} INFO - [2025-02-20T13:52:54.567+0000] {dag.py:3239} INFO - Sync 1 DAGs
[2025-02-20T13:52:54.580+0000] {logging_mixin.py:190} INFO - [2025-02-20T13:52:54.580+0000] {dag.py:4180} INFO - Setting next_dagrun for example_complex to None, run_after=None
[2025-02-20T13:52:54.601+0000] {processor.py:208} INFO - Processing /home/airflow/.local/lib/python3.12/site-packages/airflow/example_dags/example_complex.py took 0.084 seconds
[2025-02-20T13:53:24.990+0000] {processor.py:186} INFO - Started process (PID=6779) to work on /home/airflow/.local/lib/python3.12/site-packages/airflow/example_dags/example_complex.py
[2025-02-20T13:53:24.992+0000] {processor.py:914} INFO - Processing file /home/airflow/.local/lib/python3.12/site-packages/airflow/example_dags/example_complex.py for tasks to queue
[2025-02-20T13:53:24.993+0000] {logging_mixin.py:190} INFO - [2025-02-20T13:53:24.993+0000] {dagbag.py:588} INFO - Filling up the DagBag from /home/airflow/.local/lib/python3.12/site-packages/airflow/example_dags/example_complex.py
[2025-02-20T13:53:25.003+0000] {processor.py:925} INFO - DAG(s) 'example_complex' retrieved from /home/airflow/.local/lib/python3.12/site-packages/airflow/example_dags/example_complex.py
[2025-02-20T13:53:25.029+0000] {logging_mixin.py:190} INFO - [2025-02-20T13:53:25.029+0000] {dag.py:3239} INFO - Sync 1 DAGs
[2025-02-20T13:53:25.041+0000] {logging_mixin.py:190} INFO - [2025-02-20T13:53:25.041+0000] {dag.py:4180} INFO - Setting next_dagrun for example_complex to None, run_after=None
[2025-02-20T13:53:25.059+0000] {processor.py:208} INFO - Processing /home/airflow/.local/lib/python3.12/site-packages/airflow/example_dags/example_complex.py took 0.073 seconds
[2025-02-20T13:53:55.279+0000] {processor.py:186} INFO - Started process (PID=6855) to work on /home/airflow/.local/lib/python3.12/site-packages/airflow/example_dags/example_complex.py
[2025-02-20T13:53:55.281+0000] {processor.py:914} INFO - Processing file /home/airflow/.local/lib/python3.12/site-packages/airflow/example_dags/example_complex.py for tasks to queue
[2025-02-20T13:53:55.282+0000] {logging_mixin.py:190} INFO - [2025-02-20T13:53:55.282+0000] {dagbag.py:588} INFO - Filling up the DagBag from /home/airflow/.local/lib/python3.12/site-packages/airflow/example_dags/example_complex.py
[2025-02-20T13:53:55.292+0000] {processor.py:925} INFO - DAG(s) 'example_complex' retrieved from /home/airflow/.local/lib/python3.12/site-packages/airflow/example_dags/example_complex.py
[2025-02-20T13:53:55.317+0000] {logging_mixin.py:190} INFO - [2025-02-20T13:53:55.317+0000] {dag.py:3239} INFO - Sync 1 DAGs
[2025-02-20T13:53:55.330+0000] {logging_mixin.py:190} INFO - [2025-02-20T13:53:55.329+0000] {dag.py:4180} INFO - Setting next_dagrun for example_complex to None, run_after=None
[2025-02-20T13:53:55.346+0000] {processor.py:208} INFO - Processing /home/airflow/.local/lib/python3.12/site-packages/airflow/example_dags/example_complex.py took 0.071 seconds
[2025-02-20T13:54:26.098+0000] {processor.py:186} INFO - Started process (PID=6931) to work on /home/airflow/.local/lib/python3.12/site-packages/airflow/example_dags/example_complex.py
[2025-02-20T13:54:26.099+0000] {processor.py:914} INFO - Processing file /home/airflow/.local/lib/python3.12/site-packages/airflow/example_dags/example_complex.py for tasks to queue
[2025-02-20T13:54:26.100+0000] {logging_mixin.py:190} INFO - [2025-02-20T13:54:26.100+0000] {dagbag.py:588} INFO - Filling up the DagBag from /home/airflow/.local/lib/python3.12/site-packages/airflow/example_dags/example_complex.py
[2025-02-20T13:54:26.110+0000] {processor.py:925} INFO - DAG(s) 'example_complex' retrieved from /home/airflow/.local/lib/python3.12/site-packages/airflow/example_dags/example_complex.py
[2025-02-20T13:54:26.137+0000] {logging_mixin.py:190} INFO - [2025-02-20T13:54:26.136+0000] {dag.py:3239} INFO - Sync 1 DAGs
[2025-02-20T13:54:26.148+0000] {logging_mixin.py:190} INFO - [2025-02-20T13:54:26.148+0000] {dag.py:4180} INFO - Setting next_dagrun for example_complex to None, run_after=None
[2025-02-20T13:54:26.167+0000] {processor.py:208} INFO - Processing /home/airflow/.local/lib/python3.12/site-packages/airflow/example_dags/example_complex.py took 0.074 seconds
[2025-02-20T13:54:56.509+0000] {processor.py:186} INFO - Started process (PID=7007) to work on /home/airflow/.local/lib/python3.12/site-packages/airflow/example_dags/example_complex.py
[2025-02-20T13:54:56.511+0000] {processor.py:914} INFO - Processing file /home/airflow/.local/lib/python3.12/site-packages/airflow/example_dags/example_complex.py for tasks to queue
[2025-02-20T13:54:56.512+0000] {logging_mixin.py:190} INFO - [2025-02-20T13:54:56.511+0000] {dagbag.py:588} INFO - Filling up the DagBag from /home/airflow/.local/lib/python3.12/site-packages/airflow/example_dags/example_complex.py
[2025-02-20T13:54:56.521+0000] {processor.py:925} INFO - DAG(s) 'example_complex' retrieved from /home/airflow/.local/lib/python3.12/site-packages/airflow/example_dags/example_complex.py
[2025-02-20T13:54:56.546+0000] {logging_mixin.py:190} INFO - [2025-02-20T13:54:56.546+0000] {dag.py:3239} INFO - Sync 1 DAGs
[2025-02-20T13:54:56.558+0000] {logging_mixin.py:190} INFO - [2025-02-20T13:54:56.558+0000] {dag.py:4180} INFO - Setting next_dagrun for example_complex to None, run_after=None
[2025-02-20T13:54:56.575+0000] {processor.py:208} INFO - Processing /home/airflow/.local/lib/python3.12/site-packages/airflow/example_dags/example_complex.py took 0.071 seconds
[2025-02-20T13:55:27.270+0000] {processor.py:186} INFO - Started process (PID=7083) to work on /home/airflow/.local/lib/python3.12/site-packages/airflow/example_dags/example_complex.py
[2025-02-20T13:55:27.271+0000] {processor.py:914} INFO - Processing file /home/airflow/.local/lib/python3.12/site-packages/airflow/example_dags/example_complex.py for tasks to queue
[2025-02-20T13:55:27.272+0000] {logging_mixin.py:190} INFO - [2025-02-20T13:55:27.272+0000] {dagbag.py:588} INFO - Filling up the DagBag from /home/airflow/.local/lib/python3.12/site-packages/airflow/example_dags/example_complex.py
[2025-02-20T13:55:27.281+0000] {processor.py:925} INFO - DAG(s) 'example_complex' retrieved from /home/airflow/.local/lib/python3.12/site-packages/airflow/example_dags/example_complex.py
[2025-02-20T13:55:27.306+0000] {logging_mixin.py:190} INFO - [2025-02-20T13:55:27.306+0000] {dag.py:3239} INFO - Sync 1 DAGs
[2025-02-20T13:55:27.317+0000] {logging_mixin.py:190} INFO - [2025-02-20T13:55:27.317+0000] {dag.py:4180} INFO - Setting next_dagrun for example_complex to None, run_after=None
[2025-02-20T13:55:27.334+0000] {processor.py:208} INFO - Processing /home/airflow/.local/lib/python3.12/site-packages/airflow/example_dags/example_complex.py took 0.068 seconds
[2025-02-20T13:55:57.482+0000] {processor.py:186} INFO - Started process (PID=7159) to work on /home/airflow/.local/lib/python3.12/site-packages/airflow/example_dags/example_complex.py
[2025-02-20T13:55:57.483+0000] {processor.py:914} INFO - Processing file /home/airflow/.local/lib/python3.12/site-packages/airflow/example_dags/example_complex.py for tasks to queue
[2025-02-20T13:55:57.484+0000] {logging_mixin.py:190} INFO - [2025-02-20T13:55:57.484+0000] {dagbag.py:588} INFO - Filling up the DagBag from /home/airflow/.local/lib/python3.12/site-packages/airflow/example_dags/example_complex.py
[2025-02-20T13:55:57.493+0000] {processor.py:925} INFO - DAG(s) 'example_complex' retrieved from /home/airflow/.local/lib/python3.12/site-packages/airflow/example_dags/example_complex.py
[2025-02-20T13:55:57.519+0000] {logging_mixin.py:190} INFO - [2025-02-20T13:55:57.519+0000] {dag.py:3239} INFO - Sync 1 DAGs
[2025-02-20T13:55:57.531+0000] {logging_mixin.py:190} INFO - [2025-02-20T13:55:57.531+0000] {dag.py:4180} INFO - Setting next_dagrun for example_complex to None, run_after=None
[2025-02-20T13:55:57.552+0000] {processor.py:208} INFO - Processing /home/airflow/.local/lib/python3.12/site-packages/airflow/example_dags/example_complex.py took 0.074 seconds
[2025-02-20T13:56:27.807+0000] {processor.py:186} INFO - Started process (PID=7235) to work on /home/airflow/.local/lib/python3.12/site-packages/airflow/example_dags/example_complex.py
[2025-02-20T13:56:27.808+0000] {processor.py:914} INFO - Processing file /home/airflow/.local/lib/python3.12/site-packages/airflow/example_dags/example_complex.py for tasks to queue
[2025-02-20T13:56:27.809+0000] {logging_mixin.py:190} INFO - [2025-02-20T13:56:27.809+0000] {dagbag.py:588} INFO - Filling up the DagBag from /home/airflow/.local/lib/python3.12/site-packages/airflow/example_dags/example_complex.py
[2025-02-20T13:56:27.821+0000] {processor.py:925} INFO - DAG(s) 'example_complex' retrieved from /home/airflow/.local/lib/python3.12/site-packages/airflow/example_dags/example_complex.py
[2025-02-20T13:56:27.849+0000] {logging_mixin.py:190} INFO - [2025-02-20T13:56:27.848+0000] {dag.py:3239} INFO - Sync 1 DAGs
[2025-02-20T13:56:27.862+0000] {logging_mixin.py:190} INFO - [2025-02-20T13:56:27.862+0000] {dag.py:4180} INFO - Setting next_dagrun for example_complex to None, run_after=None
[2025-02-20T13:56:27.883+0000] {processor.py:208} INFO - Processing /home/airflow/.local/lib/python3.12/site-packages/airflow/example_dags/example_complex.py took 0.081 seconds
[2025-02-20T13:56:58.148+0000] {processor.py:186} INFO - Started process (PID=7311) to work on /home/airflow/.local/lib/python3.12/site-packages/airflow/example_dags/example_complex.py
[2025-02-20T13:56:58.149+0000] {processor.py:914} INFO - Processing file /home/airflow/.local/lib/python3.12/site-packages/airflow/example_dags/example_complex.py for tasks to queue
[2025-02-20T13:56:58.150+0000] {logging_mixin.py:190} INFO - [2025-02-20T13:56:58.150+0000] {dagbag.py:588} INFO - Filling up the DagBag from /home/airflow/.local/lib/python3.12/site-packages/airflow/example_dags/example_complex.py
[2025-02-20T13:56:58.159+0000] {processor.py:925} INFO - DAG(s) 'example_complex' retrieved from /home/airflow/.local/lib/python3.12/site-packages/airflow/example_dags/example_complex.py
[2025-02-20T13:56:58.187+0000] {logging_mixin.py:190} INFO - [2025-02-20T13:56:58.186+0000] {dag.py:3239} INFO - Sync 1 DAGs
[2025-02-20T13:56:58.198+0000] {logging_mixin.py:190} INFO - [2025-02-20T13:56:58.198+0000] {dag.py:4180} INFO - Setting next_dagrun for example_complex to None, run_after=None
[2025-02-20T13:56:58.215+0000] {processor.py:208} INFO - Processing /home/airflow/.local/lib/python3.12/site-packages/airflow/example_dags/example_complex.py took 0.071 seconds
[2025-02-20T13:57:28.763+0000] {processor.py:186} INFO - Started process (PID=7387) to work on /home/airflow/.local/lib/python3.12/site-packages/airflow/example_dags/example_complex.py
[2025-02-20T13:57:28.765+0000] {processor.py:914} INFO - Processing file /home/airflow/.local/lib/python3.12/site-packages/airflow/example_dags/example_complex.py for tasks to queue
[2025-02-20T13:57:28.767+0000] {logging_mixin.py:190} INFO - [2025-02-20T13:57:28.766+0000] {dagbag.py:588} INFO - Filling up the DagBag from /home/airflow/.local/lib/python3.12/site-packages/airflow/example_dags/example_complex.py
[2025-02-20T13:57:28.777+0000] {processor.py:925} INFO - DAG(s) 'example_complex' retrieved from /home/airflow/.local/lib/python3.12/site-packages/airflow/example_dags/example_complex.py
[2025-02-20T13:57:28.803+0000] {logging_mixin.py:190} INFO - [2025-02-20T13:57:28.803+0000] {dag.py:3239} INFO - Sync 1 DAGs
[2025-02-20T13:57:28.816+0000] {logging_mixin.py:190} INFO - [2025-02-20T13:57:28.816+0000] {dag.py:4180} INFO - Setting next_dagrun for example_complex to None, run_after=None
[2025-02-20T13:57:28.834+0000] {processor.py:208} INFO - Processing /home/airflow/.local/lib/python3.12/site-packages/airflow/example_dags/example_complex.py took 0.076 seconds
[2025-02-20T13:57:59.124+0000] {processor.py:186} INFO - Started process (PID=7464) to work on /home/airflow/.local/lib/python3.12/site-packages/airflow/example_dags/example_complex.py
[2025-02-20T13:57:59.126+0000] {processor.py:914} INFO - Processing file /home/airflow/.local/lib/python3.12/site-packages/airflow/example_dags/example_complex.py for tasks to queue
[2025-02-20T13:57:59.127+0000] {logging_mixin.py:190} INFO - [2025-02-20T13:57:59.127+0000] {dagbag.py:588} INFO - Filling up the DagBag from /home/airflow/.local/lib/python3.12/site-packages/airflow/example_dags/example_complex.py
[2025-02-20T13:57:59.144+0000] {processor.py:925} INFO - DAG(s) 'example_complex' retrieved from /home/airflow/.local/lib/python3.12/site-packages/airflow/example_dags/example_complex.py
[2025-02-20T13:57:59.178+0000] {logging_mixin.py:190} INFO - [2025-02-20T13:57:59.178+0000] {dag.py:3239} INFO - Sync 1 DAGs
[2025-02-20T13:57:59.193+0000] {logging_mixin.py:190} INFO - [2025-02-20T13:57:59.193+0000] {dag.py:4180} INFO - Setting next_dagrun for example_complex to None, run_after=None
[2025-02-20T13:57:59.213+0000] {processor.py:208} INFO - Processing /home/airflow/.local/lib/python3.12/site-packages/airflow/example_dags/example_complex.py took 0.093 seconds
[2025-02-20T13:58:29.596+0000] {processor.py:186} INFO - Started process (PID=7540) to work on /home/airflow/.local/lib/python3.12/site-packages/airflow/example_dags/example_complex.py
[2025-02-20T13:58:29.597+0000] {processor.py:914} INFO - Processing file /home/airflow/.local/lib/python3.12/site-packages/airflow/example_dags/example_complex.py for tasks to queue
[2025-02-20T13:58:29.599+0000] {logging_mixin.py:190} INFO - [2025-02-20T13:58:29.598+0000] {dagbag.py:588} INFO - Filling up the DagBag from /home/airflow/.local/lib/python3.12/site-packages/airflow/example_dags/example_complex.py
[2025-02-20T13:58:29.608+0000] {processor.py:925} INFO - DAG(s) 'example_complex' retrieved from /home/airflow/.local/lib/python3.12/site-packages/airflow/example_dags/example_complex.py
[2025-02-20T13:58:29.634+0000] {logging_mixin.py:190} INFO - [2025-02-20T13:58:29.634+0000] {dag.py:3239} INFO - Sync 1 DAGs
[2025-02-20T13:58:29.646+0000] {logging_mixin.py:190} INFO - [2025-02-20T13:58:29.646+0000] {dag.py:4180} INFO - Setting next_dagrun for example_complex to None, run_after=None
[2025-02-20T13:58:29.664+0000] {processor.py:208} INFO - Processing /home/airflow/.local/lib/python3.12/site-packages/airflow/example_dags/example_complex.py took 0.072 seconds
[2025-02-20T13:59:00.239+0000] {processor.py:186} INFO - Started process (PID=7616) to work on /home/airflow/.local/lib/python3.12/site-packages/airflow/example_dags/example_complex.py
[2025-02-20T13:59:00.240+0000] {processor.py:914} INFO - Processing file /home/airflow/.local/lib/python3.12/site-packages/airflow/example_dags/example_complex.py for tasks to queue
[2025-02-20T13:59:00.242+0000] {logging_mixin.py:190} INFO - [2025-02-20T13:59:00.241+0000] {dagbag.py:588} INFO - Filling up the DagBag from /home/airflow/.local/lib/python3.12/site-packages/airflow/example_dags/example_complex.py
[2025-02-20T13:59:00.250+0000] {processor.py:925} INFO - DAG(s) 'example_complex' retrieved from /home/airflow/.local/lib/python3.12/site-packages/airflow/example_dags/example_complex.py
[2025-02-20T13:59:00.277+0000] {logging_mixin.py:190} INFO - [2025-02-20T13:59:00.277+0000] {dag.py:3239} INFO - Sync 1 DAGs
[2025-02-20T13:59:00.289+0000] {logging_mixin.py:190} INFO - [2025-02-20T13:59:00.289+0000] {dag.py:4180} INFO - Setting next_dagrun for example_complex to None, run_after=None
[2025-02-20T13:59:00.309+0000] {processor.py:208} INFO - Processing /home/airflow/.local/lib/python3.12/site-packages/airflow/example_dags/example_complex.py took 0.074 seconds
[2025-02-20T13:59:30.651+0000] {processor.py:186} INFO - Started process (PID=7693) to work on /home/airflow/.local/lib/python3.12/site-packages/airflow/example_dags/example_complex.py
[2025-02-20T13:59:30.652+0000] {processor.py:914} INFO - Processing file /home/airflow/.local/lib/python3.12/site-packages/airflow/example_dags/example_complex.py for tasks to queue
[2025-02-20T13:59:30.653+0000] {logging_mixin.py:190} INFO - [2025-02-20T13:59:30.653+0000] {dagbag.py:588} INFO - Filling up the DagBag from /home/airflow/.local/lib/python3.12/site-packages/airflow/example_dags/example_complex.py
[2025-02-20T13:59:30.663+0000] {processor.py:925} INFO - DAG(s) 'example_complex' retrieved from /home/airflow/.local/lib/python3.12/site-packages/airflow/example_dags/example_complex.py
[2025-02-20T13:59:30.689+0000] {logging_mixin.py:190} INFO - [2025-02-20T13:59:30.689+0000] {dag.py:3239} INFO - Sync 1 DAGs
[2025-02-20T13:59:30.701+0000] {logging_mixin.py:190} INFO - [2025-02-20T13:59:30.701+0000] {dag.py:4180} INFO - Setting next_dagrun for example_complex to None, run_after=None
[2025-02-20T13:59:30.721+0000] {processor.py:208} INFO - Processing /home/airflow/.local/lib/python3.12/site-packages/airflow/example_dags/example_complex.py took 0.074 seconds
[2025-02-20T14:00:00.786+0000] {processor.py:186} INFO - Started process (PID=7769) to work on /home/airflow/.local/lib/python3.12/site-packages/airflow/example_dags/example_complex.py
[2025-02-20T14:00:00.788+0000] {processor.py:914} INFO - Processing file /home/airflow/.local/lib/python3.12/site-packages/airflow/example_dags/example_complex.py for tasks to queue
[2025-02-20T14:00:00.789+0000] {logging_mixin.py:190} INFO - [2025-02-20T14:00:00.789+0000] {dagbag.py:588} INFO - Filling up the DagBag from /home/airflow/.local/lib/python3.12/site-packages/airflow/example_dags/example_complex.py
[2025-02-20T14:00:00.798+0000] {processor.py:925} INFO - DAG(s) 'example_complex' retrieved from /home/airflow/.local/lib/python3.12/site-packages/airflow/example_dags/example_complex.py
[2025-02-20T14:00:00.823+0000] {logging_mixin.py:190} INFO - [2025-02-20T14:00:00.823+0000] {dag.py:3239} INFO - Sync 1 DAGs
[2025-02-20T14:00:00.835+0000] {logging_mixin.py:190} INFO - [2025-02-20T14:00:00.835+0000] {dag.py:4180} INFO - Setting next_dagrun for example_complex to None, run_after=None
[2025-02-20T14:00:00.852+0000] {processor.py:208} INFO - Processing /home/airflow/.local/lib/python3.12/site-packages/airflow/example_dags/example_complex.py took 0.071 seconds
[2025-02-20T14:00:31.024+0000] {processor.py:186} INFO - Started process (PID=7851) to work on /home/airflow/.local/lib/python3.12/site-packages/airflow/example_dags/example_complex.py
[2025-02-20T14:00:31.026+0000] {processor.py:914} INFO - Processing file /home/airflow/.local/lib/python3.12/site-packages/airflow/example_dags/example_complex.py for tasks to queue
[2025-02-20T14:00:31.027+0000] {logging_mixin.py:190} INFO - [2025-02-20T14:00:31.026+0000] {dagbag.py:588} INFO - Filling up the DagBag from /home/airflow/.local/lib/python3.12/site-packages/airflow/example_dags/example_complex.py
[2025-02-20T14:00:31.036+0000] {processor.py:925} INFO - DAG(s) 'example_complex' retrieved from /home/airflow/.local/lib/python3.12/site-packages/airflow/example_dags/example_complex.py
[2025-02-20T14:00:31.060+0000] {logging_mixin.py:190} INFO - [2025-02-20T14:00:31.060+0000] {dag.py:3239} INFO - Sync 1 DAGs
[2025-02-20T14:00:31.071+0000] {logging_mixin.py:190} INFO - [2025-02-20T14:00:31.071+0000] {dag.py:4180} INFO - Setting next_dagrun for example_complex to None, run_after=None
[2025-02-20T14:00:31.087+0000] {processor.py:208} INFO - Processing /home/airflow/.local/lib/python3.12/site-packages/airflow/example_dags/example_complex.py took 0.067 seconds
[2025-02-20T14:01:01.599+0000] {processor.py:186} INFO - Started process (PID=7927) to work on /home/airflow/.local/lib/python3.12/site-packages/airflow/example_dags/example_complex.py
[2025-02-20T14:01:01.600+0000] {processor.py:914} INFO - Processing file /home/airflow/.local/lib/python3.12/site-packages/airflow/example_dags/example_complex.py for tasks to queue
[2025-02-20T14:01:01.602+0000] {logging_mixin.py:190} INFO - [2025-02-20T14:01:01.601+0000] {dagbag.py:588} INFO - Filling up the DagBag from /home/airflow/.local/lib/python3.12/site-packages/airflow/example_dags/example_complex.py
[2025-02-20T14:01:01.612+0000] {processor.py:925} INFO - DAG(s) 'example_complex' retrieved from /home/airflow/.local/lib/python3.12/site-packages/airflow/example_dags/example_complex.py
[2025-02-20T14:01:01.638+0000] {logging_mixin.py:190} INFO - [2025-02-20T14:01:01.638+0000] {dag.py:3239} INFO - Sync 1 DAGs
[2025-02-20T14:01:01.649+0000] {logging_mixin.py:190} INFO - [2025-02-20T14:01:01.649+0000] {dag.py:4180} INFO - Setting next_dagrun for example_complex to None, run_after=None
[2025-02-20T14:01:01.669+0000] {processor.py:208} INFO - Processing /home/airflow/.local/lib/python3.12/site-packages/airflow/example_dags/example_complex.py took 0.074 seconds
[2025-02-20T14:01:31.808+0000] {processor.py:186} INFO - Started process (PID=8003) to work on /home/airflow/.local/lib/python3.12/site-packages/airflow/example_dags/example_complex.py
[2025-02-20T14:01:31.809+0000] {processor.py:914} INFO - Processing file /home/airflow/.local/lib/python3.12/site-packages/airflow/example_dags/example_complex.py for tasks to queue
[2025-02-20T14:01:31.811+0000] {logging_mixin.py:190} INFO - [2025-02-20T14:01:31.810+0000] {dagbag.py:588} INFO - Filling up the DagBag from /home/airflow/.local/lib/python3.12/site-packages/airflow/example_dags/example_complex.py
[2025-02-20T14:01:31.822+0000] {processor.py:925} INFO - DAG(s) 'example_complex' retrieved from /home/airflow/.local/lib/python3.12/site-packages/airflow/example_dags/example_complex.py
[2025-02-20T14:01:31.852+0000] {logging_mixin.py:190} INFO - [2025-02-20T14:01:31.852+0000] {dag.py:3239} INFO - Sync 1 DAGs
[2025-02-20T14:01:31.866+0000] {logging_mixin.py:190} INFO - [2025-02-20T14:01:31.866+0000] {dag.py:4180} INFO - Setting next_dagrun for example_complex to None, run_after=None
[2025-02-20T14:01:31.888+0000] {processor.py:208} INFO - Processing /home/airflow/.local/lib/python3.12/site-packages/airflow/example_dags/example_complex.py took 0.085 seconds
[2025-02-20T14:02:02.121+0000] {processor.py:186} INFO - Started process (PID=8079) to work on /home/airflow/.local/lib/python3.12/site-packages/airflow/example_dags/example_complex.py
[2025-02-20T14:02:02.122+0000] {processor.py:914} INFO - Processing file /home/airflow/.local/lib/python3.12/site-packages/airflow/example_dags/example_complex.py for tasks to queue
[2025-02-20T14:02:02.124+0000] {logging_mixin.py:190} INFO - [2025-02-20T14:02:02.124+0000] {dagbag.py:588} INFO - Filling up the DagBag from /home/airflow/.local/lib/python3.12/site-packages/airflow/example_dags/example_complex.py
[2025-02-20T14:02:02.138+0000] {processor.py:925} INFO - DAG(s) 'example_complex' retrieved from /home/airflow/.local/lib/python3.12/site-packages/airflow/example_dags/example_complex.py
[2025-02-20T14:02:02.170+0000] {logging_mixin.py:190} INFO - [2025-02-20T14:02:02.169+0000] {dag.py:3239} INFO - Sync 1 DAGs
[2025-02-20T14:02:02.182+0000] {logging_mixin.py:190} INFO - [2025-02-20T14:02:02.182+0000] {dag.py:4180} INFO - Setting next_dagrun for example_complex to None, run_after=None
[2025-02-20T14:02:02.202+0000] {processor.py:208} INFO - Processing /home/airflow/.local/lib/python3.12/site-packages/airflow/example_dags/example_complex.py took 0.085 seconds
[2025-02-20T14:02:32.397+0000] {processor.py:186} INFO - Started process (PID=8156) to work on /home/airflow/.local/lib/python3.12/site-packages/airflow/example_dags/example_complex.py
[2025-02-20T14:02:32.398+0000] {processor.py:914} INFO - Processing file /home/airflow/.local/lib/python3.12/site-packages/airflow/example_dags/example_complex.py for tasks to queue
[2025-02-20T14:02:32.399+0000] {logging_mixin.py:190} INFO - [2025-02-20T14:02:32.399+0000] {dagbag.py:588} INFO - Filling up the DagBag from /home/airflow/.local/lib/python3.12/site-packages/airflow/example_dags/example_complex.py
[2025-02-20T14:02:32.408+0000] {processor.py:925} INFO - DAG(s) 'example_complex' retrieved from /home/airflow/.local/lib/python3.12/site-packages/airflow/example_dags/example_complex.py
[2025-02-20T14:02:32.434+0000] {logging_mixin.py:190} INFO - [2025-02-20T14:02:32.433+0000] {dag.py:3239} INFO - Sync 1 DAGs
[2025-02-20T14:02:32.446+0000] {logging_mixin.py:190} INFO - [2025-02-20T14:02:32.446+0000] {dag.py:4180} INFO - Setting next_dagrun for example_complex to None, run_after=None
[2025-02-20T14:02:32.463+0000] {processor.py:208} INFO - Processing /home/airflow/.local/lib/python3.12/site-packages/airflow/example_dags/example_complex.py took 0.071 seconds
[2025-02-20T14:03:03.239+0000] {processor.py:186} INFO - Started process (PID=8220) to work on /home/airflow/.local/lib/python3.12/site-packages/airflow/example_dags/example_complex.py
[2025-02-20T14:03:03.244+0000] {processor.py:914} INFO - Processing file /home/airflow/.local/lib/python3.12/site-packages/airflow/example_dags/example_complex.py for tasks to queue
[2025-02-20T14:03:03.246+0000] {logging_mixin.py:190} INFO - [2025-02-20T14:03:03.246+0000] {dagbag.py:588} INFO - Filling up the DagBag from /home/airflow/.local/lib/python3.12/site-packages/airflow/example_dags/example_complex.py
[2025-02-20T14:03:03.266+0000] {processor.py:925} INFO - DAG(s) 'example_complex' retrieved from /home/airflow/.local/lib/python3.12/site-packages/airflow/example_dags/example_complex.py
[2025-02-20T14:03:03.339+0000] {logging_mixin.py:190} INFO - [2025-02-20T14:03:03.338+0000] {dag.py:3239} INFO - Sync 1 DAGs
[2025-02-20T14:03:03.356+0000] {logging_mixin.py:190} INFO - [2025-02-20T14:03:03.356+0000] {dag.py:4180} INFO - Setting next_dagrun for example_complex to None, run_after=None
[2025-02-20T14:03:03.376+0000] {processor.py:208} INFO - Processing /home/airflow/.local/lib/python3.12/site-packages/airflow/example_dags/example_complex.py took 0.142 seconds
[2025-02-20T14:03:33.680+0000] {processor.py:186} INFO - Started process (PID=8296) to work on /home/airflow/.local/lib/python3.12/site-packages/airflow/example_dags/example_complex.py
[2025-02-20T14:03:33.681+0000] {processor.py:914} INFO - Processing file /home/airflow/.local/lib/python3.12/site-packages/airflow/example_dags/example_complex.py for tasks to queue
[2025-02-20T14:03:33.683+0000] {logging_mixin.py:190} INFO - [2025-02-20T14:03:33.682+0000] {dagbag.py:588} INFO - Filling up the DagBag from /home/airflow/.local/lib/python3.12/site-packages/airflow/example_dags/example_complex.py
[2025-02-20T14:03:33.691+0000] {processor.py:925} INFO - DAG(s) 'example_complex' retrieved from /home/airflow/.local/lib/python3.12/site-packages/airflow/example_dags/example_complex.py
[2025-02-20T14:03:33.716+0000] {logging_mixin.py:190} INFO - [2025-02-20T14:03:33.716+0000] {dag.py:3239} INFO - Sync 1 DAGs
[2025-02-20T14:03:33.728+0000] {logging_mixin.py:190} INFO - [2025-02-20T14:03:33.727+0000] {dag.py:4180} INFO - Setting next_dagrun for example_complex to None, run_after=None
[2025-02-20T14:03:33.746+0000] {processor.py:208} INFO - Processing /home/airflow/.local/lib/python3.12/site-packages/airflow/example_dags/example_complex.py took 0.072 seconds
[2025-02-20T14:44:22.319+0000] {processor.py:186} INFO - Started process (PID=8380) to work on /home/airflow/.local/lib/python3.12/site-packages/airflow/example_dags/example_complex.py
[2025-02-20T14:44:22.321+0000] {processor.py:914} INFO - Processing file /home/airflow/.local/lib/python3.12/site-packages/airflow/example_dags/example_complex.py for tasks to queue
[2025-02-20T14:44:22.323+0000] {logging_mixin.py:190} INFO - [2025-02-20T14:44:22.322+0000] {dagbag.py:588} INFO - Filling up the DagBag from /home/airflow/.local/lib/python3.12/site-packages/airflow/example_dags/example_complex.py
[2025-02-20T14:44:22.334+0000] {processor.py:925} INFO - DAG(s) 'example_complex' retrieved from /home/airflow/.local/lib/python3.12/site-packages/airflow/example_dags/example_complex.py
[2025-02-20T14:44:22.361+0000] {logging_mixin.py:190} INFO - [2025-02-20T14:44:22.361+0000] {dag.py:3239} INFO - Sync 1 DAGs
[2025-02-20T14:44:22.375+0000] {logging_mixin.py:190} INFO - [2025-02-20T14:44:22.374+0000] {dag.py:4180} INFO - Setting next_dagrun for example_complex to None, run_after=None
[2025-02-20T14:44:22.395+0000] {processor.py:208} INFO - Processing /home/airflow/.local/lib/python3.12/site-packages/airflow/example_dags/example_complex.py took 0.080 seconds
[2025-02-20T14:44:53.240+0000] {processor.py:186} INFO - Started process (PID=8456) to work on /home/airflow/.local/lib/python3.12/site-packages/airflow/example_dags/example_complex.py
[2025-02-20T14:44:53.241+0000] {processor.py:914} INFO - Processing file /home/airflow/.local/lib/python3.12/site-packages/airflow/example_dags/example_complex.py for tasks to queue
[2025-02-20T14:44:53.243+0000] {logging_mixin.py:190} INFO - [2025-02-20T14:44:53.243+0000] {dagbag.py:588} INFO - Filling up the DagBag from /home/airflow/.local/lib/python3.12/site-packages/airflow/example_dags/example_complex.py
[2025-02-20T14:44:53.254+0000] {processor.py:925} INFO - DAG(s) 'example_complex' retrieved from /home/airflow/.local/lib/python3.12/site-packages/airflow/example_dags/example_complex.py
[2025-02-20T14:44:53.280+0000] {logging_mixin.py:190} INFO - [2025-02-20T14:44:53.279+0000] {dag.py:3239} INFO - Sync 1 DAGs
[2025-02-20T14:44:53.294+0000] {logging_mixin.py:190} INFO - [2025-02-20T14:44:53.294+0000] {dag.py:4180} INFO - Setting next_dagrun for example_complex to None, run_after=None
[2025-02-20T14:44:53.313+0000] {processor.py:208} INFO - Processing /home/airflow/.local/lib/python3.12/site-packages/airflow/example_dags/example_complex.py took 0.077 seconds
[2025-02-20T14:45:23.620+0000] {processor.py:186} INFO - Started process (PID=8533) to work on /home/airflow/.local/lib/python3.12/site-packages/airflow/example_dags/example_complex.py
[2025-02-20T14:45:23.621+0000] {processor.py:914} INFO - Processing file /home/airflow/.local/lib/python3.12/site-packages/airflow/example_dags/example_complex.py for tasks to queue
[2025-02-20T14:45:23.623+0000] {logging_mixin.py:190} INFO - [2025-02-20T14:45:23.622+0000] {dagbag.py:588} INFO - Filling up the DagBag from /home/airflow/.local/lib/python3.12/site-packages/airflow/example_dags/example_complex.py
[2025-02-20T14:45:23.634+0000] {processor.py:925} INFO - DAG(s) 'example_complex' retrieved from /home/airflow/.local/lib/python3.12/site-packages/airflow/example_dags/example_complex.py
[2025-02-20T14:45:23.661+0000] {logging_mixin.py:190} INFO - [2025-02-20T14:45:23.660+0000] {dag.py:3239} INFO - Sync 1 DAGs
[2025-02-20T14:45:23.673+0000] {logging_mixin.py:190} INFO - [2025-02-20T14:45:23.673+0000] {dag.py:4180} INFO - Setting next_dagrun for example_complex to None, run_after=None
[2025-02-20T14:45:23.691+0000] {processor.py:208} INFO - Processing /home/airflow/.local/lib/python3.12/site-packages/airflow/example_dags/example_complex.py took 0.077 seconds
