[2025-02-20T13:41:21.129+0000] {processor.py:186} INFO - Started process (PID=5010) to work on /home/airflow/.local/lib/python3.12/site-packages/airflow/example_dags/example_task_group_decorator.py
[2025-02-20T13:41:21.131+0000] {processor.py:914} INFO - Processing file /home/airflow/.local/lib/python3.12/site-packages/airflow/example_dags/example_task_group_decorator.py for tasks to queue
[2025-02-20T13:41:21.135+0000] {logging_mixin.py:190} INFO - [2025-02-20T13:41:21.134+0000] {dagbag.py:588} INFO - Filling up the DagBag from /home/airflow/.local/lib/python3.12/site-packages/airflow/example_dags/example_task_group_decorator.py
[2025-02-20T13:41:21.168+0000] {processor.py:925} INFO - DAG(s) 'example_task_group_decorator' retrieved from /home/airflow/.local/lib/python3.12/site-packages/airflow/example_dags/example_task_group_decorator.py
[2025-02-20T13:41:21.209+0000] {logging_mixin.py:190} INFO - [2025-02-20T13:41:21.208+0000] {dag.py:3239} INFO - Sync 1 DAGs
[2025-02-20T13:41:21.237+0000] {logging_mixin.py:190} INFO - [2025-02-20T13:41:21.237+0000] {dag.py:4180} INFO - Setting next_dagrun for example_task_group_decorator to None, run_after=None
[2025-02-20T13:41:21.274+0000] {processor.py:208} INFO - Processing /home/airflow/.local/lib/python3.12/site-packages/airflow/example_dags/example_task_group_decorator.py took 0.163 seconds
[2025-02-20T13:41:52.459+0000] {processor.py:186} INFO - Started process (PID=5086) to work on /home/airflow/.local/lib/python3.12/site-packages/airflow/example_dags/example_task_group_decorator.py
[2025-02-20T13:41:52.461+0000] {processor.py:914} INFO - Processing file /home/airflow/.local/lib/python3.12/site-packages/airflow/example_dags/example_task_group_decorator.py for tasks to queue
[2025-02-20T13:41:52.463+0000] {logging_mixin.py:190} INFO - [2025-02-20T13:41:52.463+0000] {dagbag.py:588} INFO - Filling up the DagBag from /home/airflow/.local/lib/python3.12/site-packages/airflow/example_dags/example_task_group_decorator.py
[2025-02-20T13:41:52.478+0000] {processor.py:925} INFO - DAG(s) 'example_task_group_decorator' retrieved from /home/airflow/.local/lib/python3.12/site-packages/airflow/example_dags/example_task_group_decorator.py
[2025-02-20T13:41:52.507+0000] {logging_mixin.py:190} INFO - [2025-02-20T13:41:52.506+0000] {dag.py:3239} INFO - Sync 1 DAGs
[2025-02-20T13:41:52.525+0000] {logging_mixin.py:190} INFO - [2025-02-20T13:41:52.524+0000] {dag.py:4180} INFO - Setting next_dagrun for example_task_group_decorator to None, run_after=None
[2025-02-20T13:41:52.553+0000] {processor.py:208} INFO - Processing /home/airflow/.local/lib/python3.12/site-packages/airflow/example_dags/example_task_group_decorator.py took 0.099 seconds
[2025-02-20T13:42:22.852+0000] {processor.py:186} INFO - Started process (PID=5162) to work on /home/airflow/.local/lib/python3.12/site-packages/airflow/example_dags/example_task_group_decorator.py
[2025-02-20T13:42:22.853+0000] {processor.py:914} INFO - Processing file /home/airflow/.local/lib/python3.12/site-packages/airflow/example_dags/example_task_group_decorator.py for tasks to queue
[2025-02-20T13:42:22.856+0000] {logging_mixin.py:190} INFO - [2025-02-20T13:42:22.856+0000] {dagbag.py:588} INFO - Filling up the DagBag from /home/airflow/.local/lib/python3.12/site-packages/airflow/example_dags/example_task_group_decorator.py
[2025-02-20T13:42:22.879+0000] {processor.py:925} INFO - DAG(s) 'example_task_group_decorator' retrieved from /home/airflow/.local/lib/python3.12/site-packages/airflow/example_dags/example_task_group_decorator.py
[2025-02-20T13:42:22.921+0000] {logging_mixin.py:190} INFO - [2025-02-20T13:42:22.921+0000] {dag.py:3239} INFO - Sync 1 DAGs
[2025-02-20T13:42:22.947+0000] {logging_mixin.py:190} INFO - [2025-02-20T13:42:22.947+0000] {dag.py:4180} INFO - Setting next_dagrun for example_task_group_decorator to None, run_after=None
[2025-02-20T13:42:22.982+0000] {processor.py:208} INFO - Processing /home/airflow/.local/lib/python3.12/site-packages/airflow/example_dags/example_task_group_decorator.py took 0.138 seconds
[2025-02-20T13:42:53.675+0000] {processor.py:186} INFO - Started process (PID=5238) to work on /home/airflow/.local/lib/python3.12/site-packages/airflow/example_dags/example_task_group_decorator.py
[2025-02-20T13:42:53.677+0000] {processor.py:914} INFO - Processing file /home/airflow/.local/lib/python3.12/site-packages/airflow/example_dags/example_task_group_decorator.py for tasks to queue
[2025-02-20T13:42:53.680+0000] {logging_mixin.py:190} INFO - [2025-02-20T13:42:53.679+0000] {dagbag.py:588} INFO - Filling up the DagBag from /home/airflow/.local/lib/python3.12/site-packages/airflow/example_dags/example_task_group_decorator.py
[2025-02-20T13:42:53.711+0000] {processor.py:925} INFO - DAG(s) 'example_task_group_decorator' retrieved from /home/airflow/.local/lib/python3.12/site-packages/airflow/example_dags/example_task_group_decorator.py
[2025-02-20T13:42:53.765+0000] {logging_mixin.py:190} INFO - [2025-02-20T13:42:53.765+0000] {dag.py:3239} INFO - Sync 1 DAGs
[2025-02-20T13:42:53.795+0000] {logging_mixin.py:190} INFO - [2025-02-20T13:42:53.795+0000] {dag.py:4180} INFO - Setting next_dagrun for example_task_group_decorator to None, run_after=None
[2025-02-20T13:42:53.831+0000] {processor.py:208} INFO - Processing /home/airflow/.local/lib/python3.12/site-packages/airflow/example_dags/example_task_group_decorator.py took 0.163 seconds
[2025-02-20T13:43:24.830+0000] {processor.py:186} INFO - Started process (PID=5315) to work on /home/airflow/.local/lib/python3.12/site-packages/airflow/example_dags/example_task_group_decorator.py
[2025-02-20T13:43:24.832+0000] {processor.py:914} INFO - Processing file /home/airflow/.local/lib/python3.12/site-packages/airflow/example_dags/example_task_group_decorator.py for tasks to queue
[2025-02-20T13:43:24.836+0000] {logging_mixin.py:190} INFO - [2025-02-20T13:43:24.836+0000] {dagbag.py:588} INFO - Filling up the DagBag from /home/airflow/.local/lib/python3.12/site-packages/airflow/example_dags/example_task_group_decorator.py
[2025-02-20T13:43:24.856+0000] {processor.py:925} INFO - DAG(s) 'example_task_group_decorator' retrieved from /home/airflow/.local/lib/python3.12/site-packages/airflow/example_dags/example_task_group_decorator.py
[2025-02-20T13:43:24.885+0000] {logging_mixin.py:190} INFO - [2025-02-20T13:43:24.885+0000] {dag.py:3239} INFO - Sync 1 DAGs
[2025-02-20T13:43:24.903+0000] {logging_mixin.py:190} INFO - [2025-02-20T13:43:24.903+0000] {dag.py:4180} INFO - Setting next_dagrun for example_task_group_decorator to None, run_after=None
[2025-02-20T13:43:24.926+0000] {processor.py:208} INFO - Processing /home/airflow/.local/lib/python3.12/site-packages/airflow/example_dags/example_task_group_decorator.py took 0.101 seconds
[2025-02-20T13:43:55.369+0000] {processor.py:186} INFO - Started process (PID=5390) to work on /home/airflow/.local/lib/python3.12/site-packages/airflow/example_dags/example_task_group_decorator.py
[2025-02-20T13:43:55.370+0000] {processor.py:914} INFO - Processing file /home/airflow/.local/lib/python3.12/site-packages/airflow/example_dags/example_task_group_decorator.py for tasks to queue
[2025-02-20T13:43:55.371+0000] {logging_mixin.py:190} INFO - [2025-02-20T13:43:55.371+0000] {dagbag.py:588} INFO - Filling up the DagBag from /home/airflow/.local/lib/python3.12/site-packages/airflow/example_dags/example_task_group_decorator.py
[2025-02-20T13:43:55.388+0000] {processor.py:925} INFO - DAG(s) 'example_task_group_decorator' retrieved from /home/airflow/.local/lib/python3.12/site-packages/airflow/example_dags/example_task_group_decorator.py
[2025-02-20T13:43:55.421+0000] {logging_mixin.py:190} INFO - [2025-02-20T13:43:55.420+0000] {dag.py:3239} INFO - Sync 1 DAGs
[2025-02-20T13:43:55.438+0000] {logging_mixin.py:190} INFO - [2025-02-20T13:43:55.437+0000] {dag.py:4180} INFO - Setting next_dagrun for example_task_group_decorator to None, run_after=None
[2025-02-20T13:43:55.466+0000] {processor.py:208} INFO - Processing /home/airflow/.local/lib/python3.12/site-packages/airflow/example_dags/example_task_group_decorator.py took 0.103 seconds
[2025-02-20T13:44:26.076+0000] {processor.py:186} INFO - Started process (PID=5466) to work on /home/airflow/.local/lib/python3.12/site-packages/airflow/example_dags/example_task_group_decorator.py
[2025-02-20T13:44:26.078+0000] {processor.py:914} INFO - Processing file /home/airflow/.local/lib/python3.12/site-packages/airflow/example_dags/example_task_group_decorator.py for tasks to queue
[2025-02-20T13:44:26.079+0000] {logging_mixin.py:190} INFO - [2025-02-20T13:44:26.079+0000] {dagbag.py:588} INFO - Filling up the DagBag from /home/airflow/.local/lib/python3.12/site-packages/airflow/example_dags/example_task_group_decorator.py
[2025-02-20T13:44:26.094+0000] {processor.py:925} INFO - DAG(s) 'example_task_group_decorator' retrieved from /home/airflow/.local/lib/python3.12/site-packages/airflow/example_dags/example_task_group_decorator.py
[2025-02-20T13:44:26.114+0000] {logging_mixin.py:190} INFO - [2025-02-20T13:44:26.114+0000] {dag.py:3239} INFO - Sync 1 DAGs
[2025-02-20T13:44:26.127+0000] {logging_mixin.py:190} INFO - [2025-02-20T13:44:26.127+0000] {dag.py:4180} INFO - Setting next_dagrun for example_task_group_decorator to None, run_after=None
[2025-02-20T13:44:26.149+0000] {processor.py:208} INFO - Processing /home/airflow/.local/lib/python3.12/site-packages/airflow/example_dags/example_task_group_decorator.py took 0.077 seconds
[2025-02-20T13:44:56.681+0000] {processor.py:186} INFO - Started process (PID=5542) to work on /home/airflow/.local/lib/python3.12/site-packages/airflow/example_dags/example_task_group_decorator.py
[2025-02-20T13:44:56.682+0000] {processor.py:914} INFO - Processing file /home/airflow/.local/lib/python3.12/site-packages/airflow/example_dags/example_task_group_decorator.py for tasks to queue
[2025-02-20T13:44:56.684+0000] {logging_mixin.py:190} INFO - [2025-02-20T13:44:56.684+0000] {dagbag.py:588} INFO - Filling up the DagBag from /home/airflow/.local/lib/python3.12/site-packages/airflow/example_dags/example_task_group_decorator.py
[2025-02-20T13:44:56.704+0000] {processor.py:925} INFO - DAG(s) 'example_task_group_decorator' retrieved from /home/airflow/.local/lib/python3.12/site-packages/airflow/example_dags/example_task_group_decorator.py
[2025-02-20T13:44:56.742+0000] {logging_mixin.py:190} INFO - [2025-02-20T13:44:56.742+0000] {dag.py:3239} INFO - Sync 1 DAGs
[2025-02-20T13:44:56.766+0000] {logging_mixin.py:190} INFO - [2025-02-20T13:44:56.766+0000] {dag.py:4180} INFO - Setting next_dagrun for example_task_group_decorator to None, run_after=None
[2025-02-20T13:44:56.791+0000] {processor.py:208} INFO - Processing /home/airflow/.local/lib/python3.12/site-packages/airflow/example_dags/example_task_group_decorator.py took 0.118 seconds
[2025-02-20T13:45:26.990+0000] {processor.py:186} INFO - Started process (PID=5617) to work on /home/airflow/.local/lib/python3.12/site-packages/airflow/example_dags/example_task_group_decorator.py
[2025-02-20T13:45:26.991+0000] {processor.py:914} INFO - Processing file /home/airflow/.local/lib/python3.12/site-packages/airflow/example_dags/example_task_group_decorator.py for tasks to queue
[2025-02-20T13:45:26.992+0000] {logging_mixin.py:190} INFO - [2025-02-20T13:45:26.992+0000] {dagbag.py:588} INFO - Filling up the DagBag from /home/airflow/.local/lib/python3.12/site-packages/airflow/example_dags/example_task_group_decorator.py
[2025-02-20T13:45:27.003+0000] {processor.py:925} INFO - DAG(s) 'example_task_group_decorator' retrieved from /home/airflow/.local/lib/python3.12/site-packages/airflow/example_dags/example_task_group_decorator.py
[2025-02-20T13:45:27.022+0000] {logging_mixin.py:190} INFO - [2025-02-20T13:45:27.022+0000] {dag.py:3239} INFO - Sync 1 DAGs
[2025-02-20T13:45:27.033+0000] {logging_mixin.py:190} INFO - [2025-02-20T13:45:27.033+0000] {dag.py:4180} INFO - Setting next_dagrun for example_task_group_decorator to None, run_after=None
[2025-02-20T13:45:27.058+0000] {processor.py:208} INFO - Processing /home/airflow/.local/lib/python3.12/site-packages/airflow/example_dags/example_task_group_decorator.py took 0.073 seconds
[2025-02-20T13:45:57.308+0000] {processor.py:186} INFO - Started process (PID=5694) to work on /home/airflow/.local/lib/python3.12/site-packages/airflow/example_dags/example_task_group_decorator.py
[2025-02-20T13:45:57.310+0000] {processor.py:914} INFO - Processing file /home/airflow/.local/lib/python3.12/site-packages/airflow/example_dags/example_task_group_decorator.py for tasks to queue
[2025-02-20T13:45:57.312+0000] {logging_mixin.py:190} INFO - [2025-02-20T13:45:57.311+0000] {dagbag.py:588} INFO - Filling up the DagBag from /home/airflow/.local/lib/python3.12/site-packages/airflow/example_dags/example_task_group_decorator.py
[2025-02-20T13:45:57.324+0000] {processor.py:925} INFO - DAG(s) 'example_task_group_decorator' retrieved from /home/airflow/.local/lib/python3.12/site-packages/airflow/example_dags/example_task_group_decorator.py
[2025-02-20T13:45:57.346+0000] {logging_mixin.py:190} INFO - [2025-02-20T13:45:57.345+0000] {dag.py:3239} INFO - Sync 1 DAGs
[2025-02-20T13:45:57.358+0000] {logging_mixin.py:190} INFO - [2025-02-20T13:45:57.357+0000] {dag.py:4180} INFO - Setting next_dagrun for example_task_group_decorator to None, run_after=None
[2025-02-20T13:45:57.377+0000] {processor.py:208} INFO - Processing /home/airflow/.local/lib/python3.12/site-packages/airflow/example_dags/example_task_group_decorator.py took 0.073 seconds
[2025-02-20T13:46:27.797+0000] {processor.py:186} INFO - Started process (PID=5770) to work on /home/airflow/.local/lib/python3.12/site-packages/airflow/example_dags/example_task_group_decorator.py
[2025-02-20T13:46:27.799+0000] {processor.py:914} INFO - Processing file /home/airflow/.local/lib/python3.12/site-packages/airflow/example_dags/example_task_group_decorator.py for tasks to queue
[2025-02-20T13:46:27.801+0000] {logging_mixin.py:190} INFO - [2025-02-20T13:46:27.800+0000] {dagbag.py:588} INFO - Filling up the DagBag from /home/airflow/.local/lib/python3.12/site-packages/airflow/example_dags/example_task_group_decorator.py
[2025-02-20T13:46:27.815+0000] {processor.py:925} INFO - DAG(s) 'example_task_group_decorator' retrieved from /home/airflow/.local/lib/python3.12/site-packages/airflow/example_dags/example_task_group_decorator.py
[2025-02-20T13:46:27.838+0000] {logging_mixin.py:190} INFO - [2025-02-20T13:46:27.837+0000] {dag.py:3239} INFO - Sync 1 DAGs
[2025-02-20T13:46:27.851+0000] {logging_mixin.py:190} INFO - [2025-02-20T13:46:27.850+0000] {dag.py:4180} INFO - Setting next_dagrun for example_task_group_decorator to None, run_after=None
[2025-02-20T13:46:27.870+0000] {processor.py:208} INFO - Processing /home/airflow/.local/lib/python3.12/site-packages/airflow/example_dags/example_task_group_decorator.py took 0.077 seconds
[2025-02-20T13:46:57.969+0000] {processor.py:186} INFO - Started process (PID=5851) to work on /home/airflow/.local/lib/python3.12/site-packages/airflow/example_dags/example_task_group_decorator.py
[2025-02-20T13:46:57.970+0000] {processor.py:914} INFO - Processing file /home/airflow/.local/lib/python3.12/site-packages/airflow/example_dags/example_task_group_decorator.py for tasks to queue
[2025-02-20T13:46:57.972+0000] {logging_mixin.py:190} INFO - [2025-02-20T13:46:57.971+0000] {dagbag.py:588} INFO - Filling up the DagBag from /home/airflow/.local/lib/python3.12/site-packages/airflow/example_dags/example_task_group_decorator.py
[2025-02-20T13:46:57.986+0000] {processor.py:925} INFO - DAG(s) 'example_task_group_decorator' retrieved from /home/airflow/.local/lib/python3.12/site-packages/airflow/example_dags/example_task_group_decorator.py
[2025-02-20T13:46:58.011+0000] {logging_mixin.py:190} INFO - [2025-02-20T13:46:58.011+0000] {dag.py:3239} INFO - Sync 1 DAGs
[2025-02-20T13:46:58.024+0000] {logging_mixin.py:190} INFO - [2025-02-20T13:46:58.023+0000] {dag.py:4180} INFO - Setting next_dagrun for example_task_group_decorator to None, run_after=None
[2025-02-20T13:46:58.041+0000] {processor.py:208} INFO - Processing /home/airflow/.local/lib/python3.12/site-packages/airflow/example_dags/example_task_group_decorator.py took 0.077 seconds
[2025-02-20T13:47:28.272+0000] {processor.py:186} INFO - Started process (PID=5926) to work on /home/airflow/.local/lib/python3.12/site-packages/airflow/example_dags/example_task_group_decorator.py
[2025-02-20T13:47:28.274+0000] {processor.py:914} INFO - Processing file /home/airflow/.local/lib/python3.12/site-packages/airflow/example_dags/example_task_group_decorator.py for tasks to queue
[2025-02-20T13:47:28.278+0000] {logging_mixin.py:190} INFO - [2025-02-20T13:47:28.276+0000] {dagbag.py:588} INFO - Filling up the DagBag from /home/airflow/.local/lib/python3.12/site-packages/airflow/example_dags/example_task_group_decorator.py
[2025-02-20T13:47:28.315+0000] {processor.py:925} INFO - DAG(s) 'example_task_group_decorator' retrieved from /home/airflow/.local/lib/python3.12/site-packages/airflow/example_dags/example_task_group_decorator.py
[2025-02-20T13:47:28.353+0000] {logging_mixin.py:190} INFO - [2025-02-20T13:47:28.353+0000] {dag.py:3239} INFO - Sync 1 DAGs
[2025-02-20T13:47:28.381+0000] {logging_mixin.py:190} INFO - [2025-02-20T13:47:28.381+0000] {dag.py:4180} INFO - Setting next_dagrun for example_task_group_decorator to None, run_after=None
[2025-02-20T13:47:28.413+0000] {processor.py:208} INFO - Processing /home/airflow/.local/lib/python3.12/site-packages/airflow/example_dags/example_task_group_decorator.py took 0.150 seconds
[2025-02-20T13:47:59.339+0000] {processor.py:186} INFO - Started process (PID=6002) to work on /home/airflow/.local/lib/python3.12/site-packages/airflow/example_dags/example_task_group_decorator.py
[2025-02-20T13:47:59.340+0000] {processor.py:914} INFO - Processing file /home/airflow/.local/lib/python3.12/site-packages/airflow/example_dags/example_task_group_decorator.py for tasks to queue
[2025-02-20T13:47:59.342+0000] {logging_mixin.py:190} INFO - [2025-02-20T13:47:59.342+0000] {dagbag.py:588} INFO - Filling up the DagBag from /home/airflow/.local/lib/python3.12/site-packages/airflow/example_dags/example_task_group_decorator.py
[2025-02-20T13:47:59.365+0000] {processor.py:925} INFO - DAG(s) 'example_task_group_decorator' retrieved from /home/airflow/.local/lib/python3.12/site-packages/airflow/example_dags/example_task_group_decorator.py
[2025-02-20T13:47:59.399+0000] {logging_mixin.py:190} INFO - [2025-02-20T13:47:59.399+0000] {dag.py:3239} INFO - Sync 1 DAGs
[2025-02-20T13:47:59.419+0000] {logging_mixin.py:190} INFO - [2025-02-20T13:47:59.418+0000] {dag.py:4180} INFO - Setting next_dagrun for example_task_group_decorator to None, run_after=None
[2025-02-20T13:47:59.445+0000] {processor.py:208} INFO - Processing /home/airflow/.local/lib/python3.12/site-packages/airflow/example_dags/example_task_group_decorator.py took 0.116 seconds
[2025-02-20T13:48:30.262+0000] {processor.py:186} INFO - Started process (PID=6077) to work on /home/airflow/.local/lib/python3.12/site-packages/airflow/example_dags/example_task_group_decorator.py
[2025-02-20T13:48:30.264+0000] {processor.py:914} INFO - Processing file /home/airflow/.local/lib/python3.12/site-packages/airflow/example_dags/example_task_group_decorator.py for tasks to queue
[2025-02-20T13:48:30.265+0000] {logging_mixin.py:190} INFO - [2025-02-20T13:48:30.265+0000] {dagbag.py:588} INFO - Filling up the DagBag from /home/airflow/.local/lib/python3.12/site-packages/airflow/example_dags/example_task_group_decorator.py
[2025-02-20T13:48:30.278+0000] {processor.py:925} INFO - DAG(s) 'example_task_group_decorator' retrieved from /home/airflow/.local/lib/python3.12/site-packages/airflow/example_dags/example_task_group_decorator.py
[2025-02-20T13:48:30.300+0000] {logging_mixin.py:190} INFO - [2025-02-20T13:48:30.300+0000] {dag.py:3239} INFO - Sync 1 DAGs
[2025-02-20T13:48:30.313+0000] {logging_mixin.py:190} INFO - [2025-02-20T13:48:30.313+0000] {dag.py:4180} INFO - Setting next_dagrun for example_task_group_decorator to None, run_after=None
[2025-02-20T13:48:30.331+0000] {processor.py:208} INFO - Processing /home/airflow/.local/lib/python3.12/site-packages/airflow/example_dags/example_task_group_decorator.py took 0.073 seconds
[2025-02-20T13:49:00.484+0000] {processor.py:186} INFO - Started process (PID=6141) to work on /home/airflow/.local/lib/python3.12/site-packages/airflow/example_dags/example_task_group_decorator.py
[2025-02-20T13:49:00.486+0000] {processor.py:914} INFO - Processing file /home/airflow/.local/lib/python3.12/site-packages/airflow/example_dags/example_task_group_decorator.py for tasks to queue
[2025-02-20T13:49:00.487+0000] {logging_mixin.py:190} INFO - [2025-02-20T13:49:00.487+0000] {dagbag.py:588} INFO - Filling up the DagBag from /home/airflow/.local/lib/python3.12/site-packages/airflow/example_dags/example_task_group_decorator.py
[2025-02-20T13:49:00.500+0000] {processor.py:925} INFO - DAG(s) 'example_task_group_decorator' retrieved from /home/airflow/.local/lib/python3.12/site-packages/airflow/example_dags/example_task_group_decorator.py
[2025-02-20T13:49:00.522+0000] {logging_mixin.py:190} INFO - [2025-02-20T13:49:00.522+0000] {dag.py:3239} INFO - Sync 1 DAGs
[2025-02-20T13:49:00.536+0000] {logging_mixin.py:190} INFO - [2025-02-20T13:49:00.536+0000] {dag.py:4180} INFO - Setting next_dagrun for example_task_group_decorator to None, run_after=None
[2025-02-20T13:49:00.555+0000] {processor.py:208} INFO - Processing /home/airflow/.local/lib/python3.12/site-packages/airflow/example_dags/example_task_group_decorator.py took 0.076 seconds
[2025-02-20T13:49:30.777+0000] {processor.py:186} INFO - Started process (PID=6217) to work on /home/airflow/.local/lib/python3.12/site-packages/airflow/example_dags/example_task_group_decorator.py
[2025-02-20T13:49:30.780+0000] {processor.py:914} INFO - Processing file /home/airflow/.local/lib/python3.12/site-packages/airflow/example_dags/example_task_group_decorator.py for tasks to queue
[2025-02-20T13:49:30.782+0000] {logging_mixin.py:190} INFO - [2025-02-20T13:49:30.781+0000] {dagbag.py:588} INFO - Filling up the DagBag from /home/airflow/.local/lib/python3.12/site-packages/airflow/example_dags/example_task_group_decorator.py
[2025-02-20T13:49:30.798+0000] {processor.py:925} INFO - DAG(s) 'example_task_group_decorator' retrieved from /home/airflow/.local/lib/python3.12/site-packages/airflow/example_dags/example_task_group_decorator.py
[2025-02-20T13:49:30.833+0000] {logging_mixin.py:190} INFO - [2025-02-20T13:49:30.833+0000] {dag.py:3239} INFO - Sync 1 DAGs
[2025-02-20T13:49:30.847+0000] {logging_mixin.py:190} INFO - [2025-02-20T13:49:30.846+0000] {dag.py:4180} INFO - Setting next_dagrun for example_task_group_decorator to None, run_after=None
[2025-02-20T13:49:30.867+0000] {processor.py:208} INFO - Processing /home/airflow/.local/lib/python3.12/site-packages/airflow/example_dags/example_task_group_decorator.py took 0.094 seconds
[2025-02-20T13:50:01.350+0000] {processor.py:186} INFO - Started process (PID=6293) to work on /home/airflow/.local/lib/python3.12/site-packages/airflow/example_dags/example_task_group_decorator.py
[2025-02-20T13:50:01.352+0000] {processor.py:914} INFO - Processing file /home/airflow/.local/lib/python3.12/site-packages/airflow/example_dags/example_task_group_decorator.py for tasks to queue
[2025-02-20T13:50:01.353+0000] {logging_mixin.py:190} INFO - [2025-02-20T13:50:01.353+0000] {dagbag.py:588} INFO - Filling up the DagBag from /home/airflow/.local/lib/python3.12/site-packages/airflow/example_dags/example_task_group_decorator.py
[2025-02-20T13:50:01.369+0000] {processor.py:925} INFO - DAG(s) 'example_task_group_decorator' retrieved from /home/airflow/.local/lib/python3.12/site-packages/airflow/example_dags/example_task_group_decorator.py
[2025-02-20T13:50:01.393+0000] {logging_mixin.py:190} INFO - [2025-02-20T13:50:01.393+0000] {dag.py:3239} INFO - Sync 1 DAGs
[2025-02-20T13:50:01.407+0000] {logging_mixin.py:190} INFO - [2025-02-20T13:50:01.406+0000] {dag.py:4180} INFO - Setting next_dagrun for example_task_group_decorator to None, run_after=None
[2025-02-20T13:50:01.424+0000] {processor.py:208} INFO - Processing /home/airflow/.local/lib/python3.12/site-packages/airflow/example_dags/example_task_group_decorator.py took 0.080 seconds
[2025-02-20T13:50:31.658+0000] {processor.py:186} INFO - Started process (PID=6369) to work on /home/airflow/.local/lib/python3.12/site-packages/airflow/example_dags/example_task_group_decorator.py
[2025-02-20T13:50:31.660+0000] {processor.py:914} INFO - Processing file /home/airflow/.local/lib/python3.12/site-packages/airflow/example_dags/example_task_group_decorator.py for tasks to queue
[2025-02-20T13:50:31.662+0000] {logging_mixin.py:190} INFO - [2025-02-20T13:50:31.661+0000] {dagbag.py:588} INFO - Filling up the DagBag from /home/airflow/.local/lib/python3.12/site-packages/airflow/example_dags/example_task_group_decorator.py
[2025-02-20T13:50:31.675+0000] {processor.py:925} INFO - DAG(s) 'example_task_group_decorator' retrieved from /home/airflow/.local/lib/python3.12/site-packages/airflow/example_dags/example_task_group_decorator.py
[2025-02-20T13:50:31.697+0000] {logging_mixin.py:190} INFO - [2025-02-20T13:50:31.697+0000] {dag.py:3239} INFO - Sync 1 DAGs
[2025-02-20T13:50:31.709+0000] {logging_mixin.py:190} INFO - [2025-02-20T13:50:31.708+0000] {dag.py:4180} INFO - Setting next_dagrun for example_task_group_decorator to None, run_after=None
[2025-02-20T13:50:31.726+0000] {processor.py:208} INFO - Processing /home/airflow/.local/lib/python3.12/site-packages/airflow/example_dags/example_task_group_decorator.py took 0.073 seconds
[2025-02-20T13:51:01.925+0000] {processor.py:186} INFO - Started process (PID=6445) to work on /home/airflow/.local/lib/python3.12/site-packages/airflow/example_dags/example_task_group_decorator.py
[2025-02-20T13:51:01.927+0000] {processor.py:914} INFO - Processing file /home/airflow/.local/lib/python3.12/site-packages/airflow/example_dags/example_task_group_decorator.py for tasks to queue
[2025-02-20T13:51:01.929+0000] {logging_mixin.py:190} INFO - [2025-02-20T13:51:01.929+0000] {dagbag.py:588} INFO - Filling up the DagBag from /home/airflow/.local/lib/python3.12/site-packages/airflow/example_dags/example_task_group_decorator.py
[2025-02-20T13:51:01.942+0000] {processor.py:925} INFO - DAG(s) 'example_task_group_decorator' retrieved from /home/airflow/.local/lib/python3.12/site-packages/airflow/example_dags/example_task_group_decorator.py
[2025-02-20T13:51:01.963+0000] {logging_mixin.py:190} INFO - [2025-02-20T13:51:01.963+0000] {dag.py:3239} INFO - Sync 1 DAGs
[2025-02-20T13:51:01.978+0000] {logging_mixin.py:190} INFO - [2025-02-20T13:51:01.978+0000] {dag.py:4180} INFO - Setting next_dagrun for example_task_group_decorator to None, run_after=None
[2025-02-20T13:51:01.997+0000] {processor.py:208} INFO - Processing /home/airflow/.local/lib/python3.12/site-packages/airflow/example_dags/example_task_group_decorator.py took 0.076 seconds
[2025-02-20T13:51:32.247+0000] {processor.py:186} INFO - Started process (PID=6521) to work on /home/airflow/.local/lib/python3.12/site-packages/airflow/example_dags/example_task_group_decorator.py
[2025-02-20T13:51:32.249+0000] {processor.py:914} INFO - Processing file /home/airflow/.local/lib/python3.12/site-packages/airflow/example_dags/example_task_group_decorator.py for tasks to queue
[2025-02-20T13:51:32.250+0000] {logging_mixin.py:190} INFO - [2025-02-20T13:51:32.250+0000] {dagbag.py:588} INFO - Filling up the DagBag from /home/airflow/.local/lib/python3.12/site-packages/airflow/example_dags/example_task_group_decorator.py
[2025-02-20T13:51:32.263+0000] {processor.py:925} INFO - DAG(s) 'example_task_group_decorator' retrieved from /home/airflow/.local/lib/python3.12/site-packages/airflow/example_dags/example_task_group_decorator.py
[2025-02-20T13:51:32.285+0000] {logging_mixin.py:190} INFO - [2025-02-20T13:51:32.285+0000] {dag.py:3239} INFO - Sync 1 DAGs
[2025-02-20T13:51:32.299+0000] {logging_mixin.py:190} INFO - [2025-02-20T13:51:32.298+0000] {dag.py:4180} INFO - Setting next_dagrun for example_task_group_decorator to None, run_after=None
[2025-02-20T13:51:32.317+0000] {processor.py:208} INFO - Processing /home/airflow/.local/lib/python3.12/site-packages/airflow/example_dags/example_task_group_decorator.py took 0.074 seconds
[2025-02-20T13:52:02.740+0000] {processor.py:186} INFO - Started process (PID=6596) to work on /home/airflow/.local/lib/python3.12/site-packages/airflow/example_dags/example_task_group_decorator.py
[2025-02-20T13:52:02.741+0000] {processor.py:914} INFO - Processing file /home/airflow/.local/lib/python3.12/site-packages/airflow/example_dags/example_task_group_decorator.py for tasks to queue
[2025-02-20T13:52:02.742+0000] {logging_mixin.py:190} INFO - [2025-02-20T13:52:02.742+0000] {dagbag.py:588} INFO - Filling up the DagBag from /home/airflow/.local/lib/python3.12/site-packages/airflow/example_dags/example_task_group_decorator.py
[2025-02-20T13:52:02.754+0000] {processor.py:925} INFO - DAG(s) 'example_task_group_decorator' retrieved from /home/airflow/.local/lib/python3.12/site-packages/airflow/example_dags/example_task_group_decorator.py
[2025-02-20T13:52:02.789+0000] {logging_mixin.py:190} INFO - [2025-02-20T13:52:02.789+0000] {dag.py:3239} INFO - Sync 1 DAGs
[2025-02-20T13:52:02.802+0000] {logging_mixin.py:190} INFO - [2025-02-20T13:52:02.801+0000] {dag.py:4180} INFO - Setting next_dagrun for example_task_group_decorator to None, run_after=None
[2025-02-20T13:52:02.820+0000] {processor.py:208} INFO - Processing /home/airflow/.local/lib/python3.12/site-packages/airflow/example_dags/example_task_group_decorator.py took 0.084 seconds
[2025-02-20T13:52:33.862+0000] {processor.py:186} INFO - Started process (PID=6673) to work on /home/airflow/.local/lib/python3.12/site-packages/airflow/example_dags/example_task_group_decorator.py
[2025-02-20T13:52:33.863+0000] {processor.py:914} INFO - Processing file /home/airflow/.local/lib/python3.12/site-packages/airflow/example_dags/example_task_group_decorator.py for tasks to queue
[2025-02-20T13:52:33.864+0000] {logging_mixin.py:190} INFO - [2025-02-20T13:52:33.864+0000] {dagbag.py:588} INFO - Filling up the DagBag from /home/airflow/.local/lib/python3.12/site-packages/airflow/example_dags/example_task_group_decorator.py
[2025-02-20T13:52:33.879+0000] {processor.py:925} INFO - DAG(s) 'example_task_group_decorator' retrieved from /home/airflow/.local/lib/python3.12/site-packages/airflow/example_dags/example_task_group_decorator.py
[2025-02-20T13:52:33.902+0000] {logging_mixin.py:190} INFO - [2025-02-20T13:52:33.901+0000] {dag.py:3239} INFO - Sync 1 DAGs
[2025-02-20T13:52:33.938+0000] {logging_mixin.py:190} INFO - [2025-02-20T13:52:33.938+0000] {dag.py:4180} INFO - Setting next_dagrun for example_task_group_decorator to None, run_after=None
[2025-02-20T13:52:33.956+0000] {processor.py:208} INFO - Processing /home/airflow/.local/lib/python3.12/site-packages/airflow/example_dags/example_task_group_decorator.py took 0.098 seconds
[2025-02-20T13:53:04.373+0000] {processor.py:186} INFO - Started process (PID=6748) to work on /home/airflow/.local/lib/python3.12/site-packages/airflow/example_dags/example_task_group_decorator.py
[2025-02-20T13:53:04.374+0000] {processor.py:914} INFO - Processing file /home/airflow/.local/lib/python3.12/site-packages/airflow/example_dags/example_task_group_decorator.py for tasks to queue
[2025-02-20T13:53:04.376+0000] {logging_mixin.py:190} INFO - [2025-02-20T13:53:04.376+0000] {dagbag.py:588} INFO - Filling up the DagBag from /home/airflow/.local/lib/python3.12/site-packages/airflow/example_dags/example_task_group_decorator.py
[2025-02-20T13:53:04.389+0000] {processor.py:925} INFO - DAG(s) 'example_task_group_decorator' retrieved from /home/airflow/.local/lib/python3.12/site-packages/airflow/example_dags/example_task_group_decorator.py
[2025-02-20T13:53:04.410+0000] {logging_mixin.py:190} INFO - [2025-02-20T13:53:04.410+0000] {dag.py:3239} INFO - Sync 1 DAGs
[2025-02-20T13:53:04.421+0000] {logging_mixin.py:190} INFO - [2025-02-20T13:53:04.421+0000] {dag.py:4180} INFO - Setting next_dagrun for example_task_group_decorator to None, run_after=None
[2025-02-20T13:53:04.440+0000] {processor.py:208} INFO - Processing /home/airflow/.local/lib/python3.12/site-packages/airflow/example_dags/example_task_group_decorator.py took 0.072 seconds
[2025-02-20T13:53:34.922+0000] {processor.py:186} INFO - Started process (PID=6823) to work on /home/airflow/.local/lib/python3.12/site-packages/airflow/example_dags/example_task_group_decorator.py
[2025-02-20T13:53:34.923+0000] {processor.py:914} INFO - Processing file /home/airflow/.local/lib/python3.12/site-packages/airflow/example_dags/example_task_group_decorator.py for tasks to queue
[2025-02-20T13:53:34.924+0000] {logging_mixin.py:190} INFO - [2025-02-20T13:53:34.924+0000] {dagbag.py:588} INFO - Filling up the DagBag from /home/airflow/.local/lib/python3.12/site-packages/airflow/example_dags/example_task_group_decorator.py
[2025-02-20T13:53:34.939+0000] {processor.py:925} INFO - DAG(s) 'example_task_group_decorator' retrieved from /home/airflow/.local/lib/python3.12/site-packages/airflow/example_dags/example_task_group_decorator.py
[2025-02-20T13:53:34.965+0000] {logging_mixin.py:190} INFO - [2025-02-20T13:53:34.965+0000] {dag.py:3239} INFO - Sync 1 DAGs
[2025-02-20T13:53:34.980+0000] {logging_mixin.py:190} INFO - [2025-02-20T13:53:34.980+0000] {dag.py:4180} INFO - Setting next_dagrun for example_task_group_decorator to None, run_after=None
[2025-02-20T13:53:35.000+0000] {processor.py:208} INFO - Processing /home/airflow/.local/lib/python3.12/site-packages/airflow/example_dags/example_task_group_decorator.py took 0.084 seconds
[2025-02-20T13:54:05.423+0000] {processor.py:186} INFO - Started process (PID=6899) to work on /home/airflow/.local/lib/python3.12/site-packages/airflow/example_dags/example_task_group_decorator.py
[2025-02-20T13:54:05.424+0000] {processor.py:914} INFO - Processing file /home/airflow/.local/lib/python3.12/site-packages/airflow/example_dags/example_task_group_decorator.py for tasks to queue
[2025-02-20T13:54:05.426+0000] {logging_mixin.py:190} INFO - [2025-02-20T13:54:05.425+0000] {dagbag.py:588} INFO - Filling up the DagBag from /home/airflow/.local/lib/python3.12/site-packages/airflow/example_dags/example_task_group_decorator.py
[2025-02-20T13:54:05.438+0000] {processor.py:925} INFO - DAG(s) 'example_task_group_decorator' retrieved from /home/airflow/.local/lib/python3.12/site-packages/airflow/example_dags/example_task_group_decorator.py
[2025-02-20T13:54:05.460+0000] {logging_mixin.py:190} INFO - [2025-02-20T13:54:05.459+0000] {dag.py:3239} INFO - Sync 1 DAGs
[2025-02-20T13:54:05.472+0000] {logging_mixin.py:190} INFO - [2025-02-20T13:54:05.472+0000] {dag.py:4180} INFO - Setting next_dagrun for example_task_group_decorator to None, run_after=None
[2025-02-20T13:54:05.489+0000] {processor.py:208} INFO - Processing /home/airflow/.local/lib/python3.12/site-packages/airflow/example_dags/example_task_group_decorator.py took 0.070 seconds
[2025-02-20T13:54:35.922+0000] {processor.py:186} INFO - Started process (PID=6975) to work on /home/airflow/.local/lib/python3.12/site-packages/airflow/example_dags/example_task_group_decorator.py
[2025-02-20T13:54:35.923+0000] {processor.py:914} INFO - Processing file /home/airflow/.local/lib/python3.12/site-packages/airflow/example_dags/example_task_group_decorator.py for tasks to queue
[2025-02-20T13:54:35.925+0000] {logging_mixin.py:190} INFO - [2025-02-20T13:54:35.924+0000] {dagbag.py:588} INFO - Filling up the DagBag from /home/airflow/.local/lib/python3.12/site-packages/airflow/example_dags/example_task_group_decorator.py
[2025-02-20T13:54:35.937+0000] {processor.py:925} INFO - DAG(s) 'example_task_group_decorator' retrieved from /home/airflow/.local/lib/python3.12/site-packages/airflow/example_dags/example_task_group_decorator.py
[2025-02-20T13:54:35.960+0000] {logging_mixin.py:190} INFO - [2025-02-20T13:54:35.960+0000] {dag.py:3239} INFO - Sync 1 DAGs
[2025-02-20T13:54:35.974+0000] {logging_mixin.py:190} INFO - [2025-02-20T13:54:35.974+0000] {dag.py:4180} INFO - Setting next_dagrun for example_task_group_decorator to None, run_after=None
[2025-02-20T13:54:35.994+0000] {processor.py:208} INFO - Processing /home/airflow/.local/lib/python3.12/site-packages/airflow/example_dags/example_task_group_decorator.py took 0.076 seconds
[2025-02-20T13:55:06.754+0000] {processor.py:186} INFO - Started process (PID=7051) to work on /home/airflow/.local/lib/python3.12/site-packages/airflow/example_dags/example_task_group_decorator.py
[2025-02-20T13:55:06.756+0000] {processor.py:914} INFO - Processing file /home/airflow/.local/lib/python3.12/site-packages/airflow/example_dags/example_task_group_decorator.py for tasks to queue
[2025-02-20T13:55:06.757+0000] {logging_mixin.py:190} INFO - [2025-02-20T13:55:06.757+0000] {dagbag.py:588} INFO - Filling up the DagBag from /home/airflow/.local/lib/python3.12/site-packages/airflow/example_dags/example_task_group_decorator.py
[2025-02-20T13:55:06.770+0000] {processor.py:925} INFO - DAG(s) 'example_task_group_decorator' retrieved from /home/airflow/.local/lib/python3.12/site-packages/airflow/example_dags/example_task_group_decorator.py
[2025-02-20T13:55:06.791+0000] {logging_mixin.py:190} INFO - [2025-02-20T13:55:06.791+0000] {dag.py:3239} INFO - Sync 1 DAGs
[2025-02-20T13:55:06.844+0000] {logging_mixin.py:190} INFO - [2025-02-20T13:55:06.844+0000] {dag.py:4180} INFO - Setting next_dagrun for example_task_group_decorator to None, run_after=None
[2025-02-20T13:55:06.859+0000] {processor.py:208} INFO - Processing /home/airflow/.local/lib/python3.12/site-packages/airflow/example_dags/example_task_group_decorator.py took 0.109 seconds
[2025-02-20T13:55:37.615+0000] {processor.py:186} INFO - Started process (PID=7127) to work on /home/airflow/.local/lib/python3.12/site-packages/airflow/example_dags/example_task_group_decorator.py
[2025-02-20T13:55:37.616+0000] {processor.py:914} INFO - Processing file /home/airflow/.local/lib/python3.12/site-packages/airflow/example_dags/example_task_group_decorator.py for tasks to queue
[2025-02-20T13:55:37.618+0000] {logging_mixin.py:190} INFO - [2025-02-20T13:55:37.617+0000] {dagbag.py:588} INFO - Filling up the DagBag from /home/airflow/.local/lib/python3.12/site-packages/airflow/example_dags/example_task_group_decorator.py
[2025-02-20T13:55:37.629+0000] {processor.py:925} INFO - DAG(s) 'example_task_group_decorator' retrieved from /home/airflow/.local/lib/python3.12/site-packages/airflow/example_dags/example_task_group_decorator.py
[2025-02-20T13:55:37.651+0000] {logging_mixin.py:190} INFO - [2025-02-20T13:55:37.651+0000] {dag.py:3239} INFO - Sync 1 DAGs
[2025-02-20T13:55:37.707+0000] {logging_mixin.py:190} INFO - [2025-02-20T13:55:37.707+0000] {dag.py:4180} INFO - Setting next_dagrun for example_task_group_decorator to None, run_after=None
[2025-02-20T13:55:37.722+0000] {processor.py:208} INFO - Processing /home/airflow/.local/lib/python3.12/site-packages/airflow/example_dags/example_task_group_decorator.py took 0.112 seconds
[2025-02-20T13:56:08.425+0000] {processor.py:186} INFO - Started process (PID=7203) to work on /home/airflow/.local/lib/python3.12/site-packages/airflow/example_dags/example_task_group_decorator.py
[2025-02-20T13:56:08.426+0000] {processor.py:914} INFO - Processing file /home/airflow/.local/lib/python3.12/site-packages/airflow/example_dags/example_task_group_decorator.py for tasks to queue
[2025-02-20T13:56:08.427+0000] {logging_mixin.py:190} INFO - [2025-02-20T13:56:08.427+0000] {dagbag.py:588} INFO - Filling up the DagBag from /home/airflow/.local/lib/python3.12/site-packages/airflow/example_dags/example_task_group_decorator.py
[2025-02-20T13:56:08.442+0000] {processor.py:925} INFO - DAG(s) 'example_task_group_decorator' retrieved from /home/airflow/.local/lib/python3.12/site-packages/airflow/example_dags/example_task_group_decorator.py
[2025-02-20T13:56:08.464+0000] {logging_mixin.py:190} INFO - [2025-02-20T13:56:08.464+0000] {dag.py:3239} INFO - Sync 1 DAGs
[2025-02-20T13:56:08.477+0000] {logging_mixin.py:190} INFO - [2025-02-20T13:56:08.477+0000] {dag.py:4180} INFO - Setting next_dagrun for example_task_group_decorator to None, run_after=None
[2025-02-20T13:56:08.496+0000] {processor.py:208} INFO - Processing /home/airflow/.local/lib/python3.12/site-packages/airflow/example_dags/example_task_group_decorator.py took 0.076 seconds
[2025-02-20T13:56:39.267+0000] {processor.py:186} INFO - Started process (PID=7284) to work on /home/airflow/.local/lib/python3.12/site-packages/airflow/example_dags/example_task_group_decorator.py
[2025-02-20T13:56:39.269+0000] {processor.py:914} INFO - Processing file /home/airflow/.local/lib/python3.12/site-packages/airflow/example_dags/example_task_group_decorator.py for tasks to queue
[2025-02-20T13:56:39.270+0000] {logging_mixin.py:190} INFO - [2025-02-20T13:56:39.270+0000] {dagbag.py:588} INFO - Filling up the DagBag from /home/airflow/.local/lib/python3.12/site-packages/airflow/example_dags/example_task_group_decorator.py
[2025-02-20T13:56:39.282+0000] {processor.py:925} INFO - DAG(s) 'example_task_group_decorator' retrieved from /home/airflow/.local/lib/python3.12/site-packages/airflow/example_dags/example_task_group_decorator.py
[2025-02-20T13:56:39.312+0000] {logging_mixin.py:190} INFO - [2025-02-20T13:56:39.312+0000] {dag.py:3239} INFO - Sync 1 DAGs
[2025-02-20T13:56:39.330+0000] {logging_mixin.py:190} INFO - [2025-02-20T13:56:39.330+0000] {dag.py:4180} INFO - Setting next_dagrun for example_task_group_decorator to None, run_after=None
[2025-02-20T13:56:39.350+0000] {processor.py:208} INFO - Processing /home/airflow/.local/lib/python3.12/site-packages/airflow/example_dags/example_task_group_decorator.py took 0.087 seconds
[2025-02-20T13:57:09.654+0000] {processor.py:186} INFO - Started process (PID=7360) to work on /home/airflow/.local/lib/python3.12/site-packages/airflow/example_dags/example_task_group_decorator.py
[2025-02-20T13:57:09.655+0000] {processor.py:914} INFO - Processing file /home/airflow/.local/lib/python3.12/site-packages/airflow/example_dags/example_task_group_decorator.py for tasks to queue
[2025-02-20T13:57:09.656+0000] {logging_mixin.py:190} INFO - [2025-02-20T13:57:09.656+0000] {dagbag.py:588} INFO - Filling up the DagBag from /home/airflow/.local/lib/python3.12/site-packages/airflow/example_dags/example_task_group_decorator.py
[2025-02-20T13:57:09.669+0000] {processor.py:925} INFO - DAG(s) 'example_task_group_decorator' retrieved from /home/airflow/.local/lib/python3.12/site-packages/airflow/example_dags/example_task_group_decorator.py
[2025-02-20T13:57:09.691+0000] {logging_mixin.py:190} INFO - [2025-02-20T13:57:09.691+0000] {dag.py:3239} INFO - Sync 1 DAGs
[2025-02-20T13:57:09.703+0000] {logging_mixin.py:190} INFO - [2025-02-20T13:57:09.702+0000] {dag.py:4180} INFO - Setting next_dagrun for example_task_group_decorator to None, run_after=None
[2025-02-20T13:57:09.721+0000] {processor.py:208} INFO - Processing /home/airflow/.local/lib/python3.12/site-packages/airflow/example_dags/example_task_group_decorator.py took 0.072 seconds
[2025-02-20T13:57:39.956+0000] {processor.py:186} INFO - Started process (PID=7437) to work on /home/airflow/.local/lib/python3.12/site-packages/airflow/example_dags/example_task_group_decorator.py
[2025-02-20T13:57:39.958+0000] {processor.py:914} INFO - Processing file /home/airflow/.local/lib/python3.12/site-packages/airflow/example_dags/example_task_group_decorator.py for tasks to queue
[2025-02-20T13:57:39.959+0000] {logging_mixin.py:190} INFO - [2025-02-20T13:57:39.959+0000] {dagbag.py:588} INFO - Filling up the DagBag from /home/airflow/.local/lib/python3.12/site-packages/airflow/example_dags/example_task_group_decorator.py
[2025-02-20T13:57:39.971+0000] {processor.py:925} INFO - DAG(s) 'example_task_group_decorator' retrieved from /home/airflow/.local/lib/python3.12/site-packages/airflow/example_dags/example_task_group_decorator.py
[2025-02-20T13:57:39.992+0000] {logging_mixin.py:190} INFO - [2025-02-20T13:57:39.992+0000] {dag.py:3239} INFO - Sync 1 DAGs
[2025-02-20T13:57:40.003+0000] {logging_mixin.py:190} INFO - [2025-02-20T13:57:40.003+0000] {dag.py:4180} INFO - Setting next_dagrun for example_task_group_decorator to None, run_after=None
[2025-02-20T13:57:40.021+0000] {processor.py:208} INFO - Processing /home/airflow/.local/lib/python3.12/site-packages/airflow/example_dags/example_task_group_decorator.py took 0.070 seconds
[2025-02-20T13:58:10.458+0000] {processor.py:186} INFO - Started process (PID=7513) to work on /home/airflow/.local/lib/python3.12/site-packages/airflow/example_dags/example_task_group_decorator.py
[2025-02-20T13:58:10.459+0000] {processor.py:914} INFO - Processing file /home/airflow/.local/lib/python3.12/site-packages/airflow/example_dags/example_task_group_decorator.py for tasks to queue
[2025-02-20T13:58:10.461+0000] {logging_mixin.py:190} INFO - [2025-02-20T13:58:10.461+0000] {dagbag.py:588} INFO - Filling up the DagBag from /home/airflow/.local/lib/python3.12/site-packages/airflow/example_dags/example_task_group_decorator.py
[2025-02-20T13:58:10.474+0000] {processor.py:925} INFO - DAG(s) 'example_task_group_decorator' retrieved from /home/airflow/.local/lib/python3.12/site-packages/airflow/example_dags/example_task_group_decorator.py
[2025-02-20T13:58:10.496+0000] {logging_mixin.py:190} INFO - [2025-02-20T13:58:10.496+0000] {dag.py:3239} INFO - Sync 1 DAGs
[2025-02-20T13:58:10.511+0000] {logging_mixin.py:190} INFO - [2025-02-20T13:58:10.511+0000] {dag.py:4180} INFO - Setting next_dagrun for example_task_group_decorator to None, run_after=None
[2025-02-20T13:58:10.532+0000] {processor.py:208} INFO - Processing /home/airflow/.local/lib/python3.12/site-packages/airflow/example_dags/example_task_group_decorator.py took 0.079 seconds
[2025-02-20T13:58:40.931+0000] {processor.py:186} INFO - Started process (PID=7588) to work on /home/airflow/.local/lib/python3.12/site-packages/airflow/example_dags/example_task_group_decorator.py
[2025-02-20T13:58:40.932+0000] {processor.py:914} INFO - Processing file /home/airflow/.local/lib/python3.12/site-packages/airflow/example_dags/example_task_group_decorator.py for tasks to queue
[2025-02-20T13:58:40.934+0000] {logging_mixin.py:190} INFO - [2025-02-20T13:58:40.933+0000] {dagbag.py:588} INFO - Filling up the DagBag from /home/airflow/.local/lib/python3.12/site-packages/airflow/example_dags/example_task_group_decorator.py
[2025-02-20T13:58:40.946+0000] {processor.py:925} INFO - DAG(s) 'example_task_group_decorator' retrieved from /home/airflow/.local/lib/python3.12/site-packages/airflow/example_dags/example_task_group_decorator.py
[2025-02-20T13:58:40.968+0000] {logging_mixin.py:190} INFO - [2025-02-20T13:58:40.967+0000] {dag.py:3239} INFO - Sync 1 DAGs
[2025-02-20T13:58:40.981+0000] {logging_mixin.py:190} INFO - [2025-02-20T13:58:40.981+0000] {dag.py:4180} INFO - Setting next_dagrun for example_task_group_decorator to None, run_after=None
[2025-02-20T13:58:41.000+0000] {processor.py:208} INFO - Processing /home/airflow/.local/lib/python3.12/site-packages/airflow/example_dags/example_task_group_decorator.py took 0.074 seconds
[2025-02-20T13:59:11.528+0000] {processor.py:186} INFO - Started process (PID=7665) to work on /home/airflow/.local/lib/python3.12/site-packages/airflow/example_dags/example_task_group_decorator.py
[2025-02-20T13:59:11.530+0000] {processor.py:914} INFO - Processing file /home/airflow/.local/lib/python3.12/site-packages/airflow/example_dags/example_task_group_decorator.py for tasks to queue
[2025-02-20T13:59:11.531+0000] {logging_mixin.py:190} INFO - [2025-02-20T13:59:11.531+0000] {dagbag.py:588} INFO - Filling up the DagBag from /home/airflow/.local/lib/python3.12/site-packages/airflow/example_dags/example_task_group_decorator.py
[2025-02-20T13:59:11.543+0000] {processor.py:925} INFO - DAG(s) 'example_task_group_decorator' retrieved from /home/airflow/.local/lib/python3.12/site-packages/airflow/example_dags/example_task_group_decorator.py
[2025-02-20T13:59:11.567+0000] {logging_mixin.py:190} INFO - [2025-02-20T13:59:11.567+0000] {dag.py:3239} INFO - Sync 1 DAGs
[2025-02-20T13:59:11.580+0000] {logging_mixin.py:190} INFO - [2025-02-20T13:59:11.580+0000] {dag.py:4180} INFO - Setting next_dagrun for example_task_group_decorator to None, run_after=None
[2025-02-20T13:59:11.599+0000] {processor.py:208} INFO - Processing /home/airflow/.local/lib/python3.12/site-packages/airflow/example_dags/example_task_group_decorator.py took 0.076 seconds
[2025-02-20T13:59:41.893+0000] {processor.py:186} INFO - Started process (PID=7741) to work on /home/airflow/.local/lib/python3.12/site-packages/airflow/example_dags/example_task_group_decorator.py
[2025-02-20T13:59:41.894+0000] {processor.py:914} INFO - Processing file /home/airflow/.local/lib/python3.12/site-packages/airflow/example_dags/example_task_group_decorator.py for tasks to queue
[2025-02-20T13:59:41.895+0000] {logging_mixin.py:190} INFO - [2025-02-20T13:59:41.895+0000] {dagbag.py:588} INFO - Filling up the DagBag from /home/airflow/.local/lib/python3.12/site-packages/airflow/example_dags/example_task_group_decorator.py
[2025-02-20T13:59:41.909+0000] {processor.py:925} INFO - DAG(s) 'example_task_group_decorator' retrieved from /home/airflow/.local/lib/python3.12/site-packages/airflow/example_dags/example_task_group_decorator.py
[2025-02-20T13:59:41.932+0000] {logging_mixin.py:190} INFO - [2025-02-20T13:59:41.932+0000] {dag.py:3239} INFO - Sync 1 DAGs
[2025-02-20T13:59:41.944+0000] {logging_mixin.py:190} INFO - [2025-02-20T13:59:41.944+0000] {dag.py:4180} INFO - Setting next_dagrun for example_task_group_decorator to None, run_after=None
[2025-02-20T13:59:41.961+0000] {processor.py:208} INFO - Processing /home/airflow/.local/lib/python3.12/site-packages/airflow/example_dags/example_task_group_decorator.py took 0.073 seconds
[2025-02-20T14:00:12.187+0000] {processor.py:186} INFO - Started process (PID=7817) to work on /home/airflow/.local/lib/python3.12/site-packages/airflow/example_dags/example_task_group_decorator.py
[2025-02-20T14:00:12.188+0000] {processor.py:914} INFO - Processing file /home/airflow/.local/lib/python3.12/site-packages/airflow/example_dags/example_task_group_decorator.py for tasks to queue
[2025-02-20T14:00:12.189+0000] {logging_mixin.py:190} INFO - [2025-02-20T14:00:12.189+0000] {dagbag.py:588} INFO - Filling up the DagBag from /home/airflow/.local/lib/python3.12/site-packages/airflow/example_dags/example_task_group_decorator.py
[2025-02-20T14:00:12.203+0000] {processor.py:925} INFO - DAG(s) 'example_task_group_decorator' retrieved from /home/airflow/.local/lib/python3.12/site-packages/airflow/example_dags/example_task_group_decorator.py
[2025-02-20T14:00:12.225+0000] {logging_mixin.py:190} INFO - [2025-02-20T14:00:12.225+0000] {dag.py:3239} INFO - Sync 1 DAGs
[2025-02-20T14:00:12.237+0000] {logging_mixin.py:190} INFO - [2025-02-20T14:00:12.237+0000] {dag.py:4180} INFO - Setting next_dagrun for example_task_group_decorator to None, run_after=None
[2025-02-20T14:00:12.253+0000] {processor.py:208} INFO - Processing /home/airflow/.local/lib/python3.12/site-packages/airflow/example_dags/example_task_group_decorator.py took 0.071 seconds
[2025-02-20T14:00:42.459+0000] {processor.py:186} INFO - Started process (PID=7893) to work on /home/airflow/.local/lib/python3.12/site-packages/airflow/example_dags/example_task_group_decorator.py
[2025-02-20T14:00:42.460+0000] {processor.py:914} INFO - Processing file /home/airflow/.local/lib/python3.12/site-packages/airflow/example_dags/example_task_group_decorator.py for tasks to queue
[2025-02-20T14:00:42.461+0000] {logging_mixin.py:190} INFO - [2025-02-20T14:00:42.461+0000] {dagbag.py:588} INFO - Filling up the DagBag from /home/airflow/.local/lib/python3.12/site-packages/airflow/example_dags/example_task_group_decorator.py
[2025-02-20T14:00:42.473+0000] {processor.py:925} INFO - DAG(s) 'example_task_group_decorator' retrieved from /home/airflow/.local/lib/python3.12/site-packages/airflow/example_dags/example_task_group_decorator.py
[2025-02-20T14:00:42.493+0000] {logging_mixin.py:190} INFO - [2025-02-20T14:00:42.493+0000] {dag.py:3239} INFO - Sync 1 DAGs
[2025-02-20T14:00:42.504+0000] {logging_mixin.py:190} INFO - [2025-02-20T14:00:42.504+0000] {dag.py:4180} INFO - Setting next_dagrun for example_task_group_decorator to None, run_after=None
[2025-02-20T14:00:42.522+0000] {processor.py:208} INFO - Processing /home/airflow/.local/lib/python3.12/site-packages/airflow/example_dags/example_task_group_decorator.py took 0.068 seconds
[2025-02-20T14:01:13.138+0000] {processor.py:186} INFO - Started process (PID=7969) to work on /home/airflow/.local/lib/python3.12/site-packages/airflow/example_dags/example_task_group_decorator.py
[2025-02-20T14:01:13.139+0000] {processor.py:914} INFO - Processing file /home/airflow/.local/lib/python3.12/site-packages/airflow/example_dags/example_task_group_decorator.py for tasks to queue
[2025-02-20T14:01:13.141+0000] {logging_mixin.py:190} INFO - [2025-02-20T14:01:13.141+0000] {dagbag.py:588} INFO - Filling up the DagBag from /home/airflow/.local/lib/python3.12/site-packages/airflow/example_dags/example_task_group_decorator.py
[2025-02-20T14:01:13.153+0000] {processor.py:925} INFO - DAG(s) 'example_task_group_decorator' retrieved from /home/airflow/.local/lib/python3.12/site-packages/airflow/example_dags/example_task_group_decorator.py
[2025-02-20T14:01:13.172+0000] {logging_mixin.py:190} INFO - [2025-02-20T14:01:13.172+0000] {dag.py:3239} INFO - Sync 1 DAGs
[2025-02-20T14:01:13.185+0000] {logging_mixin.py:190} INFO - [2025-02-20T14:01:13.185+0000] {dag.py:4180} INFO - Setting next_dagrun for example_task_group_decorator to None, run_after=None
[2025-02-20T14:01:13.201+0000] {processor.py:208} INFO - Processing /home/airflow/.local/lib/python3.12/site-packages/airflow/example_dags/example_task_group_decorator.py took 0.068 seconds
[2025-02-20T14:01:43.264+0000] {processor.py:186} INFO - Started process (PID=8045) to work on /home/airflow/.local/lib/python3.12/site-packages/airflow/example_dags/example_task_group_decorator.py
[2025-02-20T14:01:43.265+0000] {processor.py:914} INFO - Processing file /home/airflow/.local/lib/python3.12/site-packages/airflow/example_dags/example_task_group_decorator.py for tasks to queue
[2025-02-20T14:01:43.267+0000] {logging_mixin.py:190} INFO - [2025-02-20T14:01:43.266+0000] {dagbag.py:588} INFO - Filling up the DagBag from /home/airflow/.local/lib/python3.12/site-packages/airflow/example_dags/example_task_group_decorator.py
[2025-02-20T14:01:43.279+0000] {processor.py:925} INFO - DAG(s) 'example_task_group_decorator' retrieved from /home/airflow/.local/lib/python3.12/site-packages/airflow/example_dags/example_task_group_decorator.py
[2025-02-20T14:01:43.300+0000] {logging_mixin.py:190} INFO - [2025-02-20T14:01:43.300+0000] {dag.py:3239} INFO - Sync 1 DAGs
[2025-02-20T14:01:43.313+0000] {logging_mixin.py:190} INFO - [2025-02-20T14:01:43.313+0000] {dag.py:4180} INFO - Setting next_dagrun for example_task_group_decorator to None, run_after=None
[2025-02-20T14:01:43.332+0000] {processor.py:208} INFO - Processing /home/airflow/.local/lib/python3.12/site-packages/airflow/example_dags/example_task_group_decorator.py took 0.072 seconds
[2025-02-20T14:02:13.722+0000] {processor.py:186} INFO - Started process (PID=8119) to work on /home/airflow/.local/lib/python3.12/site-packages/airflow/example_dags/example_task_group_decorator.py
[2025-02-20T14:02:13.723+0000] {processor.py:914} INFO - Processing file /home/airflow/.local/lib/python3.12/site-packages/airflow/example_dags/example_task_group_decorator.py for tasks to queue
[2025-02-20T14:02:13.725+0000] {logging_mixin.py:190} INFO - [2025-02-20T14:02:13.725+0000] {dagbag.py:588} INFO - Filling up the DagBag from /home/airflow/.local/lib/python3.12/site-packages/airflow/example_dags/example_task_group_decorator.py
[2025-02-20T14:02:13.739+0000] {processor.py:925} INFO - DAG(s) 'example_task_group_decorator' retrieved from /home/airflow/.local/lib/python3.12/site-packages/airflow/example_dags/example_task_group_decorator.py
[2025-02-20T14:02:13.765+0000] {logging_mixin.py:190} INFO - [2025-02-20T14:02:13.764+0000] {dag.py:3239} INFO - Sync 1 DAGs
[2025-02-20T14:02:13.779+0000] {logging_mixin.py:190} INFO - [2025-02-20T14:02:13.778+0000] {dag.py:4180} INFO - Setting next_dagrun for example_task_group_decorator to None, run_after=None
[2025-02-20T14:02:13.804+0000] {processor.py:208} INFO - Processing /home/airflow/.local/lib/python3.12/site-packages/airflow/example_dags/example_task_group_decorator.py took 0.088 seconds
[2025-02-20T14:02:43.930+0000] {processor.py:186} INFO - Started process (PID=8195) to work on /home/airflow/.local/lib/python3.12/site-packages/airflow/example_dags/example_task_group_decorator.py
[2025-02-20T14:02:43.931+0000] {processor.py:914} INFO - Processing file /home/airflow/.local/lib/python3.12/site-packages/airflow/example_dags/example_task_group_decorator.py for tasks to queue
[2025-02-20T14:02:43.933+0000] {logging_mixin.py:190} INFO - [2025-02-20T14:02:43.932+0000] {dagbag.py:588} INFO - Filling up the DagBag from /home/airflow/.local/lib/python3.12/site-packages/airflow/example_dags/example_task_group_decorator.py
[2025-02-20T14:02:43.945+0000] {processor.py:925} INFO - DAG(s) 'example_task_group_decorator' retrieved from /home/airflow/.local/lib/python3.12/site-packages/airflow/example_dags/example_task_group_decorator.py
[2025-02-20T14:02:43.968+0000] {logging_mixin.py:190} INFO - [2025-02-20T14:02:43.967+0000] {dag.py:3239} INFO - Sync 1 DAGs
[2025-02-20T14:02:43.980+0000] {logging_mixin.py:190} INFO - [2025-02-20T14:02:43.980+0000] {dag.py:4180} INFO - Setting next_dagrun for example_task_group_decorator to None, run_after=None
[2025-02-20T14:02:43.999+0000] {processor.py:208} INFO - Processing /home/airflow/.local/lib/python3.12/site-packages/airflow/example_dags/example_task_group_decorator.py took 0.074 seconds
[2025-02-20T14:03:14.220+0000] {processor.py:186} INFO - Started process (PID=8271) to work on /home/airflow/.local/lib/python3.12/site-packages/airflow/example_dags/example_task_group_decorator.py
[2025-02-20T14:03:14.224+0000] {processor.py:914} INFO - Processing file /home/airflow/.local/lib/python3.12/site-packages/airflow/example_dags/example_task_group_decorator.py for tasks to queue
[2025-02-20T14:03:14.226+0000] {logging_mixin.py:190} INFO - [2025-02-20T14:03:14.226+0000] {dagbag.py:588} INFO - Filling up the DagBag from /home/airflow/.local/lib/python3.12/site-packages/airflow/example_dags/example_task_group_decorator.py
[2025-02-20T14:03:14.239+0000] {processor.py:925} INFO - DAG(s) 'example_task_group_decorator' retrieved from /home/airflow/.local/lib/python3.12/site-packages/airflow/example_dags/example_task_group_decorator.py
[2025-02-20T14:03:14.260+0000] {logging_mixin.py:190} INFO - [2025-02-20T14:03:14.259+0000] {dag.py:3239} INFO - Sync 1 DAGs
[2025-02-20T14:03:14.272+0000] {logging_mixin.py:190} INFO - [2025-02-20T14:03:14.272+0000] {dag.py:4180} INFO - Setting next_dagrun for example_task_group_decorator to None, run_after=None
[2025-02-20T14:03:14.289+0000] {processor.py:208} INFO - Processing /home/airflow/.local/lib/python3.12/site-packages/airflow/example_dags/example_task_group_decorator.py took 0.073 seconds
[2025-02-20T14:44:21.291+0000] {processor.py:186} INFO - Started process (PID=8369) to work on /home/airflow/.local/lib/python3.12/site-packages/airflow/example_dags/example_task_group_decorator.py
[2025-02-20T14:44:21.292+0000] {processor.py:914} INFO - Processing file /home/airflow/.local/lib/python3.12/site-packages/airflow/example_dags/example_task_group_decorator.py for tasks to queue
[2025-02-20T14:44:21.294+0000] {logging_mixin.py:190} INFO - [2025-02-20T14:44:21.293+0000] {dagbag.py:588} INFO - Filling up the DagBag from /home/airflow/.local/lib/python3.12/site-packages/airflow/example_dags/example_task_group_decorator.py
[2025-02-20T14:44:21.315+0000] {processor.py:925} INFO - DAG(s) 'example_task_group_decorator' retrieved from /home/airflow/.local/lib/python3.12/site-packages/airflow/example_dags/example_task_group_decorator.py
[2025-02-20T14:44:21.342+0000] {logging_mixin.py:190} INFO - [2025-02-20T14:44:21.341+0000] {dag.py:3239} INFO - Sync 1 DAGs
[2025-02-20T14:44:21.358+0000] {logging_mixin.py:190} INFO - [2025-02-20T14:44:21.357+0000] {dag.py:4180} INFO - Setting next_dagrun for example_task_group_decorator to None, run_after=None
[2025-02-20T14:44:21.380+0000] {processor.py:208} INFO - Processing /home/airflow/.local/lib/python3.12/site-packages/airflow/example_dags/example_task_group_decorator.py took 0.094 seconds
[2025-02-20T14:44:52.271+0000] {processor.py:186} INFO - Started process (PID=8445) to work on /home/airflow/.local/lib/python3.12/site-packages/airflow/example_dags/example_task_group_decorator.py
[2025-02-20T14:44:52.272+0000] {processor.py:914} INFO - Processing file /home/airflow/.local/lib/python3.12/site-packages/airflow/example_dags/example_task_group_decorator.py for tasks to queue
[2025-02-20T14:44:52.274+0000] {logging_mixin.py:190} INFO - [2025-02-20T14:44:52.274+0000] {dagbag.py:588} INFO - Filling up the DagBag from /home/airflow/.local/lib/python3.12/site-packages/airflow/example_dags/example_task_group_decorator.py
[2025-02-20T14:44:52.286+0000] {processor.py:925} INFO - DAG(s) 'example_task_group_decorator' retrieved from /home/airflow/.local/lib/python3.12/site-packages/airflow/example_dags/example_task_group_decorator.py
[2025-02-20T14:44:52.308+0000] {logging_mixin.py:190} INFO - [2025-02-20T14:44:52.307+0000] {dag.py:3239} INFO - Sync 1 DAGs
[2025-02-20T14:44:52.319+0000] {logging_mixin.py:190} INFO - [2025-02-20T14:44:52.319+0000] {dag.py:4180} INFO - Setting next_dagrun for example_task_group_decorator to None, run_after=None
[2025-02-20T14:44:52.334+0000] {processor.py:208} INFO - Processing /home/airflow/.local/lib/python3.12/site-packages/airflow/example_dags/example_task_group_decorator.py took 0.068 seconds
[2025-02-20T14:45:22.613+0000] {processor.py:186} INFO - Started process (PID=8522) to work on /home/airflow/.local/lib/python3.12/site-packages/airflow/example_dags/example_task_group_decorator.py
[2025-02-20T14:45:22.614+0000] {processor.py:914} INFO - Processing file /home/airflow/.local/lib/python3.12/site-packages/airflow/example_dags/example_task_group_decorator.py for tasks to queue
[2025-02-20T14:45:22.616+0000] {logging_mixin.py:190} INFO - [2025-02-20T14:45:22.615+0000] {dagbag.py:588} INFO - Filling up the DagBag from /home/airflow/.local/lib/python3.12/site-packages/airflow/example_dags/example_task_group_decorator.py
[2025-02-20T14:45:22.627+0000] {processor.py:925} INFO - DAG(s) 'example_task_group_decorator' retrieved from /home/airflow/.local/lib/python3.12/site-packages/airflow/example_dags/example_task_group_decorator.py
[2025-02-20T14:45:22.647+0000] {logging_mixin.py:190} INFO - [2025-02-20T14:45:22.646+0000] {dag.py:3239} INFO - Sync 1 DAGs
[2025-02-20T14:45:22.660+0000] {logging_mixin.py:190} INFO - [2025-02-20T14:45:22.660+0000] {dag.py:4180} INFO - Setting next_dagrun for example_task_group_decorator to None, run_after=None
[2025-02-20T14:45:22.675+0000] {processor.py:208} INFO - Processing /home/airflow/.local/lib/python3.12/site-packages/airflow/example_dags/example_task_group_decorator.py took 0.066 seconds
