[2025-02-20T13:41:14.217+0000] {processor.py:186} INFO - Started process (PID=4978) to work on /home/airflow/.local/lib/python3.12/site-packages/airflow/example_dags/example_short_circuit_decorator.py
[2025-02-20T13:41:14.219+0000] {processor.py:914} INFO - Processing file /home/airflow/.local/lib/python3.12/site-packages/airflow/example_dags/example_short_circuit_decorator.py for tasks to queue
[2025-02-20T13:41:14.223+0000] {logging_mixin.py:190} INFO - [2025-02-20T13:41:14.222+0000] {dagbag.py:588} INFO - Filling up the DagBag from /home/airflow/.local/lib/python3.12/site-packages/airflow/example_dags/example_short_circuit_decorator.py
[2025-02-20T13:41:14.258+0000] {processor.py:925} INFO - DAG(s) 'example_short_circuit_decorator' retrieved from /home/airflow/.local/lib/python3.12/site-packages/airflow/example_dags/example_short_circuit_decorator.py
[2025-02-20T13:41:14.351+0000] {logging_mixin.py:190} INFO - [2025-02-20T13:41:14.351+0000] {dag.py:3239} INFO - Sync 1 DAGs
[2025-02-20T13:41:14.417+0000] {logging_mixin.py:190} INFO - [2025-02-20T13:41:14.416+0000] {dag.py:4180} INFO - Setting next_dagrun for example_short_circuit_decorator to None, run_after=None
[2025-02-20T13:41:14.487+0000] {processor.py:208} INFO - Processing /home/airflow/.local/lib/python3.12/site-packages/airflow/example_dags/example_short_circuit_decorator.py took 0.289 seconds
[2025-02-20T13:41:44.807+0000] {processor.py:186} INFO - Started process (PID=5054) to work on /home/airflow/.local/lib/python3.12/site-packages/airflow/example_dags/example_short_circuit_decorator.py
[2025-02-20T13:41:44.808+0000] {processor.py:914} INFO - Processing file /home/airflow/.local/lib/python3.12/site-packages/airflow/example_dags/example_short_circuit_decorator.py for tasks to queue
[2025-02-20T13:41:44.810+0000] {logging_mixin.py:190} INFO - [2025-02-20T13:41:44.810+0000] {dagbag.py:588} INFO - Filling up the DagBag from /home/airflow/.local/lib/python3.12/site-packages/airflow/example_dags/example_short_circuit_decorator.py
[2025-02-20T13:41:44.822+0000] {processor.py:925} INFO - DAG(s) 'example_short_circuit_decorator' retrieved from /home/airflow/.local/lib/python3.12/site-packages/airflow/example_dags/example_short_circuit_decorator.py
[2025-02-20T13:41:44.849+0000] {logging_mixin.py:190} INFO - [2025-02-20T13:41:44.849+0000] {dag.py:3239} INFO - Sync 1 DAGs
[2025-02-20T13:41:44.869+0000] {logging_mixin.py:190} INFO - [2025-02-20T13:41:44.868+0000] {dag.py:4180} INFO - Setting next_dagrun for example_short_circuit_decorator to None, run_after=None
[2025-02-20T13:41:44.917+0000] {processor.py:208} INFO - Processing /home/airflow/.local/lib/python3.12/site-packages/airflow/example_dags/example_short_circuit_decorator.py took 0.116 seconds
[2025-02-20T13:42:15.196+0000] {processor.py:186} INFO - Started process (PID=5130) to work on /home/airflow/.local/lib/python3.12/site-packages/airflow/example_dags/example_short_circuit_decorator.py
[2025-02-20T13:42:15.198+0000] {processor.py:914} INFO - Processing file /home/airflow/.local/lib/python3.12/site-packages/airflow/example_dags/example_short_circuit_decorator.py for tasks to queue
[2025-02-20T13:42:15.199+0000] {logging_mixin.py:190} INFO - [2025-02-20T13:42:15.199+0000] {dagbag.py:588} INFO - Filling up the DagBag from /home/airflow/.local/lib/python3.12/site-packages/airflow/example_dags/example_short_circuit_decorator.py
[2025-02-20T13:42:15.210+0000] {processor.py:925} INFO - DAG(s) 'example_short_circuit_decorator' retrieved from /home/airflow/.local/lib/python3.12/site-packages/airflow/example_dags/example_short_circuit_decorator.py
[2025-02-20T13:42:15.237+0000] {logging_mixin.py:190} INFO - [2025-02-20T13:42:15.236+0000] {dag.py:3239} INFO - Sync 1 DAGs
[2025-02-20T13:42:15.255+0000] {logging_mixin.py:190} INFO - [2025-02-20T13:42:15.255+0000] {dag.py:4180} INFO - Setting next_dagrun for example_short_circuit_decorator to None, run_after=None
[2025-02-20T13:42:15.281+0000] {processor.py:208} INFO - Processing /home/airflow/.local/lib/python3.12/site-packages/airflow/example_dags/example_short_circuit_decorator.py took 0.090 seconds
[2025-02-20T13:42:45.393+0000] {processor.py:186} INFO - Started process (PID=5194) to work on /home/airflow/.local/lib/python3.12/site-packages/airflow/example_dags/example_short_circuit_decorator.py
[2025-02-20T13:42:45.395+0000] {processor.py:914} INFO - Processing file /home/airflow/.local/lib/python3.12/site-packages/airflow/example_dags/example_short_circuit_decorator.py for tasks to queue
[2025-02-20T13:42:45.398+0000] {logging_mixin.py:190} INFO - [2025-02-20T13:42:45.397+0000] {dagbag.py:588} INFO - Filling up the DagBag from /home/airflow/.local/lib/python3.12/site-packages/airflow/example_dags/example_short_circuit_decorator.py
[2025-02-20T13:42:45.412+0000] {processor.py:925} INFO - DAG(s) 'example_short_circuit_decorator' retrieved from /home/airflow/.local/lib/python3.12/site-packages/airflow/example_dags/example_short_circuit_decorator.py
[2025-02-20T13:42:45.446+0000] {logging_mixin.py:190} INFO - [2025-02-20T13:42:45.446+0000] {dag.py:3239} INFO - Sync 1 DAGs
[2025-02-20T13:42:45.468+0000] {logging_mixin.py:190} INFO - [2025-02-20T13:42:45.468+0000] {dag.py:4180} INFO - Setting next_dagrun for example_short_circuit_decorator to None, run_after=None
[2025-02-20T13:42:45.496+0000] {processor.py:208} INFO - Processing /home/airflow/.local/lib/python3.12/site-packages/airflow/example_dags/example_short_circuit_decorator.py took 0.109 seconds
[2025-02-20T13:43:15.730+0000] {processor.py:186} INFO - Started process (PID=5271) to work on /home/airflow/.local/lib/python3.12/site-packages/airflow/example_dags/example_short_circuit_decorator.py
[2025-02-20T13:43:15.731+0000] {processor.py:914} INFO - Processing file /home/airflow/.local/lib/python3.12/site-packages/airflow/example_dags/example_short_circuit_decorator.py for tasks to queue
[2025-02-20T13:43:15.732+0000] {logging_mixin.py:190} INFO - [2025-02-20T13:43:15.732+0000] {dagbag.py:588} INFO - Filling up the DagBag from /home/airflow/.local/lib/python3.12/site-packages/airflow/example_dags/example_short_circuit_decorator.py
[2025-02-20T13:43:15.742+0000] {processor.py:925} INFO - DAG(s) 'example_short_circuit_decorator' retrieved from /home/airflow/.local/lib/python3.12/site-packages/airflow/example_dags/example_short_circuit_decorator.py
[2025-02-20T13:43:15.766+0000] {logging_mixin.py:190} INFO - [2025-02-20T13:43:15.766+0000] {dag.py:3239} INFO - Sync 1 DAGs
[2025-02-20T13:43:15.780+0000] {logging_mixin.py:190} INFO - [2025-02-20T13:43:15.780+0000] {dag.py:4180} INFO - Setting next_dagrun for example_short_circuit_decorator to None, run_after=None
[2025-02-20T13:43:15.805+0000] {processor.py:208} INFO - Processing /home/airflow/.local/lib/python3.12/site-packages/airflow/example_dags/example_short_circuit_decorator.py took 0.080 seconds
[2025-02-20T13:43:46.476+0000] {processor.py:186} INFO - Started process (PID=5346) to work on /home/airflow/.local/lib/python3.12/site-packages/airflow/example_dags/example_short_circuit_decorator.py
[2025-02-20T13:43:46.477+0000] {processor.py:914} INFO - Processing file /home/airflow/.local/lib/python3.12/site-packages/airflow/example_dags/example_short_circuit_decorator.py for tasks to queue
[2025-02-20T13:43:46.479+0000] {logging_mixin.py:190} INFO - [2025-02-20T13:43:46.478+0000] {dagbag.py:588} INFO - Filling up the DagBag from /home/airflow/.local/lib/python3.12/site-packages/airflow/example_dags/example_short_circuit_decorator.py
[2025-02-20T13:43:46.488+0000] {processor.py:925} INFO - DAG(s) 'example_short_circuit_decorator' retrieved from /home/airflow/.local/lib/python3.12/site-packages/airflow/example_dags/example_short_circuit_decorator.py
[2025-02-20T13:43:46.510+0000] {logging_mixin.py:190} INFO - [2025-02-20T13:43:46.510+0000] {dag.py:3239} INFO - Sync 1 DAGs
[2025-02-20T13:43:46.526+0000] {logging_mixin.py:190} INFO - [2025-02-20T13:43:46.526+0000] {dag.py:4180} INFO - Setting next_dagrun for example_short_circuit_decorator to None, run_after=None
[2025-02-20T13:43:46.547+0000] {processor.py:208} INFO - Processing /home/airflow/.local/lib/python3.12/site-packages/airflow/example_dags/example_short_circuit_decorator.py took 0.076 seconds
[2025-02-20T13:44:16.976+0000] {processor.py:186} INFO - Started process (PID=5422) to work on /home/airflow/.local/lib/python3.12/site-packages/airflow/example_dags/example_short_circuit_decorator.py
[2025-02-20T13:44:16.977+0000] {processor.py:914} INFO - Processing file /home/airflow/.local/lib/python3.12/site-packages/airflow/example_dags/example_short_circuit_decorator.py for tasks to queue
[2025-02-20T13:44:16.979+0000] {logging_mixin.py:190} INFO - [2025-02-20T13:44:16.979+0000] {dagbag.py:588} INFO - Filling up the DagBag from /home/airflow/.local/lib/python3.12/site-packages/airflow/example_dags/example_short_circuit_decorator.py
[2025-02-20T13:44:16.988+0000] {processor.py:925} INFO - DAG(s) 'example_short_circuit_decorator' retrieved from /home/airflow/.local/lib/python3.12/site-packages/airflow/example_dags/example_short_circuit_decorator.py
[2025-02-20T13:44:17.008+0000] {logging_mixin.py:190} INFO - [2025-02-20T13:44:17.008+0000] {dag.py:3239} INFO - Sync 1 DAGs
[2025-02-20T13:44:17.020+0000] {logging_mixin.py:190} INFO - [2025-02-20T13:44:17.020+0000] {dag.py:4180} INFO - Setting next_dagrun for example_short_circuit_decorator to None, run_after=None
[2025-02-20T13:44:17.036+0000] {processor.py:208} INFO - Processing /home/airflow/.local/lib/python3.12/site-packages/airflow/example_dags/example_short_circuit_decorator.py took 0.065 seconds
[2025-02-20T13:44:47.641+0000] {processor.py:186} INFO - Started process (PID=5498) to work on /home/airflow/.local/lib/python3.12/site-packages/airflow/example_dags/example_short_circuit_decorator.py
[2025-02-20T13:44:47.643+0000] {processor.py:914} INFO - Processing file /home/airflow/.local/lib/python3.12/site-packages/airflow/example_dags/example_short_circuit_decorator.py for tasks to queue
[2025-02-20T13:44:47.645+0000] {logging_mixin.py:190} INFO - [2025-02-20T13:44:47.644+0000] {dagbag.py:588} INFO - Filling up the DagBag from /home/airflow/.local/lib/python3.12/site-packages/airflow/example_dags/example_short_circuit_decorator.py
[2025-02-20T13:44:47.655+0000] {processor.py:925} INFO - DAG(s) 'example_short_circuit_decorator' retrieved from /home/airflow/.local/lib/python3.12/site-packages/airflow/example_dags/example_short_circuit_decorator.py
[2025-02-20T13:44:47.682+0000] {logging_mixin.py:190} INFO - [2025-02-20T13:44:47.682+0000] {dag.py:3239} INFO - Sync 1 DAGs
[2025-02-20T13:44:47.697+0000] {logging_mixin.py:190} INFO - [2025-02-20T13:44:47.697+0000] {dag.py:4180} INFO - Setting next_dagrun for example_short_circuit_decorator to None, run_after=None
[2025-02-20T13:44:47.717+0000] {processor.py:208} INFO - Processing /home/airflow/.local/lib/python3.12/site-packages/airflow/example_dags/example_short_circuit_decorator.py took 0.081 seconds
[2025-02-20T13:45:18.222+0000] {processor.py:186} INFO - Started process (PID=5574) to work on /home/airflow/.local/lib/python3.12/site-packages/airflow/example_dags/example_short_circuit_decorator.py
[2025-02-20T13:45:18.223+0000] {processor.py:914} INFO - Processing file /home/airflow/.local/lib/python3.12/site-packages/airflow/example_dags/example_short_circuit_decorator.py for tasks to queue
[2025-02-20T13:45:18.225+0000] {logging_mixin.py:190} INFO - [2025-02-20T13:45:18.224+0000] {dagbag.py:588} INFO - Filling up the DagBag from /home/airflow/.local/lib/python3.12/site-packages/airflow/example_dags/example_short_circuit_decorator.py
[2025-02-20T13:45:18.235+0000] {processor.py:925} INFO - DAG(s) 'example_short_circuit_decorator' retrieved from /home/airflow/.local/lib/python3.12/site-packages/airflow/example_dags/example_short_circuit_decorator.py
[2025-02-20T13:45:18.257+0000] {logging_mixin.py:190} INFO - [2025-02-20T13:45:18.256+0000] {dag.py:3239} INFO - Sync 1 DAGs
[2025-02-20T13:45:18.272+0000] {logging_mixin.py:190} INFO - [2025-02-20T13:45:18.272+0000] {dag.py:4180} INFO - Setting next_dagrun for example_short_circuit_decorator to None, run_after=None
[2025-02-20T13:45:18.290+0000] {processor.py:208} INFO - Processing /home/airflow/.local/lib/python3.12/site-packages/airflow/example_dags/example_short_circuit_decorator.py took 0.073 seconds
[2025-02-20T13:45:48.727+0000] {processor.py:186} INFO - Started process (PID=5651) to work on /home/airflow/.local/lib/python3.12/site-packages/airflow/example_dags/example_short_circuit_decorator.py
[2025-02-20T13:45:48.728+0000] {processor.py:914} INFO - Processing file /home/airflow/.local/lib/python3.12/site-packages/airflow/example_dags/example_short_circuit_decorator.py for tasks to queue
[2025-02-20T13:45:48.730+0000] {logging_mixin.py:190} INFO - [2025-02-20T13:45:48.730+0000] {dagbag.py:588} INFO - Filling up the DagBag from /home/airflow/.local/lib/python3.12/site-packages/airflow/example_dags/example_short_circuit_decorator.py
[2025-02-20T13:45:48.739+0000] {processor.py:925} INFO - DAG(s) 'example_short_circuit_decorator' retrieved from /home/airflow/.local/lib/python3.12/site-packages/airflow/example_dags/example_short_circuit_decorator.py
[2025-02-20T13:45:48.760+0000] {logging_mixin.py:190} INFO - [2025-02-20T13:45:48.760+0000] {dag.py:3239} INFO - Sync 1 DAGs
[2025-02-20T13:45:48.773+0000] {logging_mixin.py:190} INFO - [2025-02-20T13:45:48.773+0000] {dag.py:4180} INFO - Setting next_dagrun for example_short_circuit_decorator to None, run_after=None
[2025-02-20T13:45:48.792+0000] {processor.py:208} INFO - Processing /home/airflow/.local/lib/python3.12/site-packages/airflow/example_dags/example_short_circuit_decorator.py took 0.070 seconds
[2025-02-20T13:46:19.220+0000] {processor.py:186} INFO - Started process (PID=5726) to work on /home/airflow/.local/lib/python3.12/site-packages/airflow/example_dags/example_short_circuit_decorator.py
[2025-02-20T13:46:19.221+0000] {processor.py:914} INFO - Processing file /home/airflow/.local/lib/python3.12/site-packages/airflow/example_dags/example_short_circuit_decorator.py for tasks to queue
[2025-02-20T13:46:19.223+0000] {logging_mixin.py:190} INFO - [2025-02-20T13:46:19.222+0000] {dagbag.py:588} INFO - Filling up the DagBag from /home/airflow/.local/lib/python3.12/site-packages/airflow/example_dags/example_short_circuit_decorator.py
[2025-02-20T13:46:19.232+0000] {processor.py:925} INFO - DAG(s) 'example_short_circuit_decorator' retrieved from /home/airflow/.local/lib/python3.12/site-packages/airflow/example_dags/example_short_circuit_decorator.py
[2025-02-20T13:46:19.252+0000] {logging_mixin.py:190} INFO - [2025-02-20T13:46:19.252+0000] {dag.py:3239} INFO - Sync 1 DAGs
[2025-02-20T13:46:19.264+0000] {logging_mixin.py:190} INFO - [2025-02-20T13:46:19.264+0000] {dag.py:4180} INFO - Setting next_dagrun for example_short_circuit_decorator to None, run_after=None
[2025-02-20T13:46:19.282+0000] {processor.py:208} INFO - Processing /home/airflow/.local/lib/python3.12/site-packages/airflow/example_dags/example_short_circuit_decorator.py took 0.066 seconds
[2025-02-20T13:46:49.821+0000] {processor.py:186} INFO - Started process (PID=5802) to work on /home/airflow/.local/lib/python3.12/site-packages/airflow/example_dags/example_short_circuit_decorator.py
[2025-02-20T13:46:49.822+0000] {processor.py:914} INFO - Processing file /home/airflow/.local/lib/python3.12/site-packages/airflow/example_dags/example_short_circuit_decorator.py for tasks to queue
[2025-02-20T13:46:49.823+0000] {logging_mixin.py:190} INFO - [2025-02-20T13:46:49.823+0000] {dagbag.py:588} INFO - Filling up the DagBag from /home/airflow/.local/lib/python3.12/site-packages/airflow/example_dags/example_short_circuit_decorator.py
[2025-02-20T13:46:49.833+0000] {processor.py:925} INFO - DAG(s) 'example_short_circuit_decorator' retrieved from /home/airflow/.local/lib/python3.12/site-packages/airflow/example_dags/example_short_circuit_decorator.py
[2025-02-20T13:46:49.851+0000] {logging_mixin.py:190} INFO - [2025-02-20T13:46:49.850+0000] {dag.py:3239} INFO - Sync 1 DAGs
[2025-02-20T13:46:49.864+0000] {logging_mixin.py:190} INFO - [2025-02-20T13:46:49.864+0000] {dag.py:4180} INFO - Setting next_dagrun for example_short_circuit_decorator to None, run_after=None
[2025-02-20T13:46:49.883+0000] {processor.py:208} INFO - Processing /home/airflow/.local/lib/python3.12/site-packages/airflow/example_dags/example_short_circuit_decorator.py took 0.067 seconds
[2025-02-20T13:47:20.214+0000] {processor.py:186} INFO - Started process (PID=5877) to work on /home/airflow/.local/lib/python3.12/site-packages/airflow/example_dags/example_short_circuit_decorator.py
[2025-02-20T13:47:20.215+0000] {processor.py:914} INFO - Processing file /home/airflow/.local/lib/python3.12/site-packages/airflow/example_dags/example_short_circuit_decorator.py for tasks to queue
[2025-02-20T13:47:20.216+0000] {logging_mixin.py:190} INFO - [2025-02-20T13:47:20.216+0000] {dagbag.py:588} INFO - Filling up the DagBag from /home/airflow/.local/lib/python3.12/site-packages/airflow/example_dags/example_short_circuit_decorator.py
[2025-02-20T13:47:20.227+0000] {processor.py:925} INFO - DAG(s) 'example_short_circuit_decorator' retrieved from /home/airflow/.local/lib/python3.12/site-packages/airflow/example_dags/example_short_circuit_decorator.py
[2025-02-20T13:47:20.251+0000] {logging_mixin.py:190} INFO - [2025-02-20T13:47:20.250+0000] {dag.py:3239} INFO - Sync 1 DAGs
[2025-02-20T13:47:20.271+0000] {logging_mixin.py:190} INFO - [2025-02-20T13:47:20.271+0000] {dag.py:4180} INFO - Setting next_dagrun for example_short_circuit_decorator to None, run_after=None
[2025-02-20T13:47:20.291+0000] {processor.py:208} INFO - Processing /home/airflow/.local/lib/python3.12/site-packages/airflow/example_dags/example_short_circuit_decorator.py took 0.083 seconds
[2025-02-20T13:47:50.684+0000] {processor.py:186} INFO - Started process (PID=5953) to work on /home/airflow/.local/lib/python3.12/site-packages/airflow/example_dags/example_short_circuit_decorator.py
[2025-02-20T13:47:50.686+0000] {processor.py:914} INFO - Processing file /home/airflow/.local/lib/python3.12/site-packages/airflow/example_dags/example_short_circuit_decorator.py for tasks to queue
[2025-02-20T13:47:50.688+0000] {logging_mixin.py:190} INFO - [2025-02-20T13:47:50.687+0000] {dagbag.py:588} INFO - Filling up the DagBag from /home/airflow/.local/lib/python3.12/site-packages/airflow/example_dags/example_short_circuit_decorator.py
[2025-02-20T13:47:50.697+0000] {processor.py:925} INFO - DAG(s) 'example_short_circuit_decorator' retrieved from /home/airflow/.local/lib/python3.12/site-packages/airflow/example_dags/example_short_circuit_decorator.py
[2025-02-20T13:47:50.718+0000] {logging_mixin.py:190} INFO - [2025-02-20T13:47:50.717+0000] {dag.py:3239} INFO - Sync 1 DAGs
[2025-02-20T13:47:50.730+0000] {logging_mixin.py:190} INFO - [2025-02-20T13:47:50.730+0000] {dag.py:4180} INFO - Setting next_dagrun for example_short_circuit_decorator to None, run_after=None
[2025-02-20T13:47:50.748+0000] {processor.py:208} INFO - Processing /home/airflow/.local/lib/python3.12/site-packages/airflow/example_dags/example_short_circuit_decorator.py took 0.069 seconds
[2025-02-20T13:48:21.127+0000] {processor.py:186} INFO - Started process (PID=6029) to work on /home/airflow/.local/lib/python3.12/site-packages/airflow/example_dags/example_short_circuit_decorator.py
[2025-02-20T13:48:21.128+0000] {processor.py:914} INFO - Processing file /home/airflow/.local/lib/python3.12/site-packages/airflow/example_dags/example_short_circuit_decorator.py for tasks to queue
[2025-02-20T13:48:21.129+0000] {logging_mixin.py:190} INFO - [2025-02-20T13:48:21.129+0000] {dagbag.py:588} INFO - Filling up the DagBag from /home/airflow/.local/lib/python3.12/site-packages/airflow/example_dags/example_short_circuit_decorator.py
[2025-02-20T13:48:21.138+0000] {processor.py:925} INFO - DAG(s) 'example_short_circuit_decorator' retrieved from /home/airflow/.local/lib/python3.12/site-packages/airflow/example_dags/example_short_circuit_decorator.py
[2025-02-20T13:48:21.156+0000] {logging_mixin.py:190} INFO - [2025-02-20T13:48:21.156+0000] {dag.py:3239} INFO - Sync 1 DAGs
[2025-02-20T13:48:21.169+0000] {logging_mixin.py:190} INFO - [2025-02-20T13:48:21.168+0000] {dag.py:4180} INFO - Setting next_dagrun for example_short_circuit_decorator to None, run_after=None
[2025-02-20T13:48:21.182+0000] {processor.py:208} INFO - Processing /home/airflow/.local/lib/python3.12/site-packages/airflow/example_dags/example_short_circuit_decorator.py took 0.061 seconds
[2025-02-20T13:48:52.018+0000] {processor.py:186} INFO - Started process (PID=6104) to work on /home/airflow/.local/lib/python3.12/site-packages/airflow/example_dags/example_short_circuit_decorator.py
[2025-02-20T13:48:52.020+0000] {processor.py:914} INFO - Processing file /home/airflow/.local/lib/python3.12/site-packages/airflow/example_dags/example_short_circuit_decorator.py for tasks to queue
[2025-02-20T13:48:52.022+0000] {logging_mixin.py:190} INFO - [2025-02-20T13:48:52.022+0000] {dagbag.py:588} INFO - Filling up the DagBag from /home/airflow/.local/lib/python3.12/site-packages/airflow/example_dags/example_short_circuit_decorator.py
[2025-02-20T13:48:52.035+0000] {processor.py:925} INFO - DAG(s) 'example_short_circuit_decorator' retrieved from /home/airflow/.local/lib/python3.12/site-packages/airflow/example_dags/example_short_circuit_decorator.py
[2025-02-20T13:48:52.055+0000] {logging_mixin.py:190} INFO - [2025-02-20T13:48:52.055+0000] {dag.py:3239} INFO - Sync 1 DAGs
[2025-02-20T13:48:52.068+0000] {logging_mixin.py:190} INFO - [2025-02-20T13:48:52.067+0000] {dag.py:4180} INFO - Setting next_dagrun for example_short_circuit_decorator to None, run_after=None
[2025-02-20T13:48:52.085+0000] {processor.py:208} INFO - Processing /home/airflow/.local/lib/python3.12/site-packages/airflow/example_dags/example_short_circuit_decorator.py took 0.072 seconds
[2025-02-20T13:49:23.038+0000] {processor.py:186} INFO - Started process (PID=6186) to work on /home/airflow/.local/lib/python3.12/site-packages/airflow/example_dags/example_short_circuit_decorator.py
[2025-02-20T13:49:23.040+0000] {processor.py:914} INFO - Processing file /home/airflow/.local/lib/python3.12/site-packages/airflow/example_dags/example_short_circuit_decorator.py for tasks to queue
[2025-02-20T13:49:23.041+0000] {logging_mixin.py:190} INFO - [2025-02-20T13:49:23.041+0000] {dagbag.py:588} INFO - Filling up the DagBag from /home/airflow/.local/lib/python3.12/site-packages/airflow/example_dags/example_short_circuit_decorator.py
[2025-02-20T13:49:23.049+0000] {processor.py:925} INFO - DAG(s) 'example_short_circuit_decorator' retrieved from /home/airflow/.local/lib/python3.12/site-packages/airflow/example_dags/example_short_circuit_decorator.py
[2025-02-20T13:49:23.069+0000] {logging_mixin.py:190} INFO - [2025-02-20T13:49:23.069+0000] {dag.py:3239} INFO - Sync 1 DAGs
[2025-02-20T13:49:23.082+0000] {logging_mixin.py:190} INFO - [2025-02-20T13:49:23.082+0000] {dag.py:4180} INFO - Setting next_dagrun for example_short_circuit_decorator to None, run_after=None
[2025-02-20T13:49:23.098+0000] {processor.py:208} INFO - Processing /home/airflow/.local/lib/python3.12/site-packages/airflow/example_dags/example_short_circuit_decorator.py took 0.065 seconds
[2025-02-20T13:49:53.660+0000] {processor.py:186} INFO - Started process (PID=6262) to work on /home/airflow/.local/lib/python3.12/site-packages/airflow/example_dags/example_short_circuit_decorator.py
[2025-02-20T13:49:53.661+0000] {processor.py:914} INFO - Processing file /home/airflow/.local/lib/python3.12/site-packages/airflow/example_dags/example_short_circuit_decorator.py for tasks to queue
[2025-02-20T13:49:53.662+0000] {logging_mixin.py:190} INFO - [2025-02-20T13:49:53.662+0000] {dagbag.py:588} INFO - Filling up the DagBag from /home/airflow/.local/lib/python3.12/site-packages/airflow/example_dags/example_short_circuit_decorator.py
[2025-02-20T13:49:53.670+0000] {processor.py:925} INFO - DAG(s) 'example_short_circuit_decorator' retrieved from /home/airflow/.local/lib/python3.12/site-packages/airflow/example_dags/example_short_circuit_decorator.py
[2025-02-20T13:49:53.691+0000] {logging_mixin.py:190} INFO - [2025-02-20T13:49:53.690+0000] {dag.py:3239} INFO - Sync 1 DAGs
[2025-02-20T13:49:53.704+0000] {logging_mixin.py:190} INFO - [2025-02-20T13:49:53.704+0000] {dag.py:4180} INFO - Setting next_dagrun for example_short_circuit_decorator to None, run_after=None
[2025-02-20T13:49:53.723+0000] {processor.py:208} INFO - Processing /home/airflow/.local/lib/python3.12/site-packages/airflow/example_dags/example_short_circuit_decorator.py took 0.067 seconds
[2025-02-20T13:50:23.915+0000] {processor.py:186} INFO - Started process (PID=6338) to work on /home/airflow/.local/lib/python3.12/site-packages/airflow/example_dags/example_short_circuit_decorator.py
[2025-02-20T13:50:23.916+0000] {processor.py:914} INFO - Processing file /home/airflow/.local/lib/python3.12/site-packages/airflow/example_dags/example_short_circuit_decorator.py for tasks to queue
[2025-02-20T13:50:23.918+0000] {logging_mixin.py:190} INFO - [2025-02-20T13:50:23.918+0000] {dagbag.py:588} INFO - Filling up the DagBag from /home/airflow/.local/lib/python3.12/site-packages/airflow/example_dags/example_short_circuit_decorator.py
[2025-02-20T13:50:23.926+0000] {processor.py:925} INFO - DAG(s) 'example_short_circuit_decorator' retrieved from /home/airflow/.local/lib/python3.12/site-packages/airflow/example_dags/example_short_circuit_decorator.py
[2025-02-20T13:50:23.949+0000] {logging_mixin.py:190} INFO - [2025-02-20T13:50:23.949+0000] {dag.py:3239} INFO - Sync 1 DAGs
[2025-02-20T13:50:23.963+0000] {logging_mixin.py:190} INFO - [2025-02-20T13:50:23.963+0000] {dag.py:4180} INFO - Setting next_dagrun for example_short_circuit_decorator to None, run_after=None
[2025-02-20T13:50:23.977+0000] {processor.py:208} INFO - Processing /home/airflow/.local/lib/python3.12/site-packages/airflow/example_dags/example_short_circuit_decorator.py took 0.067 seconds
[2025-02-20T13:50:54.492+0000] {processor.py:186} INFO - Started process (PID=6413) to work on /home/airflow/.local/lib/python3.12/site-packages/airflow/example_dags/example_short_circuit_decorator.py
[2025-02-20T13:50:54.493+0000] {processor.py:914} INFO - Processing file /home/airflow/.local/lib/python3.12/site-packages/airflow/example_dags/example_short_circuit_decorator.py for tasks to queue
[2025-02-20T13:50:54.495+0000] {logging_mixin.py:190} INFO - [2025-02-20T13:50:54.495+0000] {dagbag.py:588} INFO - Filling up the DagBag from /home/airflow/.local/lib/python3.12/site-packages/airflow/example_dags/example_short_circuit_decorator.py
[2025-02-20T13:50:54.505+0000] {processor.py:925} INFO - DAG(s) 'example_short_circuit_decorator' retrieved from /home/airflow/.local/lib/python3.12/site-packages/airflow/example_dags/example_short_circuit_decorator.py
[2025-02-20T13:50:54.527+0000] {logging_mixin.py:190} INFO - [2025-02-20T13:50:54.527+0000] {dag.py:3239} INFO - Sync 1 DAGs
[2025-02-20T13:50:54.540+0000] {logging_mixin.py:190} INFO - [2025-02-20T13:50:54.540+0000] {dag.py:4180} INFO - Setting next_dagrun for example_short_circuit_decorator to None, run_after=None
[2025-02-20T13:50:54.557+0000] {processor.py:208} INFO - Processing /home/airflow/.local/lib/python3.12/site-packages/airflow/example_dags/example_short_circuit_decorator.py took 0.070 seconds
[2025-02-20T13:51:24.641+0000] {processor.py:186} INFO - Started process (PID=6489) to work on /home/airflow/.local/lib/python3.12/site-packages/airflow/example_dags/example_short_circuit_decorator.py
[2025-02-20T13:51:24.643+0000] {processor.py:914} INFO - Processing file /home/airflow/.local/lib/python3.12/site-packages/airflow/example_dags/example_short_circuit_decorator.py for tasks to queue
[2025-02-20T13:51:24.644+0000] {logging_mixin.py:190} INFO - [2025-02-20T13:51:24.644+0000] {dagbag.py:588} INFO - Filling up the DagBag from /home/airflow/.local/lib/python3.12/site-packages/airflow/example_dags/example_short_circuit_decorator.py
[2025-02-20T13:51:24.652+0000] {processor.py:925} INFO - DAG(s) 'example_short_circuit_decorator' retrieved from /home/airflow/.local/lib/python3.12/site-packages/airflow/example_dags/example_short_circuit_decorator.py
[2025-02-20T13:51:24.672+0000] {logging_mixin.py:190} INFO - [2025-02-20T13:51:24.672+0000] {dag.py:3239} INFO - Sync 1 DAGs
[2025-02-20T13:51:24.686+0000] {logging_mixin.py:190} INFO - [2025-02-20T13:51:24.685+0000] {dag.py:4180} INFO - Setting next_dagrun for example_short_circuit_decorator to None, run_after=None
[2025-02-20T13:51:24.704+0000] {processor.py:208} INFO - Processing /home/airflow/.local/lib/python3.12/site-packages/airflow/example_dags/example_short_circuit_decorator.py took 0.067 seconds
[2025-02-20T13:51:55.388+0000] {processor.py:186} INFO - Started process (PID=6558) to work on /home/airflow/.local/lib/python3.12/site-packages/airflow/example_dags/example_short_circuit_decorator.py
[2025-02-20T13:51:55.390+0000] {processor.py:914} INFO - Processing file /home/airflow/.local/lib/python3.12/site-packages/airflow/example_dags/example_short_circuit_decorator.py for tasks to queue
[2025-02-20T13:51:55.391+0000] {logging_mixin.py:190} INFO - [2025-02-20T13:51:55.391+0000] {dagbag.py:588} INFO - Filling up the DagBag from /home/airflow/.local/lib/python3.12/site-packages/airflow/example_dags/example_short_circuit_decorator.py
[2025-02-20T13:51:55.401+0000] {processor.py:925} INFO - DAG(s) 'example_short_circuit_decorator' retrieved from /home/airflow/.local/lib/python3.12/site-packages/airflow/example_dags/example_short_circuit_decorator.py
[2025-02-20T13:51:55.425+0000] {logging_mixin.py:190} INFO - [2025-02-20T13:51:55.424+0000] {dag.py:3239} INFO - Sync 1 DAGs
[2025-02-20T13:51:55.439+0000] {logging_mixin.py:190} INFO - [2025-02-20T13:51:55.439+0000] {dag.py:4180} INFO - Setting next_dagrun for example_short_circuit_decorator to None, run_after=None
[2025-02-20T13:51:55.459+0000] {processor.py:208} INFO - Processing /home/airflow/.local/lib/python3.12/site-packages/airflow/example_dags/example_short_circuit_decorator.py took 0.076 seconds
[2025-02-20T13:52:25.713+0000] {processor.py:186} INFO - Started process (PID=6634) to work on /home/airflow/.local/lib/python3.12/site-packages/airflow/example_dags/example_short_circuit_decorator.py
[2025-02-20T13:52:25.715+0000] {processor.py:914} INFO - Processing file /home/airflow/.local/lib/python3.12/site-packages/airflow/example_dags/example_short_circuit_decorator.py for tasks to queue
[2025-02-20T13:52:25.716+0000] {logging_mixin.py:190} INFO - [2025-02-20T13:52:25.715+0000] {dagbag.py:588} INFO - Filling up the DagBag from /home/airflow/.local/lib/python3.12/site-packages/airflow/example_dags/example_short_circuit_decorator.py
[2025-02-20T13:52:25.723+0000] {processor.py:925} INFO - DAG(s) 'example_short_circuit_decorator' retrieved from /home/airflow/.local/lib/python3.12/site-packages/airflow/example_dags/example_short_circuit_decorator.py
[2025-02-20T13:52:25.742+0000] {logging_mixin.py:190} INFO - [2025-02-20T13:52:25.742+0000] {dag.py:3239} INFO - Sync 1 DAGs
[2025-02-20T13:52:25.762+0000] {logging_mixin.py:190} INFO - [2025-02-20T13:52:25.761+0000] {dag.py:4180} INFO - Setting next_dagrun for example_short_circuit_decorator to None, run_after=None
[2025-02-20T13:52:25.782+0000] {processor.py:208} INFO - Processing /home/airflow/.local/lib/python3.12/site-packages/airflow/example_dags/example_short_circuit_decorator.py took 0.073 seconds
[2025-02-20T13:52:55.887+0000] {processor.py:186} INFO - Started process (PID=6710) to work on /home/airflow/.local/lib/python3.12/site-packages/airflow/example_dags/example_short_circuit_decorator.py
[2025-02-20T13:52:55.889+0000] {processor.py:914} INFO - Processing file /home/airflow/.local/lib/python3.12/site-packages/airflow/example_dags/example_short_circuit_decorator.py for tasks to queue
[2025-02-20T13:52:55.890+0000] {logging_mixin.py:190} INFO - [2025-02-20T13:52:55.890+0000] {dagbag.py:588} INFO - Filling up the DagBag from /home/airflow/.local/lib/python3.12/site-packages/airflow/example_dags/example_short_circuit_decorator.py
[2025-02-20T13:52:55.899+0000] {processor.py:925} INFO - DAG(s) 'example_short_circuit_decorator' retrieved from /home/airflow/.local/lib/python3.12/site-packages/airflow/example_dags/example_short_circuit_decorator.py
[2025-02-20T13:52:55.925+0000] {logging_mixin.py:190} INFO - [2025-02-20T13:52:55.924+0000] {dag.py:3239} INFO - Sync 1 DAGs
[2025-02-20T13:52:55.940+0000] {logging_mixin.py:190} INFO - [2025-02-20T13:52:55.939+0000] {dag.py:4180} INFO - Setting next_dagrun for example_short_circuit_decorator to None, run_after=None
[2025-02-20T13:52:55.963+0000] {processor.py:208} INFO - Processing /home/airflow/.local/lib/python3.12/site-packages/airflow/example_dags/example_short_circuit_decorator.py took 0.081 seconds
[2025-02-20T13:53:26.330+0000] {processor.py:186} INFO - Started process (PID=6785) to work on /home/airflow/.local/lib/python3.12/site-packages/airflow/example_dags/example_short_circuit_decorator.py
[2025-02-20T13:53:26.331+0000] {processor.py:914} INFO - Processing file /home/airflow/.local/lib/python3.12/site-packages/airflow/example_dags/example_short_circuit_decorator.py for tasks to queue
[2025-02-20T13:53:26.333+0000] {logging_mixin.py:190} INFO - [2025-02-20T13:53:26.333+0000] {dagbag.py:588} INFO - Filling up the DagBag from /home/airflow/.local/lib/python3.12/site-packages/airflow/example_dags/example_short_circuit_decorator.py
[2025-02-20T13:53:26.341+0000] {processor.py:925} INFO - DAG(s) 'example_short_circuit_decorator' retrieved from /home/airflow/.local/lib/python3.12/site-packages/airflow/example_dags/example_short_circuit_decorator.py
[2025-02-20T13:53:26.365+0000] {logging_mixin.py:190} INFO - [2025-02-20T13:53:26.365+0000] {dag.py:3239} INFO - Sync 1 DAGs
[2025-02-20T13:53:26.379+0000] {logging_mixin.py:190} INFO - [2025-02-20T13:53:26.379+0000] {dag.py:4180} INFO - Setting next_dagrun for example_short_circuit_decorator to None, run_after=None
[2025-02-20T13:53:26.398+0000] {processor.py:208} INFO - Processing /home/airflow/.local/lib/python3.12/site-packages/airflow/example_dags/example_short_circuit_decorator.py took 0.073 seconds
[2025-02-20T13:53:56.603+0000] {processor.py:186} INFO - Started process (PID=6861) to work on /home/airflow/.local/lib/python3.12/site-packages/airflow/example_dags/example_short_circuit_decorator.py
[2025-02-20T13:53:56.604+0000] {processor.py:914} INFO - Processing file /home/airflow/.local/lib/python3.12/site-packages/airflow/example_dags/example_short_circuit_decorator.py for tasks to queue
[2025-02-20T13:53:56.606+0000] {logging_mixin.py:190} INFO - [2025-02-20T13:53:56.606+0000] {dagbag.py:588} INFO - Filling up the DagBag from /home/airflow/.local/lib/python3.12/site-packages/airflow/example_dags/example_short_circuit_decorator.py
[2025-02-20T13:53:56.667+0000] {processor.py:925} INFO - DAG(s) 'example_short_circuit_decorator' retrieved from /home/airflow/.local/lib/python3.12/site-packages/airflow/example_dags/example_short_circuit_decorator.py
[2025-02-20T13:53:56.687+0000] {logging_mixin.py:190} INFO - [2025-02-20T13:53:56.687+0000] {dag.py:3239} INFO - Sync 1 DAGs
[2025-02-20T13:53:56.700+0000] {logging_mixin.py:190} INFO - [2025-02-20T13:53:56.700+0000] {dag.py:4180} INFO - Setting next_dagrun for example_short_circuit_decorator to None, run_after=None
[2025-02-20T13:53:56.719+0000] {processor.py:208} INFO - Processing /home/airflow/.local/lib/python3.12/site-packages/airflow/example_dags/example_short_circuit_decorator.py took 0.121 seconds
[2025-02-20T13:54:27.465+0000] {processor.py:186} INFO - Started process (PID=6937) to work on /home/airflow/.local/lib/python3.12/site-packages/airflow/example_dags/example_short_circuit_decorator.py
[2025-02-20T13:54:27.466+0000] {processor.py:914} INFO - Processing file /home/airflow/.local/lib/python3.12/site-packages/airflow/example_dags/example_short_circuit_decorator.py for tasks to queue
[2025-02-20T13:54:27.467+0000] {logging_mixin.py:190} INFO - [2025-02-20T13:54:27.467+0000] {dagbag.py:588} INFO - Filling up the DagBag from /home/airflow/.local/lib/python3.12/site-packages/airflow/example_dags/example_short_circuit_decorator.py
[2025-02-20T13:54:27.476+0000] {processor.py:925} INFO - DAG(s) 'example_short_circuit_decorator' retrieved from /home/airflow/.local/lib/python3.12/site-packages/airflow/example_dags/example_short_circuit_decorator.py
[2025-02-20T13:54:27.496+0000] {logging_mixin.py:190} INFO - [2025-02-20T13:54:27.496+0000] {dag.py:3239} INFO - Sync 1 DAGs
[2025-02-20T13:54:27.508+0000] {logging_mixin.py:190} INFO - [2025-02-20T13:54:27.508+0000] {dag.py:4180} INFO - Setting next_dagrun for example_short_circuit_decorator to None, run_after=None
[2025-02-20T13:54:27.526+0000] {processor.py:208} INFO - Processing /home/airflow/.local/lib/python3.12/site-packages/airflow/example_dags/example_short_circuit_decorator.py took 0.065 seconds
[2025-02-20T13:54:57.812+0000] {processor.py:186} INFO - Started process (PID=7013) to work on /home/airflow/.local/lib/python3.12/site-packages/airflow/example_dags/example_short_circuit_decorator.py
[2025-02-20T13:54:57.813+0000] {processor.py:914} INFO - Processing file /home/airflow/.local/lib/python3.12/site-packages/airflow/example_dags/example_short_circuit_decorator.py for tasks to queue
[2025-02-20T13:54:57.814+0000] {logging_mixin.py:190} INFO - [2025-02-20T13:54:57.813+0000] {dagbag.py:588} INFO - Filling up the DagBag from /home/airflow/.local/lib/python3.12/site-packages/airflow/example_dags/example_short_circuit_decorator.py
[2025-02-20T13:54:57.822+0000] {processor.py:925} INFO - DAG(s) 'example_short_circuit_decorator' retrieved from /home/airflow/.local/lib/python3.12/site-packages/airflow/example_dags/example_short_circuit_decorator.py
[2025-02-20T13:54:57.842+0000] {logging_mixin.py:190} INFO - [2025-02-20T13:54:57.842+0000] {dag.py:3239} INFO - Sync 1 DAGs
[2025-02-20T13:54:57.855+0000] {logging_mixin.py:190} INFO - [2025-02-20T13:54:57.854+0000] {dag.py:4180} INFO - Setting next_dagrun for example_short_circuit_decorator to None, run_after=None
[2025-02-20T13:54:57.873+0000] {processor.py:208} INFO - Processing /home/airflow/.local/lib/python3.12/site-packages/airflow/example_dags/example_short_circuit_decorator.py took 0.065 seconds
[2025-02-20T13:55:28.623+0000] {processor.py:186} INFO - Started process (PID=7089) to work on /home/airflow/.local/lib/python3.12/site-packages/airflow/example_dags/example_short_circuit_decorator.py
[2025-02-20T13:55:28.625+0000] {processor.py:914} INFO - Processing file /home/airflow/.local/lib/python3.12/site-packages/airflow/example_dags/example_short_circuit_decorator.py for tasks to queue
[2025-02-20T13:55:28.627+0000] {logging_mixin.py:190} INFO - [2025-02-20T13:55:28.626+0000] {dagbag.py:588} INFO - Filling up the DagBag from /home/airflow/.local/lib/python3.12/site-packages/airflow/example_dags/example_short_circuit_decorator.py
[2025-02-20T13:55:28.636+0000] {processor.py:925} INFO - DAG(s) 'example_short_circuit_decorator' retrieved from /home/airflow/.local/lib/python3.12/site-packages/airflow/example_dags/example_short_circuit_decorator.py
[2025-02-20T13:55:28.659+0000] {logging_mixin.py:190} INFO - [2025-02-20T13:55:28.659+0000] {dag.py:3239} INFO - Sync 1 DAGs
[2025-02-20T13:55:28.676+0000] {logging_mixin.py:190} INFO - [2025-02-20T13:55:28.676+0000] {dag.py:4180} INFO - Setting next_dagrun for example_short_circuit_decorator to None, run_after=None
[2025-02-20T13:55:28.694+0000] {processor.py:208} INFO - Processing /home/airflow/.local/lib/python3.12/site-packages/airflow/example_dags/example_short_circuit_decorator.py took 0.075 seconds
[2025-02-20T13:55:58.839+0000] {processor.py:186} INFO - Started process (PID=7165) to work on /home/airflow/.local/lib/python3.12/site-packages/airflow/example_dags/example_short_circuit_decorator.py
[2025-02-20T13:55:58.840+0000] {processor.py:914} INFO - Processing file /home/airflow/.local/lib/python3.12/site-packages/airflow/example_dags/example_short_circuit_decorator.py for tasks to queue
[2025-02-20T13:55:58.841+0000] {logging_mixin.py:190} INFO - [2025-02-20T13:55:58.841+0000] {dagbag.py:588} INFO - Filling up the DagBag from /home/airflow/.local/lib/python3.12/site-packages/airflow/example_dags/example_short_circuit_decorator.py
[2025-02-20T13:55:58.849+0000] {processor.py:925} INFO - DAG(s) 'example_short_circuit_decorator' retrieved from /home/airflow/.local/lib/python3.12/site-packages/airflow/example_dags/example_short_circuit_decorator.py
[2025-02-20T13:55:58.879+0000] {logging_mixin.py:190} INFO - [2025-02-20T13:55:58.879+0000] {dag.py:3239} INFO - Sync 1 DAGs
[2025-02-20T13:55:58.891+0000] {logging_mixin.py:190} INFO - [2025-02-20T13:55:58.891+0000] {dag.py:4180} INFO - Setting next_dagrun for example_short_circuit_decorator to None, run_after=None
[2025-02-20T13:55:58.910+0000] {processor.py:208} INFO - Processing /home/airflow/.local/lib/python3.12/site-packages/airflow/example_dags/example_short_circuit_decorator.py took 0.076 seconds
[2025-02-20T13:56:29.246+0000] {processor.py:186} INFO - Started process (PID=7241) to work on /home/airflow/.local/lib/python3.12/site-packages/airflow/example_dags/example_short_circuit_decorator.py
[2025-02-20T13:56:29.248+0000] {processor.py:914} INFO - Processing file /home/airflow/.local/lib/python3.12/site-packages/airflow/example_dags/example_short_circuit_decorator.py for tasks to queue
[2025-02-20T13:56:29.249+0000] {logging_mixin.py:190} INFO - [2025-02-20T13:56:29.249+0000] {dagbag.py:588} INFO - Filling up the DagBag from /home/airflow/.local/lib/python3.12/site-packages/airflow/example_dags/example_short_circuit_decorator.py
[2025-02-20T13:56:29.258+0000] {processor.py:925} INFO - DAG(s) 'example_short_circuit_decorator' retrieved from /home/airflow/.local/lib/python3.12/site-packages/airflow/example_dags/example_short_circuit_decorator.py
[2025-02-20T13:56:29.278+0000] {logging_mixin.py:190} INFO - [2025-02-20T13:56:29.277+0000] {dag.py:3239} INFO - Sync 1 DAGs
[2025-02-20T13:56:29.289+0000] {logging_mixin.py:190} INFO - [2025-02-20T13:56:29.289+0000] {dag.py:4180} INFO - Setting next_dagrun for example_short_circuit_decorator to None, run_after=None
[2025-02-20T13:56:29.307+0000] {processor.py:208} INFO - Processing /home/airflow/.local/lib/python3.12/site-packages/airflow/example_dags/example_short_circuit_decorator.py took 0.067 seconds
[2025-02-20T13:56:59.589+0000] {processor.py:186} INFO - Started process (PID=7317) to work on /home/airflow/.local/lib/python3.12/site-packages/airflow/example_dags/example_short_circuit_decorator.py
[2025-02-20T13:56:59.590+0000] {processor.py:914} INFO - Processing file /home/airflow/.local/lib/python3.12/site-packages/airflow/example_dags/example_short_circuit_decorator.py for tasks to queue
[2025-02-20T13:56:59.591+0000] {logging_mixin.py:190} INFO - [2025-02-20T13:56:59.591+0000] {dagbag.py:588} INFO - Filling up the DagBag from /home/airflow/.local/lib/python3.12/site-packages/airflow/example_dags/example_short_circuit_decorator.py
[2025-02-20T13:56:59.599+0000] {processor.py:925} INFO - DAG(s) 'example_short_circuit_decorator' retrieved from /home/airflow/.local/lib/python3.12/site-packages/airflow/example_dags/example_short_circuit_decorator.py
[2025-02-20T13:56:59.662+0000] {logging_mixin.py:190} INFO - [2025-02-20T13:56:59.662+0000] {dag.py:3239} INFO - Sync 1 DAGs
[2025-02-20T13:56:59.682+0000] {logging_mixin.py:190} INFO - [2025-02-20T13:56:59.682+0000] {dag.py:4180} INFO - Setting next_dagrun for example_short_circuit_decorator to None, run_after=None
[2025-02-20T13:56:59.699+0000] {processor.py:208} INFO - Processing /home/airflow/.local/lib/python3.12/site-packages/airflow/example_dags/example_short_circuit_decorator.py took 0.114 seconds
[2025-02-20T13:57:30.160+0000] {processor.py:186} INFO - Started process (PID=7393) to work on /home/airflow/.local/lib/python3.12/site-packages/airflow/example_dags/example_short_circuit_decorator.py
[2025-02-20T13:57:30.161+0000] {processor.py:914} INFO - Processing file /home/airflow/.local/lib/python3.12/site-packages/airflow/example_dags/example_short_circuit_decorator.py for tasks to queue
[2025-02-20T13:57:30.162+0000] {logging_mixin.py:190} INFO - [2025-02-20T13:57:30.161+0000] {dagbag.py:588} INFO - Filling up the DagBag from /home/airflow/.local/lib/python3.12/site-packages/airflow/example_dags/example_short_circuit_decorator.py
[2025-02-20T13:57:30.172+0000] {processor.py:925} INFO - DAG(s) 'example_short_circuit_decorator' retrieved from /home/airflow/.local/lib/python3.12/site-packages/airflow/example_dags/example_short_circuit_decorator.py
[2025-02-20T13:57:30.193+0000] {logging_mixin.py:190} INFO - [2025-02-20T13:57:30.193+0000] {dag.py:3239} INFO - Sync 1 DAGs
[2025-02-20T13:57:30.209+0000] {logging_mixin.py:190} INFO - [2025-02-20T13:57:30.209+0000] {dag.py:4180} INFO - Setting next_dagrun for example_short_circuit_decorator to None, run_after=None
[2025-02-20T13:57:30.229+0000] {processor.py:208} INFO - Processing /home/airflow/.local/lib/python3.12/site-packages/airflow/example_dags/example_short_circuit_decorator.py took 0.076 seconds
[2025-02-20T13:58:00.469+0000] {processor.py:186} INFO - Started process (PID=7470) to work on /home/airflow/.local/lib/python3.12/site-packages/airflow/example_dags/example_short_circuit_decorator.py
[2025-02-20T13:58:00.470+0000] {processor.py:914} INFO - Processing file /home/airflow/.local/lib/python3.12/site-packages/airflow/example_dags/example_short_circuit_decorator.py for tasks to queue
[2025-02-20T13:58:00.472+0000] {logging_mixin.py:190} INFO - [2025-02-20T13:58:00.472+0000] {dagbag.py:588} INFO - Filling up the DagBag from /home/airflow/.local/lib/python3.12/site-packages/airflow/example_dags/example_short_circuit_decorator.py
[2025-02-20T13:58:00.480+0000] {processor.py:925} INFO - DAG(s) 'example_short_circuit_decorator' retrieved from /home/airflow/.local/lib/python3.12/site-packages/airflow/example_dags/example_short_circuit_decorator.py
[2025-02-20T13:58:00.500+0000] {logging_mixin.py:190} INFO - [2025-02-20T13:58:00.500+0000] {dag.py:3239} INFO - Sync 1 DAGs
[2025-02-20T13:58:00.513+0000] {logging_mixin.py:190} INFO - [2025-02-20T13:58:00.513+0000] {dag.py:4180} INFO - Setting next_dagrun for example_short_circuit_decorator to None, run_after=None
[2025-02-20T13:58:00.530+0000] {processor.py:208} INFO - Processing /home/airflow/.local/lib/python3.12/site-packages/airflow/example_dags/example_short_circuit_decorator.py took 0.066 seconds
[2025-02-20T13:58:31.007+0000] {processor.py:186} INFO - Started process (PID=7546) to work on /home/airflow/.local/lib/python3.12/site-packages/airflow/example_dags/example_short_circuit_decorator.py
[2025-02-20T13:58:31.008+0000] {processor.py:914} INFO - Processing file /home/airflow/.local/lib/python3.12/site-packages/airflow/example_dags/example_short_circuit_decorator.py for tasks to queue
[2025-02-20T13:58:31.009+0000] {logging_mixin.py:190} INFO - [2025-02-20T13:58:31.008+0000] {dagbag.py:588} INFO - Filling up the DagBag from /home/airflow/.local/lib/python3.12/site-packages/airflow/example_dags/example_short_circuit_decorator.py
[2025-02-20T13:58:31.017+0000] {processor.py:925} INFO - DAG(s) 'example_short_circuit_decorator' retrieved from /home/airflow/.local/lib/python3.12/site-packages/airflow/example_dags/example_short_circuit_decorator.py
[2025-02-20T13:58:31.035+0000] {logging_mixin.py:190} INFO - [2025-02-20T13:58:31.034+0000] {dag.py:3239} INFO - Sync 1 DAGs
[2025-02-20T13:58:31.047+0000] {logging_mixin.py:190} INFO - [2025-02-20T13:58:31.047+0000] {dag.py:4180} INFO - Setting next_dagrun for example_short_circuit_decorator to None, run_after=None
[2025-02-20T13:58:31.067+0000] {processor.py:208} INFO - Processing /home/airflow/.local/lib/python3.12/site-packages/airflow/example_dags/example_short_circuit_decorator.py took 0.065 seconds
[2025-02-20T13:59:01.626+0000] {processor.py:186} INFO - Started process (PID=7622) to work on /home/airflow/.local/lib/python3.12/site-packages/airflow/example_dags/example_short_circuit_decorator.py
[2025-02-20T13:59:01.678+0000] {processor.py:914} INFO - Processing file /home/airflow/.local/lib/python3.12/site-packages/airflow/example_dags/example_short_circuit_decorator.py for tasks to queue
[2025-02-20T13:59:01.680+0000] {logging_mixin.py:190} INFO - [2025-02-20T13:59:01.680+0000] {dagbag.py:588} INFO - Filling up the DagBag from /home/airflow/.local/lib/python3.12/site-packages/airflow/example_dags/example_short_circuit_decorator.py
[2025-02-20T13:59:01.688+0000] {processor.py:925} INFO - DAG(s) 'example_short_circuit_decorator' retrieved from /home/airflow/.local/lib/python3.12/site-packages/airflow/example_dags/example_short_circuit_decorator.py
[2025-02-20T13:59:01.708+0000] {logging_mixin.py:190} INFO - [2025-02-20T13:59:01.708+0000] {dag.py:3239} INFO - Sync 1 DAGs
[2025-02-20T13:59:01.721+0000] {logging_mixin.py:190} INFO - [2025-02-20T13:59:01.721+0000] {dag.py:4180} INFO - Setting next_dagrun for example_short_circuit_decorator to None, run_after=None
[2025-02-20T13:59:01.741+0000] {processor.py:208} INFO - Processing /home/airflow/.local/lib/python3.12/site-packages/airflow/example_dags/example_short_circuit_decorator.py took 0.120 seconds
[2025-02-20T13:59:32.031+0000] {processor.py:186} INFO - Started process (PID=7699) to work on /home/airflow/.local/lib/python3.12/site-packages/airflow/example_dags/example_short_circuit_decorator.py
[2025-02-20T13:59:32.031+0000] {processor.py:914} INFO - Processing file /home/airflow/.local/lib/python3.12/site-packages/airflow/example_dags/example_short_circuit_decorator.py for tasks to queue
[2025-02-20T13:59:32.032+0000] {logging_mixin.py:190} INFO - [2025-02-20T13:59:32.032+0000] {dagbag.py:588} INFO - Filling up the DagBag from /home/airflow/.local/lib/python3.12/site-packages/airflow/example_dags/example_short_circuit_decorator.py
[2025-02-20T13:59:32.040+0000] {processor.py:925} INFO - DAG(s) 'example_short_circuit_decorator' retrieved from /home/airflow/.local/lib/python3.12/site-packages/airflow/example_dags/example_short_circuit_decorator.py
[2025-02-20T13:59:32.059+0000] {logging_mixin.py:190} INFO - [2025-02-20T13:59:32.058+0000] {dag.py:3239} INFO - Sync 1 DAGs
[2025-02-20T13:59:32.072+0000] {logging_mixin.py:190} INFO - [2025-02-20T13:59:32.072+0000] {dag.py:4180} INFO - Setting next_dagrun for example_short_circuit_decorator to None, run_after=None
[2025-02-20T13:59:32.090+0000] {processor.py:208} INFO - Processing /home/airflow/.local/lib/python3.12/site-packages/airflow/example_dags/example_short_circuit_decorator.py took 0.066 seconds
[2025-02-20T14:00:02.161+0000] {processor.py:186} INFO - Started process (PID=7781) to work on /home/airflow/.local/lib/python3.12/site-packages/airflow/example_dags/example_short_circuit_decorator.py
[2025-02-20T14:00:02.162+0000] {processor.py:914} INFO - Processing file /home/airflow/.local/lib/python3.12/site-packages/airflow/example_dags/example_short_circuit_decorator.py for tasks to queue
[2025-02-20T14:00:02.163+0000] {logging_mixin.py:190} INFO - [2025-02-20T14:00:02.163+0000] {dagbag.py:588} INFO - Filling up the DagBag from /home/airflow/.local/lib/python3.12/site-packages/airflow/example_dags/example_short_circuit_decorator.py
[2025-02-20T14:00:02.172+0000] {processor.py:925} INFO - DAG(s) 'example_short_circuit_decorator' retrieved from /home/airflow/.local/lib/python3.12/site-packages/airflow/example_dags/example_short_circuit_decorator.py
[2025-02-20T14:00:02.190+0000] {logging_mixin.py:190} INFO - [2025-02-20T14:00:02.190+0000] {dag.py:3239} INFO - Sync 1 DAGs
[2025-02-20T14:00:02.202+0000] {logging_mixin.py:190} INFO - [2025-02-20T14:00:02.202+0000] {dag.py:4180} INFO - Setting next_dagrun for example_short_circuit_decorator to None, run_after=None
[2025-02-20T14:00:02.221+0000] {processor.py:208} INFO - Processing /home/airflow/.local/lib/python3.12/site-packages/airflow/example_dags/example_short_circuit_decorator.py took 0.064 seconds
[2025-02-20T14:00:32.418+0000] {processor.py:186} INFO - Started process (PID=7857) to work on /home/airflow/.local/lib/python3.12/site-packages/airflow/example_dags/example_short_circuit_decorator.py
[2025-02-20T14:00:32.420+0000] {processor.py:914} INFO - Processing file /home/airflow/.local/lib/python3.12/site-packages/airflow/example_dags/example_short_circuit_decorator.py for tasks to queue
[2025-02-20T14:00:32.421+0000] {logging_mixin.py:190} INFO - [2025-02-20T14:00:32.421+0000] {dagbag.py:588} INFO - Filling up the DagBag from /home/airflow/.local/lib/python3.12/site-packages/airflow/example_dags/example_short_circuit_decorator.py
[2025-02-20T14:00:32.429+0000] {processor.py:925} INFO - DAG(s) 'example_short_circuit_decorator' retrieved from /home/airflow/.local/lib/python3.12/site-packages/airflow/example_dags/example_short_circuit_decorator.py
[2025-02-20T14:00:32.465+0000] {logging_mixin.py:190} INFO - [2025-02-20T14:00:32.465+0000] {dag.py:3239} INFO - Sync 1 DAGs
[2025-02-20T14:00:32.479+0000] {logging_mixin.py:190} INFO - [2025-02-20T14:00:32.479+0000] {dag.py:4180} INFO - Setting next_dagrun for example_short_circuit_decorator to None, run_after=None
[2025-02-20T14:00:32.498+0000] {processor.py:208} INFO - Processing /home/airflow/.local/lib/python3.12/site-packages/airflow/example_dags/example_short_circuit_decorator.py took 0.084 seconds
[2025-02-20T14:01:02.960+0000] {processor.py:186} INFO - Started process (PID=7933) to work on /home/airflow/.local/lib/python3.12/site-packages/airflow/example_dags/example_short_circuit_decorator.py
[2025-02-20T14:01:02.961+0000] {processor.py:914} INFO - Processing file /home/airflow/.local/lib/python3.12/site-packages/airflow/example_dags/example_short_circuit_decorator.py for tasks to queue
[2025-02-20T14:01:02.962+0000] {logging_mixin.py:190} INFO - [2025-02-20T14:01:02.962+0000] {dagbag.py:588} INFO - Filling up the DagBag from /home/airflow/.local/lib/python3.12/site-packages/airflow/example_dags/example_short_circuit_decorator.py
[2025-02-20T14:01:02.970+0000] {processor.py:925} INFO - DAG(s) 'example_short_circuit_decorator' retrieved from /home/airflow/.local/lib/python3.12/site-packages/airflow/example_dags/example_short_circuit_decorator.py
[2025-02-20T14:01:03.026+0000] {logging_mixin.py:190} INFO - [2025-02-20T14:01:03.026+0000] {dag.py:3239} INFO - Sync 1 DAGs
[2025-02-20T14:01:03.039+0000] {logging_mixin.py:190} INFO - [2025-02-20T14:01:03.039+0000] {dag.py:4180} INFO - Setting next_dagrun for example_short_circuit_decorator to None, run_after=None
[2025-02-20T14:01:03.054+0000] {processor.py:208} INFO - Processing /home/airflow/.local/lib/python3.12/site-packages/airflow/example_dags/example_short_circuit_decorator.py took 0.099 seconds
[2025-02-20T14:01:33.310+0000] {processor.py:186} INFO - Started process (PID=8009) to work on /home/airflow/.local/lib/python3.12/site-packages/airflow/example_dags/example_short_circuit_decorator.py
[2025-02-20T14:01:33.311+0000] {processor.py:914} INFO - Processing file /home/airflow/.local/lib/python3.12/site-packages/airflow/example_dags/example_short_circuit_decorator.py for tasks to queue
[2025-02-20T14:01:33.312+0000] {logging_mixin.py:190} INFO - [2025-02-20T14:01:33.312+0000] {dagbag.py:588} INFO - Filling up the DagBag from /home/airflow/.local/lib/python3.12/site-packages/airflow/example_dags/example_short_circuit_decorator.py
[2025-02-20T14:01:33.321+0000] {processor.py:925} INFO - DAG(s) 'example_short_circuit_decorator' retrieved from /home/airflow/.local/lib/python3.12/site-packages/airflow/example_dags/example_short_circuit_decorator.py
[2025-02-20T14:01:33.341+0000] {logging_mixin.py:190} INFO - [2025-02-20T14:01:33.341+0000] {dag.py:3239} INFO - Sync 1 DAGs
[2025-02-20T14:01:33.352+0000] {logging_mixin.py:190} INFO - [2025-02-20T14:01:33.352+0000] {dag.py:4180} INFO - Setting next_dagrun for example_short_circuit_decorator to None, run_after=None
[2025-02-20T14:01:34.022+0000] {processor.py:208} INFO - Processing /home/airflow/.local/lib/python3.12/site-packages/airflow/example_dags/example_short_circuit_decorator.py took 0.719 seconds
[2025-02-20T14:02:04.470+0000] {processor.py:186} INFO - Started process (PID=8085) to work on /home/airflow/.local/lib/python3.12/site-packages/airflow/example_dags/example_short_circuit_decorator.py
[2025-02-20T14:02:04.472+0000] {processor.py:914} INFO - Processing file /home/airflow/.local/lib/python3.12/site-packages/airflow/example_dags/example_short_circuit_decorator.py for tasks to queue
[2025-02-20T14:02:04.473+0000] {logging_mixin.py:190} INFO - [2025-02-20T14:02:04.473+0000] {dagbag.py:588} INFO - Filling up the DagBag from /home/airflow/.local/lib/python3.12/site-packages/airflow/example_dags/example_short_circuit_decorator.py
[2025-02-20T14:02:04.483+0000] {processor.py:925} INFO - DAG(s) 'example_short_circuit_decorator' retrieved from /home/airflow/.local/lib/python3.12/site-packages/airflow/example_dags/example_short_circuit_decorator.py
[2025-02-20T14:02:04.503+0000] {logging_mixin.py:190} INFO - [2025-02-20T14:02:04.503+0000] {dag.py:3239} INFO - Sync 1 DAGs
[2025-02-20T14:02:04.516+0000] {logging_mixin.py:190} INFO - [2025-02-20T14:02:04.516+0000] {dag.py:4180} INFO - Setting next_dagrun for example_short_circuit_decorator to None, run_after=None
[2025-02-20T14:02:04.535+0000] {processor.py:208} INFO - Processing /home/airflow/.local/lib/python3.12/site-packages/airflow/example_dags/example_short_circuit_decorator.py took 0.071 seconds
[2025-02-20T14:02:34.779+0000] {processor.py:186} INFO - Started process (PID=8161) to work on /home/airflow/.local/lib/python3.12/site-packages/airflow/example_dags/example_short_circuit_decorator.py
[2025-02-20T14:02:34.782+0000] {processor.py:914} INFO - Processing file /home/airflow/.local/lib/python3.12/site-packages/airflow/example_dags/example_short_circuit_decorator.py for tasks to queue
[2025-02-20T14:02:34.784+0000] {logging_mixin.py:190} INFO - [2025-02-20T14:02:34.783+0000] {dagbag.py:588} INFO - Filling up the DagBag from /home/airflow/.local/lib/python3.12/site-packages/airflow/example_dags/example_short_circuit_decorator.py
[2025-02-20T14:02:34.792+0000] {processor.py:925} INFO - DAG(s) 'example_short_circuit_decorator' retrieved from /home/airflow/.local/lib/python3.12/site-packages/airflow/example_dags/example_short_circuit_decorator.py
[2025-02-20T14:02:34.812+0000] {logging_mixin.py:190} INFO - [2025-02-20T14:02:34.812+0000] {dag.py:3239} INFO - Sync 1 DAGs
[2025-02-20T14:02:34.826+0000] {logging_mixin.py:190} INFO - [2025-02-20T14:02:34.826+0000] {dag.py:4180} INFO - Setting next_dagrun for example_short_circuit_decorator to None, run_after=None
[2025-02-20T14:02:34.844+0000] {processor.py:208} INFO - Processing /home/airflow/.local/lib/python3.12/site-packages/airflow/example_dags/example_short_circuit_decorator.py took 0.069 seconds
[2025-02-20T14:03:05.039+0000] {processor.py:186} INFO - Started process (PID=8237) to work on /home/airflow/.local/lib/python3.12/site-packages/airflow/example_dags/example_short_circuit_decorator.py
[2025-02-20T14:03:05.040+0000] {processor.py:914} INFO - Processing file /home/airflow/.local/lib/python3.12/site-packages/airflow/example_dags/example_short_circuit_decorator.py for tasks to queue
[2025-02-20T14:03:05.041+0000] {logging_mixin.py:190} INFO - [2025-02-20T14:03:05.041+0000] {dagbag.py:588} INFO - Filling up the DagBag from /home/airflow/.local/lib/python3.12/site-packages/airflow/example_dags/example_short_circuit_decorator.py
[2025-02-20T14:03:05.051+0000] {processor.py:925} INFO - DAG(s) 'example_short_circuit_decorator' retrieved from /home/airflow/.local/lib/python3.12/site-packages/airflow/example_dags/example_short_circuit_decorator.py
[2025-02-20T14:03:05.071+0000] {logging_mixin.py:190} INFO - [2025-02-20T14:03:05.071+0000] {dag.py:3239} INFO - Sync 1 DAGs
[2025-02-20T14:03:05.083+0000] {logging_mixin.py:190} INFO - [2025-02-20T14:03:05.082+0000] {dag.py:4180} INFO - Setting next_dagrun for example_short_circuit_decorator to None, run_after=None
[2025-02-20T14:03:05.102+0000] {processor.py:208} INFO - Processing /home/airflow/.local/lib/python3.12/site-packages/airflow/example_dags/example_short_circuit_decorator.py took 0.068 seconds
[2025-02-20T14:03:35.957+0000] {processor.py:186} INFO - Started process (PID=8314) to work on /home/airflow/.local/lib/python3.12/site-packages/airflow/example_dags/example_short_circuit_decorator.py
[2025-02-20T14:03:35.958+0000] {processor.py:914} INFO - Processing file /home/airflow/.local/lib/python3.12/site-packages/airflow/example_dags/example_short_circuit_decorator.py for tasks to queue
[2025-02-20T14:03:35.959+0000] {logging_mixin.py:190} INFO - [2025-02-20T14:03:35.959+0000] {dagbag.py:588} INFO - Filling up the DagBag from /home/airflow/.local/lib/python3.12/site-packages/airflow/example_dags/example_short_circuit_decorator.py
[2025-02-20T14:03:35.968+0000] {processor.py:925} INFO - DAG(s) 'example_short_circuit_decorator' retrieved from /home/airflow/.local/lib/python3.12/site-packages/airflow/example_dags/example_short_circuit_decorator.py
[2025-02-20T14:03:35.986+0000] {logging_mixin.py:190} INFO - [2025-02-20T14:03:35.986+0000] {dag.py:3239} INFO - Sync 1 DAGs
[2025-02-20T14:03:36.000+0000] {logging_mixin.py:190} INFO - [2025-02-20T14:03:35.999+0000] {dag.py:4180} INFO - Setting next_dagrun for example_short_circuit_decorator to None, run_after=None
[2025-02-20T14:03:36.018+0000] {processor.py:208} INFO - Processing /home/airflow/.local/lib/python3.12/site-packages/airflow/example_dags/example_short_circuit_decorator.py took 0.065 seconds
[2025-02-20T14:44:18.452+0000] {processor.py:186} INFO - Started process (PID=8337) to work on /home/airflow/.local/lib/python3.12/site-packages/airflow/example_dags/example_short_circuit_decorator.py
[2025-02-20T14:44:18.453+0000] {processor.py:914} INFO - Processing file /home/airflow/.local/lib/python3.12/site-packages/airflow/example_dags/example_short_circuit_decorator.py for tasks to queue
[2025-02-20T14:44:18.454+0000] {logging_mixin.py:190} INFO - [2025-02-20T14:44:18.454+0000] {dagbag.py:588} INFO - Filling up the DagBag from /home/airflow/.local/lib/python3.12/site-packages/airflow/example_dags/example_short_circuit_decorator.py
[2025-02-20T14:44:18.462+0000] {processor.py:925} INFO - DAG(s) 'example_short_circuit_decorator' retrieved from /home/airflow/.local/lib/python3.12/site-packages/airflow/example_dags/example_short_circuit_decorator.py
[2025-02-20T14:44:18.486+0000] {logging_mixin.py:190} INFO - [2025-02-20T14:44:18.486+0000] {dag.py:3239} INFO - Sync 1 DAGs
[2025-02-20T14:44:18.502+0000] {logging_mixin.py:190} INFO - [2025-02-20T14:44:18.501+0000] {dag.py:4180} INFO - Setting next_dagrun for example_short_circuit_decorator to None, run_after=None
[2025-02-20T14:44:18.522+0000] {processor.py:208} INFO - Processing /home/airflow/.local/lib/python3.12/site-packages/airflow/example_dags/example_short_circuit_decorator.py took 0.075 seconds
[2025-02-20T14:44:48.518+0000] {processor.py:186} INFO - Started process (PID=8413) to work on /home/airflow/.local/lib/python3.12/site-packages/airflow/example_dags/example_short_circuit_decorator.py
[2025-02-20T14:44:48.520+0000] {processor.py:914} INFO - Processing file /home/airflow/.local/lib/python3.12/site-packages/airflow/example_dags/example_short_circuit_decorator.py for tasks to queue
[2025-02-20T14:44:48.522+0000] {logging_mixin.py:190} INFO - [2025-02-20T14:44:48.522+0000] {dagbag.py:588} INFO - Filling up the DagBag from /home/airflow/.local/lib/python3.12/site-packages/airflow/example_dags/example_short_circuit_decorator.py
[2025-02-20T14:44:48.529+0000] {processor.py:925} INFO - DAG(s) 'example_short_circuit_decorator' retrieved from /home/airflow/.local/lib/python3.12/site-packages/airflow/example_dags/example_short_circuit_decorator.py
[2025-02-20T14:44:48.547+0000] {logging_mixin.py:190} INFO - [2025-02-20T14:44:48.547+0000] {dag.py:3239} INFO - Sync 1 DAGs
[2025-02-20T14:44:48.561+0000] {logging_mixin.py:190} INFO - [2025-02-20T14:44:48.561+0000] {dag.py:4180} INFO - Setting next_dagrun for example_short_circuit_decorator to None, run_after=None
[2025-02-20T14:44:48.578+0000] {processor.py:208} INFO - Processing /home/airflow/.local/lib/python3.12/site-packages/airflow/example_dags/example_short_circuit_decorator.py took 0.065 seconds
[2025-02-20T14:45:19.764+0000] {processor.py:186} INFO - Started process (PID=8490) to work on /home/airflow/.local/lib/python3.12/site-packages/airflow/example_dags/example_short_circuit_decorator.py
[2025-02-20T14:45:19.765+0000] {processor.py:914} INFO - Processing file /home/airflow/.local/lib/python3.12/site-packages/airflow/example_dags/example_short_circuit_decorator.py for tasks to queue
[2025-02-20T14:45:19.766+0000] {logging_mixin.py:190} INFO - [2025-02-20T14:45:19.766+0000] {dagbag.py:588} INFO - Filling up the DagBag from /home/airflow/.local/lib/python3.12/site-packages/airflow/example_dags/example_short_circuit_decorator.py
[2025-02-20T14:45:19.774+0000] {processor.py:925} INFO - DAG(s) 'example_short_circuit_decorator' retrieved from /home/airflow/.local/lib/python3.12/site-packages/airflow/example_dags/example_short_circuit_decorator.py
[2025-02-20T14:45:19.794+0000] {logging_mixin.py:190} INFO - [2025-02-20T14:45:19.794+0000] {dag.py:3239} INFO - Sync 1 DAGs
[2025-02-20T14:45:19.806+0000] {logging_mixin.py:190} INFO - [2025-02-20T14:45:19.806+0000] {dag.py:4180} INFO - Setting next_dagrun for example_short_circuit_decorator to None, run_after=None
[2025-02-20T14:45:19.825+0000] {processor.py:208} INFO - Processing /home/airflow/.local/lib/python3.12/site-packages/airflow/example_dags/example_short_circuit_decorator.py took 0.065 seconds
[2025-02-20T18:44:23.742+0000] {processor.py:186} INFO - Started process (PID=8560) to work on /home/airflow/.local/lib/python3.12/site-packages/airflow/example_dags/example_short_circuit_decorator.py
[2025-02-20T18:44:23.744+0000] {processor.py:914} INFO - Processing file /home/airflow/.local/lib/python3.12/site-packages/airflow/example_dags/example_short_circuit_decorator.py for tasks to queue
[2025-02-20T18:44:23.745+0000] {logging_mixin.py:190} INFO - [2025-02-20T18:44:23.745+0000] {dagbag.py:588} INFO - Filling up the DagBag from /home/airflow/.local/lib/python3.12/site-packages/airflow/example_dags/example_short_circuit_decorator.py
[2025-02-20T18:44:23.759+0000] {processor.py:925} INFO - DAG(s) 'example_short_circuit_decorator' retrieved from /home/airflow/.local/lib/python3.12/site-packages/airflow/example_dags/example_short_circuit_decorator.py
[2025-02-20T18:44:23.787+0000] {logging_mixin.py:190} INFO - [2025-02-20T18:44:23.787+0000] {dag.py:3239} INFO - Sync 1 DAGs
[2025-02-20T18:44:23.808+0000] {logging_mixin.py:190} INFO - [2025-02-20T18:44:23.807+0000] {dag.py:4180} INFO - Setting next_dagrun for example_short_circuit_decorator to None, run_after=None
[2025-02-20T18:44:23.839+0000] {processor.py:208} INFO - Processing /home/airflow/.local/lib/python3.12/site-packages/airflow/example_dags/example_short_circuit_decorator.py took 0.104 seconds
