[2025-02-20T13:41:20.776+0000] {processor.py:186} INFO - Started process (PID=5007) to work on /home/airflow/.local/lib/python3.12/site-packages/airflow/example_dags/example_branch_labels.py
[2025-02-20T13:41:20.778+0000] {processor.py:914} INFO - Processing file /home/airflow/.local/lib/python3.12/site-packages/airflow/example_dags/example_branch_labels.py for tasks to queue
[2025-02-20T13:41:20.782+0000] {logging_mixin.py:190} INFO - [2025-02-20T13:41:20.781+0000] {dagbag.py:588} INFO - Filling up the DagBag from /home/airflow/.local/lib/python3.12/site-packages/airflow/example_dags/example_branch_labels.py
[2025-02-20T13:41:20.816+0000] {processor.py:925} INFO - DAG(s) 'example_branch_labels' retrieved from /home/airflow/.local/lib/python3.12/site-packages/airflow/example_dags/example_branch_labels.py
[2025-02-20T13:41:20.872+0000] {logging_mixin.py:190} INFO - [2025-02-20T13:41:20.872+0000] {dag.py:3239} INFO - Sync 1 DAGs
[2025-02-20T13:41:20.922+0000] {logging_mixin.py:190} INFO - [2025-02-20T13:41:20.921+0000] {dag.py:4180} INFO - Setting next_dagrun for example_branch_labels to 2025-02-19 00:00:00+00:00, run_after=2025-02-20 00:00:00+00:00
[2025-02-20T13:41:20.959+0000] {processor.py:208} INFO - Processing /home/airflow/.local/lib/python3.12/site-packages/airflow/example_dags/example_branch_labels.py took 0.197 seconds
[2025-02-20T13:41:52.153+0000] {processor.py:186} INFO - Started process (PID=5083) to work on /home/airflow/.local/lib/python3.12/site-packages/airflow/example_dags/example_branch_labels.py
[2025-02-20T13:41:52.155+0000] {processor.py:914} INFO - Processing file /home/airflow/.local/lib/python3.12/site-packages/airflow/example_dags/example_branch_labels.py for tasks to queue
[2025-02-20T13:41:52.157+0000] {logging_mixin.py:190} INFO - [2025-02-20T13:41:52.157+0000] {dagbag.py:588} INFO - Filling up the DagBag from /home/airflow/.local/lib/python3.12/site-packages/airflow/example_dags/example_branch_labels.py
[2025-02-20T13:41:52.172+0000] {processor.py:925} INFO - DAG(s) 'example_branch_labels' retrieved from /home/airflow/.local/lib/python3.12/site-packages/airflow/example_dags/example_branch_labels.py
[2025-02-20T13:41:52.206+0000] {logging_mixin.py:190} INFO - [2025-02-20T13:41:52.206+0000] {dag.py:3239} INFO - Sync 1 DAGs
[2025-02-20T13:41:52.238+0000] {logging_mixin.py:190} INFO - [2025-02-20T13:41:52.238+0000] {dag.py:4180} INFO - Setting next_dagrun for example_branch_labels to 2025-02-19 00:00:00+00:00, run_after=2025-02-20 00:00:00+00:00
[2025-02-20T13:41:52.267+0000] {processor.py:208} INFO - Processing /home/airflow/.local/lib/python3.12/site-packages/airflow/example_dags/example_branch_labels.py took 0.122 seconds
[2025-02-20T13:42:22.500+0000] {processor.py:186} INFO - Started process (PID=5159) to work on /home/airflow/.local/lib/python3.12/site-packages/airflow/example_dags/example_branch_labels.py
[2025-02-20T13:42:22.501+0000] {processor.py:914} INFO - Processing file /home/airflow/.local/lib/python3.12/site-packages/airflow/example_dags/example_branch_labels.py for tasks to queue
[2025-02-20T13:42:22.504+0000] {logging_mixin.py:190} INFO - [2025-02-20T13:42:22.503+0000] {dagbag.py:588} INFO - Filling up the DagBag from /home/airflow/.local/lib/python3.12/site-packages/airflow/example_dags/example_branch_labels.py
[2025-02-20T13:42:22.517+0000] {processor.py:925} INFO - DAG(s) 'example_branch_labels' retrieved from /home/airflow/.local/lib/python3.12/site-packages/airflow/example_dags/example_branch_labels.py
[2025-02-20T13:42:22.551+0000] {logging_mixin.py:190} INFO - [2025-02-20T13:42:22.551+0000] {dag.py:3239} INFO - Sync 1 DAGs
[2025-02-20T13:42:22.587+0000] {logging_mixin.py:190} INFO - [2025-02-20T13:42:22.587+0000] {dag.py:4180} INFO - Setting next_dagrun for example_branch_labels to 2025-02-19 00:00:00+00:00, run_after=2025-02-20 00:00:00+00:00
[2025-02-20T13:42:22.617+0000] {processor.py:208} INFO - Processing /home/airflow/.local/lib/python3.12/site-packages/airflow/example_dags/example_branch_labels.py took 0.126 seconds
[2025-02-20T13:42:53.107+0000] {processor.py:186} INFO - Started process (PID=5234) to work on /home/airflow/.local/lib/python3.12/site-packages/airflow/example_dags/example_branch_labels.py
[2025-02-20T13:42:53.109+0000] {processor.py:914} INFO - Processing file /home/airflow/.local/lib/python3.12/site-packages/airflow/example_dags/example_branch_labels.py for tasks to queue
[2025-02-20T13:42:53.111+0000] {logging_mixin.py:190} INFO - [2025-02-20T13:42:53.110+0000] {dagbag.py:588} INFO - Filling up the DagBag from /home/airflow/.local/lib/python3.12/site-packages/airflow/example_dags/example_branch_labels.py
[2025-02-20T13:42:53.131+0000] {processor.py:925} INFO - DAG(s) 'example_branch_labels' retrieved from /home/airflow/.local/lib/python3.12/site-packages/airflow/example_dags/example_branch_labels.py
[2025-02-20T13:42:53.167+0000] {logging_mixin.py:190} INFO - [2025-02-20T13:42:53.167+0000] {dag.py:3239} INFO - Sync 1 DAGs
[2025-02-20T13:42:53.203+0000] {logging_mixin.py:190} INFO - [2025-02-20T13:42:53.202+0000] {dag.py:4180} INFO - Setting next_dagrun for example_branch_labels to 2025-02-19 00:00:00+00:00, run_after=2025-02-20 00:00:00+00:00
[2025-02-20T13:42:53.237+0000] {processor.py:208} INFO - Processing /home/airflow/.local/lib/python3.12/site-packages/airflow/example_dags/example_branch_labels.py took 0.141 seconds
[2025-02-20T13:43:23.583+0000] {processor.py:186} INFO - Started process (PID=5311) to work on /home/airflow/.local/lib/python3.12/site-packages/airflow/example_dags/example_branch_labels.py
[2025-02-20T13:43:23.584+0000] {processor.py:914} INFO - Processing file /home/airflow/.local/lib/python3.12/site-packages/airflow/example_dags/example_branch_labels.py for tasks to queue
[2025-02-20T13:43:23.586+0000] {logging_mixin.py:190} INFO - [2025-02-20T13:43:23.585+0000] {dagbag.py:588} INFO - Filling up the DagBag from /home/airflow/.local/lib/python3.12/site-packages/airflow/example_dags/example_branch_labels.py
[2025-02-20T13:43:23.598+0000] {processor.py:925} INFO - DAG(s) 'example_branch_labels' retrieved from /home/airflow/.local/lib/python3.12/site-packages/airflow/example_dags/example_branch_labels.py
[2025-02-20T13:43:23.622+0000] {logging_mixin.py:190} INFO - [2025-02-20T13:43:23.622+0000] {dag.py:3239} INFO - Sync 1 DAGs
[2025-02-20T13:43:23.652+0000] {logging_mixin.py:190} INFO - [2025-02-20T13:43:23.652+0000] {dag.py:4180} INFO - Setting next_dagrun for example_branch_labels to 2025-02-19 00:00:00+00:00, run_after=2025-02-20 00:00:00+00:00
[2025-02-20T13:43:23.677+0000] {processor.py:208} INFO - Processing /home/airflow/.local/lib/python3.12/site-packages/airflow/example_dags/example_branch_labels.py took 0.099 seconds
[2025-02-20T13:43:54.124+0000] {processor.py:186} INFO - Started process (PID=5386) to work on /home/airflow/.local/lib/python3.12/site-packages/airflow/example_dags/example_branch_labels.py
[2025-02-20T13:43:54.126+0000] {processor.py:914} INFO - Processing file /home/airflow/.local/lib/python3.12/site-packages/airflow/example_dags/example_branch_labels.py for tasks to queue
[2025-02-20T13:43:54.128+0000] {logging_mixin.py:190} INFO - [2025-02-20T13:43:54.128+0000] {dagbag.py:588} INFO - Filling up the DagBag from /home/airflow/.local/lib/python3.12/site-packages/airflow/example_dags/example_branch_labels.py
[2025-02-20T13:43:54.139+0000] {processor.py:925} INFO - DAG(s) 'example_branch_labels' retrieved from /home/airflow/.local/lib/python3.12/site-packages/airflow/example_dags/example_branch_labels.py
[2025-02-20T13:43:54.163+0000] {logging_mixin.py:190} INFO - [2025-02-20T13:43:54.163+0000] {dag.py:3239} INFO - Sync 1 DAGs
[2025-02-20T13:43:54.195+0000] {logging_mixin.py:190} INFO - [2025-02-20T13:43:54.194+0000] {dag.py:4180} INFO - Setting next_dagrun for example_branch_labels to 2025-02-19 00:00:00+00:00, run_after=2025-02-20 00:00:00+00:00
[2025-02-20T13:43:54.220+0000] {processor.py:208} INFO - Processing /home/airflow/.local/lib/python3.12/site-packages/airflow/example_dags/example_branch_labels.py took 0.101 seconds
[2025-02-20T13:44:24.792+0000] {processor.py:186} INFO - Started process (PID=5462) to work on /home/airflow/.local/lib/python3.12/site-packages/airflow/example_dags/example_branch_labels.py
[2025-02-20T13:44:24.794+0000] {processor.py:914} INFO - Processing file /home/airflow/.local/lib/python3.12/site-packages/airflow/example_dags/example_branch_labels.py for tasks to queue
[2025-02-20T13:44:24.795+0000] {logging_mixin.py:190} INFO - [2025-02-20T13:44:24.795+0000] {dagbag.py:588} INFO - Filling up the DagBag from /home/airflow/.local/lib/python3.12/site-packages/airflow/example_dags/example_branch_labels.py
[2025-02-20T13:44:24.807+0000] {processor.py:925} INFO - DAG(s) 'example_branch_labels' retrieved from /home/airflow/.local/lib/python3.12/site-packages/airflow/example_dags/example_branch_labels.py
[2025-02-20T13:44:24.832+0000] {logging_mixin.py:190} INFO - [2025-02-20T13:44:24.832+0000] {dag.py:3239} INFO - Sync 1 DAGs
[2025-02-20T13:44:24.862+0000] {logging_mixin.py:190} INFO - [2025-02-20T13:44:24.862+0000] {dag.py:4180} INFO - Setting next_dagrun for example_branch_labels to 2025-02-19 00:00:00+00:00, run_after=2025-02-20 00:00:00+00:00
[2025-02-20T13:44:24.885+0000] {processor.py:208} INFO - Processing /home/airflow/.local/lib/python3.12/site-packages/airflow/example_dags/example_branch_labels.py took 0.100 seconds
[2025-02-20T13:44:55.498+0000] {processor.py:186} INFO - Started process (PID=5538) to work on /home/airflow/.local/lib/python3.12/site-packages/airflow/example_dags/example_branch_labels.py
[2025-02-20T13:44:55.499+0000] {processor.py:914} INFO - Processing file /home/airflow/.local/lib/python3.12/site-packages/airflow/example_dags/example_branch_labels.py for tasks to queue
[2025-02-20T13:44:55.501+0000] {logging_mixin.py:190} INFO - [2025-02-20T13:44:55.501+0000] {dagbag.py:588} INFO - Filling up the DagBag from /home/airflow/.local/lib/python3.12/site-packages/airflow/example_dags/example_branch_labels.py
[2025-02-20T13:44:55.512+0000] {processor.py:925} INFO - DAG(s) 'example_branch_labels' retrieved from /home/airflow/.local/lib/python3.12/site-packages/airflow/example_dags/example_branch_labels.py
[2025-02-20T13:44:55.538+0000] {logging_mixin.py:190} INFO - [2025-02-20T13:44:55.538+0000] {dag.py:3239} INFO - Sync 1 DAGs
[2025-02-20T13:44:55.576+0000] {logging_mixin.py:190} INFO - [2025-02-20T13:44:55.576+0000] {dag.py:4180} INFO - Setting next_dagrun for example_branch_labels to 2025-02-19 00:00:00+00:00, run_after=2025-02-20 00:00:00+00:00
[2025-02-20T13:44:55.603+0000] {processor.py:208} INFO - Processing /home/airflow/.local/lib/python3.12/site-packages/airflow/example_dags/example_branch_labels.py took 0.110 seconds
[2025-02-20T13:45:25.857+0000] {processor.py:186} INFO - Started process (PID=5614) to work on /home/airflow/.local/lib/python3.12/site-packages/airflow/example_dags/example_branch_labels.py
[2025-02-20T13:45:25.858+0000] {processor.py:914} INFO - Processing file /home/airflow/.local/lib/python3.12/site-packages/airflow/example_dags/example_branch_labels.py for tasks to queue
[2025-02-20T13:45:25.860+0000] {logging_mixin.py:190} INFO - [2025-02-20T13:45:25.860+0000] {dagbag.py:588} INFO - Filling up the DagBag from /home/airflow/.local/lib/python3.12/site-packages/airflow/example_dags/example_branch_labels.py
[2025-02-20T13:45:25.868+0000] {processor.py:925} INFO - DAG(s) 'example_branch_labels' retrieved from /home/airflow/.local/lib/python3.12/site-packages/airflow/example_dags/example_branch_labels.py
[2025-02-20T13:45:25.885+0000] {logging_mixin.py:190} INFO - [2025-02-20T13:45:25.885+0000] {dag.py:3239} INFO - Sync 1 DAGs
[2025-02-20T13:45:25.905+0000] {logging_mixin.py:190} INFO - [2025-02-20T13:45:25.905+0000] {dag.py:4180} INFO - Setting next_dagrun for example_branch_labels to 2025-02-19 00:00:00+00:00, run_after=2025-02-20 00:00:00+00:00
[2025-02-20T13:45:25.920+0000] {processor.py:208} INFO - Processing /home/airflow/.local/lib/python3.12/site-packages/airflow/example_dags/example_branch_labels.py took 0.067 seconds
[2025-02-20T13:45:55.970+0000] {processor.py:186} INFO - Started process (PID=5691) to work on /home/airflow/.local/lib/python3.12/site-packages/airflow/example_dags/example_branch_labels.py
[2025-02-20T13:45:55.971+0000] {processor.py:914} INFO - Processing file /home/airflow/.local/lib/python3.12/site-packages/airflow/example_dags/example_branch_labels.py for tasks to queue
[2025-02-20T13:45:55.973+0000] {logging_mixin.py:190} INFO - [2025-02-20T13:45:55.972+0000] {dagbag.py:588} INFO - Filling up the DagBag from /home/airflow/.local/lib/python3.12/site-packages/airflow/example_dags/example_branch_labels.py
[2025-02-20T13:45:55.981+0000] {processor.py:925} INFO - DAG(s) 'example_branch_labels' retrieved from /home/airflow/.local/lib/python3.12/site-packages/airflow/example_dags/example_branch_labels.py
[2025-02-20T13:45:56.003+0000] {logging_mixin.py:190} INFO - [2025-02-20T13:45:56.002+0000] {dag.py:3239} INFO - Sync 1 DAGs
[2025-02-20T13:45:56.023+0000] {logging_mixin.py:190} INFO - [2025-02-20T13:45:56.023+0000] {dag.py:4180} INFO - Setting next_dagrun for example_branch_labels to 2025-02-19 00:00:00+00:00, run_after=2025-02-20 00:00:00+00:00
[2025-02-20T13:45:56.040+0000] {processor.py:208} INFO - Processing /home/airflow/.local/lib/python3.12/site-packages/airflow/example_dags/example_branch_labels.py took 0.075 seconds
[2025-02-20T13:46:26.504+0000] {processor.py:186} INFO - Started process (PID=5766) to work on /home/airflow/.local/lib/python3.12/site-packages/airflow/example_dags/example_branch_labels.py
[2025-02-20T13:46:26.505+0000] {processor.py:914} INFO - Processing file /home/airflow/.local/lib/python3.12/site-packages/airflow/example_dags/example_branch_labels.py for tasks to queue
[2025-02-20T13:46:26.507+0000] {logging_mixin.py:190} INFO - [2025-02-20T13:46:26.506+0000] {dagbag.py:588} INFO - Filling up the DagBag from /home/airflow/.local/lib/python3.12/site-packages/airflow/example_dags/example_branch_labels.py
[2025-02-20T13:46:26.515+0000] {processor.py:925} INFO - DAG(s) 'example_branch_labels' retrieved from /home/airflow/.local/lib/python3.12/site-packages/airflow/example_dags/example_branch_labels.py
[2025-02-20T13:46:26.532+0000] {logging_mixin.py:190} INFO - [2025-02-20T13:46:26.532+0000] {dag.py:3239} INFO - Sync 1 DAGs
[2025-02-20T13:46:26.551+0000] {logging_mixin.py:190} INFO - [2025-02-20T13:46:26.551+0000] {dag.py:4180} INFO - Setting next_dagrun for example_branch_labels to 2025-02-19 00:00:00+00:00, run_after=2025-02-20 00:00:00+00:00
[2025-02-20T13:46:26.573+0000] {processor.py:208} INFO - Processing /home/airflow/.local/lib/python3.12/site-packages/airflow/example_dags/example_branch_labels.py took 0.074 seconds
[2025-02-20T13:46:56.734+0000] {processor.py:186} INFO - Started process (PID=5842) to work on /home/airflow/.local/lib/python3.12/site-packages/airflow/example_dags/example_branch_labels.py
[2025-02-20T13:46:56.735+0000] {processor.py:914} INFO - Processing file /home/airflow/.local/lib/python3.12/site-packages/airflow/example_dags/example_branch_labels.py for tasks to queue
[2025-02-20T13:46:56.737+0000] {logging_mixin.py:190} INFO - [2025-02-20T13:46:56.736+0000] {dagbag.py:588} INFO - Filling up the DagBag from /home/airflow/.local/lib/python3.12/site-packages/airflow/example_dags/example_branch_labels.py
[2025-02-20T13:46:56.745+0000] {processor.py:925} INFO - DAG(s) 'example_branch_labels' retrieved from /home/airflow/.local/lib/python3.12/site-packages/airflow/example_dags/example_branch_labels.py
[2025-02-20T13:46:56.762+0000] {logging_mixin.py:190} INFO - [2025-02-20T13:46:56.761+0000] {dag.py:3239} INFO - Sync 1 DAGs
[2025-02-20T13:46:56.783+0000] {logging_mixin.py:190} INFO - [2025-02-20T13:46:56.782+0000] {dag.py:4180} INFO - Setting next_dagrun for example_branch_labels to 2025-02-19 00:00:00+00:00, run_after=2025-02-20 00:00:00+00:00
[2025-02-20T13:46:56.800+0000] {processor.py:208} INFO - Processing /home/airflow/.local/lib/python3.12/site-packages/airflow/example_dags/example_branch_labels.py took 0.070 seconds
[2025-02-20T13:47:27.765+0000] {processor.py:186} INFO - Started process (PID=5923) to work on /home/airflow/.local/lib/python3.12/site-packages/airflow/example_dags/example_branch_labels.py
[2025-02-20T13:47:27.766+0000] {processor.py:914} INFO - Processing file /home/airflow/.local/lib/python3.12/site-packages/airflow/example_dags/example_branch_labels.py for tasks to queue
[2025-02-20T13:47:27.769+0000] {logging_mixin.py:190} INFO - [2025-02-20T13:47:27.768+0000] {dagbag.py:588} INFO - Filling up the DagBag from /home/airflow/.local/lib/python3.12/site-packages/airflow/example_dags/example_branch_labels.py
[2025-02-20T13:47:27.783+0000] {processor.py:925} INFO - DAG(s) 'example_branch_labels' retrieved from /home/airflow/.local/lib/python3.12/site-packages/airflow/example_dags/example_branch_labels.py
[2025-02-20T13:47:27.815+0000] {logging_mixin.py:190} INFO - [2025-02-20T13:47:27.814+0000] {dag.py:3239} INFO - Sync 1 DAGs
[2025-02-20T13:47:27.858+0000] {logging_mixin.py:190} INFO - [2025-02-20T13:47:27.858+0000] {dag.py:4180} INFO - Setting next_dagrun for example_branch_labels to 2025-02-19 00:00:00+00:00, run_after=2025-02-20 00:00:00+00:00
[2025-02-20T13:47:27.891+0000] {processor.py:208} INFO - Processing /home/airflow/.local/lib/python3.12/site-packages/airflow/example_dags/example_branch_labels.py took 0.133 seconds
[2025-02-20T13:47:58.820+0000] {processor.py:186} INFO - Started process (PID=5999) to work on /home/airflow/.local/lib/python3.12/site-packages/airflow/example_dags/example_branch_labels.py
[2025-02-20T13:47:58.822+0000] {processor.py:914} INFO - Processing file /home/airflow/.local/lib/python3.12/site-packages/airflow/example_dags/example_branch_labels.py for tasks to queue
[2025-02-20T13:47:58.823+0000] {logging_mixin.py:190} INFO - [2025-02-20T13:47:58.823+0000] {dagbag.py:588} INFO - Filling up the DagBag from /home/airflow/.local/lib/python3.12/site-packages/airflow/example_dags/example_branch_labels.py
[2025-02-20T13:47:58.835+0000] {processor.py:925} INFO - DAG(s) 'example_branch_labels' retrieved from /home/airflow/.local/lib/python3.12/site-packages/airflow/example_dags/example_branch_labels.py
[2025-02-20T13:47:58.863+0000] {logging_mixin.py:190} INFO - [2025-02-20T13:47:58.863+0000] {dag.py:3239} INFO - Sync 1 DAGs
[2025-02-20T13:47:58.899+0000] {logging_mixin.py:190} INFO - [2025-02-20T13:47:58.899+0000] {dag.py:4180} INFO - Setting next_dagrun for example_branch_labels to 2025-02-19 00:00:00+00:00, run_after=2025-02-20 00:00:00+00:00
[2025-02-20T13:47:58.927+0000] {processor.py:208} INFO - Processing /home/airflow/.local/lib/python3.12/site-packages/airflow/example_dags/example_branch_labels.py took 0.114 seconds
[2025-02-20T13:48:29.883+0000] {processor.py:186} INFO - Started process (PID=6063) to work on /home/airflow/.local/lib/python3.12/site-packages/airflow/example_dags/example_branch_labels.py
[2025-02-20T13:48:29.885+0000] {processor.py:914} INFO - Processing file /home/airflow/.local/lib/python3.12/site-packages/airflow/example_dags/example_branch_labels.py for tasks to queue
[2025-02-20T13:48:29.886+0000] {logging_mixin.py:190} INFO - [2025-02-20T13:48:29.886+0000] {dagbag.py:588} INFO - Filling up the DagBag from /home/airflow/.local/lib/python3.12/site-packages/airflow/example_dags/example_branch_labels.py
[2025-02-20T13:48:29.894+0000] {processor.py:925} INFO - DAG(s) 'example_branch_labels' retrieved from /home/airflow/.local/lib/python3.12/site-packages/airflow/example_dags/example_branch_labels.py
[2025-02-20T13:48:29.914+0000] {logging_mixin.py:190} INFO - [2025-02-20T13:48:29.913+0000] {dag.py:3239} INFO - Sync 1 DAGs
[2025-02-20T13:48:29.936+0000] {logging_mixin.py:190} INFO - [2025-02-20T13:48:29.936+0000] {dag.py:4180} INFO - Setting next_dagrun for example_branch_labels to 2025-02-19 00:00:00+00:00, run_after=2025-02-20 00:00:00+00:00
[2025-02-20T13:48:29.953+0000] {processor.py:208} INFO - Processing /home/airflow/.local/lib/python3.12/site-packages/airflow/example_dags/example_branch_labels.py took 0.074 seconds
[2025-02-20T13:49:00.222+0000] {processor.py:186} INFO - Started process (PID=6138) to work on /home/airflow/.local/lib/python3.12/site-packages/airflow/example_dags/example_branch_labels.py
[2025-02-20T13:49:00.224+0000] {processor.py:914} INFO - Processing file /home/airflow/.local/lib/python3.12/site-packages/airflow/example_dags/example_branch_labels.py for tasks to queue
[2025-02-20T13:49:00.226+0000] {logging_mixin.py:190} INFO - [2025-02-20T13:49:00.225+0000] {dagbag.py:588} INFO - Filling up the DagBag from /home/airflow/.local/lib/python3.12/site-packages/airflow/example_dags/example_branch_labels.py
[2025-02-20T13:49:00.235+0000] {processor.py:925} INFO - DAG(s) 'example_branch_labels' retrieved from /home/airflow/.local/lib/python3.12/site-packages/airflow/example_dags/example_branch_labels.py
[2025-02-20T13:49:00.255+0000] {logging_mixin.py:190} INFO - [2025-02-20T13:49:00.255+0000] {dag.py:3239} INFO - Sync 1 DAGs
[2025-02-20T13:49:00.277+0000] {logging_mixin.py:190} INFO - [2025-02-20T13:49:00.276+0000] {dag.py:4180} INFO - Setting next_dagrun for example_branch_labels to 2025-02-19 00:00:00+00:00, run_after=2025-02-20 00:00:00+00:00
[2025-02-20T13:49:00.296+0000] {processor.py:208} INFO - Processing /home/airflow/.local/lib/python3.12/site-packages/airflow/example_dags/example_branch_labels.py took 0.078 seconds
[2025-02-20T13:49:30.523+0000] {processor.py:186} INFO - Started process (PID=6214) to work on /home/airflow/.local/lib/python3.12/site-packages/airflow/example_dags/example_branch_labels.py
[2025-02-20T13:49:30.528+0000] {processor.py:914} INFO - Processing file /home/airflow/.local/lib/python3.12/site-packages/airflow/example_dags/example_branch_labels.py for tasks to queue
[2025-02-20T13:49:30.530+0000] {logging_mixin.py:190} INFO - [2025-02-20T13:49:30.530+0000] {dagbag.py:588} INFO - Filling up the DagBag from /home/airflow/.local/lib/python3.12/site-packages/airflow/example_dags/example_branch_labels.py
[2025-02-20T13:49:30.541+0000] {processor.py:925} INFO - DAG(s) 'example_branch_labels' retrieved from /home/airflow/.local/lib/python3.12/site-packages/airflow/example_dags/example_branch_labels.py
[2025-02-20T13:49:30.565+0000] {logging_mixin.py:190} INFO - [2025-02-20T13:49:30.565+0000] {dag.py:3239} INFO - Sync 1 DAGs
[2025-02-20T13:49:30.586+0000] {logging_mixin.py:190} INFO - [2025-02-20T13:49:30.586+0000] {dag.py:4180} INFO - Setting next_dagrun for example_branch_labels to 2025-02-19 00:00:00+00:00, run_after=2025-02-20 00:00:00+00:00
[2025-02-20T13:49:30.606+0000] {processor.py:208} INFO - Processing /home/airflow/.local/lib/python3.12/site-packages/airflow/example_dags/example_branch_labels.py took 0.088 seconds
[2025-02-20T13:50:01.112+0000] {processor.py:186} INFO - Started process (PID=6290) to work on /home/airflow/.local/lib/python3.12/site-packages/airflow/example_dags/example_branch_labels.py
[2025-02-20T13:50:01.115+0000] {processor.py:914} INFO - Processing file /home/airflow/.local/lib/python3.12/site-packages/airflow/example_dags/example_branch_labels.py for tasks to queue
[2025-02-20T13:50:01.117+0000] {logging_mixin.py:190} INFO - [2025-02-20T13:50:01.116+0000] {dagbag.py:588} INFO - Filling up the DagBag from /home/airflow/.local/lib/python3.12/site-packages/airflow/example_dags/example_branch_labels.py
[2025-02-20T13:50:01.126+0000] {processor.py:925} INFO - DAG(s) 'example_branch_labels' retrieved from /home/airflow/.local/lib/python3.12/site-packages/airflow/example_dags/example_branch_labels.py
[2025-02-20T13:50:01.149+0000] {logging_mixin.py:190} INFO - [2025-02-20T13:50:01.148+0000] {dag.py:3239} INFO - Sync 1 DAGs
[2025-02-20T13:50:01.170+0000] {logging_mixin.py:190} INFO - [2025-02-20T13:50:01.170+0000] {dag.py:4180} INFO - Setting next_dagrun for example_branch_labels to 2025-02-19 00:00:00+00:00, run_after=2025-02-20 00:00:00+00:00
[2025-02-20T13:50:01.189+0000] {processor.py:208} INFO - Processing /home/airflow/.local/lib/python3.12/site-packages/airflow/example_dags/example_branch_labels.py took 0.081 seconds
[2025-02-20T13:50:31.400+0000] {processor.py:186} INFO - Started process (PID=6366) to work on /home/airflow/.local/lib/python3.12/site-packages/airflow/example_dags/example_branch_labels.py
[2025-02-20T13:50:31.402+0000] {processor.py:914} INFO - Processing file /home/airflow/.local/lib/python3.12/site-packages/airflow/example_dags/example_branch_labels.py for tasks to queue
[2025-02-20T13:50:31.404+0000] {logging_mixin.py:190} INFO - [2025-02-20T13:50:31.403+0000] {dagbag.py:588} INFO - Filling up the DagBag from /home/airflow/.local/lib/python3.12/site-packages/airflow/example_dags/example_branch_labels.py
[2025-02-20T13:50:31.412+0000] {processor.py:925} INFO - DAG(s) 'example_branch_labels' retrieved from /home/airflow/.local/lib/python3.12/site-packages/airflow/example_dags/example_branch_labels.py
[2025-02-20T13:50:31.431+0000] {logging_mixin.py:190} INFO - [2025-02-20T13:50:31.431+0000] {dag.py:3239} INFO - Sync 1 DAGs
[2025-02-20T13:50:31.453+0000] {logging_mixin.py:190} INFO - [2025-02-20T13:50:31.452+0000] {dag.py:4180} INFO - Setting next_dagrun for example_branch_labels to 2025-02-19 00:00:00+00:00, run_after=2025-02-20 00:00:00+00:00
[2025-02-20T13:50:31.471+0000] {processor.py:208} INFO - Processing /home/airflow/.local/lib/python3.12/site-packages/airflow/example_dags/example_branch_labels.py took 0.076 seconds
[2025-02-20T13:51:01.803+0000] {processor.py:186} INFO - Started process (PID=6442) to work on /home/airflow/.local/lib/python3.12/site-packages/airflow/example_dags/example_branch_labels.py
[2025-02-20T13:51:01.804+0000] {processor.py:914} INFO - Processing file /home/airflow/.local/lib/python3.12/site-packages/airflow/example_dags/example_branch_labels.py for tasks to queue
[2025-02-20T13:51:01.806+0000] {logging_mixin.py:190} INFO - [2025-02-20T13:51:01.806+0000] {dagbag.py:588} INFO - Filling up the DagBag from /home/airflow/.local/lib/python3.12/site-packages/airflow/example_dags/example_branch_labels.py
[2025-02-20T13:51:01.813+0000] {processor.py:925} INFO - DAG(s) 'example_branch_labels' retrieved from /home/airflow/.local/lib/python3.12/site-packages/airflow/example_dags/example_branch_labels.py
[2025-02-20T13:51:01.834+0000] {logging_mixin.py:190} INFO - [2025-02-20T13:51:01.833+0000] {dag.py:3239} INFO - Sync 1 DAGs
[2025-02-20T13:51:01.855+0000] {logging_mixin.py:190} INFO - [2025-02-20T13:51:01.855+0000] {dag.py:4180} INFO - Setting next_dagrun for example_branch_labels to 2025-02-19 00:00:00+00:00, run_after=2025-02-20 00:00:00+00:00
[2025-02-20T13:51:01.875+0000] {processor.py:208} INFO - Processing /home/airflow/.local/lib/python3.12/site-packages/airflow/example_dags/example_branch_labels.py took 0.077 seconds
[2025-02-20T13:51:31.930+0000] {processor.py:186} INFO - Started process (PID=6518) to work on /home/airflow/.local/lib/python3.12/site-packages/airflow/example_dags/example_branch_labels.py
[2025-02-20T13:51:31.931+0000] {processor.py:914} INFO - Processing file /home/airflow/.local/lib/python3.12/site-packages/airflow/example_dags/example_branch_labels.py for tasks to queue
[2025-02-20T13:51:31.932+0000] {logging_mixin.py:190} INFO - [2025-02-20T13:51:31.932+0000] {dagbag.py:588} INFO - Filling up the DagBag from /home/airflow/.local/lib/python3.12/site-packages/airflow/example_dags/example_branch_labels.py
[2025-02-20T13:51:31.942+0000] {processor.py:925} INFO - DAG(s) 'example_branch_labels' retrieved from /home/airflow/.local/lib/python3.12/site-packages/airflow/example_dags/example_branch_labels.py
[2025-02-20T13:51:31.962+0000] {logging_mixin.py:190} INFO - [2025-02-20T13:51:31.962+0000] {dag.py:3239} INFO - Sync 1 DAGs
[2025-02-20T13:51:31.984+0000] {logging_mixin.py:190} INFO - [2025-02-20T13:51:31.983+0000] {dag.py:4180} INFO - Setting next_dagrun for example_branch_labels to 2025-02-19 00:00:00+00:00, run_after=2025-02-20 00:00:00+00:00
[2025-02-20T13:51:32.005+0000] {processor.py:208} INFO - Processing /home/airflow/.local/lib/python3.12/site-packages/airflow/example_dags/example_branch_labels.py took 0.080 seconds
[2025-02-20T13:52:02.479+0000] {processor.py:186} INFO - Started process (PID=6593) to work on /home/airflow/.local/lib/python3.12/site-packages/airflow/example_dags/example_branch_labels.py
[2025-02-20T13:52:02.481+0000] {processor.py:914} INFO - Processing file /home/airflow/.local/lib/python3.12/site-packages/airflow/example_dags/example_branch_labels.py for tasks to queue
[2025-02-20T13:52:02.482+0000] {logging_mixin.py:190} INFO - [2025-02-20T13:52:02.482+0000] {dagbag.py:588} INFO - Filling up the DagBag from /home/airflow/.local/lib/python3.12/site-packages/airflow/example_dags/example_branch_labels.py
[2025-02-20T13:52:02.491+0000] {processor.py:925} INFO - DAG(s) 'example_branch_labels' retrieved from /home/airflow/.local/lib/python3.12/site-packages/airflow/example_dags/example_branch_labels.py
[2025-02-20T13:52:02.518+0000] {logging_mixin.py:190} INFO - [2025-02-20T13:52:02.518+0000] {dag.py:3239} INFO - Sync 1 DAGs
[2025-02-20T13:52:02.537+0000] {logging_mixin.py:190} INFO - [2025-02-20T13:52:02.537+0000] {dag.py:4180} INFO - Setting next_dagrun for example_branch_labels to 2025-02-19 00:00:00+00:00, run_after=2025-02-20 00:00:00+00:00
[2025-02-20T13:52:02.555+0000] {processor.py:208} INFO - Processing /home/airflow/.local/lib/python3.12/site-packages/airflow/example_dags/example_branch_labels.py took 0.080 seconds
[2025-02-20T13:52:32.740+0000] {processor.py:186} INFO - Started process (PID=6670) to work on /home/airflow/.local/lib/python3.12/site-packages/airflow/example_dags/example_branch_labels.py
[2025-02-20T13:52:32.742+0000] {processor.py:914} INFO - Processing file /home/airflow/.local/lib/python3.12/site-packages/airflow/example_dags/example_branch_labels.py for tasks to queue
[2025-02-20T13:52:32.743+0000] {logging_mixin.py:190} INFO - [2025-02-20T13:52:32.743+0000] {dagbag.py:588} INFO - Filling up the DagBag from /home/airflow/.local/lib/python3.12/site-packages/airflow/example_dags/example_branch_labels.py
[2025-02-20T13:52:32.751+0000] {processor.py:925} INFO - DAG(s) 'example_branch_labels' retrieved from /home/airflow/.local/lib/python3.12/site-packages/airflow/example_dags/example_branch_labels.py
[2025-02-20T13:52:32.769+0000] {logging_mixin.py:190} INFO - [2025-02-20T13:52:32.769+0000] {dag.py:3239} INFO - Sync 1 DAGs
[2025-02-20T13:52:32.789+0000] {logging_mixin.py:190} INFO - [2025-02-20T13:52:32.789+0000] {dag.py:4180} INFO - Setting next_dagrun for example_branch_labels to 2025-02-19 00:00:00+00:00, run_after=2025-02-20 00:00:00+00:00
[2025-02-20T13:52:32.806+0000] {processor.py:208} INFO - Processing /home/airflow/.local/lib/python3.12/site-packages/airflow/example_dags/example_branch_labels.py took 0.070 seconds
[2025-02-20T13:53:03.153+0000] {processor.py:186} INFO - Started process (PID=6745) to work on /home/airflow/.local/lib/python3.12/site-packages/airflow/example_dags/example_branch_labels.py
[2025-02-20T13:53:03.154+0000] {processor.py:914} INFO - Processing file /home/airflow/.local/lib/python3.12/site-packages/airflow/example_dags/example_branch_labels.py for tasks to queue
[2025-02-20T13:53:03.155+0000] {logging_mixin.py:190} INFO - [2025-02-20T13:53:03.155+0000] {dagbag.py:588} INFO - Filling up the DagBag from /home/airflow/.local/lib/python3.12/site-packages/airflow/example_dags/example_branch_labels.py
[2025-02-20T13:53:03.165+0000] {processor.py:925} INFO - DAG(s) 'example_branch_labels' retrieved from /home/airflow/.local/lib/python3.12/site-packages/airflow/example_dags/example_branch_labels.py
[2025-02-20T13:53:03.183+0000] {logging_mixin.py:190} INFO - [2025-02-20T13:53:03.182+0000] {dag.py:3239} INFO - Sync 1 DAGs
[2025-02-20T13:53:03.205+0000] {logging_mixin.py:190} INFO - [2025-02-20T13:53:03.205+0000] {dag.py:4180} INFO - Setting next_dagrun for example_branch_labels to 2025-02-19 00:00:00+00:00, run_after=2025-02-20 00:00:00+00:00
[2025-02-20T13:53:03.220+0000] {processor.py:208} INFO - Processing /home/airflow/.local/lib/python3.12/site-packages/airflow/example_dags/example_branch_labels.py took 0.072 seconds
[2025-02-20T13:53:33.767+0000] {processor.py:186} INFO - Started process (PID=6820) to work on /home/airflow/.local/lib/python3.12/site-packages/airflow/example_dags/example_branch_labels.py
[2025-02-20T13:53:33.769+0000] {processor.py:914} INFO - Processing file /home/airflow/.local/lib/python3.12/site-packages/airflow/example_dags/example_branch_labels.py for tasks to queue
[2025-02-20T13:53:33.770+0000] {logging_mixin.py:190} INFO - [2025-02-20T13:53:33.770+0000] {dagbag.py:588} INFO - Filling up the DagBag from /home/airflow/.local/lib/python3.12/site-packages/airflow/example_dags/example_branch_labels.py
[2025-02-20T13:53:33.779+0000] {processor.py:925} INFO - DAG(s) 'example_branch_labels' retrieved from /home/airflow/.local/lib/python3.12/site-packages/airflow/example_dags/example_branch_labels.py
[2025-02-20T13:53:33.796+0000] {logging_mixin.py:190} INFO - [2025-02-20T13:53:33.796+0000] {dag.py:3239} INFO - Sync 1 DAGs
[2025-02-20T13:53:33.818+0000] {logging_mixin.py:190} INFO - [2025-02-20T13:53:33.818+0000] {dag.py:4180} INFO - Setting next_dagrun for example_branch_labels to 2025-02-19 00:00:00+00:00, run_after=2025-02-20 00:00:00+00:00
[2025-02-20T13:53:33.833+0000] {processor.py:208} INFO - Processing /home/airflow/.local/lib/python3.12/site-packages/airflow/example_dags/example_branch_labels.py took 0.070 seconds
[2025-02-20T13:54:04.156+0000] {processor.py:186} INFO - Started process (PID=6896) to work on /home/airflow/.local/lib/python3.12/site-packages/airflow/example_dags/example_branch_labels.py
[2025-02-20T13:54:04.157+0000] {processor.py:914} INFO - Processing file /home/airflow/.local/lib/python3.12/site-packages/airflow/example_dags/example_branch_labels.py for tasks to queue
[2025-02-20T13:54:04.158+0000] {logging_mixin.py:190} INFO - [2025-02-20T13:54:04.158+0000] {dagbag.py:588} INFO - Filling up the DagBag from /home/airflow/.local/lib/python3.12/site-packages/airflow/example_dags/example_branch_labels.py
[2025-02-20T13:54:04.166+0000] {processor.py:925} INFO - DAG(s) 'example_branch_labels' retrieved from /home/airflow/.local/lib/python3.12/site-packages/airflow/example_dags/example_branch_labels.py
[2025-02-20T13:54:04.209+0000] {logging_mixin.py:190} INFO - [2025-02-20T13:54:04.209+0000] {dag.py:3239} INFO - Sync 1 DAGs
[2025-02-20T13:54:04.229+0000] {logging_mixin.py:190} INFO - [2025-02-20T13:54:04.228+0000] {dag.py:4180} INFO - Setting next_dagrun for example_branch_labels to 2025-02-19 00:00:00+00:00, run_after=2025-02-20 00:00:00+00:00
[2025-02-20T13:54:04.246+0000] {processor.py:208} INFO - Processing /home/airflow/.local/lib/python3.12/site-packages/airflow/example_dags/example_branch_labels.py took 0.095 seconds
[2025-02-20T13:54:35.227+0000] {processor.py:186} INFO - Started process (PID=6971) to work on /home/airflow/.local/lib/python3.12/site-packages/airflow/example_dags/example_branch_labels.py
[2025-02-20T13:54:35.229+0000] {processor.py:914} INFO - Processing file /home/airflow/.local/lib/python3.12/site-packages/airflow/example_dags/example_branch_labels.py for tasks to queue
[2025-02-20T13:54:35.231+0000] {logging_mixin.py:190} INFO - [2025-02-20T13:54:35.230+0000] {dagbag.py:588} INFO - Filling up the DagBag from /home/airflow/.local/lib/python3.12/site-packages/airflow/example_dags/example_branch_labels.py
[2025-02-20T13:54:35.239+0000] {processor.py:925} INFO - DAG(s) 'example_branch_labels' retrieved from /home/airflow/.local/lib/python3.12/site-packages/airflow/example_dags/example_branch_labels.py
[2025-02-20T13:54:35.259+0000] {logging_mixin.py:190} INFO - [2025-02-20T13:54:35.258+0000] {dag.py:3239} INFO - Sync 1 DAGs
[2025-02-20T13:54:35.280+0000] {logging_mixin.py:190} INFO - [2025-02-20T13:54:35.280+0000] {dag.py:4180} INFO - Setting next_dagrun for example_branch_labels to 2025-02-19 00:00:00+00:00, run_after=2025-02-20 00:00:00+00:00
[2025-02-20T13:54:35.299+0000] {processor.py:208} INFO - Processing /home/airflow/.local/lib/python3.12/site-packages/airflow/example_dags/example_branch_labels.py took 0.077 seconds
[2025-02-20T13:55:05.899+0000] {processor.py:186} INFO - Started process (PID=7047) to work on /home/airflow/.local/lib/python3.12/site-packages/airflow/example_dags/example_branch_labels.py
[2025-02-20T13:55:05.901+0000] {processor.py:914} INFO - Processing file /home/airflow/.local/lib/python3.12/site-packages/airflow/example_dags/example_branch_labels.py for tasks to queue
[2025-02-20T13:55:05.902+0000] {logging_mixin.py:190} INFO - [2025-02-20T13:55:05.902+0000] {dagbag.py:588} INFO - Filling up the DagBag from /home/airflow/.local/lib/python3.12/site-packages/airflow/example_dags/example_branch_labels.py
[2025-02-20T13:55:05.916+0000] {processor.py:925} INFO - DAG(s) 'example_branch_labels' retrieved from /home/airflow/.local/lib/python3.12/site-packages/airflow/example_dags/example_branch_labels.py
[2025-02-20T13:55:05.933+0000] {logging_mixin.py:190} INFO - [2025-02-20T13:55:05.933+0000] {dag.py:3239} INFO - Sync 1 DAGs
[2025-02-20T13:55:06.005+0000] {logging_mixin.py:190} INFO - [2025-02-20T13:55:06.005+0000] {dag.py:4180} INFO - Setting next_dagrun for example_branch_labels to 2025-02-19 00:00:00+00:00, run_after=2025-02-20 00:00:00+00:00
[2025-02-20T13:55:06.020+0000] {processor.py:208} INFO - Processing /home/airflow/.local/lib/python3.12/site-packages/airflow/example_dags/example_branch_labels.py took 0.125 seconds
[2025-02-20T13:55:36.760+0000] {processor.py:186} INFO - Started process (PID=7123) to work on /home/airflow/.local/lib/python3.12/site-packages/airflow/example_dags/example_branch_labels.py
[2025-02-20T13:55:36.816+0000] {processor.py:914} INFO - Processing file /home/airflow/.local/lib/python3.12/site-packages/airflow/example_dags/example_branch_labels.py for tasks to queue
[2025-02-20T13:55:36.818+0000] {logging_mixin.py:190} INFO - [2025-02-20T13:55:36.818+0000] {dagbag.py:588} INFO - Filling up the DagBag from /home/airflow/.local/lib/python3.12/site-packages/airflow/example_dags/example_branch_labels.py
[2025-02-20T13:55:36.826+0000] {processor.py:925} INFO - DAG(s) 'example_branch_labels' retrieved from /home/airflow/.local/lib/python3.12/site-packages/airflow/example_dags/example_branch_labels.py
[2025-02-20T13:55:36.845+0000] {logging_mixin.py:190} INFO - [2025-02-20T13:55:36.845+0000] {dag.py:3239} INFO - Sync 1 DAGs
[2025-02-20T13:55:36.867+0000] {logging_mixin.py:190} INFO - [2025-02-20T13:55:36.867+0000] {dag.py:4180} INFO - Setting next_dagrun for example_branch_labels to 2025-02-19 00:00:00+00:00, run_after=2025-02-20 00:00:00+00:00
[2025-02-20T13:55:36.886+0000] {processor.py:208} INFO - Processing /home/airflow/.local/lib/python3.12/site-packages/airflow/example_dags/example_branch_labels.py took 0.132 seconds
[2025-02-20T13:56:07.369+0000] {processor.py:186} INFO - Started process (PID=7199) to work on /home/airflow/.local/lib/python3.12/site-packages/airflow/example_dags/example_branch_labels.py
[2025-02-20T13:56:07.371+0000] {processor.py:914} INFO - Processing file /home/airflow/.local/lib/python3.12/site-packages/airflow/example_dags/example_branch_labels.py for tasks to queue
[2025-02-20T13:56:07.373+0000] {logging_mixin.py:190} INFO - [2025-02-20T13:56:07.373+0000] {dagbag.py:588} INFO - Filling up the DagBag from /home/airflow/.local/lib/python3.12/site-packages/airflow/example_dags/example_branch_labels.py
[2025-02-20T13:56:07.382+0000] {processor.py:925} INFO - DAG(s) 'example_branch_labels' retrieved from /home/airflow/.local/lib/python3.12/site-packages/airflow/example_dags/example_branch_labels.py
[2025-02-20T13:56:07.401+0000] {logging_mixin.py:190} INFO - [2025-02-20T13:56:07.400+0000] {dag.py:3239} INFO - Sync 1 DAGs
[2025-02-20T13:56:07.454+0000] {logging_mixin.py:190} INFO - [2025-02-20T13:56:07.454+0000] {dag.py:4180} INFO - Setting next_dagrun for example_branch_labels to 2025-02-19 00:00:00+00:00, run_after=2025-02-20 00:00:00+00:00
[2025-02-20T13:56:07.473+0000] {processor.py:208} INFO - Processing /home/airflow/.local/lib/python3.12/site-packages/airflow/example_dags/example_branch_labels.py took 0.110 seconds
[2025-02-20T13:56:38.129+0000] {processor.py:186} INFO - Started process (PID=7281) to work on /home/airflow/.local/lib/python3.12/site-packages/airflow/example_dags/example_branch_labels.py
[2025-02-20T13:56:38.131+0000] {processor.py:914} INFO - Processing file /home/airflow/.local/lib/python3.12/site-packages/airflow/example_dags/example_branch_labels.py for tasks to queue
[2025-02-20T13:56:38.132+0000] {logging_mixin.py:190} INFO - [2025-02-20T13:56:38.132+0000] {dagbag.py:588} INFO - Filling up the DagBag from /home/airflow/.local/lib/python3.12/site-packages/airflow/example_dags/example_branch_labels.py
[2025-02-20T13:56:38.140+0000] {processor.py:925} INFO - DAG(s) 'example_branch_labels' retrieved from /home/airflow/.local/lib/python3.12/site-packages/airflow/example_dags/example_branch_labels.py
[2025-02-20T13:56:38.160+0000] {logging_mixin.py:190} INFO - [2025-02-20T13:56:38.160+0000] {dag.py:3239} INFO - Sync 1 DAGs
[2025-02-20T13:56:38.180+0000] {logging_mixin.py:190} INFO - [2025-02-20T13:56:38.180+0000] {dag.py:4180} INFO - Setting next_dagrun for example_branch_labels to 2025-02-19 00:00:00+00:00, run_after=2025-02-20 00:00:00+00:00
[2025-02-20T13:56:38.198+0000] {processor.py:208} INFO - Processing /home/airflow/.local/lib/python3.12/site-packages/airflow/example_dags/example_branch_labels.py took 0.073 seconds
[2025-02-20T13:57:08.532+0000] {processor.py:186} INFO - Started process (PID=7357) to work on /home/airflow/.local/lib/python3.12/site-packages/airflow/example_dags/example_branch_labels.py
[2025-02-20T13:57:08.534+0000] {processor.py:914} INFO - Processing file /home/airflow/.local/lib/python3.12/site-packages/airflow/example_dags/example_branch_labels.py for tasks to queue
[2025-02-20T13:57:08.535+0000] {logging_mixin.py:190} INFO - [2025-02-20T13:57:08.535+0000] {dagbag.py:588} INFO - Filling up the DagBag from /home/airflow/.local/lib/python3.12/site-packages/airflow/example_dags/example_branch_labels.py
[2025-02-20T13:57:08.543+0000] {processor.py:925} INFO - DAG(s) 'example_branch_labels' retrieved from /home/airflow/.local/lib/python3.12/site-packages/airflow/example_dags/example_branch_labels.py
[2025-02-20T13:57:08.561+0000] {logging_mixin.py:190} INFO - [2025-02-20T13:57:08.561+0000] {dag.py:3239} INFO - Sync 1 DAGs
[2025-02-20T13:57:08.582+0000] {logging_mixin.py:190} INFO - [2025-02-20T13:57:08.582+0000] {dag.py:4180} INFO - Setting next_dagrun for example_branch_labels to 2025-02-19 00:00:00+00:00, run_after=2025-02-20 00:00:00+00:00
[2025-02-20T13:57:08.602+0000] {processor.py:208} INFO - Processing /home/airflow/.local/lib/python3.12/site-packages/airflow/example_dags/example_branch_labels.py took 0.075 seconds
[2025-02-20T13:57:38.770+0000] {processor.py:186} INFO - Started process (PID=7434) to work on /home/airflow/.local/lib/python3.12/site-packages/airflow/example_dags/example_branch_labels.py
[2025-02-20T13:57:38.771+0000] {processor.py:914} INFO - Processing file /home/airflow/.local/lib/python3.12/site-packages/airflow/example_dags/example_branch_labels.py for tasks to queue
[2025-02-20T13:57:38.772+0000] {logging_mixin.py:190} INFO - [2025-02-20T13:57:38.772+0000] {dagbag.py:588} INFO - Filling up the DagBag from /home/airflow/.local/lib/python3.12/site-packages/airflow/example_dags/example_branch_labels.py
[2025-02-20T13:57:38.782+0000] {processor.py:925} INFO - DAG(s) 'example_branch_labels' retrieved from /home/airflow/.local/lib/python3.12/site-packages/airflow/example_dags/example_branch_labels.py
[2025-02-20T13:57:38.803+0000] {logging_mixin.py:190} INFO - [2025-02-20T13:57:38.803+0000] {dag.py:3239} INFO - Sync 1 DAGs
[2025-02-20T13:57:38.824+0000] {logging_mixin.py:190} INFO - [2025-02-20T13:57:38.824+0000] {dag.py:4180} INFO - Setting next_dagrun for example_branch_labels to 2025-02-19 00:00:00+00:00, run_after=2025-02-20 00:00:00+00:00
[2025-02-20T13:57:38.843+0000] {processor.py:208} INFO - Processing /home/airflow/.local/lib/python3.12/site-packages/airflow/example_dags/example_branch_labels.py took 0.078 seconds
[2025-02-20T13:58:09.591+0000] {processor.py:186} INFO - Started process (PID=7509) to work on /home/airflow/.local/lib/python3.12/site-packages/airflow/example_dags/example_branch_labels.py
[2025-02-20T13:58:09.592+0000] {processor.py:914} INFO - Processing file /home/airflow/.local/lib/python3.12/site-packages/airflow/example_dags/example_branch_labels.py for tasks to queue
[2025-02-20T13:58:09.593+0000] {logging_mixin.py:190} INFO - [2025-02-20T13:58:09.593+0000] {dagbag.py:588} INFO - Filling up the DagBag from /home/airflow/.local/lib/python3.12/site-packages/airflow/example_dags/example_branch_labels.py
[2025-02-20T13:58:09.603+0000] {processor.py:925} INFO - DAG(s) 'example_branch_labels' retrieved from /home/airflow/.local/lib/python3.12/site-packages/airflow/example_dags/example_branch_labels.py
[2025-02-20T13:58:09.623+0000] {logging_mixin.py:190} INFO - [2025-02-20T13:58:09.623+0000] {dag.py:3239} INFO - Sync 1 DAGs
[2025-02-20T13:58:09.644+0000] {logging_mixin.py:190} INFO - [2025-02-20T13:58:09.644+0000] {dag.py:4180} INFO - Setting next_dagrun for example_branch_labels to 2025-02-19 00:00:00+00:00, run_after=2025-02-20 00:00:00+00:00
[2025-02-20T13:58:09.664+0000] {processor.py:208} INFO - Processing /home/airflow/.local/lib/python3.12/site-packages/airflow/example_dags/example_branch_labels.py took 0.078 seconds
[2025-02-20T13:58:39.797+0000] {processor.py:186} INFO - Started process (PID=7585) to work on /home/airflow/.local/lib/python3.12/site-packages/airflow/example_dags/example_branch_labels.py
[2025-02-20T13:58:39.798+0000] {processor.py:914} INFO - Processing file /home/airflow/.local/lib/python3.12/site-packages/airflow/example_dags/example_branch_labels.py for tasks to queue
[2025-02-20T13:58:39.800+0000] {logging_mixin.py:190} INFO - [2025-02-20T13:58:39.799+0000] {dagbag.py:588} INFO - Filling up the DagBag from /home/airflow/.local/lib/python3.12/site-packages/airflow/example_dags/example_branch_labels.py
[2025-02-20T13:58:39.810+0000] {processor.py:925} INFO - DAG(s) 'example_branch_labels' retrieved from /home/airflow/.local/lib/python3.12/site-packages/airflow/example_dags/example_branch_labels.py
[2025-02-20T13:58:39.829+0000] {logging_mixin.py:190} INFO - [2025-02-20T13:58:39.828+0000] {dag.py:3239} INFO - Sync 1 DAGs
[2025-02-20T13:58:39.851+0000] {logging_mixin.py:190} INFO - [2025-02-20T13:58:39.851+0000] {dag.py:4180} INFO - Setting next_dagrun for example_branch_labels to 2025-02-19 00:00:00+00:00, run_after=2025-02-20 00:00:00+00:00
[2025-02-20T13:58:39.869+0000] {processor.py:208} INFO - Processing /home/airflow/.local/lib/python3.12/site-packages/airflow/example_dags/example_branch_labels.py took 0.077 seconds
[2025-02-20T13:59:10.363+0000] {processor.py:186} INFO - Started process (PID=7662) to work on /home/airflow/.local/lib/python3.12/site-packages/airflow/example_dags/example_branch_labels.py
[2025-02-20T13:59:10.365+0000] {processor.py:914} INFO - Processing file /home/airflow/.local/lib/python3.12/site-packages/airflow/example_dags/example_branch_labels.py for tasks to queue
[2025-02-20T13:59:10.366+0000] {logging_mixin.py:190} INFO - [2025-02-20T13:59:10.366+0000] {dagbag.py:588} INFO - Filling up the DagBag from /home/airflow/.local/lib/python3.12/site-packages/airflow/example_dags/example_branch_labels.py
[2025-02-20T13:59:10.374+0000] {processor.py:925} INFO - DAG(s) 'example_branch_labels' retrieved from /home/airflow/.local/lib/python3.12/site-packages/airflow/example_dags/example_branch_labels.py
[2025-02-20T13:59:10.394+0000] {logging_mixin.py:190} INFO - [2025-02-20T13:59:10.394+0000] {dag.py:3239} INFO - Sync 1 DAGs
[2025-02-20T13:59:10.450+0000] {logging_mixin.py:190} INFO - [2025-02-20T13:59:10.449+0000] {dag.py:4180} INFO - Setting next_dagrun for example_branch_labels to 2025-02-19 00:00:00+00:00, run_after=2025-02-20 00:00:00+00:00
[2025-02-20T13:59:10.468+0000] {processor.py:208} INFO - Processing /home/airflow/.local/lib/python3.12/site-packages/airflow/example_dags/example_branch_labels.py took 0.109 seconds
[2025-02-20T13:59:40.747+0000] {processor.py:186} INFO - Started process (PID=7738) to work on /home/airflow/.local/lib/python3.12/site-packages/airflow/example_dags/example_branch_labels.py
[2025-02-20T13:59:40.749+0000] {processor.py:914} INFO - Processing file /home/airflow/.local/lib/python3.12/site-packages/airflow/example_dags/example_branch_labels.py for tasks to queue
[2025-02-20T13:59:40.750+0000] {logging_mixin.py:190} INFO - [2025-02-20T13:59:40.750+0000] {dagbag.py:588} INFO - Filling up the DagBag from /home/airflow/.local/lib/python3.12/site-packages/airflow/example_dags/example_branch_labels.py
[2025-02-20T13:59:40.760+0000] {processor.py:925} INFO - DAG(s) 'example_branch_labels' retrieved from /home/airflow/.local/lib/python3.12/site-packages/airflow/example_dags/example_branch_labels.py
[2025-02-20T13:59:40.780+0000] {logging_mixin.py:190} INFO - [2025-02-20T13:59:40.780+0000] {dag.py:3239} INFO - Sync 1 DAGs
[2025-02-20T13:59:40.802+0000] {logging_mixin.py:190} INFO - [2025-02-20T13:59:40.801+0000] {dag.py:4180} INFO - Setting next_dagrun for example_branch_labels to 2025-02-19 00:00:00+00:00, run_after=2025-02-20 00:00:00+00:00
[2025-02-20T13:59:40.820+0000] {processor.py:208} INFO - Processing /home/airflow/.local/lib/python3.12/site-packages/airflow/example_dags/example_branch_labels.py took 0.078 seconds
[2025-02-20T14:00:10.947+0000] {processor.py:186} INFO - Started process (PID=7814) to work on /home/airflow/.local/lib/python3.12/site-packages/airflow/example_dags/example_branch_labels.py
[2025-02-20T14:00:10.948+0000] {processor.py:914} INFO - Processing file /home/airflow/.local/lib/python3.12/site-packages/airflow/example_dags/example_branch_labels.py for tasks to queue
[2025-02-20T14:00:10.950+0000] {logging_mixin.py:190} INFO - [2025-02-20T14:00:10.949+0000] {dagbag.py:588} INFO - Filling up the DagBag from /home/airflow/.local/lib/python3.12/site-packages/airflow/example_dags/example_branch_labels.py
[2025-02-20T14:00:10.960+0000] {processor.py:925} INFO - DAG(s) 'example_branch_labels' retrieved from /home/airflow/.local/lib/python3.12/site-packages/airflow/example_dags/example_branch_labels.py
[2025-02-20T14:00:10.978+0000] {logging_mixin.py:190} INFO - [2025-02-20T14:00:10.978+0000] {dag.py:3239} INFO - Sync 1 DAGs
[2025-02-20T14:00:11.006+0000] {logging_mixin.py:190} INFO - [2025-02-20T14:00:11.006+0000] {dag.py:4180} INFO - Setting next_dagrun for example_branch_labels to 2025-02-19 00:00:00+00:00, run_after=2025-02-20 00:00:00+00:00
[2025-02-20T14:00:11.022+0000] {processor.py:208} INFO - Processing /home/airflow/.local/lib/python3.12/site-packages/airflow/example_dags/example_branch_labels.py took 0.080 seconds
[2025-02-20T14:00:41.171+0000] {processor.py:186} INFO - Started process (PID=7890) to work on /home/airflow/.local/lib/python3.12/site-packages/airflow/example_dags/example_branch_labels.py
[2025-02-20T14:00:41.172+0000] {processor.py:914} INFO - Processing file /home/airflow/.local/lib/python3.12/site-packages/airflow/example_dags/example_branch_labels.py for tasks to queue
[2025-02-20T14:00:41.174+0000] {logging_mixin.py:190} INFO - [2025-02-20T14:00:41.174+0000] {dagbag.py:588} INFO - Filling up the DagBag from /home/airflow/.local/lib/python3.12/site-packages/airflow/example_dags/example_branch_labels.py
[2025-02-20T14:00:41.182+0000] {processor.py:925} INFO - DAG(s) 'example_branch_labels' retrieved from /home/airflow/.local/lib/python3.12/site-packages/airflow/example_dags/example_branch_labels.py
[2025-02-20T14:00:41.201+0000] {logging_mixin.py:190} INFO - [2025-02-20T14:00:41.200+0000] {dag.py:3239} INFO - Sync 1 DAGs
[2025-02-20T14:00:41.220+0000] {logging_mixin.py:190} INFO - [2025-02-20T14:00:41.220+0000] {dag.py:4180} INFO - Setting next_dagrun for example_branch_labels to 2025-02-19 00:00:00+00:00, run_after=2025-02-20 00:00:00+00:00
[2025-02-20T14:00:41.237+0000] {processor.py:208} INFO - Processing /home/airflow/.local/lib/python3.12/site-packages/airflow/example_dags/example_branch_labels.py took 0.070 seconds
[2025-02-20T14:01:11.889+0000] {processor.py:186} INFO - Started process (PID=7964) to work on /home/airflow/.local/lib/python3.12/site-packages/airflow/example_dags/example_branch_labels.py
[2025-02-20T14:01:11.890+0000] {processor.py:914} INFO - Processing file /home/airflow/.local/lib/python3.12/site-packages/airflow/example_dags/example_branch_labels.py for tasks to queue
[2025-02-20T14:01:11.892+0000] {logging_mixin.py:190} INFO - [2025-02-20T14:01:11.891+0000] {dagbag.py:588} INFO - Filling up the DagBag from /home/airflow/.local/lib/python3.12/site-packages/airflow/example_dags/example_branch_labels.py
[2025-02-20T14:01:11.900+0000] {processor.py:925} INFO - DAG(s) 'example_branch_labels' retrieved from /home/airflow/.local/lib/python3.12/site-packages/airflow/example_dags/example_branch_labels.py
[2025-02-20T14:01:11.917+0000] {logging_mixin.py:190} INFO - [2025-02-20T14:01:11.917+0000] {dag.py:3239} INFO - Sync 1 DAGs
[2025-02-20T14:01:11.938+0000] {logging_mixin.py:190} INFO - [2025-02-20T14:01:11.938+0000] {dag.py:4180} INFO - Setting next_dagrun for example_branch_labels to 2025-02-19 00:00:00+00:00, run_after=2025-02-20 00:00:00+00:00
[2025-02-20T14:01:11.957+0000] {processor.py:208} INFO - Processing /home/airflow/.local/lib/python3.12/site-packages/airflow/example_dags/example_branch_labels.py took 0.072 seconds
[2025-02-20T14:01:42.036+0000] {processor.py:186} INFO - Started process (PID=8040) to work on /home/airflow/.local/lib/python3.12/site-packages/airflow/example_dags/example_branch_labels.py
[2025-02-20T14:01:42.038+0000] {processor.py:914} INFO - Processing file /home/airflow/.local/lib/python3.12/site-packages/airflow/example_dags/example_branch_labels.py for tasks to queue
[2025-02-20T14:01:42.039+0000] {logging_mixin.py:190} INFO - [2025-02-20T14:01:42.039+0000] {dagbag.py:588} INFO - Filling up the DagBag from /home/airflow/.local/lib/python3.12/site-packages/airflow/example_dags/example_branch_labels.py
[2025-02-20T14:01:42.050+0000] {processor.py:925} INFO - DAG(s) 'example_branch_labels' retrieved from /home/airflow/.local/lib/python3.12/site-packages/airflow/example_dags/example_branch_labels.py
[2025-02-20T14:01:42.073+0000] {logging_mixin.py:190} INFO - [2025-02-20T14:01:42.073+0000] {dag.py:3239} INFO - Sync 1 DAGs
[2025-02-20T14:01:42.096+0000] {logging_mixin.py:190} INFO - [2025-02-20T14:01:42.095+0000] {dag.py:4180} INFO - Setting next_dagrun for example_branch_labels to 2025-02-19 00:00:00+00:00, run_after=2025-02-20 00:00:00+00:00
[2025-02-20T14:01:42.113+0000] {processor.py:208} INFO - Processing /home/airflow/.local/lib/python3.12/site-packages/airflow/example_dags/example_branch_labels.py took 0.082 seconds
[2025-02-20T14:02:12.550+0000] {processor.py:186} INFO - Started process (PID=8116) to work on /home/airflow/.local/lib/python3.12/site-packages/airflow/example_dags/example_branch_labels.py
[2025-02-20T14:02:12.551+0000] {processor.py:914} INFO - Processing file /home/airflow/.local/lib/python3.12/site-packages/airflow/example_dags/example_branch_labels.py for tasks to queue
[2025-02-20T14:02:12.552+0000] {logging_mixin.py:190} INFO - [2025-02-20T14:02:12.552+0000] {dagbag.py:588} INFO - Filling up the DagBag from /home/airflow/.local/lib/python3.12/site-packages/airflow/example_dags/example_branch_labels.py
[2025-02-20T14:02:12.562+0000] {processor.py:925} INFO - DAG(s) 'example_branch_labels' retrieved from /home/airflow/.local/lib/python3.12/site-packages/airflow/example_dags/example_branch_labels.py
[2025-02-20T14:02:12.582+0000] {logging_mixin.py:190} INFO - [2025-02-20T14:02:12.581+0000] {dag.py:3239} INFO - Sync 1 DAGs
[2025-02-20T14:02:12.602+0000] {logging_mixin.py:190} INFO - [2025-02-20T14:02:12.602+0000] {dag.py:4180} INFO - Setting next_dagrun for example_branch_labels to 2025-02-19 00:00:00+00:00, run_after=2025-02-20 00:00:00+00:00
[2025-02-20T14:02:12.622+0000] {processor.py:208} INFO - Processing /home/airflow/.local/lib/python3.12/site-packages/airflow/example_dags/example_branch_labels.py took 0.077 seconds
[2025-02-20T14:02:42.783+0000] {processor.py:186} INFO - Started process (PID=8192) to work on /home/airflow/.local/lib/python3.12/site-packages/airflow/example_dags/example_branch_labels.py
[2025-02-20T14:02:42.784+0000] {processor.py:914} INFO - Processing file /home/airflow/.local/lib/python3.12/site-packages/airflow/example_dags/example_branch_labels.py for tasks to queue
[2025-02-20T14:02:42.786+0000] {logging_mixin.py:190} INFO - [2025-02-20T14:02:42.786+0000] {dagbag.py:588} INFO - Filling up the DagBag from /home/airflow/.local/lib/python3.12/site-packages/airflow/example_dags/example_branch_labels.py
[2025-02-20T14:02:42.794+0000] {processor.py:925} INFO - DAG(s) 'example_branch_labels' retrieved from /home/airflow/.local/lib/python3.12/site-packages/airflow/example_dags/example_branch_labels.py
[2025-02-20T14:02:42.818+0000] {logging_mixin.py:190} INFO - [2025-02-20T14:02:42.817+0000] {dag.py:3239} INFO - Sync 1 DAGs
[2025-02-20T14:02:42.838+0000] {logging_mixin.py:190} INFO - [2025-02-20T14:02:42.838+0000] {dag.py:4180} INFO - Setting next_dagrun for example_branch_labels to 2025-02-19 00:00:00+00:00, run_after=2025-02-20 00:00:00+00:00
[2025-02-20T14:02:42.856+0000] {processor.py:208} INFO - Processing /home/airflow/.local/lib/python3.12/site-packages/airflow/example_dags/example_branch_labels.py took 0.077 seconds
[2025-02-20T14:03:13.067+0000] {processor.py:186} INFO - Started process (PID=8268) to work on /home/airflow/.local/lib/python3.12/site-packages/airflow/example_dags/example_branch_labels.py
[2025-02-20T14:03:13.069+0000] {processor.py:914} INFO - Processing file /home/airflow/.local/lib/python3.12/site-packages/airflow/example_dags/example_branch_labels.py for tasks to queue
[2025-02-20T14:03:13.070+0000] {logging_mixin.py:190} INFO - [2025-02-20T14:03:13.070+0000] {dagbag.py:588} INFO - Filling up the DagBag from /home/airflow/.local/lib/python3.12/site-packages/airflow/example_dags/example_branch_labels.py
[2025-02-20T14:03:13.079+0000] {processor.py:925} INFO - DAG(s) 'example_branch_labels' retrieved from /home/airflow/.local/lib/python3.12/site-packages/airflow/example_dags/example_branch_labels.py
[2025-02-20T14:03:13.100+0000] {logging_mixin.py:190} INFO - [2025-02-20T14:03:13.100+0000] {dag.py:3239} INFO - Sync 1 DAGs
[2025-02-20T14:03:13.125+0000] {logging_mixin.py:190} INFO - [2025-02-20T14:03:13.124+0000] {dag.py:4180} INFO - Setting next_dagrun for example_branch_labels to 2025-02-19 00:00:00+00:00, run_after=2025-02-20 00:00:00+00:00
[2025-02-20T14:03:13.147+0000] {processor.py:208} INFO - Processing /home/airflow/.local/lib/python3.12/site-packages/airflow/example_dags/example_branch_labels.py took 0.084 seconds
[2025-02-20T14:44:21.104+0000] {processor.py:186} INFO - Started process (PID=8366) to work on /home/airflow/.local/lib/python3.12/site-packages/airflow/example_dags/example_branch_labels.py
[2025-02-20T14:44:21.105+0000] {processor.py:914} INFO - Processing file /home/airflow/.local/lib/python3.12/site-packages/airflow/example_dags/example_branch_labels.py for tasks to queue
[2025-02-20T14:44:21.107+0000] {logging_mixin.py:190} INFO - [2025-02-20T14:44:21.106+0000] {dagbag.py:588} INFO - Filling up the DagBag from /home/airflow/.local/lib/python3.12/site-packages/airflow/example_dags/example_branch_labels.py
[2025-02-20T14:44:21.116+0000] {processor.py:925} INFO - DAG(s) 'example_branch_labels' retrieved from /home/airflow/.local/lib/python3.12/site-packages/airflow/example_dags/example_branch_labels.py
[2025-02-20T14:44:21.140+0000] {logging_mixin.py:190} INFO - [2025-02-20T14:44:21.139+0000] {dag.py:3239} INFO - Sync 1 DAGs
[2025-02-20T14:44:21.167+0000] {logging_mixin.py:190} INFO - [2025-02-20T14:44:21.167+0000] {dag.py:4180} INFO - Setting next_dagrun for example_branch_labels to 2025-02-19 00:00:00+00:00, run_after=2025-02-20 00:00:00+00:00
[2025-02-20T14:44:21.189+0000] {processor.py:208} INFO - Processing /home/airflow/.local/lib/python3.12/site-packages/airflow/example_dags/example_branch_labels.py took 0.090 seconds
[2025-02-20T14:44:51.901+0000] {processor.py:186} INFO - Started process (PID=8442) to work on /home/airflow/.local/lib/python3.12/site-packages/airflow/example_dags/example_branch_labels.py
[2025-02-20T14:44:51.903+0000] {processor.py:914} INFO - Processing file /home/airflow/.local/lib/python3.12/site-packages/airflow/example_dags/example_branch_labels.py for tasks to queue
[2025-02-20T14:44:51.905+0000] {logging_mixin.py:190} INFO - [2025-02-20T14:44:51.905+0000] {dagbag.py:588} INFO - Filling up the DagBag from /home/airflow/.local/lib/python3.12/site-packages/airflow/example_dags/example_branch_labels.py
[2025-02-20T14:44:51.914+0000] {processor.py:925} INFO - DAG(s) 'example_branch_labels' retrieved from /home/airflow/.local/lib/python3.12/site-packages/airflow/example_dags/example_branch_labels.py
[2025-02-20T14:44:51.935+0000] {logging_mixin.py:190} INFO - [2025-02-20T14:44:51.934+0000] {dag.py:3239} INFO - Sync 1 DAGs
[2025-02-20T14:44:51.956+0000] {logging_mixin.py:190} INFO - [2025-02-20T14:44:51.956+0000] {dag.py:4180} INFO - Setting next_dagrun for example_branch_labels to 2025-02-19 00:00:00+00:00, run_after=2025-02-20 00:00:00+00:00
[2025-02-20T14:44:51.973+0000] {processor.py:208} INFO - Processing /home/airflow/.local/lib/python3.12/site-packages/airflow/example_dags/example_branch_labels.py took 0.077 seconds
[2025-02-20T14:45:22.375+0000] {processor.py:186} INFO - Started process (PID=8518) to work on /home/airflow/.local/lib/python3.12/site-packages/airflow/example_dags/example_branch_labels.py
[2025-02-20T14:45:22.375+0000] {processor.py:914} INFO - Processing file /home/airflow/.local/lib/python3.12/site-packages/airflow/example_dags/example_branch_labels.py for tasks to queue
[2025-02-20T14:45:22.377+0000] {logging_mixin.py:190} INFO - [2025-02-20T14:45:22.376+0000] {dagbag.py:588} INFO - Filling up the DagBag from /home/airflow/.local/lib/python3.12/site-packages/airflow/example_dags/example_branch_labels.py
[2025-02-20T14:45:22.384+0000] {processor.py:925} INFO - DAG(s) 'example_branch_labels' retrieved from /home/airflow/.local/lib/python3.12/site-packages/airflow/example_dags/example_branch_labels.py
[2025-02-20T14:45:22.400+0000] {logging_mixin.py:190} INFO - [2025-02-20T14:45:22.400+0000] {dag.py:3239} INFO - Sync 1 DAGs
[2025-02-20T14:45:22.421+0000] {logging_mixin.py:190} INFO - [2025-02-20T14:45:22.421+0000] {dag.py:4180} INFO - Setting next_dagrun for example_branch_labels to 2025-02-19 00:00:00+00:00, run_after=2025-02-20 00:00:00+00:00
[2025-02-20T14:45:22.436+0000] {processor.py:208} INFO - Processing /home/airflow/.local/lib/python3.12/site-packages/airflow/example_dags/example_branch_labels.py took 0.066 seconds
