[2025-02-20T13:41:07.410+0000] {processor.py:186} INFO - Started process (PID=4943) to work on /home/airflow/.local/lib/python3.12/site-packages/airflow/example_dags/example_dag_decorator.py
[2025-02-20T13:41:07.413+0000] {processor.py:914} INFO - Processing file /home/airflow/.local/lib/python3.12/site-packages/airflow/example_dags/example_dag_decorator.py for tasks to queue
[2025-02-20T13:41:07.424+0000] {logging_mixin.py:190} INFO - [2025-02-20T13:41:07.423+0000] {dagbag.py:588} INFO - Filling up the DagBag from /home/airflow/.local/lib/python3.12/site-packages/airflow/example_dags/example_dag_decorator.py
[2025-02-20T13:41:08.029+0000] {processor.py:925} INFO - DAG(s) 'example_dag_decorator' retrieved from /home/airflow/.local/lib/python3.12/site-packages/airflow/example_dags/example_dag_decorator.py
[2025-02-20T13:41:08.418+0000] {logging_mixin.py:190} INFO - [2025-02-20T13:41:08.417+0000] {dag.py:3239} INFO - Sync 1 DAGs
[2025-02-20T13:41:08.470+0000] {logging_mixin.py:190} INFO - [2025-02-20T13:41:08.469+0000] {dag.py:4180} INFO - Setting next_dagrun for example_dag_decorator to None, run_after=None
[2025-02-20T13:41:08.548+0000] {processor.py:208} INFO - Processing /home/airflow/.local/lib/python3.12/site-packages/airflow/example_dags/example_dag_decorator.py took 1.158 seconds
[2025-02-20T13:41:38.790+0000] {processor.py:186} INFO - Started process (PID=5025) to work on /home/airflow/.local/lib/python3.12/site-packages/airflow/example_dags/example_dag_decorator.py
[2025-02-20T13:41:38.791+0000] {processor.py:914} INFO - Processing file /home/airflow/.local/lib/python3.12/site-packages/airflow/example_dags/example_dag_decorator.py for tasks to queue
[2025-02-20T13:41:38.793+0000] {logging_mixin.py:190} INFO - [2025-02-20T13:41:38.793+0000] {dagbag.py:588} INFO - Filling up the DagBag from /home/airflow/.local/lib/python3.12/site-packages/airflow/example_dags/example_dag_decorator.py
[2025-02-20T13:41:38.964+0000] {processor.py:925} INFO - DAG(s) 'example_dag_decorator' retrieved from /home/airflow/.local/lib/python3.12/site-packages/airflow/example_dags/example_dag_decorator.py
[2025-02-20T13:41:39.091+0000] {logging_mixin.py:190} INFO - [2025-02-20T13:41:39.090+0000] {dag.py:3239} INFO - Sync 1 DAGs
[2025-02-20T13:41:39.107+0000] {logging_mixin.py:190} INFO - [2025-02-20T13:41:39.107+0000] {dag.py:4180} INFO - Setting next_dagrun for example_dag_decorator to None, run_after=None
[2025-02-20T13:41:39.134+0000] {processor.py:208} INFO - Processing /home/airflow/.local/lib/python3.12/site-packages/airflow/example_dags/example_dag_decorator.py took 0.350 seconds
[2025-02-20T13:42:10.021+0000] {processor.py:186} INFO - Started process (PID=5101) to work on /home/airflow/.local/lib/python3.12/site-packages/airflow/example_dags/example_dag_decorator.py
[2025-02-20T13:42:10.023+0000] {processor.py:914} INFO - Processing file /home/airflow/.local/lib/python3.12/site-packages/airflow/example_dags/example_dag_decorator.py for tasks to queue
[2025-02-20T13:42:10.026+0000] {logging_mixin.py:190} INFO - [2025-02-20T13:42:10.025+0000] {dagbag.py:588} INFO - Filling up the DagBag from /home/airflow/.local/lib/python3.12/site-packages/airflow/example_dags/example_dag_decorator.py
[2025-02-20T13:42:10.195+0000] {processor.py:925} INFO - DAG(s) 'example_dag_decorator' retrieved from /home/airflow/.local/lib/python3.12/site-packages/airflow/example_dags/example_dag_decorator.py
[2025-02-20T13:42:10.332+0000] {logging_mixin.py:190} INFO - [2025-02-20T13:42:10.332+0000] {dag.py:3239} INFO - Sync 1 DAGs
[2025-02-20T13:42:10.350+0000] {logging_mixin.py:190} INFO - [2025-02-20T13:42:10.349+0000] {dag.py:4180} INFO - Setting next_dagrun for example_dag_decorator to None, run_after=None
[2025-02-20T13:42:10.387+0000] {processor.py:208} INFO - Processing /home/airflow/.local/lib/python3.12/site-packages/airflow/example_dags/example_dag_decorator.py took 0.370 seconds
[2025-02-20T13:42:40.445+0000] {processor.py:186} INFO - Started process (PID=5176) to work on /home/airflow/.local/lib/python3.12/site-packages/airflow/example_dags/example_dag_decorator.py
[2025-02-20T13:42:40.446+0000] {processor.py:914} INFO - Processing file /home/airflow/.local/lib/python3.12/site-packages/airflow/example_dags/example_dag_decorator.py for tasks to queue
[2025-02-20T13:42:40.448+0000] {logging_mixin.py:190} INFO - [2025-02-20T13:42:40.447+0000] {dagbag.py:588} INFO - Filling up the DagBag from /home/airflow/.local/lib/python3.12/site-packages/airflow/example_dags/example_dag_decorator.py
[2025-02-20T13:42:40.604+0000] {processor.py:925} INFO - DAG(s) 'example_dag_decorator' retrieved from /home/airflow/.local/lib/python3.12/site-packages/airflow/example_dags/example_dag_decorator.py
[2025-02-20T13:42:40.705+0000] {logging_mixin.py:190} INFO - [2025-02-20T13:42:40.705+0000] {dag.py:3239} INFO - Sync 1 DAGs
[2025-02-20T13:42:40.717+0000] {logging_mixin.py:190} INFO - [2025-02-20T13:42:40.716+0000] {dag.py:4180} INFO - Setting next_dagrun for example_dag_decorator to None, run_after=None
[2025-02-20T13:42:40.739+0000] {processor.py:208} INFO - Processing /home/airflow/.local/lib/python3.12/site-packages/airflow/example_dags/example_dag_decorator.py took 0.299 seconds
[2025-02-20T13:43:11.435+0000] {processor.py:186} INFO - Started process (PID=5254) to work on /home/airflow/.local/lib/python3.12/site-packages/airflow/example_dags/example_dag_decorator.py
[2025-02-20T13:43:11.437+0000] {processor.py:914} INFO - Processing file /home/airflow/.local/lib/python3.12/site-packages/airflow/example_dags/example_dag_decorator.py for tasks to queue
[2025-02-20T13:43:11.439+0000] {logging_mixin.py:190} INFO - [2025-02-20T13:43:11.438+0000] {dagbag.py:588} INFO - Filling up the DagBag from /home/airflow/.local/lib/python3.12/site-packages/airflow/example_dags/example_dag_decorator.py
[2025-02-20T13:43:11.583+0000] {processor.py:925} INFO - DAG(s) 'example_dag_decorator' retrieved from /home/airflow/.local/lib/python3.12/site-packages/airflow/example_dags/example_dag_decorator.py
[2025-02-20T13:43:11.695+0000] {logging_mixin.py:190} INFO - [2025-02-20T13:43:11.694+0000] {dag.py:3239} INFO - Sync 1 DAGs
[2025-02-20T13:43:11.708+0000] {logging_mixin.py:190} INFO - [2025-02-20T13:43:11.708+0000] {dag.py:4180} INFO - Setting next_dagrun for example_dag_decorator to None, run_after=None
[2025-02-20T13:43:11.736+0000] {processor.py:208} INFO - Processing /home/airflow/.local/lib/python3.12/site-packages/airflow/example_dags/example_dag_decorator.py took 0.307 seconds
[2025-02-20T13:43:42.476+0000] {processor.py:186} INFO - Started process (PID=5329) to work on /home/airflow/.local/lib/python3.12/site-packages/airflow/example_dags/example_dag_decorator.py
[2025-02-20T13:43:42.477+0000] {processor.py:914} INFO - Processing file /home/airflow/.local/lib/python3.12/site-packages/airflow/example_dags/example_dag_decorator.py for tasks to queue
[2025-02-20T13:43:42.479+0000] {logging_mixin.py:190} INFO - [2025-02-20T13:43:42.478+0000] {dagbag.py:588} INFO - Filling up the DagBag from /home/airflow/.local/lib/python3.12/site-packages/airflow/example_dags/example_dag_decorator.py
[2025-02-20T13:43:42.632+0000] {processor.py:925} INFO - DAG(s) 'example_dag_decorator' retrieved from /home/airflow/.local/lib/python3.12/site-packages/airflow/example_dags/example_dag_decorator.py
[2025-02-20T13:43:42.760+0000] {logging_mixin.py:190} INFO - [2025-02-20T13:43:42.759+0000] {dag.py:3239} INFO - Sync 1 DAGs
[2025-02-20T13:43:42.775+0000] {logging_mixin.py:190} INFO - [2025-02-20T13:43:42.775+0000] {dag.py:4180} INFO - Setting next_dagrun for example_dag_decorator to None, run_after=None
[2025-02-20T13:43:42.805+0000] {processor.py:208} INFO - Processing /home/airflow/.local/lib/python3.12/site-packages/airflow/example_dags/example_dag_decorator.py took 0.335 seconds
[2025-02-20T13:44:13.359+0000] {processor.py:186} INFO - Started process (PID=5405) to work on /home/airflow/.local/lib/python3.12/site-packages/airflow/example_dags/example_dag_decorator.py
[2025-02-20T13:44:13.360+0000] {processor.py:914} INFO - Processing file /home/airflow/.local/lib/python3.12/site-packages/airflow/example_dags/example_dag_decorator.py for tasks to queue
[2025-02-20T13:44:13.362+0000] {logging_mixin.py:190} INFO - [2025-02-20T13:44:13.361+0000] {dagbag.py:588} INFO - Filling up the DagBag from /home/airflow/.local/lib/python3.12/site-packages/airflow/example_dags/example_dag_decorator.py
[2025-02-20T13:44:13.520+0000] {processor.py:925} INFO - DAG(s) 'example_dag_decorator' retrieved from /home/airflow/.local/lib/python3.12/site-packages/airflow/example_dags/example_dag_decorator.py
[2025-02-20T13:44:13.636+0000] {logging_mixin.py:190} INFO - [2025-02-20T13:44:13.635+0000] {dag.py:3239} INFO - Sync 1 DAGs
[2025-02-20T13:44:13.650+0000] {logging_mixin.py:190} INFO - [2025-02-20T13:44:13.649+0000] {dag.py:4180} INFO - Setting next_dagrun for example_dag_decorator to None, run_after=None
[2025-02-20T13:44:13.673+0000] {processor.py:208} INFO - Processing /home/airflow/.local/lib/python3.12/site-packages/airflow/example_dags/example_dag_decorator.py took 0.321 seconds
[2025-02-20T13:44:43.927+0000] {processor.py:186} INFO - Started process (PID=5481) to work on /home/airflow/.local/lib/python3.12/site-packages/airflow/example_dags/example_dag_decorator.py
[2025-02-20T13:44:43.928+0000] {processor.py:914} INFO - Processing file /home/airflow/.local/lib/python3.12/site-packages/airflow/example_dags/example_dag_decorator.py for tasks to queue
[2025-02-20T13:44:43.930+0000] {logging_mixin.py:190} INFO - [2025-02-20T13:44:43.929+0000] {dagbag.py:588} INFO - Filling up the DagBag from /home/airflow/.local/lib/python3.12/site-packages/airflow/example_dags/example_dag_decorator.py
[2025-02-20T13:44:44.085+0000] {processor.py:925} INFO - DAG(s) 'example_dag_decorator' retrieved from /home/airflow/.local/lib/python3.12/site-packages/airflow/example_dags/example_dag_decorator.py
[2025-02-20T13:44:44.181+0000] {logging_mixin.py:190} INFO - [2025-02-20T13:44:44.181+0000] {dag.py:3239} INFO - Sync 1 DAGs
[2025-02-20T13:44:44.193+0000] {logging_mixin.py:190} INFO - [2025-02-20T13:44:44.193+0000] {dag.py:4180} INFO - Setting next_dagrun for example_dag_decorator to None, run_after=None
[2025-02-20T13:44:44.214+0000] {processor.py:208} INFO - Processing /home/airflow/.local/lib/python3.12/site-packages/airflow/example_dags/example_dag_decorator.py took 0.292 seconds
[2025-02-20T13:45:14.499+0000] {processor.py:186} INFO - Started process (PID=5557) to work on /home/airflow/.local/lib/python3.12/site-packages/airflow/example_dags/example_dag_decorator.py
[2025-02-20T13:45:14.501+0000] {processor.py:914} INFO - Processing file /home/airflow/.local/lib/python3.12/site-packages/airflow/example_dags/example_dag_decorator.py for tasks to queue
[2025-02-20T13:45:14.502+0000] {logging_mixin.py:190} INFO - [2025-02-20T13:45:14.502+0000] {dagbag.py:588} INFO - Filling up the DagBag from /home/airflow/.local/lib/python3.12/site-packages/airflow/example_dags/example_dag_decorator.py
[2025-02-20T13:45:14.654+0000] {processor.py:925} INFO - DAG(s) 'example_dag_decorator' retrieved from /home/airflow/.local/lib/python3.12/site-packages/airflow/example_dags/example_dag_decorator.py
[2025-02-20T13:45:14.748+0000] {logging_mixin.py:190} INFO - [2025-02-20T13:45:14.748+0000] {dag.py:3239} INFO - Sync 1 DAGs
[2025-02-20T13:45:14.762+0000] {logging_mixin.py:190} INFO - [2025-02-20T13:45:14.762+0000] {dag.py:4180} INFO - Setting next_dagrun for example_dag_decorator to None, run_after=None
[2025-02-20T13:45:14.783+0000] {processor.py:208} INFO - Processing /home/airflow/.local/lib/python3.12/site-packages/airflow/example_dags/example_dag_decorator.py took 0.288 seconds
[2025-02-20T13:45:45.184+0000] {processor.py:186} INFO - Started process (PID=5635) to work on /home/airflow/.local/lib/python3.12/site-packages/airflow/example_dags/example_dag_decorator.py
[2025-02-20T13:45:45.185+0000] {processor.py:914} INFO - Processing file /home/airflow/.local/lib/python3.12/site-packages/airflow/example_dags/example_dag_decorator.py for tasks to queue
[2025-02-20T13:45:45.187+0000] {logging_mixin.py:190} INFO - [2025-02-20T13:45:45.186+0000] {dagbag.py:588} INFO - Filling up the DagBag from /home/airflow/.local/lib/python3.12/site-packages/airflow/example_dags/example_dag_decorator.py
[2025-02-20T13:45:45.320+0000] {processor.py:925} INFO - DAG(s) 'example_dag_decorator' retrieved from /home/airflow/.local/lib/python3.12/site-packages/airflow/example_dags/example_dag_decorator.py
[2025-02-20T13:45:45.408+0000] {logging_mixin.py:190} INFO - [2025-02-20T13:45:45.408+0000] {dag.py:3239} INFO - Sync 1 DAGs
[2025-02-20T13:45:45.419+0000] {logging_mixin.py:190} INFO - [2025-02-20T13:45:45.419+0000] {dag.py:4180} INFO - Setting next_dagrun for example_dag_decorator to None, run_after=None
[2025-02-20T13:45:45.438+0000] {processor.py:208} INFO - Processing /home/airflow/.local/lib/python3.12/site-packages/airflow/example_dags/example_dag_decorator.py took 0.259 seconds
[2025-02-20T13:46:16.219+0000] {processor.py:186} INFO - Started process (PID=5711) to work on /home/airflow/.local/lib/python3.12/site-packages/airflow/example_dags/example_dag_decorator.py
[2025-02-20T13:46:16.220+0000] {processor.py:914} INFO - Processing file /home/airflow/.local/lib/python3.12/site-packages/airflow/example_dags/example_dag_decorator.py for tasks to queue
[2025-02-20T13:46:16.222+0000] {logging_mixin.py:190} INFO - [2025-02-20T13:46:16.221+0000] {dagbag.py:588} INFO - Filling up the DagBag from /home/airflow/.local/lib/python3.12/site-packages/airflow/example_dags/example_dag_decorator.py
[2025-02-20T13:46:16.357+0000] {processor.py:925} INFO - DAG(s) 'example_dag_decorator' retrieved from /home/airflow/.local/lib/python3.12/site-packages/airflow/example_dags/example_dag_decorator.py
[2025-02-20T13:46:16.446+0000] {logging_mixin.py:190} INFO - [2025-02-20T13:46:16.446+0000] {dag.py:3239} INFO - Sync 1 DAGs
[2025-02-20T13:46:16.460+0000] {logging_mixin.py:190} INFO - [2025-02-20T13:46:16.460+0000] {dag.py:4180} INFO - Setting next_dagrun for example_dag_decorator to None, run_after=None
[2025-02-20T13:46:16.483+0000] {processor.py:208} INFO - Processing /home/airflow/.local/lib/python3.12/site-packages/airflow/example_dags/example_dag_decorator.py took 0.268 seconds
[2025-02-20T13:46:46.587+0000] {processor.py:186} INFO - Started process (PID=5786) to work on /home/airflow/.local/lib/python3.12/site-packages/airflow/example_dags/example_dag_decorator.py
[2025-02-20T13:46:46.588+0000] {processor.py:914} INFO - Processing file /home/airflow/.local/lib/python3.12/site-packages/airflow/example_dags/example_dag_decorator.py for tasks to queue
[2025-02-20T13:46:46.590+0000] {logging_mixin.py:190} INFO - [2025-02-20T13:46:46.589+0000] {dagbag.py:588} INFO - Filling up the DagBag from /home/airflow/.local/lib/python3.12/site-packages/airflow/example_dags/example_dag_decorator.py
[2025-02-20T13:46:46.730+0000] {processor.py:925} INFO - DAG(s) 'example_dag_decorator' retrieved from /home/airflow/.local/lib/python3.12/site-packages/airflow/example_dags/example_dag_decorator.py
[2025-02-20T13:46:46.821+0000] {logging_mixin.py:190} INFO - [2025-02-20T13:46:46.821+0000] {dag.py:3239} INFO - Sync 1 DAGs
[2025-02-20T13:46:46.831+0000] {logging_mixin.py:190} INFO - [2025-02-20T13:46:46.831+0000] {dag.py:4180} INFO - Setting next_dagrun for example_dag_decorator to None, run_after=None
[2025-02-20T13:46:46.846+0000] {processor.py:208} INFO - Processing /home/airflow/.local/lib/python3.12/site-packages/airflow/example_dags/example_dag_decorator.py took 0.264 seconds
[2025-02-20T13:47:18.298+0000] {processor.py:186} INFO - Started process (PID=5864) to work on /home/airflow/.local/lib/python3.12/site-packages/airflow/example_dags/example_dag_decorator.py
[2025-02-20T13:47:18.299+0000] {processor.py:914} INFO - Processing file /home/airflow/.local/lib/python3.12/site-packages/airflow/example_dags/example_dag_decorator.py for tasks to queue
[2025-02-20T13:47:18.300+0000] {logging_mixin.py:190} INFO - [2025-02-20T13:47:18.300+0000] {dagbag.py:588} INFO - Filling up the DagBag from /home/airflow/.local/lib/python3.12/site-packages/airflow/example_dags/example_dag_decorator.py
[2025-02-20T13:47:18.459+0000] {processor.py:925} INFO - DAG(s) 'example_dag_decorator' retrieved from /home/airflow/.local/lib/python3.12/site-packages/airflow/example_dags/example_dag_decorator.py
[2025-02-20T13:47:18.582+0000] {logging_mixin.py:190} INFO - [2025-02-20T13:47:18.582+0000] {dag.py:3239} INFO - Sync 1 DAGs
[2025-02-20T13:47:18.597+0000] {logging_mixin.py:190} INFO - [2025-02-20T13:47:18.596+0000] {dag.py:4180} INFO - Setting next_dagrun for example_dag_decorator to None, run_after=None
[2025-02-20T13:47:18.623+0000] {processor.py:208} INFO - Processing /home/airflow/.local/lib/python3.12/site-packages/airflow/example_dags/example_dag_decorator.py took 0.330 seconds
[2025-02-20T13:47:48.748+0000] {processor.py:186} INFO - Started process (PID=5941) to work on /home/airflow/.local/lib/python3.12/site-packages/airflow/example_dags/example_dag_decorator.py
[2025-02-20T13:47:48.749+0000] {processor.py:914} INFO - Processing file /home/airflow/.local/lib/python3.12/site-packages/airflow/example_dags/example_dag_decorator.py for tasks to queue
[2025-02-20T13:47:48.750+0000] {logging_mixin.py:190} INFO - [2025-02-20T13:47:48.750+0000] {dagbag.py:588} INFO - Filling up the DagBag from /home/airflow/.local/lib/python3.12/site-packages/airflow/example_dags/example_dag_decorator.py
[2025-02-20T13:47:48.886+0000] {processor.py:925} INFO - DAG(s) 'example_dag_decorator' retrieved from /home/airflow/.local/lib/python3.12/site-packages/airflow/example_dags/example_dag_decorator.py
[2025-02-20T13:47:48.975+0000] {logging_mixin.py:190} INFO - [2025-02-20T13:47:48.974+0000] {dag.py:3239} INFO - Sync 1 DAGs
[2025-02-20T13:47:48.985+0000] {logging_mixin.py:190} INFO - [2025-02-20T13:47:48.985+0000] {dag.py:4180} INFO - Setting next_dagrun for example_dag_decorator to None, run_after=None
[2025-02-20T13:47:49.002+0000] {processor.py:208} INFO - Processing /home/airflow/.local/lib/python3.12/site-packages/airflow/example_dags/example_dag_decorator.py took 0.259 seconds
[2025-02-20T13:48:19.133+0000] {processor.py:186} INFO - Started process (PID=6017) to work on /home/airflow/.local/lib/python3.12/site-packages/airflow/example_dags/example_dag_decorator.py
[2025-02-20T13:48:19.134+0000] {processor.py:914} INFO - Processing file /home/airflow/.local/lib/python3.12/site-packages/airflow/example_dags/example_dag_decorator.py for tasks to queue
[2025-02-20T13:48:19.135+0000] {logging_mixin.py:190} INFO - [2025-02-20T13:48:19.135+0000] {dagbag.py:588} INFO - Filling up the DagBag from /home/airflow/.local/lib/python3.12/site-packages/airflow/example_dags/example_dag_decorator.py
[2025-02-20T13:48:19.273+0000] {processor.py:925} INFO - DAG(s) 'example_dag_decorator' retrieved from /home/airflow/.local/lib/python3.12/site-packages/airflow/example_dags/example_dag_decorator.py
[2025-02-20T13:48:19.360+0000] {logging_mixin.py:190} INFO - [2025-02-20T13:48:19.360+0000] {dag.py:3239} INFO - Sync 1 DAGs
[2025-02-20T13:48:19.370+0000] {logging_mixin.py:190} INFO - [2025-02-20T13:48:19.370+0000] {dag.py:4180} INFO - Setting next_dagrun for example_dag_decorator to None, run_after=None
[2025-02-20T13:48:19.389+0000] {processor.py:208} INFO - Processing /home/airflow/.local/lib/python3.12/site-packages/airflow/example_dags/example_dag_decorator.py took 0.261 seconds
[2025-02-20T13:48:50.291+0000] {processor.py:186} INFO - Started process (PID=6091) to work on /home/airflow/.local/lib/python3.12/site-packages/airflow/example_dags/example_dag_decorator.py
[2025-02-20T13:48:50.292+0000] {processor.py:914} INFO - Processing file /home/airflow/.local/lib/python3.12/site-packages/airflow/example_dags/example_dag_decorator.py for tasks to queue
[2025-02-20T13:48:50.294+0000] {logging_mixin.py:190} INFO - [2025-02-20T13:48:50.294+0000] {dagbag.py:588} INFO - Filling up the DagBag from /home/airflow/.local/lib/python3.12/site-packages/airflow/example_dags/example_dag_decorator.py
[2025-02-20T13:48:50.437+0000] {processor.py:925} INFO - DAG(s) 'example_dag_decorator' retrieved from /home/airflow/.local/lib/python3.12/site-packages/airflow/example_dags/example_dag_decorator.py
[2025-02-20T13:48:50.536+0000] {logging_mixin.py:190} INFO - [2025-02-20T13:48:50.536+0000] {dag.py:3239} INFO - Sync 1 DAGs
[2025-02-20T13:48:50.547+0000] {logging_mixin.py:190} INFO - [2025-02-20T13:48:50.546+0000] {dag.py:4180} INFO - Setting next_dagrun for example_dag_decorator to None, run_after=None
[2025-02-20T13:48:50.567+0000] {processor.py:208} INFO - Processing /home/airflow/.local/lib/python3.12/site-packages/airflow/example_dags/example_dag_decorator.py took 0.282 seconds
[2025-02-20T13:49:21.149+0000] {processor.py:186} INFO - Started process (PID=6167) to work on /home/airflow/.local/lib/python3.12/site-packages/airflow/example_dags/example_dag_decorator.py
[2025-02-20T13:49:21.150+0000] {processor.py:914} INFO - Processing file /home/airflow/.local/lib/python3.12/site-packages/airflow/example_dags/example_dag_decorator.py for tasks to queue
[2025-02-20T13:49:21.152+0000] {logging_mixin.py:190} INFO - [2025-02-20T13:49:21.152+0000] {dagbag.py:588} INFO - Filling up the DagBag from /home/airflow/.local/lib/python3.12/site-packages/airflow/example_dags/example_dag_decorator.py
[2025-02-20T13:49:21.291+0000] {processor.py:925} INFO - DAG(s) 'example_dag_decorator' retrieved from /home/airflow/.local/lib/python3.12/site-packages/airflow/example_dags/example_dag_decorator.py
[2025-02-20T13:49:21.378+0000] {logging_mixin.py:190} INFO - [2025-02-20T13:49:21.377+0000] {dag.py:3239} INFO - Sync 1 DAGs
[2025-02-20T13:49:21.389+0000] {logging_mixin.py:190} INFO - [2025-02-20T13:49:21.388+0000] {dag.py:4180} INFO - Setting next_dagrun for example_dag_decorator to None, run_after=None
[2025-02-20T13:49:21.405+0000] {processor.py:208} INFO - Processing /home/airflow/.local/lib/python3.12/site-packages/airflow/example_dags/example_dag_decorator.py took 0.263 seconds
[2025-02-20T13:49:51.665+0000] {processor.py:186} INFO - Started process (PID=6249) to work on /home/airflow/.local/lib/python3.12/site-packages/airflow/example_dags/example_dag_decorator.py
[2025-02-20T13:49:51.666+0000] {processor.py:914} INFO - Processing file /home/airflow/.local/lib/python3.12/site-packages/airflow/example_dags/example_dag_decorator.py for tasks to queue
[2025-02-20T13:49:51.668+0000] {logging_mixin.py:190} INFO - [2025-02-20T13:49:51.668+0000] {dagbag.py:588} INFO - Filling up the DagBag from /home/airflow/.local/lib/python3.12/site-packages/airflow/example_dags/example_dag_decorator.py
[2025-02-20T13:49:51.798+0000] {processor.py:925} INFO - DAG(s) 'example_dag_decorator' retrieved from /home/airflow/.local/lib/python3.12/site-packages/airflow/example_dags/example_dag_decorator.py
[2025-02-20T13:49:51.885+0000] {logging_mixin.py:190} INFO - [2025-02-20T13:49:51.885+0000] {dag.py:3239} INFO - Sync 1 DAGs
[2025-02-20T13:49:51.897+0000] {logging_mixin.py:190} INFO - [2025-02-20T13:49:51.897+0000] {dag.py:4180} INFO - Setting next_dagrun for example_dag_decorator to None, run_after=None
[2025-02-20T13:49:51.917+0000] {processor.py:208} INFO - Processing /home/airflow/.local/lib/python3.12/site-packages/airflow/example_dags/example_dag_decorator.py took 0.256 seconds
[2025-02-20T13:50:22.971+0000] {processor.py:186} INFO - Started process (PID=6325) to work on /home/airflow/.local/lib/python3.12/site-packages/airflow/example_dags/example_dag_decorator.py
[2025-02-20T13:50:22.972+0000] {processor.py:914} INFO - Processing file /home/airflow/.local/lib/python3.12/site-packages/airflow/example_dags/example_dag_decorator.py for tasks to queue
[2025-02-20T13:50:22.974+0000] {logging_mixin.py:190} INFO - [2025-02-20T13:50:22.974+0000] {dagbag.py:588} INFO - Filling up the DagBag from /home/airflow/.local/lib/python3.12/site-packages/airflow/example_dags/example_dag_decorator.py
[2025-02-20T13:50:23.107+0000] {processor.py:925} INFO - DAG(s) 'example_dag_decorator' retrieved from /home/airflow/.local/lib/python3.12/site-packages/airflow/example_dags/example_dag_decorator.py
[2025-02-20T13:50:23.208+0000] {logging_mixin.py:190} INFO - [2025-02-20T13:50:23.208+0000] {dag.py:3239} INFO - Sync 1 DAGs
[2025-02-20T13:50:23.221+0000] {logging_mixin.py:190} INFO - [2025-02-20T13:50:23.221+0000] {dag.py:4180} INFO - Setting next_dagrun for example_dag_decorator to None, run_after=None
[2025-02-20T13:50:23.243+0000] {processor.py:208} INFO - Processing /home/airflow/.local/lib/python3.12/site-packages/airflow/example_dags/example_dag_decorator.py took 0.278 seconds
[2025-02-20T13:50:53.479+0000] {processor.py:186} INFO - Started process (PID=6400) to work on /home/airflow/.local/lib/python3.12/site-packages/airflow/example_dags/example_dag_decorator.py
[2025-02-20T13:50:53.480+0000] {processor.py:914} INFO - Processing file /home/airflow/.local/lib/python3.12/site-packages/airflow/example_dags/example_dag_decorator.py for tasks to queue
[2025-02-20T13:50:53.482+0000] {logging_mixin.py:190} INFO - [2025-02-20T13:50:53.481+0000] {dagbag.py:588} INFO - Filling up the DagBag from /home/airflow/.local/lib/python3.12/site-packages/airflow/example_dags/example_dag_decorator.py
[2025-02-20T13:50:53.622+0000] {processor.py:925} INFO - DAG(s) 'example_dag_decorator' retrieved from /home/airflow/.local/lib/python3.12/site-packages/airflow/example_dags/example_dag_decorator.py
[2025-02-20T13:50:53.713+0000] {logging_mixin.py:190} INFO - [2025-02-20T13:50:53.712+0000] {dag.py:3239} INFO - Sync 1 DAGs
[2025-02-20T13:50:53.724+0000] {logging_mixin.py:190} INFO - [2025-02-20T13:50:53.723+0000] {dag.py:4180} INFO - Setting next_dagrun for example_dag_decorator to None, run_after=None
[2025-02-20T13:50:53.743+0000] {processor.py:208} INFO - Processing /home/airflow/.local/lib/python3.12/site-packages/airflow/example_dags/example_dag_decorator.py took 0.269 seconds
[2025-02-20T13:51:23.876+0000] {processor.py:186} INFO - Started process (PID=6478) to work on /home/airflow/.local/lib/python3.12/site-packages/airflow/example_dags/example_dag_decorator.py
[2025-02-20T13:51:23.877+0000] {processor.py:914} INFO - Processing file /home/airflow/.local/lib/python3.12/site-packages/airflow/example_dags/example_dag_decorator.py for tasks to queue
[2025-02-20T13:51:23.879+0000] {logging_mixin.py:190} INFO - [2025-02-20T13:51:23.878+0000] {dagbag.py:588} INFO - Filling up the DagBag from /home/airflow/.local/lib/python3.12/site-packages/airflow/example_dags/example_dag_decorator.py
[2025-02-20T13:51:24.011+0000] {processor.py:925} INFO - DAG(s) 'example_dag_decorator' retrieved from /home/airflow/.local/lib/python3.12/site-packages/airflow/example_dags/example_dag_decorator.py
[2025-02-20T13:51:24.103+0000] {logging_mixin.py:190} INFO - [2025-02-20T13:51:24.103+0000] {dag.py:3239} INFO - Sync 1 DAGs
[2025-02-20T13:51:24.115+0000] {logging_mixin.py:190} INFO - [2025-02-20T13:51:24.115+0000] {dag.py:4180} INFO - Setting next_dagrun for example_dag_decorator to None, run_after=None
[2025-02-20T13:51:24.132+0000] {processor.py:208} INFO - Processing /home/airflow/.local/lib/python3.12/site-packages/airflow/example_dags/example_dag_decorator.py took 0.260 seconds
[2025-02-20T13:51:56.089+0000] {processor.py:186} INFO - Started process (PID=6560) to work on /home/airflow/.local/lib/python3.12/site-packages/airflow/example_dags/example_dag_decorator.py
[2025-02-20T13:51:56.093+0000] {processor.py:914} INFO - Processing file /home/airflow/.local/lib/python3.12/site-packages/airflow/example_dags/example_dag_decorator.py for tasks to queue
[2025-02-20T13:51:56.094+0000] {logging_mixin.py:190} INFO - [2025-02-20T13:51:56.094+0000] {dagbag.py:588} INFO - Filling up the DagBag from /home/airflow/.local/lib/python3.12/site-packages/airflow/example_dags/example_dag_decorator.py
[2025-02-20T13:51:56.228+0000] {processor.py:925} INFO - DAG(s) 'example_dag_decorator' retrieved from /home/airflow/.local/lib/python3.12/site-packages/airflow/example_dags/example_dag_decorator.py
[2025-02-20T13:51:56.320+0000] {logging_mixin.py:190} INFO - [2025-02-20T13:51:56.320+0000] {dag.py:3239} INFO - Sync 1 DAGs
[2025-02-20T13:51:56.334+0000] {logging_mixin.py:190} INFO - [2025-02-20T13:51:56.334+0000] {dag.py:4180} INFO - Setting next_dagrun for example_dag_decorator to None, run_after=None
[2025-02-20T13:51:56.352+0000] {processor.py:208} INFO - Processing /home/airflow/.local/lib/python3.12/site-packages/airflow/example_dags/example_dag_decorator.py took 0.267 seconds
[2025-02-20T13:52:27.007+0000] {processor.py:186} INFO - Started process (PID=6639) to work on /home/airflow/.local/lib/python3.12/site-packages/airflow/example_dags/example_dag_decorator.py
[2025-02-20T13:52:27.008+0000] {processor.py:914} INFO - Processing file /home/airflow/.local/lib/python3.12/site-packages/airflow/example_dags/example_dag_decorator.py for tasks to queue
[2025-02-20T13:52:27.009+0000] {logging_mixin.py:190} INFO - [2025-02-20T13:52:27.009+0000] {dagbag.py:588} INFO - Filling up the DagBag from /home/airflow/.local/lib/python3.12/site-packages/airflow/example_dags/example_dag_decorator.py
[2025-02-20T13:52:27.146+0000] {processor.py:925} INFO - DAG(s) 'example_dag_decorator' retrieved from /home/airflow/.local/lib/python3.12/site-packages/airflow/example_dags/example_dag_decorator.py
[2025-02-20T13:52:27.237+0000] {logging_mixin.py:190} INFO - [2025-02-20T13:52:27.237+0000] {dag.py:3239} INFO - Sync 1 DAGs
[2025-02-20T13:52:27.248+0000] {logging_mixin.py:190} INFO - [2025-02-20T13:52:27.247+0000] {dag.py:4180} INFO - Setting next_dagrun for example_dag_decorator to None, run_after=None
[2025-02-20T13:52:27.267+0000] {processor.py:208} INFO - Processing /home/airflow/.local/lib/python3.12/site-packages/airflow/example_dags/example_dag_decorator.py took 0.264 seconds
[2025-02-20T13:52:58.541+0000] {processor.py:186} INFO - Started process (PID=6719) to work on /home/airflow/.local/lib/python3.12/site-packages/airflow/example_dags/example_dag_decorator.py
[2025-02-20T13:52:58.543+0000] {processor.py:914} INFO - Processing file /home/airflow/.local/lib/python3.12/site-packages/airflow/example_dags/example_dag_decorator.py for tasks to queue
[2025-02-20T13:52:58.545+0000] {logging_mixin.py:190} INFO - [2025-02-20T13:52:58.544+0000] {dagbag.py:588} INFO - Filling up the DagBag from /home/airflow/.local/lib/python3.12/site-packages/airflow/example_dags/example_dag_decorator.py
[2025-02-20T13:52:58.693+0000] {processor.py:925} INFO - DAG(s) 'example_dag_decorator' retrieved from /home/airflow/.local/lib/python3.12/site-packages/airflow/example_dags/example_dag_decorator.py
[2025-02-20T13:52:58.786+0000] {logging_mixin.py:190} INFO - [2025-02-20T13:52:58.786+0000] {dag.py:3239} INFO - Sync 1 DAGs
[2025-02-20T13:52:58.798+0000] {logging_mixin.py:190} INFO - [2025-02-20T13:52:58.798+0000] {dag.py:4180} INFO - Setting next_dagrun for example_dag_decorator to None, run_after=None
[2025-02-20T13:52:58.820+0000] {processor.py:208} INFO - Processing /home/airflow/.local/lib/python3.12/site-packages/airflow/example_dags/example_dag_decorator.py took 0.284 seconds
[2025-02-20T13:53:28.994+0000] {processor.py:186} INFO - Started process (PID=6793) to work on /home/airflow/.local/lib/python3.12/site-packages/airflow/example_dags/example_dag_decorator.py
[2025-02-20T13:53:29.025+0000] {processor.py:914} INFO - Processing file /home/airflow/.local/lib/python3.12/site-packages/airflow/example_dags/example_dag_decorator.py for tasks to queue
[2025-02-20T13:53:29.027+0000] {logging_mixin.py:190} INFO - [2025-02-20T13:53:29.027+0000] {dagbag.py:588} INFO - Filling up the DagBag from /home/airflow/.local/lib/python3.12/site-packages/airflow/example_dags/example_dag_decorator.py
[2025-02-20T13:53:29.156+0000] {processor.py:925} INFO - DAG(s) 'example_dag_decorator' retrieved from /home/airflow/.local/lib/python3.12/site-packages/airflow/example_dags/example_dag_decorator.py
[2025-02-20T13:53:29.240+0000] {logging_mixin.py:190} INFO - [2025-02-20T13:53:29.240+0000] {dag.py:3239} INFO - Sync 1 DAGs
[2025-02-20T13:53:29.251+0000] {logging_mixin.py:190} INFO - [2025-02-20T13:53:29.251+0000] {dag.py:4180} INFO - Setting next_dagrun for example_dag_decorator to None, run_after=None
[2025-02-20T13:53:29.270+0000] {processor.py:208} INFO - Processing /home/airflow/.local/lib/python3.12/site-packages/airflow/example_dags/example_dag_decorator.py took 0.280 seconds
[2025-02-20T13:54:00.586+0000] {processor.py:186} INFO - Started process (PID=6875) to work on /home/airflow/.local/lib/python3.12/site-packages/airflow/example_dags/example_dag_decorator.py
[2025-02-20T13:54:00.588+0000] {processor.py:914} INFO - Processing file /home/airflow/.local/lib/python3.12/site-packages/airflow/example_dags/example_dag_decorator.py for tasks to queue
[2025-02-20T13:54:00.590+0000] {logging_mixin.py:190} INFO - [2025-02-20T13:54:00.590+0000] {dagbag.py:588} INFO - Filling up the DagBag from /home/airflow/.local/lib/python3.12/site-packages/airflow/example_dags/example_dag_decorator.py
[2025-02-20T13:54:00.723+0000] {processor.py:925} INFO - DAG(s) 'example_dag_decorator' retrieved from /home/airflow/.local/lib/python3.12/site-packages/airflow/example_dags/example_dag_decorator.py
[2025-02-20T13:54:00.812+0000] {logging_mixin.py:190} INFO - [2025-02-20T13:54:00.812+0000] {dag.py:3239} INFO - Sync 1 DAGs
[2025-02-20T13:54:00.823+0000] {logging_mixin.py:190} INFO - [2025-02-20T13:54:00.823+0000] {dag.py:4180} INFO - Setting next_dagrun for example_dag_decorator to None, run_after=None
[2025-02-20T13:54:00.842+0000] {processor.py:208} INFO - Processing /home/airflow/.local/lib/python3.12/site-packages/airflow/example_dags/example_dag_decorator.py took 0.261 seconds
[2025-02-20T13:54:31.343+0000] {processor.py:186} INFO - Started process (PID=6950) to work on /home/airflow/.local/lib/python3.12/site-packages/airflow/example_dags/example_dag_decorator.py
[2025-02-20T13:54:31.344+0000] {processor.py:914} INFO - Processing file /home/airflow/.local/lib/python3.12/site-packages/airflow/example_dags/example_dag_decorator.py for tasks to queue
[2025-02-20T13:54:31.345+0000] {logging_mixin.py:190} INFO - [2025-02-20T13:54:31.345+0000] {dagbag.py:588} INFO - Filling up the DagBag from /home/airflow/.local/lib/python3.12/site-packages/airflow/example_dags/example_dag_decorator.py
[2025-02-20T13:54:31.504+0000] {processor.py:925} INFO - DAG(s) 'example_dag_decorator' retrieved from /home/airflow/.local/lib/python3.12/site-packages/airflow/example_dags/example_dag_decorator.py
[2025-02-20T13:54:31.592+0000] {logging_mixin.py:190} INFO - [2025-02-20T13:54:31.592+0000] {dag.py:3239} INFO - Sync 1 DAGs
[2025-02-20T13:54:31.602+0000] {logging_mixin.py:190} INFO - [2025-02-20T13:54:31.602+0000] {dag.py:4180} INFO - Setting next_dagrun for example_dag_decorator to None, run_after=None
[2025-02-20T13:54:31.621+0000] {processor.py:208} INFO - Processing /home/airflow/.local/lib/python3.12/site-packages/airflow/example_dags/example_dag_decorator.py took 0.283 seconds
[2025-02-20T13:55:02.838+0000] {processor.py:186} INFO - Started process (PID=7034) to work on /home/airflow/.local/lib/python3.12/site-packages/airflow/example_dags/example_dag_decorator.py
[2025-02-20T13:55:02.839+0000] {processor.py:914} INFO - Processing file /home/airflow/.local/lib/python3.12/site-packages/airflow/example_dags/example_dag_decorator.py for tasks to queue
[2025-02-20T13:55:02.841+0000] {logging_mixin.py:190} INFO - [2025-02-20T13:55:02.841+0000] {dagbag.py:588} INFO - Filling up the DagBag from /home/airflow/.local/lib/python3.12/site-packages/airflow/example_dags/example_dag_decorator.py
[2025-02-20T13:55:02.963+0000] {processor.py:925} INFO - DAG(s) 'example_dag_decorator' retrieved from /home/airflow/.local/lib/python3.12/site-packages/airflow/example_dags/example_dag_decorator.py
[2025-02-20T13:55:03.092+0000] {logging_mixin.py:190} INFO - [2025-02-20T13:55:03.092+0000] {dag.py:3239} INFO - Sync 1 DAGs
[2025-02-20T13:55:03.103+0000] {logging_mixin.py:190} INFO - [2025-02-20T13:55:03.103+0000] {dag.py:4180} INFO - Setting next_dagrun for example_dag_decorator to None, run_after=None
[2025-02-20T13:55:03.121+0000] {processor.py:208} INFO - Processing /home/airflow/.local/lib/python3.12/site-packages/airflow/example_dags/example_dag_decorator.py took 0.288 seconds
[2025-02-20T13:55:33.968+0000] {processor.py:186} INFO - Started process (PID=7113) to work on /home/airflow/.local/lib/python3.12/site-packages/airflow/example_dags/example_dag_decorator.py
[2025-02-20T13:55:33.969+0000] {processor.py:914} INFO - Processing file /home/airflow/.local/lib/python3.12/site-packages/airflow/example_dags/example_dag_decorator.py for tasks to queue
[2025-02-20T13:55:33.970+0000] {logging_mixin.py:190} INFO - [2025-02-20T13:55:33.970+0000] {dagbag.py:588} INFO - Filling up the DagBag from /home/airflow/.local/lib/python3.12/site-packages/airflow/example_dags/example_dag_decorator.py
[2025-02-20T13:55:34.112+0000] {processor.py:925} INFO - DAG(s) 'example_dag_decorator' retrieved from /home/airflow/.local/lib/python3.12/site-packages/airflow/example_dags/example_dag_decorator.py
[2025-02-20T13:55:34.198+0000] {logging_mixin.py:190} INFO - [2025-02-20T13:55:34.198+0000] {dag.py:3239} INFO - Sync 1 DAGs
[2025-02-20T13:55:34.210+0000] {logging_mixin.py:190} INFO - [2025-02-20T13:55:34.210+0000] {dag.py:4180} INFO - Setting next_dagrun for example_dag_decorator to None, run_after=None
[2025-02-20T13:55:34.233+0000] {processor.py:208} INFO - Processing /home/airflow/.local/lib/python3.12/site-packages/airflow/example_dags/example_dag_decorator.py took 0.270 seconds
[2025-02-20T13:56:05.276+0000] {processor.py:186} INFO - Started process (PID=7192) to work on /home/airflow/.local/lib/python3.12/site-packages/airflow/example_dags/example_dag_decorator.py
[2025-02-20T13:56:05.277+0000] {processor.py:914} INFO - Processing file /home/airflow/.local/lib/python3.12/site-packages/airflow/example_dags/example_dag_decorator.py for tasks to queue
[2025-02-20T13:56:05.278+0000] {logging_mixin.py:190} INFO - [2025-02-20T13:56:05.278+0000] {dagbag.py:588} INFO - Filling up the DagBag from /home/airflow/.local/lib/python3.12/site-packages/airflow/example_dags/example_dag_decorator.py
[2025-02-20T13:56:05.405+0000] {processor.py:925} INFO - DAG(s) 'example_dag_decorator' retrieved from /home/airflow/.local/lib/python3.12/site-packages/airflow/example_dags/example_dag_decorator.py
[2025-02-20T13:56:05.488+0000] {logging_mixin.py:190} INFO - [2025-02-20T13:56:05.487+0000] {dag.py:3239} INFO - Sync 1 DAGs
[2025-02-20T13:56:05.499+0000] {logging_mixin.py:190} INFO - [2025-02-20T13:56:05.498+0000] {dag.py:4180} INFO - Setting next_dagrun for example_dag_decorator to None, run_after=None
[2025-02-20T13:56:05.516+0000] {processor.py:208} INFO - Processing /home/airflow/.local/lib/python3.12/site-packages/airflow/example_dags/example_dag_decorator.py took 0.245 seconds
[2025-02-20T13:56:36.793+0000] {processor.py:186} INFO - Started process (PID=7273) to work on /home/airflow/.local/lib/python3.12/site-packages/airflow/example_dags/example_dag_decorator.py
[2025-02-20T13:56:36.794+0000] {processor.py:914} INFO - Processing file /home/airflow/.local/lib/python3.12/site-packages/airflow/example_dags/example_dag_decorator.py for tasks to queue
[2025-02-20T13:56:36.795+0000] {logging_mixin.py:190} INFO - [2025-02-20T13:56:36.795+0000] {dagbag.py:588} INFO - Filling up the DagBag from /home/airflow/.local/lib/python3.12/site-packages/airflow/example_dags/example_dag_decorator.py
[2025-02-20T13:56:36.925+0000] {processor.py:925} INFO - DAG(s) 'example_dag_decorator' retrieved from /home/airflow/.local/lib/python3.12/site-packages/airflow/example_dags/example_dag_decorator.py
[2025-02-20T13:56:37.025+0000] {logging_mixin.py:190} INFO - [2025-02-20T13:56:37.024+0000] {dag.py:3239} INFO - Sync 1 DAGs
[2025-02-20T13:56:37.036+0000] {logging_mixin.py:190} INFO - [2025-02-20T13:56:37.036+0000] {dag.py:4180} INFO - Setting next_dagrun for example_dag_decorator to None, run_after=None
[2025-02-20T13:56:37.062+0000] {processor.py:208} INFO - Processing /home/airflow/.local/lib/python3.12/site-packages/airflow/example_dags/example_dag_decorator.py took 0.273 seconds
[2025-02-20T13:57:07.212+0000] {processor.py:186} INFO - Started process (PID=7354) to work on /home/airflow/.local/lib/python3.12/site-packages/airflow/example_dags/example_dag_decorator.py
[2025-02-20T13:57:07.213+0000] {processor.py:914} INFO - Processing file /home/airflow/.local/lib/python3.12/site-packages/airflow/example_dags/example_dag_decorator.py for tasks to queue
[2025-02-20T13:57:07.214+0000] {logging_mixin.py:190} INFO - [2025-02-20T13:57:07.214+0000] {dagbag.py:588} INFO - Filling up the DagBag from /home/airflow/.local/lib/python3.12/site-packages/airflow/example_dags/example_dag_decorator.py
[2025-02-20T13:57:07.343+0000] {processor.py:925} INFO - DAG(s) 'example_dag_decorator' retrieved from /home/airflow/.local/lib/python3.12/site-packages/airflow/example_dags/example_dag_decorator.py
[2025-02-20T13:57:07.432+0000] {logging_mixin.py:190} INFO - [2025-02-20T13:57:07.432+0000] {dag.py:3239} INFO - Sync 1 DAGs
[2025-02-20T13:57:07.442+0000] {logging_mixin.py:190} INFO - [2025-02-20T13:57:07.442+0000] {dag.py:4180} INFO - Setting next_dagrun for example_dag_decorator to None, run_after=None
[2025-02-20T13:57:07.460+0000] {processor.py:208} INFO - Processing /home/airflow/.local/lib/python3.12/site-packages/airflow/example_dags/example_dag_decorator.py took 0.254 seconds
[2025-02-20T13:57:38.058+0000] {processor.py:186} INFO - Started process (PID=7431) to work on /home/airflow/.local/lib/python3.12/site-packages/airflow/example_dags/example_dag_decorator.py
[2025-02-20T13:57:38.059+0000] {processor.py:914} INFO - Processing file /home/airflow/.local/lib/python3.12/site-packages/airflow/example_dags/example_dag_decorator.py for tasks to queue
[2025-02-20T13:57:38.061+0000] {logging_mixin.py:190} INFO - [2025-02-20T13:57:38.060+0000] {dagbag.py:588} INFO - Filling up the DagBag from /home/airflow/.local/lib/python3.12/site-packages/airflow/example_dags/example_dag_decorator.py
[2025-02-20T13:57:38.205+0000] {processor.py:925} INFO - DAG(s) 'example_dag_decorator' retrieved from /home/airflow/.local/lib/python3.12/site-packages/airflow/example_dags/example_dag_decorator.py
[2025-02-20T13:57:38.315+0000] {logging_mixin.py:190} INFO - [2025-02-20T13:57:38.314+0000] {dag.py:3239} INFO - Sync 1 DAGs
[2025-02-20T13:57:38.326+0000] {logging_mixin.py:190} INFO - [2025-02-20T13:57:38.326+0000] {dag.py:4180} INFO - Setting next_dagrun for example_dag_decorator to None, run_after=None
[2025-02-20T13:57:38.345+0000] {processor.py:208} INFO - Processing /home/airflow/.local/lib/python3.12/site-packages/airflow/example_dags/example_dag_decorator.py took 0.292 seconds
[2025-02-20T13:58:08.506+0000] {processor.py:186} INFO - Started process (PID=7507) to work on /home/airflow/.local/lib/python3.12/site-packages/airflow/example_dags/example_dag_decorator.py
[2025-02-20T13:58:08.507+0000] {processor.py:914} INFO - Processing file /home/airflow/.local/lib/python3.12/site-packages/airflow/example_dags/example_dag_decorator.py for tasks to queue
[2025-02-20T13:58:08.509+0000] {logging_mixin.py:190} INFO - [2025-02-20T13:58:08.509+0000] {dagbag.py:588} INFO - Filling up the DagBag from /home/airflow/.local/lib/python3.12/site-packages/airflow/example_dags/example_dag_decorator.py
[2025-02-20T13:58:08.636+0000] {processor.py:925} INFO - DAG(s) 'example_dag_decorator' retrieved from /home/airflow/.local/lib/python3.12/site-packages/airflow/example_dags/example_dag_decorator.py
[2025-02-20T13:58:08.653+0000] {logging_mixin.py:190} INFO - [2025-02-20T13:58:08.653+0000] {dag.py:3239} INFO - Sync 1 DAGs
[2025-02-20T13:58:08.666+0000] {logging_mixin.py:190} INFO - [2025-02-20T13:58:08.665+0000] {dag.py:4180} INFO - Setting next_dagrun for example_dag_decorator to None, run_after=None
[2025-02-20T13:58:08.682+0000] {processor.py:208} INFO - Processing /home/airflow/.local/lib/python3.12/site-packages/airflow/example_dags/example_dag_decorator.py took 0.180 seconds
[2025-02-20T13:58:38.714+0000] {processor.py:186} INFO - Started process (PID=7583) to work on /home/airflow/.local/lib/python3.12/site-packages/airflow/example_dags/example_dag_decorator.py
[2025-02-20T13:58:38.715+0000] {processor.py:914} INFO - Processing file /home/airflow/.local/lib/python3.12/site-packages/airflow/example_dags/example_dag_decorator.py for tasks to queue
[2025-02-20T13:58:38.717+0000] {logging_mixin.py:190} INFO - [2025-02-20T13:58:38.716+0000] {dagbag.py:588} INFO - Filling up the DagBag from /home/airflow/.local/lib/python3.12/site-packages/airflow/example_dags/example_dag_decorator.py
[2025-02-20T13:58:38.836+0000] {processor.py:925} INFO - DAG(s) 'example_dag_decorator' retrieved from /home/airflow/.local/lib/python3.12/site-packages/airflow/example_dags/example_dag_decorator.py
[2025-02-20T13:58:38.909+0000] {logging_mixin.py:190} INFO - [2025-02-20T13:58:38.909+0000] {dag.py:3239} INFO - Sync 1 DAGs
[2025-02-20T13:58:38.918+0000] {logging_mixin.py:190} INFO - [2025-02-20T13:58:38.918+0000] {dag.py:4180} INFO - Setting next_dagrun for example_dag_decorator to None, run_after=None
[2025-02-20T13:58:38.932+0000] {processor.py:208} INFO - Processing /home/airflow/.local/lib/python3.12/site-packages/airflow/example_dags/example_dag_decorator.py took 0.223 seconds
[2025-02-20T13:59:09.367+0000] {processor.py:186} INFO - Started process (PID=7660) to work on /home/airflow/.local/lib/python3.12/site-packages/airflow/example_dags/example_dag_decorator.py
[2025-02-20T13:59:09.368+0000] {processor.py:914} INFO - Processing file /home/airflow/.local/lib/python3.12/site-packages/airflow/example_dags/example_dag_decorator.py for tasks to queue
[2025-02-20T13:59:09.369+0000] {logging_mixin.py:190} INFO - [2025-02-20T13:59:09.369+0000] {dagbag.py:588} INFO - Filling up the DagBag from /home/airflow/.local/lib/python3.12/site-packages/airflow/example_dags/example_dag_decorator.py
[2025-02-20T13:59:09.484+0000] {processor.py:925} INFO - DAG(s) 'example_dag_decorator' retrieved from /home/airflow/.local/lib/python3.12/site-packages/airflow/example_dags/example_dag_decorator.py
[2025-02-20T13:59:09.564+0000] {logging_mixin.py:190} INFO - [2025-02-20T13:59:09.564+0000] {dag.py:3239} INFO - Sync 1 DAGs
[2025-02-20T13:59:09.575+0000] {logging_mixin.py:190} INFO - [2025-02-20T13:59:09.575+0000] {dag.py:4180} INFO - Setting next_dagrun for example_dag_decorator to None, run_after=None
[2025-02-20T13:59:09.590+0000] {processor.py:208} INFO - Processing /home/airflow/.local/lib/python3.12/site-packages/airflow/example_dags/example_dag_decorator.py took 0.228 seconds
[2025-02-20T13:59:39.762+0000] {processor.py:186} INFO - Started process (PID=7736) to work on /home/airflow/.local/lib/python3.12/site-packages/airflow/example_dags/example_dag_decorator.py
[2025-02-20T13:59:39.763+0000] {processor.py:914} INFO - Processing file /home/airflow/.local/lib/python3.12/site-packages/airflow/example_dags/example_dag_decorator.py for tasks to queue
[2025-02-20T13:59:39.765+0000] {logging_mixin.py:190} INFO - [2025-02-20T13:59:39.765+0000] {dagbag.py:588} INFO - Filling up the DagBag from /home/airflow/.local/lib/python3.12/site-packages/airflow/example_dags/example_dag_decorator.py
[2025-02-20T13:59:39.907+0000] {processor.py:925} INFO - DAG(s) 'example_dag_decorator' retrieved from /home/airflow/.local/lib/python3.12/site-packages/airflow/example_dags/example_dag_decorator.py
[2025-02-20T13:59:39.980+0000] {logging_mixin.py:190} INFO - [2025-02-20T13:59:39.980+0000] {dag.py:3239} INFO - Sync 1 DAGs
[2025-02-20T13:59:39.991+0000] {logging_mixin.py:190} INFO - [2025-02-20T13:59:39.991+0000] {dag.py:4180} INFO - Setting next_dagrun for example_dag_decorator to None, run_after=None
[2025-02-20T13:59:40.006+0000] {processor.py:208} INFO - Processing /home/airflow/.local/lib/python3.12/site-packages/airflow/example_dags/example_dag_decorator.py took 0.250 seconds
[2025-02-20T14:00:10.848+0000] {processor.py:186} INFO - Started process (PID=7812) to work on /home/airflow/.local/lib/python3.12/site-packages/airflow/example_dags/example_dag_decorator.py
[2025-02-20T14:00:10.849+0000] {processor.py:914} INFO - Processing file /home/airflow/.local/lib/python3.12/site-packages/airflow/example_dags/example_dag_decorator.py for tasks to queue
[2025-02-20T14:00:10.850+0000] {logging_mixin.py:190} INFO - [2025-02-20T14:00:10.849+0000] {dagbag.py:588} INFO - Filling up the DagBag from /home/airflow/.local/lib/python3.12/site-packages/airflow/example_dags/example_dag_decorator.py
[2025-02-20T14:00:10.964+0000] {processor.py:925} INFO - DAG(s) 'example_dag_decorator' retrieved from /home/airflow/.local/lib/python3.12/site-packages/airflow/example_dags/example_dag_decorator.py
[2025-02-20T14:00:10.983+0000] {logging_mixin.py:190} INFO - [2025-02-20T14:00:10.982+0000] {dag.py:3239} INFO - Sync 1 DAGs
[2025-02-20T14:00:10.994+0000] {logging_mixin.py:190} INFO - [2025-02-20T14:00:10.994+0000] {dag.py:4180} INFO - Setting next_dagrun for example_dag_decorator to None, run_after=None
[2025-02-20T14:00:11.012+0000] {processor.py:208} INFO - Processing /home/airflow/.local/lib/python3.12/site-packages/airflow/example_dags/example_dag_decorator.py took 0.169 seconds
[2025-02-20T14:00:41.073+0000] {processor.py:186} INFO - Started process (PID=7888) to work on /home/airflow/.local/lib/python3.12/site-packages/airflow/example_dags/example_dag_decorator.py
[2025-02-20T14:00:41.075+0000] {processor.py:914} INFO - Processing file /home/airflow/.local/lib/python3.12/site-packages/airflow/example_dags/example_dag_decorator.py for tasks to queue
[2025-02-20T14:00:41.076+0000] {logging_mixin.py:190} INFO - [2025-02-20T14:00:41.076+0000] {dagbag.py:588} INFO - Filling up the DagBag from /home/airflow/.local/lib/python3.12/site-packages/airflow/example_dags/example_dag_decorator.py
[2025-02-20T14:00:41.196+0000] {processor.py:925} INFO - DAG(s) 'example_dag_decorator' retrieved from /home/airflow/.local/lib/python3.12/site-packages/airflow/example_dags/example_dag_decorator.py
[2025-02-20T14:00:41.274+0000] {logging_mixin.py:190} INFO - [2025-02-20T14:00:41.273+0000] {dag.py:3239} INFO - Sync 1 DAGs
[2025-02-20T14:00:41.297+0000] {logging_mixin.py:190} INFO - [2025-02-20T14:00:41.297+0000] {dag.py:4180} INFO - Setting next_dagrun for example_dag_decorator to None, run_after=None
[2025-02-20T14:00:41.319+0000] {processor.py:208} INFO - Processing /home/airflow/.local/lib/python3.12/site-packages/airflow/example_dags/example_dag_decorator.py took 0.250 seconds
[2025-02-20T14:01:12.149+0000] {processor.py:186} INFO - Started process (PID=7967) to work on /home/airflow/.local/lib/python3.12/site-packages/airflow/example_dags/example_dag_decorator.py
[2025-02-20T14:01:12.189+0000] {processor.py:914} INFO - Processing file /home/airflow/.local/lib/python3.12/site-packages/airflow/example_dags/example_dag_decorator.py for tasks to queue
[2025-02-20T14:01:12.191+0000] {logging_mixin.py:190} INFO - [2025-02-20T14:01:12.191+0000] {dagbag.py:588} INFO - Filling up the DagBag from /home/airflow/.local/lib/python3.12/site-packages/airflow/example_dags/example_dag_decorator.py
[2025-02-20T14:01:12.310+0000] {processor.py:925} INFO - DAG(s) 'example_dag_decorator' retrieved from /home/airflow/.local/lib/python3.12/site-packages/airflow/example_dags/example_dag_decorator.py
[2025-02-20T14:01:12.385+0000] {logging_mixin.py:190} INFO - [2025-02-20T14:01:12.385+0000] {dag.py:3239} INFO - Sync 1 DAGs
[2025-02-20T14:01:12.394+0000] {logging_mixin.py:190} INFO - [2025-02-20T14:01:12.394+0000] {dag.py:4180} INFO - Setting next_dagrun for example_dag_decorator to None, run_after=None
[2025-02-20T14:01:12.411+0000] {processor.py:208} INFO - Processing /home/airflow/.local/lib/python3.12/site-packages/airflow/example_dags/example_dag_decorator.py took 0.266 seconds
[2025-02-20T14:01:43.184+0000] {processor.py:186} INFO - Started process (PID=8043) to work on /home/airflow/.local/lib/python3.12/site-packages/airflow/example_dags/example_dag_decorator.py
[2025-02-20T14:01:43.185+0000] {processor.py:914} INFO - Processing file /home/airflow/.local/lib/python3.12/site-packages/airflow/example_dags/example_dag_decorator.py for tasks to queue
[2025-02-20T14:01:43.189+0000] {logging_mixin.py:190} INFO - [2025-02-20T14:01:43.187+0000] {dagbag.py:588} INFO - Filling up the DagBag from /home/airflow/.local/lib/python3.12/site-packages/airflow/example_dags/example_dag_decorator.py
[2025-02-20T14:01:43.331+0000] {processor.py:925} INFO - DAG(s) 'example_dag_decorator' retrieved from /home/airflow/.local/lib/python3.12/site-packages/airflow/example_dags/example_dag_decorator.py
[2025-02-20T14:01:43.420+0000] {logging_mixin.py:190} INFO - [2025-02-20T14:01:43.420+0000] {dag.py:3239} INFO - Sync 1 DAGs
[2025-02-20T14:01:43.431+0000] {logging_mixin.py:190} INFO - [2025-02-20T14:01:43.431+0000] {dag.py:4180} INFO - Setting next_dagrun for example_dag_decorator to None, run_after=None
[2025-02-20T14:01:43.451+0000] {processor.py:208} INFO - Processing /home/airflow/.local/lib/python3.12/site-packages/airflow/example_dags/example_dag_decorator.py took 0.272 seconds
[2025-02-20T14:02:13.979+0000] {processor.py:186} INFO - Started process (PID=8122) to work on /home/airflow/.local/lib/python3.12/site-packages/airflow/example_dags/example_dag_decorator.py
[2025-02-20T14:02:13.980+0000] {processor.py:914} INFO - Processing file /home/airflow/.local/lib/python3.12/site-packages/airflow/example_dags/example_dag_decorator.py for tasks to queue
[2025-02-20T14:02:13.982+0000] {logging_mixin.py:190} INFO - [2025-02-20T14:02:13.982+0000] {dagbag.py:588} INFO - Filling up the DagBag from /home/airflow/.local/lib/python3.12/site-packages/airflow/example_dags/example_dag_decorator.py
[2025-02-20T14:02:14.109+0000] {processor.py:925} INFO - DAG(s) 'example_dag_decorator' retrieved from /home/airflow/.local/lib/python3.12/site-packages/airflow/example_dags/example_dag_decorator.py
[2025-02-20T14:02:14.197+0000] {logging_mixin.py:190} INFO - [2025-02-20T14:02:14.197+0000] {dag.py:3239} INFO - Sync 1 DAGs
[2025-02-20T14:02:14.208+0000] {logging_mixin.py:190} INFO - [2025-02-20T14:02:14.207+0000] {dag.py:4180} INFO - Setting next_dagrun for example_dag_decorator to None, run_after=None
[2025-02-20T14:02:14.228+0000] {processor.py:208} INFO - Processing /home/airflow/.local/lib/python3.12/site-packages/airflow/example_dags/example_dag_decorator.py took 0.255 seconds
[2025-02-20T14:02:45.098+0000] {processor.py:186} INFO - Started process (PID=8198) to work on /home/airflow/.local/lib/python3.12/site-packages/airflow/example_dags/example_dag_decorator.py
[2025-02-20T14:02:45.100+0000] {processor.py:914} INFO - Processing file /home/airflow/.local/lib/python3.12/site-packages/airflow/example_dags/example_dag_decorator.py for tasks to queue
[2025-02-20T14:02:45.101+0000] {logging_mixin.py:190} INFO - [2025-02-20T14:02:45.101+0000] {dagbag.py:588} INFO - Filling up the DagBag from /home/airflow/.local/lib/python3.12/site-packages/airflow/example_dags/example_dag_decorator.py
[2025-02-20T14:02:45.221+0000] {processor.py:925} INFO - DAG(s) 'example_dag_decorator' retrieved from /home/airflow/.local/lib/python3.12/site-packages/airflow/example_dags/example_dag_decorator.py
[2025-02-20T14:02:45.303+0000] {logging_mixin.py:190} INFO - [2025-02-20T14:02:45.302+0000] {dag.py:3239} INFO - Sync 1 DAGs
[2025-02-20T14:02:45.325+0000] {logging_mixin.py:190} INFO - [2025-02-20T14:02:45.325+0000] {dag.py:4180} INFO - Setting next_dagrun for example_dag_decorator to None, run_after=None
[2025-02-20T14:02:45.342+0000] {processor.py:208} INFO - Processing /home/airflow/.local/lib/python3.12/site-packages/airflow/example_dags/example_dag_decorator.py took 0.249 seconds
[2025-02-20T14:03:15.497+0000] {processor.py:186} INFO - Started process (PID=8274) to work on /home/airflow/.local/lib/python3.12/site-packages/airflow/example_dags/example_dag_decorator.py
[2025-02-20T14:03:15.527+0000] {processor.py:914} INFO - Processing file /home/airflow/.local/lib/python3.12/site-packages/airflow/example_dags/example_dag_decorator.py for tasks to queue
[2025-02-20T14:03:15.528+0000] {logging_mixin.py:190} INFO - [2025-02-20T14:03:15.528+0000] {dagbag.py:588} INFO - Filling up the DagBag from /home/airflow/.local/lib/python3.12/site-packages/airflow/example_dags/example_dag_decorator.py
[2025-02-20T14:03:15.675+0000] {processor.py:925} INFO - DAG(s) 'example_dag_decorator' retrieved from /home/airflow/.local/lib/python3.12/site-packages/airflow/example_dags/example_dag_decorator.py
[2025-02-20T14:03:15.756+0000] {logging_mixin.py:190} INFO - [2025-02-20T14:03:15.756+0000] {dag.py:3239} INFO - Sync 1 DAGs
[2025-02-20T14:03:15.766+0000] {logging_mixin.py:190} INFO - [2025-02-20T14:03:15.766+0000] {dag.py:4180} INFO - Setting next_dagrun for example_dag_decorator to None, run_after=None
[2025-02-20T14:03:15.782+0000] {processor.py:208} INFO - Processing /home/airflow/.local/lib/python3.12/site-packages/airflow/example_dags/example_dag_decorator.py took 0.290 seconds
[2025-02-20T14:44:21.953+0000] {processor.py:186} INFO - Started process (PID=8378) to work on /home/airflow/.local/lib/python3.12/site-packages/airflow/example_dags/example_dag_decorator.py
[2025-02-20T14:44:21.954+0000] {processor.py:914} INFO - Processing file /home/airflow/.local/lib/python3.12/site-packages/airflow/example_dags/example_dag_decorator.py for tasks to queue
[2025-02-20T14:44:21.956+0000] {logging_mixin.py:190} INFO - [2025-02-20T14:44:21.955+0000] {dagbag.py:588} INFO - Filling up the DagBag from /home/airflow/.local/lib/python3.12/site-packages/airflow/example_dags/example_dag_decorator.py
[2025-02-20T14:44:22.149+0000] {processor.py:925} INFO - DAG(s) 'example_dag_decorator' retrieved from /home/airflow/.local/lib/python3.12/site-packages/airflow/example_dags/example_dag_decorator.py
[2025-02-20T14:44:22.246+0000] {logging_mixin.py:190} INFO - [2025-02-20T14:44:22.246+0000] {dag.py:3239} INFO - Sync 1 DAGs
[2025-02-20T14:44:22.258+0000] {logging_mixin.py:190} INFO - [2025-02-20T14:44:22.257+0000] {dag.py:4180} INFO - Setting next_dagrun for example_dag_decorator to None, run_after=None
[2025-02-20T14:44:22.280+0000] {processor.py:208} INFO - Processing /home/airflow/.local/lib/python3.12/site-packages/airflow/example_dags/example_dag_decorator.py took 0.334 seconds
[2025-02-20T14:44:52.940+0000] {processor.py:186} INFO - Started process (PID=8454) to work on /home/airflow/.local/lib/python3.12/site-packages/airflow/example_dags/example_dag_decorator.py
[2025-02-20T14:44:52.942+0000] {processor.py:914} INFO - Processing file /home/airflow/.local/lib/python3.12/site-packages/airflow/example_dags/example_dag_decorator.py for tasks to queue
[2025-02-20T14:44:52.943+0000] {logging_mixin.py:190} INFO - [2025-02-20T14:44:52.943+0000] {dagbag.py:588} INFO - Filling up the DagBag from /home/airflow/.local/lib/python3.12/site-packages/airflow/example_dags/example_dag_decorator.py
[2025-02-20T14:44:53.077+0000] {processor.py:925} INFO - DAG(s) 'example_dag_decorator' retrieved from /home/airflow/.local/lib/python3.12/site-packages/airflow/example_dags/example_dag_decorator.py
[2025-02-20T14:44:53.174+0000] {logging_mixin.py:190} INFO - [2025-02-20T14:44:53.173+0000] {dag.py:3239} INFO - Sync 1 DAGs
[2025-02-20T14:44:53.186+0000] {logging_mixin.py:190} INFO - [2025-02-20T14:44:53.186+0000] {dag.py:4180} INFO - Setting next_dagrun for example_dag_decorator to None, run_after=None
[2025-02-20T14:44:53.205+0000] {processor.py:208} INFO - Processing /home/airflow/.local/lib/python3.12/site-packages/airflow/example_dags/example_dag_decorator.py took 0.269 seconds
[2025-02-20T14:45:23.331+0000] {processor.py:186} INFO - Started process (PID=8531) to work on /home/airflow/.local/lib/python3.12/site-packages/airflow/example_dags/example_dag_decorator.py
[2025-02-20T14:45:23.332+0000] {processor.py:914} INFO - Processing file /home/airflow/.local/lib/python3.12/site-packages/airflow/example_dags/example_dag_decorator.py for tasks to queue
[2025-02-20T14:45:23.334+0000] {logging_mixin.py:190} INFO - [2025-02-20T14:45:23.333+0000] {dagbag.py:588} INFO - Filling up the DagBag from /home/airflow/.local/lib/python3.12/site-packages/airflow/example_dags/example_dag_decorator.py
[2025-02-20T14:45:23.458+0000] {processor.py:925} INFO - DAG(s) 'example_dag_decorator' retrieved from /home/airflow/.local/lib/python3.12/site-packages/airflow/example_dags/example_dag_decorator.py
[2025-02-20T14:45:23.553+0000] {logging_mixin.py:190} INFO - [2025-02-20T14:45:23.553+0000] {dag.py:3239} INFO - Sync 1 DAGs
[2025-02-20T14:45:23.564+0000] {logging_mixin.py:190} INFO - [2025-02-20T14:45:23.564+0000] {dag.py:4180} INFO - Setting next_dagrun for example_dag_decorator to None, run_after=None
[2025-02-20T14:45:23.581+0000] {processor.py:208} INFO - Processing /home/airflow/.local/lib/python3.12/site-packages/airflow/example_dags/example_dag_decorator.py took 0.255 seconds
