[2025-02-20T13:41:36.373+0000] {processor.py:186} INFO - Started process (PID=5014) to work on /home/airflow/.local/lib/python3.12/site-packages/airflow/example_dags/example_params_ui_tutorial.py
[2025-02-20T13:41:36.375+0000] {processor.py:914} INFO - Processing file /home/airflow/.local/lib/python3.12/site-packages/airflow/example_dags/example_params_ui_tutorial.py for tasks to queue
[2025-02-20T13:41:36.377+0000] {logging_mixin.py:190} INFO - [2025-02-20T13:41:36.376+0000] {dagbag.py:588} INFO - Filling up the DagBag from /home/airflow/.local/lib/python3.12/site-packages/airflow/example_dags/example_params_ui_tutorial.py
[2025-02-20T13:41:36.387+0000] {processor.py:925} INFO - DAG(s) 'example_params_ui_tutorial' retrieved from /home/airflow/.local/lib/python3.12/site-packages/airflow/example_dags/example_params_ui_tutorial.py
[2025-02-20T13:41:36.522+0000] {logging_mixin.py:190} INFO - [2025-02-20T13:41:36.521+0000] {dag.py:3239} INFO - Sync 1 DAGs
[2025-02-20T13:41:36.535+0000] {logging_mixin.py:190} INFO - [2025-02-20T13:41:36.535+0000] {dag.py:4180} INFO - Setting next_dagrun for example_params_ui_tutorial to None, run_after=None
[2025-02-20T13:41:36.559+0000] {processor.py:208} INFO - Processing /home/airflow/.local/lib/python3.12/site-packages/airflow/example_dags/example_params_ui_tutorial.py took 0.191 seconds
[2025-02-20T13:42:06.635+0000] {processor.py:186} INFO - Started process (PID=5090) to work on /home/airflow/.local/lib/python3.12/site-packages/airflow/example_dags/example_params_ui_tutorial.py
[2025-02-20T13:42:06.637+0000] {processor.py:914} INFO - Processing file /home/airflow/.local/lib/python3.12/site-packages/airflow/example_dags/example_params_ui_tutorial.py for tasks to queue
[2025-02-20T13:42:06.639+0000] {logging_mixin.py:190} INFO - [2025-02-20T13:42:06.638+0000] {dagbag.py:588} INFO - Filling up the DagBag from /home/airflow/.local/lib/python3.12/site-packages/airflow/example_dags/example_params_ui_tutorial.py
[2025-02-20T13:42:06.647+0000] {processor.py:925} INFO - DAG(s) 'example_params_ui_tutorial' retrieved from /home/airflow/.local/lib/python3.12/site-packages/airflow/example_dags/example_params_ui_tutorial.py
[2025-02-20T13:42:06.688+0000] {logging_mixin.py:190} INFO - [2025-02-20T13:42:06.688+0000] {dag.py:3239} INFO - Sync 1 DAGs
[2025-02-20T13:42:06.705+0000] {logging_mixin.py:190} INFO - [2025-02-20T13:42:06.705+0000] {dag.py:4180} INFO - Setting next_dagrun for example_params_ui_tutorial to None, run_after=None
[2025-02-20T13:42:06.731+0000] {processor.py:208} INFO - Processing /home/airflow/.local/lib/python3.12/site-packages/airflow/example_dags/example_params_ui_tutorial.py took 0.101 seconds
[2025-02-20T13:42:37.118+0000] {processor.py:186} INFO - Started process (PID=5172) to work on /home/airflow/.local/lib/python3.12/site-packages/airflow/example_dags/example_params_ui_tutorial.py
[2025-02-20T13:42:37.119+0000] {processor.py:914} INFO - Processing file /home/airflow/.local/lib/python3.12/site-packages/airflow/example_dags/example_params_ui_tutorial.py for tasks to queue
[2025-02-20T13:42:37.121+0000] {logging_mixin.py:190} INFO - [2025-02-20T13:42:37.121+0000] {dagbag.py:588} INFO - Filling up the DagBag from /home/airflow/.local/lib/python3.12/site-packages/airflow/example_dags/example_params_ui_tutorial.py
[2025-02-20T13:42:37.131+0000] {processor.py:925} INFO - DAG(s) 'example_params_ui_tutorial' retrieved from /home/airflow/.local/lib/python3.12/site-packages/airflow/example_dags/example_params_ui_tutorial.py
[2025-02-20T13:42:37.175+0000] {logging_mixin.py:190} INFO - [2025-02-20T13:42:37.175+0000] {dag.py:3239} INFO - Sync 1 DAGs
[2025-02-20T13:42:37.193+0000] {logging_mixin.py:190} INFO - [2025-02-20T13:42:37.192+0000] {dag.py:4180} INFO - Setting next_dagrun for example_params_ui_tutorial to None, run_after=None
[2025-02-20T13:42:37.216+0000] {processor.py:208} INFO - Processing /home/airflow/.local/lib/python3.12/site-packages/airflow/example_dags/example_params_ui_tutorial.py took 0.104 seconds
[2025-02-20T13:43:08.114+0000] {processor.py:186} INFO - Started process (PID=5249) to work on /home/airflow/.local/lib/python3.12/site-packages/airflow/example_dags/example_params_ui_tutorial.py
[2025-02-20T13:43:08.115+0000] {processor.py:914} INFO - Processing file /home/airflow/.local/lib/python3.12/site-packages/airflow/example_dags/example_params_ui_tutorial.py for tasks to queue
[2025-02-20T13:43:08.117+0000] {logging_mixin.py:190} INFO - [2025-02-20T13:43:08.116+0000] {dagbag.py:588} INFO - Filling up the DagBag from /home/airflow/.local/lib/python3.12/site-packages/airflow/example_dags/example_params_ui_tutorial.py
[2025-02-20T13:43:08.126+0000] {processor.py:925} INFO - DAG(s) 'example_params_ui_tutorial' retrieved from /home/airflow/.local/lib/python3.12/site-packages/airflow/example_dags/example_params_ui_tutorial.py
[2025-02-20T13:43:08.162+0000] {logging_mixin.py:190} INFO - [2025-02-20T13:43:08.162+0000] {dag.py:3239} INFO - Sync 1 DAGs
[2025-02-20T13:43:08.177+0000] {logging_mixin.py:190} INFO - [2025-02-20T13:43:08.177+0000] {dag.py:4180} INFO - Setting next_dagrun for example_params_ui_tutorial to None, run_after=None
[2025-02-20T13:43:08.196+0000] {processor.py:208} INFO - Processing /home/airflow/.local/lib/python3.12/site-packages/airflow/example_dags/example_params_ui_tutorial.py took 0.086 seconds
[2025-02-20T13:43:39.233+0000] {processor.py:186} INFO - Started process (PID=5324) to work on /home/airflow/.local/lib/python3.12/site-packages/airflow/example_dags/example_params_ui_tutorial.py
[2025-02-20T13:43:39.235+0000] {processor.py:914} INFO - Processing file /home/airflow/.local/lib/python3.12/site-packages/airflow/example_dags/example_params_ui_tutorial.py for tasks to queue
[2025-02-20T13:43:39.237+0000] {logging_mixin.py:190} INFO - [2025-02-20T13:43:39.237+0000] {dagbag.py:588} INFO - Filling up the DagBag from /home/airflow/.local/lib/python3.12/site-packages/airflow/example_dags/example_params_ui_tutorial.py
[2025-02-20T13:43:39.250+0000] {processor.py:925} INFO - DAG(s) 'example_params_ui_tutorial' retrieved from /home/airflow/.local/lib/python3.12/site-packages/airflow/example_dags/example_params_ui_tutorial.py
[2025-02-20T13:43:39.290+0000] {logging_mixin.py:190} INFO - [2025-02-20T13:43:39.290+0000] {dag.py:3239} INFO - Sync 1 DAGs
[2025-02-20T13:43:39.306+0000] {logging_mixin.py:190} INFO - [2025-02-20T13:43:39.306+0000] {dag.py:4180} INFO - Setting next_dagrun for example_params_ui_tutorial to None, run_after=None
[2025-02-20T13:43:39.329+0000] {processor.py:208} INFO - Processing /home/airflow/.local/lib/python3.12/site-packages/airflow/example_dags/example_params_ui_tutorial.py took 0.101 seconds
[2025-02-20T13:44:10.090+0000] {processor.py:186} INFO - Started process (PID=5400) to work on /home/airflow/.local/lib/python3.12/site-packages/airflow/example_dags/example_params_ui_tutorial.py
[2025-02-20T13:44:10.092+0000] {processor.py:914} INFO - Processing file /home/airflow/.local/lib/python3.12/site-packages/airflow/example_dags/example_params_ui_tutorial.py for tasks to queue
[2025-02-20T13:44:10.093+0000] {logging_mixin.py:190} INFO - [2025-02-20T13:44:10.093+0000] {dagbag.py:588} INFO - Filling up the DagBag from /home/airflow/.local/lib/python3.12/site-packages/airflow/example_dags/example_params_ui_tutorial.py
[2025-02-20T13:44:10.102+0000] {processor.py:925} INFO - DAG(s) 'example_params_ui_tutorial' retrieved from /home/airflow/.local/lib/python3.12/site-packages/airflow/example_dags/example_params_ui_tutorial.py
[2025-02-20T13:44:10.139+0000] {logging_mixin.py:190} INFO - [2025-02-20T13:44:10.139+0000] {dag.py:3239} INFO - Sync 1 DAGs
[2025-02-20T13:44:10.151+0000] {logging_mixin.py:190} INFO - [2025-02-20T13:44:10.151+0000] {dag.py:4180} INFO - Setting next_dagrun for example_params_ui_tutorial to None, run_after=None
[2025-02-20T13:44:10.171+0000] {processor.py:208} INFO - Processing /home/airflow/.local/lib/python3.12/site-packages/airflow/example_dags/example_params_ui_tutorial.py took 0.085 seconds
[2025-02-20T13:44:40.703+0000] {processor.py:186} INFO - Started process (PID=5476) to work on /home/airflow/.local/lib/python3.12/site-packages/airflow/example_dags/example_params_ui_tutorial.py
[2025-02-20T13:44:40.705+0000] {processor.py:914} INFO - Processing file /home/airflow/.local/lib/python3.12/site-packages/airflow/example_dags/example_params_ui_tutorial.py for tasks to queue
[2025-02-20T13:44:40.706+0000] {logging_mixin.py:190} INFO - [2025-02-20T13:44:40.706+0000] {dagbag.py:588} INFO - Filling up the DagBag from /home/airflow/.local/lib/python3.12/site-packages/airflow/example_dags/example_params_ui_tutorial.py
[2025-02-20T13:44:40.714+0000] {processor.py:925} INFO - DAG(s) 'example_params_ui_tutorial' retrieved from /home/airflow/.local/lib/python3.12/site-packages/airflow/example_dags/example_params_ui_tutorial.py
[2025-02-20T13:44:40.756+0000] {logging_mixin.py:190} INFO - [2025-02-20T13:44:40.755+0000] {dag.py:3239} INFO - Sync 1 DAGs
[2025-02-20T13:44:40.770+0000] {logging_mixin.py:190} INFO - [2025-02-20T13:44:40.770+0000] {dag.py:4180} INFO - Setting next_dagrun for example_params_ui_tutorial to None, run_after=None
[2025-02-20T13:44:40.792+0000] {processor.py:208} INFO - Processing /home/airflow/.local/lib/python3.12/site-packages/airflow/example_dags/example_params_ui_tutorial.py took 0.094 seconds
[2025-02-20T13:45:11.215+0000] {processor.py:186} INFO - Started process (PID=5552) to work on /home/airflow/.local/lib/python3.12/site-packages/airflow/example_dags/example_params_ui_tutorial.py
[2025-02-20T13:45:11.216+0000] {processor.py:914} INFO - Processing file /home/airflow/.local/lib/python3.12/site-packages/airflow/example_dags/example_params_ui_tutorial.py for tasks to queue
[2025-02-20T13:45:11.217+0000] {logging_mixin.py:190} INFO - [2025-02-20T13:45:11.217+0000] {dagbag.py:588} INFO - Filling up the DagBag from /home/airflow/.local/lib/python3.12/site-packages/airflow/example_dags/example_params_ui_tutorial.py
[2025-02-20T13:45:11.227+0000] {processor.py:925} INFO - DAG(s) 'example_params_ui_tutorial' retrieved from /home/airflow/.local/lib/python3.12/site-packages/airflow/example_dags/example_params_ui_tutorial.py
[2025-02-20T13:45:11.263+0000] {logging_mixin.py:190} INFO - [2025-02-20T13:45:11.262+0000] {dag.py:3239} INFO - Sync 1 DAGs
[2025-02-20T13:45:11.276+0000] {logging_mixin.py:190} INFO - [2025-02-20T13:45:11.276+0000] {dag.py:4180} INFO - Setting next_dagrun for example_params_ui_tutorial to None, run_after=None
[2025-02-20T13:45:11.294+0000] {processor.py:208} INFO - Processing /home/airflow/.local/lib/python3.12/site-packages/airflow/example_dags/example_params_ui_tutorial.py took 0.084 seconds
[2025-02-20T13:45:41.858+0000] {processor.py:186} INFO - Started process (PID=5629) to work on /home/airflow/.local/lib/python3.12/site-packages/airflow/example_dags/example_params_ui_tutorial.py
[2025-02-20T13:45:41.859+0000] {processor.py:914} INFO - Processing file /home/airflow/.local/lib/python3.12/site-packages/airflow/example_dags/example_params_ui_tutorial.py for tasks to queue
[2025-02-20T13:45:41.861+0000] {logging_mixin.py:190} INFO - [2025-02-20T13:45:41.861+0000] {dagbag.py:588} INFO - Filling up the DagBag from /home/airflow/.local/lib/python3.12/site-packages/airflow/example_dags/example_params_ui_tutorial.py
[2025-02-20T13:45:41.869+0000] {processor.py:925} INFO - DAG(s) 'example_params_ui_tutorial' retrieved from /home/airflow/.local/lib/python3.12/site-packages/airflow/example_dags/example_params_ui_tutorial.py
[2025-02-20T13:45:41.903+0000] {logging_mixin.py:190} INFO - [2025-02-20T13:45:41.903+0000] {dag.py:3239} INFO - Sync 1 DAGs
[2025-02-20T13:45:41.916+0000] {logging_mixin.py:190} INFO - [2025-02-20T13:45:41.916+0000] {dag.py:4180} INFO - Setting next_dagrun for example_params_ui_tutorial to None, run_after=None
[2025-02-20T13:45:41.933+0000] {processor.py:208} INFO - Processing /home/airflow/.local/lib/python3.12/site-packages/airflow/example_dags/example_params_ui_tutorial.py took 0.080 seconds
[2025-02-20T13:46:12.017+0000] {processor.py:186} INFO - Started process (PID=5705) to work on /home/airflow/.local/lib/python3.12/site-packages/airflow/example_dags/example_params_ui_tutorial.py
[2025-02-20T13:46:12.018+0000] {processor.py:914} INFO - Processing file /home/airflow/.local/lib/python3.12/site-packages/airflow/example_dags/example_params_ui_tutorial.py for tasks to queue
[2025-02-20T13:46:12.020+0000] {logging_mixin.py:190} INFO - [2025-02-20T13:46:12.020+0000] {dagbag.py:588} INFO - Filling up the DagBag from /home/airflow/.local/lib/python3.12/site-packages/airflow/example_dags/example_params_ui_tutorial.py
[2025-02-20T13:46:12.030+0000] {processor.py:925} INFO - DAG(s) 'example_params_ui_tutorial' retrieved from /home/airflow/.local/lib/python3.12/site-packages/airflow/example_dags/example_params_ui_tutorial.py
[2025-02-20T13:46:12.069+0000] {logging_mixin.py:190} INFO - [2025-02-20T13:46:12.069+0000] {dag.py:3239} INFO - Sync 1 DAGs
[2025-02-20T13:46:12.084+0000] {logging_mixin.py:190} INFO - [2025-02-20T13:46:12.084+0000] {dag.py:4180} INFO - Setting next_dagrun for example_params_ui_tutorial to None, run_after=None
[2025-02-20T13:46:12.103+0000] {processor.py:208} INFO - Processing /home/airflow/.local/lib/python3.12/site-packages/airflow/example_dags/example_params_ui_tutorial.py took 0.092 seconds
[2025-02-20T13:46:42.257+0000] {processor.py:186} INFO - Started process (PID=5781) to work on /home/airflow/.local/lib/python3.12/site-packages/airflow/example_dags/example_params_ui_tutorial.py
[2025-02-20T13:46:42.259+0000] {processor.py:914} INFO - Processing file /home/airflow/.local/lib/python3.12/site-packages/airflow/example_dags/example_params_ui_tutorial.py for tasks to queue
[2025-02-20T13:46:42.260+0000] {logging_mixin.py:190} INFO - [2025-02-20T13:46:42.260+0000] {dagbag.py:588} INFO - Filling up the DagBag from /home/airflow/.local/lib/python3.12/site-packages/airflow/example_dags/example_params_ui_tutorial.py
[2025-02-20T13:46:42.268+0000] {processor.py:925} INFO - DAG(s) 'example_params_ui_tutorial' retrieved from /home/airflow/.local/lib/python3.12/site-packages/airflow/example_dags/example_params_ui_tutorial.py
[2025-02-20T13:46:42.307+0000] {logging_mixin.py:190} INFO - [2025-02-20T13:46:42.307+0000] {dag.py:3239} INFO - Sync 1 DAGs
[2025-02-20T13:46:42.320+0000] {logging_mixin.py:190} INFO - [2025-02-20T13:46:42.320+0000] {dag.py:4180} INFO - Setting next_dagrun for example_params_ui_tutorial to None, run_after=None
[2025-02-20T13:46:42.337+0000] {processor.py:208} INFO - Processing /home/airflow/.local/lib/python3.12/site-packages/airflow/example_dags/example_params_ui_tutorial.py took 0.085 seconds
[2025-02-20T13:47:12.461+0000] {processor.py:186} INFO - Started process (PID=5856) to work on /home/airflow/.local/lib/python3.12/site-packages/airflow/example_dags/example_params_ui_tutorial.py
[2025-02-20T13:47:12.463+0000] {processor.py:914} INFO - Processing file /home/airflow/.local/lib/python3.12/site-packages/airflow/example_dags/example_params_ui_tutorial.py for tasks to queue
[2025-02-20T13:47:12.465+0000] {logging_mixin.py:190} INFO - [2025-02-20T13:47:12.464+0000] {dagbag.py:588} INFO - Filling up the DagBag from /home/airflow/.local/lib/python3.12/site-packages/airflow/example_dags/example_params_ui_tutorial.py
[2025-02-20T13:47:12.473+0000] {processor.py:925} INFO - DAG(s) 'example_params_ui_tutorial' retrieved from /home/airflow/.local/lib/python3.12/site-packages/airflow/example_dags/example_params_ui_tutorial.py
[2025-02-20T13:47:12.516+0000] {logging_mixin.py:190} INFO - [2025-02-20T13:47:12.516+0000] {dag.py:3239} INFO - Sync 1 DAGs
[2025-02-20T13:47:12.531+0000] {logging_mixin.py:190} INFO - [2025-02-20T13:47:12.531+0000] {dag.py:4180} INFO - Setting next_dagrun for example_params_ui_tutorial to None, run_after=None
[2025-02-20T13:47:12.553+0000] {processor.py:208} INFO - Processing /home/airflow/.local/lib/python3.12/site-packages/airflow/example_dags/example_params_ui_tutorial.py took 0.096 seconds
[2025-02-20T13:47:43.293+0000] {processor.py:186} INFO - Started process (PID=5932) to work on /home/airflow/.local/lib/python3.12/site-packages/airflow/example_dags/example_params_ui_tutorial.py
[2025-02-20T13:47:43.294+0000] {processor.py:914} INFO - Processing file /home/airflow/.local/lib/python3.12/site-packages/airflow/example_dags/example_params_ui_tutorial.py for tasks to queue
[2025-02-20T13:47:43.295+0000] {logging_mixin.py:190} INFO - [2025-02-20T13:47:43.295+0000] {dagbag.py:588} INFO - Filling up the DagBag from /home/airflow/.local/lib/python3.12/site-packages/airflow/example_dags/example_params_ui_tutorial.py
[2025-02-20T13:47:43.304+0000] {processor.py:925} INFO - DAG(s) 'example_params_ui_tutorial' retrieved from /home/airflow/.local/lib/python3.12/site-packages/airflow/example_dags/example_params_ui_tutorial.py
[2025-02-20T13:47:43.340+0000] {logging_mixin.py:190} INFO - [2025-02-20T13:47:43.340+0000] {dag.py:3239} INFO - Sync 1 DAGs
[2025-02-20T13:47:43.353+0000] {logging_mixin.py:190} INFO - [2025-02-20T13:47:43.353+0000] {dag.py:4180} INFO - Setting next_dagrun for example_params_ui_tutorial to None, run_after=None
[2025-02-20T13:47:43.370+0000] {processor.py:208} INFO - Processing /home/airflow/.local/lib/python3.12/site-packages/airflow/example_dags/example_params_ui_tutorial.py took 0.082 seconds
[2025-02-20T13:48:13.550+0000] {processor.py:186} INFO - Started process (PID=6008) to work on /home/airflow/.local/lib/python3.12/site-packages/airflow/example_dags/example_params_ui_tutorial.py
[2025-02-20T13:48:13.555+0000] {processor.py:914} INFO - Processing file /home/airflow/.local/lib/python3.12/site-packages/airflow/example_dags/example_params_ui_tutorial.py for tasks to queue
[2025-02-20T13:48:13.556+0000] {logging_mixin.py:190} INFO - [2025-02-20T13:48:13.556+0000] {dagbag.py:588} INFO - Filling up the DagBag from /home/airflow/.local/lib/python3.12/site-packages/airflow/example_dags/example_params_ui_tutorial.py
[2025-02-20T13:48:13.564+0000] {processor.py:925} INFO - DAG(s) 'example_params_ui_tutorial' retrieved from /home/airflow/.local/lib/python3.12/site-packages/airflow/example_dags/example_params_ui_tutorial.py
[2025-02-20T13:48:13.605+0000] {logging_mixin.py:190} INFO - [2025-02-20T13:48:13.605+0000] {dag.py:3239} INFO - Sync 1 DAGs
[2025-02-20T13:48:13.617+0000] {logging_mixin.py:190} INFO - [2025-02-20T13:48:13.617+0000] {dag.py:4180} INFO - Setting next_dagrun for example_params_ui_tutorial to None, run_after=None
[2025-02-20T13:48:13.634+0000] {processor.py:208} INFO - Processing /home/airflow/.local/lib/python3.12/site-packages/airflow/example_dags/example_params_ui_tutorial.py took 0.089 seconds
[2025-02-20T13:48:44.414+0000] {processor.py:186} INFO - Started process (PID=6083) to work on /home/airflow/.local/lib/python3.12/site-packages/airflow/example_dags/example_params_ui_tutorial.py
[2025-02-20T13:48:44.415+0000] {processor.py:914} INFO - Processing file /home/airflow/.local/lib/python3.12/site-packages/airflow/example_dags/example_params_ui_tutorial.py for tasks to queue
[2025-02-20T13:48:44.417+0000] {logging_mixin.py:190} INFO - [2025-02-20T13:48:44.416+0000] {dagbag.py:588} INFO - Filling up the DagBag from /home/airflow/.local/lib/python3.12/site-packages/airflow/example_dags/example_params_ui_tutorial.py
[2025-02-20T13:48:44.426+0000] {processor.py:925} INFO - DAG(s) 'example_params_ui_tutorial' retrieved from /home/airflow/.local/lib/python3.12/site-packages/airflow/example_dags/example_params_ui_tutorial.py
[2025-02-20T13:48:44.463+0000] {logging_mixin.py:190} INFO - [2025-02-20T13:48:44.463+0000] {dag.py:3239} INFO - Sync 1 DAGs
[2025-02-20T13:48:44.477+0000] {logging_mixin.py:190} INFO - [2025-02-20T13:48:44.477+0000] {dag.py:4180} INFO - Setting next_dagrun for example_params_ui_tutorial to None, run_after=None
[2025-02-20T13:48:44.502+0000] {processor.py:208} INFO - Processing /home/airflow/.local/lib/python3.12/site-packages/airflow/example_dags/example_params_ui_tutorial.py took 0.092 seconds
[2025-02-20T13:49:14.720+0000] {processor.py:186} INFO - Started process (PID=6159) to work on /home/airflow/.local/lib/python3.12/site-packages/airflow/example_dags/example_params_ui_tutorial.py
[2025-02-20T13:49:14.722+0000] {processor.py:914} INFO - Processing file /home/airflow/.local/lib/python3.12/site-packages/airflow/example_dags/example_params_ui_tutorial.py for tasks to queue
[2025-02-20T13:49:14.723+0000] {logging_mixin.py:190} INFO - [2025-02-20T13:49:14.723+0000] {dagbag.py:588} INFO - Filling up the DagBag from /home/airflow/.local/lib/python3.12/site-packages/airflow/example_dags/example_params_ui_tutorial.py
[2025-02-20T13:49:14.732+0000] {processor.py:925} INFO - DAG(s) 'example_params_ui_tutorial' retrieved from /home/airflow/.local/lib/python3.12/site-packages/airflow/example_dags/example_params_ui_tutorial.py
[2025-02-20T13:49:14.775+0000] {logging_mixin.py:190} INFO - [2025-02-20T13:49:14.774+0000] {dag.py:3239} INFO - Sync 1 DAGs
[2025-02-20T13:49:14.790+0000] {logging_mixin.py:190} INFO - [2025-02-20T13:49:14.790+0000] {dag.py:4180} INFO - Setting next_dagrun for example_params_ui_tutorial to None, run_after=None
[2025-02-20T13:49:14.810+0000] {processor.py:208} INFO - Processing /home/airflow/.local/lib/python3.12/site-packages/airflow/example_dags/example_params_ui_tutorial.py took 0.096 seconds
[2025-02-20T13:49:45.365+0000] {processor.py:186} INFO - Started process (PID=6235) to work on /home/airflow/.local/lib/python3.12/site-packages/airflow/example_dags/example_params_ui_tutorial.py
[2025-02-20T13:49:45.366+0000] {processor.py:914} INFO - Processing file /home/airflow/.local/lib/python3.12/site-packages/airflow/example_dags/example_params_ui_tutorial.py for tasks to queue
[2025-02-20T13:49:45.368+0000] {logging_mixin.py:190} INFO - [2025-02-20T13:49:45.368+0000] {dagbag.py:588} INFO - Filling up the DagBag from /home/airflow/.local/lib/python3.12/site-packages/airflow/example_dags/example_params_ui_tutorial.py
[2025-02-20T13:49:45.376+0000] {processor.py:925} INFO - DAG(s) 'example_params_ui_tutorial' retrieved from /home/airflow/.local/lib/python3.12/site-packages/airflow/example_dags/example_params_ui_tutorial.py
[2025-02-20T13:49:45.417+0000] {logging_mixin.py:190} INFO - [2025-02-20T13:49:45.416+0000] {dag.py:3239} INFO - Sync 1 DAGs
[2025-02-20T13:49:45.431+0000] {logging_mixin.py:190} INFO - [2025-02-20T13:49:45.431+0000] {dag.py:4180} INFO - Setting next_dagrun for example_params_ui_tutorial to None, run_after=None
[2025-02-20T13:49:45.451+0000] {processor.py:208} INFO - Processing /home/airflow/.local/lib/python3.12/site-packages/airflow/example_dags/example_params_ui_tutorial.py took 0.091 seconds
[2025-02-20T13:50:15.577+0000] {processor.py:186} INFO - Started process (PID=6311) to work on /home/airflow/.local/lib/python3.12/site-packages/airflow/example_dags/example_params_ui_tutorial.py
[2025-02-20T13:50:15.578+0000] {processor.py:914} INFO - Processing file /home/airflow/.local/lib/python3.12/site-packages/airflow/example_dags/example_params_ui_tutorial.py for tasks to queue
[2025-02-20T13:50:15.580+0000] {logging_mixin.py:190} INFO - [2025-02-20T13:50:15.579+0000] {dagbag.py:588} INFO - Filling up the DagBag from /home/airflow/.local/lib/python3.12/site-packages/airflow/example_dags/example_params_ui_tutorial.py
[2025-02-20T13:50:15.589+0000] {processor.py:925} INFO - DAG(s) 'example_params_ui_tutorial' retrieved from /home/airflow/.local/lib/python3.12/site-packages/airflow/example_dags/example_params_ui_tutorial.py
[2025-02-20T13:50:15.629+0000] {logging_mixin.py:190} INFO - [2025-02-20T13:50:15.628+0000] {dag.py:3239} INFO - Sync 1 DAGs
[2025-02-20T13:50:15.642+0000] {logging_mixin.py:190} INFO - [2025-02-20T13:50:15.642+0000] {dag.py:4180} INFO - Setting next_dagrun for example_params_ui_tutorial to None, run_after=None
[2025-02-20T13:50:15.662+0000] {processor.py:208} INFO - Processing /home/airflow/.local/lib/python3.12/site-packages/airflow/example_dags/example_params_ui_tutorial.py took 0.090 seconds
[2025-02-20T13:50:46.115+0000] {processor.py:186} INFO - Started process (PID=6387) to work on /home/airflow/.local/lib/python3.12/site-packages/airflow/example_dags/example_params_ui_tutorial.py
[2025-02-20T13:50:46.117+0000] {processor.py:914} INFO - Processing file /home/airflow/.local/lib/python3.12/site-packages/airflow/example_dags/example_params_ui_tutorial.py for tasks to queue
[2025-02-20T13:50:46.119+0000] {logging_mixin.py:190} INFO - [2025-02-20T13:50:46.119+0000] {dagbag.py:588} INFO - Filling up the DagBag from /home/airflow/.local/lib/python3.12/site-packages/airflow/example_dags/example_params_ui_tutorial.py
[2025-02-20T13:50:46.129+0000] {processor.py:925} INFO - DAG(s) 'example_params_ui_tutorial' retrieved from /home/airflow/.local/lib/python3.12/site-packages/airflow/example_dags/example_params_ui_tutorial.py
[2025-02-20T13:50:46.175+0000] {logging_mixin.py:190} INFO - [2025-02-20T13:50:46.175+0000] {dag.py:3239} INFO - Sync 1 DAGs
[2025-02-20T13:50:46.195+0000] {logging_mixin.py:190} INFO - [2025-02-20T13:50:46.194+0000] {dag.py:4180} INFO - Setting next_dagrun for example_params_ui_tutorial to None, run_after=None
[2025-02-20T13:50:46.220+0000] {processor.py:208} INFO - Processing /home/airflow/.local/lib/python3.12/site-packages/airflow/example_dags/example_params_ui_tutorial.py took 0.111 seconds
[2025-02-20T13:51:16.452+0000] {processor.py:186} INFO - Started process (PID=6463) to work on /home/airflow/.local/lib/python3.12/site-packages/airflow/example_dags/example_params_ui_tutorial.py
[2025-02-20T13:51:16.454+0000] {processor.py:914} INFO - Processing file /home/airflow/.local/lib/python3.12/site-packages/airflow/example_dags/example_params_ui_tutorial.py for tasks to queue
[2025-02-20T13:51:16.455+0000] {logging_mixin.py:190} INFO - [2025-02-20T13:51:16.455+0000] {dagbag.py:588} INFO - Filling up the DagBag from /home/airflow/.local/lib/python3.12/site-packages/airflow/example_dags/example_params_ui_tutorial.py
[2025-02-20T13:51:16.462+0000] {processor.py:925} INFO - DAG(s) 'example_params_ui_tutorial' retrieved from /home/airflow/.local/lib/python3.12/site-packages/airflow/example_dags/example_params_ui_tutorial.py
[2025-02-20T13:51:15.428+0000] {logging_mixin.py:190} INFO - [2025-02-20T13:51:15.428+0000] {dag.py:3239} INFO - Sync 1 DAGs
[2025-02-20T13:51:15.442+0000] {logging_mixin.py:190} INFO - [2025-02-20T13:51:15.441+0000] {dag.py:4180} INFO - Setting next_dagrun for example_params_ui_tutorial to None, run_after=None
[2025-02-20T13:51:15.462+0000] {processor.py:208} INFO - Processing /home/airflow/.local/lib/python3.12/site-packages/airflow/example_dags/example_params_ui_tutorial.py took 0.084 seconds
[2025-02-20T13:51:45.706+0000] {processor.py:186} INFO - Started process (PID=6539) to work on /home/airflow/.local/lib/python3.12/site-packages/airflow/example_dags/example_params_ui_tutorial.py
[2025-02-20T13:51:45.707+0000] {processor.py:914} INFO - Processing file /home/airflow/.local/lib/python3.12/site-packages/airflow/example_dags/example_params_ui_tutorial.py for tasks to queue
[2025-02-20T13:51:45.709+0000] {logging_mixin.py:190} INFO - [2025-02-20T13:51:45.708+0000] {dagbag.py:588} INFO - Filling up the DagBag from /home/airflow/.local/lib/python3.12/site-packages/airflow/example_dags/example_params_ui_tutorial.py
[2025-02-20T13:51:45.716+0000] {processor.py:925} INFO - DAG(s) 'example_params_ui_tutorial' retrieved from /home/airflow/.local/lib/python3.12/site-packages/airflow/example_dags/example_params_ui_tutorial.py
[2025-02-20T13:51:45.751+0000] {logging_mixin.py:190} INFO - [2025-02-20T13:51:45.751+0000] {dag.py:3239} INFO - Sync 1 DAGs
[2025-02-20T13:51:45.764+0000] {logging_mixin.py:190} INFO - [2025-02-20T13:51:45.763+0000] {dag.py:4180} INFO - Setting next_dagrun for example_params_ui_tutorial to None, run_after=None
[2025-02-20T13:51:45.784+0000] {processor.py:208} INFO - Processing /home/airflow/.local/lib/python3.12/site-packages/airflow/example_dags/example_params_ui_tutorial.py took 0.082 seconds
[2025-02-20T13:52:16.035+0000] {processor.py:186} INFO - Started process (PID=6615) to work on /home/airflow/.local/lib/python3.12/site-packages/airflow/example_dags/example_params_ui_tutorial.py
[2025-02-20T13:52:16.036+0000] {processor.py:914} INFO - Processing file /home/airflow/.local/lib/python3.12/site-packages/airflow/example_dags/example_params_ui_tutorial.py for tasks to queue
[2025-02-20T13:52:16.037+0000] {logging_mixin.py:190} INFO - [2025-02-20T13:52:16.037+0000] {dagbag.py:588} INFO - Filling up the DagBag from /home/airflow/.local/lib/python3.12/site-packages/airflow/example_dags/example_params_ui_tutorial.py
[2025-02-20T13:52:16.045+0000] {processor.py:925} INFO - DAG(s) 'example_params_ui_tutorial' retrieved from /home/airflow/.local/lib/python3.12/site-packages/airflow/example_dags/example_params_ui_tutorial.py
[2025-02-20T13:52:16.080+0000] {logging_mixin.py:190} INFO - [2025-02-20T13:52:16.079+0000] {dag.py:3239} INFO - Sync 1 DAGs
[2025-02-20T13:52:16.093+0000] {logging_mixin.py:190} INFO - [2025-02-20T13:52:16.093+0000] {dag.py:4180} INFO - Setting next_dagrun for example_params_ui_tutorial to None, run_after=None
[2025-02-20T13:52:16.111+0000] {processor.py:208} INFO - Processing /home/airflow/.local/lib/python3.12/site-packages/airflow/example_dags/example_params_ui_tutorial.py took 0.081 seconds
[2025-02-20T13:52:46.299+0000] {processor.py:186} INFO - Started process (PID=6698) to work on /home/airflow/.local/lib/python3.12/site-packages/airflow/example_dags/example_params_ui_tutorial.py
[2025-02-20T13:52:46.301+0000] {processor.py:914} INFO - Processing file /home/airflow/.local/lib/python3.12/site-packages/airflow/example_dags/example_params_ui_tutorial.py for tasks to queue
[2025-02-20T13:52:46.302+0000] {logging_mixin.py:190} INFO - [2025-02-20T13:52:46.302+0000] {dagbag.py:588} INFO - Filling up the DagBag from /home/airflow/.local/lib/python3.12/site-packages/airflow/example_dags/example_params_ui_tutorial.py
[2025-02-20T13:52:46.310+0000] {processor.py:925} INFO - DAG(s) 'example_params_ui_tutorial' retrieved from /home/airflow/.local/lib/python3.12/site-packages/airflow/example_dags/example_params_ui_tutorial.py
[2025-02-20T13:52:46.342+0000] {logging_mixin.py:190} INFO - [2025-02-20T13:52:46.342+0000] {dag.py:3239} INFO - Sync 1 DAGs
[2025-02-20T13:52:46.356+0000] {logging_mixin.py:190} INFO - [2025-02-20T13:52:46.356+0000] {dag.py:4180} INFO - Setting next_dagrun for example_params_ui_tutorial to None, run_after=None
[2025-02-20T13:52:46.372+0000] {processor.py:208} INFO - Processing /home/airflow/.local/lib/python3.12/site-packages/airflow/example_dags/example_params_ui_tutorial.py took 0.077 seconds
[2025-02-20T13:53:16.705+0000] {processor.py:186} INFO - Started process (PID=6772) to work on /home/airflow/.local/lib/python3.12/site-packages/airflow/example_dags/example_params_ui_tutorial.py
[2025-02-20T13:53:16.706+0000] {processor.py:914} INFO - Processing file /home/airflow/.local/lib/python3.12/site-packages/airflow/example_dags/example_params_ui_tutorial.py for tasks to queue
[2025-02-20T13:53:16.707+0000] {logging_mixin.py:190} INFO - [2025-02-20T13:53:16.706+0000] {dagbag.py:588} INFO - Filling up the DagBag from /home/airflow/.local/lib/python3.12/site-packages/airflow/example_dags/example_params_ui_tutorial.py
[2025-02-20T13:53:16.714+0000] {processor.py:925} INFO - DAG(s) 'example_params_ui_tutorial' retrieved from /home/airflow/.local/lib/python3.12/site-packages/airflow/example_dags/example_params_ui_tutorial.py
[2025-02-20T13:53:16.754+0000] {logging_mixin.py:190} INFO - [2025-02-20T13:53:16.753+0000] {dag.py:3239} INFO - Sync 1 DAGs
[2025-02-20T13:53:16.768+0000] {logging_mixin.py:190} INFO - [2025-02-20T13:53:16.768+0000] {dag.py:4180} INFO - Setting next_dagrun for example_params_ui_tutorial to None, run_after=None
[2025-02-20T13:53:16.788+0000] {processor.py:208} INFO - Processing /home/airflow/.local/lib/python3.12/site-packages/airflow/example_dags/example_params_ui_tutorial.py took 0.088 seconds
[2025-02-20T13:53:46.983+0000] {processor.py:186} INFO - Started process (PID=6848) to work on /home/airflow/.local/lib/python3.12/site-packages/airflow/example_dags/example_params_ui_tutorial.py
[2025-02-20T13:53:46.984+0000] {processor.py:914} INFO - Processing file /home/airflow/.local/lib/python3.12/site-packages/airflow/example_dags/example_params_ui_tutorial.py for tasks to queue
[2025-02-20T13:53:46.985+0000] {logging_mixin.py:190} INFO - [2025-02-20T13:53:46.985+0000] {dagbag.py:588} INFO - Filling up the DagBag from /home/airflow/.local/lib/python3.12/site-packages/airflow/example_dags/example_params_ui_tutorial.py
[2025-02-20T13:53:46.994+0000] {processor.py:925} INFO - DAG(s) 'example_params_ui_tutorial' retrieved from /home/airflow/.local/lib/python3.12/site-packages/airflow/example_dags/example_params_ui_tutorial.py
[2025-02-20T13:53:47.028+0000] {logging_mixin.py:190} INFO - [2025-02-20T13:53:47.028+0000] {dag.py:3239} INFO - Sync 1 DAGs
[2025-02-20T13:53:47.040+0000] {logging_mixin.py:190} INFO - [2025-02-20T13:53:47.040+0000] {dag.py:4180} INFO - Setting next_dagrun for example_params_ui_tutorial to None, run_after=None
[2025-02-20T13:53:47.059+0000] {processor.py:208} INFO - Processing /home/airflow/.local/lib/python3.12/site-packages/airflow/example_dags/example_params_ui_tutorial.py took 0.081 seconds
[2025-02-20T13:54:17.767+0000] {processor.py:186} INFO - Started process (PID=6924) to work on /home/airflow/.local/lib/python3.12/site-packages/airflow/example_dags/example_params_ui_tutorial.py
[2025-02-20T13:54:17.768+0000] {processor.py:914} INFO - Processing file /home/airflow/.local/lib/python3.12/site-packages/airflow/example_dags/example_params_ui_tutorial.py for tasks to queue
[2025-02-20T13:54:17.770+0000] {logging_mixin.py:190} INFO - [2025-02-20T13:54:17.770+0000] {dagbag.py:588} INFO - Filling up the DagBag from /home/airflow/.local/lib/python3.12/site-packages/airflow/example_dags/example_params_ui_tutorial.py
[2025-02-20T13:54:17.778+0000] {processor.py:925} INFO - DAG(s) 'example_params_ui_tutorial' retrieved from /home/airflow/.local/lib/python3.12/site-packages/airflow/example_dags/example_params_ui_tutorial.py
[2025-02-20T13:54:17.815+0000] {logging_mixin.py:190} INFO - [2025-02-20T13:54:17.815+0000] {dag.py:3239} INFO - Sync 1 DAGs
[2025-02-20T13:54:17.827+0000] {logging_mixin.py:190} INFO - [2025-02-20T13:54:17.827+0000] {dag.py:4180} INFO - Setting next_dagrun for example_params_ui_tutorial to None, run_after=None
[2025-02-20T13:54:17.846+0000] {processor.py:208} INFO - Processing /home/airflow/.local/lib/python3.12/site-packages/airflow/example_dags/example_params_ui_tutorial.py took 0.083 seconds
[2025-02-20T13:54:48.177+0000] {processor.py:186} INFO - Started process (PID=7000) to work on /home/airflow/.local/lib/python3.12/site-packages/airflow/example_dags/example_params_ui_tutorial.py
[2025-02-20T13:54:48.178+0000] {processor.py:914} INFO - Processing file /home/airflow/.local/lib/python3.12/site-packages/airflow/example_dags/example_params_ui_tutorial.py for tasks to queue
[2025-02-20T13:54:48.179+0000] {logging_mixin.py:190} INFO - [2025-02-20T13:54:48.179+0000] {dagbag.py:588} INFO - Filling up the DagBag from /home/airflow/.local/lib/python3.12/site-packages/airflow/example_dags/example_params_ui_tutorial.py
[2025-02-20T13:54:48.186+0000] {processor.py:925} INFO - DAG(s) 'example_params_ui_tutorial' retrieved from /home/airflow/.local/lib/python3.12/site-packages/airflow/example_dags/example_params_ui_tutorial.py
[2025-02-20T13:54:48.219+0000] {logging_mixin.py:190} INFO - [2025-02-20T13:54:48.219+0000] {dag.py:3239} INFO - Sync 1 DAGs
[2025-02-20T13:54:48.232+0000] {logging_mixin.py:190} INFO - [2025-02-20T13:54:48.232+0000] {dag.py:4180} INFO - Setting next_dagrun for example_params_ui_tutorial to None, run_after=None
[2025-02-20T13:54:48.277+0000] {processor.py:208} INFO - Processing /home/airflow/.local/lib/python3.12/site-packages/airflow/example_dags/example_params_ui_tutorial.py took 0.104 seconds
[2025-02-20T13:55:18.886+0000] {processor.py:186} INFO - Started process (PID=7076) to work on /home/airflow/.local/lib/python3.12/site-packages/airflow/example_dags/example_params_ui_tutorial.py
[2025-02-20T13:55:18.887+0000] {processor.py:914} INFO - Processing file /home/airflow/.local/lib/python3.12/site-packages/airflow/example_dags/example_params_ui_tutorial.py for tasks to queue
[2025-02-20T13:55:18.888+0000] {logging_mixin.py:190} INFO - [2025-02-20T13:55:18.887+0000] {dagbag.py:588} INFO - Filling up the DagBag from /home/airflow/.local/lib/python3.12/site-packages/airflow/example_dags/example_params_ui_tutorial.py
[2025-02-20T13:55:18.896+0000] {processor.py:925} INFO - DAG(s) 'example_params_ui_tutorial' retrieved from /home/airflow/.local/lib/python3.12/site-packages/airflow/example_dags/example_params_ui_tutorial.py
[2025-02-20T13:55:18.930+0000] {logging_mixin.py:190} INFO - [2025-02-20T13:55:18.930+0000] {dag.py:3239} INFO - Sync 1 DAGs
[2025-02-20T13:55:18.942+0000] {logging_mixin.py:190} INFO - [2025-02-20T13:55:18.942+0000] {dag.py:4180} INFO - Setting next_dagrun for example_params_ui_tutorial to None, run_after=None
[2025-02-20T13:55:18.961+0000] {processor.py:208} INFO - Processing /home/airflow/.local/lib/python3.12/site-packages/airflow/example_dags/example_params_ui_tutorial.py took 0.080 seconds
[2025-02-20T13:55:49.304+0000] {processor.py:186} INFO - Started process (PID=7152) to work on /home/airflow/.local/lib/python3.12/site-packages/airflow/example_dags/example_params_ui_tutorial.py
[2025-02-20T13:55:49.305+0000] {processor.py:914} INFO - Processing file /home/airflow/.local/lib/python3.12/site-packages/airflow/example_dags/example_params_ui_tutorial.py for tasks to queue
[2025-02-20T13:55:49.306+0000] {logging_mixin.py:190} INFO - [2025-02-20T13:55:49.306+0000] {dagbag.py:588} INFO - Filling up the DagBag from /home/airflow/.local/lib/python3.12/site-packages/airflow/example_dags/example_params_ui_tutorial.py
[2025-02-20T13:55:49.314+0000] {processor.py:925} INFO - DAG(s) 'example_params_ui_tutorial' retrieved from /home/airflow/.local/lib/python3.12/site-packages/airflow/example_dags/example_params_ui_tutorial.py
[2025-02-20T13:55:49.354+0000] {logging_mixin.py:190} INFO - [2025-02-20T13:55:49.354+0000] {dag.py:3239} INFO - Sync 1 DAGs
[2025-02-20T13:55:49.367+0000] {logging_mixin.py:190} INFO - [2025-02-20T13:55:49.367+0000] {dag.py:4180} INFO - Setting next_dagrun for example_params_ui_tutorial to None, run_after=None
[2025-02-20T13:55:49.386+0000] {processor.py:208} INFO - Processing /home/airflow/.local/lib/python3.12/site-packages/airflow/example_dags/example_params_ui_tutorial.py took 0.086 seconds
[2025-02-20T13:56:20.268+0000] {processor.py:186} INFO - Started process (PID=7228) to work on /home/airflow/.local/lib/python3.12/site-packages/airflow/example_dags/example_params_ui_tutorial.py
[2025-02-20T13:56:20.269+0000] {processor.py:914} INFO - Processing file /home/airflow/.local/lib/python3.12/site-packages/airflow/example_dags/example_params_ui_tutorial.py for tasks to queue
[2025-02-20T13:56:20.271+0000] {logging_mixin.py:190} INFO - [2025-02-20T13:56:20.270+0000] {dagbag.py:588} INFO - Filling up the DagBag from /home/airflow/.local/lib/python3.12/site-packages/airflow/example_dags/example_params_ui_tutorial.py
[2025-02-20T13:56:20.279+0000] {processor.py:925} INFO - DAG(s) 'example_params_ui_tutorial' retrieved from /home/airflow/.local/lib/python3.12/site-packages/airflow/example_dags/example_params_ui_tutorial.py
[2025-02-20T13:56:20.315+0000] {logging_mixin.py:190} INFO - [2025-02-20T13:56:20.315+0000] {dag.py:3239} INFO - Sync 1 DAGs
[2025-02-20T13:56:20.328+0000] {logging_mixin.py:190} INFO - [2025-02-20T13:56:20.328+0000] {dag.py:4180} INFO - Setting next_dagrun for example_params_ui_tutorial to None, run_after=None
[2025-02-20T13:56:20.347+0000] {processor.py:208} INFO - Processing /home/airflow/.local/lib/python3.12/site-packages/airflow/example_dags/example_params_ui_tutorial.py took 0.084 seconds
[2025-02-20T13:56:50.926+0000] {processor.py:186} INFO - Started process (PID=7304) to work on /home/airflow/.local/lib/python3.12/site-packages/airflow/example_dags/example_params_ui_tutorial.py
[2025-02-20T13:56:50.928+0000] {processor.py:914} INFO - Processing file /home/airflow/.local/lib/python3.12/site-packages/airflow/example_dags/example_params_ui_tutorial.py for tasks to queue
[2025-02-20T13:56:50.931+0000] {logging_mixin.py:190} INFO - [2025-02-20T13:56:50.931+0000] {dagbag.py:588} INFO - Filling up the DagBag from /home/airflow/.local/lib/python3.12/site-packages/airflow/example_dags/example_params_ui_tutorial.py
[2025-02-20T13:56:50.941+0000] {processor.py:925} INFO - DAG(s) 'example_params_ui_tutorial' retrieved from /home/airflow/.local/lib/python3.12/site-packages/airflow/example_dags/example_params_ui_tutorial.py
[2025-02-20T13:56:50.984+0000] {logging_mixin.py:190} INFO - [2025-02-20T13:56:50.984+0000] {dag.py:3239} INFO - Sync 1 DAGs
[2025-02-20T13:56:50.997+0000] {logging_mixin.py:190} INFO - [2025-02-20T13:56:50.997+0000] {dag.py:4180} INFO - Setting next_dagrun for example_params_ui_tutorial to None, run_after=None
[2025-02-20T13:56:51.019+0000] {processor.py:208} INFO - Processing /home/airflow/.local/lib/python3.12/site-packages/airflow/example_dags/example_params_ui_tutorial.py took 0.098 seconds
[2025-02-20T13:57:21.493+0000] {processor.py:186} INFO - Started process (PID=7380) to work on /home/airflow/.local/lib/python3.12/site-packages/airflow/example_dags/example_params_ui_tutorial.py
[2025-02-20T13:57:21.494+0000] {processor.py:914} INFO - Processing file /home/airflow/.local/lib/python3.12/site-packages/airflow/example_dags/example_params_ui_tutorial.py for tasks to queue
[2025-02-20T13:57:21.496+0000] {logging_mixin.py:190} INFO - [2025-02-20T13:57:21.496+0000] {dagbag.py:588} INFO - Filling up the DagBag from /home/airflow/.local/lib/python3.12/site-packages/airflow/example_dags/example_params_ui_tutorial.py
[2025-02-20T13:57:21.503+0000] {processor.py:925} INFO - DAG(s) 'example_params_ui_tutorial' retrieved from /home/airflow/.local/lib/python3.12/site-packages/airflow/example_dags/example_params_ui_tutorial.py
[2025-02-20T13:57:21.539+0000] {logging_mixin.py:190} INFO - [2025-02-20T13:57:21.539+0000] {dag.py:3239} INFO - Sync 1 DAGs
[2025-02-20T13:57:21.552+0000] {logging_mixin.py:190} INFO - [2025-02-20T13:57:21.551+0000] {dag.py:4180} INFO - Setting next_dagrun for example_params_ui_tutorial to None, run_after=None
[2025-02-20T13:57:21.570+0000] {processor.py:208} INFO - Processing /home/airflow/.local/lib/python3.12/site-packages/airflow/example_dags/example_params_ui_tutorial.py took 0.081 seconds
[2025-02-20T13:57:51.839+0000] {processor.py:186} INFO - Started process (PID=7457) to work on /home/airflow/.local/lib/python3.12/site-packages/airflow/example_dags/example_params_ui_tutorial.py
[2025-02-20T13:57:51.841+0000] {processor.py:914} INFO - Processing file /home/airflow/.local/lib/python3.12/site-packages/airflow/example_dags/example_params_ui_tutorial.py for tasks to queue
[2025-02-20T13:57:51.842+0000] {logging_mixin.py:190} INFO - [2025-02-20T13:57:51.842+0000] {dagbag.py:588} INFO - Filling up the DagBag from /home/airflow/.local/lib/python3.12/site-packages/airflow/example_dags/example_params_ui_tutorial.py
[2025-02-20T13:57:51.851+0000] {processor.py:925} INFO - DAG(s) 'example_params_ui_tutorial' retrieved from /home/airflow/.local/lib/python3.12/site-packages/airflow/example_dags/example_params_ui_tutorial.py
[2025-02-20T13:57:51.886+0000] {logging_mixin.py:190} INFO - [2025-02-20T13:57:51.886+0000] {dag.py:3239} INFO - Sync 1 DAGs
[2025-02-20T13:57:51.898+0000] {logging_mixin.py:190} INFO - [2025-02-20T13:57:51.898+0000] {dag.py:4180} INFO - Setting next_dagrun for example_params_ui_tutorial to None, run_after=None
[2025-02-20T13:57:51.917+0000] {processor.py:208} INFO - Processing /home/airflow/.local/lib/python3.12/site-packages/airflow/example_dags/example_params_ui_tutorial.py took 0.082 seconds
[2025-02-20T13:58:22.474+0000] {processor.py:186} INFO - Started process (PID=7522) to work on /home/airflow/.local/lib/python3.12/site-packages/airflow/example_dags/example_params_ui_tutorial.py
[2025-02-20T13:58:22.476+0000] {processor.py:914} INFO - Processing file /home/airflow/.local/lib/python3.12/site-packages/airflow/example_dags/example_params_ui_tutorial.py for tasks to queue
[2025-02-20T13:58:22.477+0000] {logging_mixin.py:190} INFO - [2025-02-20T13:58:22.477+0000] {dagbag.py:588} INFO - Filling up the DagBag from /home/airflow/.local/lib/python3.12/site-packages/airflow/example_dags/example_params_ui_tutorial.py
[2025-02-20T13:58:22.485+0000] {processor.py:925} INFO - DAG(s) 'example_params_ui_tutorial' retrieved from /home/airflow/.local/lib/python3.12/site-packages/airflow/example_dags/example_params_ui_tutorial.py
[2025-02-20T13:58:22.520+0000] {logging_mixin.py:190} INFO - [2025-02-20T13:58:22.520+0000] {dag.py:3239} INFO - Sync 1 DAGs
[2025-02-20T13:58:22.533+0000] {logging_mixin.py:190} INFO - [2025-02-20T13:58:22.532+0000] {dag.py:4180} INFO - Setting next_dagrun for example_params_ui_tutorial to None, run_after=None
[2025-02-20T13:58:22.552+0000] {processor.py:208} INFO - Processing /home/airflow/.local/lib/python3.12/site-packages/airflow/example_dags/example_params_ui_tutorial.py took 0.082 seconds
[2025-02-20T13:58:53.090+0000] {processor.py:186} INFO - Started process (PID=7597) to work on /home/airflow/.local/lib/python3.12/site-packages/airflow/example_dags/example_params_ui_tutorial.py
[2025-02-20T13:58:53.092+0000] {processor.py:914} INFO - Processing file /home/airflow/.local/lib/python3.12/site-packages/airflow/example_dags/example_params_ui_tutorial.py for tasks to queue
[2025-02-20T13:58:53.093+0000] {logging_mixin.py:190} INFO - [2025-02-20T13:58:53.093+0000] {dagbag.py:588} INFO - Filling up the DagBag from /home/airflow/.local/lib/python3.12/site-packages/airflow/example_dags/example_params_ui_tutorial.py
[2025-02-20T13:58:53.100+0000] {processor.py:925} INFO - DAG(s) 'example_params_ui_tutorial' retrieved from /home/airflow/.local/lib/python3.12/site-packages/airflow/example_dags/example_params_ui_tutorial.py
[2025-02-20T13:58:53.135+0000] {logging_mixin.py:190} INFO - [2025-02-20T13:58:53.135+0000] {dag.py:3239} INFO - Sync 1 DAGs
[2025-02-20T13:58:53.147+0000] {logging_mixin.py:190} INFO - [2025-02-20T13:58:53.147+0000] {dag.py:4180} INFO - Setting next_dagrun for example_params_ui_tutorial to None, run_after=None
[2025-02-20T13:58:53.164+0000] {processor.py:208} INFO - Processing /home/airflow/.local/lib/python3.12/site-packages/airflow/example_dags/example_params_ui_tutorial.py took 0.078 seconds
[2025-02-20T13:59:24.070+0000] {processor.py:186} INFO - Started process (PID=7674) to work on /home/airflow/.local/lib/python3.12/site-packages/airflow/example_dags/example_params_ui_tutorial.py
[2025-02-20T13:59:24.072+0000] {processor.py:914} INFO - Processing file /home/airflow/.local/lib/python3.12/site-packages/airflow/example_dags/example_params_ui_tutorial.py for tasks to queue
[2025-02-20T13:59:24.073+0000] {logging_mixin.py:190} INFO - [2025-02-20T13:59:24.073+0000] {dagbag.py:588} INFO - Filling up the DagBag from /home/airflow/.local/lib/python3.12/site-packages/airflow/example_dags/example_params_ui_tutorial.py
[2025-02-20T13:59:24.082+0000] {processor.py:925} INFO - DAG(s) 'example_params_ui_tutorial' retrieved from /home/airflow/.local/lib/python3.12/site-packages/airflow/example_dags/example_params_ui_tutorial.py
[2025-02-20T13:59:24.119+0000] {logging_mixin.py:190} INFO - [2025-02-20T13:59:24.119+0000] {dag.py:3239} INFO - Sync 1 DAGs
[2025-02-20T13:59:24.130+0000] {logging_mixin.py:190} INFO - [2025-02-20T13:59:24.130+0000] {dag.py:4180} INFO - Setting next_dagrun for example_params_ui_tutorial to None, run_after=None
[2025-02-20T13:59:24.146+0000] {processor.py:208} INFO - Processing /home/airflow/.local/lib/python3.12/site-packages/airflow/example_dags/example_params_ui_tutorial.py took 0.081 seconds
[2025-02-20T13:59:54.531+0000] {processor.py:186} INFO - Started process (PID=7750) to work on /home/airflow/.local/lib/python3.12/site-packages/airflow/example_dags/example_params_ui_tutorial.py
[2025-02-20T13:59:54.532+0000] {processor.py:914} INFO - Processing file /home/airflow/.local/lib/python3.12/site-packages/airflow/example_dags/example_params_ui_tutorial.py for tasks to queue
[2025-02-20T13:59:54.533+0000] {logging_mixin.py:190} INFO - [2025-02-20T13:59:54.533+0000] {dagbag.py:588} INFO - Filling up the DagBag from /home/airflow/.local/lib/python3.12/site-packages/airflow/example_dags/example_params_ui_tutorial.py
[2025-02-20T13:59:54.542+0000] {processor.py:925} INFO - DAG(s) 'example_params_ui_tutorial' retrieved from /home/airflow/.local/lib/python3.12/site-packages/airflow/example_dags/example_params_ui_tutorial.py
[2025-02-20T13:59:54.575+0000] {logging_mixin.py:190} INFO - [2025-02-20T13:59:54.575+0000] {dag.py:3239} INFO - Sync 1 DAGs
[2025-02-20T13:59:54.588+0000] {logging_mixin.py:190} INFO - [2025-02-20T13:59:54.588+0000] {dag.py:4180} INFO - Setting next_dagrun for example_params_ui_tutorial to None, run_after=None
[2025-02-20T13:59:54.607+0000] {processor.py:208} INFO - Processing /home/airflow/.local/lib/python3.12/site-packages/airflow/example_dags/example_params_ui_tutorial.py took 0.081 seconds
[2025-02-20T14:00:24.665+0000] {processor.py:186} INFO - Started process (PID=7826) to work on /home/airflow/.local/lib/python3.12/site-packages/airflow/example_dags/example_params_ui_tutorial.py
[2025-02-20T14:00:24.666+0000] {processor.py:914} INFO - Processing file /home/airflow/.local/lib/python3.12/site-packages/airflow/example_dags/example_params_ui_tutorial.py for tasks to queue
[2025-02-20T14:00:24.668+0000] {logging_mixin.py:190} INFO - [2025-02-20T14:00:24.667+0000] {dagbag.py:588} INFO - Filling up the DagBag from /home/airflow/.local/lib/python3.12/site-packages/airflow/example_dags/example_params_ui_tutorial.py
[2025-02-20T14:00:24.678+0000] {processor.py:925} INFO - DAG(s) 'example_params_ui_tutorial' retrieved from /home/airflow/.local/lib/python3.12/site-packages/airflow/example_dags/example_params_ui_tutorial.py
[2025-02-20T14:00:24.714+0000] {logging_mixin.py:190} INFO - [2025-02-20T14:00:24.713+0000] {dag.py:3239} INFO - Sync 1 DAGs
[2025-02-20T14:00:24.726+0000] {logging_mixin.py:190} INFO - [2025-02-20T14:00:24.726+0000] {dag.py:4180} INFO - Setting next_dagrun for example_params_ui_tutorial to None, run_after=None
[2025-02-20T14:00:24.742+0000] {processor.py:208} INFO - Processing /home/airflow/.local/lib/python3.12/site-packages/airflow/example_dags/example_params_ui_tutorial.py took 0.082 seconds
[2025-02-20T14:00:55.405+0000] {processor.py:186} INFO - Started process (PID=7902) to work on /home/airflow/.local/lib/python3.12/site-packages/airflow/example_dags/example_params_ui_tutorial.py
[2025-02-20T14:00:55.409+0000] {processor.py:914} INFO - Processing file /home/airflow/.local/lib/python3.12/site-packages/airflow/example_dags/example_params_ui_tutorial.py for tasks to queue
[2025-02-20T14:00:55.410+0000] {logging_mixin.py:190} INFO - [2025-02-20T14:00:55.410+0000] {dagbag.py:588} INFO - Filling up the DagBag from /home/airflow/.local/lib/python3.12/site-packages/airflow/example_dags/example_params_ui_tutorial.py
[2025-02-20T14:00:55.417+0000] {processor.py:925} INFO - DAG(s) 'example_params_ui_tutorial' retrieved from /home/airflow/.local/lib/python3.12/site-packages/airflow/example_dags/example_params_ui_tutorial.py
[2025-02-20T14:00:55.454+0000] {logging_mixin.py:190} INFO - [2025-02-20T14:00:55.454+0000] {dag.py:3239} INFO - Sync 1 DAGs
[2025-02-20T14:00:55.466+0000] {logging_mixin.py:190} INFO - [2025-02-20T14:00:55.466+0000] {dag.py:4180} INFO - Setting next_dagrun for example_params_ui_tutorial to None, run_after=None
[2025-02-20T14:00:55.484+0000] {processor.py:208} INFO - Processing /home/airflow/.local/lib/python3.12/site-packages/airflow/example_dags/example_params_ui_tutorial.py took 0.083 seconds
[2025-02-20T14:01:25.617+0000] {processor.py:186} INFO - Started process (PID=7978) to work on /home/airflow/.local/lib/python3.12/site-packages/airflow/example_dags/example_params_ui_tutorial.py
[2025-02-20T14:01:25.618+0000] {processor.py:914} INFO - Processing file /home/airflow/.local/lib/python3.12/site-packages/airflow/example_dags/example_params_ui_tutorial.py for tasks to queue
[2025-02-20T14:01:25.620+0000] {logging_mixin.py:190} INFO - [2025-02-20T14:01:25.619+0000] {dagbag.py:588} INFO - Filling up the DagBag from /home/airflow/.local/lib/python3.12/site-packages/airflow/example_dags/example_params_ui_tutorial.py
[2025-02-20T14:01:25.627+0000] {processor.py:925} INFO - DAG(s) 'example_params_ui_tutorial' retrieved from /home/airflow/.local/lib/python3.12/site-packages/airflow/example_dags/example_params_ui_tutorial.py
[2025-02-20T14:01:25.664+0000] {logging_mixin.py:190} INFO - [2025-02-20T14:01:25.664+0000] {dag.py:3239} INFO - Sync 1 DAGs
[2025-02-20T14:01:25.678+0000] {logging_mixin.py:190} INFO - [2025-02-20T14:01:25.678+0000] {dag.py:4180} INFO - Setting next_dagrun for example_params_ui_tutorial to None, run_after=None
[2025-02-20T14:01:25.703+0000] {processor.py:208} INFO - Processing /home/airflow/.local/lib/python3.12/site-packages/airflow/example_dags/example_params_ui_tutorial.py took 0.091 seconds
[2025-02-20T14:01:56.519+0000] {processor.py:186} INFO - Started process (PID=8054) to work on /home/airflow/.local/lib/python3.12/site-packages/airflow/example_dags/example_params_ui_tutorial.py
[2025-02-20T14:01:56.520+0000] {processor.py:914} INFO - Processing file /home/airflow/.local/lib/python3.12/site-packages/airflow/example_dags/example_params_ui_tutorial.py for tasks to queue
[2025-02-20T14:01:56.522+0000] {logging_mixin.py:190} INFO - [2025-02-20T14:01:56.522+0000] {dagbag.py:588} INFO - Filling up the DagBag from /home/airflow/.local/lib/python3.12/site-packages/airflow/example_dags/example_params_ui_tutorial.py
[2025-02-20T14:01:56.532+0000] {processor.py:925} INFO - DAG(s) 'example_params_ui_tutorial' retrieved from /home/airflow/.local/lib/python3.12/site-packages/airflow/example_dags/example_params_ui_tutorial.py
[2025-02-20T14:01:56.567+0000] {logging_mixin.py:190} INFO - [2025-02-20T14:01:56.567+0000] {dag.py:3239} INFO - Sync 1 DAGs
[2025-02-20T14:01:56.580+0000] {logging_mixin.py:190} INFO - [2025-02-20T14:01:56.580+0000] {dag.py:4180} INFO - Setting next_dagrun for example_params_ui_tutorial to None, run_after=None
[2025-02-20T14:01:56.597+0000] {processor.py:208} INFO - Processing /home/airflow/.local/lib/python3.12/site-packages/airflow/example_dags/example_params_ui_tutorial.py took 0.083 seconds
[2025-02-20T14:02:27.484+0000] {processor.py:186} INFO - Started process (PID=8136) to work on /home/airflow/.local/lib/python3.12/site-packages/airflow/example_dags/example_params_ui_tutorial.py
[2025-02-20T14:02:27.485+0000] {processor.py:914} INFO - Processing file /home/airflow/.local/lib/python3.12/site-packages/airflow/example_dags/example_params_ui_tutorial.py for tasks to queue
[2025-02-20T14:02:27.487+0000] {logging_mixin.py:190} INFO - [2025-02-20T14:02:27.486+0000] {dagbag.py:588} INFO - Filling up the DagBag from /home/airflow/.local/lib/python3.12/site-packages/airflow/example_dags/example_params_ui_tutorial.py
[2025-02-20T14:02:27.494+0000] {processor.py:925} INFO - DAG(s) 'example_params_ui_tutorial' retrieved from /home/airflow/.local/lib/python3.12/site-packages/airflow/example_dags/example_params_ui_tutorial.py
[2025-02-20T14:02:27.531+0000] {logging_mixin.py:190} INFO - [2025-02-20T14:02:27.531+0000] {dag.py:3239} INFO - Sync 1 DAGs
[2025-02-20T14:02:27.542+0000] {logging_mixin.py:190} INFO - [2025-02-20T14:02:27.542+0000] {dag.py:4180} INFO - Setting next_dagrun for example_params_ui_tutorial to None, run_after=None
[2025-02-20T14:02:27.559+0000] {processor.py:208} INFO - Processing /home/airflow/.local/lib/python3.12/site-packages/airflow/example_dags/example_params_ui_tutorial.py took 0.079 seconds
[2025-02-20T14:02:58.531+0000] {processor.py:186} INFO - Started process (PID=8212) to work on /home/airflow/.local/lib/python3.12/site-packages/airflow/example_dags/example_params_ui_tutorial.py
[2025-02-20T14:02:58.532+0000] {processor.py:914} INFO - Processing file /home/airflow/.local/lib/python3.12/site-packages/airflow/example_dags/example_params_ui_tutorial.py for tasks to queue
[2025-02-20T14:02:58.534+0000] {logging_mixin.py:190} INFO - [2025-02-20T14:02:58.533+0000] {dagbag.py:588} INFO - Filling up the DagBag from /home/airflow/.local/lib/python3.12/site-packages/airflow/example_dags/example_params_ui_tutorial.py
[2025-02-20T14:02:58.543+0000] {processor.py:925} INFO - DAG(s) 'example_params_ui_tutorial' retrieved from /home/airflow/.local/lib/python3.12/site-packages/airflow/example_dags/example_params_ui_tutorial.py
[2025-02-20T14:02:58.574+0000] {logging_mixin.py:190} INFO - [2025-02-20T14:02:58.574+0000] {dag.py:3239} INFO - Sync 1 DAGs
[2025-02-20T14:02:58.585+0000] {logging_mixin.py:190} INFO - [2025-02-20T14:02:58.585+0000] {dag.py:4180} INFO - Setting next_dagrun for example_params_ui_tutorial to None, run_after=None
[2025-02-20T14:02:58.600+0000] {processor.py:208} INFO - Processing /home/airflow/.local/lib/python3.12/site-packages/airflow/example_dags/example_params_ui_tutorial.py took 0.074 seconds
[2025-02-20T14:03:29.245+0000] {processor.py:186} INFO - Started process (PID=8289) to work on /home/airflow/.local/lib/python3.12/site-packages/airflow/example_dags/example_params_ui_tutorial.py
[2025-02-20T14:03:29.247+0000] {processor.py:914} INFO - Processing file /home/airflow/.local/lib/python3.12/site-packages/airflow/example_dags/example_params_ui_tutorial.py for tasks to queue
[2025-02-20T14:03:29.248+0000] {logging_mixin.py:190} INFO - [2025-02-20T14:03:29.248+0000] {dagbag.py:588} INFO - Filling up the DagBag from /home/airflow/.local/lib/python3.12/site-packages/airflow/example_dags/example_params_ui_tutorial.py
[2025-02-20T14:03:29.256+0000] {processor.py:925} INFO - DAG(s) 'example_params_ui_tutorial' retrieved from /home/airflow/.local/lib/python3.12/site-packages/airflow/example_dags/example_params_ui_tutorial.py
[2025-02-20T14:03:29.292+0000] {logging_mixin.py:190} INFO - [2025-02-20T14:03:29.291+0000] {dag.py:3239} INFO - Sync 1 DAGs
[2025-02-20T14:03:29.305+0000] {logging_mixin.py:190} INFO - [2025-02-20T14:03:29.305+0000] {dag.py:4180} INFO - Setting next_dagrun for example_params_ui_tutorial to None, run_after=None
[2025-02-20T14:03:29.323+0000] {processor.py:208} INFO - Processing /home/airflow/.local/lib/python3.12/site-packages/airflow/example_dags/example_params_ui_tutorial.py took 0.082 seconds
[2025-02-20T14:44:21.509+0000] {processor.py:186} INFO - Started process (PID=8373) to work on /home/airflow/.local/lib/python3.12/site-packages/airflow/example_dags/example_params_ui_tutorial.py
[2025-02-20T14:44:21.510+0000] {processor.py:914} INFO - Processing file /home/airflow/.local/lib/python3.12/site-packages/airflow/example_dags/example_params_ui_tutorial.py for tasks to queue
[2025-02-20T14:44:21.511+0000] {logging_mixin.py:190} INFO - [2025-02-20T14:44:21.511+0000] {dagbag.py:588} INFO - Filling up the DagBag from /home/airflow/.local/lib/python3.12/site-packages/airflow/example_dags/example_params_ui_tutorial.py
[2025-02-20T14:44:21.519+0000] {processor.py:925} INFO - DAG(s) 'example_params_ui_tutorial' retrieved from /home/airflow/.local/lib/python3.12/site-packages/airflow/example_dags/example_params_ui_tutorial.py
[2025-02-20T14:44:21.559+0000] {logging_mixin.py:190} INFO - [2025-02-20T14:44:21.559+0000] {dag.py:3239} INFO - Sync 1 DAGs
[2025-02-20T14:44:21.573+0000] {logging_mixin.py:190} INFO - [2025-02-20T14:44:21.573+0000] {dag.py:4180} INFO - Setting next_dagrun for example_params_ui_tutorial to None, run_after=None
[2025-02-20T14:44:21.590+0000] {processor.py:208} INFO - Processing /home/airflow/.local/lib/python3.12/site-packages/airflow/example_dags/example_params_ui_tutorial.py took 0.086 seconds
[2025-02-20T14:44:52.473+0000] {processor.py:186} INFO - Started process (PID=8449) to work on /home/airflow/.local/lib/python3.12/site-packages/airflow/example_dags/example_params_ui_tutorial.py
[2025-02-20T14:44:52.474+0000] {processor.py:914} INFO - Processing file /home/airflow/.local/lib/python3.12/site-packages/airflow/example_dags/example_params_ui_tutorial.py for tasks to queue
[2025-02-20T14:44:52.476+0000] {logging_mixin.py:190} INFO - [2025-02-20T14:44:52.476+0000] {dagbag.py:588} INFO - Filling up the DagBag from /home/airflow/.local/lib/python3.12/site-packages/airflow/example_dags/example_params_ui_tutorial.py
[2025-02-20T14:44:52.484+0000] {processor.py:925} INFO - DAG(s) 'example_params_ui_tutorial' retrieved from /home/airflow/.local/lib/python3.12/site-packages/airflow/example_dags/example_params_ui_tutorial.py
[2025-02-20T14:44:52.516+0000] {logging_mixin.py:190} INFO - [2025-02-20T14:44:52.516+0000] {dag.py:3239} INFO - Sync 1 DAGs
[2025-02-20T14:44:52.529+0000] {logging_mixin.py:190} INFO - [2025-02-20T14:44:52.529+0000] {dag.py:4180} INFO - Setting next_dagrun for example_params_ui_tutorial to None, run_after=None
[2025-02-20T14:44:52.546+0000] {processor.py:208} INFO - Processing /home/airflow/.local/lib/python3.12/site-packages/airflow/example_dags/example_params_ui_tutorial.py took 0.077 seconds
[2025-02-20T14:45:22.995+0000] {processor.py:186} INFO - Started process (PID=8526) to work on /home/airflow/.local/lib/python3.12/site-packages/airflow/example_dags/example_params_ui_tutorial.py
[2025-02-20T14:45:22.996+0000] {processor.py:914} INFO - Processing file /home/airflow/.local/lib/python3.12/site-packages/airflow/example_dags/example_params_ui_tutorial.py for tasks to queue
[2025-02-20T14:45:22.998+0000] {logging_mixin.py:190} INFO - [2025-02-20T14:45:22.997+0000] {dagbag.py:588} INFO - Filling up the DagBag from /home/airflow/.local/lib/python3.12/site-packages/airflow/example_dags/example_params_ui_tutorial.py
[2025-02-20T14:45:23.006+0000] {processor.py:925} INFO - DAG(s) 'example_params_ui_tutorial' retrieved from /home/airflow/.local/lib/python3.12/site-packages/airflow/example_dags/example_params_ui_tutorial.py
[2025-02-20T14:45:23.038+0000] {logging_mixin.py:190} INFO - [2025-02-20T14:45:23.038+0000] {dag.py:3239} INFO - Sync 1 DAGs
[2025-02-20T14:45:23.050+0000] {logging_mixin.py:190} INFO - [2025-02-20T14:45:23.050+0000] {dag.py:4180} INFO - Setting next_dagrun for example_params_ui_tutorial to None, run_after=None
[2025-02-20T14:45:23.065+0000] {processor.py:208} INFO - Processing /home/airflow/.local/lib/python3.12/site-packages/airflow/example_dags/example_params_ui_tutorial.py took 0.074 seconds
