[2025-02-20T13:41:06.588+0000] {processor.py:186} INFO - Started process (PID=4941) to work on /home/airflow/.local/lib/python3.12/site-packages/airflow/example_dags/example_bash_operator.py
[2025-02-20T13:41:06.590+0000] {processor.py:914} INFO - Processing file /home/airflow/.local/lib/python3.12/site-packages/airflow/example_dags/example_bash_operator.py for tasks to queue
[2025-02-20T13:41:06.593+0000] {logging_mixin.py:190} INFO - [2025-02-20T13:41:06.592+0000] {dagbag.py:588} INFO - Filling up the DagBag from /home/airflow/.local/lib/python3.12/site-packages/airflow/example_dags/example_bash_operator.py
[2025-02-20T13:41:06.669+0000] {processor.py:925} INFO - DAG(s) 'example_bash_operator' retrieved from /home/airflow/.local/lib/python3.12/site-packages/airflow/example_dags/example_bash_operator.py
[2025-02-20T13:41:06.768+0000] {logging_mixin.py:190} INFO - [2025-02-20T13:41:06.767+0000] {dag.py:3239} INFO - Sync 1 DAGs
[2025-02-20T13:41:06.882+0000] {logging_mixin.py:190} INFO - [2025-02-20T13:41:06.881+0000] {dag.py:4180} INFO - Setting next_dagrun for example_bash_operator to 2025-02-19 00:00:00+00:00, run_after=2025-02-20 00:00:00+00:00
[2025-02-20T13:41:06.954+0000] {processor.py:208} INFO - Processing /home/airflow/.local/lib/python3.12/site-packages/airflow/example_dags/example_bash_operator.py took 0.388 seconds
[2025-02-20T13:41:37.634+0000] {processor.py:186} INFO - Started process (PID=5016) to work on /home/airflow/.local/lib/python3.12/site-packages/airflow/example_dags/example_bash_operator.py
[2025-02-20T13:41:37.635+0000] {processor.py:914} INFO - Processing file /home/airflow/.local/lib/python3.12/site-packages/airflow/example_dags/example_bash_operator.py for tasks to queue
[2025-02-20T13:41:37.637+0000] {logging_mixin.py:190} INFO - [2025-02-20T13:41:37.636+0000] {dagbag.py:588} INFO - Filling up the DagBag from /home/airflow/.local/lib/python3.12/site-packages/airflow/example_dags/example_bash_operator.py
[2025-02-20T13:41:37.653+0000] {processor.py:925} INFO - DAG(s) 'example_bash_operator' retrieved from /home/airflow/.local/lib/python3.12/site-packages/airflow/example_dags/example_bash_operator.py
[2025-02-20T13:41:37.688+0000] {logging_mixin.py:190} INFO - [2025-02-20T13:41:37.688+0000] {dag.py:3239} INFO - Sync 1 DAGs
[2025-02-20T13:41:37.716+0000] {logging_mixin.py:190} INFO - [2025-02-20T13:41:37.715+0000] {dag.py:4180} INFO - Setting next_dagrun for example_bash_operator to 2025-02-19 00:00:00+00:00, run_after=2025-02-20 00:00:00+00:00
[2025-02-20T13:41:37.742+0000] {processor.py:208} INFO - Processing /home/airflow/.local/lib/python3.12/site-packages/airflow/example_dags/example_bash_operator.py took 0.114 seconds
[2025-02-20T13:42:07.846+0000] {processor.py:186} INFO - Started process (PID=5098) to work on /home/airflow/.local/lib/python3.12/site-packages/airflow/example_dags/example_bash_operator.py
[2025-02-20T13:42:07.848+0000] {processor.py:914} INFO - Processing file /home/airflow/.local/lib/python3.12/site-packages/airflow/example_dags/example_bash_operator.py for tasks to queue
[2025-02-20T13:42:07.850+0000] {logging_mixin.py:190} INFO - [2025-02-20T13:42:07.850+0000] {dagbag.py:588} INFO - Filling up the DagBag from /home/airflow/.local/lib/python3.12/site-packages/airflow/example_dags/example_bash_operator.py
[2025-02-20T13:42:07.864+0000] {processor.py:925} INFO - DAG(s) 'example_bash_operator' retrieved from /home/airflow/.local/lib/python3.12/site-packages/airflow/example_dags/example_bash_operator.py
[2025-02-20T13:42:07.896+0000] {logging_mixin.py:190} INFO - [2025-02-20T13:42:07.895+0000] {dag.py:3239} INFO - Sync 1 DAGs
[2025-02-20T13:42:07.921+0000] {logging_mixin.py:190} INFO - [2025-02-20T13:42:07.921+0000] {dag.py:4180} INFO - Setting next_dagrun for example_bash_operator to 2025-02-19 00:00:00+00:00, run_after=2025-02-20 00:00:00+00:00
[2025-02-20T13:42:07.947+0000] {processor.py:208} INFO - Processing /home/airflow/.local/lib/python3.12/site-packages/airflow/example_dags/example_bash_operator.py took 0.105 seconds
[2025-02-20T13:42:38.266+0000] {processor.py:186} INFO - Started process (PID=5174) to work on /home/airflow/.local/lib/python3.12/site-packages/airflow/example_dags/example_bash_operator.py
[2025-02-20T13:42:38.267+0000] {processor.py:914} INFO - Processing file /home/airflow/.local/lib/python3.12/site-packages/airflow/example_dags/example_bash_operator.py for tasks to queue
[2025-02-20T13:42:38.269+0000] {logging_mixin.py:190} INFO - [2025-02-20T13:42:38.269+0000] {dagbag.py:588} INFO - Filling up the DagBag from /home/airflow/.local/lib/python3.12/site-packages/airflow/example_dags/example_bash_operator.py
[2025-02-20T13:42:38.286+0000] {processor.py:925} INFO - DAG(s) 'example_bash_operator' retrieved from /home/airflow/.local/lib/python3.12/site-packages/airflow/example_dags/example_bash_operator.py
[2025-02-20T13:42:38.319+0000] {logging_mixin.py:190} INFO - [2025-02-20T13:42:38.318+0000] {dag.py:3239} INFO - Sync 1 DAGs
[2025-02-20T13:42:38.356+0000] {logging_mixin.py:190} INFO - [2025-02-20T13:42:38.355+0000] {dag.py:4180} INFO - Setting next_dagrun for example_bash_operator to 2025-02-19 00:00:00+00:00, run_after=2025-02-20 00:00:00+00:00
[2025-02-20T13:42:38.389+0000] {processor.py:208} INFO - Processing /home/airflow/.local/lib/python3.12/site-packages/airflow/example_dags/example_bash_operator.py took 0.129 seconds
[2025-02-20T13:43:09.257+0000] {processor.py:186} INFO - Started process (PID=5251) to work on /home/airflow/.local/lib/python3.12/site-packages/airflow/example_dags/example_bash_operator.py
[2025-02-20T13:43:09.258+0000] {processor.py:914} INFO - Processing file /home/airflow/.local/lib/python3.12/site-packages/airflow/example_dags/example_bash_operator.py for tasks to queue
[2025-02-20T13:43:09.260+0000] {logging_mixin.py:190} INFO - [2025-02-20T13:43:09.260+0000] {dagbag.py:588} INFO - Filling up the DagBag from /home/airflow/.local/lib/python3.12/site-packages/airflow/example_dags/example_bash_operator.py
[2025-02-20T13:43:09.272+0000] {processor.py:925} INFO - DAG(s) 'example_bash_operator' retrieved from /home/airflow/.local/lib/python3.12/site-packages/airflow/example_dags/example_bash_operator.py
[2025-02-20T13:43:09.298+0000] {logging_mixin.py:190} INFO - [2025-02-20T13:43:09.298+0000] {dag.py:3239} INFO - Sync 1 DAGs
[2025-02-20T13:43:09.323+0000] {logging_mixin.py:190} INFO - [2025-02-20T13:43:09.323+0000] {dag.py:4180} INFO - Setting next_dagrun for example_bash_operator to 2025-02-19 00:00:00+00:00, run_after=2025-02-20 00:00:00+00:00
[2025-02-20T13:43:09.343+0000] {processor.py:208} INFO - Processing /home/airflow/.local/lib/python3.12/site-packages/airflow/example_dags/example_bash_operator.py took 0.092 seconds
[2025-02-20T13:43:40.289+0000] {processor.py:186} INFO - Started process (PID=5326) to work on /home/airflow/.local/lib/python3.12/site-packages/airflow/example_dags/example_bash_operator.py
[2025-02-20T13:43:40.291+0000] {processor.py:914} INFO - Processing file /home/airflow/.local/lib/python3.12/site-packages/airflow/example_dags/example_bash_operator.py for tasks to queue
[2025-02-20T13:43:40.292+0000] {logging_mixin.py:190} INFO - [2025-02-20T13:43:40.292+0000] {dagbag.py:588} INFO - Filling up the DagBag from /home/airflow/.local/lib/python3.12/site-packages/airflow/example_dags/example_bash_operator.py
[2025-02-20T13:43:40.308+0000] {processor.py:925} INFO - DAG(s) 'example_bash_operator' retrieved from /home/airflow/.local/lib/python3.12/site-packages/airflow/example_dags/example_bash_operator.py
[2025-02-20T13:43:40.341+0000] {logging_mixin.py:190} INFO - [2025-02-20T13:43:40.341+0000] {dag.py:3239} INFO - Sync 1 DAGs
[2025-02-20T13:43:40.367+0000] {logging_mixin.py:190} INFO - [2025-02-20T13:43:40.367+0000] {dag.py:4180} INFO - Setting next_dagrun for example_bash_operator to 2025-02-19 00:00:00+00:00, run_after=2025-02-20 00:00:00+00:00
[2025-02-20T13:43:40.391+0000] {processor.py:208} INFO - Processing /home/airflow/.local/lib/python3.12/site-packages/airflow/example_dags/example_bash_operator.py took 0.107 seconds
[2025-02-20T13:44:11.149+0000] {processor.py:186} INFO - Started process (PID=5402) to work on /home/airflow/.local/lib/python3.12/site-packages/airflow/example_dags/example_bash_operator.py
[2025-02-20T13:44:11.151+0000] {processor.py:914} INFO - Processing file /home/airflow/.local/lib/python3.12/site-packages/airflow/example_dags/example_bash_operator.py for tasks to queue
[2025-02-20T13:44:11.152+0000] {logging_mixin.py:190} INFO - [2025-02-20T13:44:11.152+0000] {dagbag.py:588} INFO - Filling up the DagBag from /home/airflow/.local/lib/python3.12/site-packages/airflow/example_dags/example_bash_operator.py
[2025-02-20T13:44:11.165+0000] {processor.py:925} INFO - DAG(s) 'example_bash_operator' retrieved from /home/airflow/.local/lib/python3.12/site-packages/airflow/example_dags/example_bash_operator.py
[2025-02-20T13:44:11.190+0000] {logging_mixin.py:190} INFO - [2025-02-20T13:44:11.190+0000] {dag.py:3239} INFO - Sync 1 DAGs
[2025-02-20T13:44:11.213+0000] {logging_mixin.py:190} INFO - [2025-02-20T13:44:11.213+0000] {dag.py:4180} INFO - Setting next_dagrun for example_bash_operator to 2025-02-19 00:00:00+00:00, run_after=2025-02-20 00:00:00+00:00
[2025-02-20T13:44:11.235+0000] {processor.py:208} INFO - Processing /home/airflow/.local/lib/python3.12/site-packages/airflow/example_dags/example_bash_operator.py took 0.091 seconds
[2025-02-20T13:44:41.776+0000] {processor.py:186} INFO - Started process (PID=5478) to work on /home/airflow/.local/lib/python3.12/site-packages/airflow/example_dags/example_bash_operator.py
[2025-02-20T13:44:41.778+0000] {processor.py:914} INFO - Processing file /home/airflow/.local/lib/python3.12/site-packages/airflow/example_dags/example_bash_operator.py for tasks to queue
[2025-02-20T13:44:41.779+0000] {logging_mixin.py:190} INFO - [2025-02-20T13:44:41.779+0000] {dagbag.py:588} INFO - Filling up the DagBag from /home/airflow/.local/lib/python3.12/site-packages/airflow/example_dags/example_bash_operator.py
[2025-02-20T13:44:41.792+0000] {processor.py:925} INFO - DAG(s) 'example_bash_operator' retrieved from /home/airflow/.local/lib/python3.12/site-packages/airflow/example_dags/example_bash_operator.py
[2025-02-20T13:44:41.819+0000] {logging_mixin.py:190} INFO - [2025-02-20T13:44:41.819+0000] {dag.py:3239} INFO - Sync 1 DAGs
[2025-02-20T13:44:41.846+0000] {logging_mixin.py:190} INFO - [2025-02-20T13:44:41.846+0000] {dag.py:4180} INFO - Setting next_dagrun for example_bash_operator to 2025-02-19 00:00:00+00:00, run_after=2025-02-20 00:00:00+00:00
[2025-02-20T13:44:41.868+0000] {processor.py:208} INFO - Processing /home/airflow/.local/lib/python3.12/site-packages/airflow/example_dags/example_bash_operator.py took 0.098 seconds
[2025-02-20T13:45:12.340+0000] {processor.py:186} INFO - Started process (PID=5554) to work on /home/airflow/.local/lib/python3.12/site-packages/airflow/example_dags/example_bash_operator.py
[2025-02-20T13:45:12.341+0000] {processor.py:914} INFO - Processing file /home/airflow/.local/lib/python3.12/site-packages/airflow/example_dags/example_bash_operator.py for tasks to queue
[2025-02-20T13:45:12.342+0000] {logging_mixin.py:190} INFO - [2025-02-20T13:45:12.342+0000] {dagbag.py:588} INFO - Filling up the DagBag from /home/airflow/.local/lib/python3.12/site-packages/airflow/example_dags/example_bash_operator.py
[2025-02-20T13:45:12.353+0000] {processor.py:925} INFO - DAG(s) 'example_bash_operator' retrieved from /home/airflow/.local/lib/python3.12/site-packages/airflow/example_dags/example_bash_operator.py
[2025-02-20T13:45:12.377+0000] {logging_mixin.py:190} INFO - [2025-02-20T13:45:12.377+0000] {dag.py:3239} INFO - Sync 1 DAGs
[2025-02-20T13:45:12.398+0000] {logging_mixin.py:190} INFO - [2025-02-20T13:45:12.398+0000] {dag.py:4180} INFO - Setting next_dagrun for example_bash_operator to 2025-02-19 00:00:00+00:00, run_after=2025-02-20 00:00:00+00:00
[2025-02-20T13:45:12.416+0000] {processor.py:208} INFO - Processing /home/airflow/.local/lib/python3.12/site-packages/airflow/example_dags/example_bash_operator.py took 0.081 seconds
[2025-02-20T13:45:42.887+0000] {processor.py:186} INFO - Started process (PID=5631) to work on /home/airflow/.local/lib/python3.12/site-packages/airflow/example_dags/example_bash_operator.py
[2025-02-20T13:45:42.888+0000] {processor.py:914} INFO - Processing file /home/airflow/.local/lib/python3.12/site-packages/airflow/example_dags/example_bash_operator.py for tasks to queue
[2025-02-20T13:45:42.889+0000] {logging_mixin.py:190} INFO - [2025-02-20T13:45:42.889+0000] {dagbag.py:588} INFO - Filling up the DagBag from /home/airflow/.local/lib/python3.12/site-packages/airflow/example_dags/example_bash_operator.py
[2025-02-20T13:45:42.903+0000] {processor.py:925} INFO - DAG(s) 'example_bash_operator' retrieved from /home/airflow/.local/lib/python3.12/site-packages/airflow/example_dags/example_bash_operator.py
[2025-02-20T13:45:42.930+0000] {logging_mixin.py:190} INFO - [2025-02-20T13:45:42.929+0000] {dag.py:3239} INFO - Sync 1 DAGs
[2025-02-20T13:45:42.953+0000] {logging_mixin.py:190} INFO - [2025-02-20T13:45:42.953+0000] {dag.py:4180} INFO - Setting next_dagrun for example_bash_operator to 2025-02-19 00:00:00+00:00, run_after=2025-02-20 00:00:00+00:00
[2025-02-20T13:45:42.975+0000] {processor.py:208} INFO - Processing /home/airflow/.local/lib/python3.12/site-packages/airflow/example_dags/example_bash_operator.py took 0.094 seconds
[2025-02-20T13:46:13.050+0000] {processor.py:186} INFO - Started process (PID=5707) to work on /home/airflow/.local/lib/python3.12/site-packages/airflow/example_dags/example_bash_operator.py
[2025-02-20T13:46:13.051+0000] {processor.py:914} INFO - Processing file /home/airflow/.local/lib/python3.12/site-packages/airflow/example_dags/example_bash_operator.py for tasks to queue
[2025-02-20T13:46:13.053+0000] {logging_mixin.py:190} INFO - [2025-02-20T13:46:13.053+0000] {dagbag.py:588} INFO - Filling up the DagBag from /home/airflow/.local/lib/python3.12/site-packages/airflow/example_dags/example_bash_operator.py
[2025-02-20T13:46:13.064+0000] {processor.py:925} INFO - DAG(s) 'example_bash_operator' retrieved from /home/airflow/.local/lib/python3.12/site-packages/airflow/example_dags/example_bash_operator.py
[2025-02-20T13:46:13.086+0000] {logging_mixin.py:190} INFO - [2025-02-20T13:46:13.086+0000] {dag.py:3239} INFO - Sync 1 DAGs
[2025-02-20T13:46:13.105+0000] {logging_mixin.py:190} INFO - [2025-02-20T13:46:13.105+0000] {dag.py:4180} INFO - Setting next_dagrun for example_bash_operator to 2025-02-19 00:00:00+00:00, run_after=2025-02-20 00:00:00+00:00
[2025-02-20T13:46:13.123+0000] {processor.py:208} INFO - Processing /home/airflow/.local/lib/python3.12/site-packages/airflow/example_dags/example_bash_operator.py took 0.077 seconds
[2025-02-20T13:46:43.288+0000] {processor.py:186} INFO - Started process (PID=5783) to work on /home/airflow/.local/lib/python3.12/site-packages/airflow/example_dags/example_bash_operator.py
[2025-02-20T13:46:43.289+0000] {processor.py:914} INFO - Processing file /home/airflow/.local/lib/python3.12/site-packages/airflow/example_dags/example_bash_operator.py for tasks to queue
[2025-02-20T13:46:43.291+0000] {logging_mixin.py:190} INFO - [2025-02-20T13:46:43.291+0000] {dagbag.py:588} INFO - Filling up the DagBag from /home/airflow/.local/lib/python3.12/site-packages/airflow/example_dags/example_bash_operator.py
[2025-02-20T13:46:43.302+0000] {processor.py:925} INFO - DAG(s) 'example_bash_operator' retrieved from /home/airflow/.local/lib/python3.12/site-packages/airflow/example_dags/example_bash_operator.py
[2025-02-20T13:46:43.329+0000] {logging_mixin.py:190} INFO - [2025-02-20T13:46:43.329+0000] {dag.py:3239} INFO - Sync 1 DAGs
[2025-02-20T13:46:43.351+0000] {logging_mixin.py:190} INFO - [2025-02-20T13:46:43.351+0000] {dag.py:4180} INFO - Setting next_dagrun for example_bash_operator to 2025-02-19 00:00:00+00:00, run_after=2025-02-20 00:00:00+00:00
[2025-02-20T13:46:43.370+0000] {processor.py:208} INFO - Processing /home/airflow/.local/lib/python3.12/site-packages/airflow/example_dags/example_bash_operator.py took 0.087 seconds
[2025-02-20T13:47:13.489+0000] {processor.py:186} INFO - Started process (PID=5858) to work on /home/airflow/.local/lib/python3.12/site-packages/airflow/example_dags/example_bash_operator.py
[2025-02-20T13:47:13.490+0000] {processor.py:914} INFO - Processing file /home/airflow/.local/lib/python3.12/site-packages/airflow/example_dags/example_bash_operator.py for tasks to queue
[2025-02-20T13:47:13.492+0000] {logging_mixin.py:190} INFO - [2025-02-20T13:47:13.492+0000] {dagbag.py:588} INFO - Filling up the DagBag from /home/airflow/.local/lib/python3.12/site-packages/airflow/example_dags/example_bash_operator.py
[2025-02-20T13:47:13.504+0000] {processor.py:925} INFO - DAG(s) 'example_bash_operator' retrieved from /home/airflow/.local/lib/python3.12/site-packages/airflow/example_dags/example_bash_operator.py
[2025-02-20T13:47:13.529+0000] {logging_mixin.py:190} INFO - [2025-02-20T13:47:13.529+0000] {dag.py:3239} INFO - Sync 1 DAGs
[2025-02-20T13:47:13.549+0000] {logging_mixin.py:190} INFO - [2025-02-20T13:47:13.549+0000] {dag.py:4180} INFO - Setting next_dagrun for example_bash_operator to 2025-02-19 00:00:00+00:00, run_after=2025-02-20 00:00:00+00:00
[2025-02-20T13:47:13.572+0000] {processor.py:208} INFO - Processing /home/airflow/.local/lib/python3.12/site-packages/airflow/example_dags/example_bash_operator.py took 0.088 seconds
[2025-02-20T13:47:44.321+0000] {processor.py:186} INFO - Started process (PID=5934) to work on /home/airflow/.local/lib/python3.12/site-packages/airflow/example_dags/example_bash_operator.py
[2025-02-20T13:47:44.322+0000] {processor.py:914} INFO - Processing file /home/airflow/.local/lib/python3.12/site-packages/airflow/example_dags/example_bash_operator.py for tasks to queue
[2025-02-20T13:47:44.324+0000] {logging_mixin.py:190} INFO - [2025-02-20T13:47:44.323+0000] {dagbag.py:588} INFO - Filling up the DagBag from /home/airflow/.local/lib/python3.12/site-packages/airflow/example_dags/example_bash_operator.py
[2025-02-20T13:47:44.336+0000] {processor.py:925} INFO - DAG(s) 'example_bash_operator' retrieved from /home/airflow/.local/lib/python3.12/site-packages/airflow/example_dags/example_bash_operator.py
[2025-02-20T13:47:44.358+0000] {logging_mixin.py:190} INFO - [2025-02-20T13:47:44.358+0000] {dag.py:3239} INFO - Sync 1 DAGs
[2025-02-20T13:47:44.378+0000] {logging_mixin.py:190} INFO - [2025-02-20T13:47:44.378+0000] {dag.py:4180} INFO - Setting next_dagrun for example_bash_operator to 2025-02-19 00:00:00+00:00, run_after=2025-02-20 00:00:00+00:00
[2025-02-20T13:47:44.397+0000] {processor.py:208} INFO - Processing /home/airflow/.local/lib/python3.12/site-packages/airflow/example_dags/example_bash_operator.py took 0.080 seconds
[2025-02-20T13:48:14.673+0000] {processor.py:186} INFO - Started process (PID=6010) to work on /home/airflow/.local/lib/python3.12/site-packages/airflow/example_dags/example_bash_operator.py
[2025-02-20T13:48:14.674+0000] {processor.py:914} INFO - Processing file /home/airflow/.local/lib/python3.12/site-packages/airflow/example_dags/example_bash_operator.py for tasks to queue
[2025-02-20T13:48:14.675+0000] {logging_mixin.py:190} INFO - [2025-02-20T13:48:14.675+0000] {dagbag.py:588} INFO - Filling up the DagBag from /home/airflow/.local/lib/python3.12/site-packages/airflow/example_dags/example_bash_operator.py
[2025-02-20T13:48:14.685+0000] {processor.py:925} INFO - DAG(s) 'example_bash_operator' retrieved from /home/airflow/.local/lib/python3.12/site-packages/airflow/example_dags/example_bash_operator.py
[2025-02-20T13:48:14.707+0000] {logging_mixin.py:190} INFO - [2025-02-20T13:48:14.707+0000] {dag.py:3239} INFO - Sync 1 DAGs
[2025-02-20T13:48:14.726+0000] {logging_mixin.py:190} INFO - [2025-02-20T13:48:14.726+0000] {dag.py:4180} INFO - Setting next_dagrun for example_bash_operator to 2025-02-19 00:00:00+00:00, run_after=2025-02-20 00:00:00+00:00
[2025-02-20T13:48:14.750+0000] {processor.py:208} INFO - Processing /home/airflow/.local/lib/python3.12/site-packages/airflow/example_dags/example_bash_operator.py took 0.081 seconds
[2025-02-20T13:48:45.435+0000] {processor.py:186} INFO - Started process (PID=6085) to work on /home/airflow/.local/lib/python3.12/site-packages/airflow/example_dags/example_bash_operator.py
[2025-02-20T13:48:45.436+0000] {processor.py:914} INFO - Processing file /home/airflow/.local/lib/python3.12/site-packages/airflow/example_dags/example_bash_operator.py for tasks to queue
[2025-02-20T13:48:45.437+0000] {logging_mixin.py:190} INFO - [2025-02-20T13:48:45.437+0000] {dagbag.py:588} INFO - Filling up the DagBag from /home/airflow/.local/lib/python3.12/site-packages/airflow/example_dags/example_bash_operator.py
[2025-02-20T13:48:45.451+0000] {processor.py:925} INFO - DAG(s) 'example_bash_operator' retrieved from /home/airflow/.local/lib/python3.12/site-packages/airflow/example_dags/example_bash_operator.py
[2025-02-20T13:48:45.480+0000] {logging_mixin.py:190} INFO - [2025-02-20T13:48:45.480+0000] {dag.py:3239} INFO - Sync 1 DAGs
[2025-02-20T13:48:45.506+0000] {logging_mixin.py:190} INFO - [2025-02-20T13:48:45.506+0000] {dag.py:4180} INFO - Setting next_dagrun for example_bash_operator to 2025-02-19 00:00:00+00:00, run_after=2025-02-20 00:00:00+00:00
[2025-02-20T13:48:45.527+0000] {processor.py:208} INFO - Processing /home/airflow/.local/lib/python3.12/site-packages/airflow/example_dags/example_bash_operator.py took 0.099 seconds
[2025-02-20T13:49:15.860+0000] {processor.py:186} INFO - Started process (PID=6161) to work on /home/airflow/.local/lib/python3.12/site-packages/airflow/example_dags/example_bash_operator.py
[2025-02-20T13:49:15.861+0000] {processor.py:914} INFO - Processing file /home/airflow/.local/lib/python3.12/site-packages/airflow/example_dags/example_bash_operator.py for tasks to queue
[2025-02-20T13:49:15.863+0000] {logging_mixin.py:190} INFO - [2025-02-20T13:49:15.862+0000] {dagbag.py:588} INFO - Filling up the DagBag from /home/airflow/.local/lib/python3.12/site-packages/airflow/example_dags/example_bash_operator.py
[2025-02-20T13:49:15.875+0000] {processor.py:925} INFO - DAG(s) 'example_bash_operator' retrieved from /home/airflow/.local/lib/python3.12/site-packages/airflow/example_dags/example_bash_operator.py
[2025-02-20T13:49:15.907+0000] {logging_mixin.py:190} INFO - [2025-02-20T13:49:15.906+0000] {dag.py:3239} INFO - Sync 1 DAGs
[2025-02-20T13:49:15.930+0000] {logging_mixin.py:190} INFO - [2025-02-20T13:49:15.930+0000] {dag.py:4180} INFO - Setting next_dagrun for example_bash_operator to 2025-02-19 00:00:00+00:00, run_after=2025-02-20 00:00:00+00:00
[2025-02-20T13:49:15.950+0000] {processor.py:208} INFO - Processing /home/airflow/.local/lib/python3.12/site-packages/airflow/example_dags/example_bash_operator.py took 0.094 seconds
[2025-02-20T13:49:46.371+0000] {processor.py:186} INFO - Started process (PID=6237) to work on /home/airflow/.local/lib/python3.12/site-packages/airflow/example_dags/example_bash_operator.py
[2025-02-20T13:49:46.372+0000] {processor.py:914} INFO - Processing file /home/airflow/.local/lib/python3.12/site-packages/airflow/example_dags/example_bash_operator.py for tasks to queue
[2025-02-20T13:49:46.375+0000] {logging_mixin.py:190} INFO - [2025-02-20T13:49:46.374+0000] {dagbag.py:588} INFO - Filling up the DagBag from /home/airflow/.local/lib/python3.12/site-packages/airflow/example_dags/example_bash_operator.py
[2025-02-20T13:49:46.388+0000] {processor.py:925} INFO - DAG(s) 'example_bash_operator' retrieved from /home/airflow/.local/lib/python3.12/site-packages/airflow/example_dags/example_bash_operator.py
[2025-02-20T13:49:46.413+0000] {logging_mixin.py:190} INFO - [2025-02-20T13:49:46.412+0000] {dag.py:3239} INFO - Sync 1 DAGs
[2025-02-20T13:49:46.435+0000] {logging_mixin.py:190} INFO - [2025-02-20T13:49:46.435+0000] {dag.py:4180} INFO - Setting next_dagrun for example_bash_operator to 2025-02-19 00:00:00+00:00, run_after=2025-02-20 00:00:00+00:00
[2025-02-20T13:49:46.455+0000] {processor.py:208} INFO - Processing /home/airflow/.local/lib/python3.12/site-packages/airflow/example_dags/example_bash_operator.py took 0.089 seconds
[2025-02-20T13:50:16.610+0000] {processor.py:186} INFO - Started process (PID=6313) to work on /home/airflow/.local/lib/python3.12/site-packages/airflow/example_dags/example_bash_operator.py
[2025-02-20T13:50:16.611+0000] {processor.py:914} INFO - Processing file /home/airflow/.local/lib/python3.12/site-packages/airflow/example_dags/example_bash_operator.py for tasks to queue
[2025-02-20T13:50:16.613+0000] {logging_mixin.py:190} INFO - [2025-02-20T13:50:16.612+0000] {dagbag.py:588} INFO - Filling up the DagBag from /home/airflow/.local/lib/python3.12/site-packages/airflow/example_dags/example_bash_operator.py
[2025-02-20T13:50:16.624+0000] {processor.py:925} INFO - DAG(s) 'example_bash_operator' retrieved from /home/airflow/.local/lib/python3.12/site-packages/airflow/example_dags/example_bash_operator.py
[2025-02-20T13:50:16.648+0000] {logging_mixin.py:190} INFO - [2025-02-20T13:50:16.648+0000] {dag.py:3239} INFO - Sync 1 DAGs
[2025-02-20T13:50:16.668+0000] {logging_mixin.py:190} INFO - [2025-02-20T13:50:16.668+0000] {dag.py:4180} INFO - Setting next_dagrun for example_bash_operator to 2025-02-19 00:00:00+00:00, run_after=2025-02-20 00:00:00+00:00
[2025-02-20T13:50:16.687+0000] {processor.py:208} INFO - Processing /home/airflow/.local/lib/python3.12/site-packages/airflow/example_dags/example_bash_operator.py took 0.082 seconds
[2025-02-20T13:50:47.162+0000] {processor.py:186} INFO - Started process (PID=6389) to work on /home/airflow/.local/lib/python3.12/site-packages/airflow/example_dags/example_bash_operator.py
[2025-02-20T13:50:47.163+0000] {processor.py:914} INFO - Processing file /home/airflow/.local/lib/python3.12/site-packages/airflow/example_dags/example_bash_operator.py for tasks to queue
[2025-02-20T13:50:47.165+0000] {logging_mixin.py:190} INFO - [2025-02-20T13:50:47.164+0000] {dagbag.py:588} INFO - Filling up the DagBag from /home/airflow/.local/lib/python3.12/site-packages/airflow/example_dags/example_bash_operator.py
[2025-02-20T13:50:47.178+0000] {processor.py:925} INFO - DAG(s) 'example_bash_operator' retrieved from /home/airflow/.local/lib/python3.12/site-packages/airflow/example_dags/example_bash_operator.py
[2025-02-20T13:50:47.206+0000] {logging_mixin.py:190} INFO - [2025-02-20T13:50:47.206+0000] {dag.py:3239} INFO - Sync 1 DAGs
[2025-02-20T13:50:47.226+0000] {logging_mixin.py:190} INFO - [2025-02-20T13:50:47.226+0000] {dag.py:4180} INFO - Setting next_dagrun for example_bash_operator to 2025-02-19 00:00:00+00:00, run_after=2025-02-20 00:00:00+00:00
[2025-02-20T13:50:47.245+0000] {processor.py:208} INFO - Processing /home/airflow/.local/lib/python3.12/site-packages/airflow/example_dags/example_bash_operator.py took 0.087 seconds
[2025-02-20T13:51:17.465+0000] {processor.py:186} INFO - Started process (PID=6465) to work on /home/airflow/.local/lib/python3.12/site-packages/airflow/example_dags/example_bash_operator.py
[2025-02-20T13:51:17.466+0000] {processor.py:914} INFO - Processing file /home/airflow/.local/lib/python3.12/site-packages/airflow/example_dags/example_bash_operator.py for tasks to queue
[2025-02-20T13:51:17.467+0000] {logging_mixin.py:190} INFO - [2025-02-20T13:51:17.467+0000] {dagbag.py:588} INFO - Filling up the DagBag from /home/airflow/.local/lib/python3.12/site-packages/airflow/example_dags/example_bash_operator.py
[2025-02-20T13:51:17.480+0000] {processor.py:925} INFO - DAG(s) 'example_bash_operator' retrieved from /home/airflow/.local/lib/python3.12/site-packages/airflow/example_dags/example_bash_operator.py
[2025-02-20T13:51:17.503+0000] {logging_mixin.py:190} INFO - [2025-02-20T13:51:17.503+0000] {dag.py:3239} INFO - Sync 1 DAGs
[2025-02-20T13:51:17.527+0000] {logging_mixin.py:190} INFO - [2025-02-20T13:51:17.527+0000] {dag.py:4180} INFO - Setting next_dagrun for example_bash_operator to 2025-02-19 00:00:00+00:00, run_after=2025-02-20 00:00:00+00:00
[2025-02-20T13:51:17.547+0000] {processor.py:208} INFO - Processing /home/airflow/.local/lib/python3.12/site-packages/airflow/example_dags/example_bash_operator.py took 0.087 seconds
[2025-02-20T13:51:47.705+0000] {processor.py:186} INFO - Started process (PID=6547) to work on /home/airflow/.local/lib/python3.12/site-packages/airflow/example_dags/example_bash_operator.py
[2025-02-20T13:51:47.709+0000] {processor.py:914} INFO - Processing file /home/airflow/.local/lib/python3.12/site-packages/airflow/example_dags/example_bash_operator.py for tasks to queue
[2025-02-20T13:51:47.712+0000] {logging_mixin.py:190} INFO - [2025-02-20T13:51:47.712+0000] {dagbag.py:588} INFO - Filling up the DagBag from /home/airflow/.local/lib/python3.12/site-packages/airflow/example_dags/example_bash_operator.py
[2025-02-20T13:51:47.726+0000] {processor.py:925} INFO - DAG(s) 'example_bash_operator' retrieved from /home/airflow/.local/lib/python3.12/site-packages/airflow/example_dags/example_bash_operator.py
[2025-02-20T13:51:47.754+0000] {logging_mixin.py:190} INFO - [2025-02-20T13:51:47.753+0000] {dag.py:3239} INFO - Sync 1 DAGs
[2025-02-20T13:51:47.778+0000] {logging_mixin.py:190} INFO - [2025-02-20T13:51:47.777+0000] {dag.py:4180} INFO - Setting next_dagrun for example_bash_operator to 2025-02-19 00:00:00+00:00, run_after=2025-02-20 00:00:00+00:00
[2025-02-20T13:51:47.799+0000] {processor.py:208} INFO - Processing /home/airflow/.local/lib/python3.12/site-packages/airflow/example_dags/example_bash_operator.py took 0.099 seconds
[2025-02-20T13:52:18.064+0000] {processor.py:186} INFO - Started process (PID=6623) to work on /home/airflow/.local/lib/python3.12/site-packages/airflow/example_dags/example_bash_operator.py
[2025-02-20T13:52:18.067+0000] {processor.py:914} INFO - Processing file /home/airflow/.local/lib/python3.12/site-packages/airflow/example_dags/example_bash_operator.py for tasks to queue
[2025-02-20T13:52:18.069+0000] {logging_mixin.py:190} INFO - [2025-02-20T13:52:18.068+0000] {dagbag.py:588} INFO - Filling up the DagBag from /home/airflow/.local/lib/python3.12/site-packages/airflow/example_dags/example_bash_operator.py
[2025-02-20T13:52:18.080+0000] {processor.py:925} INFO - DAG(s) 'example_bash_operator' retrieved from /home/airflow/.local/lib/python3.12/site-packages/airflow/example_dags/example_bash_operator.py
[2025-02-20T13:52:18.104+0000] {logging_mixin.py:190} INFO - [2025-02-20T13:52:18.103+0000] {dag.py:3239} INFO - Sync 1 DAGs
[2025-02-20T13:52:18.123+0000] {logging_mixin.py:190} INFO - [2025-02-20T13:52:18.123+0000] {dag.py:4180} INFO - Setting next_dagrun for example_bash_operator to 2025-02-19 00:00:00+00:00, run_after=2025-02-20 00:00:00+00:00
[2025-02-20T13:52:18.143+0000] {processor.py:208} INFO - Processing /home/airflow/.local/lib/python3.12/site-packages/airflow/example_dags/example_bash_operator.py took 0.083 seconds
[2025-02-20T13:52:48.310+0000] {processor.py:186} INFO - Started process (PID=6699) to work on /home/airflow/.local/lib/python3.12/site-packages/airflow/example_dags/example_bash_operator.py
[2025-02-20T13:52:48.311+0000] {processor.py:914} INFO - Processing file /home/airflow/.local/lib/python3.12/site-packages/airflow/example_dags/example_bash_operator.py for tasks to queue
[2025-02-20T13:52:48.313+0000] {logging_mixin.py:190} INFO - [2025-02-20T13:52:48.313+0000] {dagbag.py:588} INFO - Filling up the DagBag from /home/airflow/.local/lib/python3.12/site-packages/airflow/example_dags/example_bash_operator.py
[2025-02-20T13:52:48.326+0000] {processor.py:925} INFO - DAG(s) 'example_bash_operator' retrieved from /home/airflow/.local/lib/python3.12/site-packages/airflow/example_dags/example_bash_operator.py
[2025-02-20T13:52:48.349+0000] {logging_mixin.py:190} INFO - [2025-02-20T13:52:48.348+0000] {dag.py:3239} INFO - Sync 1 DAGs
[2025-02-20T13:52:48.371+0000] {logging_mixin.py:190} INFO - [2025-02-20T13:52:48.370+0000] {dag.py:4180} INFO - Setting next_dagrun for example_bash_operator to 2025-02-19 00:00:00+00:00, run_after=2025-02-20 00:00:00+00:00
[2025-02-20T13:52:48.390+0000] {processor.py:208} INFO - Processing /home/airflow/.local/lib/python3.12/site-packages/airflow/example_dags/example_bash_operator.py took 0.084 seconds
[2025-02-20T13:53:18.759+0000] {processor.py:186} INFO - Started process (PID=6774) to work on /home/airflow/.local/lib/python3.12/site-packages/airflow/example_dags/example_bash_operator.py
[2025-02-20T13:53:18.762+0000] {processor.py:914} INFO - Processing file /home/airflow/.local/lib/python3.12/site-packages/airflow/example_dags/example_bash_operator.py for tasks to queue
[2025-02-20T13:53:18.763+0000] {logging_mixin.py:190} INFO - [2025-02-20T13:53:18.763+0000] {dagbag.py:588} INFO - Filling up the DagBag from /home/airflow/.local/lib/python3.12/site-packages/airflow/example_dags/example_bash_operator.py
[2025-02-20T13:53:18.773+0000] {processor.py:925} INFO - DAG(s) 'example_bash_operator' retrieved from /home/airflow/.local/lib/python3.12/site-packages/airflow/example_dags/example_bash_operator.py
[2025-02-20T13:53:18.797+0000] {logging_mixin.py:190} INFO - [2025-02-20T13:53:18.797+0000] {dag.py:3239} INFO - Sync 1 DAGs
[2025-02-20T13:53:18.819+0000] {logging_mixin.py:190} INFO - [2025-02-20T13:53:18.818+0000] {dag.py:4180} INFO - Setting next_dagrun for example_bash_operator to 2025-02-19 00:00:00+00:00, run_after=2025-02-20 00:00:00+00:00
[2025-02-20T13:53:18.838+0000] {processor.py:208} INFO - Processing /home/airflow/.local/lib/python3.12/site-packages/airflow/example_dags/example_bash_operator.py took 0.083 seconds
[2025-02-20T13:53:49.031+0000] {processor.py:186} INFO - Started process (PID=6850) to work on /home/airflow/.local/lib/python3.12/site-packages/airflow/example_dags/example_bash_operator.py
[2025-02-20T13:53:49.031+0000] {processor.py:914} INFO - Processing file /home/airflow/.local/lib/python3.12/site-packages/airflow/example_dags/example_bash_operator.py for tasks to queue
[2025-02-20T13:53:49.033+0000] {logging_mixin.py:190} INFO - [2025-02-20T13:53:49.033+0000] {dagbag.py:588} INFO - Filling up the DagBag from /home/airflow/.local/lib/python3.12/site-packages/airflow/example_dags/example_bash_operator.py
[2025-02-20T13:53:49.043+0000] {processor.py:925} INFO - DAG(s) 'example_bash_operator' retrieved from /home/airflow/.local/lib/python3.12/site-packages/airflow/example_dags/example_bash_operator.py
[2025-02-20T13:53:49.067+0000] {logging_mixin.py:190} INFO - [2025-02-20T13:53:49.067+0000] {dag.py:3239} INFO - Sync 1 DAGs
[2025-02-20T13:53:49.088+0000] {logging_mixin.py:190} INFO - [2025-02-20T13:53:49.087+0000] {dag.py:4180} INFO - Setting next_dagrun for example_bash_operator to 2025-02-19 00:00:00+00:00, run_after=2025-02-20 00:00:00+00:00
[2025-02-20T13:53:49.106+0000] {processor.py:208} INFO - Processing /home/airflow/.local/lib/python3.12/site-packages/airflow/example_dags/example_bash_operator.py took 0.080 seconds
[2025-02-20T13:54:19.906+0000] {processor.py:186} INFO - Started process (PID=6926) to work on /home/airflow/.local/lib/python3.12/site-packages/airflow/example_dags/example_bash_operator.py
[2025-02-20T13:54:19.907+0000] {processor.py:914} INFO - Processing file /home/airflow/.local/lib/python3.12/site-packages/airflow/example_dags/example_bash_operator.py for tasks to queue
[2025-02-20T13:54:19.908+0000] {logging_mixin.py:190} INFO - [2025-02-20T13:54:19.908+0000] {dagbag.py:588} INFO - Filling up the DagBag from /home/airflow/.local/lib/python3.12/site-packages/airflow/example_dags/example_bash_operator.py
[2025-02-20T13:54:19.918+0000] {processor.py:925} INFO - DAG(s) 'example_bash_operator' retrieved from /home/airflow/.local/lib/python3.12/site-packages/airflow/example_dags/example_bash_operator.py
[2025-02-20T13:54:19.942+0000] {logging_mixin.py:190} INFO - [2025-02-20T13:54:19.942+0000] {dag.py:3239} INFO - Sync 1 DAGs
[2025-02-20T13:54:19.963+0000] {logging_mixin.py:190} INFO - [2025-02-20T13:54:19.963+0000] {dag.py:4180} INFO - Setting next_dagrun for example_bash_operator to 2025-02-19 00:00:00+00:00, run_after=2025-02-20 00:00:00+00:00
[2025-02-20T13:54:19.980+0000] {processor.py:208} INFO - Processing /home/airflow/.local/lib/python3.12/site-packages/airflow/example_dags/example_bash_operator.py took 0.078 seconds
[2025-02-20T13:54:50.337+0000] {processor.py:186} INFO - Started process (PID=7002) to work on /home/airflow/.local/lib/python3.12/site-packages/airflow/example_dags/example_bash_operator.py
[2025-02-20T13:54:50.338+0000] {processor.py:914} INFO - Processing file /home/airflow/.local/lib/python3.12/site-packages/airflow/example_dags/example_bash_operator.py for tasks to queue
[2025-02-20T13:54:50.339+0000] {logging_mixin.py:190} INFO - [2025-02-20T13:54:50.339+0000] {dagbag.py:588} INFO - Filling up the DagBag from /home/airflow/.local/lib/python3.12/site-packages/airflow/example_dags/example_bash_operator.py
[2025-02-20T13:54:50.352+0000] {processor.py:925} INFO - DAG(s) 'example_bash_operator' retrieved from /home/airflow/.local/lib/python3.12/site-packages/airflow/example_dags/example_bash_operator.py
[2025-02-20T13:54:50.376+0000] {logging_mixin.py:190} INFO - [2025-02-20T13:54:50.376+0000] {dag.py:3239} INFO - Sync 1 DAGs
[2025-02-20T13:54:50.395+0000] {logging_mixin.py:190} INFO - [2025-02-20T13:54:50.395+0000] {dag.py:4180} INFO - Setting next_dagrun for example_bash_operator to 2025-02-19 00:00:00+00:00, run_after=2025-02-20 00:00:00+00:00
[2025-02-20T13:54:50.414+0000] {processor.py:208} INFO - Processing /home/airflow/.local/lib/python3.12/site-packages/airflow/example_dags/example_bash_operator.py took 0.081 seconds
[2025-02-20T13:55:20.983+0000] {processor.py:186} INFO - Started process (PID=7078) to work on /home/airflow/.local/lib/python3.12/site-packages/airflow/example_dags/example_bash_operator.py
[2025-02-20T13:55:20.984+0000] {processor.py:914} INFO - Processing file /home/airflow/.local/lib/python3.12/site-packages/airflow/example_dags/example_bash_operator.py for tasks to queue
[2025-02-20T13:55:20.985+0000] {logging_mixin.py:190} INFO - [2025-02-20T13:55:20.985+0000] {dagbag.py:588} INFO - Filling up the DagBag from /home/airflow/.local/lib/python3.12/site-packages/airflow/example_dags/example_bash_operator.py
[2025-02-20T13:55:21.010+0000] {processor.py:925} INFO - DAG(s) 'example_bash_operator' retrieved from /home/airflow/.local/lib/python3.12/site-packages/airflow/example_dags/example_bash_operator.py
[2025-02-20T13:55:21.034+0000] {logging_mixin.py:190} INFO - [2025-02-20T13:55:21.034+0000] {dag.py:3239} INFO - Sync 1 DAGs
[2025-02-20T13:55:21.054+0000] {logging_mixin.py:190} INFO - [2025-02-20T13:55:21.054+0000] {dag.py:4180} INFO - Setting next_dagrun for example_bash_operator to 2025-02-19 00:00:00+00:00, run_after=2025-02-20 00:00:00+00:00
[2025-02-20T13:55:21.069+0000] {processor.py:208} INFO - Processing /home/airflow/.local/lib/python3.12/site-packages/airflow/example_dags/example_bash_operator.py took 0.092 seconds
[2025-02-20T13:55:51.340+0000] {processor.py:186} INFO - Started process (PID=7154) to work on /home/airflow/.local/lib/python3.12/site-packages/airflow/example_dags/example_bash_operator.py
[2025-02-20T13:55:51.341+0000] {processor.py:914} INFO - Processing file /home/airflow/.local/lib/python3.12/site-packages/airflow/example_dags/example_bash_operator.py for tasks to queue
[2025-02-20T13:55:51.342+0000] {logging_mixin.py:190} INFO - [2025-02-20T13:55:51.342+0000] {dagbag.py:588} INFO - Filling up the DagBag from /home/airflow/.local/lib/python3.12/site-packages/airflow/example_dags/example_bash_operator.py
[2025-02-20T13:55:51.352+0000] {processor.py:925} INFO - DAG(s) 'example_bash_operator' retrieved from /home/airflow/.local/lib/python3.12/site-packages/airflow/example_dags/example_bash_operator.py
[2025-02-20T13:55:51.377+0000] {logging_mixin.py:190} INFO - [2025-02-20T13:55:51.376+0000] {dag.py:3239} INFO - Sync 1 DAGs
[2025-02-20T13:55:51.396+0000] {logging_mixin.py:190} INFO - [2025-02-20T13:55:51.396+0000] {dag.py:4180} INFO - Setting next_dagrun for example_bash_operator to 2025-02-19 00:00:00+00:00, run_after=2025-02-20 00:00:00+00:00
[2025-02-20T13:55:51.412+0000] {processor.py:208} INFO - Processing /home/airflow/.local/lib/python3.12/site-packages/airflow/example_dags/example_bash_operator.py took 0.076 seconds
[2025-02-20T13:56:22.327+0000] {processor.py:186} INFO - Started process (PID=7230) to work on /home/airflow/.local/lib/python3.12/site-packages/airflow/example_dags/example_bash_operator.py
[2025-02-20T13:56:22.329+0000] {processor.py:914} INFO - Processing file /home/airflow/.local/lib/python3.12/site-packages/airflow/example_dags/example_bash_operator.py for tasks to queue
[2025-02-20T13:56:22.330+0000] {logging_mixin.py:190} INFO - [2025-02-20T13:56:22.330+0000] {dagbag.py:588} INFO - Filling up the DagBag from /home/airflow/.local/lib/python3.12/site-packages/airflow/example_dags/example_bash_operator.py
[2025-02-20T13:56:22.343+0000] {processor.py:925} INFO - DAG(s) 'example_bash_operator' retrieved from /home/airflow/.local/lib/python3.12/site-packages/airflow/example_dags/example_bash_operator.py
[2025-02-20T13:56:22.373+0000] {logging_mixin.py:190} INFO - [2025-02-20T13:56:22.373+0000] {dag.py:3239} INFO - Sync 1 DAGs
[2025-02-20T13:56:22.399+0000] {logging_mixin.py:190} INFO - [2025-02-20T13:56:22.399+0000] {dag.py:4180} INFO - Setting next_dagrun for example_bash_operator to 2025-02-19 00:00:00+00:00, run_after=2025-02-20 00:00:00+00:00
[2025-02-20T13:56:22.419+0000] {processor.py:208} INFO - Processing /home/airflow/.local/lib/python3.12/site-packages/airflow/example_dags/example_bash_operator.py took 0.096 seconds
[2025-02-20T13:56:52.952+0000] {processor.py:186} INFO - Started process (PID=7306) to work on /home/airflow/.local/lib/python3.12/site-packages/airflow/example_dags/example_bash_operator.py
[2025-02-20T13:56:52.954+0000] {processor.py:914} INFO - Processing file /home/airflow/.local/lib/python3.12/site-packages/airflow/example_dags/example_bash_operator.py for tasks to queue
[2025-02-20T13:56:52.955+0000] {logging_mixin.py:190} INFO - [2025-02-20T13:56:52.955+0000] {dagbag.py:588} INFO - Filling up the DagBag from /home/airflow/.local/lib/python3.12/site-packages/airflow/example_dags/example_bash_operator.py
[2025-02-20T13:56:52.967+0000] {processor.py:925} INFO - DAG(s) 'example_bash_operator' retrieved from /home/airflow/.local/lib/python3.12/site-packages/airflow/example_dags/example_bash_operator.py
[2025-02-20T13:56:52.989+0000] {logging_mixin.py:190} INFO - [2025-02-20T13:56:52.989+0000] {dag.py:3239} INFO - Sync 1 DAGs
[2025-02-20T13:56:53.010+0000] {logging_mixin.py:190} INFO - [2025-02-20T13:56:53.010+0000] {dag.py:4180} INFO - Setting next_dagrun for example_bash_operator to 2025-02-19 00:00:00+00:00, run_after=2025-02-20 00:00:00+00:00
[2025-02-20T13:56:53.027+0000] {processor.py:208} INFO - Processing /home/airflow/.local/lib/python3.12/site-packages/airflow/example_dags/example_bash_operator.py took 0.079 seconds
[2025-02-20T13:57:23.525+0000] {processor.py:186} INFO - Started process (PID=7382) to work on /home/airflow/.local/lib/python3.12/site-packages/airflow/example_dags/example_bash_operator.py
[2025-02-20T13:57:23.527+0000] {processor.py:914} INFO - Processing file /home/airflow/.local/lib/python3.12/site-packages/airflow/example_dags/example_bash_operator.py for tasks to queue
[2025-02-20T13:57:23.528+0000] {logging_mixin.py:190} INFO - [2025-02-20T13:57:23.528+0000] {dagbag.py:588} INFO - Filling up the DagBag from /home/airflow/.local/lib/python3.12/site-packages/airflow/example_dags/example_bash_operator.py
[2025-02-20T13:57:23.539+0000] {processor.py:925} INFO - DAG(s) 'example_bash_operator' retrieved from /home/airflow/.local/lib/python3.12/site-packages/airflow/example_dags/example_bash_operator.py
[2025-02-20T13:57:23.564+0000] {logging_mixin.py:190} INFO - [2025-02-20T13:57:23.563+0000] {dag.py:3239} INFO - Sync 1 DAGs
[2025-02-20T13:57:23.585+0000] {logging_mixin.py:190} INFO - [2025-02-20T13:57:23.585+0000] {dag.py:4180} INFO - Setting next_dagrun for example_bash_operator to 2025-02-19 00:00:00+00:00, run_after=2025-02-20 00:00:00+00:00
[2025-02-20T13:57:23.607+0000] {processor.py:208} INFO - Processing /home/airflow/.local/lib/python3.12/site-packages/airflow/example_dags/example_bash_operator.py took 0.086 seconds
[2025-02-20T13:57:53.875+0000] {processor.py:186} INFO - Started process (PID=7459) to work on /home/airflow/.local/lib/python3.12/site-packages/airflow/example_dags/example_bash_operator.py
[2025-02-20T13:57:53.877+0000] {processor.py:914} INFO - Processing file /home/airflow/.local/lib/python3.12/site-packages/airflow/example_dags/example_bash_operator.py for tasks to queue
[2025-02-20T13:57:53.878+0000] {logging_mixin.py:190} INFO - [2025-02-20T13:57:53.878+0000] {dagbag.py:588} INFO - Filling up the DagBag from /home/airflow/.local/lib/python3.12/site-packages/airflow/example_dags/example_bash_operator.py
[2025-02-20T13:57:53.890+0000] {processor.py:925} INFO - DAG(s) 'example_bash_operator' retrieved from /home/airflow/.local/lib/python3.12/site-packages/airflow/example_dags/example_bash_operator.py
[2025-02-20T13:57:53.915+0000] {logging_mixin.py:190} INFO - [2025-02-20T13:57:53.914+0000] {dag.py:3239} INFO - Sync 1 DAGs
[2025-02-20T13:57:53.934+0000] {logging_mixin.py:190} INFO - [2025-02-20T13:57:53.934+0000] {dag.py:4180} INFO - Setting next_dagrun for example_bash_operator to 2025-02-19 00:00:00+00:00, run_after=2025-02-20 00:00:00+00:00
[2025-02-20T13:57:53.956+0000] {processor.py:208} INFO - Processing /home/airflow/.local/lib/python3.12/site-packages/airflow/example_dags/example_bash_operator.py took 0.085 seconds
[2025-02-20T13:58:24.303+0000] {processor.py:186} INFO - Started process (PID=7535) to work on /home/airflow/.local/lib/python3.12/site-packages/airflow/example_dags/example_bash_operator.py
[2025-02-20T13:58:24.304+0000] {processor.py:914} INFO - Processing file /home/airflow/.local/lib/python3.12/site-packages/airflow/example_dags/example_bash_operator.py for tasks to queue
[2025-02-20T13:58:24.306+0000] {logging_mixin.py:190} INFO - [2025-02-20T13:58:24.306+0000] {dagbag.py:588} INFO - Filling up the DagBag from /home/airflow/.local/lib/python3.12/site-packages/airflow/example_dags/example_bash_operator.py
[2025-02-20T13:58:24.317+0000] {processor.py:925} INFO - DAG(s) 'example_bash_operator' retrieved from /home/airflow/.local/lib/python3.12/site-packages/airflow/example_dags/example_bash_operator.py
[2025-02-20T13:58:24.341+0000] {logging_mixin.py:190} INFO - [2025-02-20T13:58:24.341+0000] {dag.py:3239} INFO - Sync 1 DAGs
[2025-02-20T13:58:24.359+0000] {logging_mixin.py:190} INFO - [2025-02-20T13:58:24.359+0000] {dag.py:4180} INFO - Setting next_dagrun for example_bash_operator to 2025-02-19 00:00:00+00:00, run_after=2025-02-20 00:00:00+00:00
[2025-02-20T13:58:24.378+0000] {processor.py:208} INFO - Processing /home/airflow/.local/lib/python3.12/site-packages/airflow/example_dags/example_bash_operator.py took 0.080 seconds
[2025-02-20T13:58:55.005+0000] {processor.py:186} INFO - Started process (PID=7611) to work on /home/airflow/.local/lib/python3.12/site-packages/airflow/example_dags/example_bash_operator.py
[2025-02-20T13:58:55.007+0000] {processor.py:914} INFO - Processing file /home/airflow/.local/lib/python3.12/site-packages/airflow/example_dags/example_bash_operator.py for tasks to queue
[2025-02-20T13:58:55.008+0000] {logging_mixin.py:190} INFO - [2025-02-20T13:58:55.008+0000] {dagbag.py:588} INFO - Filling up the DagBag from /home/airflow/.local/lib/python3.12/site-packages/airflow/example_dags/example_bash_operator.py
[2025-02-20T13:58:55.018+0000] {processor.py:925} INFO - DAG(s) 'example_bash_operator' retrieved from /home/airflow/.local/lib/python3.12/site-packages/airflow/example_dags/example_bash_operator.py
[2025-02-20T13:58:55.041+0000] {logging_mixin.py:190} INFO - [2025-02-20T13:58:55.041+0000] {dag.py:3239} INFO - Sync 1 DAGs
[2025-02-20T13:58:55.110+0000] {logging_mixin.py:190} INFO - [2025-02-20T13:58:55.110+0000] {dag.py:4180} INFO - Setting next_dagrun for example_bash_operator to 2025-02-19 00:00:00+00:00, run_after=2025-02-20 00:00:00+00:00
[2025-02-20T13:58:55.126+0000] {processor.py:208} INFO - Processing /home/airflow/.local/lib/python3.12/site-packages/airflow/example_dags/example_bash_operator.py took 0.126 seconds
[2025-02-20T13:59:25.180+0000] {processor.py:186} INFO - Started process (PID=7677) to work on /home/airflow/.local/lib/python3.12/site-packages/airflow/example_dags/example_bash_operator.py
[2025-02-20T13:59:25.181+0000] {processor.py:914} INFO - Processing file /home/airflow/.local/lib/python3.12/site-packages/airflow/example_dags/example_bash_operator.py for tasks to queue
[2025-02-20T13:59:25.182+0000] {logging_mixin.py:190} INFO - [2025-02-20T13:59:25.182+0000] {dagbag.py:588} INFO - Filling up the DagBag from /home/airflow/.local/lib/python3.12/site-packages/airflow/example_dags/example_bash_operator.py
[2025-02-20T13:59:25.192+0000] {processor.py:925} INFO - DAG(s) 'example_bash_operator' retrieved from /home/airflow/.local/lib/python3.12/site-packages/airflow/example_dags/example_bash_operator.py
[2025-02-20T13:59:25.217+0000] {logging_mixin.py:190} INFO - [2025-02-20T13:59:25.217+0000] {dag.py:3239} INFO - Sync 1 DAGs
[2025-02-20T13:59:25.237+0000] {logging_mixin.py:190} INFO - [2025-02-20T13:59:25.237+0000] {dag.py:4180} INFO - Setting next_dagrun for example_bash_operator to 2025-02-19 00:00:00+00:00, run_after=2025-02-20 00:00:00+00:00
[2025-02-20T13:59:25.254+0000] {processor.py:208} INFO - Processing /home/airflow/.local/lib/python3.12/site-packages/airflow/example_dags/example_bash_operator.py took 0.078 seconds
[2025-02-20T13:59:55.567+0000] {processor.py:186} INFO - Started process (PID=7752) to work on /home/airflow/.local/lib/python3.12/site-packages/airflow/example_dags/example_bash_operator.py
[2025-02-20T13:59:55.568+0000] {processor.py:914} INFO - Processing file /home/airflow/.local/lib/python3.12/site-packages/airflow/example_dags/example_bash_operator.py for tasks to queue
[2025-02-20T13:59:55.570+0000] {logging_mixin.py:190} INFO - [2025-02-20T13:59:55.570+0000] {dagbag.py:588} INFO - Filling up the DagBag from /home/airflow/.local/lib/python3.12/site-packages/airflow/example_dags/example_bash_operator.py
[2025-02-20T13:59:55.581+0000] {processor.py:925} INFO - DAG(s) 'example_bash_operator' retrieved from /home/airflow/.local/lib/python3.12/site-packages/airflow/example_dags/example_bash_operator.py
[2025-02-20T13:59:55.604+0000] {logging_mixin.py:190} INFO - [2025-02-20T13:59:55.604+0000] {dag.py:3239} INFO - Sync 1 DAGs
[2025-02-20T13:59:55.622+0000] {logging_mixin.py:190} INFO - [2025-02-20T13:59:55.622+0000] {dag.py:4180} INFO - Setting next_dagrun for example_bash_operator to 2025-02-19 00:00:00+00:00, run_after=2025-02-20 00:00:00+00:00
[2025-02-20T13:59:55.639+0000] {processor.py:208} INFO - Processing /home/airflow/.local/lib/python3.12/site-packages/airflow/example_dags/example_bash_operator.py took 0.076 seconds
[2025-02-20T14:00:25.704+0000] {processor.py:186} INFO - Started process (PID=7828) to work on /home/airflow/.local/lib/python3.12/site-packages/airflow/example_dags/example_bash_operator.py
[2025-02-20T14:00:25.705+0000] {processor.py:914} INFO - Processing file /home/airflow/.local/lib/python3.12/site-packages/airflow/example_dags/example_bash_operator.py for tasks to queue
[2025-02-20T14:00:25.707+0000] {logging_mixin.py:190} INFO - [2025-02-20T14:00:25.707+0000] {dagbag.py:588} INFO - Filling up the DagBag from /home/airflow/.local/lib/python3.12/site-packages/airflow/example_dags/example_bash_operator.py
[2025-02-20T14:00:25.718+0000] {processor.py:925} INFO - DAG(s) 'example_bash_operator' retrieved from /home/airflow/.local/lib/python3.12/site-packages/airflow/example_dags/example_bash_operator.py
[2025-02-20T14:00:25.741+0000] {logging_mixin.py:190} INFO - [2025-02-20T14:00:25.740+0000] {dag.py:3239} INFO - Sync 1 DAGs
[2025-02-20T14:00:25.761+0000] {logging_mixin.py:190} INFO - [2025-02-20T14:00:25.761+0000] {dag.py:4180} INFO - Setting next_dagrun for example_bash_operator to 2025-02-19 00:00:00+00:00, run_after=2025-02-20 00:00:00+00:00
[2025-02-20T14:00:25.778+0000] {processor.py:208} INFO - Processing /home/airflow/.local/lib/python3.12/site-packages/airflow/example_dags/example_bash_operator.py took 0.078 seconds
[2025-02-20T14:00:56.462+0000] {processor.py:186} INFO - Started process (PID=7904) to work on /home/airflow/.local/lib/python3.12/site-packages/airflow/example_dags/example_bash_operator.py
[2025-02-20T14:00:56.463+0000] {processor.py:914} INFO - Processing file /home/airflow/.local/lib/python3.12/site-packages/airflow/example_dags/example_bash_operator.py for tasks to queue
[2025-02-20T14:00:56.466+0000] {logging_mixin.py:190} INFO - [2025-02-20T14:00:56.465+0000] {dagbag.py:588} INFO - Filling up the DagBag from /home/airflow/.local/lib/python3.12/site-packages/airflow/example_dags/example_bash_operator.py
[2025-02-20T14:00:56.479+0000] {processor.py:925} INFO - DAG(s) 'example_bash_operator' retrieved from /home/airflow/.local/lib/python3.12/site-packages/airflow/example_dags/example_bash_operator.py
[2025-02-20T14:00:56.502+0000] {logging_mixin.py:190} INFO - [2025-02-20T14:00:56.502+0000] {dag.py:3239} INFO - Sync 1 DAGs
[2025-02-20T14:00:56.522+0000] {logging_mixin.py:190} INFO - [2025-02-20T14:00:56.522+0000] {dag.py:4180} INFO - Setting next_dagrun for example_bash_operator to 2025-02-19 00:00:00+00:00, run_after=2025-02-20 00:00:00+00:00
[2025-02-20T14:00:56.539+0000] {processor.py:208} INFO - Processing /home/airflow/.local/lib/python3.12/site-packages/airflow/example_dags/example_bash_operator.py took 0.082 seconds
[2025-02-20T14:01:26.663+0000] {processor.py:186} INFO - Started process (PID=7980) to work on /home/airflow/.local/lib/python3.12/site-packages/airflow/example_dags/example_bash_operator.py
[2025-02-20T14:01:26.664+0000] {processor.py:914} INFO - Processing file /home/airflow/.local/lib/python3.12/site-packages/airflow/example_dags/example_bash_operator.py for tasks to queue
[2025-02-20T14:01:26.665+0000] {logging_mixin.py:190} INFO - [2025-02-20T14:01:26.665+0000] {dagbag.py:588} INFO - Filling up the DagBag from /home/airflow/.local/lib/python3.12/site-packages/airflow/example_dags/example_bash_operator.py
[2025-02-20T14:01:26.676+0000] {processor.py:925} INFO - DAG(s) 'example_bash_operator' retrieved from /home/airflow/.local/lib/python3.12/site-packages/airflow/example_dags/example_bash_operator.py
[2025-02-20T14:01:26.701+0000] {logging_mixin.py:190} INFO - [2025-02-20T14:01:26.700+0000] {dag.py:3239} INFO - Sync 1 DAGs
[2025-02-20T14:01:26.724+0000] {logging_mixin.py:190} INFO - [2025-02-20T14:01:26.723+0000] {dag.py:4180} INFO - Setting next_dagrun for example_bash_operator to 2025-02-19 00:00:00+00:00, run_after=2025-02-20 00:00:00+00:00
[2025-02-20T14:01:26.805+0000] {processor.py:208} INFO - Processing /home/airflow/.local/lib/python3.12/site-packages/airflow/example_dags/example_bash_operator.py took 0.146 seconds
[2025-02-20T14:01:57.662+0000] {processor.py:186} INFO - Started process (PID=8056) to work on /home/airflow/.local/lib/python3.12/site-packages/airflow/example_dags/example_bash_operator.py
[2025-02-20T14:01:57.663+0000] {processor.py:914} INFO - Processing file /home/airflow/.local/lib/python3.12/site-packages/airflow/example_dags/example_bash_operator.py for tasks to queue
[2025-02-20T14:01:57.665+0000] {logging_mixin.py:190} INFO - [2025-02-20T14:01:57.665+0000] {dagbag.py:588} INFO - Filling up the DagBag from /home/airflow/.local/lib/python3.12/site-packages/airflow/example_dags/example_bash_operator.py
[2025-02-20T14:01:57.676+0000] {processor.py:925} INFO - DAG(s) 'example_bash_operator' retrieved from /home/airflow/.local/lib/python3.12/site-packages/airflow/example_dags/example_bash_operator.py
[2025-02-20T14:01:57.703+0000] {logging_mixin.py:190} INFO - [2025-02-20T14:01:57.703+0000] {dag.py:3239} INFO - Sync 1 DAGs
[2025-02-20T14:01:57.723+0000] {logging_mixin.py:190} INFO - [2025-02-20T14:01:57.723+0000] {dag.py:4180} INFO - Setting next_dagrun for example_bash_operator to 2025-02-19 00:00:00+00:00, run_after=2025-02-20 00:00:00+00:00
[2025-02-20T14:01:57.742+0000] {processor.py:208} INFO - Processing /home/airflow/.local/lib/python3.12/site-packages/airflow/example_dags/example_bash_operator.py took 0.085 seconds
[2025-02-20T14:02:28.733+0000] {processor.py:186} INFO - Started process (PID=8138) to work on /home/airflow/.local/lib/python3.12/site-packages/airflow/example_dags/example_bash_operator.py
[2025-02-20T14:02:28.735+0000] {processor.py:914} INFO - Processing file /home/airflow/.local/lib/python3.12/site-packages/airflow/example_dags/example_bash_operator.py for tasks to queue
[2025-02-20T14:02:28.736+0000] {logging_mixin.py:190} INFO - [2025-02-20T14:02:28.736+0000] {dagbag.py:588} INFO - Filling up the DagBag from /home/airflow/.local/lib/python3.12/site-packages/airflow/example_dags/example_bash_operator.py
[2025-02-20T14:02:28.752+0000] {processor.py:925} INFO - DAG(s) 'example_bash_operator' retrieved from /home/airflow/.local/lib/python3.12/site-packages/airflow/example_dags/example_bash_operator.py
[2025-02-20T14:02:28.773+0000] {logging_mixin.py:190} INFO - [2025-02-20T14:02:28.773+0000] {dag.py:3239} INFO - Sync 1 DAGs
[2025-02-20T14:02:28.796+0000] {logging_mixin.py:190} INFO - [2025-02-20T14:02:28.796+0000] {dag.py:4180} INFO - Setting next_dagrun for example_bash_operator to 2025-02-19 00:00:00+00:00, run_after=2025-02-20 00:00:00+00:00
[2025-02-20T14:02:28.816+0000] {processor.py:208} INFO - Processing /home/airflow/.local/lib/python3.12/site-packages/airflow/example_dags/example_bash_operator.py took 0.087 seconds
[2025-02-20T14:02:59.762+0000] {processor.py:186} INFO - Started process (PID=8214) to work on /home/airflow/.local/lib/python3.12/site-packages/airflow/example_dags/example_bash_operator.py
[2025-02-20T14:02:59.763+0000] {processor.py:914} INFO - Processing file /home/airflow/.local/lib/python3.12/site-packages/airflow/example_dags/example_bash_operator.py for tasks to queue
[2025-02-20T14:02:59.765+0000] {logging_mixin.py:190} INFO - [2025-02-20T14:02:59.765+0000] {dagbag.py:588} INFO - Filling up the DagBag from /home/airflow/.local/lib/python3.12/site-packages/airflow/example_dags/example_bash_operator.py
[2025-02-20T14:02:59.792+0000] {processor.py:925} INFO - DAG(s) 'example_bash_operator' retrieved from /home/airflow/.local/lib/python3.12/site-packages/airflow/example_dags/example_bash_operator.py
[2025-02-20T14:02:59.842+0000] {logging_mixin.py:190} INFO - [2025-02-20T14:02:59.841+0000] {dag.py:3239} INFO - Sync 1 DAGs
[2025-02-20T14:02:59.884+0000] {logging_mixin.py:190} INFO - [2025-02-20T14:02:59.884+0000] {dag.py:4180} INFO - Setting next_dagrun for example_bash_operator to 2025-02-19 00:00:00+00:00, run_after=2025-02-20 00:00:00+00:00
[2025-02-20T14:02:59.903+0000] {processor.py:208} INFO - Processing /home/airflow/.local/lib/python3.12/site-packages/airflow/example_dags/example_bash_operator.py took 0.146 seconds
[2025-02-20T14:03:30.375+0000] {processor.py:186} INFO - Started process (PID=8291) to work on /home/airflow/.local/lib/python3.12/site-packages/airflow/example_dags/example_bash_operator.py
[2025-02-20T14:03:30.377+0000] {processor.py:914} INFO - Processing file /home/airflow/.local/lib/python3.12/site-packages/airflow/example_dags/example_bash_operator.py for tasks to queue
[2025-02-20T14:03:30.378+0000] {logging_mixin.py:190} INFO - [2025-02-20T14:03:30.378+0000] {dagbag.py:588} INFO - Filling up the DagBag from /home/airflow/.local/lib/python3.12/site-packages/airflow/example_dags/example_bash_operator.py
[2025-02-20T14:03:30.389+0000] {processor.py:925} INFO - DAG(s) 'example_bash_operator' retrieved from /home/airflow/.local/lib/python3.12/site-packages/airflow/example_dags/example_bash_operator.py
[2025-02-20T14:03:30.411+0000] {logging_mixin.py:190} INFO - [2025-02-20T14:03:30.411+0000] {dag.py:3239} INFO - Sync 1 DAGs
[2025-02-20T14:03:30.430+0000] {logging_mixin.py:190} INFO - [2025-02-20T14:03:30.430+0000] {dag.py:4180} INFO - Setting next_dagrun for example_bash_operator to 2025-02-19 00:00:00+00:00, run_after=2025-02-20 00:00:00+00:00
[2025-02-20T14:03:30.446+0000] {processor.py:208} INFO - Processing /home/airflow/.local/lib/python3.12/site-packages/airflow/example_dags/example_bash_operator.py took 0.076 seconds
[2025-02-20T14:44:21.697+0000] {processor.py:186} INFO - Started process (PID=8376) to work on /home/airflow/.local/lib/python3.12/site-packages/airflow/example_dags/example_bash_operator.py
[2025-02-20T14:44:21.699+0000] {processor.py:914} INFO - Processing file /home/airflow/.local/lib/python3.12/site-packages/airflow/example_dags/example_bash_operator.py for tasks to queue
[2025-02-20T14:44:21.701+0000] {logging_mixin.py:190} INFO - [2025-02-20T14:44:21.700+0000] {dagbag.py:588} INFO - Filling up the DagBag from /home/airflow/.local/lib/python3.12/site-packages/airflow/example_dags/example_bash_operator.py
[2025-02-20T14:44:21.714+0000] {processor.py:925} INFO - DAG(s) 'example_bash_operator' retrieved from /home/airflow/.local/lib/python3.12/site-packages/airflow/example_dags/example_bash_operator.py
[2025-02-20T14:44:21.740+0000] {logging_mixin.py:190} INFO - [2025-02-20T14:44:21.739+0000] {dag.py:3239} INFO - Sync 1 DAGs
[2025-02-20T14:44:21.764+0000] {logging_mixin.py:190} INFO - [2025-02-20T14:44:21.764+0000] {dag.py:4180} INFO - Setting next_dagrun for example_bash_operator to 2025-02-19 00:00:00+00:00, run_after=2025-02-20 00:00:00+00:00
[2025-02-20T14:44:21.787+0000] {processor.py:208} INFO - Processing /home/airflow/.local/lib/python3.12/site-packages/airflow/example_dags/example_bash_operator.py took 0.094 seconds
[2025-02-20T14:44:52.643+0000] {processor.py:186} INFO - Started process (PID=8452) to work on /home/airflow/.local/lib/python3.12/site-packages/airflow/example_dags/example_bash_operator.py
[2025-02-20T14:44:52.644+0000] {processor.py:914} INFO - Processing file /home/airflow/.local/lib/python3.12/site-packages/airflow/example_dags/example_bash_operator.py for tasks to queue
[2025-02-20T14:44:52.646+0000] {logging_mixin.py:190} INFO - [2025-02-20T14:44:52.645+0000] {dagbag.py:588} INFO - Filling up the DagBag from /home/airflow/.local/lib/python3.12/site-packages/airflow/example_dags/example_bash_operator.py
[2025-02-20T14:44:52.656+0000] {processor.py:925} INFO - DAG(s) 'example_bash_operator' retrieved from /home/airflow/.local/lib/python3.12/site-packages/airflow/example_dags/example_bash_operator.py
[2025-02-20T14:44:52.677+0000] {logging_mixin.py:190} INFO - [2025-02-20T14:44:52.677+0000] {dag.py:3239} INFO - Sync 1 DAGs
[2025-02-20T14:44:52.773+0000] {logging_mixin.py:190} INFO - [2025-02-20T14:44:52.773+0000] {dag.py:4180} INFO - Setting next_dagrun for example_bash_operator to 2025-02-19 00:00:00+00:00, run_after=2025-02-20 00:00:00+00:00
[2025-02-20T14:44:52.789+0000] {processor.py:208} INFO - Processing /home/airflow/.local/lib/python3.12/site-packages/airflow/example_dags/example_bash_operator.py took 0.150 seconds
[2025-02-20T14:45:23.116+0000] {processor.py:186} INFO - Started process (PID=8528) to work on /home/airflow/.local/lib/python3.12/site-packages/airflow/example_dags/example_bash_operator.py
[2025-02-20T14:45:23.117+0000] {processor.py:914} INFO - Processing file /home/airflow/.local/lib/python3.12/site-packages/airflow/example_dags/example_bash_operator.py for tasks to queue
[2025-02-20T14:45:23.118+0000] {logging_mixin.py:190} INFO - [2025-02-20T14:45:23.118+0000] {dagbag.py:588} INFO - Filling up the DagBag from /home/airflow/.local/lib/python3.12/site-packages/airflow/example_dags/example_bash_operator.py
[2025-02-20T14:45:23.128+0000] {processor.py:925} INFO - DAG(s) 'example_bash_operator' retrieved from /home/airflow/.local/lib/python3.12/site-packages/airflow/example_dags/example_bash_operator.py
[2025-02-20T14:45:23.147+0000] {logging_mixin.py:190} INFO - [2025-02-20T14:45:23.147+0000] {dag.py:3239} INFO - Sync 1 DAGs
[2025-02-20T14:45:23.166+0000] {logging_mixin.py:190} INFO - [2025-02-20T14:45:23.165+0000] {dag.py:4180} INFO - Setting next_dagrun for example_bash_operator to 2025-02-19 00:00:00+00:00, run_after=2025-02-20 00:00:00+00:00
[2025-02-20T14:45:23.180+0000] {processor.py:208} INFO - Processing /home/airflow/.local/lib/python3.12/site-packages/airflow/example_dags/example_bash_operator.py took 0.068 seconds
