[2025-02-20T13:41:21.333+0000] {processor.py:186} INFO - Started process (PID=5012) to work on /home/airflow/.local/lib/python3.12/site-packages/airflow/example_dags/example_setup_teardown_taskflow.py
[2025-02-20T13:41:21.335+0000] {processor.py:914} INFO - Processing file /home/airflow/.local/lib/python3.12/site-packages/airflow/example_dags/example_setup_teardown_taskflow.py for tasks to queue
[2025-02-20T13:41:21.340+0000] {logging_mixin.py:190} INFO - [2025-02-20T13:41:21.338+0000] {dagbag.py:588} INFO - Filling up the DagBag from /home/airflow/.local/lib/python3.12/site-packages/airflow/example_dags/example_setup_teardown_taskflow.py
[2025-02-20T13:41:21.358+0000] {processor.py:925} INFO - DAG(s) 'example_setup_teardown_taskflow' retrieved from /home/airflow/.local/lib/python3.12/site-packages/airflow/example_dags/example_setup_teardown_taskflow.py
[2025-02-20T13:41:21.395+0000] {logging_mixin.py:190} INFO - [2025-02-20T13:41:21.394+0000] {dag.py:3239} INFO - Sync 1 DAGs
[2025-02-20T13:41:21.419+0000] {logging_mixin.py:190} INFO - [2025-02-20T13:41:21.419+0000] {dag.py:4180} INFO - Setting next_dagrun for example_setup_teardown_taskflow to None, run_after=None
[2025-02-20T13:41:21.454+0000] {processor.py:208} INFO - Processing /home/airflow/.local/lib/python3.12/site-packages/airflow/example_dags/example_setup_teardown_taskflow.py took 0.131 seconds
[2025-02-20T13:41:52.620+0000] {processor.py:186} INFO - Started process (PID=5088) to work on /home/airflow/.local/lib/python3.12/site-packages/airflow/example_dags/example_setup_teardown_taskflow.py
[2025-02-20T13:41:52.621+0000] {processor.py:914} INFO - Processing file /home/airflow/.local/lib/python3.12/site-packages/airflow/example_dags/example_setup_teardown_taskflow.py for tasks to queue
[2025-02-20T13:41:52.623+0000] {logging_mixin.py:190} INFO - [2025-02-20T13:41:52.623+0000] {dagbag.py:588} INFO - Filling up the DagBag from /home/airflow/.local/lib/python3.12/site-packages/airflow/example_dags/example_setup_teardown_taskflow.py
[2025-02-20T13:41:52.633+0000] {processor.py:925} INFO - DAG(s) 'example_setup_teardown_taskflow' retrieved from /home/airflow/.local/lib/python3.12/site-packages/airflow/example_dags/example_setup_teardown_taskflow.py
[2025-02-20T13:41:52.658+0000] {logging_mixin.py:190} INFO - [2025-02-20T13:41:52.658+0000] {dag.py:3239} INFO - Sync 1 DAGs
[2025-02-20T13:41:52.672+0000] {logging_mixin.py:190} INFO - [2025-02-20T13:41:52.672+0000] {dag.py:4180} INFO - Setting next_dagrun for example_setup_teardown_taskflow to None, run_after=None
[2025-02-20T13:41:52.698+0000] {processor.py:208} INFO - Processing /home/airflow/.local/lib/python3.12/site-packages/airflow/example_dags/example_setup_teardown_taskflow.py took 0.082 seconds
[2025-02-20T13:42:23.042+0000] {processor.py:186} INFO - Started process (PID=5164) to work on /home/airflow/.local/lib/python3.12/site-packages/airflow/example_dags/example_setup_teardown_taskflow.py
[2025-02-20T13:42:23.044+0000] {processor.py:914} INFO - Processing file /home/airflow/.local/lib/python3.12/site-packages/airflow/example_dags/example_setup_teardown_taskflow.py for tasks to queue
[2025-02-20T13:42:23.047+0000] {logging_mixin.py:190} INFO - [2025-02-20T13:42:23.046+0000] {dagbag.py:588} INFO - Filling up the DagBag from /home/airflow/.local/lib/python3.12/site-packages/airflow/example_dags/example_setup_teardown_taskflow.py
[2025-02-20T13:42:23.064+0000] {processor.py:925} INFO - DAG(s) 'example_setup_teardown_taskflow' retrieved from /home/airflow/.local/lib/python3.12/site-packages/airflow/example_dags/example_setup_teardown_taskflow.py
[2025-02-20T13:42:23.099+0000] {logging_mixin.py:190} INFO - [2025-02-20T13:42:23.098+0000] {dag.py:3239} INFO - Sync 1 DAGs
[2025-02-20T13:42:23.119+0000] {logging_mixin.py:190} INFO - [2025-02-20T13:42:23.119+0000] {dag.py:4180} INFO - Setting next_dagrun for example_setup_teardown_taskflow to None, run_after=None
[2025-02-20T13:42:23.161+0000] {processor.py:208} INFO - Processing /home/airflow/.local/lib/python3.12/site-packages/airflow/example_dags/example_setup_teardown_taskflow.py took 0.127 seconds
[2025-02-20T13:42:54.082+0000] {processor.py:186} INFO - Started process (PID=5240) to work on /home/airflow/.local/lib/python3.12/site-packages/airflow/example_dags/example_setup_teardown_taskflow.py
[2025-02-20T13:42:54.083+0000] {processor.py:914} INFO - Processing file /home/airflow/.local/lib/python3.12/site-packages/airflow/example_dags/example_setup_teardown_taskflow.py for tasks to queue
[2025-02-20T13:42:54.086+0000] {logging_mixin.py:190} INFO - [2025-02-20T13:42:54.086+0000] {dagbag.py:588} INFO - Filling up the DagBag from /home/airflow/.local/lib/python3.12/site-packages/airflow/example_dags/example_setup_teardown_taskflow.py
[2025-02-20T13:42:54.107+0000] {processor.py:925} INFO - DAG(s) 'example_setup_teardown_taskflow' retrieved from /home/airflow/.local/lib/python3.12/site-packages/airflow/example_dags/example_setup_teardown_taskflow.py
[2025-02-20T13:42:54.151+0000] {logging_mixin.py:190} INFO - [2025-02-20T13:42:54.150+0000] {dag.py:3239} INFO - Sync 1 DAGs
[2025-02-20T13:42:54.186+0000] {logging_mixin.py:190} INFO - [2025-02-20T13:42:54.186+0000] {dag.py:4180} INFO - Setting next_dagrun for example_setup_teardown_taskflow to None, run_after=None
[2025-02-20T13:42:54.226+0000] {processor.py:208} INFO - Processing /home/airflow/.local/lib/python3.12/site-packages/airflow/example_dags/example_setup_teardown_taskflow.py took 0.154 seconds
[2025-02-20T13:43:25.088+0000] {processor.py:186} INFO - Started process (PID=5317) to work on /home/airflow/.local/lib/python3.12/site-packages/airflow/example_dags/example_setup_teardown_taskflow.py
[2025-02-20T13:43:25.089+0000] {processor.py:914} INFO - Processing file /home/airflow/.local/lib/python3.12/site-packages/airflow/example_dags/example_setup_teardown_taskflow.py for tasks to queue
[2025-02-20T13:43:25.092+0000] {logging_mixin.py:190} INFO - [2025-02-20T13:43:25.091+0000] {dagbag.py:588} INFO - Filling up the DagBag from /home/airflow/.local/lib/python3.12/site-packages/airflow/example_dags/example_setup_teardown_taskflow.py
[2025-02-20T13:43:25.106+0000] {processor.py:925} INFO - DAG(s) 'example_setup_teardown_taskflow' retrieved from /home/airflow/.local/lib/python3.12/site-packages/airflow/example_dags/example_setup_teardown_taskflow.py
[2025-02-20T13:43:25.135+0000] {logging_mixin.py:190} INFO - [2025-02-20T13:43:25.135+0000] {dag.py:3239} INFO - Sync 1 DAGs
[2025-02-20T13:43:25.151+0000] {logging_mixin.py:190} INFO - [2025-02-20T13:43:25.150+0000] {dag.py:4180} INFO - Setting next_dagrun for example_setup_teardown_taskflow to None, run_after=None
[2025-02-20T13:43:25.174+0000] {processor.py:208} INFO - Processing /home/airflow/.local/lib/python3.12/site-packages/airflow/example_dags/example_setup_teardown_taskflow.py took 0.091 seconds
[2025-02-20T13:43:55.648+0000] {processor.py:186} INFO - Started process (PID=5392) to work on /home/airflow/.local/lib/python3.12/site-packages/airflow/example_dags/example_setup_teardown_taskflow.py
[2025-02-20T13:43:55.649+0000] {processor.py:914} INFO - Processing file /home/airflow/.local/lib/python3.12/site-packages/airflow/example_dags/example_setup_teardown_taskflow.py for tasks to queue
[2025-02-20T13:43:55.651+0000] {logging_mixin.py:190} INFO - [2025-02-20T13:43:55.651+0000] {dagbag.py:588} INFO - Filling up the DagBag from /home/airflow/.local/lib/python3.12/site-packages/airflow/example_dags/example_setup_teardown_taskflow.py
[2025-02-20T13:43:55.666+0000] {processor.py:925} INFO - DAG(s) 'example_setup_teardown_taskflow' retrieved from /home/airflow/.local/lib/python3.12/site-packages/airflow/example_dags/example_setup_teardown_taskflow.py
[2025-02-20T13:43:55.703+0000] {logging_mixin.py:190} INFO - [2025-02-20T13:43:55.703+0000] {dag.py:3239} INFO - Sync 1 DAGs
[2025-02-20T13:43:55.725+0000] {logging_mixin.py:190} INFO - [2025-02-20T13:43:55.725+0000] {dag.py:4180} INFO - Setting next_dagrun for example_setup_teardown_taskflow to None, run_after=None
[2025-02-20T13:43:55.753+0000] {processor.py:208} INFO - Processing /home/airflow/.local/lib/python3.12/site-packages/airflow/example_dags/example_setup_teardown_taskflow.py took 0.111 seconds
[2025-02-20T13:44:26.318+0000] {processor.py:186} INFO - Started process (PID=5468) to work on /home/airflow/.local/lib/python3.12/site-packages/airflow/example_dags/example_setup_teardown_taskflow.py
[2025-02-20T13:44:26.319+0000] {processor.py:914} INFO - Processing file /home/airflow/.local/lib/python3.12/site-packages/airflow/example_dags/example_setup_teardown_taskflow.py for tasks to queue
[2025-02-20T13:44:26.321+0000] {logging_mixin.py:190} INFO - [2025-02-20T13:44:26.321+0000] {dagbag.py:588} INFO - Filling up the DagBag from /home/airflow/.local/lib/python3.12/site-packages/airflow/example_dags/example_setup_teardown_taskflow.py
[2025-02-20T13:44:26.332+0000] {processor.py:925} INFO - DAG(s) 'example_setup_teardown_taskflow' retrieved from /home/airflow/.local/lib/python3.12/site-packages/airflow/example_dags/example_setup_teardown_taskflow.py
[2025-02-20T13:44:26.359+0000] {logging_mixin.py:190} INFO - [2025-02-20T13:44:26.358+0000] {dag.py:3239} INFO - Sync 1 DAGs
[2025-02-20T13:44:26.374+0000] {logging_mixin.py:190} INFO - [2025-02-20T13:44:26.374+0000] {dag.py:4180} INFO - Setting next_dagrun for example_setup_teardown_taskflow to None, run_after=None
[2025-02-20T13:44:26.401+0000] {processor.py:208} INFO - Processing /home/airflow/.local/lib/python3.12/site-packages/airflow/example_dags/example_setup_teardown_taskflow.py took 0.088 seconds
[2025-02-20T13:44:57.021+0000] {processor.py:186} INFO - Started process (PID=5544) to work on /home/airflow/.local/lib/python3.12/site-packages/airflow/example_dags/example_setup_teardown_taskflow.py
[2025-02-20T13:44:57.023+0000] {processor.py:914} INFO - Processing file /home/airflow/.local/lib/python3.12/site-packages/airflow/example_dags/example_setup_teardown_taskflow.py for tasks to queue
[2025-02-20T13:44:57.026+0000] {logging_mixin.py:190} INFO - [2025-02-20T13:44:57.025+0000] {dagbag.py:588} INFO - Filling up the DagBag from /home/airflow/.local/lib/python3.12/site-packages/airflow/example_dags/example_setup_teardown_taskflow.py
[2025-02-20T13:44:57.042+0000] {processor.py:925} INFO - DAG(s) 'example_setup_teardown_taskflow' retrieved from /home/airflow/.local/lib/python3.12/site-packages/airflow/example_dags/example_setup_teardown_taskflow.py
[2025-02-20T13:44:57.073+0000] {logging_mixin.py:190} INFO - [2025-02-20T13:44:57.072+0000] {dag.py:3239} INFO - Sync 1 DAGs
[2025-02-20T13:44:57.091+0000] {logging_mixin.py:190} INFO - [2025-02-20T13:44:57.091+0000] {dag.py:4180} INFO - Setting next_dagrun for example_setup_teardown_taskflow to None, run_after=None
[2025-02-20T13:44:57.123+0000] {processor.py:208} INFO - Processing /home/airflow/.local/lib/python3.12/site-packages/airflow/example_dags/example_setup_teardown_taskflow.py took 0.111 seconds
[2025-02-20T13:45:27.249+0000] {processor.py:186} INFO - Started process (PID=5619) to work on /home/airflow/.local/lib/python3.12/site-packages/airflow/example_dags/example_setup_teardown_taskflow.py
[2025-02-20T13:45:27.250+0000] {processor.py:914} INFO - Processing file /home/airflow/.local/lib/python3.12/site-packages/airflow/example_dags/example_setup_teardown_taskflow.py for tasks to queue
[2025-02-20T13:45:27.253+0000] {logging_mixin.py:190} INFO - [2025-02-20T13:45:27.252+0000] {dagbag.py:588} INFO - Filling up the DagBag from /home/airflow/.local/lib/python3.12/site-packages/airflow/example_dags/example_setup_teardown_taskflow.py
[2025-02-20T13:45:27.261+0000] {processor.py:925} INFO - DAG(s) 'example_setup_teardown_taskflow' retrieved from /home/airflow/.local/lib/python3.12/site-packages/airflow/example_dags/example_setup_teardown_taskflow.py
[2025-02-20T13:45:27.281+0000] {logging_mixin.py:190} INFO - [2025-02-20T13:45:27.280+0000] {dag.py:3239} INFO - Sync 1 DAGs
[2025-02-20T13:45:27.293+0000] {logging_mixin.py:190} INFO - [2025-02-20T13:45:27.293+0000] {dag.py:4180} INFO - Setting next_dagrun for example_setup_teardown_taskflow to None, run_after=None
[2025-02-20T13:45:27.311+0000] {processor.py:208} INFO - Processing /home/airflow/.local/lib/python3.12/site-packages/airflow/example_dags/example_setup_teardown_taskflow.py took 0.067 seconds
[2025-02-20T13:45:57.427+0000] {processor.py:186} INFO - Started process (PID=5696) to work on /home/airflow/.local/lib/python3.12/site-packages/airflow/example_dags/example_setup_teardown_taskflow.py
[2025-02-20T13:45:57.428+0000] {processor.py:914} INFO - Processing file /home/airflow/.local/lib/python3.12/site-packages/airflow/example_dags/example_setup_teardown_taskflow.py for tasks to queue
[2025-02-20T13:45:57.430+0000] {logging_mixin.py:190} INFO - [2025-02-20T13:45:57.429+0000] {dagbag.py:588} INFO - Filling up the DagBag from /home/airflow/.local/lib/python3.12/site-packages/airflow/example_dags/example_setup_teardown_taskflow.py
[2025-02-20T13:45:57.438+0000] {processor.py:925} INFO - DAG(s) 'example_setup_teardown_taskflow' retrieved from /home/airflow/.local/lib/python3.12/site-packages/airflow/example_dags/example_setup_teardown_taskflow.py
[2025-02-20T13:45:57.459+0000] {logging_mixin.py:190} INFO - [2025-02-20T13:45:57.457+0000] {dag.py:3239} INFO - Sync 1 DAGs
[2025-02-20T13:45:57.474+0000] {logging_mixin.py:190} INFO - [2025-02-20T13:45:57.474+0000] {dag.py:4180} INFO - Setting next_dagrun for example_setup_teardown_taskflow to None, run_after=None
[2025-02-20T13:45:57.491+0000] {processor.py:208} INFO - Processing /home/airflow/.local/lib/python3.12/site-packages/airflow/example_dags/example_setup_teardown_taskflow.py took 0.068 seconds
[2025-02-20T13:46:27.923+0000] {processor.py:186} INFO - Started process (PID=5772) to work on /home/airflow/.local/lib/python3.12/site-packages/airflow/example_dags/example_setup_teardown_taskflow.py
[2025-02-20T13:46:27.924+0000] {processor.py:914} INFO - Processing file /home/airflow/.local/lib/python3.12/site-packages/airflow/example_dags/example_setup_teardown_taskflow.py for tasks to queue
[2025-02-20T13:46:27.925+0000] {logging_mixin.py:190} INFO - [2025-02-20T13:46:27.925+0000] {dagbag.py:588} INFO - Filling up the DagBag from /home/airflow/.local/lib/python3.12/site-packages/airflow/example_dags/example_setup_teardown_taskflow.py
[2025-02-20T13:46:27.933+0000] {processor.py:925} INFO - DAG(s) 'example_setup_teardown_taskflow' retrieved from /home/airflow/.local/lib/python3.12/site-packages/airflow/example_dags/example_setup_teardown_taskflow.py
[2025-02-20T13:46:27.951+0000] {logging_mixin.py:190} INFO - [2025-02-20T13:46:27.950+0000] {dag.py:3239} INFO - Sync 1 DAGs
[2025-02-20T13:46:27.965+0000] {logging_mixin.py:190} INFO - [2025-02-20T13:46:27.965+0000] {dag.py:4180} INFO - Setting next_dagrun for example_setup_teardown_taskflow to None, run_after=None
[2025-02-20T13:46:27.986+0000] {processor.py:208} INFO - Processing /home/airflow/.local/lib/python3.12/site-packages/airflow/example_dags/example_setup_teardown_taskflow.py took 0.068 seconds
[2025-02-20T13:46:58.183+0000] {processor.py:186} INFO - Started process (PID=5853) to work on /home/airflow/.local/lib/python3.12/site-packages/airflow/example_dags/example_setup_teardown_taskflow.py
[2025-02-20T13:46:58.184+0000] {processor.py:914} INFO - Processing file /home/airflow/.local/lib/python3.12/site-packages/airflow/example_dags/example_setup_teardown_taskflow.py for tasks to queue
[2025-02-20T13:46:58.186+0000] {logging_mixin.py:190} INFO - [2025-02-20T13:46:58.185+0000] {dagbag.py:588} INFO - Filling up the DagBag from /home/airflow/.local/lib/python3.12/site-packages/airflow/example_dags/example_setup_teardown_taskflow.py
[2025-02-20T13:46:58.196+0000] {processor.py:925} INFO - DAG(s) 'example_setup_teardown_taskflow' retrieved from /home/airflow/.local/lib/python3.12/site-packages/airflow/example_dags/example_setup_teardown_taskflow.py
[2025-02-20T13:46:58.219+0000] {logging_mixin.py:190} INFO - [2025-02-20T13:46:58.219+0000] {dag.py:3239} INFO - Sync 1 DAGs
[2025-02-20T13:46:58.234+0000] {logging_mixin.py:190} INFO - [2025-02-20T13:46:58.234+0000] {dag.py:4180} INFO - Setting next_dagrun for example_setup_teardown_taskflow to None, run_after=None
[2025-02-20T13:46:58.256+0000] {processor.py:208} INFO - Processing /home/airflow/.local/lib/python3.12/site-packages/airflow/example_dags/example_setup_teardown_taskflow.py took 0.078 seconds
[2025-02-20T13:47:28.500+0000] {processor.py:186} INFO - Started process (PID=5929) to work on /home/airflow/.local/lib/python3.12/site-packages/airflow/example_dags/example_setup_teardown_taskflow.py
[2025-02-20T13:47:28.502+0000] {processor.py:914} INFO - Processing file /home/airflow/.local/lib/python3.12/site-packages/airflow/example_dags/example_setup_teardown_taskflow.py for tasks to queue
[2025-02-20T13:47:28.504+0000] {logging_mixin.py:190} INFO - [2025-02-20T13:47:28.504+0000] {dagbag.py:588} INFO - Filling up the DagBag from /home/airflow/.local/lib/python3.12/site-packages/airflow/example_dags/example_setup_teardown_taskflow.py
[2025-02-20T13:47:28.520+0000] {processor.py:925} INFO - DAG(s) 'example_setup_teardown_taskflow' retrieved from /home/airflow/.local/lib/python3.12/site-packages/airflow/example_dags/example_setup_teardown_taskflow.py
[2025-02-20T13:47:28.556+0000] {logging_mixin.py:190} INFO - [2025-02-20T13:47:28.556+0000] {dag.py:3239} INFO - Sync 1 DAGs
[2025-02-20T13:47:28.577+0000] {logging_mixin.py:190} INFO - [2025-02-20T13:47:28.577+0000] {dag.py:4180} INFO - Setting next_dagrun for example_setup_teardown_taskflow to None, run_after=None
[2025-02-20T13:47:28.612+0000] {processor.py:208} INFO - Processing /home/airflow/.local/lib/python3.12/site-packages/airflow/example_dags/example_setup_teardown_taskflow.py took 0.118 seconds
[2025-02-20T13:47:59.702+0000] {processor.py:186} INFO - Started process (PID=6004) to work on /home/airflow/.local/lib/python3.12/site-packages/airflow/example_dags/example_setup_teardown_taskflow.py
[2025-02-20T13:47:59.705+0000] {processor.py:914} INFO - Processing file /home/airflow/.local/lib/python3.12/site-packages/airflow/example_dags/example_setup_teardown_taskflow.py for tasks to queue
[2025-02-20T13:47:59.708+0000] {logging_mixin.py:190} INFO - [2025-02-20T13:47:59.708+0000] {dagbag.py:588} INFO - Filling up the DagBag from /home/airflow/.local/lib/python3.12/site-packages/airflow/example_dags/example_setup_teardown_taskflow.py
[2025-02-20T13:47:59.721+0000] {processor.py:925} INFO - DAG(s) 'example_setup_teardown_taskflow' retrieved from /home/airflow/.local/lib/python3.12/site-packages/airflow/example_dags/example_setup_teardown_taskflow.py
[2025-02-20T13:47:59.752+0000] {logging_mixin.py:190} INFO - [2025-02-20T13:47:59.752+0000] {dag.py:3239} INFO - Sync 1 DAGs
[2025-02-20T13:47:59.769+0000] {logging_mixin.py:190} INFO - [2025-02-20T13:47:59.769+0000] {dag.py:4180} INFO - Setting next_dagrun for example_setup_teardown_taskflow to None, run_after=None
[2025-02-20T13:47:59.795+0000] {processor.py:208} INFO - Processing /home/airflow/.local/lib/python3.12/site-packages/airflow/example_dags/example_setup_teardown_taskflow.py took 0.100 seconds
[2025-02-20T13:48:30.517+0000] {processor.py:186} INFO - Started process (PID=6079) to work on /home/airflow/.local/lib/python3.12/site-packages/airflow/example_dags/example_setup_teardown_taskflow.py
[2025-02-20T13:48:30.519+0000] {processor.py:914} INFO - Processing file /home/airflow/.local/lib/python3.12/site-packages/airflow/example_dags/example_setup_teardown_taskflow.py for tasks to queue
[2025-02-20T13:48:30.521+0000] {logging_mixin.py:190} INFO - [2025-02-20T13:48:30.521+0000] {dagbag.py:588} INFO - Filling up the DagBag from /home/airflow/.local/lib/python3.12/site-packages/airflow/example_dags/example_setup_teardown_taskflow.py
[2025-02-20T13:48:30.534+0000] {processor.py:925} INFO - DAG(s) 'example_setup_teardown_taskflow' retrieved from /home/airflow/.local/lib/python3.12/site-packages/airflow/example_dags/example_setup_teardown_taskflow.py
[2025-02-20T13:48:30.555+0000] {logging_mixin.py:190} INFO - [2025-02-20T13:48:30.554+0000] {dag.py:3239} INFO - Sync 1 DAGs
[2025-02-20T13:48:30.567+0000] {logging_mixin.py:190} INFO - [2025-02-20T13:48:30.567+0000] {dag.py:4180} INFO - Setting next_dagrun for example_setup_teardown_taskflow to None, run_after=None
[2025-02-20T13:48:30.585+0000] {processor.py:208} INFO - Processing /home/airflow/.local/lib/python3.12/site-packages/airflow/example_dags/example_setup_teardown_taskflow.py took 0.076 seconds
[2025-02-20T13:49:00.722+0000] {processor.py:186} INFO - Started process (PID=6143) to work on /home/airflow/.local/lib/python3.12/site-packages/airflow/example_dags/example_setup_teardown_taskflow.py
[2025-02-20T13:49:00.723+0000] {processor.py:914} INFO - Processing file /home/airflow/.local/lib/python3.12/site-packages/airflow/example_dags/example_setup_teardown_taskflow.py for tasks to queue
[2025-02-20T13:49:00.725+0000] {logging_mixin.py:190} INFO - [2025-02-20T13:49:00.724+0000] {dagbag.py:588} INFO - Filling up the DagBag from /home/airflow/.local/lib/python3.12/site-packages/airflow/example_dags/example_setup_teardown_taskflow.py
[2025-02-20T13:49:00.733+0000] {processor.py:925} INFO - DAG(s) 'example_setup_teardown_taskflow' retrieved from /home/airflow/.local/lib/python3.12/site-packages/airflow/example_dags/example_setup_teardown_taskflow.py
[2025-02-20T13:49:00.750+0000] {logging_mixin.py:190} INFO - [2025-02-20T13:49:00.750+0000] {dag.py:3239} INFO - Sync 1 DAGs
[2025-02-20T13:49:00.764+0000] {logging_mixin.py:190} INFO - [2025-02-20T13:49:00.764+0000] {dag.py:4180} INFO - Setting next_dagrun for example_setup_teardown_taskflow to None, run_after=None
[2025-02-20T13:49:00.781+0000] {processor.py:208} INFO - Processing /home/airflow/.local/lib/python3.12/site-packages/airflow/example_dags/example_setup_teardown_taskflow.py took 0.063 seconds
[2025-02-20T13:49:30.888+0000] {processor.py:186} INFO - Started process (PID=6219) to work on /home/airflow/.local/lib/python3.12/site-packages/airflow/example_dags/example_setup_teardown_taskflow.py
[2025-02-20T13:49:30.889+0000] {processor.py:914} INFO - Processing file /home/airflow/.local/lib/python3.12/site-packages/airflow/example_dags/example_setup_teardown_taskflow.py for tasks to queue
[2025-02-20T13:49:30.891+0000] {logging_mixin.py:190} INFO - [2025-02-20T13:49:30.891+0000] {dagbag.py:588} INFO - Filling up the DagBag from /home/airflow/.local/lib/python3.12/site-packages/airflow/example_dags/example_setup_teardown_taskflow.py
[2025-02-20T13:49:30.901+0000] {processor.py:925} INFO - DAG(s) 'example_setup_teardown_taskflow' retrieved from /home/airflow/.local/lib/python3.12/site-packages/airflow/example_dags/example_setup_teardown_taskflow.py
[2025-02-20T13:49:30.918+0000] {logging_mixin.py:190} INFO - [2025-02-20T13:49:30.918+0000] {dag.py:3239} INFO - Sync 1 DAGs
[2025-02-20T13:49:30.930+0000] {logging_mixin.py:190} INFO - [2025-02-20T13:49:30.930+0000] {dag.py:4180} INFO - Setting next_dagrun for example_setup_teardown_taskflow to None, run_after=None
[2025-02-20T13:49:30.947+0000] {processor.py:208} INFO - Processing /home/airflow/.local/lib/python3.12/site-packages/airflow/example_dags/example_setup_teardown_taskflow.py took 0.063 seconds
[2025-02-20T13:50:01.475+0000] {processor.py:186} INFO - Started process (PID=6295) to work on /home/airflow/.local/lib/python3.12/site-packages/airflow/example_dags/example_setup_teardown_taskflow.py
[2025-02-20T13:50:01.477+0000] {processor.py:914} INFO - Processing file /home/airflow/.local/lib/python3.12/site-packages/airflow/example_dags/example_setup_teardown_taskflow.py for tasks to queue
[2025-02-20T13:50:01.478+0000] {logging_mixin.py:190} INFO - [2025-02-20T13:50:01.478+0000] {dagbag.py:588} INFO - Filling up the DagBag from /home/airflow/.local/lib/python3.12/site-packages/airflow/example_dags/example_setup_teardown_taskflow.py
[2025-02-20T13:50:01.487+0000] {processor.py:925} INFO - DAG(s) 'example_setup_teardown_taskflow' retrieved from /home/airflow/.local/lib/python3.12/site-packages/airflow/example_dags/example_setup_teardown_taskflow.py
[2025-02-20T13:50:01.507+0000] {logging_mixin.py:190} INFO - [2025-02-20T13:50:01.506+0000] {dag.py:3239} INFO - Sync 1 DAGs
[2025-02-20T13:50:01.519+0000] {logging_mixin.py:190} INFO - [2025-02-20T13:50:01.518+0000] {dag.py:4180} INFO - Setting next_dagrun for example_setup_teardown_taskflow to None, run_after=None
[2025-02-20T13:50:01.537+0000] {processor.py:208} INFO - Processing /home/airflow/.local/lib/python3.12/site-packages/airflow/example_dags/example_setup_teardown_taskflow.py took 0.066 seconds
[2025-02-20T13:50:31.808+0000] {processor.py:186} INFO - Started process (PID=6371) to work on /home/airflow/.local/lib/python3.12/site-packages/airflow/example_dags/example_setup_teardown_taskflow.py
[2025-02-20T13:50:31.810+0000] {processor.py:914} INFO - Processing file /home/airflow/.local/lib/python3.12/site-packages/airflow/example_dags/example_setup_teardown_taskflow.py for tasks to queue
[2025-02-20T13:50:31.812+0000] {logging_mixin.py:190} INFO - [2025-02-20T13:50:31.811+0000] {dagbag.py:588} INFO - Filling up the DagBag from /home/airflow/.local/lib/python3.12/site-packages/airflow/example_dags/example_setup_teardown_taskflow.py
[2025-02-20T13:50:31.820+0000] {processor.py:925} INFO - DAG(s) 'example_setup_teardown_taskflow' retrieved from /home/airflow/.local/lib/python3.12/site-packages/airflow/example_dags/example_setup_teardown_taskflow.py
[2025-02-20T13:50:31.839+0000] {logging_mixin.py:190} INFO - [2025-02-20T13:50:31.839+0000] {dag.py:3239} INFO - Sync 1 DAGs
[2025-02-20T13:50:31.856+0000] {logging_mixin.py:190} INFO - [2025-02-20T13:50:31.855+0000] {dag.py:4180} INFO - Setting next_dagrun for example_setup_teardown_taskflow to None, run_after=None
[2025-02-20T13:50:31.874+0000] {processor.py:208} INFO - Processing /home/airflow/.local/lib/python3.12/site-packages/airflow/example_dags/example_setup_teardown_taskflow.py took 0.071 seconds
[2025-02-20T13:51:02.183+0000] {processor.py:186} INFO - Started process (PID=6447) to work on /home/airflow/.local/lib/python3.12/site-packages/airflow/example_dags/example_setup_teardown_taskflow.py
[2025-02-20T13:51:02.185+0000] {processor.py:914} INFO - Processing file /home/airflow/.local/lib/python3.12/site-packages/airflow/example_dags/example_setup_teardown_taskflow.py for tasks to queue
[2025-02-20T13:51:02.187+0000] {logging_mixin.py:190} INFO - [2025-02-20T13:51:02.187+0000] {dagbag.py:588} INFO - Filling up the DagBag from /home/airflow/.local/lib/python3.12/site-packages/airflow/example_dags/example_setup_teardown_taskflow.py
[2025-02-20T13:51:02.196+0000] {processor.py:925} INFO - DAG(s) 'example_setup_teardown_taskflow' retrieved from /home/airflow/.local/lib/python3.12/site-packages/airflow/example_dags/example_setup_teardown_taskflow.py
[2025-02-20T13:51:02.215+0000] {logging_mixin.py:190} INFO - [2025-02-20T13:51:02.215+0000] {dag.py:3239} INFO - Sync 1 DAGs
[2025-02-20T13:51:02.228+0000] {logging_mixin.py:190} INFO - [2025-02-20T13:51:02.227+0000] {dag.py:4180} INFO - Setting next_dagrun for example_setup_teardown_taskflow to None, run_after=None
[2025-02-20T13:51:02.244+0000] {processor.py:208} INFO - Processing /home/airflow/.local/lib/python3.12/site-packages/airflow/example_dags/example_setup_teardown_taskflow.py took 0.066 seconds
[2025-02-20T13:51:32.466+0000] {processor.py:186} INFO - Started process (PID=6523) to work on /home/airflow/.local/lib/python3.12/site-packages/airflow/example_dags/example_setup_teardown_taskflow.py
[2025-02-20T13:51:32.467+0000] {processor.py:914} INFO - Processing file /home/airflow/.local/lib/python3.12/site-packages/airflow/example_dags/example_setup_teardown_taskflow.py for tasks to queue
[2025-02-20T13:51:32.469+0000] {logging_mixin.py:190} INFO - [2025-02-20T13:51:32.468+0000] {dagbag.py:588} INFO - Filling up the DagBag from /home/airflow/.local/lib/python3.12/site-packages/airflow/example_dags/example_setup_teardown_taskflow.py
[2025-02-20T13:51:32.479+0000] {processor.py:925} INFO - DAG(s) 'example_setup_teardown_taskflow' retrieved from /home/airflow/.local/lib/python3.12/site-packages/airflow/example_dags/example_setup_teardown_taskflow.py
[2025-02-20T13:51:32.501+0000] {logging_mixin.py:190} INFO - [2025-02-20T13:51:32.500+0000] {dag.py:3239} INFO - Sync 1 DAGs
[2025-02-20T13:51:32.515+0000] {logging_mixin.py:190} INFO - [2025-02-20T13:51:32.514+0000] {dag.py:4180} INFO - Setting next_dagrun for example_setup_teardown_taskflow to None, run_after=None
[2025-02-20T13:51:32.532+0000] {processor.py:208} INFO - Processing /home/airflow/.local/lib/python3.12/site-packages/airflow/example_dags/example_setup_teardown_taskflow.py took 0.070 seconds
[2025-02-20T13:52:03.455+0000] {processor.py:186} INFO - Started process (PID=6599) to work on /home/airflow/.local/lib/python3.12/site-packages/airflow/example_dags/example_setup_teardown_taskflow.py
[2025-02-20T13:52:03.456+0000] {processor.py:914} INFO - Processing file /home/airflow/.local/lib/python3.12/site-packages/airflow/example_dags/example_setup_teardown_taskflow.py for tasks to queue
[2025-02-20T13:52:03.458+0000] {logging_mixin.py:190} INFO - [2025-02-20T13:52:03.457+0000] {dagbag.py:588} INFO - Filling up the DagBag from /home/airflow/.local/lib/python3.12/site-packages/airflow/example_dags/example_setup_teardown_taskflow.py
[2025-02-20T13:52:03.468+0000] {processor.py:925} INFO - DAG(s) 'example_setup_teardown_taskflow' retrieved from /home/airflow/.local/lib/python3.12/site-packages/airflow/example_dags/example_setup_teardown_taskflow.py
[2025-02-20T13:52:03.493+0000] {logging_mixin.py:190} INFO - [2025-02-20T13:52:03.493+0000] {dag.py:3239} INFO - Sync 1 DAGs
[2025-02-20T13:52:03.505+0000] {logging_mixin.py:190} INFO - [2025-02-20T13:52:03.505+0000] {dag.py:4180} INFO - Setting next_dagrun for example_setup_teardown_taskflow to None, run_after=None
[2025-02-20T13:52:03.520+0000] {processor.py:208} INFO - Processing /home/airflow/.local/lib/python3.12/site-packages/airflow/example_dags/example_setup_teardown_taskflow.py took 0.070 seconds
[2025-02-20T13:52:34.160+0000] {processor.py:186} INFO - Started process (PID=6675) to work on /home/airflow/.local/lib/python3.12/site-packages/airflow/example_dags/example_setup_teardown_taskflow.py
[2025-02-20T13:52:34.161+0000] {processor.py:914} INFO - Processing file /home/airflow/.local/lib/python3.12/site-packages/airflow/example_dags/example_setup_teardown_taskflow.py for tasks to queue
[2025-02-20T13:52:34.163+0000] {logging_mixin.py:190} INFO - [2025-02-20T13:52:34.162+0000] {dagbag.py:588} INFO - Filling up the DagBag from /home/airflow/.local/lib/python3.12/site-packages/airflow/example_dags/example_setup_teardown_taskflow.py
[2025-02-20T13:52:34.171+0000] {processor.py:925} INFO - DAG(s) 'example_setup_teardown_taskflow' retrieved from /home/airflow/.local/lib/python3.12/site-packages/airflow/example_dags/example_setup_teardown_taskflow.py
[2025-02-20T13:52:34.191+0000] {logging_mixin.py:190} INFO - [2025-02-20T13:52:34.191+0000] {dag.py:3239} INFO - Sync 1 DAGs
[2025-02-20T13:52:34.203+0000] {logging_mixin.py:190} INFO - [2025-02-20T13:52:34.203+0000] {dag.py:4180} INFO - Setting next_dagrun for example_setup_teardown_taskflow to None, run_after=None
[2025-02-20T13:52:34.220+0000] {processor.py:208} INFO - Processing /home/airflow/.local/lib/python3.12/site-packages/airflow/example_dags/example_setup_teardown_taskflow.py took 0.065 seconds
[2025-02-20T13:53:04.503+0000] {processor.py:186} INFO - Started process (PID=6750) to work on /home/airflow/.local/lib/python3.12/site-packages/airflow/example_dags/example_setup_teardown_taskflow.py
[2025-02-20T13:53:04.505+0000] {processor.py:914} INFO - Processing file /home/airflow/.local/lib/python3.12/site-packages/airflow/example_dags/example_setup_teardown_taskflow.py for tasks to queue
[2025-02-20T13:53:04.506+0000] {logging_mixin.py:190} INFO - [2025-02-20T13:53:04.506+0000] {dagbag.py:588} INFO - Filling up the DagBag from /home/airflow/.local/lib/python3.12/site-packages/airflow/example_dags/example_setup_teardown_taskflow.py
[2025-02-20T13:53:04.515+0000] {processor.py:925} INFO - DAG(s) 'example_setup_teardown_taskflow' retrieved from /home/airflow/.local/lib/python3.12/site-packages/airflow/example_dags/example_setup_teardown_taskflow.py
[2025-02-20T13:53:04.535+0000] {logging_mixin.py:190} INFO - [2025-02-20T13:53:04.535+0000] {dag.py:3239} INFO - Sync 1 DAGs
[2025-02-20T13:53:04.547+0000] {logging_mixin.py:190} INFO - [2025-02-20T13:53:04.547+0000] {dag.py:4180} INFO - Setting next_dagrun for example_setup_teardown_taskflow to None, run_after=None
[2025-02-20T13:53:04.566+0000] {processor.py:208} INFO - Processing /home/airflow/.local/lib/python3.12/site-packages/airflow/example_dags/example_setup_teardown_taskflow.py took 0.068 seconds
[2025-02-20T13:53:35.045+0000] {processor.py:186} INFO - Started process (PID=6825) to work on /home/airflow/.local/lib/python3.12/site-packages/airflow/example_dags/example_setup_teardown_taskflow.py
[2025-02-20T13:53:35.047+0000] {processor.py:914} INFO - Processing file /home/airflow/.local/lib/python3.12/site-packages/airflow/example_dags/example_setup_teardown_taskflow.py for tasks to queue
[2025-02-20T13:53:35.048+0000] {logging_mixin.py:190} INFO - [2025-02-20T13:53:35.048+0000] {dagbag.py:588} INFO - Filling up the DagBag from /home/airflow/.local/lib/python3.12/site-packages/airflow/example_dags/example_setup_teardown_taskflow.py
[2025-02-20T13:53:35.057+0000] {processor.py:925} INFO - DAG(s) 'example_setup_teardown_taskflow' retrieved from /home/airflow/.local/lib/python3.12/site-packages/airflow/example_dags/example_setup_teardown_taskflow.py
[2025-02-20T13:53:35.076+0000] {logging_mixin.py:190} INFO - [2025-02-20T13:53:35.075+0000] {dag.py:3239} INFO - Sync 1 DAGs
[2025-02-20T13:53:35.090+0000] {logging_mixin.py:190} INFO - [2025-02-20T13:53:35.089+0000] {dag.py:4180} INFO - Setting next_dagrun for example_setup_teardown_taskflow to None, run_after=None
[2025-02-20T13:53:35.106+0000] {processor.py:208} INFO - Processing /home/airflow/.local/lib/python3.12/site-packages/airflow/example_dags/example_setup_teardown_taskflow.py took 0.065 seconds
[2025-02-20T13:54:05.523+0000] {processor.py:186} INFO - Started process (PID=6901) to work on /home/airflow/.local/lib/python3.12/site-packages/airflow/example_dags/example_setup_teardown_taskflow.py
[2025-02-20T13:54:05.523+0000] {processor.py:914} INFO - Processing file /home/airflow/.local/lib/python3.12/site-packages/airflow/example_dags/example_setup_teardown_taskflow.py for tasks to queue
[2025-02-20T13:54:05.525+0000] {logging_mixin.py:190} INFO - [2025-02-20T13:54:05.524+0000] {dagbag.py:588} INFO - Filling up the DagBag from /home/airflow/.local/lib/python3.12/site-packages/airflow/example_dags/example_setup_teardown_taskflow.py
[2025-02-20T13:54:05.534+0000] {processor.py:925} INFO - DAG(s) 'example_setup_teardown_taskflow' retrieved from /home/airflow/.local/lib/python3.12/site-packages/airflow/example_dags/example_setup_teardown_taskflow.py
[2025-02-20T13:54:05.554+0000] {logging_mixin.py:190} INFO - [2025-02-20T13:54:05.553+0000] {dag.py:3239} INFO - Sync 1 DAGs
[2025-02-20T13:54:05.569+0000] {logging_mixin.py:190} INFO - [2025-02-20T13:54:05.569+0000] {dag.py:4180} INFO - Setting next_dagrun for example_setup_teardown_taskflow to None, run_after=None
[2025-02-20T13:54:05.582+0000] {processor.py:208} INFO - Processing /home/airflow/.local/lib/python3.12/site-packages/airflow/example_dags/example_setup_teardown_taskflow.py took 0.064 seconds
[2025-02-20T13:54:36.051+0000] {processor.py:186} INFO - Started process (PID=6977) to work on /home/airflow/.local/lib/python3.12/site-packages/airflow/example_dags/example_setup_teardown_taskflow.py
[2025-02-20T13:54:36.051+0000] {processor.py:914} INFO - Processing file /home/airflow/.local/lib/python3.12/site-packages/airflow/example_dags/example_setup_teardown_taskflow.py for tasks to queue
[2025-02-20T13:54:36.053+0000] {logging_mixin.py:190} INFO - [2025-02-20T13:54:36.052+0000] {dagbag.py:588} INFO - Filling up the DagBag from /home/airflow/.local/lib/python3.12/site-packages/airflow/example_dags/example_setup_teardown_taskflow.py
[2025-02-20T13:54:36.064+0000] {processor.py:925} INFO - DAG(s) 'example_setup_teardown_taskflow' retrieved from /home/airflow/.local/lib/python3.12/site-packages/airflow/example_dags/example_setup_teardown_taskflow.py
[2025-02-20T13:54:36.081+0000] {logging_mixin.py:190} INFO - [2025-02-20T13:54:36.081+0000] {dag.py:3239} INFO - Sync 1 DAGs
[2025-02-20T13:54:36.094+0000] {logging_mixin.py:190} INFO - [2025-02-20T13:54:36.093+0000] {dag.py:4180} INFO - Setting next_dagrun for example_setup_teardown_taskflow to None, run_after=None
[2025-02-20T13:54:36.113+0000] {processor.py:208} INFO - Processing /home/airflow/.local/lib/python3.12/site-packages/airflow/example_dags/example_setup_teardown_taskflow.py took 0.067 seconds
[2025-02-20T13:55:06.955+0000] {processor.py:186} INFO - Started process (PID=7053) to work on /home/airflow/.local/lib/python3.12/site-packages/airflow/example_dags/example_setup_teardown_taskflow.py
[2025-02-20T13:55:06.957+0000] {processor.py:914} INFO - Processing file /home/airflow/.local/lib/python3.12/site-packages/airflow/example_dags/example_setup_teardown_taskflow.py for tasks to queue
[2025-02-20T13:55:06.959+0000] {logging_mixin.py:190} INFO - [2025-02-20T13:55:06.958+0000] {dagbag.py:588} INFO - Filling up the DagBag from /home/airflow/.local/lib/python3.12/site-packages/airflow/example_dags/example_setup_teardown_taskflow.py
[2025-02-20T13:55:06.969+0000] {processor.py:925} INFO - DAG(s) 'example_setup_teardown_taskflow' retrieved from /home/airflow/.local/lib/python3.12/site-packages/airflow/example_dags/example_setup_teardown_taskflow.py
[2025-02-20T13:55:06.988+0000] {logging_mixin.py:190} INFO - [2025-02-20T13:55:06.988+0000] {dag.py:3239} INFO - Sync 1 DAGs
[2025-02-20T13:55:06.999+0000] {logging_mixin.py:190} INFO - [2025-02-20T13:55:06.999+0000] {dag.py:4180} INFO - Setting next_dagrun for example_setup_teardown_taskflow to None, run_after=None
[2025-02-20T13:55:07.015+0000] {processor.py:208} INFO - Processing /home/airflow/.local/lib/python3.12/site-packages/airflow/example_dags/example_setup_teardown_taskflow.py took 0.066 seconds
[2025-02-20T13:55:37.787+0000] {processor.py:186} INFO - Started process (PID=7129) to work on /home/airflow/.local/lib/python3.12/site-packages/airflow/example_dags/example_setup_teardown_taskflow.py
[2025-02-20T13:55:37.789+0000] {processor.py:914} INFO - Processing file /home/airflow/.local/lib/python3.12/site-packages/airflow/example_dags/example_setup_teardown_taskflow.py for tasks to queue
[2025-02-20T13:55:37.791+0000] {logging_mixin.py:190} INFO - [2025-02-20T13:55:37.790+0000] {dagbag.py:588} INFO - Filling up the DagBag from /home/airflow/.local/lib/python3.12/site-packages/airflow/example_dags/example_setup_teardown_taskflow.py
[2025-02-20T13:55:37.799+0000] {processor.py:925} INFO - DAG(s) 'example_setup_teardown_taskflow' retrieved from /home/airflow/.local/lib/python3.12/site-packages/airflow/example_dags/example_setup_teardown_taskflow.py
[2025-02-20T13:55:37.819+0000] {logging_mixin.py:190} INFO - [2025-02-20T13:55:37.819+0000] {dag.py:3239} INFO - Sync 1 DAGs
[2025-02-20T13:55:37.831+0000] {logging_mixin.py:190} INFO - [2025-02-20T13:55:37.830+0000] {dag.py:4180} INFO - Setting next_dagrun for example_setup_teardown_taskflow to None, run_after=None
[2025-02-20T13:55:37.846+0000] {processor.py:208} INFO - Processing /home/airflow/.local/lib/python3.12/site-packages/airflow/example_dags/example_setup_teardown_taskflow.py took 0.065 seconds
[2025-02-20T13:56:08.558+0000] {processor.py:186} INFO - Started process (PID=7205) to work on /home/airflow/.local/lib/python3.12/site-packages/airflow/example_dags/example_setup_teardown_taskflow.py
[2025-02-20T13:56:08.559+0000] {processor.py:914} INFO - Processing file /home/airflow/.local/lib/python3.12/site-packages/airflow/example_dags/example_setup_teardown_taskflow.py for tasks to queue
[2025-02-20T13:56:08.560+0000] {logging_mixin.py:190} INFO - [2025-02-20T13:56:08.560+0000] {dagbag.py:588} INFO - Filling up the DagBag from /home/airflow/.local/lib/python3.12/site-packages/airflow/example_dags/example_setup_teardown_taskflow.py
[2025-02-20T13:56:08.572+0000] {processor.py:925} INFO - DAG(s) 'example_setup_teardown_taskflow' retrieved from /home/airflow/.local/lib/python3.12/site-packages/airflow/example_dags/example_setup_teardown_taskflow.py
[2025-02-20T13:56:08.590+0000] {logging_mixin.py:190} INFO - [2025-02-20T13:56:08.590+0000] {dag.py:3239} INFO - Sync 1 DAGs
[2025-02-20T13:56:08.602+0000] {logging_mixin.py:190} INFO - [2025-02-20T13:56:08.602+0000] {dag.py:4180} INFO - Setting next_dagrun for example_setup_teardown_taskflow to None, run_after=None
[2025-02-20T13:56:08.618+0000] {processor.py:208} INFO - Processing /home/airflow/.local/lib/python3.12/site-packages/airflow/example_dags/example_setup_teardown_taskflow.py took 0.066 seconds
[2025-02-20T13:56:39.399+0000] {processor.py:186} INFO - Started process (PID=7286) to work on /home/airflow/.local/lib/python3.12/site-packages/airflow/example_dags/example_setup_teardown_taskflow.py
[2025-02-20T13:56:39.400+0000] {processor.py:914} INFO - Processing file /home/airflow/.local/lib/python3.12/site-packages/airflow/example_dags/example_setup_teardown_taskflow.py for tasks to queue
[2025-02-20T13:56:39.401+0000] {logging_mixin.py:190} INFO - [2025-02-20T13:56:39.401+0000] {dagbag.py:588} INFO - Filling up the DagBag from /home/airflow/.local/lib/python3.12/site-packages/airflow/example_dags/example_setup_teardown_taskflow.py
[2025-02-20T13:56:39.410+0000] {processor.py:925} INFO - DAG(s) 'example_setup_teardown_taskflow' retrieved from /home/airflow/.local/lib/python3.12/site-packages/airflow/example_dags/example_setup_teardown_taskflow.py
[2025-02-20T13:56:39.426+0000] {logging_mixin.py:190} INFO - [2025-02-20T13:56:39.426+0000] {dag.py:3239} INFO - Sync 1 DAGs
[2025-02-20T13:56:39.438+0000] {logging_mixin.py:190} INFO - [2025-02-20T13:56:39.437+0000] {dag.py:4180} INFO - Setting next_dagrun for example_setup_teardown_taskflow to None, run_after=None
[2025-02-20T13:56:39.453+0000] {processor.py:208} INFO - Processing /home/airflow/.local/lib/python3.12/site-packages/airflow/example_dags/example_setup_teardown_taskflow.py took 0.058 seconds
[2025-02-20T13:57:09.764+0000] {processor.py:186} INFO - Started process (PID=7362) to work on /home/airflow/.local/lib/python3.12/site-packages/airflow/example_dags/example_setup_teardown_taskflow.py
[2025-02-20T13:57:09.765+0000] {processor.py:914} INFO - Processing file /home/airflow/.local/lib/python3.12/site-packages/airflow/example_dags/example_setup_teardown_taskflow.py for tasks to queue
[2025-02-20T13:57:09.767+0000] {logging_mixin.py:190} INFO - [2025-02-20T13:57:09.766+0000] {dagbag.py:588} INFO - Filling up the DagBag from /home/airflow/.local/lib/python3.12/site-packages/airflow/example_dags/example_setup_teardown_taskflow.py
[2025-02-20T13:57:09.775+0000] {processor.py:925} INFO - DAG(s) 'example_setup_teardown_taskflow' retrieved from /home/airflow/.local/lib/python3.12/site-packages/airflow/example_dags/example_setup_teardown_taskflow.py
[2025-02-20T13:57:09.792+0000] {logging_mixin.py:190} INFO - [2025-02-20T13:57:09.792+0000] {dag.py:3239} INFO - Sync 1 DAGs
[2025-02-20T13:57:09.803+0000] {logging_mixin.py:190} INFO - [2025-02-20T13:57:09.803+0000] {dag.py:4180} INFO - Setting next_dagrun for example_setup_teardown_taskflow to None, run_after=None
[2025-02-20T13:57:09.819+0000] {processor.py:208} INFO - Processing /home/airflow/.local/lib/python3.12/site-packages/airflow/example_dags/example_setup_teardown_taskflow.py took 0.060 seconds
[2025-02-20T13:57:40.089+0000] {processor.py:186} INFO - Started process (PID=7439) to work on /home/airflow/.local/lib/python3.12/site-packages/airflow/example_dags/example_setup_teardown_taskflow.py
[2025-02-20T13:57:40.090+0000] {processor.py:914} INFO - Processing file /home/airflow/.local/lib/python3.12/site-packages/airflow/example_dags/example_setup_teardown_taskflow.py for tasks to queue
[2025-02-20T13:57:40.092+0000] {logging_mixin.py:190} INFO - [2025-02-20T13:57:40.091+0000] {dagbag.py:588} INFO - Filling up the DagBag from /home/airflow/.local/lib/python3.12/site-packages/airflow/example_dags/example_setup_teardown_taskflow.py
[2025-02-20T13:57:40.100+0000] {processor.py:925} INFO - DAG(s) 'example_setup_teardown_taskflow' retrieved from /home/airflow/.local/lib/python3.12/site-packages/airflow/example_dags/example_setup_teardown_taskflow.py
[2025-02-20T13:57:40.120+0000] {logging_mixin.py:190} INFO - [2025-02-20T13:57:40.120+0000] {dag.py:3239} INFO - Sync 1 DAGs
[2025-02-20T13:57:40.131+0000] {logging_mixin.py:190} INFO - [2025-02-20T13:57:40.131+0000] {dag.py:4180} INFO - Setting next_dagrun for example_setup_teardown_taskflow to None, run_after=None
[2025-02-20T13:57:40.148+0000] {processor.py:208} INFO - Processing /home/airflow/.local/lib/python3.12/site-packages/airflow/example_dags/example_setup_teardown_taskflow.py took 0.063 seconds
[2025-02-20T13:58:10.592+0000] {processor.py:186} INFO - Started process (PID=7515) to work on /home/airflow/.local/lib/python3.12/site-packages/airflow/example_dags/example_setup_teardown_taskflow.py
[2025-02-20T13:58:10.593+0000] {processor.py:914} INFO - Processing file /home/airflow/.local/lib/python3.12/site-packages/airflow/example_dags/example_setup_teardown_taskflow.py for tasks to queue
[2025-02-20T13:58:10.595+0000] {logging_mixin.py:190} INFO - [2025-02-20T13:58:10.595+0000] {dagbag.py:588} INFO - Filling up the DagBag from /home/airflow/.local/lib/python3.12/site-packages/airflow/example_dags/example_setup_teardown_taskflow.py
[2025-02-20T13:58:10.604+0000] {processor.py:925} INFO - DAG(s) 'example_setup_teardown_taskflow' retrieved from /home/airflow/.local/lib/python3.12/site-packages/airflow/example_dags/example_setup_teardown_taskflow.py
[2025-02-20T13:58:10.623+0000] {logging_mixin.py:190} INFO - [2025-02-20T13:58:10.623+0000] {dag.py:3239} INFO - Sync 1 DAGs
[2025-02-20T13:58:10.639+0000] {logging_mixin.py:190} INFO - [2025-02-20T13:58:10.638+0000] {dag.py:4180} INFO - Setting next_dagrun for example_setup_teardown_taskflow to None, run_after=None
[2025-02-20T13:58:10.662+0000] {processor.py:208} INFO - Processing /home/airflow/.local/lib/python3.12/site-packages/airflow/example_dags/example_setup_teardown_taskflow.py took 0.075 seconds
[2025-02-20T13:58:41.057+0000] {processor.py:186} INFO - Started process (PID=7590) to work on /home/airflow/.local/lib/python3.12/site-packages/airflow/example_dags/example_setup_teardown_taskflow.py
[2025-02-20T13:58:41.058+0000] {processor.py:914} INFO - Processing file /home/airflow/.local/lib/python3.12/site-packages/airflow/example_dags/example_setup_teardown_taskflow.py for tasks to queue
[2025-02-20T13:58:41.059+0000] {logging_mixin.py:190} INFO - [2025-02-20T13:58:41.059+0000] {dagbag.py:588} INFO - Filling up the DagBag from /home/airflow/.local/lib/python3.12/site-packages/airflow/example_dags/example_setup_teardown_taskflow.py
[2025-02-20T13:58:41.068+0000] {processor.py:925} INFO - DAG(s) 'example_setup_teardown_taskflow' retrieved from /home/airflow/.local/lib/python3.12/site-packages/airflow/example_dags/example_setup_teardown_taskflow.py
[2025-02-20T13:58:41.088+0000] {logging_mixin.py:190} INFO - [2025-02-20T13:58:41.087+0000] {dag.py:3239} INFO - Sync 1 DAGs
[2025-02-20T13:58:41.100+0000] {logging_mixin.py:190} INFO - [2025-02-20T13:58:41.100+0000] {dag.py:4180} INFO - Setting next_dagrun for example_setup_teardown_taskflow to None, run_after=None
[2025-02-20T13:58:41.120+0000] {processor.py:208} INFO - Processing /home/airflow/.local/lib/python3.12/site-packages/airflow/example_dags/example_setup_teardown_taskflow.py took 0.068 seconds
[2025-02-20T13:59:11.645+0000] {processor.py:186} INFO - Started process (PID=7667) to work on /home/airflow/.local/lib/python3.12/site-packages/airflow/example_dags/example_setup_teardown_taskflow.py
[2025-02-20T13:59:11.646+0000] {processor.py:914} INFO - Processing file /home/airflow/.local/lib/python3.12/site-packages/airflow/example_dags/example_setup_teardown_taskflow.py for tasks to queue
[2025-02-20T13:59:11.648+0000] {logging_mixin.py:190} INFO - [2025-02-20T13:59:11.648+0000] {dagbag.py:588} INFO - Filling up the DagBag from /home/airflow/.local/lib/python3.12/site-packages/airflow/example_dags/example_setup_teardown_taskflow.py
[2025-02-20T13:59:11.656+0000] {processor.py:925} INFO - DAG(s) 'example_setup_teardown_taskflow' retrieved from /home/airflow/.local/lib/python3.12/site-packages/airflow/example_dags/example_setup_teardown_taskflow.py
[2025-02-20T13:59:11.675+0000] {logging_mixin.py:190} INFO - [2025-02-20T13:59:11.675+0000] {dag.py:3239} INFO - Sync 1 DAGs
[2025-02-20T13:59:11.687+0000] {logging_mixin.py:190} INFO - [2025-02-20T13:59:11.687+0000] {dag.py:4180} INFO - Setting next_dagrun for example_setup_teardown_taskflow to None, run_after=None
[2025-02-20T13:59:11.705+0000] {processor.py:208} INFO - Processing /home/airflow/.local/lib/python3.12/site-packages/airflow/example_dags/example_setup_teardown_taskflow.py took 0.064 seconds
[2025-02-20T13:59:42.028+0000] {processor.py:186} INFO - Started process (PID=7743) to work on /home/airflow/.local/lib/python3.12/site-packages/airflow/example_dags/example_setup_teardown_taskflow.py
[2025-02-20T13:59:42.030+0000] {processor.py:914} INFO - Processing file /home/airflow/.local/lib/python3.12/site-packages/airflow/example_dags/example_setup_teardown_taskflow.py for tasks to queue
[2025-02-20T13:59:42.031+0000] {logging_mixin.py:190} INFO - [2025-02-20T13:59:42.031+0000] {dagbag.py:588} INFO - Filling up the DagBag from /home/airflow/.local/lib/python3.12/site-packages/airflow/example_dags/example_setup_teardown_taskflow.py
[2025-02-20T13:59:42.039+0000] {processor.py:925} INFO - DAG(s) 'example_setup_teardown_taskflow' retrieved from /home/airflow/.local/lib/python3.12/site-packages/airflow/example_dags/example_setup_teardown_taskflow.py
[2025-02-20T13:59:42.056+0000] {logging_mixin.py:190} INFO - [2025-02-20T13:59:42.055+0000] {dag.py:3239} INFO - Sync 1 DAGs
[2025-02-20T13:59:42.067+0000] {logging_mixin.py:190} INFO - [2025-02-20T13:59:42.067+0000] {dag.py:4180} INFO - Setting next_dagrun for example_setup_teardown_taskflow to None, run_after=None
[2025-02-20T13:59:42.082+0000] {processor.py:208} INFO - Processing /home/airflow/.local/lib/python3.12/site-packages/airflow/example_dags/example_setup_teardown_taskflow.py took 0.060 seconds
[2025-02-20T14:00:12.378+0000] {processor.py:186} INFO - Started process (PID=7819) to work on /home/airflow/.local/lib/python3.12/site-packages/airflow/example_dags/example_setup_teardown_taskflow.py
[2025-02-20T14:00:12.379+0000] {processor.py:914} INFO - Processing file /home/airflow/.local/lib/python3.12/site-packages/airflow/example_dags/example_setup_teardown_taskflow.py for tasks to queue
[2025-02-20T14:00:12.381+0000] {logging_mixin.py:190} INFO - [2025-02-20T14:00:12.381+0000] {dagbag.py:588} INFO - Filling up the DagBag from /home/airflow/.local/lib/python3.12/site-packages/airflow/example_dags/example_setup_teardown_taskflow.py
[2025-02-20T14:00:12.390+0000] {processor.py:925} INFO - DAG(s) 'example_setup_teardown_taskflow' retrieved from /home/airflow/.local/lib/python3.12/site-packages/airflow/example_dags/example_setup_teardown_taskflow.py
[2025-02-20T14:00:12.409+0000] {logging_mixin.py:190} INFO - [2025-02-20T14:00:12.409+0000] {dag.py:3239} INFO - Sync 1 DAGs
[2025-02-20T14:00:12.420+0000] {logging_mixin.py:190} INFO - [2025-02-20T14:00:12.420+0000] {dag.py:4180} INFO - Setting next_dagrun for example_setup_teardown_taskflow to None, run_after=None
[2025-02-20T14:00:12.436+0000] {processor.py:208} INFO - Processing /home/airflow/.local/lib/python3.12/site-packages/airflow/example_dags/example_setup_teardown_taskflow.py took 0.064 seconds
[2025-02-20T14:00:42.590+0000] {processor.py:186} INFO - Started process (PID=7895) to work on /home/airflow/.local/lib/python3.12/site-packages/airflow/example_dags/example_setup_teardown_taskflow.py
[2025-02-20T14:00:42.592+0000] {processor.py:914} INFO - Processing file /home/airflow/.local/lib/python3.12/site-packages/airflow/example_dags/example_setup_teardown_taskflow.py for tasks to queue
[2025-02-20T14:00:42.593+0000] {logging_mixin.py:190} INFO - [2025-02-20T14:00:42.593+0000] {dagbag.py:588} INFO - Filling up the DagBag from /home/airflow/.local/lib/python3.12/site-packages/airflow/example_dags/example_setup_teardown_taskflow.py
[2025-02-20T14:00:42.602+0000] {processor.py:925} INFO - DAG(s) 'example_setup_teardown_taskflow' retrieved from /home/airflow/.local/lib/python3.12/site-packages/airflow/example_dags/example_setup_teardown_taskflow.py
[2025-02-20T14:00:42.621+0000] {logging_mixin.py:190} INFO - [2025-02-20T14:00:42.620+0000] {dag.py:3239} INFO - Sync 1 DAGs
[2025-02-20T14:00:42.632+0000] {logging_mixin.py:190} INFO - [2025-02-20T14:00:42.632+0000] {dag.py:4180} INFO - Setting next_dagrun for example_setup_teardown_taskflow to None, run_after=None
[2025-02-20T14:00:42.649+0000] {processor.py:208} INFO - Processing /home/airflow/.local/lib/python3.12/site-packages/airflow/example_dags/example_setup_teardown_taskflow.py took 0.063 seconds
[2025-02-20T14:01:13.283+0000] {processor.py:186} INFO - Started process (PID=7971) to work on /home/airflow/.local/lib/python3.12/site-packages/airflow/example_dags/example_setup_teardown_taskflow.py
[2025-02-20T14:01:13.285+0000] {processor.py:914} INFO - Processing file /home/airflow/.local/lib/python3.12/site-packages/airflow/example_dags/example_setup_teardown_taskflow.py for tasks to queue
[2025-02-20T14:01:13.286+0000] {logging_mixin.py:190} INFO - [2025-02-20T14:01:13.286+0000] {dagbag.py:588} INFO - Filling up the DagBag from /home/airflow/.local/lib/python3.12/site-packages/airflow/example_dags/example_setup_teardown_taskflow.py
[2025-02-20T14:01:13.294+0000] {processor.py:925} INFO - DAG(s) 'example_setup_teardown_taskflow' retrieved from /home/airflow/.local/lib/python3.12/site-packages/airflow/example_dags/example_setup_teardown_taskflow.py
[2025-02-20T14:01:13.313+0000] {logging_mixin.py:190} INFO - [2025-02-20T14:01:13.313+0000] {dag.py:3239} INFO - Sync 1 DAGs
[2025-02-20T14:01:13.324+0000] {logging_mixin.py:190} INFO - [2025-02-20T14:01:13.324+0000] {dag.py:4180} INFO - Setting next_dagrun for example_setup_teardown_taskflow to None, run_after=None
[2025-02-20T14:01:13.342+0000] {processor.py:208} INFO - Processing /home/airflow/.local/lib/python3.12/site-packages/airflow/example_dags/example_setup_teardown_taskflow.py took 0.064 seconds
[2025-02-20T14:01:43.463+0000] {processor.py:186} INFO - Started process (PID=8047) to work on /home/airflow/.local/lib/python3.12/site-packages/airflow/example_dags/example_setup_teardown_taskflow.py
[2025-02-20T14:01:43.464+0000] {processor.py:914} INFO - Processing file /home/airflow/.local/lib/python3.12/site-packages/airflow/example_dags/example_setup_teardown_taskflow.py for tasks to queue
[2025-02-20T14:01:43.466+0000] {logging_mixin.py:190} INFO - [2025-02-20T14:01:43.465+0000] {dagbag.py:588} INFO - Filling up the DagBag from /home/airflow/.local/lib/python3.12/site-packages/airflow/example_dags/example_setup_teardown_taskflow.py
[2025-02-20T14:01:43.474+0000] {processor.py:925} INFO - DAG(s) 'example_setup_teardown_taskflow' retrieved from /home/airflow/.local/lib/python3.12/site-packages/airflow/example_dags/example_setup_teardown_taskflow.py
[2025-02-20T14:01:43.491+0000] {logging_mixin.py:190} INFO - [2025-02-20T14:01:43.491+0000] {dag.py:3239} INFO - Sync 1 DAGs
[2025-02-20T14:01:43.502+0000] {logging_mixin.py:190} INFO - [2025-02-20T14:01:43.502+0000] {dag.py:4180} INFO - Setting next_dagrun for example_setup_teardown_taskflow to None, run_after=None
[2025-02-20T14:01:43.517+0000] {processor.py:208} INFO - Processing /home/airflow/.local/lib/python3.12/site-packages/airflow/example_dags/example_setup_teardown_taskflow.py took 0.059 seconds
[2025-02-20T14:02:13.857+0000] {processor.py:186} INFO - Started process (PID=8121) to work on /home/airflow/.local/lib/python3.12/site-packages/airflow/example_dags/example_setup_teardown_taskflow.py
[2025-02-20T14:02:13.858+0000] {processor.py:914} INFO - Processing file /home/airflow/.local/lib/python3.12/site-packages/airflow/example_dags/example_setup_teardown_taskflow.py for tasks to queue
[2025-02-20T14:02:13.860+0000] {logging_mixin.py:190} INFO - [2025-02-20T14:02:13.859+0000] {dagbag.py:588} INFO - Filling up the DagBag from /home/airflow/.local/lib/python3.12/site-packages/airflow/example_dags/example_setup_teardown_taskflow.py
[2025-02-20T14:02:13.870+0000] {processor.py:925} INFO - DAG(s) 'example_setup_teardown_taskflow' retrieved from /home/airflow/.local/lib/python3.12/site-packages/airflow/example_dags/example_setup_teardown_taskflow.py
[2025-02-20T14:02:13.892+0000] {logging_mixin.py:190} INFO - [2025-02-20T14:02:13.892+0000] {dag.py:3239} INFO - Sync 1 DAGs
[2025-02-20T14:02:13.907+0000] {logging_mixin.py:190} INFO - [2025-02-20T14:02:13.906+0000] {dag.py:4180} INFO - Setting next_dagrun for example_setup_teardown_taskflow to None, run_after=None
[2025-02-20T14:02:13.926+0000] {processor.py:208} INFO - Processing /home/airflow/.local/lib/python3.12/site-packages/airflow/example_dags/example_setup_teardown_taskflow.py took 0.075 seconds
[2025-02-20T14:02:44.049+0000] {processor.py:186} INFO - Started process (PID=8197) to work on /home/airflow/.local/lib/python3.12/site-packages/airflow/example_dags/example_setup_teardown_taskflow.py
[2025-02-20T14:02:44.050+0000] {processor.py:914} INFO - Processing file /home/airflow/.local/lib/python3.12/site-packages/airflow/example_dags/example_setup_teardown_taskflow.py for tasks to queue
[2025-02-20T14:02:44.052+0000] {logging_mixin.py:190} INFO - [2025-02-20T14:02:44.051+0000] {dagbag.py:588} INFO - Filling up the DagBag from /home/airflow/.local/lib/python3.12/site-packages/airflow/example_dags/example_setup_teardown_taskflow.py
[2025-02-20T14:02:44.060+0000] {processor.py:925} INFO - DAG(s) 'example_setup_teardown_taskflow' retrieved from /home/airflow/.local/lib/python3.12/site-packages/airflow/example_dags/example_setup_teardown_taskflow.py
[2025-02-20T14:02:44.078+0000] {logging_mixin.py:190} INFO - [2025-02-20T14:02:44.078+0000] {dag.py:3239} INFO - Sync 1 DAGs
[2025-02-20T14:02:44.090+0000] {logging_mixin.py:190} INFO - [2025-02-20T14:02:44.090+0000] {dag.py:4180} INFO - Setting next_dagrun for example_setup_teardown_taskflow to None, run_after=None
[2025-02-20T14:02:44.104+0000] {processor.py:208} INFO - Processing /home/airflow/.local/lib/python3.12/site-packages/airflow/example_dags/example_setup_teardown_taskflow.py took 0.059 seconds
[2025-02-20T14:03:14.348+0000] {processor.py:186} INFO - Started process (PID=8273) to work on /home/airflow/.local/lib/python3.12/site-packages/airflow/example_dags/example_setup_teardown_taskflow.py
[2025-02-20T14:03:14.350+0000] {processor.py:914} INFO - Processing file /home/airflow/.local/lib/python3.12/site-packages/airflow/example_dags/example_setup_teardown_taskflow.py for tasks to queue
[2025-02-20T14:03:14.352+0000] {logging_mixin.py:190} INFO - [2025-02-20T14:03:14.351+0000] {dagbag.py:588} INFO - Filling up the DagBag from /home/airflow/.local/lib/python3.12/site-packages/airflow/example_dags/example_setup_teardown_taskflow.py
[2025-02-20T14:03:14.360+0000] {processor.py:925} INFO - DAG(s) 'example_setup_teardown_taskflow' retrieved from /home/airflow/.local/lib/python3.12/site-packages/airflow/example_dags/example_setup_teardown_taskflow.py
[2025-02-20T14:03:14.378+0000] {logging_mixin.py:190} INFO - [2025-02-20T14:03:14.378+0000] {dag.py:3239} INFO - Sync 1 DAGs
[2025-02-20T14:03:14.391+0000] {logging_mixin.py:190} INFO - [2025-02-20T14:03:14.391+0000] {dag.py:4180} INFO - Setting next_dagrun for example_setup_teardown_taskflow to None, run_after=None
[2025-02-20T14:03:14.407+0000] {processor.py:208} INFO - Processing /home/airflow/.local/lib/python3.12/site-packages/airflow/example_dags/example_setup_teardown_taskflow.py took 0.064 seconds
[2025-02-20T14:44:21.416+0000] {processor.py:186} INFO - Started process (PID=8371) to work on /home/airflow/.local/lib/python3.12/site-packages/airflow/example_dags/example_setup_teardown_taskflow.py
[2025-02-20T14:44:21.417+0000] {processor.py:914} INFO - Processing file /home/airflow/.local/lib/python3.12/site-packages/airflow/example_dags/example_setup_teardown_taskflow.py for tasks to queue
[2025-02-20T14:44:21.418+0000] {logging_mixin.py:190} INFO - [2025-02-20T14:44:21.418+0000] {dagbag.py:588} INFO - Filling up the DagBag from /home/airflow/.local/lib/python3.12/site-packages/airflow/example_dags/example_setup_teardown_taskflow.py
[2025-02-20T14:44:21.428+0000] {processor.py:925} INFO - DAG(s) 'example_setup_teardown_taskflow' retrieved from /home/airflow/.local/lib/python3.12/site-packages/airflow/example_dags/example_setup_teardown_taskflow.py
[2025-02-20T14:44:21.445+0000] {logging_mixin.py:190} INFO - [2025-02-20T14:44:21.445+0000] {dag.py:3239} INFO - Sync 1 DAGs
[2025-02-20T14:44:21.456+0000] {logging_mixin.py:190} INFO - [2025-02-20T14:44:21.456+0000] {dag.py:4180} INFO - Setting next_dagrun for example_setup_teardown_taskflow to None, run_after=None
[2025-02-20T14:44:21.473+0000] {processor.py:208} INFO - Processing /home/airflow/.local/lib/python3.12/site-packages/airflow/example_dags/example_setup_teardown_taskflow.py took 0.062 seconds
[2025-02-20T14:44:52.369+0000] {processor.py:186} INFO - Started process (PID=8447) to work on /home/airflow/.local/lib/python3.12/site-packages/airflow/example_dags/example_setup_teardown_taskflow.py
[2025-02-20T14:44:52.370+0000] {processor.py:914} INFO - Processing file /home/airflow/.local/lib/python3.12/site-packages/airflow/example_dags/example_setup_teardown_taskflow.py for tasks to queue
[2025-02-20T14:44:52.372+0000] {logging_mixin.py:190} INFO - [2025-02-20T14:44:52.371+0000] {dagbag.py:588} INFO - Filling up the DagBag from /home/airflow/.local/lib/python3.12/site-packages/airflow/example_dags/example_setup_teardown_taskflow.py
[2025-02-20T14:44:52.380+0000] {processor.py:925} INFO - DAG(s) 'example_setup_teardown_taskflow' retrieved from /home/airflow/.local/lib/python3.12/site-packages/airflow/example_dags/example_setup_teardown_taskflow.py
[2025-02-20T14:44:52.400+0000] {logging_mixin.py:190} INFO - [2025-02-20T14:44:52.400+0000] {dag.py:3239} INFO - Sync 1 DAGs
[2025-02-20T14:44:52.415+0000] {logging_mixin.py:190} INFO - [2025-02-20T14:44:52.415+0000] {dag.py:4180} INFO - Setting next_dagrun for example_setup_teardown_taskflow to None, run_after=None
[2025-02-20T14:44:52.431+0000] {processor.py:208} INFO - Processing /home/airflow/.local/lib/python3.12/site-packages/airflow/example_dags/example_setup_teardown_taskflow.py took 0.066 seconds
[2025-02-20T14:45:22.807+0000] {processor.py:186} INFO - Started process (PID=8524) to work on /home/airflow/.local/lib/python3.12/site-packages/airflow/example_dags/example_setup_teardown_taskflow.py
[2025-02-20T14:45:22.808+0000] {processor.py:914} INFO - Processing file /home/airflow/.local/lib/python3.12/site-packages/airflow/example_dags/example_setup_teardown_taskflow.py for tasks to queue
[2025-02-20T14:45:22.809+0000] {logging_mixin.py:190} INFO - [2025-02-20T14:45:22.809+0000] {dagbag.py:588} INFO - Filling up the DagBag from /home/airflow/.local/lib/python3.12/site-packages/airflow/example_dags/example_setup_teardown_taskflow.py
[2025-02-20T14:45:22.817+0000] {processor.py:925} INFO - DAG(s) 'example_setup_teardown_taskflow' retrieved from /home/airflow/.local/lib/python3.12/site-packages/airflow/example_dags/example_setup_teardown_taskflow.py
[2025-02-20T14:45:22.835+0000] {logging_mixin.py:190} INFO - [2025-02-20T14:45:22.835+0000] {dag.py:3239} INFO - Sync 1 DAGs
[2025-02-20T14:45:22.849+0000] {logging_mixin.py:190} INFO - [2025-02-20T14:45:22.849+0000] {dag.py:4180} INFO - Setting next_dagrun for example_setup_teardown_taskflow to None, run_after=None
[2025-02-20T14:45:22.864+0000] {processor.py:208} INFO - Processing /home/airflow/.local/lib/python3.12/site-packages/airflow/example_dags/example_setup_teardown_taskflow.py took 0.062 seconds
