[2025-02-20T13:41:21.029+0000] {processor.py:186} INFO - Started process (PID=5009) to work on /home/airflow/.local/lib/python3.12/site-packages/airflow/example_dags/example_sensor_decorator.py
[2025-02-20T13:41:21.031+0000] {processor.py:914} INFO - Processing file /home/airflow/.local/lib/python3.12/site-packages/airflow/example_dags/example_sensor_decorator.py for tasks to queue
[2025-02-20T13:41:21.033+0000] {logging_mixin.py:190} INFO - [2025-02-20T13:41:21.033+0000] {dagbag.py:588} INFO - Filling up the DagBag from /home/airflow/.local/lib/python3.12/site-packages/airflow/example_dags/example_sensor_decorator.py
[2025-02-20T13:41:21.046+0000] {processor.py:925} INFO - DAG(s) 'example_sensor_decorator' retrieved from /home/airflow/.local/lib/python3.12/site-packages/airflow/example_dags/example_sensor_decorator.py
[2025-02-20T13:41:21.089+0000] {logging_mixin.py:190} INFO - [2025-02-20T13:41:21.088+0000] {dag.py:3239} INFO - Sync 1 DAGs
[2025-02-20T13:41:21.128+0000] {logging_mixin.py:190} INFO - [2025-02-20T13:41:21.127+0000] {dag.py:4180} INFO - Setting next_dagrun for example_sensor_decorator to None, run_after=None
[2025-02-20T13:41:21.167+0000] {processor.py:208} INFO - Processing /home/airflow/.local/lib/python3.12/site-packages/airflow/example_dags/example_sensor_decorator.py took 0.151 seconds
[2025-02-20T13:41:52.331+0000] {processor.py:186} INFO - Started process (PID=5085) to work on /home/airflow/.local/lib/python3.12/site-packages/airflow/example_dags/example_sensor_decorator.py
[2025-02-20T13:41:52.332+0000] {processor.py:914} INFO - Processing file /home/airflow/.local/lib/python3.12/site-packages/airflow/example_dags/example_sensor_decorator.py for tasks to queue
[2025-02-20T13:41:52.334+0000] {logging_mixin.py:190} INFO - [2025-02-20T13:41:52.333+0000] {dagbag.py:588} INFO - Filling up the DagBag from /home/airflow/.local/lib/python3.12/site-packages/airflow/example_dags/example_sensor_decorator.py
[2025-02-20T13:41:52.341+0000] {processor.py:925} INFO - DAG(s) 'example_sensor_decorator' retrieved from /home/airflow/.local/lib/python3.12/site-packages/airflow/example_dags/example_sensor_decorator.py
[2025-02-20T13:41:52.361+0000] {logging_mixin.py:190} INFO - [2025-02-20T13:41:52.361+0000] {dag.py:3239} INFO - Sync 1 DAGs
[2025-02-20T13:41:52.378+0000] {logging_mixin.py:190} INFO - [2025-02-20T13:41:52.377+0000] {dag.py:4180} INFO - Setting next_dagrun for example_sensor_decorator to None, run_after=None
[2025-02-20T13:41:52.401+0000] {processor.py:208} INFO - Processing /home/airflow/.local/lib/python3.12/site-packages/airflow/example_dags/example_sensor_decorator.py took 0.075 seconds
[2025-02-20T13:42:22.756+0000] {processor.py:186} INFO - Started process (PID=5161) to work on /home/airflow/.local/lib/python3.12/site-packages/airflow/example_dags/example_sensor_decorator.py
[2025-02-20T13:42:22.759+0000] {processor.py:914} INFO - Processing file /home/airflow/.local/lib/python3.12/site-packages/airflow/example_dags/example_sensor_decorator.py for tasks to queue
[2025-02-20T13:42:22.762+0000] {logging_mixin.py:190} INFO - [2025-02-20T13:42:22.762+0000] {dagbag.py:588} INFO - Filling up the DagBag from /home/airflow/.local/lib/python3.12/site-packages/airflow/example_dags/example_sensor_decorator.py
[2025-02-20T13:42:22.777+0000] {processor.py:925} INFO - DAG(s) 'example_sensor_decorator' retrieved from /home/airflow/.local/lib/python3.12/site-packages/airflow/example_dags/example_sensor_decorator.py
[2025-02-20T13:42:22.812+0000] {logging_mixin.py:190} INFO - [2025-02-20T13:42:22.811+0000] {dag.py:3239} INFO - Sync 1 DAGs
[2025-02-20T13:42:22.839+0000] {logging_mixin.py:190} INFO - [2025-02-20T13:42:22.839+0000] {dag.py:4180} INFO - Setting next_dagrun for example_sensor_decorator to None, run_after=None
[2025-02-20T13:42:22.874+0000] {processor.py:208} INFO - Processing /home/airflow/.local/lib/python3.12/site-packages/airflow/example_dags/example_sensor_decorator.py took 0.125 seconds
[2025-02-20T13:42:53.505+0000] {processor.py:186} INFO - Started process (PID=5237) to work on /home/airflow/.local/lib/python3.12/site-packages/airflow/example_dags/example_sensor_decorator.py
[2025-02-20T13:42:53.506+0000] {processor.py:914} INFO - Processing file /home/airflow/.local/lib/python3.12/site-packages/airflow/example_dags/example_sensor_decorator.py for tasks to queue
[2025-02-20T13:42:53.509+0000] {logging_mixin.py:190} INFO - [2025-02-20T13:42:53.508+0000] {dagbag.py:588} INFO - Filling up the DagBag from /home/airflow/.local/lib/python3.12/site-packages/airflow/example_dags/example_sensor_decorator.py
[2025-02-20T13:42:53.524+0000] {processor.py:925} INFO - DAG(s) 'example_sensor_decorator' retrieved from /home/airflow/.local/lib/python3.12/site-packages/airflow/example_dags/example_sensor_decorator.py
[2025-02-20T13:42:53.560+0000] {logging_mixin.py:190} INFO - [2025-02-20T13:42:53.559+0000] {dag.py:3239} INFO - Sync 1 DAGs
[2025-02-20T13:42:53.589+0000] {logging_mixin.py:190} INFO - [2025-02-20T13:42:53.589+0000] {dag.py:4180} INFO - Setting next_dagrun for example_sensor_decorator to None, run_after=None
[2025-02-20T13:42:53.624+0000] {processor.py:208} INFO - Processing /home/airflow/.local/lib/python3.12/site-packages/airflow/example_dags/example_sensor_decorator.py took 0.128 seconds
[2025-02-20T13:43:23.729+0000] {processor.py:186} INFO - Started process (PID=5313) to work on /home/airflow/.local/lib/python3.12/site-packages/airflow/example_dags/example_sensor_decorator.py
[2025-02-20T13:43:23.731+0000] {processor.py:914} INFO - Processing file /home/airflow/.local/lib/python3.12/site-packages/airflow/example_dags/example_sensor_decorator.py for tasks to queue
[2025-02-20T13:43:23.733+0000] {logging_mixin.py:190} INFO - [2025-02-20T13:43:23.732+0000] {dagbag.py:588} INFO - Filling up the DagBag from /home/airflow/.local/lib/python3.12/site-packages/airflow/example_dags/example_sensor_decorator.py
[2025-02-20T13:43:23.741+0000] {processor.py:925} INFO - DAG(s) 'example_sensor_decorator' retrieved from /home/airflow/.local/lib/python3.12/site-packages/airflow/example_dags/example_sensor_decorator.py
[2025-02-20T13:43:23.766+0000] {logging_mixin.py:190} INFO - [2025-02-20T13:43:23.766+0000] {dag.py:3239} INFO - Sync 1 DAGs
[2025-02-20T13:43:23.782+0000] {logging_mixin.py:190} INFO - [2025-02-20T13:43:23.782+0000] {dag.py:4180} INFO - Setting next_dagrun for example_sensor_decorator to None, run_after=None
[2025-02-20T13:43:23.802+0000] {processor.py:208} INFO - Processing /home/airflow/.local/lib/python3.12/site-packages/airflow/example_dags/example_sensor_decorator.py took 0.079 seconds
[2025-02-20T13:43:54.275+0000] {processor.py:186} INFO - Started process (PID=5388) to work on /home/airflow/.local/lib/python3.12/site-packages/airflow/example_dags/example_sensor_decorator.py
[2025-02-20T13:43:54.276+0000] {processor.py:914} INFO - Processing file /home/airflow/.local/lib/python3.12/site-packages/airflow/example_dags/example_sensor_decorator.py for tasks to queue
[2025-02-20T13:43:54.278+0000] {logging_mixin.py:190} INFO - [2025-02-20T13:43:54.278+0000] {dagbag.py:588} INFO - Filling up the DagBag from /home/airflow/.local/lib/python3.12/site-packages/airflow/example_dags/example_sensor_decorator.py
[2025-02-20T13:43:54.290+0000] {processor.py:925} INFO - DAG(s) 'example_sensor_decorator' retrieved from /home/airflow/.local/lib/python3.12/site-packages/airflow/example_dags/example_sensor_decorator.py
[2025-02-20T13:43:54.319+0000] {logging_mixin.py:190} INFO - [2025-02-20T13:43:54.318+0000] {dag.py:3239} INFO - Sync 1 DAGs
[2025-02-20T13:43:54.336+0000] {logging_mixin.py:190} INFO - [2025-02-20T13:43:54.336+0000] {dag.py:4180} INFO - Setting next_dagrun for example_sensor_decorator to None, run_after=None
[2025-02-20T13:43:54.364+0000] {processor.py:208} INFO - Processing /home/airflow/.local/lib/python3.12/site-packages/airflow/example_dags/example_sensor_decorator.py took 0.096 seconds
[2025-02-20T13:44:24.927+0000] {processor.py:186} INFO - Started process (PID=5464) to work on /home/airflow/.local/lib/python3.12/site-packages/airflow/example_dags/example_sensor_decorator.py
[2025-02-20T13:44:24.928+0000] {processor.py:914} INFO - Processing file /home/airflow/.local/lib/python3.12/site-packages/airflow/example_dags/example_sensor_decorator.py for tasks to queue
[2025-02-20T13:44:24.930+0000] {logging_mixin.py:190} INFO - [2025-02-20T13:44:24.930+0000] {dagbag.py:588} INFO - Filling up the DagBag from /home/airflow/.local/lib/python3.12/site-packages/airflow/example_dags/example_sensor_decorator.py
[2025-02-20T13:44:24.939+0000] {processor.py:925} INFO - DAG(s) 'example_sensor_decorator' retrieved from /home/airflow/.local/lib/python3.12/site-packages/airflow/example_dags/example_sensor_decorator.py
[2025-02-20T13:44:24.960+0000] {logging_mixin.py:190} INFO - [2025-02-20T13:44:24.959+0000] {dag.py:3239} INFO - Sync 1 DAGs
[2025-02-20T13:44:24.977+0000] {logging_mixin.py:190} INFO - [2025-02-20T13:44:24.976+0000] {dag.py:4180} INFO - Setting next_dagrun for example_sensor_decorator to None, run_after=None
[2025-02-20T13:44:24.997+0000] {processor.py:208} INFO - Processing /home/airflow/.local/lib/python3.12/site-packages/airflow/example_dags/example_sensor_decorator.py took 0.076 seconds
[2025-02-20T13:44:55.673+0000] {processor.py:186} INFO - Started process (PID=5540) to work on /home/airflow/.local/lib/python3.12/site-packages/airflow/example_dags/example_sensor_decorator.py
[2025-02-20T13:44:55.675+0000] {processor.py:914} INFO - Processing file /home/airflow/.local/lib/python3.12/site-packages/airflow/example_dags/example_sensor_decorator.py for tasks to queue
[2025-02-20T13:44:55.677+0000] {logging_mixin.py:190} INFO - [2025-02-20T13:44:55.677+0000] {dagbag.py:588} INFO - Filling up the DagBag from /home/airflow/.local/lib/python3.12/site-packages/airflow/example_dags/example_sensor_decorator.py
[2025-02-20T13:44:55.686+0000] {processor.py:925} INFO - DAG(s) 'example_sensor_decorator' retrieved from /home/airflow/.local/lib/python3.12/site-packages/airflow/example_dags/example_sensor_decorator.py
[2025-02-20T13:44:55.713+0000] {logging_mixin.py:190} INFO - [2025-02-20T13:44:55.713+0000] {dag.py:3239} INFO - Sync 1 DAGs
[2025-02-20T13:44:55.734+0000] {logging_mixin.py:190} INFO - [2025-02-20T13:44:55.733+0000] {dag.py:4180} INFO - Setting next_dagrun for example_sensor_decorator to None, run_after=None
[2025-02-20T13:44:55.759+0000] {processor.py:208} INFO - Processing /home/airflow/.local/lib/python3.12/site-packages/airflow/example_dags/example_sensor_decorator.py took 0.093 seconds
[2025-02-20T13:45:25.985+0000] {processor.py:186} INFO - Started process (PID=5616) to work on /home/airflow/.local/lib/python3.12/site-packages/airflow/example_dags/example_sensor_decorator.py
[2025-02-20T13:45:25.987+0000] {processor.py:914} INFO - Processing file /home/airflow/.local/lib/python3.12/site-packages/airflow/example_dags/example_sensor_decorator.py for tasks to queue
[2025-02-20T13:45:25.988+0000] {logging_mixin.py:190} INFO - [2025-02-20T13:45:25.988+0000] {dagbag.py:588} INFO - Filling up the DagBag from /home/airflow/.local/lib/python3.12/site-packages/airflow/example_dags/example_sensor_decorator.py
[2025-02-20T13:45:25.994+0000] {processor.py:925} INFO - DAG(s) 'example_sensor_decorator' retrieved from /home/airflow/.local/lib/python3.12/site-packages/airflow/example_dags/example_sensor_decorator.py
[2025-02-20T13:45:26.010+0000] {logging_mixin.py:190} INFO - [2025-02-20T13:45:26.009+0000] {dag.py:3239} INFO - Sync 1 DAGs
[2025-02-20T13:45:26.021+0000] {logging_mixin.py:190} INFO - [2025-02-20T13:45:26.021+0000] {dag.py:4180} INFO - Setting next_dagrun for example_sensor_decorator to None, run_after=None
[2025-02-20T13:45:26.036+0000] {processor.py:208} INFO - Processing /home/airflow/.local/lib/python3.12/site-packages/airflow/example_dags/example_sensor_decorator.py took 0.056 seconds
[2025-02-20T13:45:56.179+0000] {processor.py:186} INFO - Started process (PID=5693) to work on /home/airflow/.local/lib/python3.12/site-packages/airflow/example_dags/example_sensor_decorator.py
[2025-02-20T13:45:56.180+0000] {processor.py:914} INFO - Processing file /home/airflow/.local/lib/python3.12/site-packages/airflow/example_dags/example_sensor_decorator.py for tasks to queue
[2025-02-20T13:45:56.181+0000] {logging_mixin.py:190} INFO - [2025-02-20T13:45:56.181+0000] {dagbag.py:588} INFO - Filling up the DagBag from /home/airflow/.local/lib/python3.12/site-packages/airflow/example_dags/example_sensor_decorator.py
[2025-02-20T13:45:56.190+0000] {processor.py:925} INFO - DAG(s) 'example_sensor_decorator' retrieved from /home/airflow/.local/lib/python3.12/site-packages/airflow/example_dags/example_sensor_decorator.py
[2025-02-20T13:45:56.207+0000] {logging_mixin.py:190} INFO - [2025-02-20T13:45:56.207+0000] {dag.py:3239} INFO - Sync 1 DAGs
[2025-02-20T13:45:56.220+0000] {logging_mixin.py:190} INFO - [2025-02-20T13:45:56.220+0000] {dag.py:4180} INFO - Setting next_dagrun for example_sensor_decorator to None, run_after=None
[2025-02-20T13:45:56.241+0000] {processor.py:208} INFO - Processing /home/airflow/.local/lib/python3.12/site-packages/airflow/example_dags/example_sensor_decorator.py took 0.068 seconds
[2025-02-20T13:46:26.679+0000] {processor.py:186} INFO - Started process (PID=5769) to work on /home/airflow/.local/lib/python3.12/site-packages/airflow/example_dags/example_sensor_decorator.py
[2025-02-20T13:46:26.681+0000] {processor.py:914} INFO - Processing file /home/airflow/.local/lib/python3.12/site-packages/airflow/example_dags/example_sensor_decorator.py for tasks to queue
[2025-02-20T13:46:26.683+0000] {logging_mixin.py:190} INFO - [2025-02-20T13:46:26.682+0000] {dagbag.py:588} INFO - Filling up the DagBag from /home/airflow/.local/lib/python3.12/site-packages/airflow/example_dags/example_sensor_decorator.py
[2025-02-20T13:46:26.689+0000] {processor.py:925} INFO - DAG(s) 'example_sensor_decorator' retrieved from /home/airflow/.local/lib/python3.12/site-packages/airflow/example_dags/example_sensor_decorator.py
[2025-02-20T13:46:26.706+0000] {logging_mixin.py:190} INFO - [2025-02-20T13:46:26.706+0000] {dag.py:3239} INFO - Sync 1 DAGs
[2025-02-20T13:46:26.718+0000] {logging_mixin.py:190} INFO - [2025-02-20T13:46:26.718+0000] {dag.py:4180} INFO - Setting next_dagrun for example_sensor_decorator to None, run_after=None
[2025-02-20T13:46:26.735+0000] {processor.py:208} INFO - Processing /home/airflow/.local/lib/python3.12/site-packages/airflow/example_dags/example_sensor_decorator.py took 0.060 seconds
[2025-02-20T13:46:56.845+0000] {processor.py:186} INFO - Started process (PID=5844) to work on /home/airflow/.local/lib/python3.12/site-packages/airflow/example_dags/example_sensor_decorator.py
[2025-02-20T13:46:56.852+0000] {processor.py:914} INFO - Processing file /home/airflow/.local/lib/python3.12/site-packages/airflow/example_dags/example_sensor_decorator.py for tasks to queue
[2025-02-20T13:46:56.859+0000] {logging_mixin.py:190} INFO - [2025-02-20T13:46:56.859+0000] {dagbag.py:588} INFO - Filling up the DagBag from /home/airflow/.local/lib/python3.12/site-packages/airflow/example_dags/example_sensor_decorator.py
[2025-02-20T13:46:56.866+0000] {processor.py:925} INFO - DAG(s) 'example_sensor_decorator' retrieved from /home/airflow/.local/lib/python3.12/site-packages/airflow/example_dags/example_sensor_decorator.py
[2025-02-20T13:46:56.881+0000] {logging_mixin.py:190} INFO - [2025-02-20T13:46:56.881+0000] {dag.py:3239} INFO - Sync 1 DAGs
[2025-02-20T13:46:56.892+0000] {logging_mixin.py:190} INFO - [2025-02-20T13:46:56.892+0000] {dag.py:4180} INFO - Setting next_dagrun for example_sensor_decorator to None, run_after=None
[2025-02-20T13:46:56.905+0000] {processor.py:208} INFO - Processing /home/airflow/.local/lib/python3.12/site-packages/airflow/example_dags/example_sensor_decorator.py took 0.064 seconds
[2025-02-20T13:47:28.156+0000] {processor.py:186} INFO - Started process (PID=5925) to work on /home/airflow/.local/lib/python3.12/site-packages/airflow/example_dags/example_sensor_decorator.py
[2025-02-20T13:47:28.158+0000] {processor.py:914} INFO - Processing file /home/airflow/.local/lib/python3.12/site-packages/airflow/example_dags/example_sensor_decorator.py for tasks to queue
[2025-02-20T13:47:28.161+0000] {logging_mixin.py:190} INFO - [2025-02-20T13:47:28.160+0000] {dagbag.py:588} INFO - Filling up the DagBag from /home/airflow/.local/lib/python3.12/site-packages/airflow/example_dags/example_sensor_decorator.py
[2025-02-20T13:47:28.174+0000] {processor.py:925} INFO - DAG(s) 'example_sensor_decorator' retrieved from /home/airflow/.local/lib/python3.12/site-packages/airflow/example_dags/example_sensor_decorator.py
[2025-02-20T13:47:28.209+0000] {logging_mixin.py:190} INFO - [2025-02-20T13:47:28.209+0000] {dag.py:3239} INFO - Sync 1 DAGs
[2025-02-20T13:47:28.236+0000] {logging_mixin.py:190} INFO - [2025-02-20T13:47:28.236+0000] {dag.py:4180} INFO - Setting next_dagrun for example_sensor_decorator to None, run_after=None
[2025-02-20T13:47:28.278+0000] {processor.py:208} INFO - Processing /home/airflow/.local/lib/python3.12/site-packages/airflow/example_dags/example_sensor_decorator.py took 0.133 seconds
[2025-02-20T13:47:59.188+0000] {processor.py:186} INFO - Started process (PID=6001) to work on /home/airflow/.local/lib/python3.12/site-packages/airflow/example_dags/example_sensor_decorator.py
[2025-02-20T13:47:59.190+0000] {processor.py:914} INFO - Processing file /home/airflow/.local/lib/python3.12/site-packages/airflow/example_dags/example_sensor_decorator.py for tasks to queue
[2025-02-20T13:47:59.192+0000] {logging_mixin.py:190} INFO - [2025-02-20T13:47:59.191+0000] {dagbag.py:588} INFO - Filling up the DagBag from /home/airflow/.local/lib/python3.12/site-packages/airflow/example_dags/example_sensor_decorator.py
[2025-02-20T13:47:59.205+0000] {processor.py:925} INFO - DAG(s) 'example_sensor_decorator' retrieved from /home/airflow/.local/lib/python3.12/site-packages/airflow/example_dags/example_sensor_decorator.py
[2025-02-20T13:47:59.236+0000] {logging_mixin.py:190} INFO - [2025-02-20T13:47:59.236+0000] {dag.py:3239} INFO - Sync 1 DAGs
[2025-02-20T13:47:59.257+0000] {logging_mixin.py:190} INFO - [2025-02-20T13:47:59.256+0000] {dag.py:4180} INFO - Setting next_dagrun for example_sensor_decorator to None, run_after=None
[2025-02-20T13:47:59.286+0000] {processor.py:208} INFO - Processing /home/airflow/.local/lib/python3.12/site-packages/airflow/example_dags/example_sensor_decorator.py took 0.106 seconds
[2025-02-20T13:48:30.109+0000] {processor.py:186} INFO - Started process (PID=6065) to work on /home/airflow/.local/lib/python3.12/site-packages/airflow/example_dags/example_sensor_decorator.py
[2025-02-20T13:48:30.111+0000] {processor.py:914} INFO - Processing file /home/airflow/.local/lib/python3.12/site-packages/airflow/example_dags/example_sensor_decorator.py for tasks to queue
[2025-02-20T13:48:30.112+0000] {logging_mixin.py:190} INFO - [2025-02-20T13:48:30.112+0000] {dagbag.py:588} INFO - Filling up the DagBag from /home/airflow/.local/lib/python3.12/site-packages/airflow/example_dags/example_sensor_decorator.py
[2025-02-20T13:48:30.124+0000] {processor.py:925} INFO - DAG(s) 'example_sensor_decorator' retrieved from /home/airflow/.local/lib/python3.12/site-packages/airflow/example_dags/example_sensor_decorator.py
[2025-02-20T13:48:30.165+0000] {logging_mixin.py:190} INFO - [2025-02-20T13:48:30.165+0000] {dag.py:3239} INFO - Sync 1 DAGs
[2025-02-20T13:48:30.202+0000] {logging_mixin.py:190} INFO - [2025-02-20T13:48:30.202+0000] {dag.py:4180} INFO - Setting next_dagrun for example_sensor_decorator to None, run_after=None
[2025-02-20T13:48:30.221+0000] {processor.py:208} INFO - Processing /home/airflow/.local/lib/python3.12/site-packages/airflow/example_dags/example_sensor_decorator.py took 0.118 seconds
[2025-02-20T13:49:00.357+0000] {processor.py:186} INFO - Started process (PID=6140) to work on /home/airflow/.local/lib/python3.12/site-packages/airflow/example_dags/example_sensor_decorator.py
[2025-02-20T13:49:00.361+0000] {processor.py:914} INFO - Processing file /home/airflow/.local/lib/python3.12/site-packages/airflow/example_dags/example_sensor_decorator.py for tasks to queue
[2025-02-20T13:49:00.362+0000] {logging_mixin.py:190} INFO - [2025-02-20T13:49:00.362+0000] {dagbag.py:588} INFO - Filling up the DagBag from /home/airflow/.local/lib/python3.12/site-packages/airflow/example_dags/example_sensor_decorator.py
[2025-02-20T13:49:00.370+0000] {processor.py:925} INFO - DAG(s) 'example_sensor_decorator' retrieved from /home/airflow/.local/lib/python3.12/site-packages/airflow/example_dags/example_sensor_decorator.py
[2025-02-20T13:49:00.388+0000] {logging_mixin.py:190} INFO - [2025-02-20T13:49:00.388+0000] {dag.py:3239} INFO - Sync 1 DAGs
[2025-02-20T13:49:00.407+0000] {logging_mixin.py:190} INFO - [2025-02-20T13:49:00.407+0000] {dag.py:4180} INFO - Setting next_dagrun for example_sensor_decorator to None, run_after=None
[2025-02-20T13:49:00.427+0000] {processor.py:208} INFO - Processing /home/airflow/.local/lib/python3.12/site-packages/airflow/example_dags/example_sensor_decorator.py took 0.075 seconds
[2025-02-20T13:49:30.659+0000] {processor.py:186} INFO - Started process (PID=6216) to work on /home/airflow/.local/lib/python3.12/site-packages/airflow/example_dags/example_sensor_decorator.py
[2025-02-20T13:49:30.661+0000] {processor.py:914} INFO - Processing file /home/airflow/.local/lib/python3.12/site-packages/airflow/example_dags/example_sensor_decorator.py for tasks to queue
[2025-02-20T13:49:30.662+0000] {logging_mixin.py:190} INFO - [2025-02-20T13:49:30.662+0000] {dagbag.py:588} INFO - Filling up the DagBag from /home/airflow/.local/lib/python3.12/site-packages/airflow/example_dags/example_sensor_decorator.py
[2025-02-20T13:49:30.669+0000] {processor.py:925} INFO - DAG(s) 'example_sensor_decorator' retrieved from /home/airflow/.local/lib/python3.12/site-packages/airflow/example_dags/example_sensor_decorator.py
[2025-02-20T13:49:30.684+0000] {logging_mixin.py:190} INFO - [2025-02-20T13:49:30.684+0000] {dag.py:3239} INFO - Sync 1 DAGs
[2025-02-20T13:49:30.697+0000] {logging_mixin.py:190} INFO - [2025-02-20T13:49:30.696+0000] {dag.py:4180} INFO - Setting next_dagrun for example_sensor_decorator to None, run_after=None
[2025-02-20T13:49:30.715+0000] {processor.py:208} INFO - Processing /home/airflow/.local/lib/python3.12/site-packages/airflow/example_dags/example_sensor_decorator.py took 0.061 seconds
[2025-02-20T13:50:01.245+0000] {processor.py:186} INFO - Started process (PID=6292) to work on /home/airflow/.local/lib/python3.12/site-packages/airflow/example_dags/example_sensor_decorator.py
[2025-02-20T13:50:01.246+0000] {processor.py:914} INFO - Processing file /home/airflow/.local/lib/python3.12/site-packages/airflow/example_dags/example_sensor_decorator.py for tasks to queue
[2025-02-20T13:50:01.248+0000] {logging_mixin.py:190} INFO - [2025-02-20T13:50:01.247+0000] {dagbag.py:588} INFO - Filling up the DagBag from /home/airflow/.local/lib/python3.12/site-packages/airflow/example_dags/example_sensor_decorator.py
[2025-02-20T13:50:01.255+0000] {processor.py:925} INFO - DAG(s) 'example_sensor_decorator' retrieved from /home/airflow/.local/lib/python3.12/site-packages/airflow/example_dags/example_sensor_decorator.py
[2025-02-20T13:50:01.272+0000] {logging_mixin.py:190} INFO - [2025-02-20T13:50:01.271+0000] {dag.py:3239} INFO - Sync 1 DAGs
[2025-02-20T13:50:01.285+0000] {logging_mixin.py:190} INFO - [2025-02-20T13:50:01.285+0000] {dag.py:4180} INFO - Setting next_dagrun for example_sensor_decorator to None, run_after=None
[2025-02-20T13:50:01.304+0000] {processor.py:208} INFO - Processing /home/airflow/.local/lib/python3.12/site-packages/airflow/example_dags/example_sensor_decorator.py took 0.064 seconds
[2025-02-20T13:50:31.541+0000] {processor.py:186} INFO - Started process (PID=6368) to work on /home/airflow/.local/lib/python3.12/site-packages/airflow/example_dags/example_sensor_decorator.py
[2025-02-20T13:50:31.542+0000] {processor.py:914} INFO - Processing file /home/airflow/.local/lib/python3.12/site-packages/airflow/example_dags/example_sensor_decorator.py for tasks to queue
[2025-02-20T13:50:31.544+0000] {logging_mixin.py:190} INFO - [2025-02-20T13:50:31.543+0000] {dagbag.py:588} INFO - Filling up the DagBag from /home/airflow/.local/lib/python3.12/site-packages/airflow/example_dags/example_sensor_decorator.py
[2025-02-20T13:50:31.550+0000] {processor.py:925} INFO - DAG(s) 'example_sensor_decorator' retrieved from /home/airflow/.local/lib/python3.12/site-packages/airflow/example_dags/example_sensor_decorator.py
[2025-02-20T13:50:31.566+0000] {logging_mixin.py:190} INFO - [2025-02-20T13:50:31.565+0000] {dag.py:3239} INFO - Sync 1 DAGs
[2025-02-20T13:50:31.578+0000] {logging_mixin.py:190} INFO - [2025-02-20T13:50:31.578+0000] {dag.py:4180} INFO - Setting next_dagrun for example_sensor_decorator to None, run_after=None
[2025-02-20T13:50:31.596+0000] {processor.py:208} INFO - Processing /home/airflow/.local/lib/python3.12/site-packages/airflow/example_dags/example_sensor_decorator.py took 0.060 seconds
[2025-02-20T13:51:01.925+0000] {processor.py:186} INFO - Started process (PID=6444) to work on /home/airflow/.local/lib/python3.12/site-packages/airflow/example_dags/example_sensor_decorator.py
[2025-02-20T13:51:01.927+0000] {processor.py:914} INFO - Processing file /home/airflow/.local/lib/python3.12/site-packages/airflow/example_dags/example_sensor_decorator.py for tasks to queue
[2025-02-20T13:51:01.928+0000] {logging_mixin.py:190} INFO - [2025-02-20T13:51:01.928+0000] {dagbag.py:588} INFO - Filling up the DagBag from /home/airflow/.local/lib/python3.12/site-packages/airflow/example_dags/example_sensor_decorator.py
[2025-02-20T13:51:01.936+0000] {processor.py:925} INFO - DAG(s) 'example_sensor_decorator' retrieved from /home/airflow/.local/lib/python3.12/site-packages/airflow/example_dags/example_sensor_decorator.py
[2025-02-20T13:51:01.954+0000] {logging_mixin.py:190} INFO - [2025-02-20T13:51:01.954+0000] {dag.py:3239} INFO - Sync 1 DAGs
[2025-02-20T13:51:01.967+0000] {logging_mixin.py:190} INFO - [2025-02-20T13:51:01.967+0000] {dag.py:4180} INFO - Setting next_dagrun for example_sensor_decorator to None, run_after=None
[2025-02-20T13:51:01.986+0000] {processor.py:208} INFO - Processing /home/airflow/.local/lib/python3.12/site-packages/airflow/example_dags/example_sensor_decorator.py took 0.065 seconds
[2025-02-20T13:51:32.152+0000] {processor.py:186} INFO - Started process (PID=6520) to work on /home/airflow/.local/lib/python3.12/site-packages/airflow/example_dags/example_sensor_decorator.py
[2025-02-20T13:51:32.153+0000] {processor.py:914} INFO - Processing file /home/airflow/.local/lib/python3.12/site-packages/airflow/example_dags/example_sensor_decorator.py for tasks to queue
[2025-02-20T13:51:32.155+0000] {logging_mixin.py:190} INFO - [2025-02-20T13:51:32.155+0000] {dagbag.py:588} INFO - Filling up the DagBag from /home/airflow/.local/lib/python3.12/site-packages/airflow/example_dags/example_sensor_decorator.py
[2025-02-20T13:51:32.164+0000] {processor.py:925} INFO - DAG(s) 'example_sensor_decorator' retrieved from /home/airflow/.local/lib/python3.12/site-packages/airflow/example_dags/example_sensor_decorator.py
[2025-02-20T13:51:32.181+0000] {logging_mixin.py:190} INFO - [2025-02-20T13:51:32.181+0000] {dag.py:3239} INFO - Sync 1 DAGs
[2025-02-20T13:51:32.193+0000] {logging_mixin.py:190} INFO - [2025-02-20T13:51:32.193+0000] {dag.py:4180} INFO - Setting next_dagrun for example_sensor_decorator to None, run_after=None
[2025-02-20T13:51:32.211+0000] {processor.py:208} INFO - Processing /home/airflow/.local/lib/python3.12/site-packages/airflow/example_dags/example_sensor_decorator.py took 0.064 seconds
[2025-02-20T13:52:02.619+0000] {processor.py:186} INFO - Started process (PID=6595) to work on /home/airflow/.local/lib/python3.12/site-packages/airflow/example_dags/example_sensor_decorator.py
[2025-02-20T13:52:02.621+0000] {processor.py:914} INFO - Processing file /home/airflow/.local/lib/python3.12/site-packages/airflow/example_dags/example_sensor_decorator.py for tasks to queue
[2025-02-20T13:52:02.623+0000] {logging_mixin.py:190} INFO - [2025-02-20T13:52:02.622+0000] {dagbag.py:588} INFO - Filling up the DagBag from /home/airflow/.local/lib/python3.12/site-packages/airflow/example_dags/example_sensor_decorator.py
[2025-02-20T13:52:02.630+0000] {processor.py:925} INFO - DAG(s) 'example_sensor_decorator' retrieved from /home/airflow/.local/lib/python3.12/site-packages/airflow/example_dags/example_sensor_decorator.py
[2025-02-20T13:52:02.648+0000] {logging_mixin.py:190} INFO - [2025-02-20T13:52:02.648+0000] {dag.py:3239} INFO - Sync 1 DAGs
[2025-02-20T13:52:02.659+0000] {logging_mixin.py:190} INFO - [2025-02-20T13:52:02.659+0000] {dag.py:4180} INFO - Setting next_dagrun for example_sensor_decorator to None, run_after=None
[2025-02-20T13:52:02.678+0000] {processor.py:208} INFO - Processing /home/airflow/.local/lib/python3.12/site-packages/airflow/example_dags/example_sensor_decorator.py took 0.063 seconds
[2025-02-20T13:52:32.741+0000] {processor.py:186} INFO - Started process (PID=6671) to work on /home/airflow/.local/lib/python3.12/site-packages/airflow/example_dags/example_sensor_decorator.py
[2025-02-20T13:52:32.742+0000] {processor.py:914} INFO - Processing file /home/airflow/.local/lib/python3.12/site-packages/airflow/example_dags/example_sensor_decorator.py for tasks to queue
[2025-02-20T13:52:32.743+0000] {logging_mixin.py:190} INFO - [2025-02-20T13:52:32.743+0000] {dagbag.py:588} INFO - Filling up the DagBag from /home/airflow/.local/lib/python3.12/site-packages/airflow/example_dags/example_sensor_decorator.py
[2025-02-20T13:52:32.750+0000] {processor.py:925} INFO - DAG(s) 'example_sensor_decorator' retrieved from /home/airflow/.local/lib/python3.12/site-packages/airflow/example_dags/example_sensor_decorator.py
[2025-02-20T13:52:32.766+0000] {logging_mixin.py:190} INFO - [2025-02-20T13:52:32.766+0000] {dag.py:3239} INFO - Sync 1 DAGs
[2025-02-20T13:52:32.779+0000] {logging_mixin.py:190} INFO - [2025-02-20T13:52:32.779+0000] {dag.py:4180} INFO - Setting next_dagrun for example_sensor_decorator to None, run_after=None
[2025-02-20T13:52:32.796+0000] {processor.py:208} INFO - Processing /home/airflow/.local/lib/python3.12/site-packages/airflow/example_dags/example_sensor_decorator.py took 0.059 seconds
[2025-02-20T13:53:03.257+0000] {processor.py:186} INFO - Started process (PID=6747) to work on /home/airflow/.local/lib/python3.12/site-packages/airflow/example_dags/example_sensor_decorator.py
[2025-02-20T13:53:03.258+0000] {processor.py:914} INFO - Processing file /home/airflow/.local/lib/python3.12/site-packages/airflow/example_dags/example_sensor_decorator.py for tasks to queue
[2025-02-20T13:53:03.260+0000] {logging_mixin.py:190} INFO - [2025-02-20T13:53:03.259+0000] {dagbag.py:588} INFO - Filling up the DagBag from /home/airflow/.local/lib/python3.12/site-packages/airflow/example_dags/example_sensor_decorator.py
[2025-02-20T13:53:03.267+0000] {processor.py:925} INFO - DAG(s) 'example_sensor_decorator' retrieved from /home/airflow/.local/lib/python3.12/site-packages/airflow/example_dags/example_sensor_decorator.py
[2025-02-20T13:53:03.283+0000] {logging_mixin.py:190} INFO - [2025-02-20T13:53:03.283+0000] {dag.py:3239} INFO - Sync 1 DAGs
[2025-02-20T13:53:03.296+0000] {logging_mixin.py:190} INFO - [2025-02-20T13:53:03.296+0000] {dag.py:4180} INFO - Setting next_dagrun for example_sensor_decorator to None, run_after=None
[2025-02-20T13:53:03.310+0000] {processor.py:208} INFO - Processing /home/airflow/.local/lib/python3.12/site-packages/airflow/example_dags/example_sensor_decorator.py took 0.058 seconds
[2025-02-20T13:53:33.870+0000] {processor.py:186} INFO - Started process (PID=6822) to work on /home/airflow/.local/lib/python3.12/site-packages/airflow/example_dags/example_sensor_decorator.py
[2025-02-20T13:53:33.871+0000] {processor.py:914} INFO - Processing file /home/airflow/.local/lib/python3.12/site-packages/airflow/example_dags/example_sensor_decorator.py for tasks to queue
[2025-02-20T13:53:33.872+0000] {logging_mixin.py:190} INFO - [2025-02-20T13:53:33.872+0000] {dagbag.py:588} INFO - Filling up the DagBag from /home/airflow/.local/lib/python3.12/site-packages/airflow/example_dags/example_sensor_decorator.py
[2025-02-20T13:53:33.878+0000] {processor.py:925} INFO - DAG(s) 'example_sensor_decorator' retrieved from /home/airflow/.local/lib/python3.12/site-packages/airflow/example_dags/example_sensor_decorator.py
[2025-02-20T13:53:33.910+0000] {logging_mixin.py:190} INFO - [2025-02-20T13:53:33.910+0000] {dag.py:3239} INFO - Sync 1 DAGs
[2025-02-20T13:53:33.969+0000] {logging_mixin.py:190} INFO - [2025-02-20T13:53:33.969+0000] {dag.py:4180} INFO - Setting next_dagrun for example_sensor_decorator to None, run_after=None
[2025-02-20T13:53:34.004+0000] {processor.py:208} INFO - Processing /home/airflow/.local/lib/python3.12/site-packages/airflow/example_dags/example_sensor_decorator.py took 0.139 seconds
[2025-02-20T13:54:04.385+0000] {processor.py:186} INFO - Started process (PID=6898) to work on /home/airflow/.local/lib/python3.12/site-packages/airflow/example_dags/example_sensor_decorator.py
[2025-02-20T13:54:04.386+0000] {processor.py:914} INFO - Processing file /home/airflow/.local/lib/python3.12/site-packages/airflow/example_dags/example_sensor_decorator.py for tasks to queue
[2025-02-20T13:54:04.387+0000] {logging_mixin.py:190} INFO - [2025-02-20T13:54:04.387+0000] {dagbag.py:588} INFO - Filling up the DagBag from /home/airflow/.local/lib/python3.12/site-packages/airflow/example_dags/example_sensor_decorator.py
[2025-02-20T13:54:04.394+0000] {processor.py:925} INFO - DAG(s) 'example_sensor_decorator' retrieved from /home/airflow/.local/lib/python3.12/site-packages/airflow/example_dags/example_sensor_decorator.py
[2025-02-20T13:54:04.410+0000] {logging_mixin.py:190} INFO - [2025-02-20T13:54:04.410+0000] {dag.py:3239} INFO - Sync 1 DAGs
[2025-02-20T13:54:04.422+0000] {logging_mixin.py:190} INFO - [2025-02-20T13:54:04.422+0000] {dag.py:4180} INFO - Setting next_dagrun for example_sensor_decorator to None, run_after=None
[2025-02-20T13:54:04.438+0000] {processor.py:208} INFO - Processing /home/airflow/.local/lib/python3.12/site-packages/airflow/example_dags/example_sensor_decorator.py took 0.058 seconds
[2025-02-20T13:54:35.345+0000] {processor.py:186} INFO - Started process (PID=6973) to work on /home/airflow/.local/lib/python3.12/site-packages/airflow/example_dags/example_sensor_decorator.py
[2025-02-20T13:54:35.346+0000] {processor.py:914} INFO - Processing file /home/airflow/.local/lib/python3.12/site-packages/airflow/example_dags/example_sensor_decorator.py for tasks to queue
[2025-02-20T13:54:35.347+0000] {logging_mixin.py:190} INFO - [2025-02-20T13:54:35.347+0000] {dagbag.py:588} INFO - Filling up the DagBag from /home/airflow/.local/lib/python3.12/site-packages/airflow/example_dags/example_sensor_decorator.py
[2025-02-20T13:54:35.354+0000] {processor.py:925} INFO - DAG(s) 'example_sensor_decorator' retrieved from /home/airflow/.local/lib/python3.12/site-packages/airflow/example_dags/example_sensor_decorator.py
[2025-02-20T13:54:35.373+0000] {logging_mixin.py:190} INFO - [2025-02-20T13:54:35.372+0000] {dag.py:3239} INFO - Sync 1 DAGs
[2025-02-20T13:54:35.385+0000] {logging_mixin.py:190} INFO - [2025-02-20T13:54:35.385+0000] {dag.py:4180} INFO - Setting next_dagrun for example_sensor_decorator to None, run_after=None
[2025-02-20T13:54:35.405+0000] {processor.py:208} INFO - Processing /home/airflow/.local/lib/python3.12/site-packages/airflow/example_dags/example_sensor_decorator.py took 0.065 seconds
[2025-02-20T13:55:06.102+0000] {processor.py:186} INFO - Started process (PID=7049) to work on /home/airflow/.local/lib/python3.12/site-packages/airflow/example_dags/example_sensor_decorator.py
[2025-02-20T13:55:06.104+0000] {processor.py:914} INFO - Processing file /home/airflow/.local/lib/python3.12/site-packages/airflow/example_dags/example_sensor_decorator.py for tasks to queue
[2025-02-20T13:55:06.106+0000] {logging_mixin.py:190} INFO - [2025-02-20T13:55:06.105+0000] {dagbag.py:588} INFO - Filling up the DagBag from /home/airflow/.local/lib/python3.12/site-packages/airflow/example_dags/example_sensor_decorator.py
[2025-02-20T13:55:06.112+0000] {processor.py:925} INFO - DAG(s) 'example_sensor_decorator' retrieved from /home/airflow/.local/lib/python3.12/site-packages/airflow/example_dags/example_sensor_decorator.py
[2025-02-20T13:55:06.129+0000] {logging_mixin.py:190} INFO - [2025-02-20T13:55:06.129+0000] {dag.py:3239} INFO - Sync 1 DAGs
[2025-02-20T13:55:06.140+0000] {logging_mixin.py:190} INFO - [2025-02-20T13:55:06.140+0000] {dag.py:4180} INFO - Setting next_dagrun for example_sensor_decorator to None, run_after=None
[2025-02-20T13:55:06.157+0000] {processor.py:208} INFO - Processing /home/airflow/.local/lib/python3.12/site-packages/airflow/example_dags/example_sensor_decorator.py took 0.061 seconds
[2025-02-20T13:55:36.962+0000] {processor.py:186} INFO - Started process (PID=7125) to work on /home/airflow/.local/lib/python3.12/site-packages/airflow/example_dags/example_sensor_decorator.py
[2025-02-20T13:55:36.968+0000] {processor.py:914} INFO - Processing file /home/airflow/.local/lib/python3.12/site-packages/airflow/example_dags/example_sensor_decorator.py for tasks to queue
[2025-02-20T13:55:36.970+0000] {logging_mixin.py:190} INFO - [2025-02-20T13:55:36.970+0000] {dagbag.py:588} INFO - Filling up the DagBag from /home/airflow/.local/lib/python3.12/site-packages/airflow/example_dags/example_sensor_decorator.py
[2025-02-20T13:55:36.977+0000] {processor.py:925} INFO - DAG(s) 'example_sensor_decorator' retrieved from /home/airflow/.local/lib/python3.12/site-packages/airflow/example_dags/example_sensor_decorator.py
[2025-02-20T13:55:37.003+0000] {logging_mixin.py:190} INFO - [2025-02-20T13:55:37.003+0000] {dag.py:3239} INFO - Sync 1 DAGs
[2025-02-20T13:55:37.015+0000] {logging_mixin.py:190} INFO - [2025-02-20T13:55:37.015+0000] {dag.py:4180} INFO - Setting next_dagrun for example_sensor_decorator to None, run_after=None
[2025-02-20T13:55:37.033+0000] {processor.py:208} INFO - Processing /home/airflow/.local/lib/python3.12/site-packages/airflow/example_dags/example_sensor_decorator.py took 0.075 seconds
[2025-02-20T13:56:07.616+0000] {processor.py:186} INFO - Started process (PID=7201) to work on /home/airflow/.local/lib/python3.12/site-packages/airflow/example_dags/example_sensor_decorator.py
[2025-02-20T13:56:07.617+0000] {processor.py:914} INFO - Processing file /home/airflow/.local/lib/python3.12/site-packages/airflow/example_dags/example_sensor_decorator.py for tasks to queue
[2025-02-20T13:56:07.619+0000] {logging_mixin.py:190} INFO - [2025-02-20T13:56:07.619+0000] {dagbag.py:588} INFO - Filling up the DagBag from /home/airflow/.local/lib/python3.12/site-packages/airflow/example_dags/example_sensor_decorator.py
[2025-02-20T13:56:07.626+0000] {processor.py:925} INFO - DAG(s) 'example_sensor_decorator' retrieved from /home/airflow/.local/lib/python3.12/site-packages/airflow/example_dags/example_sensor_decorator.py
[2025-02-20T13:56:07.644+0000] {logging_mixin.py:190} INFO - [2025-02-20T13:56:07.644+0000] {dag.py:3239} INFO - Sync 1 DAGs
[2025-02-20T13:56:07.656+0000] {logging_mixin.py:190} INFO - [2025-02-20T13:56:07.655+0000] {dag.py:4180} INFO - Setting next_dagrun for example_sensor_decorator to None, run_after=None
[2025-02-20T13:56:07.673+0000] {processor.py:208} INFO - Processing /home/airflow/.local/lib/python3.12/site-packages/airflow/example_dags/example_sensor_decorator.py took 0.062 seconds
[2025-02-20T13:56:38.257+0000] {processor.py:186} INFO - Started process (PID=7283) to work on /home/airflow/.local/lib/python3.12/site-packages/airflow/example_dags/example_sensor_decorator.py
[2025-02-20T13:56:38.259+0000] {processor.py:914} INFO - Processing file /home/airflow/.local/lib/python3.12/site-packages/airflow/example_dags/example_sensor_decorator.py for tasks to queue
[2025-02-20T13:56:38.260+0000] {logging_mixin.py:190} INFO - [2025-02-20T13:56:38.260+0000] {dagbag.py:588} INFO - Filling up the DagBag from /home/airflow/.local/lib/python3.12/site-packages/airflow/example_dags/example_sensor_decorator.py
[2025-02-20T13:56:38.267+0000] {processor.py:925} INFO - DAG(s) 'example_sensor_decorator' retrieved from /home/airflow/.local/lib/python3.12/site-packages/airflow/example_dags/example_sensor_decorator.py
[2025-02-20T13:56:38.283+0000] {logging_mixin.py:190} INFO - [2025-02-20T13:56:38.283+0000] {dag.py:3239} INFO - Sync 1 DAGs
[2025-02-20T13:56:38.294+0000] {logging_mixin.py:190} INFO - [2025-02-20T13:56:38.294+0000] {dag.py:4180} INFO - Setting next_dagrun for example_sensor_decorator to None, run_after=None
[2025-02-20T13:56:38.310+0000] {processor.py:208} INFO - Processing /home/airflow/.local/lib/python3.12/site-packages/airflow/example_dags/example_sensor_decorator.py took 0.059 seconds
[2025-02-20T13:57:08.673+0000] {processor.py:186} INFO - Started process (PID=7359) to work on /home/airflow/.local/lib/python3.12/site-packages/airflow/example_dags/example_sensor_decorator.py
[2025-02-20T13:57:08.675+0000] {processor.py:914} INFO - Processing file /home/airflow/.local/lib/python3.12/site-packages/airflow/example_dags/example_sensor_decorator.py for tasks to queue
[2025-02-20T13:57:08.676+0000] {logging_mixin.py:190} INFO - [2025-02-20T13:57:08.676+0000] {dagbag.py:588} INFO - Filling up the DagBag from /home/airflow/.local/lib/python3.12/site-packages/airflow/example_dags/example_sensor_decorator.py
[2025-02-20T13:57:08.682+0000] {processor.py:925} INFO - DAG(s) 'example_sensor_decorator' retrieved from /home/airflow/.local/lib/python3.12/site-packages/airflow/example_dags/example_sensor_decorator.py
[2025-02-20T13:57:08.699+0000] {logging_mixin.py:190} INFO - [2025-02-20T13:57:08.699+0000] {dag.py:3239} INFO - Sync 1 DAGs
[2025-02-20T13:57:08.710+0000] {logging_mixin.py:190} INFO - [2025-02-20T13:57:08.709+0000] {dag.py:4180} INFO - Setting next_dagrun for example_sensor_decorator to None, run_after=None
[2025-02-20T13:57:08.726+0000] {processor.py:208} INFO - Processing /home/airflow/.local/lib/python3.12/site-packages/airflow/example_dags/example_sensor_decorator.py took 0.056 seconds
[2025-02-20T13:57:38.889+0000] {processor.py:186} INFO - Started process (PID=7436) to work on /home/airflow/.local/lib/python3.12/site-packages/airflow/example_dags/example_sensor_decorator.py
[2025-02-20T13:57:38.890+0000] {processor.py:914} INFO - Processing file /home/airflow/.local/lib/python3.12/site-packages/airflow/example_dags/example_sensor_decorator.py for tasks to queue
[2025-02-20T13:57:38.891+0000] {logging_mixin.py:190} INFO - [2025-02-20T13:57:38.891+0000] {dagbag.py:588} INFO - Filling up the DagBag from /home/airflow/.local/lib/python3.12/site-packages/airflow/example_dags/example_sensor_decorator.py
[2025-02-20T13:57:38.898+0000] {processor.py:925} INFO - DAG(s) 'example_sensor_decorator' retrieved from /home/airflow/.local/lib/python3.12/site-packages/airflow/example_dags/example_sensor_decorator.py
[2025-02-20T13:57:38.914+0000] {logging_mixin.py:190} INFO - [2025-02-20T13:57:38.914+0000] {dag.py:3239} INFO - Sync 1 DAGs
[2025-02-20T13:57:38.927+0000] {logging_mixin.py:190} INFO - [2025-02-20T13:57:38.927+0000] {dag.py:4180} INFO - Setting next_dagrun for example_sensor_decorator to None, run_after=None
[2025-02-20T13:57:38.946+0000] {processor.py:208} INFO - Processing /home/airflow/.local/lib/python3.12/site-packages/airflow/example_dags/example_sensor_decorator.py took 0.061 seconds
[2025-02-20T13:58:09.714+0000] {processor.py:186} INFO - Started process (PID=7511) to work on /home/airflow/.local/lib/python3.12/site-packages/airflow/example_dags/example_sensor_decorator.py
[2025-02-20T13:58:09.715+0000] {processor.py:914} INFO - Processing file /home/airflow/.local/lib/python3.12/site-packages/airflow/example_dags/example_sensor_decorator.py for tasks to queue
[2025-02-20T13:58:09.717+0000] {logging_mixin.py:190} INFO - [2025-02-20T13:58:09.716+0000] {dagbag.py:588} INFO - Filling up the DagBag from /home/airflow/.local/lib/python3.12/site-packages/airflow/example_dags/example_sensor_decorator.py
[2025-02-20T13:58:09.724+0000] {processor.py:925} INFO - DAG(s) 'example_sensor_decorator' retrieved from /home/airflow/.local/lib/python3.12/site-packages/airflow/example_dags/example_sensor_decorator.py
[2025-02-20T13:58:09.741+0000] {logging_mixin.py:190} INFO - [2025-02-20T13:58:09.741+0000] {dag.py:3239} INFO - Sync 1 DAGs
[2025-02-20T13:58:09.754+0000] {logging_mixin.py:190} INFO - [2025-02-20T13:58:09.754+0000] {dag.py:4180} INFO - Setting next_dagrun for example_sensor_decorator to None, run_after=None
[2025-02-20T13:58:09.771+0000] {processor.py:208} INFO - Processing /home/airflow/.local/lib/python3.12/site-packages/airflow/example_dags/example_sensor_decorator.py took 0.062 seconds
[2025-02-20T13:58:39.923+0000] {processor.py:186} INFO - Started process (PID=7587) to work on /home/airflow/.local/lib/python3.12/site-packages/airflow/example_dags/example_sensor_decorator.py
[2025-02-20T13:58:39.925+0000] {processor.py:914} INFO - Processing file /home/airflow/.local/lib/python3.12/site-packages/airflow/example_dags/example_sensor_decorator.py for tasks to queue
[2025-02-20T13:58:39.926+0000] {logging_mixin.py:190} INFO - [2025-02-20T13:58:39.926+0000] {dagbag.py:588} INFO - Filling up the DagBag from /home/airflow/.local/lib/python3.12/site-packages/airflow/example_dags/example_sensor_decorator.py
[2025-02-20T13:58:39.932+0000] {processor.py:925} INFO - DAG(s) 'example_sensor_decorator' retrieved from /home/airflow/.local/lib/python3.12/site-packages/airflow/example_dags/example_sensor_decorator.py
[2025-02-20T13:58:39.948+0000] {logging_mixin.py:190} INFO - [2025-02-20T13:58:39.948+0000] {dag.py:3239} INFO - Sync 1 DAGs
[2025-02-20T13:58:39.960+0000] {logging_mixin.py:190} INFO - [2025-02-20T13:58:39.960+0000] {dag.py:4180} INFO - Setting next_dagrun for example_sensor_decorator to None, run_after=None
[2025-02-20T13:58:39.974+0000] {processor.py:208} INFO - Processing /home/airflow/.local/lib/python3.12/site-packages/airflow/example_dags/example_sensor_decorator.py took 0.055 seconds
[2025-02-20T13:59:10.535+0000] {processor.py:186} INFO - Started process (PID=7664) to work on /home/airflow/.local/lib/python3.12/site-packages/airflow/example_dags/example_sensor_decorator.py
[2025-02-20T13:59:10.537+0000] {processor.py:914} INFO - Processing file /home/airflow/.local/lib/python3.12/site-packages/airflow/example_dags/example_sensor_decorator.py for tasks to queue
[2025-02-20T13:59:10.538+0000] {logging_mixin.py:190} INFO - [2025-02-20T13:59:10.538+0000] {dagbag.py:588} INFO - Filling up the DagBag from /home/airflow/.local/lib/python3.12/site-packages/airflow/example_dags/example_sensor_decorator.py
[2025-02-20T13:59:10.545+0000] {processor.py:925} INFO - DAG(s) 'example_sensor_decorator' retrieved from /home/airflow/.local/lib/python3.12/site-packages/airflow/example_dags/example_sensor_decorator.py
[2025-02-20T13:59:10.562+0000] {logging_mixin.py:190} INFO - [2025-02-20T13:59:10.562+0000] {dag.py:3239} INFO - Sync 1 DAGs
[2025-02-20T13:59:10.573+0000] {logging_mixin.py:190} INFO - [2025-02-20T13:59:10.573+0000] {dag.py:4180} INFO - Setting next_dagrun for example_sensor_decorator to None, run_after=None
[2025-02-20T13:59:10.591+0000] {processor.py:208} INFO - Processing /home/airflow/.local/lib/python3.12/site-packages/airflow/example_dags/example_sensor_decorator.py took 0.060 seconds
[2025-02-20T13:59:40.860+0000] {processor.py:186} INFO - Started process (PID=7740) to work on /home/airflow/.local/lib/python3.12/site-packages/airflow/example_dags/example_sensor_decorator.py
[2025-02-20T13:59:40.861+0000] {processor.py:914} INFO - Processing file /home/airflow/.local/lib/python3.12/site-packages/airflow/example_dags/example_sensor_decorator.py for tasks to queue
[2025-02-20T13:59:40.863+0000] {logging_mixin.py:190} INFO - [2025-02-20T13:59:40.862+0000] {dagbag.py:588} INFO - Filling up the DagBag from /home/airflow/.local/lib/python3.12/site-packages/airflow/example_dags/example_sensor_decorator.py
[2025-02-20T13:59:40.869+0000] {processor.py:925} INFO - DAG(s) 'example_sensor_decorator' retrieved from /home/airflow/.local/lib/python3.12/site-packages/airflow/example_dags/example_sensor_decorator.py
[2025-02-20T13:59:40.887+0000] {logging_mixin.py:190} INFO - [2025-02-20T13:59:40.887+0000] {dag.py:3239} INFO - Sync 1 DAGs
[2025-02-20T13:59:40.899+0000] {logging_mixin.py:190} INFO - [2025-02-20T13:59:40.898+0000] {dag.py:4180} INFO - Setting next_dagrun for example_sensor_decorator to None, run_after=None
[2025-02-20T13:59:40.914+0000] {processor.py:208} INFO - Processing /home/airflow/.local/lib/python3.12/site-packages/airflow/example_dags/example_sensor_decorator.py took 0.059 seconds
[2025-02-20T14:00:11.214+0000] {processor.py:186} INFO - Started process (PID=7816) to work on /home/airflow/.local/lib/python3.12/site-packages/airflow/example_dags/example_sensor_decorator.py
[2025-02-20T14:00:11.215+0000] {processor.py:914} INFO - Processing file /home/airflow/.local/lib/python3.12/site-packages/airflow/example_dags/example_sensor_decorator.py for tasks to queue
[2025-02-20T14:00:11.217+0000] {logging_mixin.py:190} INFO - [2025-02-20T14:00:11.217+0000] {dagbag.py:588} INFO - Filling up the DagBag from /home/airflow/.local/lib/python3.12/site-packages/airflow/example_dags/example_sensor_decorator.py
[2025-02-20T14:00:11.224+0000] {processor.py:925} INFO - DAG(s) 'example_sensor_decorator' retrieved from /home/airflow/.local/lib/python3.12/site-packages/airflow/example_dags/example_sensor_decorator.py
[2025-02-20T14:00:11.240+0000] {logging_mixin.py:190} INFO - [2025-02-20T14:00:11.240+0000] {dag.py:3239} INFO - Sync 1 DAGs
[2025-02-20T14:00:11.252+0000] {logging_mixin.py:190} INFO - [2025-02-20T14:00:11.251+0000] {dag.py:4180} INFO - Setting next_dagrun for example_sensor_decorator to None, run_after=None
[2025-02-20T14:00:11.267+0000] {processor.py:208} INFO - Processing /home/airflow/.local/lib/python3.12/site-packages/airflow/example_dags/example_sensor_decorator.py took 0.058 seconds
[2025-02-20T14:00:41.359+0000] {processor.py:186} INFO - Started process (PID=7892) to work on /home/airflow/.local/lib/python3.12/site-packages/airflow/example_dags/example_sensor_decorator.py
[2025-02-20T14:00:41.360+0000] {processor.py:914} INFO - Processing file /home/airflow/.local/lib/python3.12/site-packages/airflow/example_dags/example_sensor_decorator.py for tasks to queue
[2025-02-20T14:00:41.361+0000] {logging_mixin.py:190} INFO - [2025-02-20T14:00:41.361+0000] {dagbag.py:588} INFO - Filling up the DagBag from /home/airflow/.local/lib/python3.12/site-packages/airflow/example_dags/example_sensor_decorator.py
[2025-02-20T14:00:41.368+0000] {processor.py:925} INFO - DAG(s) 'example_sensor_decorator' retrieved from /home/airflow/.local/lib/python3.12/site-packages/airflow/example_dags/example_sensor_decorator.py
[2025-02-20T14:00:41.384+0000] {logging_mixin.py:190} INFO - [2025-02-20T14:00:41.384+0000] {dag.py:3239} INFO - Sync 1 DAGs
[2025-02-20T14:00:41.397+0000] {logging_mixin.py:190} INFO - [2025-02-20T14:00:41.397+0000] {dag.py:4180} INFO - Setting next_dagrun for example_sensor_decorator to None, run_after=None
[2025-02-20T14:00:41.413+0000] {processor.py:208} INFO - Processing /home/airflow/.local/lib/python3.12/site-packages/airflow/example_dags/example_sensor_decorator.py took 0.059 seconds
[2025-02-20T14:01:12.016+0000] {processor.py:186} INFO - Started process (PID=7966) to work on /home/airflow/.local/lib/python3.12/site-packages/airflow/example_dags/example_sensor_decorator.py
[2025-02-20T14:01:12.018+0000] {processor.py:914} INFO - Processing file /home/airflow/.local/lib/python3.12/site-packages/airflow/example_dags/example_sensor_decorator.py for tasks to queue
[2025-02-20T14:01:12.019+0000] {logging_mixin.py:190} INFO - [2025-02-20T14:01:12.019+0000] {dagbag.py:588} INFO - Filling up the DagBag from /home/airflow/.local/lib/python3.12/site-packages/airflow/example_dags/example_sensor_decorator.py
[2025-02-20T14:01:12.026+0000] {processor.py:925} INFO - DAG(s) 'example_sensor_decorator' retrieved from /home/airflow/.local/lib/python3.12/site-packages/airflow/example_dags/example_sensor_decorator.py
[2025-02-20T14:01:12.044+0000] {logging_mixin.py:190} INFO - [2025-02-20T14:01:12.044+0000] {dag.py:3239} INFO - Sync 1 DAGs
[2025-02-20T14:01:12.055+0000] {logging_mixin.py:190} INFO - [2025-02-20T14:01:12.055+0000] {dag.py:4180} INFO - Setting next_dagrun for example_sensor_decorator to None, run_after=None
[2025-02-20T14:01:12.072+0000] {processor.py:208} INFO - Processing /home/airflow/.local/lib/python3.12/site-packages/airflow/example_dags/example_sensor_decorator.py took 0.060 seconds
[2025-02-20T14:01:42.161+0000] {processor.py:186} INFO - Started process (PID=8042) to work on /home/airflow/.local/lib/python3.12/site-packages/airflow/example_dags/example_sensor_decorator.py
[2025-02-20T14:01:42.162+0000] {processor.py:914} INFO - Processing file /home/airflow/.local/lib/python3.12/site-packages/airflow/example_dags/example_sensor_decorator.py for tasks to queue
[2025-02-20T14:01:42.164+0000] {logging_mixin.py:190} INFO - [2025-02-20T14:01:42.163+0000] {dagbag.py:588} INFO - Filling up the DagBag from /home/airflow/.local/lib/python3.12/site-packages/airflow/example_dags/example_sensor_decorator.py
[2025-02-20T14:01:42.171+0000] {processor.py:925} INFO - DAG(s) 'example_sensor_decorator' retrieved from /home/airflow/.local/lib/python3.12/site-packages/airflow/example_dags/example_sensor_decorator.py
[2025-02-20T14:01:42.187+0000] {logging_mixin.py:190} INFO - [2025-02-20T14:01:42.187+0000] {dag.py:3239} INFO - Sync 1 DAGs
[2025-02-20T14:01:42.199+0000] {logging_mixin.py:190} INFO - [2025-02-20T14:01:42.199+0000] {dag.py:4180} INFO - Setting next_dagrun for example_sensor_decorator to None, run_after=None
[2025-02-20T14:01:42.215+0000] {processor.py:208} INFO - Processing /home/airflow/.local/lib/python3.12/site-packages/airflow/example_dags/example_sensor_decorator.py took 0.059 seconds
[2025-02-20T14:02:12.663+0000] {processor.py:186} INFO - Started process (PID=8118) to work on /home/airflow/.local/lib/python3.12/site-packages/airflow/example_dags/example_sensor_decorator.py
[2025-02-20T14:02:12.664+0000] {processor.py:914} INFO - Processing file /home/airflow/.local/lib/python3.12/site-packages/airflow/example_dags/example_sensor_decorator.py for tasks to queue
[2025-02-20T14:02:12.665+0000] {logging_mixin.py:190} INFO - [2025-02-20T14:02:12.665+0000] {dagbag.py:588} INFO - Filling up the DagBag from /home/airflow/.local/lib/python3.12/site-packages/airflow/example_dags/example_sensor_decorator.py
[2025-02-20T14:02:12.672+0000] {processor.py:925} INFO - DAG(s) 'example_sensor_decorator' retrieved from /home/airflow/.local/lib/python3.12/site-packages/airflow/example_dags/example_sensor_decorator.py
[2025-02-20T14:02:12.687+0000] {logging_mixin.py:190} INFO - [2025-02-20T14:02:12.687+0000] {dag.py:3239} INFO - Sync 1 DAGs
[2025-02-20T14:02:12.698+0000] {logging_mixin.py:190} INFO - [2025-02-20T14:02:12.698+0000] {dag.py:4180} INFO - Setting next_dagrun for example_sensor_decorator to None, run_after=None
[2025-02-20T14:02:12.713+0000] {processor.py:208} INFO - Processing /home/airflow/.local/lib/python3.12/site-packages/airflow/example_dags/example_sensor_decorator.py took 0.055 seconds
[2025-02-20T14:02:42.902+0000] {processor.py:186} INFO - Started process (PID=8194) to work on /home/airflow/.local/lib/python3.12/site-packages/airflow/example_dags/example_sensor_decorator.py
[2025-02-20T14:02:42.903+0000] {processor.py:914} INFO - Processing file /home/airflow/.local/lib/python3.12/site-packages/airflow/example_dags/example_sensor_decorator.py for tasks to queue
[2025-02-20T14:02:42.904+0000] {logging_mixin.py:190} INFO - [2025-02-20T14:02:42.904+0000] {dagbag.py:588} INFO - Filling up the DagBag from /home/airflow/.local/lib/python3.12/site-packages/airflow/example_dags/example_sensor_decorator.py
[2025-02-20T14:02:42.911+0000] {processor.py:925} INFO - DAG(s) 'example_sensor_decorator' retrieved from /home/airflow/.local/lib/python3.12/site-packages/airflow/example_dags/example_sensor_decorator.py
[2025-02-20T14:02:42.925+0000] {logging_mixin.py:190} INFO - [2025-02-20T14:02:42.925+0000] {dag.py:3239} INFO - Sync 1 DAGs
[2025-02-20T14:02:42.936+0000] {logging_mixin.py:190} INFO - [2025-02-20T14:02:42.936+0000] {dag.py:4180} INFO - Setting next_dagrun for example_sensor_decorator to None, run_after=None
[2025-02-20T14:02:42.952+0000] {processor.py:208} INFO - Processing /home/airflow/.local/lib/python3.12/site-packages/airflow/example_dags/example_sensor_decorator.py took 0.054 seconds
[2025-02-20T14:03:13.191+0000] {processor.py:186} INFO - Started process (PID=8270) to work on /home/airflow/.local/lib/python3.12/site-packages/airflow/example_dags/example_sensor_decorator.py
[2025-02-20T14:03:13.192+0000] {processor.py:914} INFO - Processing file /home/airflow/.local/lib/python3.12/site-packages/airflow/example_dags/example_sensor_decorator.py for tasks to queue
[2025-02-20T14:03:13.193+0000] {logging_mixin.py:190} INFO - [2025-02-20T14:03:13.193+0000] {dagbag.py:588} INFO - Filling up the DagBag from /home/airflow/.local/lib/python3.12/site-packages/airflow/example_dags/example_sensor_decorator.py
[2025-02-20T14:03:13.201+0000] {processor.py:925} INFO - DAG(s) 'example_sensor_decorator' retrieved from /home/airflow/.local/lib/python3.12/site-packages/airflow/example_dags/example_sensor_decorator.py
[2025-02-20T14:03:13.221+0000] {logging_mixin.py:190} INFO - [2025-02-20T14:03:13.221+0000] {dag.py:3239} INFO - Sync 1 DAGs
[2025-02-20T14:03:13.234+0000] {logging_mixin.py:190} INFO - [2025-02-20T14:03:13.234+0000] {dag.py:4180} INFO - Setting next_dagrun for example_sensor_decorator to None, run_after=None
[2025-02-20T14:03:13.252+0000] {processor.py:208} INFO - Processing /home/airflow/.local/lib/python3.12/site-packages/airflow/example_dags/example_sensor_decorator.py took 0.066 seconds
[2025-02-20T14:44:21.228+0000] {processor.py:186} INFO - Started process (PID=8368) to work on /home/airflow/.local/lib/python3.12/site-packages/airflow/example_dags/example_sensor_decorator.py
[2025-02-20T14:44:21.229+0000] {processor.py:914} INFO - Processing file /home/airflow/.local/lib/python3.12/site-packages/airflow/example_dags/example_sensor_decorator.py for tasks to queue
[2025-02-20T14:44:21.231+0000] {logging_mixin.py:190} INFO - [2025-02-20T14:44:21.230+0000] {dagbag.py:588} INFO - Filling up the DagBag from /home/airflow/.local/lib/python3.12/site-packages/airflow/example_dags/example_sensor_decorator.py
[2025-02-20T14:44:21.238+0000] {processor.py:925} INFO - DAG(s) 'example_sensor_decorator' retrieved from /home/airflow/.local/lib/python3.12/site-packages/airflow/example_dags/example_sensor_decorator.py
[2025-02-20T14:44:21.258+0000] {logging_mixin.py:190} INFO - [2025-02-20T14:44:21.258+0000] {dag.py:3239} INFO - Sync 1 DAGs
[2025-02-20T14:44:21.278+0000] {logging_mixin.py:190} INFO - [2025-02-20T14:44:21.278+0000] {dag.py:4180} INFO - Setting next_dagrun for example_sensor_decorator to None, run_after=None
[2025-02-20T14:44:21.301+0000] {processor.py:208} INFO - Processing /home/airflow/.local/lib/python3.12/site-packages/airflow/example_dags/example_sensor_decorator.py took 0.079 seconds
[2025-02-20T14:44:52.230+0000] {processor.py:186} INFO - Started process (PID=8444) to work on /home/airflow/.local/lib/python3.12/site-packages/airflow/example_dags/example_sensor_decorator.py
[2025-02-20T14:44:52.231+0000] {processor.py:914} INFO - Processing file /home/airflow/.local/lib/python3.12/site-packages/airflow/example_dags/example_sensor_decorator.py for tasks to queue
[2025-02-20T14:44:52.233+0000] {logging_mixin.py:190} INFO - [2025-02-20T14:44:52.232+0000] {dagbag.py:588} INFO - Filling up the DagBag from /home/airflow/.local/lib/python3.12/site-packages/airflow/example_dags/example_sensor_decorator.py
[2025-02-20T14:44:52.246+0000] {processor.py:925} INFO - DAG(s) 'example_sensor_decorator' retrieved from /home/airflow/.local/lib/python3.12/site-packages/airflow/example_dags/example_sensor_decorator.py
[2025-02-20T14:44:52.263+0000] {logging_mixin.py:190} INFO - [2025-02-20T14:44:52.263+0000] {dag.py:3239} INFO - Sync 1 DAGs
[2025-02-20T14:44:52.275+0000] {logging_mixin.py:190} INFO - [2025-02-20T14:44:52.275+0000] {dag.py:4180} INFO - Setting next_dagrun for example_sensor_decorator to None, run_after=None
[2025-02-20T14:44:52.290+0000] {processor.py:208} INFO - Processing /home/airflow/.local/lib/python3.12/site-packages/airflow/example_dags/example_sensor_decorator.py took 0.065 seconds
[2025-02-20T14:45:22.523+0000] {processor.py:186} INFO - Started process (PID=8521) to work on /home/airflow/.local/lib/python3.12/site-packages/airflow/example_dags/example_sensor_decorator.py
[2025-02-20T14:45:22.524+0000] {processor.py:914} INFO - Processing file /home/airflow/.local/lib/python3.12/site-packages/airflow/example_dags/example_sensor_decorator.py for tasks to queue
[2025-02-20T14:45:22.525+0000] {logging_mixin.py:190} INFO - [2025-02-20T14:45:22.525+0000] {dagbag.py:588} INFO - Filling up the DagBag from /home/airflow/.local/lib/python3.12/site-packages/airflow/example_dags/example_sensor_decorator.py
[2025-02-20T14:45:22.532+0000] {processor.py:925} INFO - DAG(s) 'example_sensor_decorator' retrieved from /home/airflow/.local/lib/python3.12/site-packages/airflow/example_dags/example_sensor_decorator.py
[2025-02-20T14:45:22.546+0000] {logging_mixin.py:190} INFO - [2025-02-20T14:45:22.546+0000] {dag.py:3239} INFO - Sync 1 DAGs
[2025-02-20T14:45:22.558+0000] {logging_mixin.py:190} INFO - [2025-02-20T14:45:22.558+0000] {dag.py:4180} INFO - Setting next_dagrun for example_sensor_decorator to None, run_after=None
[2025-02-20T14:45:22.574+0000] {processor.py:208} INFO - Processing /home/airflow/.local/lib/python3.12/site-packages/airflow/example_dags/example_sensor_decorator.py took 0.057 seconds
