[2025-02-20T13:41:17.873+0000] {processor.py:186} INFO - Started process (PID=4996) to work on /home/airflow/.local/lib/python3.12/site-packages/airflow/example_dags/tutorial_dag.py
[2025-02-20T13:41:17.875+0000] {processor.py:914} INFO - Processing file /home/airflow/.local/lib/python3.12/site-packages/airflow/example_dags/tutorial_dag.py for tasks to queue
[2025-02-20T13:41:17.879+0000] {logging_mixin.py:190} INFO - [2025-02-20T13:41:17.878+0000] {dagbag.py:588} INFO - Filling up the DagBag from /home/airflow/.local/lib/python3.12/site-packages/airflow/example_dags/tutorial_dag.py
[2025-02-20T13:41:17.899+0000] {processor.py:925} INFO - DAG(s) 'tutorial_dag' retrieved from /home/airflow/.local/lib/python3.12/site-packages/airflow/example_dags/tutorial_dag.py
[2025-02-20T13:41:17.943+0000] {logging_mixin.py:190} INFO - [2025-02-20T13:41:17.942+0000] {dag.py:3239} INFO - Sync 1 DAGs
[2025-02-20T13:41:17.992+0000] {logging_mixin.py:190} INFO - [2025-02-20T13:41:17.992+0000] {dag.py:4180} INFO - Setting next_dagrun for tutorial_dag to None, run_after=None
[2025-02-20T13:41:18.040+0000] {processor.py:208} INFO - Processing /home/airflow/.local/lib/python3.12/site-packages/airflow/example_dags/tutorial_dag.py took 0.180 seconds
[2025-02-20T13:41:48.685+0000] {processor.py:186} INFO - Started process (PID=5071) to work on /home/airflow/.local/lib/python3.12/site-packages/airflow/example_dags/tutorial_dag.py
[2025-02-20T13:41:48.687+0000] {processor.py:914} INFO - Processing file /home/airflow/.local/lib/python3.12/site-packages/airflow/example_dags/tutorial_dag.py for tasks to queue
[2025-02-20T13:41:48.689+0000] {logging_mixin.py:190} INFO - [2025-02-20T13:41:48.688+0000] {dagbag.py:588} INFO - Filling up the DagBag from /home/airflow/.local/lib/python3.12/site-packages/airflow/example_dags/tutorial_dag.py
[2025-02-20T13:41:48.697+0000] {processor.py:925} INFO - DAG(s) 'tutorial_dag' retrieved from /home/airflow/.local/lib/python3.12/site-packages/airflow/example_dags/tutorial_dag.py
[2025-02-20T13:41:48.720+0000] {logging_mixin.py:190} INFO - [2025-02-20T13:41:48.719+0000] {dag.py:3239} INFO - Sync 1 DAGs
[2025-02-20T13:41:48.741+0000] {logging_mixin.py:190} INFO - [2025-02-20T13:41:48.740+0000] {dag.py:4180} INFO - Setting next_dagrun for tutorial_dag to None, run_after=None
[2025-02-20T13:41:48.773+0000] {processor.py:208} INFO - Processing /home/airflow/.local/lib/python3.12/site-packages/airflow/example_dags/tutorial_dag.py took 0.093 seconds
[2025-02-20T13:42:19.141+0000] {processor.py:186} INFO - Started process (PID=5147) to work on /home/airflow/.local/lib/python3.12/site-packages/airflow/example_dags/tutorial_dag.py
[2025-02-20T13:42:19.142+0000] {processor.py:914} INFO - Processing file /home/airflow/.local/lib/python3.12/site-packages/airflow/example_dags/tutorial_dag.py for tasks to queue
[2025-02-20T13:42:19.143+0000] {logging_mixin.py:190} INFO - [2025-02-20T13:42:19.143+0000] {dagbag.py:588} INFO - Filling up the DagBag from /home/airflow/.local/lib/python3.12/site-packages/airflow/example_dags/tutorial_dag.py
[2025-02-20T13:42:19.150+0000] {processor.py:925} INFO - DAG(s) 'tutorial_dag' retrieved from /home/airflow/.local/lib/python3.12/site-packages/airflow/example_dags/tutorial_dag.py
[2025-02-20T13:42:19.176+0000] {logging_mixin.py:190} INFO - [2025-02-20T13:42:19.175+0000] {dag.py:3239} INFO - Sync 1 DAGs
[2025-02-20T13:42:19.190+0000] {logging_mixin.py:190} INFO - [2025-02-20T13:42:19.190+0000] {dag.py:4180} INFO - Setting next_dagrun for tutorial_dag to None, run_after=None
[2025-02-20T13:42:19.209+0000] {processor.py:208} INFO - Processing /home/airflow/.local/lib/python3.12/site-packages/airflow/example_dags/tutorial_dag.py took 0.073 seconds
[2025-02-20T13:42:50.055+0000] {processor.py:186} INFO - Started process (PID=5223) to work on /home/airflow/.local/lib/python3.12/site-packages/airflow/example_dags/tutorial_dag.py
[2025-02-20T13:42:50.056+0000] {processor.py:914} INFO - Processing file /home/airflow/.local/lib/python3.12/site-packages/airflow/example_dags/tutorial_dag.py for tasks to queue
[2025-02-20T13:42:50.058+0000] {logging_mixin.py:190} INFO - [2025-02-20T13:42:50.057+0000] {dagbag.py:588} INFO - Filling up the DagBag from /home/airflow/.local/lib/python3.12/site-packages/airflow/example_dags/tutorial_dag.py
[2025-02-20T13:42:50.066+0000] {processor.py:925} INFO - DAG(s) 'tutorial_dag' retrieved from /home/airflow/.local/lib/python3.12/site-packages/airflow/example_dags/tutorial_dag.py
[2025-02-20T13:42:50.088+0000] {logging_mixin.py:190} INFO - [2025-02-20T13:42:50.087+0000] {dag.py:3239} INFO - Sync 1 DAGs
[2025-02-20T13:42:50.103+0000] {logging_mixin.py:190} INFO - [2025-02-20T13:42:50.102+0000] {dag.py:4180} INFO - Setting next_dagrun for tutorial_dag to None, run_after=None
[2025-02-20T13:42:50.125+0000] {processor.py:208} INFO - Processing /home/airflow/.local/lib/python3.12/site-packages/airflow/example_dags/tutorial_dag.py took 0.075 seconds
[2025-02-20T13:43:20.453+0000] {processor.py:186} INFO - Started process (PID=5300) to work on /home/airflow/.local/lib/python3.12/site-packages/airflow/example_dags/tutorial_dag.py
[2025-02-20T13:43:20.454+0000] {processor.py:914} INFO - Processing file /home/airflow/.local/lib/python3.12/site-packages/airflow/example_dags/tutorial_dag.py for tasks to queue
[2025-02-20T13:43:20.455+0000] {logging_mixin.py:190} INFO - [2025-02-20T13:43:20.455+0000] {dagbag.py:588} INFO - Filling up the DagBag from /home/airflow/.local/lib/python3.12/site-packages/airflow/example_dags/tutorial_dag.py
[2025-02-20T13:43:20.462+0000] {processor.py:925} INFO - DAG(s) 'tutorial_dag' retrieved from /home/airflow/.local/lib/python3.12/site-packages/airflow/example_dags/tutorial_dag.py
[2025-02-20T13:43:20.477+0000] {logging_mixin.py:190} INFO - [2025-02-20T13:43:20.477+0000] {dag.py:3239} INFO - Sync 1 DAGs
[2025-02-20T13:43:20.489+0000] {logging_mixin.py:190} INFO - [2025-02-20T13:43:20.489+0000] {dag.py:4180} INFO - Setting next_dagrun for tutorial_dag to None, run_after=None
[2025-02-20T13:43:20.505+0000] {processor.py:208} INFO - Processing /home/airflow/.local/lib/python3.12/site-packages/airflow/example_dags/tutorial_dag.py took 0.057 seconds
[2025-02-20T13:43:50.967+0000] {processor.py:186} INFO - Started process (PID=5375) to work on /home/airflow/.local/lib/python3.12/site-packages/airflow/example_dags/tutorial_dag.py
[2025-02-20T13:43:50.968+0000] {processor.py:914} INFO - Processing file /home/airflow/.local/lib/python3.12/site-packages/airflow/example_dags/tutorial_dag.py for tasks to queue
[2025-02-20T13:43:50.970+0000] {logging_mixin.py:190} INFO - [2025-02-20T13:43:50.970+0000] {dagbag.py:588} INFO - Filling up the DagBag from /home/airflow/.local/lib/python3.12/site-packages/airflow/example_dags/tutorial_dag.py
[2025-02-20T13:43:50.978+0000] {processor.py:925} INFO - DAG(s) 'tutorial_dag' retrieved from /home/airflow/.local/lib/python3.12/site-packages/airflow/example_dags/tutorial_dag.py
[2025-02-20T13:43:51.000+0000] {logging_mixin.py:190} INFO - [2025-02-20T13:43:51.000+0000] {dag.py:3239} INFO - Sync 1 DAGs
[2025-02-20T13:43:51.017+0000] {logging_mixin.py:190} INFO - [2025-02-20T13:43:51.017+0000] {dag.py:4180} INFO - Setting next_dagrun for tutorial_dag to None, run_after=None
[2025-02-20T13:43:51.041+0000] {processor.py:208} INFO - Processing /home/airflow/.local/lib/python3.12/site-packages/airflow/example_dags/tutorial_dag.py took 0.081 seconds
[2025-02-20T13:44:21.454+0000] {processor.py:186} INFO - Started process (PID=5451) to work on /home/airflow/.local/lib/python3.12/site-packages/airflow/example_dags/tutorial_dag.py
[2025-02-20T13:44:21.456+0000] {processor.py:914} INFO - Processing file /home/airflow/.local/lib/python3.12/site-packages/airflow/example_dags/tutorial_dag.py for tasks to queue
[2025-02-20T13:44:21.457+0000] {logging_mixin.py:190} INFO - [2025-02-20T13:44:21.457+0000] {dagbag.py:588} INFO - Filling up the DagBag from /home/airflow/.local/lib/python3.12/site-packages/airflow/example_dags/tutorial_dag.py
[2025-02-20T13:44:21.465+0000] {processor.py:925} INFO - DAG(s) 'tutorial_dag' retrieved from /home/airflow/.local/lib/python3.12/site-packages/airflow/example_dags/tutorial_dag.py
[2025-02-20T13:44:21.489+0000] {logging_mixin.py:190} INFO - [2025-02-20T13:44:21.488+0000] {dag.py:3239} INFO - Sync 1 DAGs
[2025-02-20T13:44:21.504+0000] {logging_mixin.py:190} INFO - [2025-02-20T13:44:21.504+0000] {dag.py:4180} INFO - Setting next_dagrun for tutorial_dag to None, run_after=None
[2025-02-20T13:44:21.530+0000] {processor.py:208} INFO - Processing /home/airflow/.local/lib/python3.12/site-packages/airflow/example_dags/tutorial_dag.py took 0.082 seconds
[2025-02-20T13:44:52.487+0000] {processor.py:186} INFO - Started process (PID=5527) to work on /home/airflow/.local/lib/python3.12/site-packages/airflow/example_dags/tutorial_dag.py
[2025-02-20T13:44:52.489+0000] {processor.py:914} INFO - Processing file /home/airflow/.local/lib/python3.12/site-packages/airflow/example_dags/tutorial_dag.py for tasks to queue
[2025-02-20T13:44:52.491+0000] {logging_mixin.py:190} INFO - [2025-02-20T13:44:52.490+0000] {dagbag.py:588} INFO - Filling up the DagBag from /home/airflow/.local/lib/python3.12/site-packages/airflow/example_dags/tutorial_dag.py
[2025-02-20T13:44:52.499+0000] {processor.py:925} INFO - DAG(s) 'tutorial_dag' retrieved from /home/airflow/.local/lib/python3.12/site-packages/airflow/example_dags/tutorial_dag.py
[2025-02-20T13:44:52.520+0000] {logging_mixin.py:190} INFO - [2025-02-20T13:44:52.520+0000] {dag.py:3239} INFO - Sync 1 DAGs
[2025-02-20T13:44:52.538+0000] {logging_mixin.py:190} INFO - [2025-02-20T13:44:52.538+0000] {dag.py:4180} INFO - Setting next_dagrun for tutorial_dag to None, run_after=None
[2025-02-20T13:44:52.562+0000] {processor.py:208} INFO - Processing /home/airflow/.local/lib/python3.12/site-packages/airflow/example_dags/tutorial_dag.py took 0.081 seconds
[2025-02-20T13:45:23.614+0000] {processor.py:186} INFO - Started process (PID=5603) to work on /home/airflow/.local/lib/python3.12/site-packages/airflow/example_dags/tutorial_dag.py
[2025-02-20T13:45:23.616+0000] {processor.py:914} INFO - Processing file /home/airflow/.local/lib/python3.12/site-packages/airflow/example_dags/tutorial_dag.py for tasks to queue
[2025-02-20T13:45:23.617+0000] {logging_mixin.py:190} INFO - [2025-02-20T13:45:23.617+0000] {dagbag.py:588} INFO - Filling up the DagBag from /home/airflow/.local/lib/python3.12/site-packages/airflow/example_dags/tutorial_dag.py
[2025-02-20T13:45:23.623+0000] {processor.py:925} INFO - DAG(s) 'tutorial_dag' retrieved from /home/airflow/.local/lib/python3.12/site-packages/airflow/example_dags/tutorial_dag.py
[2025-02-20T13:45:23.641+0000] {logging_mixin.py:190} INFO - [2025-02-20T13:45:23.640+0000] {dag.py:3239} INFO - Sync 1 DAGs
[2025-02-20T13:45:23.654+0000] {logging_mixin.py:190} INFO - [2025-02-20T13:45:23.654+0000] {dag.py:4180} INFO - Setting next_dagrun for tutorial_dag to None, run_after=None
[2025-02-20T13:45:23.673+0000] {processor.py:208} INFO - Processing /home/airflow/.local/lib/python3.12/site-packages/airflow/example_dags/tutorial_dag.py took 0.063 seconds
[2025-02-20T13:45:54.306+0000] {processor.py:186} INFO - Started process (PID=5680) to work on /home/airflow/.local/lib/python3.12/site-packages/airflow/example_dags/tutorial_dag.py
[2025-02-20T13:45:54.308+0000] {processor.py:914} INFO - Processing file /home/airflow/.local/lib/python3.12/site-packages/airflow/example_dags/tutorial_dag.py for tasks to queue
[2025-02-20T13:45:54.309+0000] {logging_mixin.py:190} INFO - [2025-02-20T13:45:54.309+0000] {dagbag.py:588} INFO - Filling up the DagBag from /home/airflow/.local/lib/python3.12/site-packages/airflow/example_dags/tutorial_dag.py
[2025-02-20T13:45:54.316+0000] {processor.py:925} INFO - DAG(s) 'tutorial_dag' retrieved from /home/airflow/.local/lib/python3.12/site-packages/airflow/example_dags/tutorial_dag.py
[2025-02-20T13:45:54.333+0000] {logging_mixin.py:190} INFO - [2025-02-20T13:45:54.332+0000] {dag.py:3239} INFO - Sync 1 DAGs
[2025-02-20T13:45:54.347+0000] {logging_mixin.py:190} INFO - [2025-02-20T13:45:54.347+0000] {dag.py:4180} INFO - Setting next_dagrun for tutorial_dag to None, run_after=None
[2025-02-20T13:45:54.365+0000] {processor.py:208} INFO - Processing /home/airflow/.local/lib/python3.12/site-packages/airflow/example_dags/tutorial_dag.py took 0.063 seconds
[2025-02-20T13:46:24.575+0000] {processor.py:186} INFO - Started process (PID=5745) to work on /home/airflow/.local/lib/python3.12/site-packages/airflow/example_dags/tutorial_dag.py
[2025-02-20T13:46:24.576+0000] {processor.py:914} INFO - Processing file /home/airflow/.local/lib/python3.12/site-packages/airflow/example_dags/tutorial_dag.py for tasks to queue
[2025-02-20T13:46:24.577+0000] {logging_mixin.py:190} INFO - [2025-02-20T13:46:24.577+0000] {dagbag.py:588} INFO - Filling up the DagBag from /home/airflow/.local/lib/python3.12/site-packages/airflow/example_dags/tutorial_dag.py
[2025-02-20T13:46:24.584+0000] {processor.py:925} INFO - DAG(s) 'tutorial_dag' retrieved from /home/airflow/.local/lib/python3.12/site-packages/airflow/example_dags/tutorial_dag.py
[2025-02-20T13:46:24.601+0000] {logging_mixin.py:190} INFO - [2025-02-20T13:46:24.601+0000] {dag.py:3239} INFO - Sync 1 DAGs
[2025-02-20T13:46:24.614+0000] {logging_mixin.py:190} INFO - [2025-02-20T13:46:24.614+0000] {dag.py:4180} INFO - Setting next_dagrun for tutorial_dag to None, run_after=None
[2025-02-20T13:46:24.631+0000] {processor.py:208} INFO - Processing /home/airflow/.local/lib/python3.12/site-packages/airflow/example_dags/tutorial_dag.py took 0.062 seconds
[2025-02-20T13:46:54.927+0000] {processor.py:186} INFO - Started process (PID=5820) to work on /home/airflow/.local/lib/python3.12/site-packages/airflow/example_dags/tutorial_dag.py
[2025-02-20T13:46:54.928+0000] {processor.py:914} INFO - Processing file /home/airflow/.local/lib/python3.12/site-packages/airflow/example_dags/tutorial_dag.py for tasks to queue
[2025-02-20T13:46:54.929+0000] {logging_mixin.py:190} INFO - [2025-02-20T13:46:54.929+0000] {dagbag.py:588} INFO - Filling up the DagBag from /home/airflow/.local/lib/python3.12/site-packages/airflow/example_dags/tutorial_dag.py
[2025-02-20T13:46:54.936+0000] {processor.py:925} INFO - DAG(s) 'tutorial_dag' retrieved from /home/airflow/.local/lib/python3.12/site-packages/airflow/example_dags/tutorial_dag.py
[2025-02-20T13:46:54.953+0000] {logging_mixin.py:190} INFO - [2025-02-20T13:46:54.953+0000] {dag.py:3239} INFO - Sync 1 DAGs
[2025-02-20T13:46:54.967+0000] {logging_mixin.py:190} INFO - [2025-02-20T13:46:54.967+0000] {dag.py:4180} INFO - Setting next_dagrun for tutorial_dag to None, run_after=None
[2025-02-20T13:46:54.985+0000] {processor.py:208} INFO - Processing /home/airflow/.local/lib/python3.12/site-packages/airflow/example_dags/tutorial_dag.py took 0.062 seconds
[2025-02-20T13:47:25.675+0000] {processor.py:186} INFO - Started process (PID=5895) to work on /home/airflow/.local/lib/python3.12/site-packages/airflow/example_dags/tutorial_dag.py
[2025-02-20T13:47:25.677+0000] {processor.py:914} INFO - Processing file /home/airflow/.local/lib/python3.12/site-packages/airflow/example_dags/tutorial_dag.py for tasks to queue
[2025-02-20T13:47:25.679+0000] {logging_mixin.py:190} INFO - [2025-02-20T13:47:25.679+0000] {dagbag.py:588} INFO - Filling up the DagBag from /home/airflow/.local/lib/python3.12/site-packages/airflow/example_dags/tutorial_dag.py
[2025-02-20T13:47:25.692+0000] {processor.py:925} INFO - DAG(s) 'tutorial_dag' retrieved from /home/airflow/.local/lib/python3.12/site-packages/airflow/example_dags/tutorial_dag.py
[2025-02-20T13:47:25.731+0000] {logging_mixin.py:190} INFO - [2025-02-20T13:47:25.730+0000] {dag.py:3239} INFO - Sync 1 DAGs
[2025-02-20T13:47:25.758+0000] {logging_mixin.py:190} INFO - [2025-02-20T13:47:25.758+0000] {dag.py:4180} INFO - Setting next_dagrun for tutorial_dag to None, run_after=None
[2025-02-20T13:47:25.789+0000] {processor.py:208} INFO - Processing /home/airflow/.local/lib/python3.12/site-packages/airflow/example_dags/tutorial_dag.py took 0.121 seconds
[2025-02-20T13:47:56.585+0000] {processor.py:186} INFO - Started process (PID=5977) to work on /home/airflow/.local/lib/python3.12/site-packages/airflow/example_dags/tutorial_dag.py
[2025-02-20T13:47:56.586+0000] {processor.py:914} INFO - Processing file /home/airflow/.local/lib/python3.12/site-packages/airflow/example_dags/tutorial_dag.py for tasks to queue
[2025-02-20T13:47:56.588+0000] {logging_mixin.py:190} INFO - [2025-02-20T13:47:56.588+0000] {dagbag.py:588} INFO - Filling up the DagBag from /home/airflow/.local/lib/python3.12/site-packages/airflow/example_dags/tutorial_dag.py
[2025-02-20T13:47:56.596+0000] {processor.py:925} INFO - DAG(s) 'tutorial_dag' retrieved from /home/airflow/.local/lib/python3.12/site-packages/airflow/example_dags/tutorial_dag.py
[2025-02-20T13:47:56.617+0000] {logging_mixin.py:190} INFO - [2025-02-20T13:47:56.617+0000] {dag.py:3239} INFO - Sync 1 DAGs
[2025-02-20T13:47:56.634+0000] {logging_mixin.py:190} INFO - [2025-02-20T13:47:56.633+0000] {dag.py:4180} INFO - Setting next_dagrun for tutorial_dag to None, run_after=None
[2025-02-20T13:47:56.659+0000] {processor.py:208} INFO - Processing /home/airflow/.local/lib/python3.12/site-packages/airflow/example_dags/tutorial_dag.py took 0.080 seconds
[2025-02-20T13:48:27.003+0000] {processor.py:186} INFO - Started process (PID=6051) to work on /home/airflow/.local/lib/python3.12/site-packages/airflow/example_dags/tutorial_dag.py
[2025-02-20T13:48:27.004+0000] {processor.py:914} INFO - Processing file /home/airflow/.local/lib/python3.12/site-packages/airflow/example_dags/tutorial_dag.py for tasks to queue
[2025-02-20T13:48:27.005+0000] {logging_mixin.py:190} INFO - [2025-02-20T13:48:27.005+0000] {dagbag.py:588} INFO - Filling up the DagBag from /home/airflow/.local/lib/python3.12/site-packages/airflow/example_dags/tutorial_dag.py
[2025-02-20T13:48:27.012+0000] {processor.py:925} INFO - DAG(s) 'tutorial_dag' retrieved from /home/airflow/.local/lib/python3.12/site-packages/airflow/example_dags/tutorial_dag.py
[2025-02-20T13:48:27.029+0000] {logging_mixin.py:190} INFO - [2025-02-20T13:48:27.029+0000] {dag.py:3239} INFO - Sync 1 DAGs
[2025-02-20T13:48:27.042+0000] {logging_mixin.py:190} INFO - [2025-02-20T13:48:27.041+0000] {dag.py:4180} INFO - Setting next_dagrun for tutorial_dag to None, run_after=None
[2025-02-20T13:48:27.062+0000] {processor.py:208} INFO - Processing /home/airflow/.local/lib/python3.12/site-packages/airflow/example_dags/tutorial_dag.py took 0.064 seconds
[2025-02-20T13:48:57.443+0000] {processor.py:186} INFO - Started process (PID=6127) to work on /home/airflow/.local/lib/python3.12/site-packages/airflow/example_dags/tutorial_dag.py
[2025-02-20T13:48:57.444+0000] {processor.py:914} INFO - Processing file /home/airflow/.local/lib/python3.12/site-packages/airflow/example_dags/tutorial_dag.py for tasks to queue
[2025-02-20T13:48:57.445+0000] {logging_mixin.py:190} INFO - [2025-02-20T13:48:57.445+0000] {dagbag.py:588} INFO - Filling up the DagBag from /home/airflow/.local/lib/python3.12/site-packages/airflow/example_dags/tutorial_dag.py
[2025-02-20T13:48:57.451+0000] {processor.py:925} INFO - DAG(s) 'tutorial_dag' retrieved from /home/airflow/.local/lib/python3.12/site-packages/airflow/example_dags/tutorial_dag.py
[2025-02-20T13:48:57.468+0000] {logging_mixin.py:190} INFO - [2025-02-20T13:48:57.468+0000] {dag.py:3239} INFO - Sync 1 DAGs
[2025-02-20T13:48:57.482+0000] {logging_mixin.py:190} INFO - [2025-02-20T13:48:57.481+0000] {dag.py:4180} INFO - Setting next_dagrun for tutorial_dag to None, run_after=None
[2025-02-20T13:48:57.500+0000] {processor.py:208} INFO - Processing /home/airflow/.local/lib/python3.12/site-packages/airflow/example_dags/tutorial_dag.py took 0.062 seconds
[2025-02-20T13:49:27.598+0000] {processor.py:186} INFO - Started process (PID=6203) to work on /home/airflow/.local/lib/python3.12/site-packages/airflow/example_dags/tutorial_dag.py
[2025-02-20T13:49:27.600+0000] {processor.py:914} INFO - Processing file /home/airflow/.local/lib/python3.12/site-packages/airflow/example_dags/tutorial_dag.py for tasks to queue
[2025-02-20T13:49:27.601+0000] {logging_mixin.py:190} INFO - [2025-02-20T13:49:27.601+0000] {dagbag.py:588} INFO - Filling up the DagBag from /home/airflow/.local/lib/python3.12/site-packages/airflow/example_dags/tutorial_dag.py
[2025-02-20T13:49:27.607+0000] {processor.py:925} INFO - DAG(s) 'tutorial_dag' retrieved from /home/airflow/.local/lib/python3.12/site-packages/airflow/example_dags/tutorial_dag.py
[2025-02-20T13:49:27.624+0000] {logging_mixin.py:190} INFO - [2025-02-20T13:49:27.623+0000] {dag.py:3239} INFO - Sync 1 DAGs
[2025-02-20T13:49:27.636+0000] {logging_mixin.py:190} INFO - [2025-02-20T13:49:27.635+0000] {dag.py:4180} INFO - Setting next_dagrun for tutorial_dag to None, run_after=None
[2025-02-20T13:49:27.651+0000] {processor.py:208} INFO - Processing /home/airflow/.local/lib/python3.12/site-packages/airflow/example_dags/tutorial_dag.py took 0.058 seconds
[2025-02-20T13:49:58.371+0000] {processor.py:186} INFO - Started process (PID=6279) to work on /home/airflow/.local/lib/python3.12/site-packages/airflow/example_dags/tutorial_dag.py
[2025-02-20T13:49:58.372+0000] {processor.py:914} INFO - Processing file /home/airflow/.local/lib/python3.12/site-packages/airflow/example_dags/tutorial_dag.py for tasks to queue
[2025-02-20T13:49:58.374+0000] {logging_mixin.py:190} INFO - [2025-02-20T13:49:58.373+0000] {dagbag.py:588} INFO - Filling up the DagBag from /home/airflow/.local/lib/python3.12/site-packages/airflow/example_dags/tutorial_dag.py
[2025-02-20T13:49:58.380+0000] {processor.py:925} INFO - DAG(s) 'tutorial_dag' retrieved from /home/airflow/.local/lib/python3.12/site-packages/airflow/example_dags/tutorial_dag.py
[2025-02-20T13:49:58.396+0000] {logging_mixin.py:190} INFO - [2025-02-20T13:49:58.396+0000] {dag.py:3239} INFO - Sync 1 DAGs
[2025-02-20T13:49:58.408+0000] {logging_mixin.py:190} INFO - [2025-02-20T13:49:58.408+0000] {dag.py:4180} INFO - Setting next_dagrun for tutorial_dag to None, run_after=None
[2025-02-20T13:49:58.424+0000] {processor.py:208} INFO - Processing /home/airflow/.local/lib/python3.12/site-packages/airflow/example_dags/tutorial_dag.py took 0.057 seconds
[2025-02-20T13:50:28.636+0000] {processor.py:186} INFO - Started process (PID=6355) to work on /home/airflow/.local/lib/python3.12/site-packages/airflow/example_dags/tutorial_dag.py
[2025-02-20T13:50:28.638+0000] {processor.py:914} INFO - Processing file /home/airflow/.local/lib/python3.12/site-packages/airflow/example_dags/tutorial_dag.py for tasks to queue
[2025-02-20T13:50:28.640+0000] {logging_mixin.py:190} INFO - [2025-02-20T13:50:28.640+0000] {dagbag.py:588} INFO - Filling up the DagBag from /home/airflow/.local/lib/python3.12/site-packages/airflow/example_dags/tutorial_dag.py
[2025-02-20T13:50:28.646+0000] {processor.py:925} INFO - DAG(s) 'tutorial_dag' retrieved from /home/airflow/.local/lib/python3.12/site-packages/airflow/example_dags/tutorial_dag.py
[2025-02-20T13:50:28.663+0000] {logging_mixin.py:190} INFO - [2025-02-20T13:50:28.663+0000] {dag.py:3239} INFO - Sync 1 DAGs
[2025-02-20T13:50:28.674+0000] {logging_mixin.py:190} INFO - [2025-02-20T13:50:28.674+0000] {dag.py:4180} INFO - Setting next_dagrun for tutorial_dag to None, run_after=None
[2025-02-20T13:50:28.690+0000] {processor.py:208} INFO - Processing /home/airflow/.local/lib/python3.12/site-packages/airflow/example_dags/tutorial_dag.py took 0.059 seconds
[2025-02-20T13:50:59.195+0000] {processor.py:186} INFO - Started process (PID=6431) to work on /home/airflow/.local/lib/python3.12/site-packages/airflow/example_dags/tutorial_dag.py
[2025-02-20T13:50:59.196+0000] {processor.py:914} INFO - Processing file /home/airflow/.local/lib/python3.12/site-packages/airflow/example_dags/tutorial_dag.py for tasks to queue
[2025-02-20T13:50:59.198+0000] {logging_mixin.py:190} INFO - [2025-02-20T13:50:59.198+0000] {dagbag.py:588} INFO - Filling up the DagBag from /home/airflow/.local/lib/python3.12/site-packages/airflow/example_dags/tutorial_dag.py
[2025-02-20T13:50:59.204+0000] {processor.py:925} INFO - DAG(s) 'tutorial_dag' retrieved from /home/airflow/.local/lib/python3.12/site-packages/airflow/example_dags/tutorial_dag.py
[2025-02-20T13:50:59.221+0000] {logging_mixin.py:190} INFO - [2025-02-20T13:50:59.220+0000] {dag.py:3239} INFO - Sync 1 DAGs
[2025-02-20T13:50:59.232+0000] {logging_mixin.py:190} INFO - [2025-02-20T13:50:59.232+0000] {dag.py:4180} INFO - Setting next_dagrun for tutorial_dag to None, run_after=None
[2025-02-20T13:50:59.248+0000] {processor.py:208} INFO - Processing /home/airflow/.local/lib/python3.12/site-packages/airflow/example_dags/tutorial_dag.py took 0.057 seconds
[2025-02-20T13:51:29.394+0000] {processor.py:186} INFO - Started process (PID=6507) to work on /home/airflow/.local/lib/python3.12/site-packages/airflow/example_dags/tutorial_dag.py
[2025-02-20T13:51:29.395+0000] {processor.py:914} INFO - Processing file /home/airflow/.local/lib/python3.12/site-packages/airflow/example_dags/tutorial_dag.py for tasks to queue
[2025-02-20T13:51:29.397+0000] {logging_mixin.py:190} INFO - [2025-02-20T13:51:29.396+0000] {dagbag.py:588} INFO - Filling up the DagBag from /home/airflow/.local/lib/python3.12/site-packages/airflow/example_dags/tutorial_dag.py
[2025-02-20T13:51:29.403+0000] {processor.py:925} INFO - DAG(s) 'tutorial_dag' retrieved from /home/airflow/.local/lib/python3.12/site-packages/airflow/example_dags/tutorial_dag.py
[2025-02-20T13:51:29.419+0000] {logging_mixin.py:190} INFO - [2025-02-20T13:51:29.419+0000] {dag.py:3239} INFO - Sync 1 DAGs
[2025-02-20T13:51:29.433+0000] {logging_mixin.py:190} INFO - [2025-02-20T13:51:29.432+0000] {dag.py:4180} INFO - Setting next_dagrun for tutorial_dag to None, run_after=None
[2025-02-20T13:51:29.450+0000] {processor.py:208} INFO - Processing /home/airflow/.local/lib/python3.12/site-packages/airflow/example_dags/tutorial_dag.py took 0.061 seconds
[2025-02-20T13:51:59.965+0000] {processor.py:186} INFO - Started process (PID=6583) to work on /home/airflow/.local/lib/python3.12/site-packages/airflow/example_dags/tutorial_dag.py
[2025-02-20T13:51:59.967+0000] {processor.py:914} INFO - Processing file /home/airflow/.local/lib/python3.12/site-packages/airflow/example_dags/tutorial_dag.py for tasks to queue
[2025-02-20T13:51:59.968+0000] {logging_mixin.py:190} INFO - [2025-02-20T13:51:59.968+0000] {dagbag.py:588} INFO - Filling up the DagBag from /home/airflow/.local/lib/python3.12/site-packages/airflow/example_dags/tutorial_dag.py
[2025-02-20T13:51:59.975+0000] {processor.py:925} INFO - DAG(s) 'tutorial_dag' retrieved from /home/airflow/.local/lib/python3.12/site-packages/airflow/example_dags/tutorial_dag.py
[2025-02-20T13:51:59.992+0000] {logging_mixin.py:190} INFO - [2025-02-20T13:51:59.991+0000] {dag.py:3239} INFO - Sync 1 DAGs
[2025-02-20T13:52:00.004+0000] {logging_mixin.py:190} INFO - [2025-02-20T13:52:00.004+0000] {dag.py:4180} INFO - Setting next_dagrun for tutorial_dag to None, run_after=None
[2025-02-20T13:52:00.021+0000] {processor.py:208} INFO - Processing /home/airflow/.local/lib/python3.12/site-packages/airflow/example_dags/tutorial_dag.py took 0.061 seconds
[2025-02-20T13:52:30.871+0000] {processor.py:186} INFO - Started process (PID=6659) to work on /home/airflow/.local/lib/python3.12/site-packages/airflow/example_dags/tutorial_dag.py
[2025-02-20T13:52:30.872+0000] {processor.py:914} INFO - Processing file /home/airflow/.local/lib/python3.12/site-packages/airflow/example_dags/tutorial_dag.py for tasks to queue
[2025-02-20T13:52:30.874+0000] {logging_mixin.py:190} INFO - [2025-02-20T13:52:30.873+0000] {dagbag.py:588} INFO - Filling up the DagBag from /home/airflow/.local/lib/python3.12/site-packages/airflow/example_dags/tutorial_dag.py
[2025-02-20T13:52:30.882+0000] {processor.py:925} INFO - DAG(s) 'tutorial_dag' retrieved from /home/airflow/.local/lib/python3.12/site-packages/airflow/example_dags/tutorial_dag.py
[2025-02-20T13:52:30.902+0000] {logging_mixin.py:190} INFO - [2025-02-20T13:52:30.901+0000] {dag.py:3239} INFO - Sync 1 DAGs
[2025-02-20T13:52:30.969+0000] {logging_mixin.py:190} INFO - [2025-02-20T13:52:30.969+0000] {dag.py:4180} INFO - Setting next_dagrun for tutorial_dag to None, run_after=None
[2025-02-20T13:52:30.988+0000] {processor.py:208} INFO - Processing /home/airflow/.local/lib/python3.12/site-packages/airflow/example_dags/tutorial_dag.py took 0.123 seconds
[2025-02-20T13:53:01.590+0000] {processor.py:186} INFO - Started process (PID=6734) to work on /home/airflow/.local/lib/python3.12/site-packages/airflow/example_dags/tutorial_dag.py
[2025-02-20T13:53:01.591+0000] {processor.py:914} INFO - Processing file /home/airflow/.local/lib/python3.12/site-packages/airflow/example_dags/tutorial_dag.py for tasks to queue
[2025-02-20T13:53:01.593+0000] {logging_mixin.py:190} INFO - [2025-02-20T13:53:01.593+0000] {dagbag.py:588} INFO - Filling up the DagBag from /home/airflow/.local/lib/python3.12/site-packages/airflow/example_dags/tutorial_dag.py
[2025-02-20T13:53:01.601+0000] {processor.py:925} INFO - DAG(s) 'tutorial_dag' retrieved from /home/airflow/.local/lib/python3.12/site-packages/airflow/example_dags/tutorial_dag.py
[2025-02-20T13:53:01.621+0000] {logging_mixin.py:190} INFO - [2025-02-20T13:53:01.620+0000] {dag.py:3239} INFO - Sync 1 DAGs
[2025-02-20T13:53:01.633+0000] {logging_mixin.py:190} INFO - [2025-02-20T13:53:01.633+0000] {dag.py:4180} INFO - Setting next_dagrun for tutorial_dag to None, run_after=None
[2025-02-20T13:53:01.654+0000] {processor.py:208} INFO - Processing /home/airflow/.local/lib/python3.12/site-packages/airflow/example_dags/tutorial_dag.py took 0.069 seconds
[2025-02-20T13:53:32.087+0000] {processor.py:186} INFO - Started process (PID=6809) to work on /home/airflow/.local/lib/python3.12/site-packages/airflow/example_dags/tutorial_dag.py
[2025-02-20T13:53:32.089+0000] {processor.py:914} INFO - Processing file /home/airflow/.local/lib/python3.12/site-packages/airflow/example_dags/tutorial_dag.py for tasks to queue
[2025-02-20T13:53:32.090+0000] {logging_mixin.py:190} INFO - [2025-02-20T13:53:32.090+0000] {dagbag.py:588} INFO - Filling up the DagBag from /home/airflow/.local/lib/python3.12/site-packages/airflow/example_dags/tutorial_dag.py
[2025-02-20T13:53:32.098+0000] {processor.py:925} INFO - DAG(s) 'tutorial_dag' retrieved from /home/airflow/.local/lib/python3.12/site-packages/airflow/example_dags/tutorial_dag.py
[2025-02-20T13:53:32.116+0000] {logging_mixin.py:190} INFO - [2025-02-20T13:53:32.116+0000] {dag.py:3239} INFO - Sync 1 DAGs
[2025-02-20T13:53:32.129+0000] {logging_mixin.py:190} INFO - [2025-02-20T13:53:32.129+0000] {dag.py:4180} INFO - Setting next_dagrun for tutorial_dag to None, run_after=None
[2025-02-20T13:53:32.149+0000] {processor.py:208} INFO - Processing /home/airflow/.local/lib/python3.12/site-packages/airflow/example_dags/tutorial_dag.py took 0.068 seconds
[2025-02-20T13:54:02.433+0000] {processor.py:186} INFO - Started process (PID=6885) to work on /home/airflow/.local/lib/python3.12/site-packages/airflow/example_dags/tutorial_dag.py
[2025-02-20T13:54:02.434+0000] {processor.py:914} INFO - Processing file /home/airflow/.local/lib/python3.12/site-packages/airflow/example_dags/tutorial_dag.py for tasks to queue
[2025-02-20T13:54:02.435+0000] {logging_mixin.py:190} INFO - [2025-02-20T13:54:02.435+0000] {dagbag.py:588} INFO - Filling up the DagBag from /home/airflow/.local/lib/python3.12/site-packages/airflow/example_dags/tutorial_dag.py
[2025-02-20T13:54:02.442+0000] {processor.py:925} INFO - DAG(s) 'tutorial_dag' retrieved from /home/airflow/.local/lib/python3.12/site-packages/airflow/example_dags/tutorial_dag.py
[2025-02-20T13:54:02.461+0000] {logging_mixin.py:190} INFO - [2025-02-20T13:54:02.461+0000] {dag.py:3239} INFO - Sync 1 DAGs
[2025-02-20T13:54:02.472+0000] {logging_mixin.py:190} INFO - [2025-02-20T13:54:02.472+0000] {dag.py:4180} INFO - Setting next_dagrun for tutorial_dag to None, run_after=None
[2025-02-20T13:54:02.492+0000] {processor.py:208} INFO - Processing /home/airflow/.local/lib/python3.12/site-packages/airflow/example_dags/tutorial_dag.py took 0.064 seconds
[2025-02-20T13:54:32.664+0000] {processor.py:186} INFO - Started process (PID=6961) to work on /home/airflow/.local/lib/python3.12/site-packages/airflow/example_dags/tutorial_dag.py
[2025-02-20T13:54:32.665+0000] {processor.py:914} INFO - Processing file /home/airflow/.local/lib/python3.12/site-packages/airflow/example_dags/tutorial_dag.py for tasks to queue
[2025-02-20T13:54:32.667+0000] {logging_mixin.py:190} INFO - [2025-02-20T13:54:32.666+0000] {dagbag.py:588} INFO - Filling up the DagBag from /home/airflow/.local/lib/python3.12/site-packages/airflow/example_dags/tutorial_dag.py
[2025-02-20T13:54:32.674+0000] {processor.py:925} INFO - DAG(s) 'tutorial_dag' retrieved from /home/airflow/.local/lib/python3.12/site-packages/airflow/example_dags/tutorial_dag.py
[2025-02-20T13:54:32.694+0000] {logging_mixin.py:190} INFO - [2025-02-20T13:54:32.693+0000] {dag.py:3239} INFO - Sync 1 DAGs
[2025-02-20T13:54:32.708+0000] {logging_mixin.py:190} INFO - [2025-02-20T13:54:32.708+0000] {dag.py:4180} INFO - Setting next_dagrun for tutorial_dag to None, run_after=None
[2025-02-20T13:54:32.727+0000] {processor.py:208} INFO - Processing /home/airflow/.local/lib/python3.12/site-packages/airflow/example_dags/tutorial_dag.py took 0.069 seconds
[2025-02-20T13:55:03.283+0000] {processor.py:186} INFO - Started process (PID=7037) to work on /home/airflow/.local/lib/python3.12/site-packages/airflow/example_dags/tutorial_dag.py
[2025-02-20T13:55:03.285+0000] {processor.py:914} INFO - Processing file /home/airflow/.local/lib/python3.12/site-packages/airflow/example_dags/tutorial_dag.py for tasks to queue
[2025-02-20T13:55:03.286+0000] {logging_mixin.py:190} INFO - [2025-02-20T13:55:03.286+0000] {dagbag.py:588} INFO - Filling up the DagBag from /home/airflow/.local/lib/python3.12/site-packages/airflow/example_dags/tutorial_dag.py
[2025-02-20T13:55:03.293+0000] {processor.py:925} INFO - DAG(s) 'tutorial_dag' retrieved from /home/airflow/.local/lib/python3.12/site-packages/airflow/example_dags/tutorial_dag.py
[2025-02-20T13:55:03.309+0000] {logging_mixin.py:190} INFO - [2025-02-20T13:55:03.309+0000] {dag.py:3239} INFO - Sync 1 DAGs
[2025-02-20T13:55:03.320+0000] {logging_mixin.py:190} INFO - [2025-02-20T13:55:03.320+0000] {dag.py:4180} INFO - Setting next_dagrun for tutorial_dag to None, run_after=None
[2025-02-20T13:55:03.337+0000] {processor.py:208} INFO - Processing /home/airflow/.local/lib/python3.12/site-packages/airflow/example_dags/tutorial_dag.py took 0.058 seconds
[2025-02-20T13:55:33.765+0000] {processor.py:186} INFO - Started process (PID=7110) to work on /home/airflow/.local/lib/python3.12/site-packages/airflow/example_dags/tutorial_dag.py
[2025-02-20T13:55:33.766+0000] {processor.py:914} INFO - Processing file /home/airflow/.local/lib/python3.12/site-packages/airflow/example_dags/tutorial_dag.py for tasks to queue
[2025-02-20T13:55:33.768+0000] {logging_mixin.py:190} INFO - [2025-02-20T13:55:33.768+0000] {dagbag.py:588} INFO - Filling up the DagBag from /home/airflow/.local/lib/python3.12/site-packages/airflow/example_dags/tutorial_dag.py
[2025-02-20T13:55:33.774+0000] {processor.py:925} INFO - DAG(s) 'tutorial_dag' retrieved from /home/airflow/.local/lib/python3.12/site-packages/airflow/example_dags/tutorial_dag.py
[2025-02-20T13:55:33.793+0000] {logging_mixin.py:190} INFO - [2025-02-20T13:55:33.793+0000] {dag.py:3239} INFO - Sync 1 DAGs
[2025-02-20T13:55:33.805+0000] {logging_mixin.py:190} INFO - [2025-02-20T13:55:33.805+0000] {dag.py:4180} INFO - Setting next_dagrun for tutorial_dag to None, run_after=None
[2025-02-20T13:55:33.822+0000] {processor.py:208} INFO - Processing /home/airflow/.local/lib/python3.12/site-packages/airflow/example_dags/tutorial_dag.py took 0.061 seconds
[2025-02-20T13:56:03.934+0000] {processor.py:186} INFO - Started process (PID=7186) to work on /home/airflow/.local/lib/python3.12/site-packages/airflow/example_dags/tutorial_dag.py
[2025-02-20T13:56:03.936+0000] {processor.py:914} INFO - Processing file /home/airflow/.local/lib/python3.12/site-packages/airflow/example_dags/tutorial_dag.py for tasks to queue
[2025-02-20T13:56:03.938+0000] {logging_mixin.py:190} INFO - [2025-02-20T13:56:03.938+0000] {dagbag.py:588} INFO - Filling up the DagBag from /home/airflow/.local/lib/python3.12/site-packages/airflow/example_dags/tutorial_dag.py
[2025-02-20T13:56:03.945+0000] {processor.py:925} INFO - DAG(s) 'tutorial_dag' retrieved from /home/airflow/.local/lib/python3.12/site-packages/airflow/example_dags/tutorial_dag.py
[2025-02-20T13:56:03.967+0000] {logging_mixin.py:190} INFO - [2025-02-20T13:56:03.966+0000] {dag.py:3239} INFO - Sync 1 DAGs
[2025-02-20T13:56:03.982+0000] {logging_mixin.py:190} INFO - [2025-02-20T13:56:03.982+0000] {dag.py:4180} INFO - Setting next_dagrun for tutorial_dag to None, run_after=None
[2025-02-20T13:56:04.010+0000] {processor.py:208} INFO - Processing /home/airflow/.local/lib/python3.12/site-packages/airflow/example_dags/tutorial_dag.py took 0.082 seconds
[2025-02-20T13:56:34.155+0000] {processor.py:186} INFO - Started process (PID=7262) to work on /home/airflow/.local/lib/python3.12/site-packages/airflow/example_dags/tutorial_dag.py
[2025-02-20T13:56:34.156+0000] {processor.py:914} INFO - Processing file /home/airflow/.local/lib/python3.12/site-packages/airflow/example_dags/tutorial_dag.py for tasks to queue
[2025-02-20T13:56:34.158+0000] {logging_mixin.py:190} INFO - [2025-02-20T13:56:34.157+0000] {dagbag.py:588} INFO - Filling up the DagBag from /home/airflow/.local/lib/python3.12/site-packages/airflow/example_dags/tutorial_dag.py
[2025-02-20T13:56:34.165+0000] {processor.py:925} INFO - DAG(s) 'tutorial_dag' retrieved from /home/airflow/.local/lib/python3.12/site-packages/airflow/example_dags/tutorial_dag.py
[2025-02-20T13:56:34.186+0000] {logging_mixin.py:190} INFO - [2025-02-20T13:56:34.185+0000] {dag.py:3239} INFO - Sync 1 DAGs
[2025-02-20T13:56:34.198+0000] {logging_mixin.py:190} INFO - [2025-02-20T13:56:34.198+0000] {dag.py:4180} INFO - Setting next_dagrun for tutorial_dag to None, run_after=None
[2025-02-20T13:56:34.219+0000] {processor.py:208} INFO - Processing /home/airflow/.local/lib/python3.12/site-packages/airflow/example_dags/tutorial_dag.py took 0.068 seconds
[2025-02-20T13:57:04.690+0000] {processor.py:186} INFO - Started process (PID=7338) to work on /home/airflow/.local/lib/python3.12/site-packages/airflow/example_dags/tutorial_dag.py
[2025-02-20T13:57:04.691+0000] {processor.py:914} INFO - Processing file /home/airflow/.local/lib/python3.12/site-packages/airflow/example_dags/tutorial_dag.py for tasks to queue
[2025-02-20T13:57:04.693+0000] {logging_mixin.py:190} INFO - [2025-02-20T13:57:04.692+0000] {dagbag.py:588} INFO - Filling up the DagBag from /home/airflow/.local/lib/python3.12/site-packages/airflow/example_dags/tutorial_dag.py
[2025-02-20T13:57:04.699+0000] {processor.py:925} INFO - DAG(s) 'tutorial_dag' retrieved from /home/airflow/.local/lib/python3.12/site-packages/airflow/example_dags/tutorial_dag.py
[2025-02-20T13:57:04.719+0000] {logging_mixin.py:190} INFO - [2025-02-20T13:57:04.719+0000] {dag.py:3239} INFO - Sync 1 DAGs
[2025-02-20T13:57:04.731+0000] {logging_mixin.py:190} INFO - [2025-02-20T13:57:04.731+0000] {dag.py:4180} INFO - Setting next_dagrun for tutorial_dag to None, run_after=None
[2025-02-20T13:57:04.751+0000] {processor.py:208} INFO - Processing /home/airflow/.local/lib/python3.12/site-packages/airflow/example_dags/tutorial_dag.py took 0.066 seconds
[2025-02-20T13:57:35.518+0000] {processor.py:186} INFO - Started process (PID=7414) to work on /home/airflow/.local/lib/python3.12/site-packages/airflow/example_dags/tutorial_dag.py
[2025-02-20T13:57:35.519+0000] {processor.py:914} INFO - Processing file /home/airflow/.local/lib/python3.12/site-packages/airflow/example_dags/tutorial_dag.py for tasks to queue
[2025-02-20T13:57:35.521+0000] {logging_mixin.py:190} INFO - [2025-02-20T13:57:35.521+0000] {dagbag.py:588} INFO - Filling up the DagBag from /home/airflow/.local/lib/python3.12/site-packages/airflow/example_dags/tutorial_dag.py
[2025-02-20T13:57:35.527+0000] {processor.py:925} INFO - DAG(s) 'tutorial_dag' retrieved from /home/airflow/.local/lib/python3.12/site-packages/airflow/example_dags/tutorial_dag.py
[2025-02-20T13:57:35.543+0000] {logging_mixin.py:190} INFO - [2025-02-20T13:57:35.543+0000] {dag.py:3239} INFO - Sync 1 DAGs
[2025-02-20T13:57:35.554+0000] {logging_mixin.py:190} INFO - [2025-02-20T13:57:35.554+0000] {dag.py:4180} INFO - Setting next_dagrun for tutorial_dag to None, run_after=None
[2025-02-20T13:57:35.571+0000] {processor.py:208} INFO - Processing /home/airflow/.local/lib/python3.12/site-packages/airflow/example_dags/tutorial_dag.py took 0.057 seconds
[2025-02-20T13:58:05.966+0000] {processor.py:186} INFO - Started process (PID=7497) to work on /home/airflow/.local/lib/python3.12/site-packages/airflow/example_dags/tutorial_dag.py
[2025-02-20T13:58:05.967+0000] {processor.py:914} INFO - Processing file /home/airflow/.local/lib/python3.12/site-packages/airflow/example_dags/tutorial_dag.py for tasks to queue
[2025-02-20T13:58:05.968+0000] {logging_mixin.py:190} INFO - [2025-02-20T13:58:05.968+0000] {dagbag.py:588} INFO - Filling up the DagBag from /home/airflow/.local/lib/python3.12/site-packages/airflow/example_dags/tutorial_dag.py
[2025-02-20T13:58:05.974+0000] {processor.py:925} INFO - DAG(s) 'tutorial_dag' retrieved from /home/airflow/.local/lib/python3.12/site-packages/airflow/example_dags/tutorial_dag.py
[2025-02-20T13:58:05.990+0000] {logging_mixin.py:190} INFO - [2025-02-20T13:58:05.990+0000] {dag.py:3239} INFO - Sync 1 DAGs
[2025-02-20T13:58:06.003+0000] {logging_mixin.py:190} INFO - [2025-02-20T13:58:06.003+0000] {dag.py:4180} INFO - Setting next_dagrun for tutorial_dag to None, run_after=None
[2025-02-20T13:58:06.021+0000] {processor.py:208} INFO - Processing /home/airflow/.local/lib/python3.12/site-packages/airflow/example_dags/tutorial_dag.py took 0.060 seconds
[2025-02-20T13:58:36.172+0000] {processor.py:186} INFO - Started process (PID=7573) to work on /home/airflow/.local/lib/python3.12/site-packages/airflow/example_dags/tutorial_dag.py
[2025-02-20T13:58:36.173+0000] {processor.py:914} INFO - Processing file /home/airflow/.local/lib/python3.12/site-packages/airflow/example_dags/tutorial_dag.py for tasks to queue
[2025-02-20T13:58:36.175+0000] {logging_mixin.py:190} INFO - [2025-02-20T13:58:36.175+0000] {dagbag.py:588} INFO - Filling up the DagBag from /home/airflow/.local/lib/python3.12/site-packages/airflow/example_dags/tutorial_dag.py
[2025-02-20T13:58:36.181+0000] {processor.py:925} INFO - DAG(s) 'tutorial_dag' retrieved from /home/airflow/.local/lib/python3.12/site-packages/airflow/example_dags/tutorial_dag.py
[2025-02-20T13:58:36.248+0000] {logging_mixin.py:190} INFO - [2025-02-20T13:58:36.247+0000] {dag.py:3239} INFO - Sync 1 DAGs
[2025-02-20T13:58:36.259+0000] {logging_mixin.py:190} INFO - [2025-02-20T13:58:36.259+0000] {dag.py:4180} INFO - Setting next_dagrun for tutorial_dag to None, run_after=None
[2025-02-20T13:58:36.277+0000] {processor.py:208} INFO - Processing /home/airflow/.local/lib/python3.12/site-packages/airflow/example_dags/tutorial_dag.py took 0.110 seconds
[2025-02-20T13:59:06.684+0000] {processor.py:186} INFO - Started process (PID=7650) to work on /home/airflow/.local/lib/python3.12/site-packages/airflow/example_dags/tutorial_dag.py
[2025-02-20T13:59:06.686+0000] {processor.py:914} INFO - Processing file /home/airflow/.local/lib/python3.12/site-packages/airflow/example_dags/tutorial_dag.py for tasks to queue
[2025-02-20T13:59:06.687+0000] {logging_mixin.py:190} INFO - [2025-02-20T13:59:06.687+0000] {dagbag.py:588} INFO - Filling up the DagBag from /home/airflow/.local/lib/python3.12/site-packages/airflow/example_dags/tutorial_dag.py
[2025-02-20T13:59:06.694+0000] {processor.py:925} INFO - DAG(s) 'tutorial_dag' retrieved from /home/airflow/.local/lib/python3.12/site-packages/airflow/example_dags/tutorial_dag.py
[2025-02-20T13:59:06.710+0000] {logging_mixin.py:190} INFO - [2025-02-20T13:59:06.709+0000] {dag.py:3239} INFO - Sync 1 DAGs
[2025-02-20T13:59:06.767+0000] {logging_mixin.py:190} INFO - [2025-02-20T13:59:06.767+0000] {dag.py:4180} INFO - Setting next_dagrun for tutorial_dag to None, run_after=None
[2025-02-20T13:59:06.786+0000] {processor.py:208} INFO - Processing /home/airflow/.local/lib/python3.12/site-packages/airflow/example_dags/tutorial_dag.py took 0.106 seconds
[2025-02-20T13:59:37.126+0000] {processor.py:186} INFO - Started process (PID=7726) to work on /home/airflow/.local/lib/python3.12/site-packages/airflow/example_dags/tutorial_dag.py
[2025-02-20T13:59:37.127+0000] {processor.py:914} INFO - Processing file /home/airflow/.local/lib/python3.12/site-packages/airflow/example_dags/tutorial_dag.py for tasks to queue
[2025-02-20T13:59:37.128+0000] {logging_mixin.py:190} INFO - [2025-02-20T13:59:37.128+0000] {dagbag.py:588} INFO - Filling up the DagBag from /home/airflow/.local/lib/python3.12/site-packages/airflow/example_dags/tutorial_dag.py
[2025-02-20T13:59:37.135+0000] {processor.py:925} INFO - DAG(s) 'tutorial_dag' retrieved from /home/airflow/.local/lib/python3.12/site-packages/airflow/example_dags/tutorial_dag.py
[2025-02-20T13:59:37.151+0000] {logging_mixin.py:190} INFO - [2025-02-20T13:59:37.150+0000] {dag.py:3239} INFO - Sync 1 DAGs
[2025-02-20T13:59:37.162+0000] {logging_mixin.py:190} INFO - [2025-02-20T13:59:37.162+0000] {dag.py:4180} INFO - Setting next_dagrun for tutorial_dag to None, run_after=None
[2025-02-20T13:59:37.178+0000] {processor.py:208} INFO - Processing /home/airflow/.local/lib/python3.12/site-packages/airflow/example_dags/tutorial_dag.py took 0.057 seconds
[2025-02-20T14:00:07.269+0000] {processor.py:186} INFO - Started process (PID=7802) to work on /home/airflow/.local/lib/python3.12/site-packages/airflow/example_dags/tutorial_dag.py
[2025-02-20T14:00:07.270+0000] {processor.py:914} INFO - Processing file /home/airflow/.local/lib/python3.12/site-packages/airflow/example_dags/tutorial_dag.py for tasks to queue
[2025-02-20T14:00:07.271+0000] {logging_mixin.py:190} INFO - [2025-02-20T14:00:07.271+0000] {dagbag.py:588} INFO - Filling up the DagBag from /home/airflow/.local/lib/python3.12/site-packages/airflow/example_dags/tutorial_dag.py
[2025-02-20T14:00:07.277+0000] {processor.py:925} INFO - DAG(s) 'tutorial_dag' retrieved from /home/airflow/.local/lib/python3.12/site-packages/airflow/example_dags/tutorial_dag.py
[2025-02-20T14:00:07.293+0000] {logging_mixin.py:190} INFO - [2025-02-20T14:00:07.293+0000] {dag.py:3239} INFO - Sync 1 DAGs
[2025-02-20T14:00:07.305+0000] {logging_mixin.py:190} INFO - [2025-02-20T14:00:07.305+0000] {dag.py:4180} INFO - Setting next_dagrun for tutorial_dag to None, run_after=None
[2025-02-20T14:00:07.322+0000] {processor.py:208} INFO - Processing /home/airflow/.local/lib/python3.12/site-packages/airflow/example_dags/tutorial_dag.py took 0.058 seconds
[2025-02-20T14:00:37.541+0000] {processor.py:186} INFO - Started process (PID=7878) to work on /home/airflow/.local/lib/python3.12/site-packages/airflow/example_dags/tutorial_dag.py
[2025-02-20T14:00:37.542+0000] {processor.py:914} INFO - Processing file /home/airflow/.local/lib/python3.12/site-packages/airflow/example_dags/tutorial_dag.py for tasks to queue
[2025-02-20T14:00:37.544+0000] {logging_mixin.py:190} INFO - [2025-02-20T14:00:37.544+0000] {dagbag.py:588} INFO - Filling up the DagBag from /home/airflow/.local/lib/python3.12/site-packages/airflow/example_dags/tutorial_dag.py
[2025-02-20T14:00:37.552+0000] {processor.py:925} INFO - DAG(s) 'tutorial_dag' retrieved from /home/airflow/.local/lib/python3.12/site-packages/airflow/example_dags/tutorial_dag.py
[2025-02-20T14:00:37.570+0000] {logging_mixin.py:190} INFO - [2025-02-20T14:00:37.570+0000] {dag.py:3239} INFO - Sync 1 DAGs
[2025-02-20T14:00:37.585+0000] {logging_mixin.py:190} INFO - [2025-02-20T14:00:37.585+0000] {dag.py:4180} INFO - Setting next_dagrun for tutorial_dag to None, run_after=None
[2025-02-20T14:00:37.605+0000] {processor.py:208} INFO - Processing /home/airflow/.local/lib/python3.12/site-packages/airflow/example_dags/tutorial_dag.py took 0.070 seconds
[2025-02-20T14:01:08.297+0000] {processor.py:186} INFO - Started process (PID=7954) to work on /home/airflow/.local/lib/python3.12/site-packages/airflow/example_dags/tutorial_dag.py
[2025-02-20T14:01:08.298+0000] {processor.py:914} INFO - Processing file /home/airflow/.local/lib/python3.12/site-packages/airflow/example_dags/tutorial_dag.py for tasks to queue
[2025-02-20T14:01:08.300+0000] {logging_mixin.py:190} INFO - [2025-02-20T14:01:08.300+0000] {dagbag.py:588} INFO - Filling up the DagBag from /home/airflow/.local/lib/python3.12/site-packages/airflow/example_dags/tutorial_dag.py
[2025-02-20T14:01:08.309+0000] {processor.py:925} INFO - DAG(s) 'tutorial_dag' retrieved from /home/airflow/.local/lib/python3.12/site-packages/airflow/example_dags/tutorial_dag.py
[2025-02-20T14:01:08.329+0000] {logging_mixin.py:190} INFO - [2025-02-20T14:01:08.329+0000] {dag.py:3239} INFO - Sync 1 DAGs
[2025-02-20T14:01:08.342+0000] {logging_mixin.py:190} INFO - [2025-02-20T14:01:08.342+0000] {dag.py:4180} INFO - Setting next_dagrun for tutorial_dag to None, run_after=None
[2025-02-20T14:01:08.362+0000] {processor.py:208} INFO - Processing /home/airflow/.local/lib/python3.12/site-packages/airflow/example_dags/tutorial_dag.py took 0.070 seconds
[2025-02-20T14:01:38.485+0000] {processor.py:186} INFO - Started process (PID=8030) to work on /home/airflow/.local/lib/python3.12/site-packages/airflow/example_dags/tutorial_dag.py
[2025-02-20T14:01:38.487+0000] {processor.py:914} INFO - Processing file /home/airflow/.local/lib/python3.12/site-packages/airflow/example_dags/tutorial_dag.py for tasks to queue
[2025-02-20T14:01:38.488+0000] {logging_mixin.py:190} INFO - [2025-02-20T14:01:38.488+0000] {dagbag.py:588} INFO - Filling up the DagBag from /home/airflow/.local/lib/python3.12/site-packages/airflow/example_dags/tutorial_dag.py
[2025-02-20T14:01:38.495+0000] {processor.py:925} INFO - DAG(s) 'tutorial_dag' retrieved from /home/airflow/.local/lib/python3.12/site-packages/airflow/example_dags/tutorial_dag.py
[2025-02-20T14:01:38.514+0000] {logging_mixin.py:190} INFO - [2025-02-20T14:01:38.514+0000] {dag.py:3239} INFO - Sync 1 DAGs
[2025-02-20T14:01:38.527+0000] {logging_mixin.py:190} INFO - [2025-02-20T14:01:38.526+0000] {dag.py:4180} INFO - Setting next_dagrun for tutorial_dag to None, run_after=None
[2025-02-20T14:01:38.548+0000] {processor.py:208} INFO - Processing /home/airflow/.local/lib/python3.12/site-packages/airflow/example_dags/tutorial_dag.py took 0.068 seconds
[2025-02-20T14:02:08.973+0000] {processor.py:186} INFO - Started process (PID=8106) to work on /home/airflow/.local/lib/python3.12/site-packages/airflow/example_dags/tutorial_dag.py
[2025-02-20T14:02:08.974+0000] {processor.py:914} INFO - Processing file /home/airflow/.local/lib/python3.12/site-packages/airflow/example_dags/tutorial_dag.py for tasks to queue
[2025-02-20T14:02:08.975+0000] {logging_mixin.py:190} INFO - [2025-02-20T14:02:08.975+0000] {dagbag.py:588} INFO - Filling up the DagBag from /home/airflow/.local/lib/python3.12/site-packages/airflow/example_dags/tutorial_dag.py
[2025-02-20T14:02:08.984+0000] {processor.py:925} INFO - DAG(s) 'tutorial_dag' retrieved from /home/airflow/.local/lib/python3.12/site-packages/airflow/example_dags/tutorial_dag.py
[2025-02-20T14:02:09.002+0000] {logging_mixin.py:190} INFO - [2025-02-20T14:02:09.002+0000] {dag.py:3239} INFO - Sync 1 DAGs
[2025-02-20T14:02:09.018+0000] {logging_mixin.py:190} INFO - [2025-02-20T14:02:09.017+0000] {dag.py:4180} INFO - Setting next_dagrun for tutorial_dag to None, run_after=None
[2025-02-20T14:02:09.043+0000] {processor.py:208} INFO - Processing /home/airflow/.local/lib/python3.12/site-packages/airflow/example_dags/tutorial_dag.py took 0.075 seconds
[2025-02-20T14:02:39.244+0000] {processor.py:186} INFO - Started process (PID=8182) to work on /home/airflow/.local/lib/python3.12/site-packages/airflow/example_dags/tutorial_dag.py
[2025-02-20T14:02:39.245+0000] {processor.py:914} INFO - Processing file /home/airflow/.local/lib/python3.12/site-packages/airflow/example_dags/tutorial_dag.py for tasks to queue
[2025-02-20T14:02:39.246+0000] {logging_mixin.py:190} INFO - [2025-02-20T14:02:39.246+0000] {dagbag.py:588} INFO - Filling up the DagBag from /home/airflow/.local/lib/python3.12/site-packages/airflow/example_dags/tutorial_dag.py
[2025-02-20T14:02:39.252+0000] {processor.py:925} INFO - DAG(s) 'tutorial_dag' retrieved from /home/airflow/.local/lib/python3.12/site-packages/airflow/example_dags/tutorial_dag.py
[2025-02-20T14:02:39.269+0000] {logging_mixin.py:190} INFO - [2025-02-20T14:02:39.269+0000] {dag.py:3239} INFO - Sync 1 DAGs
[2025-02-20T14:02:39.281+0000] {logging_mixin.py:190} INFO - [2025-02-20T14:02:39.280+0000] {dag.py:4180} INFO - Setting next_dagrun for tutorial_dag to None, run_after=None
[2025-02-20T14:02:39.299+0000] {processor.py:208} INFO - Processing /home/airflow/.local/lib/python3.12/site-packages/airflow/example_dags/tutorial_dag.py took 0.060 seconds
[2025-02-20T14:03:09.506+0000] {processor.py:186} INFO - Started process (PID=8258) to work on /home/airflow/.local/lib/python3.12/site-packages/airflow/example_dags/tutorial_dag.py
[2025-02-20T14:03:09.511+0000] {processor.py:914} INFO - Processing file /home/airflow/.local/lib/python3.12/site-packages/airflow/example_dags/tutorial_dag.py for tasks to queue
[2025-02-20T14:03:09.513+0000] {logging_mixin.py:190} INFO - [2025-02-20T14:03:09.512+0000] {dagbag.py:588} INFO - Filling up the DagBag from /home/airflow/.local/lib/python3.12/site-packages/airflow/example_dags/tutorial_dag.py
[2025-02-20T14:03:09.523+0000] {processor.py:925} INFO - DAG(s) 'tutorial_dag' retrieved from /home/airflow/.local/lib/python3.12/site-packages/airflow/example_dags/tutorial_dag.py
[2025-02-20T14:03:09.551+0000] {logging_mixin.py:190} INFO - [2025-02-20T14:03:09.551+0000] {dag.py:3239} INFO - Sync 1 DAGs
[2025-02-20T14:03:09.568+0000] {logging_mixin.py:190} INFO - [2025-02-20T14:03:09.568+0000] {dag.py:4180} INFO - Setting next_dagrun for tutorial_dag to None, run_after=None
[2025-02-20T14:03:09.588+0000] {processor.py:208} INFO - Processing /home/airflow/.local/lib/python3.12/site-packages/airflow/example_dags/tutorial_dag.py took 0.088 seconds
[2025-02-20T14:44:20.126+0000] {processor.py:186} INFO - Started process (PID=8355) to work on /home/airflow/.local/lib/python3.12/site-packages/airflow/example_dags/tutorial_dag.py
[2025-02-20T14:44:20.128+0000] {processor.py:914} INFO - Processing file /home/airflow/.local/lib/python3.12/site-packages/airflow/example_dags/tutorial_dag.py for tasks to queue
[2025-02-20T14:44:20.129+0000] {logging_mixin.py:190} INFO - [2025-02-20T14:44:20.129+0000] {dagbag.py:588} INFO - Filling up the DagBag from /home/airflow/.local/lib/python3.12/site-packages/airflow/example_dags/tutorial_dag.py
[2025-02-20T14:44:20.137+0000] {processor.py:925} INFO - DAG(s) 'tutorial_dag' retrieved from /home/airflow/.local/lib/python3.12/site-packages/airflow/example_dags/tutorial_dag.py
[2025-02-20T14:44:20.159+0000] {logging_mixin.py:190} INFO - [2025-02-20T14:44:20.159+0000] {dag.py:3239} INFO - Sync 1 DAGs
[2025-02-20T14:44:20.176+0000] {logging_mixin.py:190} INFO - [2025-02-20T14:44:20.176+0000] {dag.py:4180} INFO - Setting next_dagrun for tutorial_dag to None, run_after=None
[2025-02-20T14:44:20.203+0000] {processor.py:208} INFO - Processing /home/airflow/.local/lib/python3.12/site-packages/airflow/example_dags/tutorial_dag.py took 0.084 seconds
[2025-02-20T14:44:50.904+0000] {processor.py:186} INFO - Started process (PID=8430) to work on /home/airflow/.local/lib/python3.12/site-packages/airflow/example_dags/tutorial_dag.py
[2025-02-20T14:44:50.905+0000] {processor.py:914} INFO - Processing file /home/airflow/.local/lib/python3.12/site-packages/airflow/example_dags/tutorial_dag.py for tasks to queue
[2025-02-20T14:44:50.906+0000] {logging_mixin.py:190} INFO - [2025-02-20T14:44:50.906+0000] {dagbag.py:588} INFO - Filling up the DagBag from /home/airflow/.local/lib/python3.12/site-packages/airflow/example_dags/tutorial_dag.py
[2025-02-20T14:44:50.912+0000] {processor.py:925} INFO - DAG(s) 'tutorial_dag' retrieved from /home/airflow/.local/lib/python3.12/site-packages/airflow/example_dags/tutorial_dag.py
[2025-02-20T14:44:50.928+0000] {logging_mixin.py:190} INFO - [2025-02-20T14:44:50.927+0000] {dag.py:3239} INFO - Sync 1 DAGs
[2025-02-20T14:44:50.977+0000] {logging_mixin.py:190} INFO - [2025-02-20T14:44:50.977+0000] {dag.py:4180} INFO - Setting next_dagrun for tutorial_dag to None, run_after=None
[2025-02-20T14:44:50.994+0000] {processor.py:208} INFO - Processing /home/airflow/.local/lib/python3.12/site-packages/airflow/example_dags/tutorial_dag.py took 0.094 seconds
[2025-02-20T14:45:21.392+0000] {processor.py:186} INFO - Started process (PID=8507) to work on /home/airflow/.local/lib/python3.12/site-packages/airflow/example_dags/tutorial_dag.py
[2025-02-20T14:45:21.393+0000] {processor.py:914} INFO - Processing file /home/airflow/.local/lib/python3.12/site-packages/airflow/example_dags/tutorial_dag.py for tasks to queue
[2025-02-20T14:45:21.394+0000] {logging_mixin.py:190} INFO - [2025-02-20T14:45:21.394+0000] {dagbag.py:588} INFO - Filling up the DagBag from /home/airflow/.local/lib/python3.12/site-packages/airflow/example_dags/tutorial_dag.py
[2025-02-20T14:45:21.401+0000] {processor.py:925} INFO - DAG(s) 'tutorial_dag' retrieved from /home/airflow/.local/lib/python3.12/site-packages/airflow/example_dags/tutorial_dag.py
[2025-02-20T14:45:21.415+0000] {logging_mixin.py:190} INFO - [2025-02-20T14:45:21.415+0000] {dag.py:3239} INFO - Sync 1 DAGs
[2025-02-20T14:45:21.427+0000] {logging_mixin.py:190} INFO - [2025-02-20T14:45:21.427+0000] {dag.py:4180} INFO - Setting next_dagrun for tutorial_dag to None, run_after=None
[2025-02-20T14:45:21.442+0000] {processor.py:208} INFO - Processing /home/airflow/.local/lib/python3.12/site-packages/airflow/example_dags/tutorial_dag.py took 0.055 seconds
[2025-02-20T18:44:25.557+0000] {processor.py:186} INFO - Started process (PID=8584) to work on /home/airflow/.local/lib/python3.12/site-packages/airflow/example_dags/tutorial_dag.py
[2025-02-20T18:44:25.561+0000] {processor.py:914} INFO - Processing file /home/airflow/.local/lib/python3.12/site-packages/airflow/example_dags/tutorial_dag.py for tasks to queue
[2025-02-20T18:44:25.565+0000] {logging_mixin.py:190} INFO - [2025-02-20T18:44:25.564+0000] {dagbag.py:588} INFO - Filling up the DagBag from /home/airflow/.local/lib/python3.12/site-packages/airflow/example_dags/tutorial_dag.py
[2025-02-20T18:44:25.584+0000] {processor.py:925} INFO - DAG(s) 'tutorial_dag' retrieved from /home/airflow/.local/lib/python3.12/site-packages/airflow/example_dags/tutorial_dag.py
[2025-02-20T18:44:25.609+0000] {logging_mixin.py:190} INFO - [2025-02-20T18:44:25.609+0000] {dag.py:3239} INFO - Sync 1 DAGs
[2025-02-20T18:44:25.637+0000] {logging_mixin.py:190} INFO - [2025-02-20T18:44:25.637+0000] {dag.py:4180} INFO - Setting next_dagrun for tutorial_dag to None, run_after=None
[2025-02-20T18:44:25.672+0000] {processor.py:208} INFO - Processing /home/airflow/.local/lib/python3.12/site-packages/airflow/example_dags/tutorial_dag.py took 0.131 seconds
