[2025-02-19T17:16:02.256+0000] {local_task_job_runner.py:123} INFO - ::group::Pre task execution logs
[2025-02-19T17:16:02.269+0000] {taskinstance.py:2614} INFO - Dependencies all met for dep_context=non-requeueable deps ti=<TaskInstance: google_news_scraper.load_config scheduled__2025-02-18T00:00:00+00:00 [queued]>
[2025-02-19T17:16:02.276+0000] {taskinstance.py:2614} INFO - Dependencies all met for dep_context=requeueable deps ti=<TaskInstance: google_news_scraper.load_config scheduled__2025-02-18T00:00:00+00:00 [queued]>
[2025-02-19T17:16:02.277+0000] {taskinstance.py:2867} INFO - Starting attempt 1 of 3
[2025-02-19T17:16:02.290+0000] {taskinstance.py:2890} INFO - Executing <Task(PythonOperator): load_config> on 2025-02-18 00:00:00+00:00
[2025-02-19T17:16:02.297+0000] {warnings.py:112} WARNING - /home/***/.local/lib/python3.12/site-packages/***/task/task_runner/standard_task_runner.py:70: DeprecationWarning: This process (pid=184) is multi-threaded, use of fork() may lead to deadlocks in the child.
  pid = os.fork()

[2025-02-19T17:16:02.299+0000] {standard_task_runner.py:72} INFO - Started process 198 to run task
[2025-02-19T17:16:02.299+0000] {standard_task_runner.py:104} INFO - Running: ['***', 'tasks', 'run', 'google_news_scraper', 'load_config', 'scheduled__2025-02-18T00:00:00+00:00', '--job-id', '38', '--raw', '--subdir', 'DAGS_FOLDER/dag2.py', '--cfg-path', '/tmp/tmpdr8fo0dt']
[2025-02-19T17:16:02.301+0000] {standard_task_runner.py:105} INFO - Job 38: Subtask load_config
[2025-02-19T17:16:02.349+0000] {task_command.py:467} INFO - Running <TaskInstance: google_news_scraper.load_config scheduled__2025-02-18T00:00:00+00:00 [running]> on host 66d0a4630213
[2025-02-19T17:16:02.430+0000] {taskinstance.py:3134} INFO - Exporting env vars: AIRFLOW_CTX_DAG_OWNER='***' AIRFLOW_CTX_DAG_ID='google_news_scraper' AIRFLOW_CTX_TASK_ID='load_config' AIRFLOW_CTX_EXECUTION_DATE='2025-02-18T00:00:00+00:00' AIRFLOW_CTX_TRY_NUMBER='1' AIRFLOW_CTX_DAG_RUN_ID='scheduled__2025-02-18T00:00:00+00:00'
[2025-02-19T17:16:02.432+0000] {logging_mixin.py:190} INFO - Task instance is in running state
[2025-02-19T17:16:02.432+0000] {logging_mixin.py:190} INFO -  Previous state of the Task instance: queued
[2025-02-19T17:16:02.433+0000] {logging_mixin.py:190} INFO - Current task name:load_config state:running start_date:2025-02-19 17:16:02.270425+00:00
[2025-02-19T17:16:02.433+0000] {logging_mixin.py:190} INFO - Dag name:google_news_scraper and current dag run status:running
[2025-02-19T17:16:02.434+0000] {taskinstance.py:732} INFO - ::endgroup::
[2025-02-19T17:16:02.435+0000] {logging_mixin.py:190} INFO - Current Working Directory: /opt/***
[2025-02-19T17:16:02.438+0000] {logging_mixin.py:190} INFO - Config Loaded: {'google_news_url': 'https://news.google.com/', 'output_file': 'news_articles.json'}
[2025-02-19T17:16:02.439+0000] {python.py:240} INFO - Done. Returned value was: {'google_news_url': 'https://news.google.com/', 'output_file': 'news_articles.json'}
[2025-02-19T17:16:02.462+0000] {taskinstance.py:341} INFO - ::group::Post task execution logs
[2025-02-19T17:16:02.463+0000] {taskinstance.py:353} INFO - Marking task as SUCCESS. dag_id=google_news_scraper, task_id=load_config, run_id=scheduled__2025-02-18T00:00:00+00:00, execution_date=20250218T000000, start_date=20250219T171602, end_date=20250219T171602
[2025-02-19T17:16:02.487+0000] {logging_mixin.py:190} INFO - Task instance in success state
[2025-02-19T17:16:02.487+0000] {logging_mixin.py:190} INFO -  Previous state of the Task instance: running
[2025-02-19T17:16:02.488+0000] {logging_mixin.py:190} INFO - Dag name:google_news_scraper queued_at:2025-02-19 17:15:01.800334+00:00
[2025-02-19T17:16:02.488+0000] {logging_mixin.py:190} INFO - Task hostname:66d0a4630213 operator:PythonOperator
[2025-02-19T17:16:02.518+0000] {local_task_job_runner.py:266} INFO - Task exited with return code 0
[2025-02-19T17:16:02.554+0000] {taskinstance.py:3901} INFO - 1 downstream tasks scheduled from follow-on schedule check
[2025-02-19T17:16:02.557+0000] {local_task_job_runner.py:245} INFO - ::endgroup::
