[2025-02-18T10:47:43.054+0000] {local_task_job_runner.py:123} INFO - ::group::Pre task execution logs
[2025-02-18T10:47:43.072+0000] {taskinstance.py:2614} INFO - Dependencies all met for dep_context=non-requeueable deps ti=<TaskInstance: google_news_scraper.load_config scheduled__2025-02-17T00:00:00+00:00 [queued]>
[2025-02-18T10:47:43.081+0000] {taskinstance.py:2614} INFO - Dependencies all met for dep_context=requeueable deps ti=<TaskInstance: google_news_scraper.load_config scheduled__2025-02-17T00:00:00+00:00 [queued]>
[2025-02-18T10:47:43.082+0000] {taskinstance.py:2867} INFO - Starting attempt 1 of 3
[2025-02-18T10:47:43.095+0000] {taskinstance.py:2890} INFO - Executing <Task(PythonOperator): load_config> on 2025-02-17 00:00:00+00:00
[2025-02-18T10:47:43.105+0000] {warnings.py:112} WARNING - /home/***/.local/lib/python3.12/site-packages/***/task/task_runner/standard_task_runner.py:70: DeprecationWarning: This process (pid=94) is multi-threaded, use of fork() may lead to deadlocks in the child.
  pid = os.fork()

[2025-02-18T10:47:43.107+0000] {standard_task_runner.py:72} INFO - Started process 110 to run task
[2025-02-18T10:47:43.108+0000] {standard_task_runner.py:104} INFO - Running: ['***', 'tasks', 'run', 'google_news_scraper', 'load_config', 'scheduled__2025-02-17T00:00:00+00:00', '--job-id', '65', '--raw', '--subdir', 'DAGS_FOLDER/dag2.py', '--cfg-path', '/tmp/tmp37rjvm4b']
[2025-02-18T10:47:43.109+0000] {standard_task_runner.py:105} INFO - Job 65: Subtask load_config
[2025-02-18T10:47:43.159+0000] {task_command.py:467} INFO - Running <TaskInstance: google_news_scraper.load_config scheduled__2025-02-17T00:00:00+00:00 [running]> on host 9546a27fb76d
[2025-02-18T10:47:43.248+0000] {taskinstance.py:3134} INFO - Exporting env vars: AIRFLOW_CTX_DAG_OWNER='***' AIRFLOW_CTX_DAG_ID='google_news_scraper' AIRFLOW_CTX_TASK_ID='load_config' AIRFLOW_CTX_EXECUTION_DATE='2025-02-17T00:00:00+00:00' AIRFLOW_CTX_TRY_NUMBER='1' AIRFLOW_CTX_DAG_RUN_ID='scheduled__2025-02-17T00:00:00+00:00'
[2025-02-18T10:47:43.250+0000] {logging_mixin.py:190} INFO - Task instance is in running state
[2025-02-18T10:47:43.251+0000] {logging_mixin.py:190} INFO -  Previous state of the Task instance: queued
[2025-02-18T10:47:43.252+0000] {logging_mixin.py:190} INFO - Current task name:load_config state:running start_date:2025-02-18 10:47:43.073461+00:00
[2025-02-18T10:47:43.252+0000] {logging_mixin.py:190} INFO - Dag name:google_news_scraper and current dag run status:running
[2025-02-18T10:47:43.253+0000] {taskinstance.py:732} INFO - ::endgroup::
[2025-02-18T10:47:43.254+0000] {logging_mixin.py:190} INFO - Current Working Directory: /opt/***
[2025-02-18T10:47:43.260+0000] {logging_mixin.py:190} INFO - Config Loaded: {'google_news_url': 'https://news.google.com/', 'output_file': 'news_articles.json'}
[2025-02-18T10:47:43.261+0000] {python.py:240} INFO - Done. Returned value was: {'google_news_url': 'https://news.google.com/', 'output_file': 'news_articles.json'}
[2025-02-18T10:47:43.284+0000] {taskinstance.py:341} INFO - ::group::Post task execution logs
[2025-02-18T10:47:43.285+0000] {taskinstance.py:353} INFO - Marking task as SUCCESS. dag_id=google_news_scraper, task_id=load_config, run_id=scheduled__2025-02-17T00:00:00+00:00, execution_date=20250217T000000, start_date=20250218T104743, end_date=20250218T104743
[2025-02-18T10:47:43.310+0000] {logging_mixin.py:190} INFO - Task instance in success state
[2025-02-18T10:47:43.311+0000] {logging_mixin.py:190} INFO -  Previous state of the Task instance: running
[2025-02-18T10:47:43.311+0000] {logging_mixin.py:190} INFO - Dag name:google_news_scraper queued_at:2025-02-18 10:47:32.055069+00:00
[2025-02-18T10:47:43.312+0000] {logging_mixin.py:190} INFO - Task hostname:9546a27fb76d operator:PythonOperator
[2025-02-18T10:47:43.325+0000] {local_task_job_runner.py:266} INFO - Task exited with return code 0
[2025-02-18T10:47:43.353+0000] {taskinstance.py:3901} INFO - 1 downstream tasks scheduled from follow-on schedule check
[2025-02-18T10:47:43.355+0000] {local_task_job_runner.py:245} INFO - ::endgroup::
[2025-02-18T14:58:25.265+0000] {local_task_job_runner.py:123} INFO - ::group::Pre task execution logs
[2025-02-18T14:58:25.282+0000] {taskinstance.py:2614} INFO - Dependencies all met for dep_context=non-requeueable deps ti=<TaskInstance: google_news_scraper.load_config scheduled__2025-02-17T00:00:00+00:00 [queued]>
[2025-02-18T14:58:25.291+0000] {taskinstance.py:2614} INFO - Dependencies all met for dep_context=requeueable deps ti=<TaskInstance: google_news_scraper.load_config scheduled__2025-02-17T00:00:00+00:00 [queued]>
[2025-02-18T14:58:25.292+0000] {taskinstance.py:2867} INFO - Starting attempt 1 of 3
[2025-02-18T14:58:25.309+0000] {taskinstance.py:2890} INFO - Executing <Task(PythonOperator): load_config> on 2025-02-17 00:00:00+00:00
[2025-02-18T14:58:25.319+0000] {warnings.py:112} WARNING - /home/***/.local/lib/python3.12/site-packages/***/task/task_runner/standard_task_runner.py:70: DeprecationWarning: This process (pid=130) is multi-threaded, use of fork() may lead to deadlocks in the child.
  pid = os.fork()

[2025-02-18T14:58:25.321+0000] {standard_task_runner.py:72} INFO - Started process 157 to run task
[2025-02-18T14:58:25.322+0000] {standard_task_runner.py:104} INFO - Running: ['***', 'tasks', 'run', 'google_news_scraper', 'load_config', 'scheduled__2025-02-17T00:00:00+00:00', '--job-id', '17', '--raw', '--subdir', 'DAGS_FOLDER/dag2.py', '--cfg-path', '/tmp/tmp5s0k_nhp']
[2025-02-18T14:58:25.323+0000] {standard_task_runner.py:105} INFO - Job 17: Subtask load_config
[2025-02-18T14:58:25.376+0000] {task_command.py:467} INFO - Running <TaskInstance: google_news_scraper.load_config scheduled__2025-02-17T00:00:00+00:00 [running]> on host 695150105d31
[2025-02-18T14:58:25.453+0000] {taskinstance.py:3134} INFO - Exporting env vars: AIRFLOW_CTX_DAG_OWNER='***' AIRFLOW_CTX_DAG_ID='google_news_scraper' AIRFLOW_CTX_TASK_ID='load_config' AIRFLOW_CTX_EXECUTION_DATE='2025-02-17T00:00:00+00:00' AIRFLOW_CTX_TRY_NUMBER='1' AIRFLOW_CTX_DAG_RUN_ID='scheduled__2025-02-17T00:00:00+00:00'
[2025-02-18T14:58:25.456+0000] {logging_mixin.py:190} INFO - Task instance is in running state
[2025-02-18T14:58:25.456+0000] {logging_mixin.py:190} INFO -  Previous state of the Task instance: queued
[2025-02-18T14:58:25.456+0000] {logging_mixin.py:190} INFO - Current task name:load_config state:running start_date:2025-02-18 14:58:25.283503+00:00
[2025-02-18T14:58:25.457+0000] {logging_mixin.py:190} INFO - Dag name:google_news_scraper and current dag run status:running
[2025-02-18T14:58:25.457+0000] {taskinstance.py:732} INFO - ::endgroup::
[2025-02-18T14:58:25.458+0000] {logging_mixin.py:190} INFO - Current Working Directory: /opt/***
[2025-02-18T14:58:25.460+0000] {logging_mixin.py:190} INFO - Config Loaded: {'google_news_url': 'https://news.google.com/', 'output_file': 'news_articles.json'}
[2025-02-18T14:58:25.460+0000] {python.py:240} INFO - Done. Returned value was: {'google_news_url': 'https://news.google.com/', 'output_file': 'news_articles.json'}
[2025-02-18T14:58:25.480+0000] {taskinstance.py:341} INFO - ::group::Post task execution logs
[2025-02-18T14:58:25.481+0000] {taskinstance.py:353} INFO - Marking task as SUCCESS. dag_id=google_news_scraper, task_id=load_config, run_id=scheduled__2025-02-17T00:00:00+00:00, execution_date=20250217T000000, start_date=20250218T145825, end_date=20250218T145825
[2025-02-18T14:58:25.504+0000] {logging_mixin.py:190} INFO - Task instance in success state
[2025-02-18T14:58:25.505+0000] {logging_mixin.py:190} INFO -  Previous state of the Task instance: running
[2025-02-18T14:58:25.505+0000] {logging_mixin.py:190} INFO - Dag name:google_news_scraper queued_at:2025-02-18 14:58:19.040444+00:00
[2025-02-18T14:58:25.506+0000] {logging_mixin.py:190} INFO - Task hostname:695150105d31 operator:PythonOperator
[2025-02-18T14:58:25.542+0000] {local_task_job_runner.py:266} INFO - Task exited with return code 0
[2025-02-18T14:58:25.577+0000] {taskinstance.py:3901} INFO - 1 downstream tasks scheduled from follow-on schedule check
[2025-02-18T14:58:25.581+0000] {local_task_job_runner.py:245} INFO - ::endgroup::
